000 (13690106.000.000) 03/10 16:09:01 Job submitted from host: <137.138.120.116:9618?addrs=137.138.120.116-9618+[2001-1458-d00-16--17b]-9618&alias=bigbird12.cern.ch&noUDP&sock=schedd_5055_e355>
...
040 (13690106.000.000) 03/10 16:45:47 Started transferring input files
	Transferring to host: <128.142.33.13:9618?addrs=128.142.33.13-9618+[2001-1458-301-53--100-3d]-9618&alias=b9g34p8066.cern.ch&noUDP&sock=slot1_21_4713_7c19_16613>
...
040 (13690106.000.000) 03/10 16:45:47 Finished transferring input files
...
001 (13690106.000.000) 03/10 16:45:48 Job executing on host: <128.142.33.13:9618?addrs=128.142.33.13-9618+[2001-1458-301-53--100-3d]-9618&alias=b9g34p8066.cern.ch&noUDP&sock=startd_3940_173c>
	SlotName: slot1_21@b9g34p8066.cern.ch
	CondorScratchDir = "/pool/condor/dir_3861806"
	Cpus = 1
	Disk = 3777
	GPUs = 0
	Memory = 3000
...
006 (13690106.000.000) 03/10 16:46:02 Image size of job updated: 87580
	86  -  MemoryUsage of job (MB)
	87580  -  ResidentSetSize of job (KB)
...
006 (13690106.000.000) 03/10 16:51:03 Image size of job updated: 801000
	783  -  MemoryUsage of job (MB)
	801000  -  ResidentSetSize of job (KB)
...
006 (13690106.000.000) 03/10 16:53:22 Image size of job updated: 1133216
	783  -  MemoryUsage of job (MB)
	801000  -  ResidentSetSize of job (KB)
...
040 (13690106.000.000) 03/10 16:53:22 Started transferring output files
...
040 (13690106.000.000) 03/10 16:53:22 Finished transferring output files
...
005 (13690106.000.000) 03/10 16:53:22 Job terminated.
	(1) Normal termination (return value 0)
		Usr 0 00:06:31, Sys 0 00:00:10  -  Run Remote Usage
		Usr 0 00:00:00, Sys 0 00:00:00  -  Run Local Usage
		Usr 0 00:06:31, Sys 0 00:00:10  -  Total Remote Usage
		Usr 0 00:00:00, Sys 0 00:00:00  -  Total Local Usage
	2820  -  Run Bytes Sent By Job
	11050  -  Run Bytes Received By Job
	2820  -  Total Bytes Sent By Job
	11050  -  Total Bytes Received By Job
	Partitionable Resources :    Usage  Request Allocated 
	   Cpus                 :     0.93        1         1 
	   Disk (KB)            : 79707          12      3777 
	   GPUs                 :                           0 
	   Memory (MB)          :   783        3000      3000 

	Job terminated of its own accord at 2025-03-10T15:53:22Z with exit-code 0.
...
