000 (13690085.000.000) 03/10 16:08:50 Job submitted from host: <137.138.120.116:9618?addrs=137.138.120.116-9618+[2001-1458-d00-16--17b]-9618&alias=bigbird12.cern.ch&noUDP&sock=schedd_5055_e355>
...
040 (13690085.000.000) 03/10 16:45:40 Started transferring input files
	Transferring to host: <188.185.196.119:9618?addrs=188.185.196.119-9618+[2001-1458-303-23--100-73]-9618&alias=b9p16p9531.cern.ch&noUDP&sock=slot1_18_419712_d2a5_26212>
...
040 (13690085.000.000) 03/10 16:45:40 Finished transferring input files
...
001 (13690085.000.000) 03/10 16:45:41 Job executing on host: <188.185.196.119:9618?addrs=188.185.196.119-9618+[2001-1458-303-23--100-73]-9618&alias=b9p16p9531.cern.ch&noUDP&sock=startd_4441_bc2e>
	SlotName: slot1_18@b9p16p9531.cern.ch
	CondorScratchDir = "/pool/condor/dir_3203620"
	Cpus = 1
	Disk = 3935
	GPUs = 0
	Memory = 3000
...
006 (13690085.000.000) 03/10 16:45:50 Image size of job updated: 121856
	119  -  MemoryUsage of job (MB)
	121856  -  ResidentSetSize of job (KB)
...
006 (13690085.000.000) 03/10 16:50:51 Image size of job updated: 746432
	729  -  MemoryUsage of job (MB)
	746432  -  ResidentSetSize of job (KB)
...
040 (13690085.000.000) 03/10 16:52:56 Started transferring output files
...
040 (13690085.000.000) 03/10 16:52:56 Finished transferring output files
...
005 (13690085.000.000) 03/10 16:52:56 Job terminated.
	(1) Normal termination (return value 0)
		Usr 0 00:03:00, Sys 0 00:00:06  -  Run Remote Usage
		Usr 0 00:00:00, Sys 0 00:00:00  -  Run Local Usage
		Usr 0 00:03:00, Sys 0 00:00:06  -  Total Remote Usage
		Usr 0 00:00:00, Sys 0 00:00:00  -  Total Local Usage
	3127  -  Run Bytes Sent By Job
	11044  -  Run Bytes Received By Job
	3127  -  Total Bytes Sent By Job
	11044  -  Total Bytes Received By Job
	Partitionable Resources :    Usage  Request Allocated 
	   Cpus                 :     0.01        1         1 
	   Disk (KB)            : 40557          12      3935 
	   GPUs                 :                           0 
	   Memory (MB)          :   729        3000      3000 

	Job terminated of its own accord at 2025-03-10T15:52:56Z with exit-code 0.
...
