000 (13690114.000.000) 03/10 16:09:05 Job submitted from host: <137.138.120.116:9618?addrs=137.138.120.116-9618+[2001-1458-d00-16--17b]-9618&alias=bigbird12.cern.ch&noUDP&sock=schedd_5055_e355>
...
040 (13690114.000.000) 03/10 16:46:24 Started transferring input files
	Transferring to host: <188.185.213.11:9618?addrs=188.185.213.11-9618+[2001-1458-303-1a--100-7]-9618&alias=b9p27p9682.cern.ch&noUDP&sock=slot1_7_3442_f345_93280>
...
040 (13690114.000.000) 03/10 16:46:24 Finished transferring input files
...
001 (13690114.000.000) 03/10 16:46:25 Job executing on host: <188.185.213.11:9618?addrs=188.185.213.11-9618+[2001-1458-303-1a--100-7]-9618&alias=b9p27p9682.cern.ch&noUDP&sock=startd_3052_ff22>
	SlotName: slot1_7@b9p27p9682.cern.ch
	CondorScratchDir = "/pool/condor/dir_2393499"
	Cpus = 1
	Disk = 3903
	GPUs = 0
	Memory = 3000
...
006 (13690114.000.000) 03/10 16:46:34 Image size of job updated: 35552
	35  -  MemoryUsage of job (MB)
	35552  -  ResidentSetSize of job (KB)
...
006 (13690114.000.000) 03/10 16:51:35 Image size of job updated: 936040
	915  -  MemoryUsage of job (MB)
	936040  -  ResidentSetSize of job (KB)
...
006 (13690114.000.000) 03/10 16:56:35 Image size of job updated: 1021656
	998  -  MemoryUsage of job (MB)
	1021656  -  ResidentSetSize of job (KB)
...
006 (13690114.000.000) 03/10 17:01:36 Image size of job updated: 1108292
	1083  -  MemoryUsage of job (MB)
	1108292  -  ResidentSetSize of job (KB)
...
040 (13690114.000.000) 03/10 17:04:44 Started transferring output files
...
040 (13690114.000.000) 03/10 17:04:44 Finished transferring output files
...
005 (13690114.000.000) 03/10 17:04:44 Job terminated.
	(1) Normal termination (return value 0)
		Usr 0 00:07:34, Sys 0 00:00:11  -  Run Remote Usage
		Usr 0 00:00:00, Sys 0 00:00:00  -  Run Local Usage
		Usr 0 00:07:34, Sys 0 00:00:11  -  Total Remote Usage
		Usr 0 00:00:00, Sys 0 00:00:00  -  Total Local Usage
	2819  -  Run Bytes Sent By Job
	11050  -  Run Bytes Received By Job
	2819  -  Total Bytes Sent By Job
	11050  -  Total Bytes Received By Job
	Partitionable Resources :    Usage  Request Allocated 
	   Cpus                 :     0.96        1         1 
	   Disk (KB)            : 98255          12      3903 
	   GPUs                 :                           0 
	   Memory (MB)          :  1083        3000      3000 

	Job terminated of its own accord at 2025-03-10T16:04:44Z with exit-code 0.
...
