000 (13690102.000.000) 03/10 16:08:59 Job submitted from host: <137.138.120.116:9618?addrs=137.138.120.116-9618+[2001-1458-d00-16--17b]-9618&alias=bigbird12.cern.ch&noUDP&sock=schedd_5055_e355>
...
040 (13690102.000.000) 03/10 16:45:46 Started transferring input files
	Transferring to host: <188.185.194.177:9618?addrs=188.185.194.177-9618+[2001-1458-303-21--100-ad]-9618&alias=b9p20p3917.cern.ch&noUDP&sock=slot1_22_6662_bb48_32384>
...
040 (13690102.000.000) 03/10 16:45:46 Finished transferring input files
...
001 (13690102.000.000) 03/10 16:45:47 Job executing on host: <188.185.194.177:9618?addrs=188.185.194.177-9618+[2001-1458-303-21--100-ad]-9618&alias=b9p20p3917.cern.ch&noUDP&sock=startd_5363_2680>
	SlotName: slot1_22@b9p20p3917.cern.ch
	CondorScratchDir = "/pool/condor/dir_2380096"
	Cpus = 1
	Disk = 3918
	GPUs = 0
	Memory = 3000
...
006 (13690102.000.000) 03/10 16:46:00 Image size of job updated: 964
	1  -  MemoryUsage of job (MB)
	964  -  ResidentSetSize of job (KB)
...
006 (13690102.000.000) 03/10 16:51:01 Image size of job updated: 730168
	714  -  MemoryUsage of job (MB)
	730168  -  ResidentSetSize of job (KB)
...
006 (13690102.000.000) 03/10 16:56:02 Image size of job updated: 792496
	774  -  MemoryUsage of job (MB)
	792496  -  ResidentSetSize of job (KB)
...
006 (13690102.000.000) 03/10 17:01:02 Image size of job updated: 875176
	855  -  MemoryUsage of job (MB)
	875176  -  ResidentSetSize of job (KB)
...
006 (13690102.000.000) 03/10 17:06:02 Image size of job updated: 943952
	922  -  MemoryUsage of job (MB)
	943952  -  ResidentSetSize of job (KB)
...
006 (13690102.000.000) 03/10 17:11:03 Image size of job updated: 1000116
	977  -  MemoryUsage of job (MB)
	1000116  -  ResidentSetSize of job (KB)
...
006 (13690102.000.000) 03/10 17:16:03 Image size of job updated: 1056228
	1032  -  MemoryUsage of job (MB)
	1056228  -  ResidentSetSize of job (KB)
...
006 (13690102.000.000) 03/10 17:21:03 Image size of job updated: 1109376
	1084  -  MemoryUsage of job (MB)
	1109376  -  ResidentSetSize of job (KB)
...
006 (13690102.000.000) 03/10 17:26:04 Image size of job updated: 1162824
	1136  -  MemoryUsage of job (MB)
	1162824  -  ResidentSetSize of job (KB)
...
006 (13690102.000.000) 03/10 17:31:04 Image size of job updated: 1218380
	1190  -  MemoryUsage of job (MB)
	1218380  -  ResidentSetSize of job (KB)
...
006 (13690102.000.000) 03/10 17:36:04 Image size of job updated: 1271852
	1243  -  MemoryUsage of job (MB)
	1271852  -  ResidentSetSize of job (KB)
...
006 (13690102.000.000) 03/10 17:41:05 Image size of job updated: 1332112
	1301  -  MemoryUsage of job (MB)
	1332112  -  ResidentSetSize of job (KB)
...
006 (13690102.000.000) 03/10 17:45:14 Image size of job updated: 1675192
	1301  -  MemoryUsage of job (MB)
	1332112  -  ResidentSetSize of job (KB)
...
040 (13690102.000.000) 03/10 17:45:15 Started transferring output files
...
040 (13690102.000.000) 03/10 17:45:15 Finished transferring output files
...
005 (13690102.000.000) 03/10 17:45:16 Job terminated.
	(1) Normal termination (return value 0)
		Usr 0 00:35:48, Sys 0 00:00:32  -  Run Remote Usage
		Usr 0 00:00:00, Sys 0 00:00:00  -  Run Local Usage
		Usr 0 00:35:48, Sys 0 00:00:32  -  Total Remote Usage
		Usr 0 00:00:00, Sys 0 00:00:00  -  Total Local Usage
	3623  -  Run Bytes Sent By Job
	11050  -  Run Bytes Received By Job
	3623  -  Total Bytes Sent By Job
	11050  -  Total Bytes Received By Job
	Partitionable Resources :     Usage  Request Allocated 
	   Cpus                 :      0.01        1         1 
	   Disk (KB)            : 410622          12      3918 
	   GPUs                 :                            0 
	   Memory (MB)          :   1301        3000      3000 

	Job terminated of its own accord at 2025-03-10T16:45:14Z with exit-code 0.
...
