000 (13690115.000.000) 03/10 16:09:06 Job submitted from host: <137.138.120.116:9618?addrs=137.138.120.116-9618+[2001-1458-d00-16--17b]-9618&alias=bigbird12.cern.ch&noUDP&sock=schedd_5055_e355>
...
040 (13690115.000.000) 03/10 16:46:25 Started transferring input files
	Transferring to host: <188.185.210.99:9618?addrs=188.185.210.99-9618+[2001-1458-303-1--100-5f]-9618&alias=b9p21p4631.cern.ch&noUDP&sock=slot1_10_5155_e9eb_103598>
...
040 (13690115.000.000) 03/10 16:46:25 Finished transferring input files
...
001 (13690115.000.000) 03/10 16:46:26 Job executing on host: <188.185.210.99:9618?addrs=188.185.210.99-9618+[2001-1458-303-1--100-5f]-9618&alias=b9p21p4631.cern.ch&noUDP&sock=startd_4228_a282>
	SlotName: slot1_10@b9p21p4631.cern.ch
	CondorScratchDir = "/pool/condor/dir_407018"
	Cpus = 1
	Disk = 3801
	GPUs = 0
	Memory = 3000
...
006 (13690115.000.000) 03/10 16:46:35 Image size of job updated: 15324
	15  -  MemoryUsage of job (MB)
	15324  -  ResidentSetSize of job (KB)
...
006 (13690115.000.000) 03/10 16:51:36 Image size of job updated: 1039704
	1016  -  MemoryUsage of job (MB)
	1039704  -  ResidentSetSize of job (KB)
...
040 (13690115.000.000) 03/10 16:56:26 Started transferring output files
...
040 (13690115.000.000) 03/10 16:56:26 Finished transferring output files
...
005 (13690115.000.000) 03/10 16:56:26 Job terminated.
	(1) Normal termination (return value 0)
		Usr 0 00:03:21, Sys 0 00:00:12  -  Run Remote Usage
		Usr 0 00:00:00, Sys 0 00:00:00  -  Run Local Usage
		Usr 0 00:03:21, Sys 0 00:00:12  -  Total Remote Usage
		Usr 0 00:00:00, Sys 0 00:00:00  -  Total Local Usage
	2819  -  Run Bytes Sent By Job
	11050  -  Run Bytes Received By Job
	2819  -  Total Bytes Sent By Job
	11050  -  Total Bytes Received By Job
	Partitionable Resources :    Usage  Request Allocated 
	   Cpus                 :     0.60        1         1 
	   Disk (KB)            : 54946          12      3801 
	   GPUs                 :                           0 
	   Memory (MB)          :  1016        3000      3000 

	Job terminated of its own accord at 2025-03-10T15:56:26Z with exit-code 0.
...
