000 (13690091.000.000) 03/10 16:08:53 Job submitted from host: <137.138.120.116:9618?addrs=137.138.120.116-9618+[2001-1458-d00-16--17b]-9618&alias=bigbird12.cern.ch&noUDP&sock=schedd_5055_e355>
...
040 (13690091.000.000) 03/10 16:45:43 Started transferring input files
	Transferring to host: <188.185.211.62:9618?addrs=188.185.211.62-9618+[2001-1458-303-16--100-3a]-9618&alias=b9p23p1404.cern.ch&noUDP&sock=slot1_24_3134_efb9_101821>
...
040 (13690091.000.000) 03/10 16:45:43 Finished transferring input files
...
001 (13690091.000.000) 03/10 16:45:44 Job executing on host: <188.185.211.62:9618?addrs=188.185.211.62-9618+[2001-1458-303-16--100-3a]-9618&alias=b9p23p1404.cern.ch&noUDP&sock=startd_3082_92f9>
	SlotName: slot1_24@b9p23p1404.cern.ch
	CondorScratchDir = "/pool/condor/dir_1480984"
	Cpus = 1
	Disk = 3835
	GPUs = 0
	Memory = 3000
...
006 (13690091.000.000) 03/10 16:45:52 Image size of job updated: 1500
	2  -  MemoryUsage of job (MB)
	1500  -  ResidentSetSize of job (KB)
...
006 (13690091.000.000) 03/10 16:50:52 Image size of job updated: 919028
	898  -  MemoryUsage of job (MB)
	919028  -  ResidentSetSize of job (KB)
...
006 (13690091.000.000) 03/10 16:55:53 Image size of job updated: 1008612
	985  -  MemoryUsage of job (MB)
	1008612  -  ResidentSetSize of job (KB)
...
006 (13690091.000.000) 03/10 17:00:54 Image size of job updated: 1089040
	1064  -  MemoryUsage of job (MB)
	1089040  -  ResidentSetSize of job (KB)
...
006 (13690091.000.000) 03/10 17:05:54 Image size of job updated: 1166476
	1140  -  MemoryUsage of job (MB)
	1166476  -  ResidentSetSize of job (KB)
...
006 (13690091.000.000) 03/10 17:10:55 Image size of job updated: 1242832
	1214  -  MemoryUsage of job (MB)
	1242832  -  ResidentSetSize of job (KB)
...
006 (13690091.000.000) 03/10 17:15:56 Image size of job updated: 1313920
	1284  -  MemoryUsage of job (MB)
	1313920  -  ResidentSetSize of job (KB)
...
006 (13690091.000.000) 03/10 17:20:56 Image size of job updated: 1386688
	1355  -  MemoryUsage of job (MB)
	1386688  -  ResidentSetSize of job (KB)
...
006 (13690091.000.000) 03/10 17:25:56 Image size of job updated: 1456312
	1423  -  MemoryUsage of job (MB)
	1456312  -  ResidentSetSize of job (KB)
...
006 (13690091.000.000) 03/10 17:30:57 Image size of job updated: 1643324
	1605  -  MemoryUsage of job (MB)
	1643324  -  ResidentSetSize of job (KB)
...
040 (13690091.000.000) 03/10 17:32:25 Started transferring output files
...
040 (13690091.000.000) 03/10 17:32:25 Finished transferring output files
...
005 (13690091.000.000) 03/10 17:32:25 Job terminated.
	(1) Normal termination (return value 0)
		Usr 0 00:24:26, Sys 0 00:00:22  -  Run Remote Usage
		Usr 0 00:00:00, Sys 0 00:00:00  -  Run Local Usage
		Usr 0 00:24:26, Sys 0 00:00:22  -  Total Remote Usage
		Usr 0 00:00:00, Sys 0 00:00:00  -  Total Local Usage
	3304  -  Run Bytes Sent By Job
	11044  -  Run Bytes Received By Job
	3304  -  Total Bytes Sent By Job
	11044  -  Total Bytes Received By Job
	Partitionable Resources :     Usage  Request Allocated 
	   Cpus                 :      0.94        1         1 
	   Disk (KB)            : 394467          12      3835 
	   GPUs                 :                            0 
	   Memory (MB)          :   1605        3000      3000 

	Job terminated of its own accord at 2025-03-10T16:32:25Z with exit-code 0.
...
