000 (13690116.000.000) 03/10 16:09:06 Job submitted from host: <137.138.120.116:9618?addrs=137.138.120.116-9618+[2001-1458-d00-16--17b]-9618&alias=bigbird12.cern.ch&noUDP&sock=schedd_5055_e355>
...
040 (13690116.000.000) 03/10 16:46:25 Started transferring input files
	Transferring to host: <188.185.213.235:9618?addrs=188.185.213.235-9618+[2001-1458-303-1b--100-67]-9618&alias=b9p28p1439.cern.ch&noUDP&sock=slot1_12_735953_3740_9634>
...
040 (13690116.000.000) 03/10 16:46:25 Finished transferring input files
...
001 (13690116.000.000) 03/10 16:46:26 Job executing on host: <188.185.213.235:9618?addrs=188.185.213.235-9618+[2001-1458-303-1b--100-67]-9618&alias=b9p28p1439.cern.ch&noUDP&sock=startd_2901_6c55>
	SlotName: slot1_12@b9p28p1439.cern.ch
	CondorScratchDir = "/pool/condor/dir_1524437"
	Cpus = 1
	Disk = 3778
	GPUs = 0
	Memory = 3000
...
006 (13690116.000.000) 03/10 16:46:35 Image size of job updated: 5508
	6  -  MemoryUsage of job (MB)
	5508  -  ResidentSetSize of job (KB)
...
006 (13690116.000.000) 03/10 16:51:36 Image size of job updated: 1025708
	1002  -  MemoryUsage of job (MB)
	1025708  -  ResidentSetSize of job (KB)
...
006 (13690116.000.000) 03/10 16:56:37 Image size of job updated: 1109952
	1084  -  MemoryUsage of job (MB)
	1109952  -  ResidentSetSize of job (KB)
...
006 (13690116.000.000) 03/10 17:01:37 Image size of job updated: 1253792
	1225  -  MemoryUsage of job (MB)
	1253792  -  ResidentSetSize of job (KB)
...
040 (13690116.000.000) 03/10 17:01:51 Started transferring output files
...
040 (13690116.000.000) 03/10 17:01:51 Finished transferring output files
...
005 (13690116.000.000) 03/10 17:01:51 Job terminated.
	(1) Normal termination (return value 0)
		Usr 0 00:06:15, Sys 0 00:00:15  -  Run Remote Usage
		Usr 0 00:00:00, Sys 0 00:00:00  -  Run Local Usage
		Usr 0 00:06:15, Sys 0 00:00:15  -  Total Remote Usage
		Usr 0 00:00:00, Sys 0 00:00:00  -  Total Local Usage
	2819  -  Run Bytes Sent By Job
	11050  -  Run Bytes Received By Job
	2819  -  Total Bytes Sent By Job
	11050  -  Total Bytes Received By Job
	Partitionable Resources :    Usage  Request Allocated 
	   Cpus                 :     0.03        1         1 
	   Disk (KB)            : 93498          12      3778 
	   GPUs                 :                           0 
	   Memory (MB)          :  1225        3000      3000 

	Job terminated of its own accord at 2025-03-10T16:01:51Z with exit-code 0.
...
