000 (13690096.000.000) 03/10 16:08:56 Job submitted from host: <137.138.120.116:9618?addrs=137.138.120.116-9618+[2001-1458-d00-16--17b]-9618&alias=bigbird12.cern.ch&noUDP&sock=schedd_5055_e355>
...
040 (13690096.000.000) 03/10 16:45:43 Started transferring input files
	Transferring to host: <128.142.137.46:9618?addrs=128.142.137.46-9618+[2001-1458-301-5e--100-22]-9618&alias=b9g19p9302.cern.ch&noUDP&sock=slot1_41_3420610_f013_84139>
...
040 (13690096.000.000) 03/10 16:45:43 Finished transferring input files
...
001 (13690096.000.000) 03/10 16:45:44 Job executing on host: <128.142.137.46:9618?addrs=128.142.137.46-9618+[2001-1458-301-5e--100-22]-9618&alias=b9g19p9302.cern.ch&noUDP&sock=startd_2468_6bd3>
	SlotName: slot1_41@b9g19p9302.cern.ch
	CondorScratchDir = "/pool/condor/dir_3379820"
	Cpus = 1
	Disk = 2643
	GPUs = 0
	Memory = 3000
...
006 (13690096.000.000) 03/10 16:45:53 Image size of job updated: 1756
	2  -  MemoryUsage of job (MB)
	1756  -  ResidentSetSize of job (KB)
...
006 (13690096.000.000) 03/10 16:50:19 Image size of job updated: 110868
	109  -  MemoryUsage of job (MB)
	110868  -  ResidentSetSize of job (KB)
...
040 (13690096.000.000) 03/10 16:50:21 Started transferring output files
...
040 (13690096.000.000) 03/10 16:50:22 Finished transferring output files
...
005 (13690096.000.000) 03/10 16:50:25 Job terminated.
	(1) Normal termination (return value 0)
		Usr 0 00:02:56, Sys 0 00:00:09  -  Run Remote Usage
		Usr 0 00:00:00, Sys 0 00:00:00  -  Run Local Usage
		Usr 0 00:02:56, Sys 0 00:00:09  -  Total Remote Usage
		Usr 0 00:00:00, Sys 0 00:00:00  -  Total Local Usage
	2819  -  Run Bytes Sent By Job
	11050  -  Run Bytes Received By Job
	2819  -  Total Bytes Sent By Job
	11050  -  Total Bytes Received By Job
	Partitionable Resources :    Usage  Request Allocated 
	   Cpus                 :        0        1         1 
	   Disk (KB)            :    28036       12      2643 
	   GPUs                 :                           0 
	   Memory (MB)          :      109     3000      3000 

	Job terminated of its own accord at 2025-03-10T15:50:19Z with exit-code 0.
...
