000 (13690111.000.000) 03/10 16:09:04 Job submitted from host: <137.138.120.116:9618?addrs=137.138.120.116-9618+[2001-1458-d00-16--17b]-9618&alias=bigbird12.cern.ch&noUDP&sock=schedd_5055_e355>
...
040 (13690111.000.000) 03/10 16:46:23 Started transferring input files
	Transferring to host: <188.185.213.189:9618?addrs=188.185.213.189-9618+[2001-1458-303-1b--100-39]-9618&alias=b9p28p3991.cern.ch&noUDP&sock=slot1_2_538267_8b9a_29473>
...
040 (13690111.000.000) 03/10 16:46:23 Finished transferring input files
...
001 (13690111.000.000) 03/10 16:46:25 Job executing on host: <188.185.213.189:9618?addrs=188.185.213.189-9618+[2001-1458-303-1b--100-39]-9618&alias=b9p28p3991.cern.ch&noUDP&sock=startd_3119_f3fb>
	SlotName: slot1_2@b9p28p3991.cern.ch
	CondorScratchDir = "/pool/condor/dir_3234031"
	Cpus = 1
	Disk = 3718
	GPUs = 0
	Memory = 3000
...
006 (13690111.000.000) 03/10 16:46:33 Image size of job updated: 20464
	20  -  MemoryUsage of job (MB)
	20464  -  ResidentSetSize of job (KB)
...
006 (13690111.000.000) 03/10 16:51:33 Image size of job updated: 2364952
	2310  -  MemoryUsage of job (MB)
	2364952  -  ResidentSetSize of job (KB)
...
040 (13690111.000.000) 03/10 16:52:45 Started transferring output files
...
040 (13690111.000.000) 03/10 16:52:45 Finished transferring output files
...
005 (13690111.000.000) 03/10 16:52:45 Job terminated.
	(1) Normal termination (return value 0)
		Usr 0 00:01:38, Sys 0 00:00:10  -  Run Remote Usage
		Usr 0 00:00:00, Sys 0 00:00:00  -  Run Local Usage
		Usr 0 00:01:38, Sys 0 00:00:10  -  Total Remote Usage
		Usr 0 00:00:00, Sys 0 00:00:00  -  Total Local Usage
	2819  -  Run Bytes Sent By Job
	11050  -  Run Bytes Received By Job
	2819  -  Total Bytes Sent By Job
	11050  -  Total Bytes Received By Job
	Partitionable Resources :    Usage  Request Allocated 
	   Cpus                 :        0        1         1 
	   Disk (KB)            :    27955       12      3718 
	   GPUs                 :                           0 
	   Memory (MB)          :     2310     3000      3000 

	Job terminated of its own accord at 2025-03-10T15:52:45Z with exit-code 0.
...
