000 (13690113.000.000) 03/10 16:09:05 Job submitted from host: <137.138.120.116:9618?addrs=137.138.120.116-9618+[2001-1458-d00-16--17b]-9618&alias=bigbird12.cern.ch&noUDP&sock=schedd_5055_e355>
...
040 (13690113.000.000) 03/10 16:46:24 Started transferring input files
	Transferring to host: <188.185.215.85:9618?addrs=188.185.215.85-9618+[2001-1458-303-1e--100-51]-9618&alias=b9p31p0671.cern.ch&noUDP&sock=slot1_8_10981_db98_2875>
...
040 (13690113.000.000) 03/10 16:46:24 Finished transferring input files
...
001 (13690113.000.000) 03/10 16:46:25 Job executing on host: <188.185.215.85:9618?addrs=188.185.215.85-9618+[2001-1458-303-1e--100-51]-9618&alias=b9p31p0671.cern.ch&noUDP&sock=startd_9873_a2a1>
	SlotName: slot1_8@b9p31p0671.cern.ch
	CondorScratchDir = "/pool/condor/dir_2493829"
	Cpus = 1
	Disk = 3792
	GPUs = 0
	Memory = 3000
...
006 (13690113.000.000) 03/10 16:46:34 Image size of job updated: 15800
	16  -  MemoryUsage of job (MB)
	15800  -  ResidentSetSize of job (KB)
...
006 (13690113.000.000) 03/10 16:51:35 Image size of job updated: 1004688
	982  -  MemoryUsage of job (MB)
	1004688  -  ResidentSetSize of job (KB)
...
040 (13690113.000.000) 03/10 16:54:49 Started transferring output files
...
040 (13690113.000.000) 03/10 16:54:49 Finished transferring output files
...
005 (13690113.000.000) 03/10 16:54:49 Job terminated.
	(1) Normal termination (return value 0)
		Usr 0 00:01:57, Sys 0 00:00:09  -  Run Remote Usage
		Usr 0 00:00:00, Sys 0 00:00:00  -  Run Local Usage
		Usr 0 00:01:57, Sys 0 00:00:09  -  Total Remote Usage
		Usr 0 00:00:00, Sys 0 00:00:00  -  Total Local Usage
	2819  -  Run Bytes Sent By Job
	11050  -  Run Bytes Received By Job
	2819  -  Total Bytes Sent By Job
	11050  -  Total Bytes Received By Job
	Partitionable Resources :    Usage  Request Allocated 
	   Cpus                 :        0        1         1 
	   Disk (KB)            :    28235       12      3792 
	   GPUs                 :                           0 
	   Memory (MB)          :      982     3000      3000 

	Job terminated of its own accord at 2025-03-10T15:54:49Z with exit-code 0.
...
