000 (13690095.000.000) 03/10 16:08:55 Job submitted from host: <137.138.120.116:9618?addrs=137.138.120.116-9618+[2001-1458-d00-16--17b]-9618&alias=bigbird12.cern.ch&noUDP&sock=schedd_5055_e355>
...
040 (13690095.000.000) 03/10 16:45:43 Started transferring input files
	Transferring to host: <128.142.132.138:9618?addrs=128.142.132.138-9618+[2001-1458-301-5a--100-7e]-9618&alias=b9g12p6973.cern.ch&noUDP&sock=slot1_35_568841_b1b5_18417>
...
040 (13690095.000.000) 03/10 16:45:43 Finished transferring input files
...
001 (13690095.000.000) 03/10 16:45:44 Job executing on host: <128.142.132.138:9618?addrs=128.142.132.138-9618+[2001-1458-301-5a--100-7e]-9618&alias=b9g12p6973.cern.ch&noUDP&sock=startd_568784_17d2>
	SlotName: slot1_35@b9g12p6973.cern.ch
	CondorScratchDir = "/pool/condor/dir_2999740"
	Cpus = 1
	Disk = 2668
	GPUs = 0
	Memory = 3000
...
006 (13690095.000.000) 03/10 16:45:53 Image size of job updated: 1776
	2  -  MemoryUsage of job (MB)
	1776  -  ResidentSetSize of job (KB)
...
006 (13690095.000.000) 03/10 16:50:54 Image size of job updated: 730644
	714  -  MemoryUsage of job (MB)
	730644  -  ResidentSetSize of job (KB)
...
006 (13690095.000.000) 03/10 16:55:55 Image size of job updated: 795360
	777  -  MemoryUsage of job (MB)
	795360  -  ResidentSetSize of job (KB)
...
006 (13690095.000.000) 03/10 17:00:55 Image size of job updated: 961488
	939  -  MemoryUsage of job (MB)
	961488  -  ResidentSetSize of job (KB)
...
040 (13690095.000.000) 03/10 17:01:26 Started transferring output files
...
040 (13690095.000.000) 03/10 17:01:26 Finished transferring output files
...
005 (13690095.000.000) 03/10 17:01:26 Job terminated.
	(1) Normal termination (return value 0)
		Usr 0 00:08:53, Sys 0 00:00:09  -  Run Remote Usage
		Usr 0 00:00:00, Sys 0 00:00:00  -  Run Local Usage
		Usr 0 00:08:53, Sys 0 00:00:09  -  Total Remote Usage
		Usr 0 00:00:00, Sys 0 00:00:00  -  Total Local Usage
	2819  -  Run Bytes Sent By Job
	11050  -  Run Bytes Received By Job
	2819  -  Total Bytes Sent By Job
	11050  -  Total Bytes Received By Job
	Partitionable Resources :    Usage  Request Allocated 
	   Cpus                 :     0.02        1         1 
	   Disk (KB)            : 92082          12      2668 
	   GPUs                 :                           0 
	   Memory (MB)          :   939        3000      3000 

	Job terminated of its own accord at 2025-03-10T16:01:26Z with exit-code 0.
...
