000 (13690097.000.000) 03/10 16:08:56 Job submitted from host: <137.138.120.116:9618?addrs=137.138.120.116-9618+[2001-1458-d00-16--17b]-9618&alias=bigbird12.cern.ch&noUDP&sock=schedd_5055_e355>
...
040 (13690097.000.000) 03/10 16:45:44 Started transferring input files
	Transferring to host: <128.142.131.50:9618?addrs=128.142.131.50-9618+[2001-1458-301-59--100-26]-9618&alias=b9g11p8090.cern.ch&noUDP&sock=slot1_20_3002_ee33_24631>
...
040 (13690097.000.000) 03/10 16:45:44 Finished transferring input files
...
001 (13690097.000.000) 03/10 16:45:45 Job executing on host: <128.142.131.50:9618?addrs=128.142.131.50-9618+[2001-1458-301-59--100-26]-9618&alias=b9g11p8090.cern.ch&noUDP&sock=startd_2623_bd01>
	SlotName: slot1_20@b9g11p8090.cern.ch
	CondorScratchDir = "/pool/condor/dir_405202"
	Cpus = 1
	Disk = 2585
	GPUs = 0
	Memory = 3000
...
006 (13690097.000.000) 03/10 16:45:59 Image size of job updated: 3868
	4  -  MemoryUsage of job (MB)
	3868  -  ResidentSetSize of job (KB)
...
006 (13690097.000.000) 03/10 16:49:26 Image size of job updated: 937880
	4  -  MemoryUsage of job (MB)
	3868  -  ResidentSetSize of job (KB)
...
040 (13690097.000.000) 03/10 16:49:28 Started transferring output files
...
040 (13690097.000.000) 03/10 16:49:28 Finished transferring output files
...
005 (13690097.000.000) 03/10 16:49:31 Job terminated.
	(1) Normal termination (return value 0)
		Usr 0 00:02:51, Sys 0 00:00:09  -  Run Remote Usage
		Usr 0 00:00:00, Sys 0 00:00:00  -  Run Local Usage
		Usr 0 00:02:51, Sys 0 00:00:09  -  Total Remote Usage
		Usr 0 00:00:00, Sys 0 00:00:00  -  Total Local Usage
	2820  -  Run Bytes Sent By Job
	11050  -  Run Bytes Received By Job
	2820  -  Total Bytes Sent By Job
	11050  -  Total Bytes Received By Job
	Partitionable Resources :    Usage  Request Allocated 
	   Cpus                 :        0        1         1 
	   Disk (KB)            :    28634       12      2585 
	   GPUs                 :                           0 
	   Memory (MB)          :        4     3000      3000 

	Job terminated of its own accord at 2025-03-10T15:49:26Z with exit-code 0.
...
