000 (13690087.000.000) 03/10 16:08:51 Job submitted from host: <137.138.120.116:9618?addrs=137.138.120.116-9618+[2001-1458-d00-16--17b]-9618&alias=bigbird12.cern.ch&noUDP&sock=schedd_5055_e355>
...
040 (13690087.000.000) 03/10 16:45:41 Started transferring input files
	Transferring to host: <188.185.215.66:9618?addrs=188.185.215.66-9618+[2001-1458-303-1e--100-3e]-9618&alias=b9p31p9078.cern.ch&noUDP&sock=slot1_3_3799_7d34_98088>
...
040 (13690087.000.000) 03/10 16:45:41 Finished transferring input files
...
001 (13690087.000.000) 03/10 16:45:42 Job executing on host: <188.185.215.66:9618?addrs=188.185.215.66-9618+[2001-1458-303-1e--100-3e]-9618&alias=b9p31p9078.cern.ch&noUDP&sock=startd_3019_5c82>
	SlotName: slot1_3@b9p31p9078.cern.ch
	CondorScratchDir = "/pool/condor/dir_3375360"
	Cpus = 1
	Disk = 3832
	GPUs = 0
	Memory = 3000
...
006 (13690087.000.000) 03/10 16:45:51 Image size of job updated: 1504
	2  -  MemoryUsage of job (MB)
	1504  -  ResidentSetSize of job (KB)
...
006 (13690087.000.000) 03/10 16:50:52 Image size of job updated: 805816
	787  -  MemoryUsage of job (MB)
	805816  -  ResidentSetSize of job (KB)
...
006 (13690087.000.000) 03/10 16:55:52 Image size of job updated: 909628
	889  -  MemoryUsage of job (MB)
	909628  -  ResidentSetSize of job (KB)
...
040 (13690087.000.000) 03/10 16:59:56 Started transferring output files
...
040 (13690087.000.000) 03/10 16:59:56 Finished transferring output files
...
005 (13690087.000.000) 03/10 16:59:56 Job terminated.
	(1) Normal termination (return value 0)
		Usr 0 00:05:20, Sys 0 00:00:11  -  Run Remote Usage
		Usr 0 00:00:00, Sys 0 00:00:00  -  Run Local Usage
		Usr 0 00:05:20, Sys 0 00:00:11  -  Total Remote Usage
		Usr 0 00:00:00, Sys 0 00:00:00  -  Total Local Usage
	2940  -  Run Bytes Sent By Job
	11044  -  Run Bytes Received By Job
	2940  -  Total Bytes Sent By Job
	11044  -  Total Bytes Received By Job
	Partitionable Resources :    Usage  Request Allocated 
	   Cpus                 :     0.03        1         1 
	   Disk (KB)            : 92126          12      3832 
	   GPUs                 :                           0 
	   Memory (MB)          :   889        3000      3000 

	Job terminated of its own accord at 2025-03-10T15:59:56Z with exit-code 0.
...
