000 (13690109.000.000) 03/10 16:09:03 Job submitted from host: <137.138.120.116:9618?addrs=137.138.120.116-9618+[2001-1458-d00-16--17b]-9618&alias=bigbird12.cern.ch&noUDP&sock=schedd_5055_e355>
...
040 (13690109.000.000) 03/10 16:45:48 Started transferring input files
	Transferring to host: <188.185.195.113:9618?addrs=188.185.195.113-9618+[2001-1458-303-22--100-6d]-9618&alias=b9p17p8780.cern.ch&noUDP&sock=slot1_51_8420_66cf_20309>
...
040 (13690109.000.000) 03/10 16:45:48 Finished transferring input files
...
001 (13690109.000.000) 03/10 16:45:49 Job executing on host: <188.185.195.113:9618?addrs=188.185.195.113-9618+[2001-1458-303-22--100-6d]-9618&alias=b9p17p8780.cern.ch&noUDP&sock=startd_6877_a0e3>
	SlotName: slot1_51@b9p17p8780.cern.ch
	CondorScratchDir = "/pool/condor/dir_2252286"
	Cpus = 1
	Disk = 3895
	GPUs = 0
	Memory = 3000
...
006 (13690109.000.000) 03/10 16:46:03 Image size of job updated: 33796
	34  -  MemoryUsage of job (MB)
	33796  -  ResidentSetSize of job (KB)
...
006 (13690109.000.000) 03/10 16:51:04 Image size of job updated: 723456
	707  -  MemoryUsage of job (MB)
	723456  -  ResidentSetSize of job (KB)
...
006 (13690109.000.000) 03/10 16:56:04 Image size of job updated: 783936
	766  -  MemoryUsage of job (MB)
	783936  -  ResidentSetSize of job (KB)
...
006 (13690109.000.000) 03/10 17:01:05 Image size of job updated: 844156
	825  -  MemoryUsage of job (MB)
	844156  -  ResidentSetSize of job (KB)
...
006 (13690109.000.000) 03/10 17:06:06 Image size of job updated: 885604
	865  -  MemoryUsage of job (MB)
	885604  -  ResidentSetSize of job (KB)
...
006 (13690109.000.000) 03/10 17:11:06 Image size of job updated: 945804
	924  -  MemoryUsage of job (MB)
	945804  -  ResidentSetSize of job (KB)
...
006 (13690109.000.000) 03/10 17:16:07 Image size of job updated: 991280
	969  -  MemoryUsage of job (MB)
	991280  -  ResidentSetSize of job (KB)
...
006 (13690109.000.000) 03/10 17:21:08 Image size of job updated: 1031828
	1008  -  MemoryUsage of job (MB)
	1031828  -  ResidentSetSize of job (KB)
...
006 (13690109.000.000) 03/10 17:26:08 Image size of job updated: 1075004
	1050  -  MemoryUsage of job (MB)
	1075004  -  ResidentSetSize of job (KB)
...
006 (13690109.000.000) 03/10 17:31:09 Image size of job updated: 1139244
	1113  -  MemoryUsage of job (MB)
	1139244  -  ResidentSetSize of job (KB)
...
006 (13690109.000.000) 03/10 17:36:10 Image size of job updated: 1182572
	1155  -  MemoryUsage of job (MB)
	1182572  -  ResidentSetSize of job (KB)
...
006 (13690109.000.000) 03/10 17:41:10 Image size of job updated: 1224100
	1196  -  MemoryUsage of job (MB)
	1224100  -  ResidentSetSize of job (KB)
...
006 (13690109.000.000) 03/10 17:46:11 Image size of job updated: 1267688
	1238  -  MemoryUsage of job (MB)
	1267688  -  ResidentSetSize of job (KB)
...
006 (13690109.000.000) 03/10 17:51:12 Image size of job updated: 1329324
	1299  -  MemoryUsage of job (MB)
	1329324  -  ResidentSetSize of job (KB)
...
006 (13690109.000.000) 03/10 17:56:12 Image size of job updated: 1367100
	1336  -  MemoryUsage of job (MB)
	1367100  -  ResidentSetSize of job (KB)
...
006 (13690109.000.000) 03/10 18:01:13 Image size of job updated: 1404512
	1372  -  MemoryUsage of job (MB)
	1404512  -  ResidentSetSize of job (KB)
...
006 (13690109.000.000) 03/10 18:06:14 Image size of job updated: 1459968
	1426  -  MemoryUsage of job (MB)
	1459968  -  ResidentSetSize of job (KB)
...
006 (13690109.000.000) 03/10 18:11:14 Image size of job updated: 1501676
	1467  -  MemoryUsage of job (MB)
	1501676  -  ResidentSetSize of job (KB)
...
006 (13690109.000.000) 03/10 18:16:15 Image size of job updated: 1541184
	1506  -  MemoryUsage of job (MB)
	1541184  -  ResidentSetSize of job (KB)
...
006 (13690109.000.000) 03/10 18:21:16 Image size of job updated: 1588608
	1552  -  MemoryUsage of job (MB)
	1588608  -  ResidentSetSize of job (KB)
...
006 (13690109.000.000) 03/10 18:26:16 Image size of job updated: 1645012
	1607  -  MemoryUsage of job (MB)
	1645012  -  ResidentSetSize of job (KB)
...
006 (13690109.000.000) 03/10 18:31:17 Image size of job updated: 1680340
	1641  -  MemoryUsage of job (MB)
	1680340  -  ResidentSetSize of job (KB)
...
006 (13690109.000.000) 03/10 18:36:18 Image size of job updated: 1717736
	1678  -  MemoryUsage of job (MB)
	1717736  -  ResidentSetSize of job (KB)
...
006 (13690109.000.000) 03/10 18:41:18 Image size of job updated: 1782516
	1741  -  MemoryUsage of job (MB)
	1782516  -  ResidentSetSize of job (KB)
...
006 (13690109.000.000) 03/10 18:46:19 Image size of job updated: 1925872
	1881  -  MemoryUsage of job (MB)
	1925872  -  ResidentSetSize of job (KB)
...
006 (13690109.000.000) 03/10 18:51:20 Image size of job updated: 1930372
	1886  -  MemoryUsage of job (MB)
	1930372  -  ResidentSetSize of job (KB)
...
006 (13690109.000.000) 03/10 18:53:47 Image size of job updated: 2138192
	1886  -  MemoryUsage of job (MB)
	1930372  -  ResidentSetSize of job (KB)
...
040 (13690109.000.000) 03/10 18:53:47 Started transferring output files
...
040 (13690109.000.000) 03/10 18:53:47 Finished transferring output files
...
005 (13690109.000.000) 03/10 18:53:47 Job terminated.
	(1) Normal termination (return value 0)
		Usr 0 01:20:29, Sys 0 00:00:48  -  Run Remote Usage
		Usr 0 00:00:00, Sys 0 00:00:00  -  Run Local Usage
		Usr 0 01:20:29, Sys 0 00:00:48  -  Total Remote Usage
		Usr 0 00:00:00, Sys 0 00:00:00  -  Total Local Usage
	3945  -  Run Bytes Sent By Job
	11050  -  Run Bytes Received By Job
	3945  -  Total Bytes Sent By Job
	11050  -  Total Bytes Received By Job
	Partitionable Resources :     Usage  Request Allocated 
	   Cpus                 :      0.60        1         1 
	   Disk (KB)            : 716896          12      3895 
	   GPUs                 :                            0 
	   Memory (MB)          :   1886        3000      3000 

	Job terminated of its own accord at 2025-03-10T17:53:47Z with exit-code 0.
...
