000 (13690108.000.000) 03/10 16:09:02 Job submitted from host: <137.138.120.116:9618?addrs=137.138.120.116-9618+[2001-1458-d00-16--17b]-9618&alias=bigbird12.cern.ch&noUDP&sock=schedd_5055_e355>
...
040 (13690108.000.000) 03/10 16:45:47 Started transferring input files
	Transferring to host: <188.185.194.177:9618?addrs=188.185.194.177-9618+[2001-1458-303-21--100-ad]-9618&alias=b9p20p3917.cern.ch&noUDP&sock=slot1_26_6662_bb48_32385>
...
040 (13690108.000.000) 03/10 16:45:47 Finished transferring input files
...
001 (13690108.000.000) 03/10 16:45:48 Job executing on host: <188.185.194.177:9618?addrs=188.185.194.177-9618+[2001-1458-303-21--100-ad]-9618&alias=b9p20p3917.cern.ch&noUDP&sock=startd_5363_2680>
	SlotName: slot1_26@b9p20p3917.cern.ch
	CondorScratchDir = "/pool/condor/dir_2380106"
	Cpus = 1
	Disk = 3918
	GPUs = 0
	Memory = 3000
...
006 (13690108.000.000) 03/10 16:46:02 Image size of job updated: 820
	1  -  MemoryUsage of job (MB)
	584  -  ResidentSetSize of job (KB)
...
006 (13690108.000.000) 03/10 16:51:03 Image size of job updated: 806284
	788  -  MemoryUsage of job (MB)
	806284  -  ResidentSetSize of job (KB)
...
006 (13690108.000.000) 03/10 16:56:04 Image size of job updated: 913688
	893  -  MemoryUsage of job (MB)
	913688  -  ResidentSetSize of job (KB)
...
006 (13690108.000.000) 03/10 16:57:10 Image size of job updated: 1218328
	893  -  MemoryUsage of job (MB)
	913688  -  ResidentSetSize of job (KB)
...
040 (13690108.000.000) 03/10 16:57:10 Started transferring output files
...
040 (13690108.000.000) 03/10 16:57:10 Finished transferring output files
...
005 (13690108.000.000) 03/10 16:57:11 Job terminated.
	(1) Normal termination (return value 0)
		Usr 0 00:09:53, Sys 0 00:00:16  -  Run Remote Usage
		Usr 0 00:00:00, Sys 0 00:00:00  -  Run Local Usage
		Usr 0 00:09:53, Sys 0 00:00:16  -  Total Remote Usage
		Usr 0 00:00:00, Sys 0 00:00:00  -  Total Local Usage
	3134  -  Run Bytes Sent By Job
	11050  -  Run Bytes Received By Job
	3134  -  Total Bytes Sent By Job
	11050  -  Total Bytes Received By Job
	Partitionable Resources :     Usage  Request Allocated 
	   Cpus                 :      0.98        1         1 
	   Disk (KB)            : 121440          12      3918 
	   GPUs                 :                            0 
	   Memory (MB)          :    893        3000      3000 

	Job terminated of its own accord at 2025-03-10T15:57:10Z with exit-code 0.
...
