000 (13690120.000.000) 03/10 16:09:08 Job submitted from host: <137.138.120.116:9618?addrs=137.138.120.116-9618+[2001-1458-d00-16--17b]-9618&alias=bigbird12.cern.ch&noUDP&sock=schedd_5055_e355>
...
040 (13690120.000.000) 03/10 16:46:26 Started transferring input files
	Transferring to host: <188.185.214.67:9618?addrs=188.185.214.67-9618+[2001-1458-303-1c--100-3f]-9618&alias=b9p29p3424.cern.ch&noUDP&sock=slot1_5_8252_07c9_95720>
...
040 (13690120.000.000) 03/10 16:46:26 Finished transferring input files
...
001 (13690120.000.000) 03/10 16:46:27 Job executing on host: <188.185.214.67:9618?addrs=188.185.214.67-9618+[2001-1458-303-1c--100-3f]-9618&alias=b9p29p3424.cern.ch&noUDP&sock=startd_7137_f783>
	SlotName: slot1_5@b9p29p3424.cern.ch
	CondorScratchDir = "/pool/condor/dir_2102443"
	Cpus = 1
	Disk = 3713
	GPUs = 0
	Memory = 3000
...
006 (13690120.000.000) 03/10 16:46:36 Image size of job updated: 1608
	2  -  MemoryUsage of job (MB)
	1608  -  ResidentSetSize of job (KB)
...
006 (13690120.000.000) 03/10 16:51:24 Image size of job updated: 363708
	356  -  MemoryUsage of job (MB)
	363708  -  ResidentSetSize of job (KB)
...
040 (13690120.000.000) 03/10 16:51:24 Started transferring output files
...
040 (13690120.000.000) 03/10 16:51:24 Finished transferring output files
...
005 (13690120.000.000) 03/10 16:51:24 Job terminated.
	(1) Normal termination (return value 0)
		Usr 0 00:03:51, Sys 0 00:00:11  -  Run Remote Usage
		Usr 0 00:00:00, Sys 0 00:00:00  -  Run Local Usage
		Usr 0 00:03:51, Sys 0 00:00:11  -  Total Remote Usage
		Usr 0 00:00:00, Sys 0 00:00:00  -  Total Local Usage
	2820  -  Run Bytes Sent By Job
	11050  -  Run Bytes Received By Job
	2820  -  Total Bytes Sent By Job
	11050  -  Total Bytes Received By Job
	Partitionable Resources :    Usage  Request Allocated 
	   Cpus                 :     0.99        1         1 
	   Disk (KB)            : 67344          12      3713 
	   GPUs                 :                           0 
	   Memory (MB)          :   356        3000      3000 

	Job terminated of its own accord at 2025-03-10T15:51:24Z with exit-code 0.
...
