000 (13690084.000.000) 03/10 16:08:50 Job submitted from host: <137.138.120.116:9618?addrs=137.138.120.116-9618+[2001-1458-d00-16--17b]-9618&alias=bigbird12.cern.ch&noUDP&sock=schedd_5055_e355>
...
040 (13690084.000.000) 03/10 16:45:39 Started transferring input files
	Transferring to host: <188.185.193.113:9618?addrs=188.185.193.113-9618+[2001-1458-303-20--100-6d]-9618&alias=b9p19p7023.cern.ch&noUDP&sock=slot1_26_10630_8be9_33532>
...
040 (13690084.000.000) 03/10 16:45:39 Finished transferring input files
...
001 (13690084.000.000) 03/10 16:45:40 Job executing on host: <188.185.193.113:9618?addrs=188.185.193.113-9618+[2001-1458-303-20--100-6d]-9618&alias=b9p19p7023.cern.ch&noUDP&sock=startd_9197_f49b>
	SlotName: slot1_26@b9p19p7023.cern.ch
	CondorScratchDir = "/pool/condor/dir_2018425"
	Cpus = 1
	Disk = 3828
	GPUs = 0
	Memory = 3000
...
006 (13690084.000.000) 03/10 16:45:55 Image size of job updated: 7648
	1  -  MemoryUsage of job (MB)
	908  -  ResidentSetSize of job (KB)
...
006 (13690084.000.000) 03/10 16:50:55 Image size of job updated: 690900
	675  -  MemoryUsage of job (MB)
	690900  -  ResidentSetSize of job (KB)
...
006 (13690084.000.000) 03/10 16:54:02 Image size of job updated: 921072
	675  -  MemoryUsage of job (MB)
	690900  -  ResidentSetSize of job (KB)
...
040 (13690084.000.000) 03/10 16:54:02 Started transferring output files
...
040 (13690084.000.000) 03/10 16:54:02 Finished transferring output files
...
005 (13690084.000.000) 03/10 16:54:02 Job terminated.
	(1) Normal termination (return value 0)
		Usr 0 00:02:33, Sys 0 00:00:10  -  Run Remote Usage
		Usr 0 00:00:00, Sys 0 00:00:00  -  Run Local Usage
		Usr 0 00:02:33, Sys 0 00:00:10  -  Total Remote Usage
		Usr 0 00:00:00, Sys 0 00:00:00  -  Total Local Usage
	3127  -  Run Bytes Sent By Job
	11044  -  Run Bytes Received By Job
	3127  -  Total Bytes Sent By Job
	11044  -  Total Bytes Received By Job
	Partitionable Resources :    Usage  Request Allocated 
	   Cpus                 :     0.01        1         1 
	   Disk (KB)            : 21726          12      3828 
	   GPUs                 :                           0 
	   Memory (MB)          :   675        3000      3000 

	Job terminated of its own accord at 2025-03-10T15:54:02Z with exit-code 0.
...
