000 (13690090.000.000) 03/10 16:08:53 Job submitted from host: <137.138.120.116:9618?addrs=137.138.120.116-9618+[2001-1458-d00-16--17b]-9618&alias=bigbird12.cern.ch&noUDP&sock=schedd_5055_e355>
...
040 (13690090.000.000) 03/10 16:45:43 Started transferring input files
	Transferring to host: <188.185.194.177:9618?addrs=188.185.194.177-9618+[2001-1458-303-21--100-ad]-9618&alias=b9p20p3917.cern.ch&noUDP&sock=slot1_12_6662_bb48_32383>
...
040 (13690090.000.000) 03/10 16:45:43 Finished transferring input files
...
001 (13690090.000.000) 03/10 16:45:44 Job executing on host: <188.185.194.177:9618?addrs=188.185.194.177-9618+[2001-1458-303-21--100-ad]-9618&alias=b9p20p3917.cern.ch&noUDP&sock=startd_5363_2680>
	SlotName: slot1_12@b9p20p3917.cern.ch
	CondorScratchDir = "/pool/condor/dir_2380008"
	Cpus = 1
	Disk = 3918
	GPUs = 0
	Memory = 3000
...
006 (13690090.000.000) 03/10 16:45:57 Image size of job updated: 928
	1  -  MemoryUsage of job (MB)
	928  -  ResidentSetSize of job (KB)
...
006 (13690090.000.000) 03/10 16:50:57 Image size of job updated: 720680
	704  -  MemoryUsage of job (MB)
	720680  -  ResidentSetSize of job (KB)
...
006 (13690090.000.000) 03/10 16:53:33 Image size of job updated: 891652
	704  -  MemoryUsage of job (MB)
	720680  -  ResidentSetSize of job (KB)
...
040 (13690090.000.000) 03/10 16:53:33 Started transferring output files
...
040 (13690090.000.000) 03/10 16:53:33 Finished transferring output files
...
005 (13690090.000.000) 03/10 16:53:33 Job terminated.
	(1) Normal termination (return value 0)
		Usr 0 00:02:55, Sys 0 00:00:10  -  Run Remote Usage
		Usr 0 00:00:00, Sys 0 00:00:00  -  Run Local Usage
		Usr 0 00:02:55, Sys 0 00:00:10  -  Total Remote Usage
		Usr 0 00:00:00, Sys 0 00:00:00  -  Total Local Usage
	3127  -  Run Bytes Sent By Job
	11044  -  Run Bytes Received By Job
	3127  -  Total Bytes Sent By Job
	11044  -  Total Bytes Received By Job
	Partitionable Resources :    Usage  Request Allocated 
	   Cpus                 :        0        1         1 
	   Disk (KB)            :    34304       12      3918 
	   GPUs                 :                           0 
	   Memory (MB)          :      704     3000      3000 

	Job terminated of its own accord at 2025-03-10T15:53:33Z with exit-code 0.
...
