000 (13690105.000.000) 03/10 16:09:01 Job submitted from host: <137.138.120.116:9618?addrs=137.138.120.116-9618+[2001-1458-d00-16--17b]-9618&alias=bigbird12.cern.ch&noUDP&sock=schedd_5055_e355>
...
040 (13690105.000.000) 03/10 16:45:46 Started transferring input files
	Transferring to host: <188.185.215.53:9618?addrs=188.185.215.53-9618+[2001-1458-303-1e--100-31]-9618&alias=b9p31p3723.cern.ch&noUDP&sock=slot1_30_8809_7cbf_21229>
...
040 (13690105.000.000) 03/10 16:45:46 Finished transferring input files
...
001 (13690105.000.000) 03/10 16:45:47 Job executing on host: <188.185.215.53:9618?addrs=188.185.215.53-9618+[2001-1458-303-1e--100-31]-9618&alias=b9p31p3723.cern.ch&noUDP&sock=startd_7571_a79d>
	SlotName: slot1_30@b9p31p3723.cern.ch
	CondorScratchDir = "/pool/condor/dir_866695"
	Cpus = 1
	Disk = 3804
	GPUs = 0
	Memory = 3000
...
006 (13690105.000.000) 03/10 16:45:56 Image size of job updated: 4104
	5  -  MemoryUsage of job (MB)
	4104  -  ResidentSetSize of job (KB)
...
006 (13690105.000.000) 03/10 16:48:23 Image size of job updated: 99636
	98  -  MemoryUsage of job (MB)
	99636  -  ResidentSetSize of job (KB)
...
040 (13690105.000.000) 03/10 16:48:23 Started transferring output files
...
040 (13690105.000.000) 03/10 16:48:23 Finished transferring output files
...
005 (13690105.000.000) 03/10 16:48:23 Job terminated.
	(1) Normal termination (return value 0)
		Usr 0 00:01:40, Sys 0 00:00:09  -  Run Remote Usage
		Usr 0 00:00:00, Sys 0 00:00:00  -  Run Local Usage
		Usr 0 00:01:40, Sys 0 00:00:09  -  Total Remote Usage
		Usr 0 00:00:00, Sys 0 00:00:00  -  Total Local Usage
	2819  -  Run Bytes Sent By Job
	11050  -  Run Bytes Received By Job
	2819  -  Total Bytes Sent By Job
	11050  -  Total Bytes Received By Job
	Partitionable Resources :    Usage  Request Allocated 
	   Cpus                 :        0        1         1 
	   Disk (KB)            :    29085       12      3804 
	   GPUs                 :                           0 
	   Memory (MB)          :       98     3000      3000 

	Job terminated of its own accord at 2025-03-10T15:48:23Z with exit-code 0.
...
