000 (13690101.000.000) 03/10 16:08:58 Job submitted from host: <137.138.120.116:9618?addrs=137.138.120.116-9618+[2001-1458-d00-16--17b]-9618&alias=bigbird12.cern.ch&noUDP&sock=schedd_5055_e355>
...
040 (13690101.000.000) 03/10 16:45:46 Started transferring input files
	Transferring to host: <188.185.210.77:9618?addrs=188.185.210.77-9618+[2001-1458-303-1--100-49]-9618&alias=b9p21p5402.cern.ch&noUDP&sock=slot1_24_7325_e003_105156>
...
040 (13690101.000.000) 03/10 16:45:46 Finished transferring input files
...
001 (13690101.000.000) 03/10 16:45:47 Job executing on host: <188.185.210.77:9618?addrs=188.185.210.77-9618+[2001-1458-303-1--100-49]-9618&alias=b9p21p5402.cern.ch&noUDP&sock=startd_6241_62a7>
	SlotName: slot1_24@b9p21p5402.cern.ch
	CondorScratchDir = "/pool/condor/dir_646899"
	Cpus = 1
	Disk = 3865
	GPUs = 0
	Memory = 3000
...
006 (13690101.000.000) 03/10 16:45:55 Image size of job updated: 1572
	2  -  MemoryUsage of job (MB)
	1572  -  ResidentSetSize of job (KB)
...
006 (13690101.000.000) 03/10 16:48:20 Image size of job updated: 181000
	177  -  MemoryUsage of job (MB)
	181000  -  ResidentSetSize of job (KB)
...
040 (13690101.000.000) 03/10 16:48:20 Started transferring output files
...
040 (13690101.000.000) 03/10 16:48:20 Finished transferring output files
...
005 (13690101.000.000) 03/10 16:48:20 Job terminated.
	(1) Normal termination (return value 0)
		Usr 0 00:01:47, Sys 0 00:00:08  -  Run Remote Usage
		Usr 0 00:00:00, Sys 0 00:00:00  -  Run Local Usage
		Usr 0 00:01:47, Sys 0 00:00:08  -  Total Remote Usage
		Usr 0 00:00:00, Sys 0 00:00:00  -  Total Local Usage
	3038  -  Run Bytes Sent By Job
	11050  -  Run Bytes Received By Job
	3038  -  Total Bytes Sent By Job
	11050  -  Total Bytes Received By Job
	Partitionable Resources :    Usage  Request Allocated 
	   Cpus                 :     0.66        1         1 
	   Disk (KB)            : 35208          12      3865 
	   GPUs                 :                           0 
	   Memory (MB)          :   177        3000      3000 

	Job terminated of its own accord at 2025-03-10T15:48:20Z with exit-code 0.
...
