000 (13690100.000.000) 03/10 16:08:58 Job submitted from host: <137.138.120.116:9618?addrs=137.138.120.116-9618+[2001-1458-d00-16--17b]-9618&alias=bigbird12.cern.ch&noUDP&sock=schedd_5055_e355>
...
040 (13690100.000.000) 03/10 16:45:46 Started transferring input files
	Transferring to host: <188.185.211.158:9618?addrs=188.185.211.158-9618+[2001-1458-303-17--100-1a]-9618&alias=b9p24p7991.cern.ch&noUDP&sock=slot1_20_4941_21a2_103375>
...
040 (13690100.000.000) 03/10 16:45:46 Finished transferring input files
...
001 (13690100.000.000) 03/10 16:45:47 Job executing on host: <188.185.211.158:9618?addrs=188.185.211.158-9618+[2001-1458-303-17--100-1a]-9618&alias=b9p24p7991.cern.ch&noUDP&sock=startd_4143_54f5>
	SlotName: slot1_20@b9p24p7991.cern.ch
	CondorScratchDir = "/pool/condor/dir_826241"
	Cpus = 1
	Disk = 3794
	GPUs = 0
	Memory = 3000
...
006 (13690100.000.000) 03/10 16:45:55 Image size of job updated: 1240
	2  -  MemoryUsage of job (MB)
	1240  -  ResidentSetSize of job (KB)
...
006 (13690100.000.000) 03/10 16:50:55 Image size of job updated: 1283248
	1254  -  MemoryUsage of job (MB)
	1283248  -  ResidentSetSize of job (KB)
...
006 (13690100.000.000) 03/10 16:55:56 Image size of job updated: 1448732
	1415  -  MemoryUsage of job (MB)
	1448732  -  ResidentSetSize of job (KB)
...
006 (13690100.000.000) 03/10 17:00:57 Image size of job updated: 1599904
	1563  -  MemoryUsage of job (MB)
	1599904  -  ResidentSetSize of job (KB)
...
006 (13690100.000.000) 03/10 17:05:57 Image size of job updated: 1740276
	1700  -  MemoryUsage of job (MB)
	1740276  -  ResidentSetSize of job (KB)
...
006 (13690100.000.000) 03/10 17:10:57 Image size of job updated: 1883100
	1839  -  MemoryUsage of job (MB)
	1883100  -  ResidentSetSize of job (KB)
...
006 (13690100.000.000) 03/10 17:15:59 Image size of job updated: 2121964
	2073  -  MemoryUsage of job (MB)
	2121964  -  ResidentSetSize of job (KB)
...
040 (13690100.000.000) 03/10 17:17:53 Started transferring output files
...
040 (13690100.000.000) 03/10 17:17:53 Finished transferring output files
...
005 (13690100.000.000) 03/10 17:17:53 Job terminated.
	(1) Normal termination (return value 0)
		Usr 0 00:29:16, Sys 0 00:00:19  -  Run Remote Usage
		Usr 0 00:00:00, Sys 0 00:00:00  -  Run Local Usage
		Usr 0 00:29:16, Sys 0 00:00:19  -  Total Remote Usage
		Usr 0 00:00:00, Sys 0 00:00:00  -  Total Local Usage
	3471  -  Run Bytes Sent By Job
	11050  -  Run Bytes Received By Job
	3471  -  Total Bytes Sent By Job
	11050  -  Total Bytes Received By Job
	Partitionable Resources :     Usage  Request Allocated 
	   Cpus                 :      0.99        1         1 
	   Disk (KB)            : 578140          12      3794 
	   GPUs                 :                            0 
	   Memory (MB)          :   2073        3000      3000 

	Job terminated of its own accord at 2025-03-10T16:17:53Z with exit-code 0.
...
