000 (13689695.000.000) 03/10 16:01:45 Job submitted from host: <137.138.120.116:9618?addrs=137.138.120.116-9618+[2001-1458-d00-16--17b]-9618&alias=bigbird12.cern.ch&noUDP&sock=schedd_5055_e355>
...
040 (13689695.000.000) 03/10 16:42:44 Started transferring input files
	Transferring to host: <188.185.212.53:9618?addrs=188.185.212.53-9618+[2001-1458-303-18--100-31]-9618&alias=b9p25p9005.cern.ch&noUDP&sock=slot1_20_2445736_0378_19505>
...
040 (13689695.000.000) 03/10 16:42:44 Finished transferring input files
...
001 (13689695.000.000) 03/10 16:42:45 Job executing on host: <188.185.212.53:9618?addrs=188.185.212.53-9618+[2001-1458-303-18--100-31]-9618&alias=b9p25p9005.cern.ch&noUDP&sock=startd_10484_baff>
	SlotName: slot1_20@b9p25p9005.cern.ch
	CondorScratchDir = "/pool/condor/dir_958436"
	Cpus = 1
	Disk = 3904
	GPUs = 0
	Memory = 3000
...
006 (13689695.000.000) 03/10 16:42:59 Image size of job updated: 152440
	149  -  MemoryUsage of job (MB)
	152440  -  ResidentSetSize of job (KB)
...
006 (13689695.000.000) 03/10 16:48:00 Image size of job updated: 759452
	742  -  MemoryUsage of job (MB)
	759452  -  ResidentSetSize of job (KB)
...
006 (13689695.000.000) 03/10 16:53:00 Image size of job updated: 815516
	797  -  MemoryUsage of job (MB)
	815516  -  ResidentSetSize of job (KB)
...
006 (13689695.000.000) 03/10 16:58:01 Image size of job updated: 884444
	864  -  MemoryUsage of job (MB)
	884444  -  ResidentSetSize of job (KB)
...
006 (13689695.000.000) 03/10 17:03:02 Image size of job updated: 925064
	904  -  MemoryUsage of job (MB)
	925064  -  ResidentSetSize of job (KB)
...
006 (13689695.000.000) 03/10 17:08:02 Image size of job updated: 973372
	951  -  MemoryUsage of job (MB)
	973372  -  ResidentSetSize of job (KB)
...
006 (13689695.000.000) 03/10 17:13:03 Image size of job updated: 1012520
	989  -  MemoryUsage of job (MB)
	1012520  -  ResidentSetSize of job (KB)
...
006 (13689695.000.000) 03/10 17:18:04 Image size of job updated: 1062060
	1038  -  MemoryUsage of job (MB)
	1062060  -  ResidentSetSize of job (KB)
...
006 (13689695.000.000) 03/10 17:23:04 Image size of job updated: 1186132
	1159  -  MemoryUsage of job (MB)
	1186132  -  ResidentSetSize of job (KB)
...
006 (13689695.000.000) 03/10 17:23:37 Image size of job updated: 1427328
	1159  -  MemoryUsage of job (MB)
	1186132  -  ResidentSetSize of job (KB)
...
040 (13689695.000.000) 03/10 17:23:37 Started transferring output files
...
040 (13689695.000.000) 03/10 17:23:37 Finished transferring output files
...
005 (13689695.000.000) 03/10 17:23:37 Job terminated.
	(1) Normal termination (return value 0)
		Usr 0 00:16:46, Sys 0 00:00:21  -  Run Remote Usage
		Usr 0 00:00:00, Sys 0 00:00:00  -  Run Local Usage
		Usr 0 00:16:46, Sys 0 00:00:21  -  Total Remote Usage
		Usr 0 00:00:00, Sys 0 00:00:00  -  Total Local Usage
	4605  -  Run Bytes Sent By Job
	11052  -  Run Bytes Received By Job
	4605  -  Total Bytes Sent By Job
	11052  -  Total Bytes Received By Job
	Partitionable Resources :     Usage  Request Allocated 
	   Cpus                 :      0.90        1         1 
	   Disk (KB)            : 122897          12      3904 
	   GPUs                 :                            0 
	   Memory (MB)          :   1159        3000      3000 

	Job terminated of its own accord at 2025-03-10T16:23:37Z with exit-code 0.
...
