000 (13689642.000.000) 03/10 16:01:07 Job submitted from host: <137.138.120.116:9618?addrs=137.138.120.116-9618+[2001-1458-d00-16--17b]-9618&alias=bigbird12.cern.ch&noUDP&sock=schedd_5055_e355>
...
040 (13689642.000.000) 03/10 16:04:36 Started transferring input files
	Transferring to host: <128.142.248.101:9618?addrs=128.142.248.101-9618+[2001-1458-301-73--100-155]-9618&alias=b9g23p7156.cern.ch&noUDP&sock=slot1_47_4191_b044_26129>
...
040 (13689642.000.000) 03/10 16:04:36 Finished transferring input files
...
001 (13689642.000.000) 03/10 16:04:37 Job executing on host: <128.142.248.101:9618?addrs=128.142.248.101-9618+[2001-1458-301-73--100-155]-9618&alias=b9g23p7156.cern.ch&noUDP&sock=startd_3626_b67f>
	SlotName: slot1_47@b9g23p7156.cern.ch
	CondorScratchDir = "/pool/condor/dir_3605142"
	Cpus = 1
	Disk = 3851
	GPUs = 0
	Memory = 3000
...
006 (13689642.000.000) 03/10 16:04:50 Image size of job updated: 90776
	89  -  MemoryUsage of job (MB)
	90776  -  ResidentSetSize of job (KB)
...
006 (13689642.000.000) 03/10 16:09:50 Image size of job updated: 740252
	723  -  MemoryUsage of job (MB)
	740252  -  ResidentSetSize of job (KB)
...
006 (13689642.000.000) 03/10 16:14:51 Image size of job updated: 785784
	768  -  MemoryUsage of job (MB)
	785784  -  ResidentSetSize of job (KB)
...
006 (13689642.000.000) 03/10 16:19:51 Image size of job updated: 836660
	818  -  MemoryUsage of job (MB)
	836660  -  ResidentSetSize of job (KB)
...
006 (13689642.000.000) 03/10 16:24:51 Image size of job updated: 885576
	865  -  MemoryUsage of job (MB)
	885576  -  ResidentSetSize of job (KB)
...
006 (13689642.000.000) 03/10 16:29:52 Image size of job updated: 918148
	897  -  MemoryUsage of job (MB)
	918148  -  ResidentSetSize of job (KB)
...
006 (13689642.000.000) 03/10 16:34:53 Image size of job updated: 953560
	932  -  MemoryUsage of job (MB)
	953560  -  ResidentSetSize of job (KB)
...
006 (13689642.000.000) 03/10 16:39:53 Image size of job updated: 983400
	961  -  MemoryUsage of job (MB)
	983400  -  ResidentSetSize of job (KB)
...
006 (13689642.000.000) 03/10 16:44:54 Image size of job updated: 1017440
	994  -  MemoryUsage of job (MB)
	1017440  -  ResidentSetSize of job (KB)
...
006 (13689642.000.000) 03/10 16:49:55 Image size of job updated: 1051244
	1027  -  MemoryUsage of job (MB)
	1051244  -  ResidentSetSize of job (KB)
...
006 (13689642.000.000) 03/10 16:54:55 Image size of job updated: 1075896
	1051  -  MemoryUsage of job (MB)
	1075896  -  ResidentSetSize of job (KB)
...
006 (13689642.000.000) 03/10 16:59:56 Image size of job updated: 1104292
	1079  -  MemoryUsage of job (MB)
	1104292  -  ResidentSetSize of job (KB)
...
006 (13689642.000.000) 03/10 17:04:57 Image size of job updated: 1137928
	1112  -  MemoryUsage of job (MB)
	1137928  -  ResidentSetSize of job (KB)
...
006 (13689642.000.000) 03/10 17:09:57 Image size of job updated: 1162236
	1135  -  MemoryUsage of job (MB)
	1162236  -  ResidentSetSize of job (KB)
...
006 (13689642.000.000) 03/10 17:14:57 Image size of job updated: 1172292
	1145  -  MemoryUsage of job (MB)
	1172292  -  ResidentSetSize of job (KB)
...
006 (13689642.000.000) 03/10 17:19:58 Image size of job updated: 1189704
	1162  -  MemoryUsage of job (MB)
	1189704  -  ResidentSetSize of job (KB)
...
006 (13689642.000.000) 03/10 17:24:58 Image size of job updated: 1204484
	1177  -  MemoryUsage of job (MB)
	1204484  -  ResidentSetSize of job (KB)
...
006 (13689642.000.000) 03/10 17:29:58 Image size of job updated: 1218128
	1190  -  MemoryUsage of job (MB)
	1218128  -  ResidentSetSize of job (KB)
...
006 (13689642.000.000) 03/10 17:34:59 Image size of job updated: 1224012
	1196  -  MemoryUsage of job (MB)
	1224012  -  ResidentSetSize of job (KB)
...
006 (13689642.000.000) 03/10 17:39:59 Image size of job updated: 1243480
	1215  -  MemoryUsage of job (MB)
	1243480  -  ResidentSetSize of job (KB)
...
006 (13689642.000.000) 03/10 17:43:25 Image size of job updated: 1585936
	1215  -  MemoryUsage of job (MB)
	1243480  -  ResidentSetSize of job (KB)
...
040 (13689642.000.000) 03/10 17:43:25 Started transferring output files
...
040 (13689642.000.000) 03/10 17:43:25 Finished transferring output files
...
005 (13689642.000.000) 03/10 17:43:25 Job terminated.
	(1) Normal termination (return value 0)
		Usr 0 00:45:27, Sys 0 00:00:38  -  Run Remote Usage
		Usr 0 00:00:00, Sys 0 00:00:00  -  Run Local Usage
		Usr 0 00:45:27, Sys 0 00:00:38  -  Total Remote Usage
		Usr 0 00:00:00, Sys 0 00:00:00  -  Total Local Usage
	5883  -  Run Bytes Sent By Job
	11052  -  Run Bytes Received By Job
	5883  -  Total Bytes Sent By Job
	11052  -  Total Bytes Received By Job
	Partitionable Resources :     Usage  Request Allocated 
	   Cpus                 :      0.01        1         1 
	   Disk (KB)            : 172415          12      3851 
	   GPUs                 :                            0 
	   Memory (MB)          :   1215        3000      3000 

	Job terminated of its own accord at 2025-03-10T16:43:25Z with exit-code 0.
...
