000 (13689559.000.000) 03/10 16:00:20 Job submitted from host: <137.138.120.116:9618?addrs=137.138.120.116-9618+[2001-1458-d00-16--17b]-9618&alias=bigbird12.cern.ch&noUDP&sock=schedd_5055_e355>
...
040 (13689559.000.000) 03/10 16:04:10 Started transferring input files
	Transferring to host: <188.185.211.16:9618?addrs=188.185.211.16-9618+[2001-1458-303-16--100-c]-9618&alias=b9p23p6347.cern.ch&noUDP&sock=slot1_37_10532_7f25_104230>
...
040 (13689559.000.000) 03/10 16:04:10 Finished transferring input files
...
001 (13689559.000.000) 03/10 16:04:11 Job executing on host: <188.185.211.16:9618?addrs=188.185.211.16-9618+[2001-1458-303-16--100-c]-9618&alias=b9p23p6347.cern.ch&noUDP&sock=startd_9437_9356>
	SlotName: slot1_37@b9p23p6347.cern.ch
	CondorScratchDir = "/pool/condor/dir_1801550"
	Cpus = 1
	Disk = 3794
	GPUs = 0
	Memory = 3000
...
006 (13689559.000.000) 03/10 16:04:20 Image size of job updated: 555172
	543  -  MemoryUsage of job (MB)
	555172  -  ResidentSetSize of job (KB)
...
006 (13689559.000.000) 03/10 16:09:21 Image size of job updated: 1882340
	1839  -  MemoryUsage of job (MB)
	1882340  -  ResidentSetSize of job (KB)
...
006 (13689559.000.000) 03/10 16:14:21 Image size of job updated: 1937380
	1892  -  MemoryUsage of job (MB)
	1937380  -  ResidentSetSize of job (KB)
...
006 (13689559.000.000) 03/10 16:19:22 Image size of job updated: 2005612
	1959  -  MemoryUsage of job (MB)
	2005612  -  ResidentSetSize of job (KB)
...
006 (13689559.000.000) 03/10 16:24:23 Image size of job updated: 2051896
	2004  -  MemoryUsage of job (MB)
	2051896  -  ResidentSetSize of job (KB)
...
006 (13689559.000.000) 03/10 16:29:23 Image size of job updated: 2100492
	2052  -  MemoryUsage of job (MB)
	2100492  -  ResidentSetSize of job (KB)
...
006 (13689559.000.000) 03/10 16:34:23 Image size of job updated: 2144116
	2094  -  MemoryUsage of job (MB)
	2144116  -  ResidentSetSize of job (KB)
...
006 (13689559.000.000) 03/10 16:39:24 Image size of job updated: 2186608
	2136  -  MemoryUsage of job (MB)
	2186608  -  ResidentSetSize of job (KB)
...
006 (13689559.000.000) 03/10 16:44:24 Image size of job updated: 2225156
	2174  -  MemoryUsage of job (MB)
	2225156  -  ResidentSetSize of job (KB)
...
006 (13689559.000.000) 03/10 16:49:24 Image size of job updated: 2269484
	2217  -  MemoryUsage of job (MB)
	2269484  -  ResidentSetSize of job (KB)
...
006 (13689559.000.000) 03/10 16:54:25 Image size of job updated: 2306592
	2253  -  MemoryUsage of job (MB)
	2306592  -  ResidentSetSize of job (KB)
...
006 (13689559.000.000) 03/10 16:59:26 Image size of job updated: 2341828
	2287  -  MemoryUsage of job (MB)
	2341828  -  ResidentSetSize of job (KB)
...
006 (13689559.000.000) 03/10 17:04:26 Image size of job updated: 2387248
	2332  -  MemoryUsage of job (MB)
	2387248  -  ResidentSetSize of job (KB)
...
040 (13689559.000.000) 03/10 17:07:24 Started transferring output files
...
040 (13689559.000.000) 03/10 17:07:24 Finished transferring output files
...
005 (13689559.000.000) 03/10 17:07:24 Job terminated.
	(1) Normal termination (return value 0)
		Usr 0 00:31:07, Sys 0 00:00:38  -  Run Remote Usage
		Usr 0 00:00:00, Sys 0 00:00:00  -  Run Local Usage
		Usr 0 00:31:07, Sys 0 00:00:38  -  Total Remote Usage
		Usr 0 00:00:00, Sys 0 00:00:00  -  Total Local Usage
	5726  -  Run Bytes Sent By Job
	11046  -  Run Bytes Received By Job
	5726  -  Total Bytes Sent By Job
	11046  -  Total Bytes Received By Job
	Partitionable Resources :     Usage  Request Allocated 
	   Cpus                 :      0.65        1         1 
	   Disk (KB)            : 182483          12      3794 
	   GPUs                 :                            0 
	   Memory (MB)          :   2332        3000      3000 

	Job terminated of its own accord at 2025-03-10T16:07:24Z with exit-code 0.
...
