000 (13689585.000.000) 03/10 16:00:38 Job submitted from host: <137.138.120.116:9618?addrs=137.138.120.116-9618+[2001-1458-d00-16--17b]-9618&alias=bigbird12.cern.ch&noUDP&sock=schedd_5055_e355>
...
040 (13689585.000.000) 03/10 16:04:19 Started transferring input files
	Transferring to host: <188.185.208.69:9618?addrs=188.185.208.69-9618+[2001-1458-303-f--100-42]-9618&alias=b9p09p8527.cern.ch&noUDP&sock=slot1_13_3675_1eaf_110948>
...
040 (13689585.000.000) 03/10 16:04:19 Finished transferring input files
...
001 (13689585.000.000) 03/10 16:04:20 Job executing on host: <188.185.208.69:9618?addrs=188.185.208.69-9618+[2001-1458-303-f--100-42]-9618&alias=b9p09p8527.cern.ch&noUDP&sock=startd_3636_9271>
	SlotName: slot1_13@b9p09p8527.cern.ch
	CondorScratchDir = "/pool/condor/dir_1615011"
	Cpus = 1
	Disk = 3836
	GPUs = 0
	Memory = 3000
...
006 (13689585.000.000) 03/10 16:04:28 Image size of job updated: 150156
	147  -  MemoryUsage of job (MB)
	150156  -  ResidentSetSize of job (KB)
...
006 (13689585.000.000) 03/10 16:09:28 Image size of job updated: 1162448
	1136  -  MemoryUsage of job (MB)
	1162448  -  ResidentSetSize of job (KB)
...
006 (13689585.000.000) 03/10 16:14:28 Image size of job updated: 1226296
	1198  -  MemoryUsage of job (MB)
	1226296  -  ResidentSetSize of job (KB)
...
006 (13689585.000.000) 03/10 16:19:29 Image size of job updated: 1282572
	1253  -  MemoryUsage of job (MB)
	1282572  -  ResidentSetSize of job (KB)
...
006 (13689585.000.000) 03/10 16:24:29 Image size of job updated: 1335740
	1305  -  MemoryUsage of job (MB)
	1335740  -  ResidentSetSize of job (KB)
...
006 (13689585.000.000) 03/10 16:29:29 Image size of job updated: 1380348
	1348  -  MemoryUsage of job (MB)
	1380348  -  ResidentSetSize of job (KB)
...
006 (13689585.000.000) 03/10 16:34:30 Image size of job updated: 1429564
	1397  -  MemoryUsage of job (MB)
	1429564  -  ResidentSetSize of job (KB)
...
006 (13689585.000.000) 03/10 16:39:31 Image size of job updated: 1468380
	1434  -  MemoryUsage of job (MB)
	1468380  -  ResidentSetSize of job (KB)
...
006 (13689585.000.000) 03/10 16:44:31 Image size of job updated: 1511696
	1477  -  MemoryUsage of job (MB)
	1511696  -  ResidentSetSize of job (KB)
...
006 (13689585.000.000) 03/10 16:49:32 Image size of job updated: 1549452
	1514  -  MemoryUsage of job (MB)
	1549452  -  ResidentSetSize of job (KB)
...
006 (13689585.000.000) 03/10 16:54:33 Image size of job updated: 1586520
	1550  -  MemoryUsage of job (MB)
	1586520  -  ResidentSetSize of job (KB)
...
006 (13689585.000.000) 03/10 16:59:33 Image size of job updated: 1630616
	1593  -  MemoryUsage of job (MB)
	1630616  -  ResidentSetSize of job (KB)
...
006 (13689585.000.000) 03/10 17:04:34 Image size of job updated: 1676336
	1638  -  MemoryUsage of job (MB)
	1676336  -  ResidentSetSize of job (KB)
...
040 (13689585.000.000) 03/10 17:07:02 Started transferring output files
...
040 (13689585.000.000) 03/10 17:07:02 Finished transferring output files
...
005 (13689585.000.000) 03/10 17:07:02 Job terminated.
	(1) Normal termination (return value 0)
		Usr 0 00:31:02, Sys 0 00:00:40  -  Run Remote Usage
		Usr 0 00:00:00, Sys 0 00:00:00  -  Run Local Usage
		Usr 0 00:31:02, Sys 0 00:00:40  -  Total Remote Usage
		Usr 0 00:00:00, Sys 0 00:00:00  -  Total Local Usage
	5730  -  Run Bytes Sent By Job
	11052  -  Run Bytes Received By Job
	5730  -  Total Bytes Sent By Job
	11052  -  Total Bytes Received By Job
	Partitionable Resources :     Usage  Request Allocated 
	   Cpus                 :      0.25        1         1 
	   Disk (KB)            : 185271          12      3836 
	   GPUs                 :                            0 
	   Memory (MB)          :   1638        3000      3000 

	Job terminated of its own accord at 2025-03-10T16:07:02Z with exit-code 0.
...
