000 (13689629.000.000) 03/10 16:01:00 Job submitted from host: <137.138.120.116:9618?addrs=137.138.120.116-9618+[2001-1458-d00-16--17b]-9618&alias=bigbird12.cern.ch&noUDP&sock=schedd_5055_e355>
...
040 (13689629.000.000) 03/10 16:04:32 Started transferring input files
	Transferring to host: <128.142.240.25:9618?addrs=128.142.240.25-9618+[2001-1458-301-11--100-19]-9618&alias=b9g29p8672.cern.ch&noUDP&sock=slot1_25_3678516_0bcb_127278>
...
040 (13689629.000.000) 03/10 16:04:33 Finished transferring input files
...
001 (13689629.000.000) 03/10 16:04:33 Job executing on host: <128.142.240.25:9618?addrs=128.142.240.25-9618+[2001-1458-301-11--100-19]-9618&alias=b9g29p8672.cern.ch&noUDP&sock=startd_3639571_8ed5>
	SlotName: slot1_25@b9g29p8672.cern.ch
	CondorScratchDir = "/pool/condor/dir_470066"
	Cpus = 1
	Disk = 3858
	GPUs = 0
	Memory = 3000
...
006 (13689629.000.000) 03/10 16:04:42 Image size of job updated: 89860
	88  -  MemoryUsage of job (MB)
	89860  -  ResidentSetSize of job (KB)
...
006 (13689629.000.000) 03/10 16:09:43 Image size of job updated: 1098092
	1073  -  MemoryUsage of job (MB)
	1098092  -  ResidentSetSize of job (KB)
...
006 (13689629.000.000) 03/10 16:14:43 Image size of job updated: 1156552
	1130  -  MemoryUsage of job (MB)
	1156552  -  ResidentSetSize of job (KB)
...
006 (13689629.000.000) 03/10 16:19:44 Image size of job updated: 1226972
	1199  -  MemoryUsage of job (MB)
	1226972  -  ResidentSetSize of job (KB)
...
006 (13689629.000.000) 03/10 16:24:45 Image size of job updated: 1265016
	1236  -  MemoryUsage of job (MB)
	1265016  -  ResidentSetSize of job (KB)
...
006 (13689629.000.000) 03/10 16:29:45 Image size of job updated: 1305720
	1276  -  MemoryUsage of job (MB)
	1305720  -  ResidentSetSize of job (KB)
...
006 (13689629.000.000) 03/10 16:34:46 Image size of job updated: 1344392
	1313  -  MemoryUsage of job (MB)
	1344392  -  ResidentSetSize of job (KB)
...
006 (13689629.000.000) 03/10 16:39:47 Image size of job updated: 1384660
	1353  -  MemoryUsage of job (MB)
	1384660  -  ResidentSetSize of job (KB)
...
006 (13689629.000.000) 03/10 16:44:47 Image size of job updated: 1423356
	1390  -  MemoryUsage of job (MB)
	1423356  -  ResidentSetSize of job (KB)
...
006 (13689629.000.000) 03/10 16:49:47 Image size of job updated: 1456852
	1423  -  MemoryUsage of job (MB)
	1456852  -  ResidentSetSize of job (KB)
...
006 (13689629.000.000) 03/10 16:54:49 Image size of job updated: 1493556
	1459  -  MemoryUsage of job (MB)
	1493556  -  ResidentSetSize of job (KB)
...
006 (13689629.000.000) 03/10 16:59:49 Image size of job updated: 1530092
	1495  -  MemoryUsage of job (MB)
	1530092  -  ResidentSetSize of job (KB)
...
006 (13689629.000.000) 03/10 17:04:49 Image size of job updated: 1566012
	1530  -  MemoryUsage of job (MB)
	1566012  -  ResidentSetSize of job (KB)
...
006 (13689629.000.000) 03/10 17:09:50 Image size of job updated: 1599692
	1563  -  MemoryUsage of job (MB)
	1599692  -  ResidentSetSize of job (KB)
...
040 (13689629.000.000) 03/10 17:12:34 Started transferring output files
...
040 (13689629.000.000) 03/10 17:12:34 Finished transferring output files
...
005 (13689629.000.000) 03/10 17:12:34 Job terminated.
	(1) Normal termination (return value 0)
		Usr 0 00:34:19, Sys 0 00:00:45  -  Run Remote Usage
		Usr 0 00:00:00, Sys 0 00:00:00  -  Run Local Usage
		Usr 0 00:34:19, Sys 0 00:00:45  -  Total Remote Usage
		Usr 0 00:00:00, Sys 0 00:00:00  -  Total Local Usage
	5571  -  Run Bytes Sent By Job
	11052  -  Run Bytes Received By Job
	5571  -  Total Bytes Sent By Job
	11052  -  Total Bytes Received By Job
	Partitionable Resources :     Usage  Request Allocated 
	   Cpus                 :      0.59        1         1 
	   Disk (KB)            : 171347          12      3858 
	   GPUs                 :                            0 
	   Memory (MB)          :   1563        3000      3000 

	Job terminated of its own accord at 2025-03-10T16:12:34Z with exit-code 0.
...
