000 (13689670.000.000) 03/10 16:01:25 Job submitted from host: <137.138.120.116:9618?addrs=137.138.120.116-9618+[2001-1458-d00-16--17b]-9618&alias=bigbird12.cern.ch&noUDP&sock=schedd_5055_e355>
...
040 (13689670.000.000) 03/10 16:20:03 Started transferring input files
	Transferring to host: <188.185.212.54:9618?addrs=188.185.212.54-9618+[2001-1458-303-18--100-32]-9618&alias=b9p25p8074.cern.ch&noUDP&sock=slot1_20_4535_1151_33145>
...
040 (13689670.000.000) 03/10 16:20:03 Finished transferring input files
...
001 (13689670.000.000) 03/10 16:20:04 Job executing on host: <188.185.212.54:9618?addrs=188.185.212.54-9618+[2001-1458-303-18--100-32]-9618&alias=b9p25p8074.cern.ch&noUDP&sock=startd_3743_f713>
	SlotName: slot1_20@b9p25p8074.cern.ch
	CondorScratchDir = "/pool/condor/dir_1755046"
	Cpus = 1
	Disk = 3775
	GPUs = 0
	Memory = 3000
...
006 (13689670.000.000) 03/10 16:20:17 Image size of job updated: 936
	1  -  MemoryUsage of job (MB)
	936  -  ResidentSetSize of job (KB)
...
006 (13689670.000.000) 03/10 16:25:17 Image size of job updated: 737036
	720  -  MemoryUsage of job (MB)
	737036  -  ResidentSetSize of job (KB)
...
006 (13689670.000.000) 03/10 16:30:18 Image size of job updated: 790276
	772  -  MemoryUsage of job (MB)
	790276  -  ResidentSetSize of job (KB)
...
006 (13689670.000.000) 03/10 16:35:18 Image size of job updated: 852760
	833  -  MemoryUsage of job (MB)
	852760  -  ResidentSetSize of job (KB)
...
006 (13689670.000.000) 03/10 16:40:18 Image size of job updated: 897724
	877  -  MemoryUsage of job (MB)
	897724  -  ResidentSetSize of job (KB)
...
006 (13689670.000.000) 03/10 16:45:19 Image size of job updated: 939448
	918  -  MemoryUsage of job (MB)
	939448  -  ResidentSetSize of job (KB)
...
006 (13689670.000.000) 03/10 16:50:19 Image size of job updated: 977576
	955  -  MemoryUsage of job (MB)
	977576  -  ResidentSetSize of job (KB)
...
006 (13689670.000.000) 03/10 16:55:20 Image size of job updated: 1015784
	992  -  MemoryUsage of job (MB)
	1015784  -  ResidentSetSize of job (KB)
...
006 (13689670.000.000) 03/10 17:00:21 Image size of job updated: 1055176
	1031  -  MemoryUsage of job (MB)
	1055176  -  ResidentSetSize of job (KB)
...
006 (13689670.000.000) 03/10 17:05:21 Image size of job updated: 1095032
	1070  -  MemoryUsage of job (MB)
	1095032  -  ResidentSetSize of job (KB)
...
006 (13689670.000.000) 03/10 17:07:37 Image size of job updated: 1435460
	1070  -  MemoryUsage of job (MB)
	1095032  -  ResidentSetSize of job (KB)
...
040 (13689670.000.000) 03/10 17:07:37 Started transferring output files
...
040 (13689670.000.000) 03/10 17:07:37 Finished transferring output files
...
005 (13689670.000.000) 03/10 17:07:37 Job terminated.
	(1) Normal termination (return value 0)
		Usr 0 00:21:42, Sys 0 00:00:31  -  Run Remote Usage
		Usr 0 00:00:00, Sys 0 00:00:00  -  Run Local Usage
		Usr 0 00:21:42, Sys 0 00:00:31  -  Total Remote Usage
		Usr 0 00:00:00, Sys 0 00:00:00  -  Total Local Usage
	4764  -  Run Bytes Sent By Job
	11052  -  Run Bytes Received By Job
	4764  -  Total Bytes Sent By Job
	11052  -  Total Bytes Received By Job
	Partitionable Resources :     Usage  Request Allocated 
	   Cpus                 :      0.84        1         1 
	   Disk (KB)            : 127727          12      3775 
	   GPUs                 :                            0 
	   Memory (MB)          :   1070        3000      3000 

	Job terminated of its own accord at 2025-03-10T16:07:37Z with exit-code 0.
...
