000 (13689728.000.000) 03/10 16:02:07 Job submitted from host: <137.138.120.116:9618?addrs=137.138.120.116-9618+[2001-1458-d00-16--17b]-9618&alias=bigbird12.cern.ch&noUDP&sock=schedd_5055_e355>
...
040 (13689728.000.000) 03/10 16:43:42 Started transferring input files
	Transferring to host: <188.185.208.154:9618?addrs=188.185.208.154-9618+[2001-1458-303-10--100-17]-9618&alias=b9p10p8914.cern.ch&noUDP&sock=slot1_20_3713_e4f0_110711>
...
040 (13689728.000.000) 03/10 16:43:42 Finished transferring input files
...
001 (13689728.000.000) 03/10 16:43:43 Job executing on host: <188.185.208.154:9618?addrs=188.185.208.154-9618+[2001-1458-303-10--100-17]-9618&alias=b9p10p8914.cern.ch&noUDP&sock=startd_3651_dc5d>
	SlotName: slot1_20@b9p10p8914.cern.ch
	CondorScratchDir = "/pool/condor/dir_3849372"
	Cpus = 1
	Disk = 3658
	GPUs = 0
	Memory = 3000
...
006 (13689728.000.000) 03/10 16:43:52 Image size of job updated: 589184
	576  -  MemoryUsage of job (MB)
	589184  -  ResidentSetSize of job (KB)
...
006 (13689728.000.000) 03/10 16:48:53 Image size of job updated: 2458040
	2401  -  MemoryUsage of job (MB)
	2458040  -  ResidentSetSize of job (KB)
...
040 (13689728.000.000) 03/10 16:50:51 Started transferring output files
...
040 (13689728.000.000) 03/10 16:50:51 Finished transferring output files
...
005 (13689728.000.000) 03/10 16:50:51 Job terminated.
	(1) Normal termination (return value 0)
		Usr 0 00:02:11, Sys 0 00:00:11  -  Run Remote Usage
		Usr 0 00:00:00, Sys 0 00:00:00  -  Run Local Usage
		Usr 0 00:02:11, Sys 0 00:00:11  -  Total Remote Usage
		Usr 0 00:00:00, Sys 0 00:00:00  -  Total Local Usage
	2988  -  Run Bytes Sent By Job
	11052  -  Run Bytes Received By Job
	2988  -  Total Bytes Sent By Job
	11052  -  Total Bytes Received By Job
	Partitionable Resources :    Usage  Request Allocated 
	   Cpus                 :     0.89        1         1 
	   Disk (KB)            : 19762          12      3658 
	   GPUs                 :                           0 
	   Memory (MB)          :  2401        3000      3000 

	Job terminated of its own accord at 2025-03-10T15:50:51Z with exit-code 0.
...
