000 (13689624.000.000) 03/10 16:00:58 Job submitted from host: <137.138.120.116:9618?addrs=137.138.120.116-9618+[2001-1458-d00-16--17b]-9618&alias=bigbird12.cern.ch&noUDP&sock=schedd_5055_e355>
...
040 (13689624.000.000) 03/10 16:04:31 Started transferring input files
	Transferring to host: <188.185.212.32:9618?addrs=188.185.212.32-9618+[2001-1458-303-18--100-1c]-9618&alias=b9p25p8766.cern.ch&noUDP&sock=slot1_47_5316_5a51_35050>
...
040 (13689624.000.000) 03/10 16:04:31 Finished transferring input files
...
001 (13689624.000.000) 03/10 16:04:32 Job executing on host: <188.185.212.32:9618?addrs=188.185.212.32-9618+[2001-1458-303-18--100-1c]-9618&alias=b9p25p8766.cern.ch&noUDP&sock=startd_4277_3ea6>
	SlotName: slot1_47@b9p25p8766.cern.ch
	CondorScratchDir = "/pool/condor/dir_1289225"
	Cpus = 1
	Disk = 3782
	GPUs = 0
	Memory = 3000
...
006 (13689624.000.000) 03/10 16:04:46 Image size of job updated: 129024
	126  -  MemoryUsage of job (MB)
	129024  -  ResidentSetSize of job (KB)
...
006 (13689624.000.000) 03/10 16:09:47 Image size of job updated: 745896
	729  -  MemoryUsage of job (MB)
	745896  -  ResidentSetSize of job (KB)
...
006 (13689624.000.000) 03/10 16:14:47 Image size of job updated: 800876
	783  -  MemoryUsage of job (MB)
	800876  -  ResidentSetSize of job (KB)
...
006 (13689624.000.000) 03/10 16:19:47 Image size of job updated: 871876
	852  -  MemoryUsage of job (MB)
	871876  -  ResidentSetSize of job (KB)
...
006 (13689624.000.000) 03/10 16:23:52 Image size of job updated: 1176528
	852  -  MemoryUsage of job (MB)
	871876  -  ResidentSetSize of job (KB)
...
040 (13689624.000.000) 03/10 16:23:52 Started transferring output files
...
040 (13689624.000.000) 03/10 16:23:52 Finished transferring output files
...
005 (13689624.000.000) 03/10 16:23:52 Job terminated.
	(1) Normal termination (return value 0)
		Usr 0 00:09:18, Sys 0 00:00:21  -  Run Remote Usage
		Usr 0 00:00:00, Sys 0 00:00:00  -  Run Local Usage
		Usr 0 00:09:18, Sys 0 00:00:21  -  Total Remote Usage
		Usr 0 00:00:00, Sys 0 00:00:00  -  Total Local Usage
	3631  -  Run Bytes Sent By Job
	11052  -  Run Bytes Received By Job
	3631  -  Total Bytes Sent By Job
	11052  -  Total Bytes Received By Job
	Partitionable Resources :    Usage  Request Allocated 
	   Cpus                 :     0.68        1         1 
	   Disk (KB)            : 53747          12      3782 
	   GPUs                 :                           0 
	   Memory (MB)          :   852        3000      3000 

	Job terminated of its own accord at 2025-03-10T15:23:52Z with exit-code 0.
...
