000 (13689535.000.000) 03/10 16:00:00 Job submitted from host: <137.138.120.116:9618?addrs=137.138.120.116-9618+[2001-1458-d00-16--17b]-9618&alias=bigbird12.cern.ch&noUDP&sock=schedd_5055_e355>
...
040 (13689535.000.000) 03/10 16:04:01 Started transferring input files
	Transferring to host: <188.185.212.196:9618?addrs=188.185.212.196-9618+[2001-1458-303-19--100-40]-9618&alias=b9p26p0182.cern.ch&noUDP&sock=slot1_39_1695923_ec7d_32365>
...
040 (13689535.000.000) 03/10 16:04:01 Finished transferring input files
...
001 (13689535.000.000) 03/10 16:04:02 Job executing on host: <188.185.212.196:9618?addrs=188.185.212.196-9618+[2001-1458-303-19--100-40]-9618&alias=b9p26p0182.cern.ch&noUDP&sock=startd_5154_cb35>
	SlotName: slot1_39@b9p26p0182.cern.ch
	CondorScratchDir = "/pool/condor/dir_1796872"
	Cpus = 1
	Disk = 3748
	GPUs = 0
	Memory = 3000
...
006 (13689535.000.000) 03/10 16:04:16 Image size of job updated: 134048
	131  -  MemoryUsage of job (MB)
	134048  -  ResidentSetSize of job (KB)
...
006 (13689535.000.000) 03/10 16:09:17 Image size of job updated: 755776
	739  -  MemoryUsage of job (MB)
	755776  -  ResidentSetSize of job (KB)
...
006 (13689535.000.000) 03/10 16:10:01 Image size of job updated: 942020
	739  -  MemoryUsage of job (MB)
	755776  -  ResidentSetSize of job (KB)
...
040 (13689535.000.000) 03/10 16:10:01 Started transferring output files
...
040 (13689535.000.000) 03/10 16:10:01 Finished transferring output files
...
005 (13689535.000.000) 03/10 16:10:01 Job terminated.
	(1) Normal termination (return value 0)
		Usr 0 00:02:20, Sys 0 00:00:11  -  Run Remote Usage
		Usr 0 00:00:00, Sys 0 00:00:00  -  Run Local Usage
		Usr 0 00:02:20, Sys 0 00:00:11  -  Total Remote Usage
		Usr 0 00:00:00, Sys 0 00:00:00  -  Total Local Usage
	2982  -  Run Bytes Sent By Job
	11046  -  Run Bytes Received By Job
	2982  -  Total Bytes Sent By Job
	11046  -  Total Bytes Received By Job
	Partitionable Resources :    Usage  Request Allocated 
	   Cpus                 :        0        1         1 
	   Disk (KB)            :    19746       12      3748 
	   GPUs                 :                           0 
	   Memory (MB)          :      739     3000      3000 

	Job terminated of its own accord at 2025-03-10T15:10:01Z with exit-code 0.
...
