000 (13689712.000.000) 03/10 16:01:57 Job submitted from host: <137.138.120.116:9618?addrs=137.138.120.116-9618+[2001-1458-d00-16--17b]-9618&alias=bigbird12.cern.ch&noUDP&sock=schedd_5055_e355>
...
040 (13689712.000.000) 03/10 16:43:37 Started transferring input files
	Transferring to host: <188.185.192.13:9618?addrs=188.185.192.13-9618+[2001-1458-303-1f--100-9]-9618&alias=b9p13p4484.cern.ch&noUDP&sock=slot1_25_8973_0a46_19968>
...
040 (13689712.000.000) 03/10 16:43:37 Finished transferring input files
...
001 (13689712.000.000) 03/10 16:43:38 Job executing on host: <188.185.192.13:9618?addrs=188.185.192.13-9618+[2001-1458-303-1f--100-9]-9618&alias=b9p13p4484.cern.ch&noUDP&sock=startd_7707_f07e>
	SlotName: slot1_25@b9p13p4484.cern.ch
	CondorScratchDir = "/pool/condor/dir_3058373"
	Cpus = 1
	Disk = 3677
	GPUs = 0
	Memory = 3000
...
006 (13689712.000.000) 03/10 16:43:52 Image size of job updated: 2368
	3  -  MemoryUsage of job (MB)
	2368  -  ResidentSetSize of job (KB)
...
006 (13689712.000.000) 03/10 16:48:53 Image size of job updated: 741156
	724  -  MemoryUsage of job (MB)
	741156  -  ResidentSetSize of job (KB)
...
006 (13689712.000.000) 03/10 16:53:53 Image size of job updated: 787720
	770  -  MemoryUsage of job (MB)
	787720  -  ResidentSetSize of job (KB)
...
006 (13689712.000.000) 03/10 16:58:53 Image size of job updated: 834852
	816  -  MemoryUsage of job (MB)
	834852  -  ResidentSetSize of job (KB)
...
006 (13689712.000.000) 03/10 17:03:54 Image size of job updated: 881920
	862  -  MemoryUsage of job (MB)
	881920  -  ResidentSetSize of job (KB)
...
006 (13689712.000.000) 03/10 17:08:54 Image size of job updated: 908664
	888  -  MemoryUsage of job (MB)
	908664  -  ResidentSetSize of job (KB)
...
006 (13689712.000.000) 03/10 17:13:54 Image size of job updated: 1030856
	1007  -  MemoryUsage of job (MB)
	1030856  -  ResidentSetSize of job (KB)
...
006 (13689712.000.000) 03/10 17:14:45 Image size of job updated: 1257628
	1007  -  MemoryUsage of job (MB)
	1030856  -  ResidentSetSize of job (KB)
...
040 (13689712.000.000) 03/10 17:14:45 Started transferring output files
...
040 (13689712.000.000) 03/10 17:14:45 Finished transferring output files
...
005 (13689712.000.000) 03/10 17:14:45 Job terminated.
	(1) Normal termination (return value 0)
		Usr 0 00:15:46, Sys 0 00:00:18  -  Run Remote Usage
		Usr 0 00:00:00, Sys 0 00:00:00  -  Run Local Usage
		Usr 0 00:15:46, Sys 0 00:00:18  -  Total Remote Usage
		Usr 0 00:00:00, Sys 0 00:00:00  -  Total Local Usage
	4108  -  Run Bytes Sent By Job
	11052  -  Run Bytes Received By Job
	4108  -  Total Bytes Sent By Job
	11052  -  Total Bytes Received By Job
	Partitionable Resources :    Usage  Request Allocated 
	   Cpus                 :     0.91        1         1 
	   Disk (KB)            : 66925          12      3677 
	   GPUs                 :                           0 
	   Memory (MB)          :  1007        3000      3000 

	Job terminated of its own accord at 2025-03-10T16:14:45Z with exit-code 0.
...
