000 (13689626.000.000) 03/10 16:00:59 Job submitted from host: <137.138.120.116:9618?addrs=137.138.120.116-9618+[2001-1458-d00-16--17b]-9618&alias=bigbird12.cern.ch&noUDP&sock=schedd_5055_e355>
...
040 (13689626.000.000) 03/10 16:04:51 Started transferring input files
	Transferring to host: <188.185.196.108:9618?addrs=188.185.196.108-9618+[2001-1458-303-23--100-68]-9618&alias=b9p16p4013.cern.ch&noUDP&sock=slot1_7_6263_9998_21197>
...
040 (13689626.000.000) 03/10 16:04:51 Finished transferring input files
...
001 (13689626.000.000) 03/10 16:04:52 Job executing on host: <188.185.196.108:9618?addrs=188.185.196.108-9618+[2001-1458-303-23--100-68]-9618&alias=b9p16p4013.cern.ch&noUDP&sock=startd_4679_fbb9>
	SlotName: slot1_7@b9p16p4013.cern.ch
	CondorScratchDir = "/pool/condor/dir_58713"
	Cpus = 1
	Disk = 3872
	GPUs = 0
	Memory = 3000
...
006 (13689626.000.000) 03/10 16:05:06 Image size of job updated: 130840
	128  -  MemoryUsage of job (MB)
	130840  -  ResidentSetSize of job (KB)
...
006 (13689626.000.000) 03/10 16:10:07 Image size of job updated: 743480
	727  -  MemoryUsage of job (MB)
	743480  -  ResidentSetSize of job (KB)
...
006 (13689626.000.000) 03/10 16:15:08 Image size of job updated: 785776
	768  -  MemoryUsage of job (MB)
	785776  -  ResidentSetSize of job (KB)
...
006 (13689626.000.000) 03/10 16:20:08 Image size of job updated: 835936
	817  -  MemoryUsage of job (MB)
	835936  -  ResidentSetSize of job (KB)
...
006 (13689626.000.000) 03/10 16:25:09 Image size of job updated: 878096
	858  -  MemoryUsage of job (MB)
	878096  -  ResidentSetSize of job (KB)
...
006 (13689626.000.000) 03/10 16:30:10 Image size of job updated: 910132
	889  -  MemoryUsage of job (MB)
	910132  -  ResidentSetSize of job (KB)
...
006 (13689626.000.000) 03/10 16:35:10 Image size of job updated: 949016
	927  -  MemoryUsage of job (MB)
	949016  -  ResidentSetSize of job (KB)
...
006 (13689626.000.000) 03/10 16:40:11 Image size of job updated: 984688
	962  -  MemoryUsage of job (MB)
	984688  -  ResidentSetSize of job (KB)
...
006 (13689626.000.000) 03/10 16:45:12 Image size of job updated: 1019180
	996  -  MemoryUsage of job (MB)
	1019180  -  ResidentSetSize of job (KB)
...
006 (13689626.000.000) 03/10 16:50:12 Image size of job updated: 1052280
	1028  -  MemoryUsage of job (MB)
	1052280  -  ResidentSetSize of job (KB)
...
006 (13689626.000.000) 03/10 16:55:13 Image size of job updated: 1083724
	1059  -  MemoryUsage of job (MB)
	1083724  -  ResidentSetSize of job (KB)
...
006 (13689626.000.000) 03/10 17:00:13 Image size of job updated: 1118028
	1092  -  MemoryUsage of job (MB)
	1118028  -  ResidentSetSize of job (KB)
...
006 (13689626.000.000) 03/10 17:05:13 Image size of job updated: 1149192
	1123  -  MemoryUsage of job (MB)
	1149192  -  ResidentSetSize of job (KB)
...
006 (13689626.000.000) 03/10 17:10:14 Image size of job updated: 1179712
	1153  -  MemoryUsage of job (MB)
	1179712  -  ResidentSetSize of job (KB)
...
006 (13689626.000.000) 03/10 17:15:14 Image size of job updated: 1209760
	1182  -  MemoryUsage of job (MB)
	1209760  -  ResidentSetSize of job (KB)
...
006 (13689626.000.000) 03/10 17:20:14 Image size of job updated: 1243868
	1215  -  MemoryUsage of job (MB)
	1243868  -  ResidentSetSize of job (KB)
...
006 (13689626.000.000) 03/10 17:25:15 Image size of job updated: 1366580
	1311  -  MemoryUsage of job (MB)
	1341472  -  ResidentSetSize of job (KB)
...
006 (13689626.000.000) 03/10 17:26:15 Image size of job updated: 1590460
	1311  -  MemoryUsage of job (MB)
	1341472  -  ResidentSetSize of job (KB)
...
040 (13689626.000.000) 03/10 17:26:15 Started transferring output files
...
040 (13689626.000.000) 03/10 17:26:15 Finished transferring output files
...
005 (13689626.000.000) 03/10 17:26:15 Job terminated.
	(1) Normal termination (return value 0)
		Usr 0 00:48:47, Sys 0 00:00:38  -  Run Remote Usage
		Usr 0 00:00:00, Sys 0 00:00:00  -  Run Local Usage
		Usr 0 00:48:47, Sys 0 00:00:38  -  Total Remote Usage
		Usr 0 00:00:00, Sys 0 00:00:00  -  Total Local Usage
	5885  -  Run Bytes Sent By Job
	11052  -  Run Bytes Received By Job
	5885  -  Total Bytes Sent By Job
	11052  -  Total Bytes Received By Job
	Partitionable Resources :     Usage  Request Allocated 
	   Cpus                 :      0.95        1         1 
	   Disk (KB)            : 178073          12      3872 
	   GPUs                 :                            0 
	   Memory (MB)          :   1311        3000      3000 

	Job terminated of its own accord at 2025-03-10T16:26:15Z with exit-code 0.
...
