000 (13689738.000.000) 03/10 16:02:13 Job submitted from host: <137.138.120.116:9618?addrs=137.138.120.116-9618+[2001-1458-d00-16--17b]-9618&alias=bigbird12.cern.ch&noUDP&sock=schedd_5055_e355>
...
040 (13689738.000.000) 03/10 16:43:45 Started transferring input files
	Transferring to host: <188.185.212.38:9618?addrs=188.185.212.38-9618+[2001-1458-303-18--100-22]-9618&alias=b9p25p7899.cern.ch&noUDP&sock=slot1_39_4374_a0eb_33503>
...
040 (13689738.000.000) 03/10 16:43:45 Finished transferring input files
...
001 (13689738.000.000) 03/10 16:43:46 Job executing on host: <188.185.212.38:9618?addrs=188.185.212.38-9618+[2001-1458-303-18--100-22]-9618&alias=b9p25p7899.cern.ch&noUDP&sock=startd_3694_5aef>
	SlotName: slot1_39@b9p25p7899.cern.ch
	CondorScratchDir = "/pool/condor/dir_451746"
	Cpus = 1
	Disk = 3923
	GPUs = 0
	Memory = 3000
...
006 (13689738.000.000) 03/10 16:43:59 Image size of job updated: 132584
	130  -  MemoryUsage of job (MB)
	132584  -  ResidentSetSize of job (KB)
...
006 (13689738.000.000) 03/10 16:46:46 Image size of job updated: 845832
	130  -  MemoryUsage of job (MB)
	132584  -  ResidentSetSize of job (KB)
...
040 (13689738.000.000) 03/10 16:46:46 Started transferring output files
...
040 (13689738.000.000) 03/10 16:46:46 Finished transferring output files
...
005 (13689738.000.000) 03/10 16:46:47 Job terminated.
	(1) Normal termination (return value 0)
		Usr 0 00:00:50, Sys 0 00:00:07  -  Run Remote Usage
		Usr 0 00:00:00, Sys 0 00:00:00  -  Run Local Usage
		Usr 0 00:00:50, Sys 0 00:00:07  -  Total Remote Usage
		Usr 0 00:00:00, Sys 0 00:00:00  -  Total Local Usage
	2821  -  Run Bytes Sent By Job
	11052  -  Run Bytes Received By Job
	2821  -  Total Bytes Sent By Job
	11052  -  Total Bytes Received By Job
	Partitionable Resources :    Usage  Request Allocated 
	   Cpus                 :        0        1         1 
	   Disk (KB)            :    12769       12      3923 
	   GPUs                 :                           0 
	   Memory (MB)          :      130     3000      3000 

	Job terminated of its own accord at 2025-03-10T15:46:46Z with exit-code 0.
...
