000 (13689731.000.000) 03/10 16:02:09 Job submitted from host: <137.138.120.116:9618?addrs=137.138.120.116-9618+[2001-1458-d00-16--17b]-9618&alias=bigbird12.cern.ch&noUDP&sock=schedd_5055_e355>
...
040 (13689731.000.000) 03/10 16:43:43 Started transferring input files
	Transferring to host: <188.185.210.94:9618?addrs=188.185.210.94-9618+[2001-1458-303-1--100-5a]-9618&alias=b9p21p3410.cern.ch&noUDP&sock=slot1_1_989455_4ec5_9818>
...
040 (13689731.000.000) 03/10 16:43:43 Finished transferring input files
...
001 (13689731.000.000) 03/10 16:43:44 Job executing on host: <188.185.210.94:9618?addrs=188.185.210.94-9618+[2001-1458-303-1--100-5a]-9618&alias=b9p21p3410.cern.ch&noUDP&sock=startd_4445_7a8f>
	SlotName: slot1_1@b9p21p3410.cern.ch
	CondorScratchDir = "/pool/condor/dir_2760173"
	Cpus = 1
	Disk = 3822
	GPUs = 0
	Memory = 3000
...
006 (13689731.000.000) 03/10 16:43:53 Image size of job updated: 137724
	135  -  MemoryUsage of job (MB)
	137724  -  ResidentSetSize of job (KB)
...
006 (13689731.000.000) 03/10 16:48:54 Image size of job updated: 1088020
	1063  -  MemoryUsage of job (MB)
	1088020  -  ResidentSetSize of job (KB)
...
006 (13689731.000.000) 03/10 16:53:55 Image size of job updated: 1134664
	1109  -  MemoryUsage of job (MB)
	1134664  -  ResidentSetSize of job (KB)
...
006 (13689731.000.000) 03/10 16:58:55 Image size of job updated: 1191896
	1164  -  MemoryUsage of job (MB)
	1191896  -  ResidentSetSize of job (KB)
...
006 (13689731.000.000) 03/10 17:03:55 Image size of job updated: 1233712
	1205  -  MemoryUsage of job (MB)
	1233712  -  ResidentSetSize of job (KB)
...
006 (13689731.000.000) 03/10 17:08:56 Image size of job updated: 1284336
	1255  -  MemoryUsage of job (MB)
	1284336  -  ResidentSetSize of job (KB)
...
040 (13689731.000.000) 03/10 17:13:27 Started transferring output files
...
040 (13689731.000.000) 03/10 17:13:27 Finished transferring output files
...
005 (13689731.000.000) 03/10 17:13:27 Job terminated.
	(1) Normal termination (return value 0)
		Usr 0 00:12:07, Sys 0 00:00:20  -  Run Remote Usage
		Usr 0 00:00:00, Sys 0 00:00:00  -  Run Local Usage
		Usr 0 00:12:07, Sys 0 00:00:20  -  Total Remote Usage
		Usr 0 00:00:00, Sys 0 00:00:00  -  Total Local Usage
	3954  -  Run Bytes Sent By Job
	11052  -  Run Bytes Received By Job
	3954  -  Total Bytes Sent By Job
	11052  -  Total Bytes Received By Job
	Partitionable Resources :    Usage  Request Allocated 
	   Cpus                 :     0.02        1         1 
	   Disk (KB)            : 82720          12      3822 
	   GPUs                 :                           0 
	   Memory (MB)          :  1255        3000      3000 

	Job terminated of its own accord at 2025-03-10T16:13:27Z with exit-code 0.
...
