000 (13689489.000.000) 03/10 15:58:54 Job submitted from host: <137.138.120.116:9618?addrs=137.138.120.116-9618+[2001-1458-d00-16--17b]-9618&alias=bigbird12.cern.ch&noUDP&sock=schedd_5055_e355>
...
040 (13689489.000.000) 03/10 16:01:20 Started transferring input files
	Transferring to host: <188.185.211.170:9618?addrs=188.185.211.170-9618+[2001-1458-303-17--100-26]-9618&alias=b9p24p7911.cern.ch&noUDP&sock=slot1_43_2724877_19af_100737>
...
040 (13689489.000.000) 03/10 16:01:20 Finished transferring input files
...
001 (13689489.000.000) 03/10 16:01:21 Job executing on host: <188.185.211.170:9618?addrs=188.185.211.170-9618+[2001-1458-303-17--100-26]-9618&alias=b9p24p7911.cern.ch&noUDP&sock=startd_7421_c468>
	SlotName: slot1_43@b9p24p7911.cern.ch
	CondorScratchDir = "/pool/condor/dir_771270"
	Cpus = 1
	Disk = 3798
	GPUs = 0
	Memory = 3000
...
006 (13689489.000.000) 03/10 16:01:30 Image size of job updated: 134548
	132  -  MemoryUsage of job (MB)
	134548  -  ResidentSetSize of job (KB)
...
006 (13689489.000.000) 03/10 16:06:31 Image size of job updated: 1109872
	1084  -  MemoryUsage of job (MB)
	1109872  -  ResidentSetSize of job (KB)
...
006 (13689489.000.000) 03/10 16:11:32 Image size of job updated: 1168928
	1142  -  MemoryUsage of job (MB)
	1168928  -  ResidentSetSize of job (KB)
...
006 (13689489.000.000) 03/10 16:16:32 Image size of job updated: 1224448
	1196  -  MemoryUsage of job (MB)
	1224448  -  ResidentSetSize of job (KB)
...
006 (13689489.000.000) 03/10 16:21:32 Image size of job updated: 1276304
	1247  -  MemoryUsage of job (MB)
	1276304  -  ResidentSetSize of job (KB)
...
006 (13689489.000.000) 03/10 16:26:33 Image size of job updated: 1317932
	1288  -  MemoryUsage of job (MB)
	1317932  -  ResidentSetSize of job (KB)
...
006 (13689489.000.000) 03/10 16:31:33 Image size of job updated: 1363604
	1332  -  MemoryUsage of job (MB)
	1363604  -  ResidentSetSize of job (KB)
...
006 (13689489.000.000) 03/10 16:36:33 Image size of job updated: 1401404
	1369  -  MemoryUsage of job (MB)
	1401404  -  ResidentSetSize of job (KB)
...
006 (13689489.000.000) 03/10 16:41:34 Image size of job updated: 1442408
	1409  -  MemoryUsage of job (MB)
	1442408  -  ResidentSetSize of job (KB)
...
006 (13689489.000.000) 03/10 16:46:35 Image size of job updated: 1483880
	1450  -  MemoryUsage of job (MB)
	1483880  -  ResidentSetSize of job (KB)
...
006 (13689489.000.000) 03/10 16:51:35 Image size of job updated: 1519876
	1485  -  MemoryUsage of job (MB)
	1519876  -  ResidentSetSize of job (KB)
...
006 (13689489.000.000) 03/10 16:56:36 Image size of job updated: 1554304
	1518  -  MemoryUsage of job (MB)
	1554304  -  ResidentSetSize of job (KB)
...
006 (13689489.000.000) 03/10 17:01:37 Image size of job updated: 1592412
	1556  -  MemoryUsage of job (MB)
	1592412  -  ResidentSetSize of job (KB)
...
040 (13689489.000.000) 03/10 17:03:30 Started transferring output files
...
040 (13689489.000.000) 03/10 17:03:30 Finished transferring output files
...
005 (13689489.000.000) 03/10 17:03:30 Job terminated.
	(1) Normal termination (return value 0)
		Usr 0 00:30:30, Sys 0 00:00:48  -  Run Remote Usage
		Usr 0 00:00:00, Sys 0 00:00:00  -  Run Local Usage
		Usr 0 00:30:30, Sys 0 00:00:48  -  Total Remote Usage
		Usr 0 00:00:00, Sys 0 00:00:00  -  Total Local Usage
	5565  -  Run Bytes Sent By Job
	11046  -  Run Bytes Received By Job
	5565  -  Total Bytes Sent By Job
	11046  -  Total Bytes Received By Job
	Partitionable Resources :     Usage  Request Allocated 
	   Cpus                 :      0.96        1         1 
	   Disk (KB)            : 178087          12      3798 
	   GPUs                 :                            0 
	   Memory (MB)          :   1556        3000      3000 

	Job terminated of its own accord at 2025-03-10T16:03:30Z with exit-code 0.
...
