000 (13689604.000.000) 03/10 16:00:48 Job submitted from host: <137.138.120.116:9618?addrs=137.138.120.116-9618+[2001-1458-d00-16--17b]-9618&alias=bigbird12.cern.ch&noUDP&sock=schedd_5055_e355>
...
040 (13689604.000.000) 03/10 16:04:25 Started transferring input files
	Transferring to host: <188.185.211.100:9618?addrs=188.185.211.100-9618+[2001-1458-303-16--100-60]-9618&alias=b9p23p5193.cern.ch&noUDP&sock=slot1_4_3767_f132_103939>
...
040 (13689604.000.000) 03/10 16:04:25 Finished transferring input files
...
001 (13689604.000.000) 03/10 16:04:26 Job executing on host: <188.185.211.100:9618?addrs=188.185.211.100-9618+[2001-1458-303-16--100-60]-9618&alias=b9p23p5193.cern.ch&noUDP&sock=startd_3026_29ac>
	SlotName: slot1_4@b9p23p5193.cern.ch
	CondorScratchDir = "/pool/condor/dir_3181232"
	Cpus = 1
	Disk = 3822
	GPUs = 0
	Memory = 3000
...
006 (13689604.000.000) 03/10 16:04:34 Image size of job updated: 565392
	553  -  MemoryUsage of job (MB)
	565392  -  ResidentSetSize of job (KB)
...
006 (13689604.000.000) 03/10 16:09:34 Image size of job updated: 1822164
	1780  -  MemoryUsage of job (MB)
	1822164  -  ResidentSetSize of job (KB)
...
006 (13689604.000.000) 03/10 16:14:35 Image size of job updated: 1888240
	1844  -  MemoryUsage of job (MB)
	1888240  -  ResidentSetSize of job (KB)
...
006 (13689604.000.000) 03/10 16:19:36 Image size of job updated: 1952504
	1907  -  MemoryUsage of job (MB)
	1952504  -  ResidentSetSize of job (KB)
...
006 (13689604.000.000) 03/10 16:24:36 Image size of job updated: 1995876
	1950  -  MemoryUsage of job (MB)
	1995876  -  ResidentSetSize of job (KB)
...
006 (13689604.000.000) 03/10 16:29:37 Image size of job updated: 2045860
	1998  -  MemoryUsage of job (MB)
	2045860  -  ResidentSetSize of job (KB)
...
006 (13689604.000.000) 03/10 16:34:38 Image size of job updated: 2098140
	2049  -  MemoryUsage of job (MB)
	2098140  -  ResidentSetSize of job (KB)
...
006 (13689604.000.000) 03/10 16:39:38 Image size of job updated: 2140896
	2091  -  MemoryUsage of job (MB)
	2140896  -  ResidentSetSize of job (KB)
...
006 (13689604.000.000) 03/10 16:44:39 Image size of job updated: 2182336
	2132  -  MemoryUsage of job (MB)
	2182336  -  ResidentSetSize of job (KB)
...
006 (13689604.000.000) 03/10 16:49:40 Image size of job updated: 2233376
	2182  -  MemoryUsage of job (MB)
	2233376  -  ResidentSetSize of job (KB)
...
006 (13689604.000.000) 03/10 16:54:40 Image size of job updated: 2274708
	2222  -  MemoryUsage of job (MB)
	2274708  -  ResidentSetSize of job (KB)
...
006 (13689604.000.000) 03/10 16:59:40 Image size of job updated: 2322088
	2268  -  MemoryUsage of job (MB)
	2322088  -  ResidentSetSize of job (KB)
...
040 (13689604.000.000) 03/10 17:02:19 Started transferring output files
...
040 (13689604.000.000) 03/10 17:02:19 Finished transferring output files
...
005 (13689604.000.000) 03/10 17:02:19 Job terminated.
	(1) Normal termination (return value 0)
		Usr 0 00:30:06, Sys 0 00:00:36  -  Run Remote Usage
		Usr 0 00:00:00, Sys 0 00:00:00  -  Run Local Usage
		Usr 0 00:30:06, Sys 0 00:00:36  -  Total Remote Usage
		Usr 0 00:00:00, Sys 0 00:00:00  -  Total Local Usage
	5730  -  Run Bytes Sent By Job
	11052  -  Run Bytes Received By Job
	5730  -  Total Bytes Sent By Job
	11052  -  Total Bytes Received By Job
	Partitionable Resources :     Usage  Request Allocated 
	   Cpus                 :      0.98        1         1 
	   Disk (KB)            : 178896          12      3822 
	   GPUs                 :                            0 
	   Memory (MB)          :   2268        3000      3000 

	Job terminated of its own accord at 2025-03-10T16:02:19Z with exit-code 0.
...
