000 (13689683.000.000) 03/10 16:01:34 Job submitted from host: <137.138.120.116:9618?addrs=137.138.120.116-9618+[2001-1458-d00-16--17b]-9618&alias=bigbird12.cern.ch&noUDP&sock=schedd_5055_e355>
...
040 (13689683.000.000) 03/10 16:27:09 Started transferring input files
	Transferring to host: <188.185.212.71:9618?addrs=188.185.212.71-9618+[2001-1458-303-18--100-43]-9618&alias=b9p25p6396.cern.ch&noUDP&sock=slot1_27_5982_9c2c_34550>
...
040 (13689683.000.000) 03/10 16:27:09 Finished transferring input files
...
001 (13689683.000.000) 03/10 16:27:10 Job executing on host: <188.185.212.71:9618?addrs=188.185.212.71-9618+[2001-1458-303-18--100-43]-9618&alias=b9p25p6396.cern.ch&noUDP&sock=startd_4807_c7d8>
	SlotName: slot1_27@b9p25p6396.cern.ch
	CondorScratchDir = "/pool/condor/dir_1826330"
	Cpus = 1
	Disk = 3777
	GPUs = 0
	Memory = 3000
...
006 (13689683.000.000) 03/10 16:27:24 Image size of job updated: 84636
	83  -  MemoryUsage of job (MB)
	84636  -  ResidentSetSize of job (KB)
...
006 (13689683.000.000) 03/10 16:32:25 Image size of job updated: 745112
	728  -  MemoryUsage of job (MB)
	745112  -  ResidentSetSize of job (KB)
...
006 (13689683.000.000) 03/10 16:37:25 Image size of job updated: 802328
	784  -  MemoryUsage of job (MB)
	802328  -  ResidentSetSize of job (KB)
...
006 (13689683.000.000) 03/10 16:42:26 Image size of job updated: 865716
	846  -  MemoryUsage of job (MB)
	865716  -  ResidentSetSize of job (KB)
...
006 (13689683.000.000) 03/10 16:47:26 Image size of job updated: 900748
	880  -  MemoryUsage of job (MB)
	900748  -  ResidentSetSize of job (KB)
...
006 (13689683.000.000) 03/10 16:52:26 Image size of job updated: 944344
	923  -  MemoryUsage of job (MB)
	944344  -  ResidentSetSize of job (KB)
...
006 (13689683.000.000) 03/10 16:57:27 Image size of job updated: 984700
	962  -  MemoryUsage of job (MB)
	984700  -  ResidentSetSize of job (KB)
...
006 (13689683.000.000) 03/10 17:02:27 Image size of job updated: 1020584
	997  -  MemoryUsage of job (MB)
	1020584  -  ResidentSetSize of job (KB)
...
006 (13689683.000.000) 03/10 17:07:28 Image size of job updated: 1056040
	1032  -  MemoryUsage of job (MB)
	1056040  -  ResidentSetSize of job (KB)
...
006 (13689683.000.000) 03/10 17:12:29 Image size of job updated: 1091288
	1066  -  MemoryUsage of job (MB)
	1091288  -  ResidentSetSize of job (KB)
...
006 (13689683.000.000) 03/10 17:17:29 Image size of job updated: 1126140
	1100  -  MemoryUsage of job (MB)
	1126140  -  ResidentSetSize of job (KB)
...
006 (13689683.000.000) 03/10 17:22:30 Image size of job updated: 1161528
	1135  -  MemoryUsage of job (MB)
	1161528  -  ResidentSetSize of job (KB)
...
006 (13689683.000.000) 03/10 17:27:30 Image size of job updated: 1196480
	1169  -  MemoryUsage of job (MB)
	1196480  -  ResidentSetSize of job (KB)
...
006 (13689683.000.000) 03/10 17:32:30 Image size of job updated: 1231596
	1203  -  MemoryUsage of job (MB)
	1231596  -  ResidentSetSize of job (KB)
...
006 (13689683.000.000) 03/10 17:37:31 Image size of job updated: 1266172
	1237  -  MemoryUsage of job (MB)
	1266172  -  ResidentSetSize of job (KB)
...
006 (13689683.000.000) 03/10 17:42:31 Image size of job updated: 1626772
	1237  -  MemoryUsage of job (MB)
	1266172  -  ResidentSetSize of job (KB)
...
040 (13689683.000.000) 03/10 17:42:33 Started transferring output files
...
040 (13689683.000.000) 03/10 17:42:33 Finished transferring output files
...
005 (13689683.000.000) 03/10 17:42:33 Job terminated.
	(1) Normal termination (return value 0)
		Usr 0 00:34:40, Sys 0 00:00:49  -  Run Remote Usage
		Usr 0 00:00:00, Sys 0 00:00:00  -  Run Local Usage
		Usr 0 00:34:40, Sys 0 00:00:49  -  Total Remote Usage
		Usr 0 00:00:00, Sys 0 00:00:00  -  Total Local Usage
	5730  -  Run Bytes Sent By Job
	11052  -  Run Bytes Received By Job
	5730  -  Total Bytes Sent By Job
	11052  -  Total Bytes Received By Job
	Partitionable Resources :     Usage  Request Allocated 
	   Cpus                 :      0.70        1         1 
	   Disk (KB)            : 186441          12      3777 
	   GPUs                 :                            0 
	   Memory (MB)          :   1237        3000      3000 

	Job terminated of its own accord at 2025-03-10T16:42:33Z with exit-code 0.
...
