000 (13689597.000.000) 03/10 16:00:44 Job submitted from host: <137.138.120.116:9618?addrs=137.138.120.116-9618+[2001-1458-d00-16--17b]-9618&alias=bigbird12.cern.ch&noUDP&sock=schedd_5055_e355>
...
040 (13689597.000.000) 03/10 16:04:22 Started transferring input files
	Transferring to host: <188.185.214.92:9618?addrs=188.185.214.92-9618+[2001-1458-303-1c--100-58]-9618&alias=b9p29p3209.cern.ch&noUDP&sock=slot1_30_98525_8680_9650>
...
040 (13689597.000.000) 03/10 16:04:22 Finished transferring input files
...
001 (13689597.000.000) 03/10 16:04:23 Job executing on host: <188.185.214.92:9618?addrs=188.185.214.92-9618+[2001-1458-303-1c--100-58]-9618&alias=b9p29p3209.cern.ch&noUDP&sock=startd_7028_33b0>
	SlotName: slot1_30@b9p29p3209.cern.ch
	CondorScratchDir = "/pool/condor/dir_4121532"
	Cpus = 1
	Disk = 3800
	GPUs = 0
	Memory = 3000
...
006 (13689597.000.000) 03/10 16:04:31 Image size of job updated: 14548
	15  -  MemoryUsage of job (MB)
	14548  -  ResidentSetSize of job (KB)
...
006 (13689597.000.000) 03/10 16:09:31 Image size of job updated: 1124040
	1098  -  MemoryUsage of job (MB)
	1124040  -  ResidentSetSize of job (KB)
...
006 (13689597.000.000) 03/10 16:14:32 Image size of job updated: 1183404
	1156  -  MemoryUsage of job (MB)
	1183404  -  ResidentSetSize of job (KB)
...
006 (13689597.000.000) 03/10 16:19:32 Image size of job updated: 1246080
	1217  -  MemoryUsage of job (MB)
	1246080  -  ResidentSetSize of job (KB)
...
006 (13689597.000.000) 03/10 16:24:32 Image size of job updated: 1287000
	1257  -  MemoryUsage of job (MB)
	1287000  -  ResidentSetSize of job (KB)
...
006 (13689597.000.000) 03/10 16:29:33 Image size of job updated: 1334316
	1304  -  MemoryUsage of job (MB)
	1334316  -  ResidentSetSize of job (KB)
...
006 (13689597.000.000) 03/10 16:34:34 Image size of job updated: 1377080
	1345  -  MemoryUsage of job (MB)
	1377080  -  ResidentSetSize of job (KB)
...
006 (13689597.000.000) 03/10 16:39:34 Image size of job updated: 1412308
	1380  -  MemoryUsage of job (MB)
	1412308  -  ResidentSetSize of job (KB)
...
006 (13689597.000.000) 03/10 16:44:35 Image size of job updated: 1453048
	1419  -  MemoryUsage of job (MB)
	1453048  -  ResidentSetSize of job (KB)
...
006 (13689597.000.000) 03/10 16:49:36 Image size of job updated: 1491556
	1457  -  MemoryUsage of job (MB)
	1491556  -  ResidentSetSize of job (KB)
...
006 (13689597.000.000) 03/10 16:54:36 Image size of job updated: 1529300
	1494  -  MemoryUsage of job (MB)
	1529300  -  ResidentSetSize of job (KB)
...
006 (13689597.000.000) 03/10 16:59:36 Image size of job updated: 1566792
	1531  -  MemoryUsage of job (MB)
	1566792  -  ResidentSetSize of job (KB)
...
006 (13689597.000.000) 03/10 17:04:37 Image size of job updated: 1601724
	1565  -  MemoryUsage of job (MB)
	1601724  -  ResidentSetSize of job (KB)
...
006 (13689597.000.000) 03/10 17:09:37 Image size of job updated: 1637448
	1600  -  MemoryUsage of job (MB)
	1637448  -  ResidentSetSize of job (KB)
...
040 (13689597.000.000) 03/10 17:11:40 Started transferring output files
...
040 (13689597.000.000) 03/10 17:11:40 Finished transferring output files
...
005 (13689597.000.000) 03/10 17:11:40 Job terminated.
	(1) Normal termination (return value 0)
		Usr 0 00:33:01, Sys 0 00:00:41  -  Run Remote Usage
		Usr 0 00:00:00, Sys 0 00:00:00  -  Run Local Usage
		Usr 0 00:33:01, Sys 0 00:00:41  -  Total Remote Usage
		Usr 0 00:00:00, Sys 0 00:00:00  -  Total Local Usage
	5569  -  Run Bytes Sent By Job
	11052  -  Run Bytes Received By Job
	5569  -  Total Bytes Sent By Job
	11052  -  Total Bytes Received By Job
	Partitionable Resources :     Usage  Request Allocated 
	   Cpus                 :      0.02        1         1 
	   Disk (KB)            : 177295          12      3800 
	   GPUs                 :                            0 
	   Memory (MB)          :   1600        3000      3000 

	Job terminated of its own accord at 2025-03-10T16:11:40Z with exit-code 0.
...
