000 (13689591.000.000) 03/10 16:00:41 Job submitted from host: <137.138.120.116:9618?addrs=137.138.120.116-9618+[2001-1458-d00-16--17b]-9618&alias=bigbird12.cern.ch&noUDP&sock=schedd_5055_e355>
...
040 (13689591.000.000) 03/10 16:04:29 Started transferring input files
	Transferring to host: <188.185.215.201:9618?addrs=188.185.215.201-9618+[2001-1458-303-26--100-45]-9618&alias=b9p18p8619.cern.ch&noUDP&sock=slot1_8_5228_594e_111267>
...
040 (13689591.000.000) 03/10 16:04:29 Finished transferring input files
...
001 (13689591.000.000) 03/10 16:04:30 Job executing on host: <188.185.215.201:9618?addrs=188.185.215.201-9618+[2001-1458-303-26--100-45]-9618&alias=b9p18p8619.cern.ch&noUDP&sock=startd_4168_7ad3>
	SlotName: slot1_8@b9p18p8619.cern.ch
	CondorScratchDir = "/pool/condor/dir_2697889"
	Cpus = 1
	Disk = 3847
	GPUs = 0
	Memory = 3000
...
006 (13689591.000.000) 03/10 16:04:39 Image size of job updated: 586300
	573  -  MemoryUsage of job (MB)
	586300  -  ResidentSetSize of job (KB)
...
006 (13689591.000.000) 03/10 16:09:40 Image size of job updated: 2469800
	2412  -  MemoryUsage of job (MB)
	2469800  -  ResidentSetSize of job (KB)
...
006 (13689591.000.000) 03/10 16:14:41 Image size of job updated: 2532956
	2474  -  MemoryUsage of job (MB)
	2532956  -  ResidentSetSize of job (KB)
...
006 (13689591.000.000) 03/10 16:19:41 Image size of job updated: 2597684
	2537  -  MemoryUsage of job (MB)
	2597684  -  ResidentSetSize of job (KB)
...
006 (13689591.000.000) 03/10 16:24:41 Image size of job updated: 2652324
	2591  -  MemoryUsage of job (MB)
	2652324  -  ResidentSetSize of job (KB)
...
006 (13689591.000.000) 03/10 16:29:42 Image size of job updated: 2694560
	2632  -  MemoryUsage of job (MB)
	2694560  -  ResidentSetSize of job (KB)
...
006 (13689591.000.000) 03/10 16:34:42 Image size of job updated: 2739024
	2675  -  MemoryUsage of job (MB)
	2739024  -  ResidentSetSize of job (KB)
...
006 (13689591.000.000) 03/10 16:39:42 Image size of job updated: 2781764
	2717  -  MemoryUsage of job (MB)
	2781764  -  ResidentSetSize of job (KB)
...
006 (13689591.000.000) 03/10 16:44:43 Image size of job updated: 2815916
	2750  -  MemoryUsage of job (MB)
	2815916  -  ResidentSetSize of job (KB)
...
006 (13689591.000.000) 03/10 16:49:44 Image size of job updated: 2853176
	2787  -  MemoryUsage of job (MB)
	2853176  -  ResidentSetSize of job (KB)
...
006 (13689591.000.000) 03/10 16:54:44 Image size of job updated: 2897512
	2830  -  MemoryUsage of job (MB)
	2897512  -  ResidentSetSize of job (KB)
...
006 (13689591.000.000) 03/10 16:59:45 Image size of job updated: 2939812
	2871  -  MemoryUsage of job (MB)
	2939812  -  ResidentSetSize of job (KB)
...
040 (13689591.000.000) 03/10 17:02:43 Started transferring output files
...
040 (13689591.000.000) 03/10 17:02:43 Finished transferring output files
...
005 (13689591.000.000) 03/10 17:02:43 Job terminated.
	(1) Normal termination (return value 0)
		Usr 0 00:28:04, Sys 0 00:00:54  -  Run Remote Usage
		Usr 0 00:00:00, Sys 0 00:00:00  -  Run Local Usage
		Usr 0 00:28:04, Sys 0 00:00:54  -  Total Remote Usage
		Usr 0 00:00:00, Sys 0 00:00:00  -  Total Local Usage
	5571  -  Run Bytes Sent By Job
	11052  -  Run Bytes Received By Job
	5571  -  Total Bytes Sent By Job
	11052  -  Total Bytes Received By Job
	Partitionable Resources :     Usage  Request Allocated 
	   Cpus                 :      0.22        1         1 
	   Disk (KB)            : 170600          12      3847 
	   GPUs                 :                            0 
	   Memory (MB)          :   2871        3000      3000 

	Job terminated of its own accord at 2025-03-10T16:02:43Z with exit-code 0.
...
