000 (13689688.000.000) 03/10 16:01:38 Job submitted from host: <137.138.120.116:9618?addrs=137.138.120.116-9618+[2001-1458-d00-16--17b]-9618&alias=bigbird12.cern.ch&noUDP&sock=schedd_5055_e355>
...
040 (13689688.000.000) 03/10 16:29:37 Started transferring input files
	Transferring to host: <188.185.214.159:9618?addrs=188.185.214.159-9618+[2001-1458-303-1d--100-1b]-9618&alias=b9p30p1838.cern.ch&noUDP&sock=slot1_34_4060717_39e1_58963>
...
040 (13689688.000.000) 03/10 16:29:37 Finished transferring input files
...
001 (13689688.000.000) 03/10 16:29:38 Job executing on host: <188.185.214.159:9618?addrs=188.185.214.159-9618+[2001-1458-303-1d--100-1b]-9618&alias=b9p30p1838.cern.ch&noUDP&sock=startd_6447_af2a>
	SlotName: slot1_34@b9p30p1838.cern.ch
	CondorScratchDir = "/pool/condor/dir_1868032"
	Cpus = 1
	Disk = 3840
	GPUs = 0
	Memory = 3000
...
006 (13689688.000.000) 03/10 16:29:47 Image size of job updated: 139992
	137  -  MemoryUsage of job (MB)
	139992  -  ResidentSetSize of job (KB)
...
006 (13689688.000.000) 03/10 16:34:48 Image size of job updated: 780016
	762  -  MemoryUsage of job (MB)
	780016  -  ResidentSetSize of job (KB)
...
006 (13689688.000.000) 03/10 16:39:48 Image size of job updated: 834796
	816  -  MemoryUsage of job (MB)
	834796  -  ResidentSetSize of job (KB)
...
006 (13689688.000.000) 03/10 16:44:49 Image size of job updated: 897944
	877  -  MemoryUsage of job (MB)
	897944  -  ResidentSetSize of job (KB)
...
006 (13689688.000.000) 03/10 16:49:50 Image size of job updated: 941984
	920  -  MemoryUsage of job (MB)
	941984  -  ResidentSetSize of job (KB)
...
006 (13689688.000.000) 03/10 16:54:50 Image size of job updated: 992112
	969  -  MemoryUsage of job (MB)
	992112  -  ResidentSetSize of job (KB)
...
006 (13689688.000.000) 03/10 16:59:50 Image size of job updated: 1033680
	1010  -  MemoryUsage of job (MB)
	1033680  -  ResidentSetSize of job (KB)
...
040 (13689688.000.000) 03/10 17:01:10 Started transferring output files
...
040 (13689688.000.000) 03/10 17:01:10 Finished transferring output files
...
005 (13689688.000.000) 03/10 17:01:10 Job terminated.
	(1) Normal termination (return value 0)
		Usr 0 00:14:10, Sys 0 00:00:20  -  Run Remote Usage
		Usr 0 00:00:00, Sys 0 00:00:00  -  Run Local Usage
		Usr 0 00:14:10, Sys 0 00:00:20  -  Total Remote Usage
		Usr 0 00:00:00, Sys 0 00:00:00  -  Total Local Usage
	4276  -  Run Bytes Sent By Job
	11052  -  Run Bytes Received By Job
	4276  -  Total Bytes Sent By Job
	11052  -  Total Bytes Received By Job
	Partitionable Resources :    Usage  Request Allocated 
	   Cpus                 :     0.02        1         1 
	   Disk (KB)            : 93676          12      3840 
	   GPUs                 :                           0 
	   Memory (MB)          :  1010        3000      3000 

	Job terminated of its own accord at 2025-03-10T16:01:10Z with exit-code 0.
...
