000 (13689723.000.000) 03/10 16:02:04 Job submitted from host: <137.138.120.116:9618?addrs=137.138.120.116-9618+[2001-1458-d00-16--17b]-9618&alias=bigbird12.cern.ch&noUDP&sock=schedd_5055_e355>
...
040 (13689723.000.000) 03/10 16:43:40 Started transferring input files
	Transferring to host: <188.185.214.206:9618?addrs=188.185.214.206-9618+[2001-1458-303-1d--100-4a]-9618&alias=b9p30p5999.cern.ch&noUDP&sock=slot1_11_4541_4b92_96265>
...
040 (13689723.000.000) 03/10 16:43:40 Finished transferring input files
...
001 (13689723.000.000) 03/10 16:43:41 Job executing on host: <188.185.214.206:9618?addrs=188.185.214.206-9618+[2001-1458-303-1d--100-4a]-9618&alias=b9p30p5999.cern.ch&noUDP&sock=startd_3811_9b84>
	SlotName: slot1_11@b9p30p5999.cern.ch
	CondorScratchDir = "/pool/condor/dir_2070214"
	Cpus = 1
	Disk = 3795
	GPUs = 0
	Memory = 3000
...
006 (13689723.000.000) 03/10 16:43:49 Image size of job updated: 2248
	3  -  MemoryUsage of job (MB)
	2248  -  ResidentSetSize of job (KB)
...
006 (13689723.000.000) 03/10 16:48:49 Image size of job updated: 745948
	729  -  MemoryUsage of job (MB)
	745948  -  ResidentSetSize of job (KB)
...
040 (13689723.000.000) 03/10 16:51:34 Started transferring output files
...
040 (13689723.000.000) 03/10 16:51:34 Finished transferring output files
...
005 (13689723.000.000) 03/10 16:51:34 Job terminated.
	(1) Normal termination (return value 0)
		Usr 0 00:03:04, Sys 0 00:00:11  -  Run Remote Usage
		Usr 0 00:00:00, Sys 0 00:00:00  -  Run Local Usage
		Usr 0 00:03:04, Sys 0 00:00:11  -  Total Remote Usage
		Usr 0 00:00:00, Sys 0 00:00:00  -  Total Local Usage
	2988  -  Run Bytes Sent By Job
	11052  -  Run Bytes Received By Job
	2988  -  Total Bytes Sent By Job
	11052  -  Total Bytes Received By Job
	Partitionable Resources :    Usage  Request Allocated 
	   Cpus                 :     0.44        1         1 
	   Disk (KB)            : 20271          12      3795 
	   GPUs                 :                           0 
	   Memory (MB)          :   729        3000      3000 

	Job terminated of its own accord at 2025-03-10T15:51:34Z with exit-code 0.
...
