000 (13689487.000.000) 03/10 15:58:53 Job submitted from host: <137.138.120.116:9618?addrs=137.138.120.116-9618+[2001-1458-d00-16--17b]-9618&alias=bigbird12.cern.ch&noUDP&sock=schedd_5055_e355>
...
040 (13689487.000.000) 03/10 16:01:19 Started transferring input files
	Transferring to host: <188.185.213.169:9618?addrs=188.185.213.169-9618+[2001-1458-303-1b--100-25]-9618&alias=b9p28p9779.cern.ch&noUDP&sock=slot1_33_4806_02fd_95704>
...
040 (13689487.000.000) 03/10 16:01:19 Finished transferring input files
...
001 (13689487.000.000) 03/10 16:01:20 Job executing on host: <188.185.213.169:9618?addrs=188.185.213.169-9618+[2001-1458-303-1b--100-25]-9618&alias=b9p28p9779.cern.ch&noUDP&sock=startd_3943_2604>
	SlotName: slot1_33@b9p28p9779.cern.ch
	CondorScratchDir = "/pool/condor/dir_974928"
	Cpus = 1
	Disk = 3855
	GPUs = 0
	Memory = 3000
...
006 (13689487.000.000) 03/10 16:01:29 Image size of job updated: 137644
	135  -  MemoryUsage of job (MB)
	137644  -  ResidentSetSize of job (KB)
...
006 (13689487.000.000) 03/10 16:06:30 Image size of job updated: 1109936
	1084  -  MemoryUsage of job (MB)
	1109936  -  ResidentSetSize of job (KB)
...
006 (13689487.000.000) 03/10 16:11:31 Image size of job updated: 1171732
	1145  -  MemoryUsage of job (MB)
	1171732  -  ResidentSetSize of job (KB)
...
006 (13689487.000.000) 03/10 16:16:31 Image size of job updated: 1224176
	1196  -  MemoryUsage of job (MB)
	1224176  -  ResidentSetSize of job (KB)
...
006 (13689487.000.000) 03/10 16:21:31 Image size of job updated: 1260224
	1231  -  MemoryUsage of job (MB)
	1260224  -  ResidentSetSize of job (KB)
...
006 (13689487.000.000) 03/10 16:26:32 Image size of job updated: 1305988
	1276  -  MemoryUsage of job (MB)
	1305988  -  ResidentSetSize of job (KB)
...
006 (13689487.000.000) 03/10 16:31:32 Image size of job updated: 1348928
	1318  -  MemoryUsage of job (MB)
	1348928  -  ResidentSetSize of job (KB)
...
006 (13689487.000.000) 03/10 16:36:32 Image size of job updated: 1391772
	1360  -  MemoryUsage of job (MB)
	1391772  -  ResidentSetSize of job (KB)
...
006 (13689487.000.000) 03/10 16:41:33 Image size of job updated: 1429444
	1396  -  MemoryUsage of job (MB)
	1429444  -  ResidentSetSize of job (KB)
...
006 (13689487.000.000) 03/10 16:46:34 Image size of job updated: 1462132
	1428  -  MemoryUsage of job (MB)
	1462132  -  ResidentSetSize of job (KB)
...
006 (13689487.000.000) 03/10 16:51:34 Image size of job updated: 1496360
	1462  -  MemoryUsage of job (MB)
	1496360  -  ResidentSetSize of job (KB)
...
006 (13689487.000.000) 03/10 16:56:35 Image size of job updated: 1531376
	1496  -  MemoryUsage of job (MB)
	1531376  -  ResidentSetSize of job (KB)
...
006 (13689487.000.000) 03/10 17:01:36 Image size of job updated: 1567924
	1532  -  MemoryUsage of job (MB)
	1567924  -  ResidentSetSize of job (KB)
...
006 (13689487.000.000) 03/10 17:06:36 Image size of job updated: 1605692
	1569  -  MemoryUsage of job (MB)
	1605692  -  ResidentSetSize of job (KB)
...
040 (13689487.000.000) 03/10 17:08:51 Started transferring output files
...
040 (13689487.000.000) 03/10 17:08:51 Finished transferring output files
...
005 (13689487.000.000) 03/10 17:08:51 Job terminated.
	(1) Normal termination (return value 0)
		Usr 0 00:32:21, Sys 0 00:00:37  -  Run Remote Usage
		Usr 0 00:00:00, Sys 0 00:00:00  -  Run Local Usage
		Usr 0 00:32:21, Sys 0 00:00:37  -  Total Remote Usage
		Usr 0 00:00:00, Sys 0 00:00:00  -  Total Local Usage
	5565  -  Run Bytes Sent By Job
	11046  -  Run Bytes Received By Job
	5565  -  Total Bytes Sent By Job
	11046  -  Total Bytes Received By Job
	Partitionable Resources :     Usage  Request Allocated 
	   Cpus                 :      0.02        1         1 
	   Disk (KB)            : 174840          12      3855 
	   GPUs                 :                            0 
	   Memory (MB)          :   1569        3000      3000 

	Job terminated of its own accord at 2025-03-10T16:08:51Z with exit-code 0.
...
