000 (13689718.000.000) 03/10 16:02:01 Job submitted from host: <137.138.120.116:9618?addrs=137.138.120.116-9618+[2001-1458-d00-16--17b]-9618&alias=bigbird12.cern.ch&noUDP&sock=schedd_5055_e355>
...
040 (13689718.000.000) 03/10 16:43:39 Started transferring input files
	Transferring to host: <188.185.196.125:9618?addrs=188.185.196.125-9618+[2001-1458-303-23--100-79]-9618&alias=b9p16p7663.cern.ch&noUDP&sock=slot1_13_2800435_8bf0_23131>
...
040 (13689718.000.000) 03/10 16:43:39 Finished transferring input files
...
001 (13689718.000.000) 03/10 16:43:40 Job executing on host: <188.185.196.125:9618?addrs=188.185.196.125-9618+[2001-1458-303-23--100-79]-9618&alias=b9p16p7663.cern.ch&noUDP&sock=startd_5289_647e>
	SlotName: slot1_13@b9p16p7663.cern.ch
	CondorScratchDir = "/pool/condor/dir_1670240"
	Cpus = 1
	Disk = 3776
	GPUs = 0
	Memory = 3000
...
006 (13689718.000.000) 03/10 16:43:49 Image size of job updated: 1792
	2  -  MemoryUsage of job (MB)
	1792  -  ResidentSetSize of job (KB)
...
006 (13689718.000.000) 03/10 16:48:50 Image size of job updated: 2467148
	2410  -  MemoryUsage of job (MB)
	2467148  -  ResidentSetSize of job (KB)
...
040 (13689718.000.000) 03/10 16:49:28 Started transferring output files
...
040 (13689718.000.000) 03/10 16:49:28 Finished transferring output files
...
005 (13689718.000.000) 03/10 16:49:34 Job terminated.
	(1) Normal termination (return value 0)
		Usr 0 00:02:16, Sys 0 00:00:10  -  Run Remote Usage
		Usr 0 00:00:00, Sys 0 00:00:00  -  Run Local Usage
		Usr 0 00:02:16, Sys 0 00:00:10  -  Total Remote Usage
		Usr 0 00:00:00, Sys 0 00:00:00  -  Total Local Usage
	3136  -  Run Bytes Sent By Job
	11052  -  Run Bytes Received By Job
	3136  -  Total Bytes Sent By Job
	11052  -  Total Bytes Received By Job
	Partitionable Resources :    Usage  Request Allocated 
	   Cpus                 :        0        1         1 
	   Disk (KB)            :    14708       12      3776 
	   GPUs                 :                           0 
	   Memory (MB)          :     2410     3000      3000 

	Job terminated of its own accord at 2025-03-10T15:49:27Z with exit-code 0.
...
