000 (13689594.000.000) 03/10 16:00:43 Job submitted from host: <137.138.120.116:9618?addrs=137.138.120.116-9618+[2001-1458-d00-16--17b]-9618&alias=bigbird12.cern.ch&noUDP&sock=schedd_5055_e355>
...
040 (13689594.000.000) 03/10 16:04:21 Started transferring input files
	Transferring to host: <188.185.215.73:9618?addrs=188.185.215.73-9618+[2001-1458-303-1e--100-45]-9618&alias=b9p31p2911.cern.ch&noUDP&sock=slot1_41_5924_be6a_97309>
...
040 (13689594.000.000) 03/10 16:04:21 Finished transferring input files
...
001 (13689594.000.000) 03/10 16:04:22 Job executing on host: <188.185.215.73:9618?addrs=188.185.215.73-9618+[2001-1458-303-1e--100-45]-9618&alias=b9p31p2911.cern.ch&noUDP&sock=startd_4965_27cf>
	SlotName: slot1_41@b9p31p2911.cern.ch
	CondorScratchDir = "/pool/condor/dir_3733508"
	Cpus = 1
	Disk = 3837
	GPUs = 0
	Memory = 3000
...
006 (13689594.000.000) 03/10 16:04:30 Image size of job updated: 588624
	575  -  MemoryUsage of job (MB)
	588624  -  ResidentSetSize of job (KB)
...
006 (13689594.000.000) 03/10 16:09:30 Image size of job updated: 1830172
	1788  -  MemoryUsage of job (MB)
	1830172  -  ResidentSetSize of job (KB)
...
040 (13689594.000.000) 03/10 16:12:42 Started transferring output files
...
040 (13689594.000.000) 03/10 16:12:42 Finished transferring output files
...
005 (13689594.000.000) 03/10 16:12:42 Job terminated.
	(1) Normal termination (return value 0)
		Usr 0 00:03:40, Sys 0 00:00:11  -  Run Remote Usage
		Usr 0 00:00:00, Sys 0 00:00:00  -  Run Local Usage
		Usr 0 00:03:40, Sys 0 00:00:11  -  Total Remote Usage
		Usr 0 00:00:00, Sys 0 00:00:00  -  Total Local Usage
	3149  -  Run Bytes Sent By Job
	11052  -  Run Bytes Received By Job
	3149  -  Total Bytes Sent By Job
	11052  -  Total Bytes Received By Job
	Partitionable Resources :    Usage  Request Allocated 
	   Cpus                 :     0.97        1         1 
	   Disk (KB)            : 28046          12      3837 
	   GPUs                 :                           0 
	   Memory (MB)          :  1788        3000      3000 

	Job terminated of its own accord at 2025-03-10T15:12:42Z with exit-code 0.
...
