000 (13689508.000.000) 03/10 15:59:06 Job submitted from host: <137.138.120.116:9618?addrs=137.138.120.116-9618+[2001-1458-d00-16--17b]-9618&alias=bigbird12.cern.ch&noUDP&sock=schedd_5055_e355>
...
040 (13689508.000.000) 03/10 16:01:27 Started transferring input files
	Transferring to host: <188.185.211.76:9618?addrs=188.185.211.76-9618+[2001-1458-303-16--100-48]-9618&alias=b9p23p2167.cern.ch&noUDP&sock=slot1_11_3784657_fb87_47374>
...
040 (13689508.000.000) 03/10 16:01:27 Finished transferring input files
...
001 (13689508.000.000) 03/10 16:01:28 Job executing on host: <188.185.211.76:9618?addrs=188.185.211.76-9618+[2001-1458-303-16--100-48]-9618&alias=b9p23p2167.cern.ch&noUDP&sock=startd_3701_2819>
	SlotName: slot1_11@b9p23p2167.cern.ch
	CondorScratchDir = "/pool/condor/dir_1935006"
	Cpus = 1
	Disk = 3760
	GPUs = 0
	Memory = 3000
...
006 (13689508.000.000) 03/10 16:01:36 Image size of job updated: 136532
	134  -  MemoryUsage of job (MB)
	136532  -  ResidentSetSize of job (KB)
...
006 (13689508.000.000) 03/10 16:06:36 Image size of job updated: 1130756
	1105  -  MemoryUsage of job (MB)
	1130756  -  ResidentSetSize of job (KB)
...
006 (13689508.000.000) 03/10 16:11:37 Image size of job updated: 1194592
	1167  -  MemoryUsage of job (MB)
	1194592  -  ResidentSetSize of job (KB)
...
006 (13689508.000.000) 03/10 16:16:37 Image size of job updated: 1253892
	1225  -  MemoryUsage of job (MB)
	1253892  -  ResidentSetSize of job (KB)
...
006 (13689508.000.000) 03/10 16:21:37 Image size of job updated: 1305448
	1275  -  MemoryUsage of job (MB)
	1305448  -  ResidentSetSize of job (KB)
...
006 (13689508.000.000) 03/10 16:26:38 Image size of job updated: 1356388
	1325  -  MemoryUsage of job (MB)
	1356388  -  ResidentSetSize of job (KB)
...
006 (13689508.000.000) 03/10 16:31:39 Image size of job updated: 1398184
	1366  -  MemoryUsage of job (MB)
	1398184  -  ResidentSetSize of job (KB)
...
006 (13689508.000.000) 03/10 16:36:39 Image size of job updated: 1444000
	1411  -  MemoryUsage of job (MB)
	1444000  -  ResidentSetSize of job (KB)
...
006 (13689508.000.000) 03/10 16:41:40 Image size of job updated: 1480708
	1447  -  MemoryUsage of job (MB)
	1480708  -  ResidentSetSize of job (KB)
...
006 (13689508.000.000) 03/10 16:46:41 Image size of job updated: 1521104
	1486  -  MemoryUsage of job (MB)
	1521104  -  ResidentSetSize of job (KB)
...
006 (13689508.000.000) 03/10 16:51:41 Image size of job updated: 1560776
	1525  -  MemoryUsage of job (MB)
	1560776  -  ResidentSetSize of job (KB)
...
040 (13689508.000.000) 03/10 16:54:55 Started transferring output files
...
040 (13689508.000.000) 03/10 16:54:55 Finished transferring output files
...
005 (13689508.000.000) 03/10 16:54:55 Job terminated.
	(1) Normal termination (return value 0)
		Usr 0 00:27:01, Sys 0 00:00:32  -  Run Remote Usage
		Usr 0 00:00:00, Sys 0 00:00:00  -  Run Local Usage
		Usr 0 00:27:01, Sys 0 00:00:32  -  Total Remote Usage
		Usr 0 00:00:00, Sys 0 00:00:00  -  Total Local Usage
	5402  -  Run Bytes Sent By Job
	11046  -  Run Bytes Received By Job
	5402  -  Total Bytes Sent By Job
	11046  -  Total Bytes Received By Job
	Partitionable Resources :     Usage  Request Allocated 
	   Cpus                 :      0.89        1         1 
	   Disk (KB)            : 161852          12      3760 
	   GPUs                 :                            0 
	   Memory (MB)          :   1525        3000      3000 

	Job terminated of its own accord at 2025-03-10T15:54:55Z with exit-code 0.
...
