000 (13689621.000.000) 03/10 16:00:56 Job submitted from host: <137.138.120.116:9618?addrs=137.138.120.116-9618+[2001-1458-d00-16--17b]-9618&alias=bigbird12.cern.ch&noUDP&sock=schedd_5055_e355>
...
040 (13689621.000.000) 03/10 16:04:30 Started transferring input files
	Transferring to host: <188.185.211.28:9618?addrs=188.185.211.28-9618+[2001-1458-303-16--100-18]-9618&alias=b9p23p1756.cern.ch&noUDP&sock=slot1_23_3045821_2eaa_20431>
...
040 (13689621.000.000) 03/10 16:04:30 Finished transferring input files
...
001 (13689621.000.000) 03/10 16:04:31 Job executing on host: <188.185.211.28:9618?addrs=188.185.211.28-9618+[2001-1458-303-16--100-18]-9618&alias=b9p23p1756.cern.ch&noUDP&sock=startd_3471_6551>
	SlotName: slot1_23@b9p23p1756.cern.ch
	CondorScratchDir = "/pool/condor/dir_1904758"
	Cpus = 1
	Disk = 3848
	GPUs = 0
	Memory = 3000
...
006 (13689621.000.000) 03/10 16:04:45 Image size of job updated: 39628
	1  -  MemoryUsage of job (MB)
	800  -  ResidentSetSize of job (KB)
...
006 (13689621.000.000) 03/10 16:09:46 Image size of job updated: 730120
	714  -  MemoryUsage of job (MB)
	730120  -  ResidentSetSize of job (KB)
...
006 (13689621.000.000) 03/10 16:14:46 Image size of job updated: 788096
	770  -  MemoryUsage of job (MB)
	788096  -  ResidentSetSize of job (KB)
...
006 (13689621.000.000) 03/10 16:19:46 Image size of job updated: 834196
	815  -  MemoryUsage of job (MB)
	834196  -  ResidentSetSize of job (KB)
...
006 (13689621.000.000) 03/10 16:24:47 Image size of job updated: 888432
	868  -  MemoryUsage of job (MB)
	888432  -  ResidentSetSize of job (KB)
...
006 (13689621.000.000) 03/10 16:29:47 Image size of job updated: 929980
	909  -  MemoryUsage of job (MB)
	929980  -  ResidentSetSize of job (KB)
...
006 (13689621.000.000) 03/10 16:34:48 Image size of job updated: 973564
	951  -  MemoryUsage of job (MB)
	973564  -  ResidentSetSize of job (KB)
...
006 (13689621.000.000) 03/10 16:39:48 Image size of job updated: 1007508
	984  -  MemoryUsage of job (MB)
	1007508  -  ResidentSetSize of job (KB)
...
006 (13689621.000.000) 03/10 16:44:48 Image size of job updated: 1045064
	1021  -  MemoryUsage of job (MB)
	1045064  -  ResidentSetSize of job (KB)
...
006 (13689621.000.000) 03/10 16:49:49 Image size of job updated: 1082236
	1057  -  MemoryUsage of job (MB)
	1082236  -  ResidentSetSize of job (KB)
...
006 (13689621.000.000) 03/10 16:54:49 Image size of job updated: 1118056
	1092  -  MemoryUsage of job (MB)
	1118056  -  ResidentSetSize of job (KB)
...
006 (13689621.000.000) 03/10 16:59:50 Image size of job updated: 1153556
	1127  -  MemoryUsage of job (MB)
	1153556  -  ResidentSetSize of job (KB)
...
006 (13689621.000.000) 03/10 17:04:51 Image size of job updated: 1186204
	1159  -  MemoryUsage of job (MB)
	1186204  -  ResidentSetSize of job (KB)
...
006 (13689621.000.000) 03/10 17:09:51 Image size of job updated: 1224024
	1196  -  MemoryUsage of job (MB)
	1224024  -  ResidentSetSize of job (KB)
...
006 (13689621.000.000) 03/10 17:13:53 Image size of job updated: 1587788
	1196  -  MemoryUsage of job (MB)
	1224024  -  ResidentSetSize of job (KB)
...
040 (13689621.000.000) 03/10 17:13:53 Started transferring output files
...
040 (13689621.000.000) 03/10 17:13:53 Finished transferring output files
...
005 (13689621.000.000) 03/10 17:13:53 Job terminated.
	(1) Normal termination (return value 0)
		Usr 0 00:33:26, Sys 0 00:00:33  -  Run Remote Usage
		Usr 0 00:00:00, Sys 0 00:00:00  -  Run Local Usage
		Usr 0 00:33:26, Sys 0 00:00:33  -  Total Remote Usage
		Usr 0 00:00:00, Sys 0 00:00:00  -  Total Local Usage
	5569  -  Run Bytes Sent By Job
	11052  -  Run Bytes Received By Job
	5569  -  Total Bytes Sent By Job
	11052  -  Total Bytes Received By Job
	Partitionable Resources :     Usage  Request Allocated 
	   Cpus                 :      0.91        1         1 
	   Disk (KB)            : 171228          12      3848 
	   GPUs                 :                            0 
	   Memory (MB)          :   1196        3000      3000 

	Job terminated of its own accord at 2025-03-10T16:13:53Z with exit-code 0.
...
