000 (13689734.000.000) 03/10 16:02:11 Job submitted from host: <137.138.120.116:9618?addrs=137.138.120.116-9618+[2001-1458-d00-16--17b]-9618&alias=bigbird12.cern.ch&noUDP&sock=schedd_5055_e355>
...
040 (13689734.000.000) 03/10 16:43:43 Started transferring input files
	Transferring to host: <188.185.211.35:9618?addrs=188.185.211.35-9618+[2001-1458-303-16--100-1f]-9618&alias=b9p23p1046.cern.ch&noUDP&sock=slot1_9_6216_7bf6_103908>
...
040 (13689734.000.000) 03/10 16:43:43 Finished transferring input files
...
001 (13689734.000.000) 03/10 16:43:44 Job executing on host: <188.185.211.35:9618?addrs=188.185.211.35-9618+[2001-1458-303-16--100-1f]-9618&alias=b9p23p1046.cern.ch&noUDP&sock=startd_5245_3653>
	SlotName: slot1_9@b9p23p1046.cern.ch
	CondorScratchDir = "/pool/condor/dir_4162102"
	Cpus = 1
	Disk = 3734
	GPUs = 0
	Memory = 3000
...
006 (13689734.000.000) 03/10 16:43:53 Image size of job updated: 122512
	120  -  MemoryUsage of job (MB)
	122512  -  ResidentSetSize of job (KB)
...
006 (13689734.000.000) 03/10 16:48:54 Image size of job updated: 756356
	739  -  MemoryUsage of job (MB)
	756356  -  ResidentSetSize of job (KB)
...
006 (13689734.000.000) 03/10 16:53:55 Image size of job updated: 812124
	794  -  MemoryUsage of job (MB)
	812124  -  ResidentSetSize of job (KB)
...
006 (13689734.000.000) 03/10 16:58:55 Image size of job updated: 876836
	857  -  MemoryUsage of job (MB)
	876836  -  ResidentSetSize of job (KB)
...
006 (13689734.000.000) 03/10 17:03:55 Image size of job updated: 913456
	893  -  MemoryUsage of job (MB)
	913456  -  ResidentSetSize of job (KB)
...
006 (13689734.000.000) 03/10 17:08:56 Image size of job updated: 954424
	933  -  MemoryUsage of job (MB)
	954424  -  ResidentSetSize of job (KB)
...
006 (13689734.000.000) 03/10 17:13:56 Image size of job updated: 992536
	970  -  MemoryUsage of job (MB)
	992536  -  ResidentSetSize of job (KB)
...
006 (13689734.000.000) 03/10 17:18:56 Image size of job updated: 1031844
	1008  -  MemoryUsage of job (MB)
	1031844  -  ResidentSetSize of job (KB)
...
006 (13689734.000.000) 03/10 17:21:31 Image size of job updated: 1031844
	1008  -  MemoryUsage of job (MB)
	1032100  -  ResidentSetSize of job (KB)
...
040 (13689734.000.000) 03/10 17:21:31 Started transferring output files
...
040 (13689734.000.000) 03/10 17:21:31 Finished transferring output files
...
005 (13689734.000.000) 03/10 17:21:31 Job terminated.
	(1) Normal termination (return value 0)
		Usr 0 00:16:37, Sys 0 00:00:21  -  Run Remote Usage
		Usr 0 00:00:00, Sys 0 00:00:00  -  Run Local Usage
		Usr 0 00:16:37, Sys 0 00:00:21  -  Total Remote Usage
		Usr 0 00:00:00, Sys 0 00:00:00  -  Total Local Usage
	4278  -  Run Bytes Sent By Job
	11052  -  Run Bytes Received By Job
	4278  -  Total Bytes Sent By Job
	11052  -  Total Bytes Received By Job
	Partitionable Resources :    Usage  Request Allocated 
	   Cpus                 :     0.14        1         1 
	   Disk (KB)            : 95326          12      3734 
	   GPUs                 :                           0 
	   Memory (MB)          :  1008        3000      3000 

	Job terminated of its own accord at 2025-03-10T16:21:31Z with exit-code 0.
...
