000 (13689485.000.000) 03/10 15:58:52 Job submitted from host: <137.138.120.116:9618?addrs=137.138.120.116-9618+[2001-1458-d00-16--17b]-9618&alias=bigbird12.cern.ch&noUDP&sock=schedd_5055_e355>
...
040 (13689485.000.000) 03/10 16:01:19 Started transferring input files
	Transferring to host: <188.185.208.71:9618?addrs=188.185.208.71-9618+[2001-1458-303-f--100-44]-9618&alias=b9p09p5977.cern.ch&noUDP&sock=slot1_28_4041_fffd_110038>
...
040 (13689485.000.000) 03/10 16:01:19 Finished transferring input files
...
001 (13689485.000.000) 03/10 16:01:20 Job executing on host: <188.185.208.71:9618?addrs=188.185.208.71-9618+[2001-1458-303-f--100-44]-9618&alias=b9p09p5977.cern.ch&noUDP&sock=startd_3772_db52>
	SlotName: slot1_28@b9p09p5977.cern.ch
	CondorScratchDir = "/pool/condor/dir_224217"
	Cpus = 1
	Disk = 3624
	GPUs = 0
	Memory = 3000
...
006 (13689485.000.000) 03/10 16:01:29 Image size of job updated: 137428
	135  -  MemoryUsage of job (MB)
	137428  -  ResidentSetSize of job (KB)
...
006 (13689485.000.000) 03/10 16:06:30 Image size of job updated: 1138444
	1112  -  MemoryUsage of job (MB)
	1138444  -  ResidentSetSize of job (KB)
...
006 (13689485.000.000) 03/10 16:11:31 Image size of job updated: 1198868
	1171  -  MemoryUsage of job (MB)
	1198868  -  ResidentSetSize of job (KB)
...
006 (13689485.000.000) 03/10 16:16:31 Image size of job updated: 1262444
	1233  -  MemoryUsage of job (MB)
	1262444  -  ResidentSetSize of job (KB)
...
006 (13689485.000.000) 03/10 16:21:32 Image size of job updated: 1311572
	1281  -  MemoryUsage of job (MB)
	1311572  -  ResidentSetSize of job (KB)
...
006 (13689485.000.000) 03/10 16:26:33 Image size of job updated: 1357088
	1326  -  MemoryUsage of job (MB)
	1357088  -  ResidentSetSize of job (KB)
...
006 (13689485.000.000) 03/10 16:31:33 Image size of job updated: 1408708
	1376  -  MemoryUsage of job (MB)
	1408708  -  ResidentSetSize of job (KB)
...
040 (13689485.000.000) 03/10 16:34:46 Started transferring output files
...
040 (13689485.000.000) 03/10 16:34:46 Finished transferring output files
...
005 (13689485.000.000) 03/10 16:34:46 Job terminated.
	(1) Normal termination (return value 0)
		Usr 0 00:16:31, Sys 0 00:00:30  -  Run Remote Usage
		Usr 0 00:00:00, Sys 0 00:00:00  -  Run Local Usage
		Usr 0 00:16:31, Sys 0 00:00:30  -  Total Remote Usage
		Usr 0 00:00:00, Sys 0 00:00:00  -  Total Local Usage
	4432  -  Run Bytes Sent By Job
	11040  -  Run Bytes Received By Job
	4432  -  Total Bytes Sent By Job
	11040  -  Total Bytes Received By Job
	Partitionable Resources :     Usage  Request Allocated 
	   Cpus                 :      0.94        1         1 
	   Disk (KB)            : 103753          12      3624 
	   GPUs                 :                            0 
	   Memory (MB)          :   1376        3000      3000 

	Job terminated of its own accord at 2025-03-10T15:34:45Z with exit-code 0.
...
