000 (13689538.000.000) 03/10 16:00:02 Job submitted from host: <137.138.120.116:9618?addrs=137.138.120.116-9618+[2001-1458-d00-16--17b]-9618&alias=bigbird12.cern.ch&noUDP&sock=schedd_5055_e355>
...
040 (13689538.000.000) 03/10 16:04:02 Started transferring input files
	Transferring to host: <188.185.192.124:9618?addrs=188.185.192.124-9618+[2001-1458-303-1f--100-78]-9618&alias=b9p13p0528.cern.ch&noUDP&sock=slot1_17_3347624_b2bb_96202>
...
040 (13689538.000.000) 03/10 16:04:02 Finished transferring input files
...
001 (13689538.000.000) 03/10 16:04:03 Job executing on host: <188.185.192.124:9618?addrs=188.185.192.124-9618+[2001-1458-303-1f--100-78]-9618&alias=b9p13p0528.cern.ch&noUDP&sock=startd_5002_88d0>
	SlotName: slot1_17@b9p13p0528.cern.ch
	CondorScratchDir = "/pool/condor/dir_3830371"
	Cpus = 1
	Disk = 3855
	GPUs = 0
	Memory = 3000
...
006 (13689538.000.000) 03/10 16:04:11 Image size of job updated: 493880
	483  -  MemoryUsage of job (MB)
	493880  -  ResidentSetSize of job (KB)
...
006 (13689538.000.000) 03/10 16:09:11 Image size of job updated: 2437244
	2381  -  MemoryUsage of job (MB)
	2437244  -  ResidentSetSize of job (KB)
...
006 (13689538.000.000) 03/10 16:14:12 Image size of job updated: 2487708
	2430  -  MemoryUsage of job (MB)
	2487708  -  ResidentSetSize of job (KB)
...
006 (13689538.000.000) 03/10 16:19:12 Image size of job updated: 2547952
	2489  -  MemoryUsage of job (MB)
	2547952  -  ResidentSetSize of job (KB)
...
006 (13689538.000.000) 03/10 16:24:12 Image size of job updated: 2586708
	2527  -  MemoryUsage of job (MB)
	2586708  -  ResidentSetSize of job (KB)
...
006 (13689538.000.000) 03/10 16:29:13 Image size of job updated: 2628384
	2567  -  MemoryUsage of job (MB)
	2628384  -  ResidentSetSize of job (KB)
...
006 (13689538.000.000) 03/10 16:34:14 Image size of job updated: 2665716
	2604  -  MemoryUsage of job (MB)
	2665716  -  ResidentSetSize of job (KB)
...
006 (13689538.000.000) 03/10 16:39:14 Image size of job updated: 2704760
	2642  -  MemoryUsage of job (MB)
	2704760  -  ResidentSetSize of job (KB)
...
006 (13689538.000.000) 03/10 16:44:14 Image size of job updated: 2743576
	2680  -  MemoryUsage of job (MB)
	2743576  -  ResidentSetSize of job (KB)
...
006 (13689538.000.000) 03/10 16:49:15 Image size of job updated: 2780732
	2716  -  MemoryUsage of job (MB)
	2780732  -  ResidentSetSize of job (KB)
...
006 (13689538.000.000) 03/10 16:54:15 Image size of job updated: 2818920
	2753  -  MemoryUsage of job (MB)
	2818920  -  ResidentSetSize of job (KB)
...
006 (13689538.000.000) 03/10 16:59:15 Image size of job updated: 2858192
	2792  -  MemoryUsage of job (MB)
	2858192  -  ResidentSetSize of job (KB)
...
040 (13689538.000.000) 03/10 17:01:47 Started transferring output files
...
040 (13689538.000.000) 03/10 17:01:47 Finished transferring output files
...
005 (13689538.000.000) 03/10 17:01:47 Job terminated.
	(1) Normal termination (return value 0)
		Usr 0 00:35:28, Sys 0 00:00:29  -  Run Remote Usage
		Usr 0 00:00:00, Sys 0 00:00:00  -  Run Local Usage
		Usr 0 00:35:28, Sys 0 00:00:29  -  Total Remote Usage
		Usr 0 00:00:00, Sys 0 00:00:00  -  Total Local Usage
	5396  -  Run Bytes Sent By Job
	11046  -  Run Bytes Received By Job
	5396  -  Total Bytes Sent By Job
	11046  -  Total Bytes Received By Job
	Partitionable Resources :     Usage  Request Allocated 
	   Cpus                 :      0.34        1         1 
	   Disk (KB)            : 145594          12      3855 
	   GPUs                 :                            0 
	   Memory (MB)          :   2792        3000      3000 

	Job terminated of its own accord at 2025-03-10T16:01:47Z with exit-code 0.
...
