000 (13689555.000.000) 03/10 16:00:17 Job submitted from host: <137.138.120.116:9618?addrs=137.138.120.116-9618+[2001-1458-d00-16--17b]-9618&alias=bigbird12.cern.ch&noUDP&sock=schedd_5055_e355>
...
040 (13689555.000.000) 03/10 16:04:08 Started transferring input files
	Transferring to host: <188.185.211.35:9618?addrs=188.185.211.35-9618+[2001-1458-303-16--100-1f]-9618&alias=b9p23p1046.cern.ch&noUDP&sock=slot1_23_6216_7bf6_103878>
...
040 (13689555.000.000) 03/10 16:04:08 Finished transferring input files
...
001 (13689555.000.000) 03/10 16:04:09 Job executing on host: <188.185.211.35:9618?addrs=188.185.211.35-9618+[2001-1458-303-16--100-1f]-9618&alias=b9p23p1046.cern.ch&noUDP&sock=startd_5245_3653>
	SlotName: slot1_23@b9p23p1046.cern.ch
	CondorScratchDir = "/pool/condor/dir_642592"
	Cpus = 1
	Disk = 3738
	GPUs = 0
	Memory = 3000
...
006 (13689555.000.000) 03/10 16:04:18 Image size of job updated: 2048
	2  -  MemoryUsage of job (MB)
	2048  -  ResidentSetSize of job (KB)
...
006 (13689555.000.000) 03/10 16:09:19 Image size of job updated: 1102144
	1077  -  MemoryUsage of job (MB)
	1102144  -  ResidentSetSize of job (KB)
...
006 (13689555.000.000) 03/10 16:14:20 Image size of job updated: 1160596
	1134  -  MemoryUsage of job (MB)
	1160596  -  ResidentSetSize of job (KB)
...
006 (13689555.000.000) 03/10 16:19:20 Image size of job updated: 1224132
	1196  -  MemoryUsage of job (MB)
	1224132  -  ResidentSetSize of job (KB)
...
006 (13689555.000.000) 03/10 16:24:20 Image size of job updated: 1271996
	1243  -  MemoryUsage of job (MB)
	1271996  -  ResidentSetSize of job (KB)
...
006 (13689555.000.000) 03/10 16:29:21 Image size of job updated: 1313076
	1283  -  MemoryUsage of job (MB)
	1313076  -  ResidentSetSize of job (KB)
...
006 (13689555.000.000) 03/10 16:34:21 Image size of job updated: 1352224
	1321  -  MemoryUsage of job (MB)
	1352224  -  ResidentSetSize of job (KB)
...
006 (13689555.000.000) 03/10 16:39:21 Image size of job updated: 1394204
	1362  -  MemoryUsage of job (MB)
	1394204  -  ResidentSetSize of job (KB)
...
006 (13689555.000.000) 03/10 16:44:22 Image size of job updated: 1428984
	1396  -  MemoryUsage of job (MB)
	1428984  -  ResidentSetSize of job (KB)
...
006 (13689555.000.000) 03/10 16:49:23 Image size of job updated: 1464712
	1431  -  MemoryUsage of job (MB)
	1464712  -  ResidentSetSize of job (KB)
...
006 (13689555.000.000) 03/10 16:54:23 Image size of job updated: 1497896
	1463  -  MemoryUsage of job (MB)
	1497896  -  ResidentSetSize of job (KB)
...
006 (13689555.000.000) 03/10 16:59:24 Image size of job updated: 1535780
	1500  -  MemoryUsage of job (MB)
	1535780  -  ResidentSetSize of job (KB)
...
006 (13689555.000.000) 03/10 17:04:25 Image size of job updated: 1569100
	1533  -  MemoryUsage of job (MB)
	1569100  -  ResidentSetSize of job (KB)
...
040 (13689555.000.000) 03/10 17:07:18 Started transferring output files
...
040 (13689555.000.000) 03/10 17:07:18 Finished transferring output files
...
005 (13689555.000.000) 03/10 17:07:18 Job terminated.
	(1) Normal termination (return value 0)
		Usr 0 00:28:49, Sys 0 00:00:28  -  Run Remote Usage
		Usr 0 00:00:00, Sys 0 00:00:00  -  Run Local Usage
		Usr 0 00:28:49, Sys 0 00:00:28  -  Total Remote Usage
		Usr 0 00:00:00, Sys 0 00:00:00  -  Total Local Usage
	5402  -  Run Bytes Sent By Job
	11046  -  Run Bytes Received By Job
	5402  -  Total Bytes Sent By Job
	11046  -  Total Bytes Received By Job
	Partitionable Resources :     Usage  Request Allocated 
	   Cpus                 :      0.61        1         1 
	   Disk (KB)            : 165142          12      3738 
	   GPUs                 :                            0 
	   Memory (MB)          :   1533        3000      3000 

	Job terminated of its own accord at 2025-03-10T16:07:18Z with exit-code 0.
...
