000 (13689510.000.000) 03/10 15:59:07 Job submitted from host: <137.138.120.116:9618?addrs=137.138.120.116-9618+[2001-1458-d00-16--17b]-9618&alias=bigbird12.cern.ch&noUDP&sock=schedd_5055_e355>
...
040 (13689510.000.000) 03/10 16:01:27 Started transferring input files
	Transferring to host: <188.185.214.159:9618?addrs=188.185.214.159-9618+[2001-1458-303-1d--100-1b]-9618&alias=b9p30p1838.cern.ch&noUDP&sock=slot1_34_4060717_39e1_58939>
...
040 (13689510.000.000) 03/10 16:01:27 Finished transferring input files
...
001 (13689510.000.000) 03/10 16:01:28 Job executing on host: <188.185.214.159:9618?addrs=188.185.214.159-9618+[2001-1458-303-1d--100-1b]-9618&alias=b9p30p1838.cern.ch&noUDP&sock=startd_6447_af2a>
	SlotName: slot1_34@b9p30p1838.cern.ch
	CondorScratchDir = "/pool/condor/dir_1821849"
	Cpus = 1
	Disk = 3860
	GPUs = 0
	Memory = 3000
...
006 (13689510.000.000) 03/10 16:01:36 Image size of job updated: 647452
	633  -  MemoryUsage of job (MB)
	647452  -  ResidentSetSize of job (KB)
...
006 (13689510.000.000) 03/10 16:06:36 Image size of job updated: 1807404
	1766  -  MemoryUsage of job (MB)
	1807404  -  ResidentSetSize of job (KB)
...
006 (13689510.000.000) 03/10 16:11:37 Image size of job updated: 1872544
	1829  -  MemoryUsage of job (MB)
	1872544  -  ResidentSetSize of job (KB)
...
006 (13689510.000.000) 03/10 16:16:37 Image size of job updated: 1934476
	1890  -  MemoryUsage of job (MB)
	1934476  -  ResidentSetSize of job (KB)
...
006 (13689510.000.000) 03/10 16:21:37 Image size of job updated: 1989332
	1943  -  MemoryUsage of job (MB)
	1989332  -  ResidentSetSize of job (KB)
...
006 (13689510.000.000) 03/10 16:26:38 Image size of job updated: 2041900
	1995  -  MemoryUsage of job (MB)
	2041900  -  ResidentSetSize of job (KB)
...
040 (13689510.000.000) 03/10 16:29:36 Started transferring output files
...
040 (13689510.000.000) 03/10 16:29:36 Finished transferring output files
...
005 (13689510.000.000) 03/10 16:29:36 Job terminated.
	(1) Normal termination (return value 0)
		Usr 0 00:14:04, Sys 0 00:00:23  -  Run Remote Usage
		Usr 0 00:00:00, Sys 0 00:00:00  -  Run Local Usage
		Usr 0 00:14:04, Sys 0 00:00:23  -  Total Remote Usage
		Usr 0 00:00:00, Sys 0 00:00:00  -  Total Local Usage
	4109  -  Run Bytes Sent By Job
	11046  -  Run Bytes Received By Job
	4109  -  Total Bytes Sent By Job
	11046  -  Total Bytes Received By Job
	Partitionable Resources :    Usage  Request Allocated 
	   Cpus                 :     0.02        1         1 
	   Disk (KB)            : 91097          12      3860 
	   GPUs                 :                           0 
	   Memory (MB)          :  1995        3000      3000 

	Job terminated of its own accord at 2025-03-10T15:29:36Z with exit-code 0.
...
