000 (13689601.000.000) 03/10 16:00:46 Job submitted from host: <137.138.120.116:9618?addrs=137.138.120.116-9618+[2001-1458-d00-16--17b]-9618&alias=bigbird12.cern.ch&noUDP&sock=schedd_5055_e355>
...
040 (13689601.000.000) 03/10 16:04:30 Started transferring input files
	Transferring to host: <128.142.33.224:9618?addrs=128.142.33.224-9618+[2001-1458-301-39--100-1d]-9618&alias=b9g24p1529.cern.ch&noUDP&sock=slot1_28_3541_b469_122034>
...
040 (13689601.000.000) 03/10 16:04:30 Finished transferring input files
...
001 (13689601.000.000) 03/10 16:04:31 Job executing on host: <128.142.33.224:9618?addrs=128.142.33.224-9618+[2001-1458-301-39--100-1d]-9618&alias=b9g24p1529.cern.ch&noUDP&sock=startd_3276_a459>
	SlotName: slot1_28@b9g24p1529.cern.ch
	CondorScratchDir = "/pool/condor/dir_2375460"
	Cpus = 1
	Disk = 3809
	GPUs = 0
	Memory = 3000
...
006 (13689601.000.000) 03/10 16:04:40 Image size of job updated: 140944
	138  -  MemoryUsage of job (MB)
	140944  -  ResidentSetSize of job (KB)
...
006 (13689601.000.000) 03/10 16:08:05 Image size of job updated: 353432
	346  -  MemoryUsage of job (MB)
	353432  -  ResidentSetSize of job (KB)
...
040 (13689601.000.000) 03/10 16:08:05 Started transferring output files
...
040 (13689601.000.000) 03/10 16:08:05 Finished transferring output files
...
005 (13689601.000.000) 03/10 16:08:05 Job terminated.
	(1) Normal termination (return value 0)
		Usr 0 00:00:44, Sys 0 00:00:10  -  Run Remote Usage
		Usr 0 00:00:00, Sys 0 00:00:00  -  Run Local Usage
		Usr 0 00:00:44, Sys 0 00:00:10  -  Total Remote Usage
		Usr 0 00:00:00, Sys 0 00:00:00  -  Total Local Usage
	2819  -  Run Bytes Sent By Job
	11052  -  Run Bytes Received By Job
	2819  -  Total Bytes Sent By Job
	11052  -  Total Bytes Received By Job
	Partitionable Resources :    Usage  Request Allocated 
	   Cpus                 :        0        1         1 
	   Disk (KB)            :    11097       12      3809 
	   GPUs                 :                           0 
	   Memory (MB)          :      346     3000      3000 

	Job terminated of its own accord at 2025-03-10T15:08:05Z with exit-code 0.
...
