000 (13689544.000.000) 03/10 16:00:06 Job submitted from host: <137.138.120.116:9618?addrs=137.138.120.116-9618+[2001-1458-d00-16--17b]-9618&alias=bigbird12.cern.ch&noUDP&sock=schedd_5055_e355>
...
040 (13689544.000.000) 03/10 16:04:04 Started transferring input files
	Transferring to host: <188.185.211.207:9618?addrs=188.185.211.207-9618+[2001-1458-303-17--100-4b]-9618&alias=b9p24p2873.cern.ch&noUDP&sock=slot1_5_2969357_6085_100742>
...
040 (13689544.000.000) 03/10 16:04:04 Finished transferring input files
...
001 (13689544.000.000) 03/10 16:04:05 Job executing on host: <188.185.211.207:9618?addrs=188.185.211.207-9618+[2001-1458-303-17--100-4b]-9618&alias=b9p24p2873.cern.ch&noUDP&sock=startd_7772_8626>
	SlotName: slot1_5@b9p24p2873.cern.ch
	CondorScratchDir = "/pool/condor/dir_1748673"
	Cpus = 1
	Disk = 3893
	GPUs = 0
	Memory = 3000
...
006 (13689544.000.000) 03/10 16:04:13 Image size of job updated: 587456
	574  -  MemoryUsage of job (MB)
	587456  -  ResidentSetSize of job (KB)
...
006 (13689544.000.000) 03/10 16:09:13 Image size of job updated: 1912256
	1868  -  MemoryUsage of job (MB)
	1912256  -  ResidentSetSize of job (KB)
...
006 (13689544.000.000) 03/10 16:14:14 Image size of job updated: 1977816
	1932  -  MemoryUsage of job (MB)
	1977816  -  ResidentSetSize of job (KB)
...
006 (13689544.000.000) 03/10 16:19:14 Image size of job updated: 2038836
	1992  -  MemoryUsage of job (MB)
	2038836  -  ResidentSetSize of job (KB)
...
006 (13689544.000.000) 03/10 16:24:14 Image size of job updated: 2092256
	2044  -  MemoryUsage of job (MB)
	2092256  -  ResidentSetSize of job (KB)
...
006 (13689544.000.000) 03/10 16:29:15 Image size of job updated: 2144404
	2095  -  MemoryUsage of job (MB)
	2144404  -  ResidentSetSize of job (KB)
...
006 (13689544.000.000) 03/10 16:34:16 Image size of job updated: 2193288
	2142  -  MemoryUsage of job (MB)
	2193288  -  ResidentSetSize of job (KB)
...
006 (13689544.000.000) 03/10 16:39:16 Image size of job updated: 2244364
	2192  -  MemoryUsage of job (MB)
	2244364  -  ResidentSetSize of job (KB)
...
006 (13689544.000.000) 03/10 16:44:17 Image size of job updated: 2295784
	2242  -  MemoryUsage of job (MB)
	2295784  -  ResidentSetSize of job (KB)
...
006 (13689544.000.000) 03/10 16:49:18 Image size of job updated: 2345208
	2291  -  MemoryUsage of job (MB)
	2345208  -  ResidentSetSize of job (KB)
...
006 (13689544.000.000) 03/10 16:54:18 Image size of job updated: 2393392
	2338  -  MemoryUsage of job (MB)
	2393392  -  ResidentSetSize of job (KB)
...
006 (13689544.000.000) 03/10 16:59:18 Image size of job updated: 2438408
	2382  -  MemoryUsage of job (MB)
	2438408  -  ResidentSetSize of job (KB)
...
006 (13689544.000.000) 03/10 17:04:19 Image size of job updated: 2489380
	2432  -  MemoryUsage of job (MB)
	2489380  -  ResidentSetSize of job (KB)
...
040 (13689544.000.000) 03/10 17:05:53 Started transferring output files
...
040 (13689544.000.000) 03/10 17:05:53 Finished transferring output files
...
005 (13689544.000.000) 03/10 17:05:53 Job terminated.
	(1) Normal termination (return value 0)
		Usr 0 00:31:24, Sys 0 00:00:35  -  Run Remote Usage
		Usr 0 00:00:00, Sys 0 00:00:00  -  Run Local Usage
		Usr 0 00:31:24, Sys 0 00:00:35  -  Total Remote Usage
		Usr 0 00:00:00, Sys 0 00:00:00  -  Total Local Usage
	6207  -  Run Bytes Sent By Job
	11046  -  Run Bytes Received By Job
	6207  -  Total Bytes Sent By Job
	11046  -  Total Bytes Received By Job
	Partitionable Resources :     Usage  Request Allocated 
	   Cpus                 :      0.45        1         1 
	   Disk (KB)            : 207977          12      3893 
	   GPUs                 :                            0 
	   Memory (MB)          :   2432        3000      3000 

	Job terminated of its own accord at 2025-03-10T16:05:53Z with exit-code 0.
...
