000 (13689682.000.000) 03/10 16:01:33 Job submitted from host: <137.138.120.116:9618?addrs=137.138.120.116-9618+[2001-1458-d00-16--17b]-9618&alias=bigbird12.cern.ch&noUDP&sock=schedd_5055_e355>
...
040 (13689682.000.000) 03/10 16:27:09 Started transferring input files
	Transferring to host: <128.142.33.216:9618?addrs=128.142.33.216-9618+[2001-1458-301-39--100-15]-9618&alias=b9g24p5211.cern.ch&noUDP&sock=slot1_27_4445_a78e_124658>
...
040 (13689682.000.000) 03/10 16:27:09 Finished transferring input files
...
001 (13689682.000.000) 03/10 16:27:10 Job executing on host: <128.142.33.216:9618?addrs=128.142.33.216-9618+[2001-1458-301-39--100-15]-9618&alias=b9g24p5211.cern.ch&noUDP&sock=startd_3723_3f2e>
	SlotName: slot1_27@b9g24p5211.cern.ch
	CondorScratchDir = "/pool/condor/dir_2134168"
	Cpus = 1
	Disk = 3760
	GPUs = 0
	Memory = 3000
...
006 (13689682.000.000) 03/10 16:27:19 Image size of job updated: 139760
	137  -  MemoryUsage of job (MB)
	139760  -  ResidentSetSize of job (KB)
...
006 (13689682.000.000) 03/10 16:32:20 Image size of job updated: 797080
	779  -  MemoryUsage of job (MB)
	797080  -  ResidentSetSize of job (KB)
...
040 (13689682.000.000) 03/10 16:34:02 Started transferring output files
...
040 (13689682.000.000) 03/10 16:34:02 Finished transferring output files
...
005 (13689682.000.000) 03/10 16:34:02 Job terminated.
	(1) Normal termination (return value 0)
		Usr 0 00:03:01, Sys 0 00:00:11  -  Run Remote Usage
		Usr 0 00:00:00, Sys 0 00:00:00  -  Run Local Usage
		Usr 0 00:03:01, Sys 0 00:00:11  -  Total Remote Usage
		Usr 0 00:00:00, Sys 0 00:00:00  -  Total Local Usage
	2988  -  Run Bytes Sent By Job
	11052  -  Run Bytes Received By Job
	2988  -  Total Bytes Sent By Job
	11052  -  Total Bytes Received By Job
	Partitionable Resources :    Usage  Request Allocated 
	   Cpus                 :        0        1         1 
	   Disk (KB)            :    22977       12      3760 
	   GPUs                 :                           0 
	   Memory (MB)          :      779     3000      3000 

	Job terminated of its own accord at 2025-03-10T15:34:02Z with exit-code 0.
...
