000 (13689707.000.000) 03/10 16:01:53 Job submitted from host: <137.138.120.116:9618?addrs=137.138.120.116-9618+[2001-1458-d00-16--17b]-9618&alias=bigbird12.cern.ch&noUDP&sock=schedd_5055_e355>
...
040 (13689707.000.000) 03/10 16:43:10 Started transferring input files
	Transferring to host: <188.185.211.155:9618?addrs=188.185.211.155-9618+[2001-1458-303-17--100-17]-9618&alias=b9p24p6645.cern.ch&noUDP&sock=slot1_16_4651_ccd6_102263>
...
040 (13689707.000.000) 03/10 16:43:10 Finished transferring input files
...
001 (13689707.000.000) 03/10 16:43:11 Job executing on host: <188.185.211.155:9618?addrs=188.185.211.155-9618+[2001-1458-303-17--100-17]-9618&alias=b9p24p6645.cern.ch&noUDP&sock=startd_3826_e570>
	SlotName: slot1_16@b9p24p6645.cern.ch
	CondorScratchDir = "/pool/condor/dir_3430301"
	Cpus = 1
	Disk = 3804
	GPUs = 0
	Memory = 3000
...
006 (13689707.000.000) 03/10 16:43:19 Image size of job updated: 139944
	137  -  MemoryUsage of job (MB)
	139944  -  ResidentSetSize of job (KB)
...
006 (13689707.000.000) 03/10 16:48:19 Image size of job updated: 771656
	754  -  MemoryUsage of job (MB)
	771656  -  ResidentSetSize of job (KB)
...
040 (13689707.000.000) 03/10 16:50:19 Started transferring output files
...
040 (13689707.000.000) 03/10 16:50:19 Finished transferring output files
...
005 (13689707.000.000) 03/10 16:50:22 Job terminated.
	(1) Normal termination (return value 0)
		Usr 0 00:02:44, Sys 0 00:00:10  -  Run Remote Usage
		Usr 0 00:00:00, Sys 0 00:00:00  -  Run Local Usage
		Usr 0 00:02:44, Sys 0 00:00:10  -  Total Remote Usage
		Usr 0 00:00:00, Sys 0 00:00:00  -  Total Local Usage
	2986  -  Run Bytes Sent By Job
	11052  -  Run Bytes Received By Job
	2986  -  Total Bytes Sent By Job
	11052  -  Total Bytes Received By Job
	Partitionable Resources :    Usage  Request Allocated 
	   Cpus                 :        0        1         1 
	   Disk (KB)            :    22533       12      3804 
	   GPUs                 :                           0 
	   Memory (MB)          :      754     3000      3000 

	Job terminated of its own accord at 2025-03-10T15:50:16Z with exit-code 0.
...
