000 (13689545.000.000) 03/10 16:00:10 Job submitted from host: <137.138.120.116:9618?addrs=137.138.120.116-9618+[2001-1458-d00-16--17b]-9618&alias=bigbird12.cern.ch&noUDP&sock=schedd_5055_e355>
...
040 (13689545.000.000) 03/10 16:04:04 Started transferring input files
	Transferring to host: <188.185.214.23:9618?addrs=188.185.214.23-9618+[2001-1458-303-1c--100-13]-9618&alias=b9p29p7170.cern.ch&noUDP&sock=slot1_10_4346_e66a_27153>
...
040 (13689545.000.000) 03/10 16:04:04 Finished transferring input files
...
001 (13689545.000.000) 03/10 16:04:05 Job executing on host: <188.185.214.23:9618?addrs=188.185.214.23-9618+[2001-1458-303-1c--100-13]-9618&alias=b9p29p7170.cern.ch&noUDP&sock=startd_3614_7b5c>
	SlotName: slot1_10@b9p29p7170.cern.ch
	CondorScratchDir = "/pool/condor/dir_8989"
	Cpus = 1
	Disk = 3891
	GPUs = 0
	Memory = 3000
...
006 (13689545.000.000) 03/10 16:04:14 Image size of job updated: 23328
	23  -  MemoryUsage of job (MB)
	23328  -  ResidentSetSize of job (KB)
...
006 (13689545.000.000) 03/10 16:09:15 Image size of job updated: 1106716
	1081  -  MemoryUsage of job (MB)
	1106716  -  ResidentSetSize of job (KB)
...
006 (13689545.000.000) 03/10 16:14:16 Image size of job updated: 1161296
	1135  -  MemoryUsage of job (MB)
	1161296  -  ResidentSetSize of job (KB)
...
006 (13689545.000.000) 03/10 16:19:16 Image size of job updated: 1226944
	1199  -  MemoryUsage of job (MB)
	1226944  -  ResidentSetSize of job (KB)
...
006 (13689545.000.000) 03/10 16:24:16 Image size of job updated: 1265948
	1237  -  MemoryUsage of job (MB)
	1265948  -  ResidentSetSize of job (KB)
...
006 (13689545.000.000) 03/10 16:29:17 Image size of job updated: 1322668
	1292  -  MemoryUsage of job (MB)
	1322668  -  ResidentSetSize of job (KB)
...
006 (13689545.000.000) 03/10 16:34:17 Image size of job updated: 1362060
	1331  -  MemoryUsage of job (MB)
	1362060  -  ResidentSetSize of job (KB)
...
006 (13689545.000.000) 03/10 16:39:17 Image size of job updated: 1402360
	1370  -  MemoryUsage of job (MB)
	1402360  -  ResidentSetSize of job (KB)
...
006 (13689545.000.000) 03/10 16:44:18 Image size of job updated: 1443812
	1410  -  MemoryUsage of job (MB)
	1443812  -  ResidentSetSize of job (KB)
...
006 (13689545.000.000) 03/10 16:49:19 Image size of job updated: 1483248
	1449  -  MemoryUsage of job (MB)
	1483248  -  ResidentSetSize of job (KB)
...
006 (13689545.000.000) 03/10 16:54:19 Image size of job updated: 1518184
	1483  -  MemoryUsage of job (MB)
	1518184  -  ResidentSetSize of job (KB)
...
006 (13689545.000.000) 03/10 16:59:20 Image size of job updated: 1559988
	1524  -  MemoryUsage of job (MB)
	1559988  -  ResidentSetSize of job (KB)
...
006 (13689545.000.000) 03/10 17:04:21 Image size of job updated: 1602168
	1565  -  MemoryUsage of job (MB)
	1602168  -  ResidentSetSize of job (KB)
...
006 (13689545.000.000) 03/10 17:09:21 Image size of job updated: 1973284
	1928  -  MemoryUsage of job (MB)
	1973284  -  ResidentSetSize of job (KB)
...
040 (13689545.000.000) 03/10 17:09:32 Started transferring output files
...
040 (13689545.000.000) 03/10 17:09:32 Finished transferring output files
...
005 (13689545.000.000) 03/10 17:09:32 Job terminated.
	(1) Normal termination (return value 0)
		Usr 0 00:35:00, Sys 0 00:00:42  -  Run Remote Usage
		Usr 0 00:00:00, Sys 0 00:00:00  -  Run Local Usage
		Usr 0 00:35:00, Sys 0 00:00:42  -  Total Remote Usage
		Usr 0 00:00:00, Sys 0 00:00:00  -  Total Local Usage
	5563  -  Run Bytes Sent By Job
	11046  -  Run Bytes Received By Job
	5563  -  Total Bytes Sent By Job
	11046  -  Total Bytes Received By Job
	Partitionable Resources :     Usage  Request Allocated 
	   Cpus                 :      0.63        1         1 
	   Disk (KB)            : 179201          12      3891 
	   GPUs                 :                            0 
	   Memory (MB)          :   1928        3000      3000 

	Job terminated of its own accord at 2025-03-10T16:09:32Z with exit-code 0.
...
