000 (13689725.000.000) 03/10 16:02:05 Job submitted from host: <137.138.120.116:9618?addrs=137.138.120.116-9618+[2001-1458-d00-16--17b]-9618&alias=bigbird12.cern.ch&noUDP&sock=schedd_5055_e355>
...
040 (13689725.000.000) 03/10 16:43:41 Started transferring input files
	Transferring to host: <188.185.212.198:9618?addrs=188.185.212.198-9618+[2001-1458-303-19--100-42]-9618&alias=b9p26p8638.cern.ch&noUDP&sock=slot1_12_6654_1848_32884>
...
040 (13689725.000.000) 03/10 16:43:41 Finished transferring input files
...
001 (13689725.000.000) 03/10 16:43:42 Job executing on host: <188.185.212.198:9618?addrs=188.185.212.198-9618+[2001-1458-303-19--100-42]-9618&alias=b9p26p8638.cern.ch&noUDP&sock=startd_5603_c53b>
	SlotName: slot1_12@b9p26p8638.cern.ch
	CondorScratchDir = "/pool/condor/dir_1003659"
	Cpus = 1
	Disk = 3769
	GPUs = 0
	Memory = 3000
...
006 (13689725.000.000) 03/10 16:43:55 Image size of job updated: 87392
	86  -  MemoryUsage of job (MB)
	87392  -  ResidentSetSize of job (KB)
...
006 (13689725.000.000) 03/10 16:48:55 Image size of job updated: 749912
	733  -  MemoryUsage of job (MB)
	749912  -  ResidentSetSize of job (KB)
...
006 (13689725.000.000) 03/10 16:53:56 Image size of job updated: 803720
	785  -  MemoryUsage of job (MB)
	803720  -  ResidentSetSize of job (KB)
...
006 (13689725.000.000) 03/10 16:55:15 Image size of job updated: 870900
	785  -  MemoryUsage of job (MB)
	803720  -  ResidentSetSize of job (KB)
...
040 (13689725.000.000) 03/10 16:55:15 Started transferring output files
...
040 (13689725.000.000) 03/10 16:55:15 Finished transferring output files
...
005 (13689725.000.000) 03/10 16:55:17 Job terminated.
	(1) Normal termination (return value 0)
		Usr 0 00:04:27, Sys 0 00:00:14  -  Run Remote Usage
		Usr 0 00:00:00, Sys 0 00:00:00  -  Run Local Usage
		Usr 0 00:04:27, Sys 0 00:00:14  -  Total Remote Usage
		Usr 0 00:00:00, Sys 0 00:00:00  -  Total Local Usage
	3149  -  Run Bytes Sent By Job
	11052  -  Run Bytes Received By Job
	3149  -  Total Bytes Sent By Job
	11052  -  Total Bytes Received By Job
	Partitionable Resources :    Usage  Request Allocated 
	   Cpus                 :     0.02        1         1 
	   Disk (KB)            : 30810          12      3769 
	   GPUs                 :                           0 
	   Memory (MB)          :   785        3000      3000 

	Job terminated of its own accord at 2025-03-10T15:55:15Z with exit-code 0.
...
