000 (13689610.000.000) 03/10 16:00:51 Job submitted from host: <137.138.120.116:9618?addrs=137.138.120.116-9618+[2001-1458-d00-16--17b]-9618&alias=bigbird12.cern.ch&noUDP&sock=schedd_5055_e355>
...
040 (13689610.000.000) 03/10 16:04:27 Started transferring input files
	Transferring to host: <188.185.215.194:9618?addrs=188.185.215.194-9618+[2001-1458-303-26--100-3e]-9618&alias=b9p18p2090.cern.ch&noUDP&sock=slot1_28_3408_fe84_111596>
...
040 (13689610.000.000) 03/10 16:04:27 Finished transferring input files
...
001 (13689610.000.000) 03/10 16:04:28 Job executing on host: <188.185.215.194:9618?addrs=188.185.215.194-9618+[2001-1458-303-26--100-3e]-9618&alias=b9p18p2090.cern.ch&noUDP&sock=startd_2865_baec>
	SlotName: slot1_28@b9p18p2090.cern.ch
	CondorScratchDir = "/pool/condor/dir_1241428"
	Cpus = 1
	Disk = 3723
	GPUs = 0
	Memory = 3000
...
006 (13689610.000.000) 03/10 16:04:37 Image size of job updated: 524732
	513  -  MemoryUsage of job (MB)
	524732  -  ResidentSetSize of job (KB)
...
006 (13689610.000.000) 03/10 16:09:38 Image size of job updated: 2324744
	2271  -  MemoryUsage of job (MB)
	2324744  -  ResidentSetSize of job (KB)
...
006 (13689610.000.000) 03/10 16:14:38 Image size of job updated: 2386576
	2331  -  MemoryUsage of job (MB)
	2386576  -  ResidentSetSize of job (KB)
...
006 (13689610.000.000) 03/10 16:19:38 Image size of job updated: 2449444
	2393  -  MemoryUsage of job (MB)
	2449444  -  ResidentSetSize of job (KB)
...
006 (13689610.000.000) 03/10 16:24:39 Image size of job updated: 2491224
	2433  -  MemoryUsage of job (MB)
	2491224  -  ResidentSetSize of job (KB)
...
006 (13689610.000.000) 03/10 16:29:39 Image size of job updated: 2545144
	2486  -  MemoryUsage of job (MB)
	2545144  -  ResidentSetSize of job (KB)
...
006 (13689610.000.000) 03/10 16:34:39 Image size of job updated: 2590468
	2530  -  MemoryUsage of job (MB)
	2590468  -  ResidentSetSize of job (KB)
...
006 (13689610.000.000) 03/10 16:39:40 Image size of job updated: 2638016
	2577  -  MemoryUsage of job (MB)
	2638016  -  ResidentSetSize of job (KB)
...
006 (13689610.000.000) 03/10 16:44:41 Image size of job updated: 2678440
	2616  -  MemoryUsage of job (MB)
	2678440  -  ResidentSetSize of job (KB)
...
006 (13689610.000.000) 03/10 17:04:43 Image size of job updated: 2898636
	2831  -  MemoryUsage of job (MB)
	2898636  -  ResidentSetSize of job (KB)
...
040 (13689610.000.000) 03/10 17:05:00 Started transferring output files
...
040 (13689610.000.000) 03/10 17:05:00 Finished transferring output files
...
005 (13689610.000.000) 03/10 17:05:00 Job terminated.
	(1) Normal termination (return value 0)
		Usr 0 00:30:21, Sys 0 00:00:41  -  Run Remote Usage
		Usr 0 00:00:00, Sys 0 00:00:00  -  Run Local Usage
		Usr 0 00:30:21, Sys 0 00:00:41  -  Total Remote Usage
		Usr 0 00:00:00, Sys 0 00:00:00  -  Total Local Usage
	5730  -  Run Bytes Sent By Job
	11052  -  Run Bytes Received By Job
	5730  -  Total Bytes Sent By Job
	11052  -  Total Bytes Received By Job
	Partitionable Resources :     Usage  Request Allocated 
	   Cpus                 :      0.95        1         1 
	   Disk (KB)            : 183119          12      3723 
	   GPUs                 :                            0 
	   Memory (MB)          :   2831        3000      3000 

	Job terminated of its own accord at 2025-03-10T16:05:00Z with exit-code 0.
...
