000 (13689669.000.000) 03/10 16:01:25 Job submitted from host: <137.138.120.116:9618?addrs=137.138.120.116-9618+[2001-1458-d00-16--17b]-9618&alias=bigbird12.cern.ch&noUDP&sock=schedd_5055_e355>
...
040 (13689669.000.000) 03/10 16:19:32 Started transferring input files
	Transferring to host: <188.185.211.38:9618?addrs=188.185.211.38-9618+[2001-1458-303-16--100-22]-9618&alias=b9p23p5517.cern.ch&noUDP&sock=slot1_16_3774_dfd3_103291>
...
040 (13689669.000.000) 03/10 16:19:32 Finished transferring input files
...
001 (13689669.000.000) 03/10 16:19:33 Job executing on host: <188.185.211.38:9618?addrs=188.185.211.38-9618+[2001-1458-303-16--100-22]-9618&alias=b9p23p5517.cern.ch&noUDP&sock=startd_3045_31f8>
	SlotName: slot1_16@b9p23p5517.cern.ch
	CondorScratchDir = "/pool/condor/dir_2838274"
	Cpus = 1
	Disk = 3800
	GPUs = 0
	Memory = 3000
...
006 (13689669.000.000) 03/10 16:19:42 Image size of job updated: 2376
	3  -  MemoryUsage of job (MB)
	2376  -  ResidentSetSize of job (KB)
...
006 (13689669.000.000) 03/10 16:24:43 Image size of job updated: 839632
	820  -  MemoryUsage of job (MB)
	839632  -  ResidentSetSize of job (KB)
...
006 (13689669.000.000) 03/10 16:29:43 Image size of job updated: 890916
	871  -  MemoryUsage of job (MB)
	890916  -  ResidentSetSize of job (KB)
...
006 (13689669.000.000) 03/10 16:34:44 Image size of job updated: 956424
	935  -  MemoryUsage of job (MB)
	956424  -  ResidentSetSize of job (KB)
...
006 (13689669.000.000) 03/10 16:39:45 Image size of job updated: 992960
	970  -  MemoryUsage of job (MB)
	992960  -  ResidentSetSize of job (KB)
...
006 (13689669.000.000) 03/10 16:44:45 Image size of job updated: 1029996
	1006  -  MemoryUsage of job (MB)
	1029996  -  ResidentSetSize of job (KB)
...
006 (13689669.000.000) 03/10 16:49:45 Image size of job updated: 1067116
	1043  -  MemoryUsage of job (MB)
	1067116  -  ResidentSetSize of job (KB)
...
006 (13689669.000.000) 03/10 16:54:46 Image size of job updated: 1100568
	1075  -  MemoryUsage of job (MB)
	1100568  -  ResidentSetSize of job (KB)
...
006 (13689669.000.000) 03/10 16:59:46 Image size of job updated: 1128888
	1103  -  MemoryUsage of job (MB)
	1128888  -  ResidentSetSize of job (KB)
...
006 (13689669.000.000) 03/10 17:04:46 Image size of job updated: 1164544
	1138  -  MemoryUsage of job (MB)
	1164544  -  ResidentSetSize of job (KB)
...
006 (13689669.000.000) 03/10 17:09:48 Image size of job updated: 1199520
	1172  -  MemoryUsage of job (MB)
	1199520  -  ResidentSetSize of job (KB)
...
006 (13689669.000.000) 03/10 17:14:48 Image size of job updated: 1229840
	1202  -  MemoryUsage of job (MB)
	1229840  -  ResidentSetSize of job (KB)
...
006 (13689669.000.000) 03/10 17:19:48 Image size of job updated: 1261852
	1233  -  MemoryUsage of job (MB)
	1261852  -  ResidentSetSize of job (KB)
...
006 (13689669.000.000) 03/10 17:24:49 Image size of job updated: 1289252
	1260  -  MemoryUsage of job (MB)
	1289252  -  ResidentSetSize of job (KB)
...
006 (13689669.000.000) 03/10 17:29:50 Image size of job updated: 1322220
	1292  -  MemoryUsage of job (MB)
	1322220  -  ResidentSetSize of job (KB)
...
040 (13689669.000.000) 03/10 17:33:16 Started transferring output files
...
040 (13689669.000.000) 03/10 17:33:16 Finished transferring output files
...
005 (13689669.000.000) 03/10 17:33:16 Job terminated.
	(1) Normal termination (return value 0)
		Usr 0 00:32:47, Sys 0 00:00:45  -  Run Remote Usage
		Usr 0 00:00:00, Sys 0 00:00:00  -  Run Local Usage
		Usr 0 00:32:47, Sys 0 00:00:45  -  Total Remote Usage
		Usr 0 00:00:00, Sys 0 00:00:00  -  Total Local Usage
	5408  -  Run Bytes Sent By Job
	11052  -  Run Bytes Received By Job
	5408  -  Total Bytes Sent By Job
	11052  -  Total Bytes Received By Job
	Partitionable Resources :     Usage  Request Allocated 
	   Cpus                 :      0.95        1         1 
	   Disk (KB)            : 168866          12      3800 
	   GPUs                 :                            0 
	   Memory (MB)          :   1292        3000      3000 

	Job terminated of its own accord at 2025-03-10T16:33:16Z with exit-code 0.
...
