000 (13689684.000.000) 03/10 16:01:35 Job submitted from host: <137.138.120.116:9618?addrs=137.138.120.116-9618+[2001-1458-d00-16--17b]-9618&alias=bigbird12.cern.ch&noUDP&sock=schedd_5055_e355>
...
040 (13689684.000.000) 03/10 16:27:59 Started transferring input files
	Transferring to host: <188.185.210.138:9618?addrs=188.185.210.138-9618+[2001-1458-303-15--100-6]-9618&alias=b9p22p4394.cern.ch&noUDP&sock=slot1_36_3878_26d7_102912>
...
040 (13689684.000.000) 03/10 16:27:59 Finished transferring input files
...
001 (13689684.000.000) 03/10 16:28:00 Job executing on host: <188.185.210.138:9618?addrs=188.185.210.138-9618+[2001-1458-303-15--100-6]-9618&alias=b9p22p4394.cern.ch&noUDP&sock=startd_3101_9b46>
	SlotName: slot1_36@b9p22p4394.cern.ch
	CondorScratchDir = "/pool/condor/dir_1087104"
	Cpus = 1
	Disk = 3811
	GPUs = 0
	Memory = 3000
...
006 (13689684.000.000) 03/10 16:28:08 Image size of job updated: 134580
	132  -  MemoryUsage of job (MB)
	134580  -  ResidentSetSize of job (KB)
...
006 (13689684.000.000) 03/10 16:33:08 Image size of job updated: 778880
	761  -  MemoryUsage of job (MB)
	778880  -  ResidentSetSize of job (KB)
...
006 (13689684.000.000) 03/10 16:38:09 Image size of job updated: 831512
	813  -  MemoryUsage of job (MB)
	831512  -  ResidentSetSize of job (KB)
...
006 (13689684.000.000) 03/10 16:43:10 Image size of job updated: 901164
	881  -  MemoryUsage of job (MB)
	901164  -  ResidentSetSize of job (KB)
...
006 (13689684.000.000) 03/10 16:48:10 Image size of job updated: 938516
	917  -  MemoryUsage of job (MB)
	938516  -  ResidentSetSize of job (KB)
...
006 (13689684.000.000) 03/10 16:53:11 Image size of job updated: 991900
	969  -  MemoryUsage of job (MB)
	991900  -  ResidentSetSize of job (KB)
...
006 (13689684.000.000) 03/10 16:58:12 Image size of job updated: 1031156
	1007  -  MemoryUsage of job (MB)
	1031156  -  ResidentSetSize of job (KB)
...
006 (13689684.000.000) 03/10 17:03:12 Image size of job updated: 1079424
	1055  -  MemoryUsage of job (MB)
	1079424  -  ResidentSetSize of job (KB)
...
006 (13689684.000.000) 03/10 17:08:12 Image size of job updated: 1117436
	1092  -  MemoryUsage of job (MB)
	1117436  -  ResidentSetSize of job (KB)
...
006 (13689684.000.000) 03/10 17:13:13 Image size of job updated: 1137496
	1111  -  MemoryUsage of job (MB)
	1137496  -  ResidentSetSize of job (KB)
...
006 (13689684.000.000) 03/10 17:18:13 Image size of job updated: 1155692
	1129  -  MemoryUsage of job (MB)
	1155692  -  ResidentSetSize of job (KB)
...
006 (13689684.000.000) 03/10 17:23:13 Image size of job updated: 1172428
	1145  -  MemoryUsage of job (MB)
	1172428  -  ResidentSetSize of job (KB)
...
006 (13689684.000.000) 03/10 17:28:14 Image size of job updated: 1189296
	1162  -  MemoryUsage of job (MB)
	1189296  -  ResidentSetSize of job (KB)
...
006 (13689684.000.000) 03/10 17:33:14 Image size of job updated: 1205368
	1178  -  MemoryUsage of job (MB)
	1205368  -  ResidentSetSize of job (KB)
...
006 (13689684.000.000) 03/10 17:38:14 Image size of job updated: 1222468
	1194  -  MemoryUsage of job (MB)
	1222468  -  ResidentSetSize of job (KB)
...
006 (13689684.000.000) 03/10 17:43:15 Image size of job updated: 1235964
	1207  -  MemoryUsage of job (MB)
	1235964  -  ResidentSetSize of job (KB)
...
006 (13689684.000.000) 03/10 17:48:16 Image size of job updated: 1247360
	1219  -  MemoryUsage of job (MB)
	1247360  -  ResidentSetSize of job (KB)
...
006 (13689684.000.000) 03/10 17:53:16 Image size of job updated: 1264016
	1235  -  MemoryUsage of job (MB)
	1264016  -  ResidentSetSize of job (KB)
...
040 (13689684.000.000) 03/10 17:54:48 Started transferring output files
...
040 (13689684.000.000) 03/10 17:54:48 Finished transferring output files
...
005 (13689684.000.000) 03/10 17:54:48 Job terminated.
	(1) Normal termination (return value 0)
		Usr 0 00:30:22, Sys 0 00:00:36  -  Run Remote Usage
		Usr 0 00:00:00, Sys 0 00:00:00  -  Run Local Usage
		Usr 0 00:30:22, Sys 0 00:00:36  -  Total Remote Usage
		Usr 0 00:00:00, Sys 0 00:00:00  -  Total Local Usage
	5569  -  Run Bytes Sent By Job
	11052  -  Run Bytes Received By Job
	5569  -  Total Bytes Sent By Job
	11052  -  Total Bytes Received By Job
	Partitionable Resources :     Usage  Request Allocated 
	   Cpus                 :      0.83        1         1 
	   Disk (KB)            : 174248          12      3811 
	   GPUs                 :                            0 
	   Memory (MB)          :   1235        3000      3000 

	Job terminated of its own accord at 2025-03-10T16:54:48Z with exit-code 0.
...
