000 (13689694.000.000) 03/10 16:01:44 Job submitted from host: <137.138.120.116:9618?addrs=137.138.120.116-9618+[2001-1458-d00-16--17b]-9618&alias=bigbird12.cern.ch&noUDP&sock=schedd_5055_e355>
...
040 (13689694.000.000) 03/10 16:42:44 Started transferring input files
	Transferring to host: <188.185.210.47:9618?addrs=188.185.210.47-9618+[2001-1458-303-1--100-2b]-9618&alias=b9p21p1789.cern.ch&noUDP&sock=slot1_10_145884_39a5_32404>
...
040 (13689694.000.000) 03/10 16:42:44 Finished transferring input files
...
001 (13689694.000.000) 03/10 16:42:45 Job executing on host: <188.185.210.47:9618?addrs=188.185.210.47-9618+[2001-1458-303-1--100-2b]-9618&alias=b9p21p1789.cern.ch&noUDP&sock=startd_8865_3b2a>
	SlotName: slot1_10@b9p21p1789.cern.ch
	CondorScratchDir = "/pool/condor/dir_378094"
	Cpus = 1
	Disk = 3793
	GPUs = 0
	Memory = 3000
...
006 (13689694.000.000) 03/10 16:42:59 Image size of job updated: 152448
	149  -  MemoryUsage of job (MB)
	152448  -  ResidentSetSize of job (KB)
...
006 (13689694.000.000) 03/10 16:45:10 Image size of job updated: 868456
	149  -  MemoryUsage of job (MB)
	152448  -  ResidentSetSize of job (KB)
...
040 (13689694.000.000) 03/10 16:45:10 Started transferring output files
...
040 (13689694.000.000) 03/10 16:45:10 Finished transferring output files
...
005 (13689694.000.000) 03/10 16:45:10 Job terminated.
	(1) Normal termination (return value 0)
		Usr 0 00:00:38, Sys 0 00:00:08  -  Run Remote Usage
		Usr 0 00:00:00, Sys 0 00:00:00  -  Run Local Usage
		Usr 0 00:00:38, Sys 0 00:00:08  -  Total Remote Usage
		Usr 0 00:00:00, Sys 0 00:00:00  -  Total Local Usage
	2821  -  Run Bytes Sent By Job
	11052  -  Run Bytes Received By Job
	2821  -  Total Bytes Sent By Job
	11052  -  Total Bytes Received By Job
	Partitionable Resources :    Usage  Request Allocated 
	   Cpus                 :        0        1         1 
	   Disk (KB)            :    10631       12      3793 
	   GPUs                 :                           0 
	   Memory (MB)          :      149     3000      3000 

	Job terminated of its own accord at 2025-03-10T15:45:10Z with exit-code 0.
...
