000 (13689715.000.000) 03/10 16:01:59 Job submitted from host: <137.138.120.116:9618?addrs=137.138.120.116-9618+[2001-1458-d00-16--17b]-9618&alias=bigbird12.cern.ch&noUDP&sock=schedd_5055_e355>
...
040 (13689715.000.000) 03/10 16:43:38 Started transferring input files
	Transferring to host: <188.185.194.107:9618?addrs=188.185.194.107-9618+[2001-1458-303-21--100-67]-9618&alias=b9p20p3190.cern.ch&noUDP&sock=slot1_17_3589674_d1ee_33356>
...
040 (13689715.000.000) 03/10 16:43:38 Finished transferring input files
...
001 (13689715.000.000) 03/10 16:43:39 Job executing on host: <188.185.194.107:9618?addrs=188.185.194.107-9618+[2001-1458-303-21--100-67]-9618&alias=b9p20p3190.cern.ch&noUDP&sock=startd_7105_047b>
	SlotName: slot1_17@b9p20p3190.cern.ch
	CondorScratchDir = "/pool/condor/dir_1899712"
	Cpus = 1
	Disk = 3920
	GPUs = 0
	Memory = 3000
...
006 (13689715.000.000) 03/10 16:43:48 Image size of job updated: 1796
	2  -  MemoryUsage of job (MB)
	1796  -  ResidentSetSize of job (KB)
...
006 (13689715.000.000) 03/10 16:48:49 Image size of job updated: 1869364
	1826  -  MemoryUsage of job (MB)
	1869364  -  ResidentSetSize of job (KB)
...
006 (13689715.000.000) 03/10 16:53:50 Image size of job updated: 1910500
	1866  -  MemoryUsage of job (MB)
	1910500  -  ResidentSetSize of job (KB)
...
006 (13689715.000.000) 03/10 16:58:50 Image size of job updated: 1949088
	1904  -  MemoryUsage of job (MB)
	1949088  -  ResidentSetSize of job (KB)
...
006 (13689715.000.000) 03/10 17:03:51 Image size of job updated: 1994172
	1948  -  MemoryUsage of job (MB)
	1994172  -  ResidentSetSize of job (KB)
...
040 (13689715.000.000) 03/10 17:07:44 Started transferring output files
...
040 (13689715.000.000) 03/10 17:07:44 Finished transferring output files
...
005 (13689715.000.000) 03/10 17:07:44 Job terminated.
	(1) Normal termination (return value 0)
		Usr 0 00:12:12, Sys 0 00:00:19  -  Run Remote Usage
		Usr 0 00:00:00, Sys 0 00:00:00  -  Run Local Usage
		Usr 0 00:12:12, Sys 0 00:00:19  -  Total Remote Usage
		Usr 0 00:00:00, Sys 0 00:00:00  -  Total Local Usage
	3908  -  Run Bytes Sent By Job
	11052  -  Run Bytes Received By Job
	3908  -  Total Bytes Sent By Job
	11052  -  Total Bytes Received By Job
	Partitionable Resources :    Usage  Request Allocated 
	   Cpus                 :     0.04        1         1 
	   Disk (KB)            : 51920          12      3920 
	   GPUs                 :                           0 
	   Memory (MB)          :  1948        3000      3000 

	Job terminated of its own accord at 2025-03-10T16:07:44Z with exit-code 0.
...
