000 (13689708.000.000) 03/10 16:01:54 Job submitted from host: <137.138.120.116:9618?addrs=137.138.120.116-9618+[2001-1458-d00-16--17b]-9618&alias=bigbird12.cern.ch&noUDP&sock=schedd_5055_e355>
...
040 (13689708.000.000) 03/10 16:43:10 Started transferring input files
	Transferring to host: <188.185.213.81:9618?addrs=188.185.213.81-9618+[2001-1458-303-1a--100-4d]-9618&alias=b9p27p8513.cern.ch&noUDP&sock=slot1_31_9729_b5e5_96264>
...
040 (13689708.000.000) 03/10 16:43:10 Finished transferring input files
...
001 (13689708.000.000) 03/10 16:43:11 Job executing on host: <188.185.213.81:9618?addrs=188.185.213.81-9618+[2001-1458-303-1a--100-4d]-9618&alias=b9p27p8513.cern.ch&noUDP&sock=startd_8632_6999>
	SlotName: slot1_31@b9p27p8513.cern.ch
	CondorScratchDir = "/pool/condor/dir_3343293"
	Cpus = 1
	Disk = 3867
	GPUs = 0
	Memory = 3000
...
006 (13689708.000.000) 03/10 16:43:19 Image size of job updated: 1768
	2  -  MemoryUsage of job (MB)
	1768  -  ResidentSetSize of job (KB)
...
006 (13689708.000.000) 03/10 16:46:54 Image size of job updated: 2756
	3  -  MemoryUsage of job (MB)
	2756  -  ResidentSetSize of job (KB)
...
040 (13689708.000.000) 03/10 16:46:54 Started transferring output files
...
040 (13689708.000.000) 03/10 16:46:54 Finished transferring output files
...
005 (13689708.000.000) 03/10 16:46:55 Job terminated.
	(1) Normal termination (return value 0)
		Usr 0 00:01:19, Sys 0 00:00:09  -  Run Remote Usage
		Usr 0 00:00:00, Sys 0 00:00:00  -  Run Local Usage
		Usr 0 00:01:19, Sys 0 00:00:09  -  Total Remote Usage
		Usr 0 00:00:00, Sys 0 00:00:00  -  Total Local Usage
	2819  -  Run Bytes Sent By Job
	11052  -  Run Bytes Received By Job
	2819  -  Total Bytes Sent By Job
	11052  -  Total Bytes Received By Job
	Partitionable Resources :    Usage  Request Allocated 
	   Cpus                 :        0        1         1 
	   Disk (KB)            :    13361       12      3867 
	   GPUs                 :                           0 
	   Memory (MB)          :        3     3000      3000 

	Job terminated of its own accord at 2025-03-10T15:46:54Z with exit-code 0.
...
