000 (13689500.000.000) 03/10 15:59:00 Job submitted from host: <137.138.120.116:9618?addrs=137.138.120.116-9618+[2001-1458-d00-16--17b]-9618&alias=bigbird12.cern.ch&noUDP&sock=schedd_5055_e355>
...
040 (13689500.000.000) 03/10 16:01:26 Started transferring input files
	Transferring to host: <188.185.211.194:9618?addrs=188.185.211.194-9618+[2001-1458-303-17--100-3e]-9618&alias=b9p24p2206.cern.ch&noUDP&sock=slot1_25_5237_b0ae_101962>
...
040 (13689500.000.000) 03/10 16:01:26 Finished transferring input files
...
001 (13689500.000.000) 03/10 16:01:27 Job executing on host: <188.185.211.194:9618?addrs=188.185.211.194-9618+[2001-1458-303-17--100-3e]-9618&alias=b9p24p2206.cern.ch&noUDP&sock=startd_4247_aacf>
	SlotName: slot1_25@b9p24p2206.cern.ch
	CondorScratchDir = "/pool/condor/dir_1674802"
	Cpus = 1
	Disk = 3706
	GPUs = 0
	Memory = 3000
...
006 (13689500.000.000) 03/10 16:01:36 Image size of job updated: 153976
	151  -  MemoryUsage of job (MB)
	153976  -  ResidentSetSize of job (KB)
...
006 (13689500.000.000) 03/10 16:06:37 Image size of job updated: 1190984
	1164  -  MemoryUsage of job (MB)
	1190984  -  ResidentSetSize of job (KB)
...
006 (13689500.000.000) 03/10 16:11:37 Image size of job updated: 1242988
	1214  -  MemoryUsage of job (MB)
	1242988  -  ResidentSetSize of job (KB)
...
006 (13689500.000.000) 03/10 16:16:37 Image size of job updated: 1383012
	1351  -  MemoryUsage of job (MB)
	1383012  -  ResidentSetSize of job (KB)
...
006 (13689500.000.000) 03/10 16:16:58 Image size of job updated: 1383012
	1351  -  MemoryUsage of job (MB)
	1383020  -  ResidentSetSize of job (KB)
...
040 (13689500.000.000) 03/10 16:16:58 Started transferring output files
...
040 (13689500.000.000) 03/10 16:16:58 Finished transferring output files
...
005 (13689500.000.000) 03/10 16:16:58 Job terminated.
	(1) Normal termination (return value 0)
		Usr 0 00:07:44, Sys 0 00:00:19  -  Run Remote Usage
		Usr 0 00:00:00, Sys 0 00:00:00  -  Run Local Usage
		Usr 0 00:07:44, Sys 0 00:00:19  -  Total Remote Usage
		Usr 0 00:00:00, Sys 0 00:00:00  -  Total Local Usage
	3465  -  Run Bytes Sent By Job
	11046  -  Run Bytes Received By Job
	3465  -  Total Bytes Sent By Job
	11046  -  Total Bytes Received By Job
	Partitionable Resources :    Usage  Request Allocated 
	   Cpus                 :     0.03        1         1 
	   Disk (KB)            : 45695          12      3706 
	   GPUs                 :                           0 
	   Memory (MB)          :  1351        3000      3000 

	Job terminated of its own accord at 2025-03-10T15:16:58Z with exit-code 0.
...
