000 (13689576.000.000) 03/10 16:00:33 Job submitted from host: <137.138.120.116:9618?addrs=137.138.120.116-9618+[2001-1458-d00-16--17b]-9618&alias=bigbird12.cern.ch&noUDP&sock=schedd_5055_e355>
...
040 (13689576.000.000) 03/10 16:04:15 Started transferring input files
	Transferring to host: <128.142.33.211:9618?addrs=128.142.33.211-9618+[2001-1458-301-39--100-10]-9618&alias=b9g24p5515.cern.ch&noUDP&sock=slot1_47_4236_6525_26964>
...
040 (13689576.000.000) 03/10 16:04:15 Finished transferring input files
...
001 (13689576.000.000) 03/10 16:04:16 Job executing on host: <128.142.33.211:9618?addrs=128.142.33.211-9618+[2001-1458-301-39--100-10]-9618&alias=b9g24p5515.cern.ch&noUDP&sock=startd_3502_a8c0>
	SlotName: slot1_47@b9g24p5515.cern.ch
	CondorScratchDir = "/pool/condor/dir_140236"
	Cpus = 1
	Disk = 3791
	GPUs = 0
	Memory = 3000
...
006 (13689576.000.000) 03/10 16:04:30 Image size of job updated: 135684
	133  -  MemoryUsage of job (MB)
	135684  -  ResidentSetSize of job (KB)
...
006 (13689576.000.000) 03/10 16:09:31 Image size of job updated: 763336
	746  -  MemoryUsage of job (MB)
	763336  -  ResidentSetSize of job (KB)
...
006 (13689576.000.000) 03/10 16:14:31 Image size of job updated: 829836
	811  -  MemoryUsage of job (MB)
	829836  -  ResidentSetSize of job (KB)
...
006 (13689576.000.000) 03/10 16:19:31 Image size of job updated: 895656
	875  -  MemoryUsage of job (MB)
	895656  -  ResidentSetSize of job (KB)
...
006 (13689576.000.000) 03/10 16:24:32 Image size of job updated: 949292
	928  -  MemoryUsage of job (MB)
	949292  -  ResidentSetSize of job (KB)
...
006 (13689576.000.000) 03/10 16:29:32 Image size of job updated: 1002568
	980  -  MemoryUsage of job (MB)
	1002568  -  ResidentSetSize of job (KB)
...
006 (13689576.000.000) 03/10 16:34:32 Image size of job updated: 1055528
	1031  -  MemoryUsage of job (MB)
	1055528  -  ResidentSetSize of job (KB)
...
006 (13689576.000.000) 03/10 16:39:33 Image size of job updated: 1106964
	1082  -  MemoryUsage of job (MB)
	1106964  -  ResidentSetSize of job (KB)
...
006 (13689576.000.000) 03/10 16:44:33 Image size of job updated: 1158756
	1132  -  MemoryUsage of job (MB)
	1158756  -  ResidentSetSize of job (KB)
...
006 (13689576.000.000) 03/10 16:49:33 Image size of job updated: 1209064
	1181  -  MemoryUsage of job (MB)
	1209064  -  ResidentSetSize of job (KB)
...
006 (13689576.000.000) 03/10 16:54:34 Image size of job updated: 1258948
	1230  -  MemoryUsage of job (MB)
	1258948  -  ResidentSetSize of job (KB)
...
006 (13689576.000.000) 03/10 16:56:08 Image size of job updated: 1600100
	1230  -  MemoryUsage of job (MB)
	1258948  -  ResidentSetSize of job (KB)
...
040 (13689576.000.000) 03/10 16:56:08 Started transferring output files
...
040 (13689576.000.000) 03/10 16:56:08 Finished transferring output files
...
005 (13689576.000.000) 03/10 16:56:08 Job terminated.
	(1) Normal termination (return value 0)
		Usr 0 00:25:46, Sys 0 00:00:29  -  Run Remote Usage
		Usr 0 00:00:00, Sys 0 00:00:00  -  Run Local Usage
		Usr 0 00:25:46, Sys 0 00:00:29  -  Total Remote Usage
		Usr 0 00:00:00, Sys 0 00:00:00  -  Total Local Usage
	5563  -  Run Bytes Sent By Job
	11046  -  Run Bytes Received By Job
	5563  -  Total Bytes Sent By Job
	11046  -  Total Bytes Received By Job
	Partitionable Resources :     Usage  Request Allocated 
	   Cpus                 :      0.02        1         1 
	   Disk (KB)            : 175459          12      3791 
	   GPUs                 :                            0 
	   Memory (MB)          :   1230        3000      3000 

	Job terminated of its own accord at 2025-03-10T15:56:08Z with exit-code 0.
...
