000 (13689686.000.000) 03/10 16:01:36 Job submitted from host: <137.138.120.116:9618?addrs=137.138.120.116-9618+[2001-1458-d00-16--17b]-9618&alias=bigbird12.cern.ch&noUDP&sock=schedd_5055_e355>
...
040 (13689686.000.000) 03/10 16:29:07 Started transferring input files
	Transferring to host: <188.185.192.34:9618?addrs=188.185.192.34-9618+[2001-1458-303-1f--100-1e]-9618&alias=b9p13p8814.cern.ch&noUDP&sock=slot1_6_127159_c4cc_16478>
...
040 (13689686.000.000) 03/10 16:29:07 Finished transferring input files
...
001 (13689686.000.000) 03/10 16:29:08 Job executing on host: <188.185.192.34:9618?addrs=188.185.192.34-9618+[2001-1458-303-1f--100-1e]-9618&alias=b9p13p8814.cern.ch&noUDP&sock=startd_6484_102b>
	SlotName: slot1_6@b9p13p8814.cern.ch
	CondorScratchDir = "/pool/condor/dir_1838028"
	Cpus = 1
	Disk = 3860
	GPUs = 0
	Memory = 3000
...
006 (13689686.000.000) 03/10 16:29:16 Image size of job updated: 1808
	2  -  MemoryUsage of job (MB)
	1808  -  ResidentSetSize of job (KB)
...
006 (13689686.000.000) 03/10 16:34:16 Image size of job updated: 892972
	873  -  MemoryUsage of job (MB)
	892972  -  ResidentSetSize of job (KB)
...
006 (13689686.000.000) 03/10 16:39:17 Image size of job updated: 941240
	920  -  MemoryUsage of job (MB)
	941240  -  ResidentSetSize of job (KB)
...
006 (13689686.000.000) 03/10 16:44:17 Image size of job updated: 992932
	970  -  MemoryUsage of job (MB)
	992932  -  ResidentSetSize of job (KB)
...
006 (13689686.000.000) 03/10 16:49:17 Image size of job updated: 1039768
	1016  -  MemoryUsage of job (MB)
	1039768  -  ResidentSetSize of job (KB)
...
006 (13689686.000.000) 03/10 16:54:18 Image size of job updated: 1076904
	1052  -  MemoryUsage of job (MB)
	1076904  -  ResidentSetSize of job (KB)
...
006 (13689686.000.000) 03/10 16:59:18 Image size of job updated: 1116304
	1091  -  MemoryUsage of job (MB)
	1116304  -  ResidentSetSize of job (KB)
...
006 (13689686.000.000) 03/10 17:04:18 Image size of job updated: 1138608
	1112  -  MemoryUsage of job (MB)
	1138608  -  ResidentSetSize of job (KB)
...
006 (13689686.000.000) 03/10 17:09:19 Image size of job updated: 1173312
	1146  -  MemoryUsage of job (MB)
	1173312  -  ResidentSetSize of job (KB)
...
006 (13689686.000.000) 03/10 17:14:20 Image size of job updated: 1203504
	1176  -  MemoryUsage of job (MB)
	1203504  -  ResidentSetSize of job (KB)
...
006 (13689686.000.000) 03/10 17:19:20 Image size of job updated: 1235560
	1207  -  MemoryUsage of job (MB)
	1235560  -  ResidentSetSize of job (KB)
...
006 (13689686.000.000) 03/10 17:24:21 Image size of job updated: 1265828
	1237  -  MemoryUsage of job (MB)
	1265828  -  ResidentSetSize of job (KB)
...
006 (13689686.000.000) 03/10 17:29:22 Image size of job updated: 1301044
	1271  -  MemoryUsage of job (MB)
	1301044  -  ResidentSetSize of job (KB)
...
006 (13689686.000.000) 03/10 17:34:22 Image size of job updated: 1335652
	1305  -  MemoryUsage of job (MB)
	1335652  -  ResidentSetSize of job (KB)
...
006 (13689686.000.000) 03/10 17:39:22 Image size of job updated: 1372516
	1341  -  MemoryUsage of job (MB)
	1372516  -  ResidentSetSize of job (KB)
...
040 (13689686.000.000) 03/10 17:43:22 Started transferring output files
...
040 (13689686.000.000) 03/10 17:43:22 Finished transferring output files
...
005 (13689686.000.000) 03/10 17:43:22 Job terminated.
	(1) Normal termination (return value 0)
		Usr 0 00:45:22, Sys 0 00:00:44  -  Run Remote Usage
		Usr 0 00:00:00, Sys 0 00:00:00  -  Run Local Usage
		Usr 0 00:45:22, Sys 0 00:00:44  -  Total Remote Usage
		Usr 0 00:00:00, Sys 0 00:00:00  -  Total Local Usage
	5883  -  Run Bytes Sent By Job
	11052  -  Run Bytes Received By Job
	5883  -  Total Bytes Sent By Job
	11052  -  Total Bytes Received By Job
	Partitionable Resources :     Usage  Request Allocated 
	   Cpus                 :      0.99        1         1 
	   Disk (KB)            : 171382          12      3860 
	   GPUs                 :                            0 
	   Memory (MB)          :   1341        3000      3000 

	Job terminated of its own accord at 2025-03-10T16:43:22Z with exit-code 0.
...
