000 (13689645.000.000) 03/10 16:01:09 Job submitted from host: <137.138.120.116:9618?addrs=137.138.120.116-9618+[2001-1458-d00-16--17b]-9618&alias=bigbird12.cern.ch&noUDP&sock=schedd_5055_e355>
...
040 (13689645.000.000) 03/10 16:07:57 Started transferring input files
	Transferring to host: <188.185.210.224:9618?addrs=188.185.210.224-9618+[2001-1458-303-15--100-5c]-9618&alias=b9p22p6437.cern.ch&noUDP&sock=slot1_16_2076892_0c61_18903>
...
040 (13689645.000.000) 03/10 16:07:57 Finished transferring input files
...
001 (13689645.000.000) 03/10 16:07:58 Job executing on host: <188.185.210.224:9618?addrs=188.185.210.224-9618+[2001-1458-303-15--100-5c]-9618&alias=b9p22p6437.cern.ch&noUDP&sock=startd_4653_2642>
	SlotName: slot1_16@b9p22p6437.cern.ch
	CondorScratchDir = "/pool/condor/dir_4134051"
	Cpus = 1
	Disk = 3766
	GPUs = 0
	Memory = 3000
...
006 (13689645.000.000) 03/10 16:08:12 Image size of job updated: 134040
	131  -  MemoryUsage of job (MB)
	134040  -  ResidentSetSize of job (KB)
...
006 (13689645.000.000) 03/10 16:13:12 Image size of job updated: 730020
	713  -  MemoryUsage of job (MB)
	730020  -  ResidentSetSize of job (KB)
...
006 (13689645.000.000) 03/10 16:18:13 Image size of job updated: 784192
	766  -  MemoryUsage of job (MB)
	784192  -  ResidentSetSize of job (KB)
...
006 (13689645.000.000) 03/10 16:23:14 Image size of job updated: 847064
	828  -  MemoryUsage of job (MB)
	847064  -  ResidentSetSize of job (KB)
...
006 (13689645.000.000) 03/10 16:28:14 Image size of job updated: 1066104
	828  -  MemoryUsage of job (MB)
	847064  -  ResidentSetSize of job (KB)
...
040 (13689645.000.000) 03/10 16:28:14 Started transferring output files
...
040 (13689645.000.000) 03/10 16:28:14 Finished transferring output files
...
005 (13689645.000.000) 03/10 16:28:14 Job terminated.
	(1) Normal termination (return value 0)
		Usr 0 00:08:52, Sys 0 00:00:16  -  Run Remote Usage
		Usr 0 00:00:00, Sys 0 00:00:00  -  Run Local Usage
		Usr 0 00:08:52, Sys 0 00:00:16  -  Total Remote Usage
		Usr 0 00:00:00, Sys 0 00:00:00  -  Total Local Usage
	3631  -  Run Bytes Sent By Job
	11052  -  Run Bytes Received By Job
	3631  -  Total Bytes Sent By Job
	11052  -  Total Bytes Received By Job
	Partitionable Resources :    Usage  Request Allocated 
	   Cpus                 :     0.94        1         1 
	   Disk (KB)            : 53487          12      3766 
	   GPUs                 :                           0 
	   Memory (MB)          :   828        3000      3000 

	Job terminated of its own accord at 2025-03-10T15:28:14Z with exit-code 0.
...
