000 (13689547.000.000) 03/10 16:00:11 Job submitted from host: <137.138.120.116:9618?addrs=137.138.120.116-9618+[2001-1458-d00-16--17b]-9618&alias=bigbird12.cern.ch&noUDP&sock=schedd_5055_e355>
...
040 (13689547.000.000) 03/10 16:04:05 Started transferring input files
	Transferring to host: <188.185.213.172:9618?addrs=188.185.213.172-9618+[2001-1458-303-1b--100-28]-9618&alias=b9p28p9572.cern.ch&noUDP&sock=slot1_31_4124_7b21_96638>
...
040 (13689547.000.000) 03/10 16:04:05 Finished transferring input files
...
001 (13689547.000.000) 03/10 16:04:06 Job executing on host: <188.185.213.172:9618?addrs=188.185.213.172-9618+[2001-1458-303-1b--100-28]-9618&alias=b9p28p9572.cern.ch&noUDP&sock=startd_3454_bc35>
	SlotName: slot1_31@b9p28p9572.cern.ch
	CondorScratchDir = "/pool/condor/dir_1293627"
	Cpus = 1
	Disk = 3745
	GPUs = 0
	Memory = 3000
...
006 (13689547.000.000) 03/10 16:04:15 Image size of job updated: 139536
	137  -  MemoryUsage of job (MB)
	139536  -  ResidentSetSize of job (KB)
...
006 (13689547.000.000) 03/10 16:09:16 Image size of job updated: 1147836
	1121  -  MemoryUsage of job (MB)
	1147836  -  ResidentSetSize of job (KB)
...
006 (13689547.000.000) 03/10 16:14:17 Image size of job updated: 1215464
	1187  -  MemoryUsage of job (MB)
	1215464  -  ResidentSetSize of job (KB)
...
006 (13689547.000.000) 03/10 16:19:17 Image size of job updated: 1278148
	1249  -  MemoryUsage of job (MB)
	1278148  -  ResidentSetSize of job (KB)
...
006 (13689547.000.000) 03/10 16:24:17 Image size of job updated: 1334312
	1304  -  MemoryUsage of job (MB)
	1334312  -  ResidentSetSize of job (KB)
...
006 (13689547.000.000) 03/10 16:29:18 Image size of job updated: 1386592
	1355  -  MemoryUsage of job (MB)
	1386592  -  ResidentSetSize of job (KB)
...
006 (13689547.000.000) 03/10 16:34:18 Image size of job updated: 1435008
	1402  -  MemoryUsage of job (MB)
	1435008  -  ResidentSetSize of job (KB)
...
006 (13689547.000.000) 03/10 16:39:18 Image size of job updated: 1487080
	1453  -  MemoryUsage of job (MB)
	1487080  -  ResidentSetSize of job (KB)
...
006 (13689547.000.000) 03/10 16:44:19 Image size of job updated: 1540260
	1505  -  MemoryUsage of job (MB)
	1540260  -  ResidentSetSize of job (KB)
...
006 (13689547.000.000) 03/10 16:49:20 Image size of job updated: 1591504
	1555  -  MemoryUsage of job (MB)
	1591504  -  ResidentSetSize of job (KB)
...
006 (13689547.000.000) 03/10 16:54:20 Image size of job updated: 1642228
	1604  -  MemoryUsage of job (MB)
	1642228  -  ResidentSetSize of job (KB)
...
040 (13689547.000.000) 03/10 16:58:27 Started transferring output files
...
040 (13689547.000.000) 03/10 16:58:27 Finished transferring output files
...
005 (13689547.000.000) 03/10 16:58:27 Job terminated.
	(1) Normal termination (return value 0)
		Usr 0 00:27:31, Sys 0 00:00:31  -  Run Remote Usage
		Usr 0 00:00:00, Sys 0 00:00:00  -  Run Local Usage
		Usr 0 00:27:31, Sys 0 00:00:31  -  Total Remote Usage
		Usr 0 00:00:00, Sys 0 00:00:00  -  Total Local Usage
	5724  -  Run Bytes Sent By Job
	11046  -  Run Bytes Received By Job
	5724  -  Total Bytes Sent By Job
	11046  -  Total Bytes Received By Job
	Partitionable Resources :     Usage  Request Allocated 
	   Cpus                 :      0.32        1         1 
	   Disk (KB)            : 185898          12      3745 
	   GPUs                 :                            0 
	   Memory (MB)          :   1604        3000      3000 

	Job terminated of its own accord at 2025-03-10T15:58:27Z with exit-code 0.
...
