000 (13689630.000.000) 03/10 16:01:00 Job submitted from host: <137.138.120.116:9618?addrs=137.138.120.116-9618+[2001-1458-d00-16--17b]-9618&alias=bigbird12.cern.ch&noUDP&sock=schedd_5055_e355>
...
040 (13689630.000.000) 03/10 16:04:32 Started transferring input files
	Transferring to host: <188.185.211.21:9618?addrs=188.185.211.21-9618+[2001-1458-303-16--100-11]-9618&alias=b9p23p6626.cern.ch&noUDP&sock=slot1_30_3932940_c535_3573>
...
040 (13689630.000.000) 03/10 16:04:33 Finished transferring input files
...
001 (13689630.000.000) 03/10 16:04:33 Job executing on host: <188.185.211.21:9618?addrs=188.185.211.21-9618+[2001-1458-303-16--100-11]-9618&alias=b9p23p6626.cern.ch&noUDP&sock=startd_3782_b745>
	SlotName: slot1_30@b9p23p6626.cern.ch
	CondorScratchDir = "/pool/condor/dir_44920"
	Cpus = 1
	Disk = 3851
	GPUs = 0
	Memory = 3000
...
006 (13689630.000.000) 03/10 16:04:42 Image size of job updated: 130944
	128  -  MemoryUsage of job (MB)
	130944  -  ResidentSetSize of job (KB)
...
006 (13689630.000.000) 03/10 16:09:43 Image size of job updated: 757192
	740  -  MemoryUsage of job (MB)
	757192  -  ResidentSetSize of job (KB)
...
006 (13689630.000.000) 03/10 16:14:43 Image size of job updated: 810236
	792  -  MemoryUsage of job (MB)
	810236  -  ResidentSetSize of job (KB)
...
006 (13689630.000.000) 03/10 16:19:44 Image size of job updated: 875896
	856  -  MemoryUsage of job (MB)
	875896  -  ResidentSetSize of job (KB)
...
006 (13689630.000.000) 03/10 16:24:45 Image size of job updated: 915616
	895  -  MemoryUsage of job (MB)
	915616  -  ResidentSetSize of job (KB)
...
006 (13689630.000.000) 03/10 16:29:45 Image size of job updated: 967436
	945  -  MemoryUsage of job (MB)
	967436  -  ResidentSetSize of job (KB)
...
006 (13689630.000.000) 03/10 16:34:46 Image size of job updated: 1010060
	987  -  MemoryUsage of job (MB)
	1010060  -  ResidentSetSize of job (KB)
...
006 (13689630.000.000) 03/10 16:39:47 Image size of job updated: 1055832
	1032  -  MemoryUsage of job (MB)
	1055832  -  ResidentSetSize of job (KB)
...
006 (13689630.000.000) 03/10 16:44:47 Image size of job updated: 1092992
	1068  -  MemoryUsage of job (MB)
	1092992  -  ResidentSetSize of job (KB)
...
006 (13689630.000.000) 03/10 16:49:47 Image size of job updated: 1127080
	1101  -  MemoryUsage of job (MB)
	1127080  -  ResidentSetSize of job (KB)
...
006 (13689630.000.000) 03/10 16:54:48 Image size of job updated: 1165288
	1138  -  MemoryUsage of job (MB)
	1165288  -  ResidentSetSize of job (KB)
...
006 (13689630.000.000) 03/10 16:59:48 Image size of job updated: 1204632
	1177  -  MemoryUsage of job (MB)
	1204632  -  ResidentSetSize of job (KB)
...
006 (13689630.000.000) 03/10 17:04:48 Image size of job updated: 1358392
	1327  -  MemoryUsage of job (MB)
	1358392  -  ResidentSetSize of job (KB)
...
040 (13689630.000.000) 03/10 17:05:41 Started transferring output files
...
040 (13689630.000.000) 03/10 17:05:41 Finished transferring output files
...
005 (13689630.000.000) 03/10 17:05:41 Job terminated.
	(1) Normal termination (return value 0)
		Usr 0 00:30:04, Sys 0 00:00:41  -  Run Remote Usage
		Usr 0 00:00:00, Sys 0 00:00:00  -  Run Local Usage
		Usr 0 00:30:04, Sys 0 00:00:41  -  Total Remote Usage
		Usr 0 00:00:00, Sys 0 00:00:00  -  Total Local Usage
	5571  -  Run Bytes Sent By Job
	11052  -  Run Bytes Received By Job
	5571  -  Total Bytes Sent By Job
	11052  -  Total Bytes Received By Job
	Partitionable Resources :     Usage  Request Allocated 
	   Cpus                 :      0.60        1         1 
	   Disk (KB)            : 173395          12      3851 
	   GPUs                 :                            0 
	   Memory (MB)          :   1327        3000      3000 

	Job terminated of its own accord at 2025-03-10T16:05:41Z with exit-code 0.
...
