000 (13689552.000.000) 03/10 16:00:15 Job submitted from host: <137.138.120.116:9618?addrs=137.138.120.116-9618+[2001-1458-d00-16--17b]-9618&alias=bigbird12.cern.ch&noUDP&sock=schedd_5055_e355>
...
040 (13689552.000.000) 03/10 16:04:07 Started transferring input files
	Transferring to host: <188.185.214.206:9618?addrs=188.185.214.206-9618+[2001-1458-303-1d--100-4a]-9618&alias=b9p30p5999.cern.ch&noUDP&sock=slot1_7_4541_4b92_96229>
...
040 (13689552.000.000) 03/10 16:04:07 Finished transferring input files
...
001 (13689552.000.000) 03/10 16:04:08 Job executing on host: <188.185.214.206:9618?addrs=188.185.214.206-9618+[2001-1458-303-1d--100-4a]-9618&alias=b9p30p5999.cern.ch&noUDP&sock=startd_3811_9b84>
	SlotName: slot1_7@b9p30p5999.cern.ch
	CondorScratchDir = "/pool/condor/dir_2041359"
	Cpus = 1
	Disk = 3802
	GPUs = 0
	Memory = 3000
...
006 (13689552.000.000) 03/10 16:04:16 Image size of job updated: 466972
	457  -  MemoryUsage of job (MB)
	466972  -  ResidentSetSize of job (KB)
...
006 (13689552.000.000) 03/10 16:09:16 Image size of job updated: 1873580
	1830  -  MemoryUsage of job (MB)
	1873580  -  ResidentSetSize of job (KB)
...
006 (13689552.000.000) 03/10 16:14:17 Image size of job updated: 1930904
	1886  -  MemoryUsage of job (MB)
	1930904  -  ResidentSetSize of job (KB)
...
006 (13689552.000.000) 03/10 16:19:17 Image size of job updated: 1989416
	1943  -  MemoryUsage of job (MB)
	1989416  -  ResidentSetSize of job (KB)
...
006 (13689552.000.000) 03/10 16:24:17 Image size of job updated: 2032036
	1985  -  MemoryUsage of job (MB)
	2032036  -  ResidentSetSize of job (KB)
...
006 (13689552.000.000) 03/10 16:29:18 Image size of job updated: 2079676
	2031  -  MemoryUsage of job (MB)
	2079676  -  ResidentSetSize of job (KB)
...
006 (13689552.000.000) 03/10 16:34:18 Image size of job updated: 2117156
	2068  -  MemoryUsage of job (MB)
	2117156  -  ResidentSetSize of job (KB)
...
006 (13689552.000.000) 03/10 16:39:18 Image size of job updated: 2153928
	2104  -  MemoryUsage of job (MB)
	2153928  -  ResidentSetSize of job (KB)
...
006 (13689552.000.000) 03/10 16:44:19 Image size of job updated: 2189756
	2139  -  MemoryUsage of job (MB)
	2189756  -  ResidentSetSize of job (KB)
...
006 (13689552.000.000) 03/10 16:49:20 Image size of job updated: 2224848
	2173  -  MemoryUsage of job (MB)
	2224848  -  ResidentSetSize of job (KB)
...
006 (13689552.000.000) 03/10 16:54:20 Image size of job updated: 2260264
	2208  -  MemoryUsage of job (MB)
	2260264  -  ResidentSetSize of job (KB)
...
006 (13689552.000.000) 03/10 16:59:21 Image size of job updated: 2296104
	2243  -  MemoryUsage of job (MB)
	2296104  -  ResidentSetSize of job (KB)
...
006 (13689552.000.000) 03/10 17:04:22 Image size of job updated: 2332712
	2279  -  MemoryUsage of job (MB)
	2332712  -  ResidentSetSize of job (KB)
...
006 (13689552.000.000) 03/10 17:09:22 Image size of job updated: 2366660
	2312  -  MemoryUsage of job (MB)
	2366660  -  ResidentSetSize of job (KB)
...
040 (13689552.000.000) 03/10 17:14:18 Started transferring output files
...
040 (13689552.000.000) 03/10 17:14:18 Finished transferring output files
...
005 (13689552.000.000) 03/10 17:14:18 Job terminated.
	(1) Normal termination (return value 0)
		Usr 0 00:36:14, Sys 0 00:00:35  -  Run Remote Usage
		Usr 0 00:00:00, Sys 0 00:00:00  -  Run Local Usage
		Usr 0 00:36:14, Sys 0 00:00:35  -  Total Remote Usage
		Usr 0 00:00:00, Sys 0 00:00:00  -  Total Local Usage
	5726  -  Run Bytes Sent By Job
	11046  -  Run Bytes Received By Job
	5726  -  Total Bytes Sent By Job
	11046  -  Total Bytes Received By Job
	Partitionable Resources :     Usage  Request Allocated 
	   Cpus                 :      0.02        1         1 
	   Disk (KB)            : 181291          12      3802 
	   GPUs                 :                            0 
	   Memory (MB)          :   2312        3000      3000 

	Job terminated of its own accord at 2025-03-10T16:14:18Z with exit-code 0.
...
