000 (13689483.000.000) 03/10 15:58:51 Job submitted from host: <137.138.120.116:9618?addrs=137.138.120.116-9618+[2001-1458-d00-16--17b]-9618&alias=bigbird12.cern.ch&noUDP&sock=schedd_5055_e355>
...
040 (13689483.000.000) 03/10 16:01:18 Started transferring input files
	Transferring to host: <188.185.212.54:9618?addrs=188.185.212.54-9618+[2001-1458-303-18--100-32]-9618&alias=b9p25p8074.cern.ch&noUDP&sock=slot1_20_4535_1151_33134>
...
040 (13689483.000.000) 03/10 16:01:18 Finished transferring input files
...
001 (13689483.000.000) 03/10 16:01:19 Job executing on host: <188.185.212.54:9618?addrs=188.185.212.54-9618+[2001-1458-303-18--100-32]-9618&alias=b9p25p8074.cern.ch&noUDP&sock=startd_3743_f713>
	SlotName: slot1_20@b9p25p8074.cern.ch
	CondorScratchDir = "/pool/condor/dir_1729673"
	Cpus = 1
	Disk = 3781
	GPUs = 0
	Memory = 3000
...
006 (13689483.000.000) 03/10 16:01:33 Image size of job updated: 131300
	129  -  MemoryUsage of job (MB)
	131300  -  ResidentSetSize of job (KB)
...
006 (13689483.000.000) 03/10 16:06:34 Image size of job updated: 757256
	740  -  MemoryUsage of job (MB)
	757256  -  ResidentSetSize of job (KB)
...
006 (13689483.000.000) 03/10 16:11:34 Image size of job updated: 808888
	790  -  MemoryUsage of job (MB)
	808888  -  ResidentSetSize of job (KB)
...
006 (13689483.000.000) 03/10 16:16:35 Image size of job updated: 881528
	861  -  MemoryUsage of job (MB)
	881528  -  ResidentSetSize of job (KB)
...
006 (13689483.000.000) 03/10 16:20:01 Image size of job updated: 1196404
	861  -  MemoryUsage of job (MB)
	881528  -  ResidentSetSize of job (KB)
...
040 (13689483.000.000) 03/10 16:20:01 Started transferring output files
...
040 (13689483.000.000) 03/10 16:20:01 Finished transferring output files
...
005 (13689483.000.000) 03/10 16:20:01 Job terminated.
	(1) Normal termination (return value 0)
		Usr 0 00:09:26, Sys 0 00:00:19  -  Run Remote Usage
		Usr 0 00:00:00, Sys 0 00:00:00  -  Run Local Usage
		Usr 0 00:09:26, Sys 0 00:00:19  -  Total Remote Usage
		Usr 0 00:00:00, Sys 0 00:00:00  -  Total Local Usage
	3621  -  Run Bytes Sent By Job
	11040  -  Run Bytes Received By Job
	3621  -  Total Bytes Sent By Job
	11040  -  Total Bytes Received By Job
	Partitionable Resources :    Usage  Request Allocated 
	   Cpus                 :     0.98        1         1 
	   Disk (KB)            : 56799          12      3781 
	   GPUs                 :                           0 
	   Memory (MB)          :   861        3000      3000 

	Job terminated of its own accord at 2025-03-10T15:20:01Z with exit-code 0.
...
