000 (13689722.000.000) 03/10 16:02:03 Job submitted from host: <137.138.120.116:9618?addrs=137.138.120.116-9618+[2001-1458-d00-16--17b]-9618&alias=bigbird12.cern.ch&noUDP&sock=schedd_5055_e355>
...
040 (13689722.000.000) 03/10 16:43:40 Started transferring input files
	Transferring to host: <188.185.215.190:9618?addrs=188.185.215.190-9618+[2001-1458-303-26--100-3a]-9618&alias=b9p18p9631.cern.ch&noUDP&sock=slot1_49_3257405_4046_48527>
...
040 (13689722.000.000) 03/10 16:43:40 Finished transferring input files
...
001 (13689722.000.000) 03/10 16:43:41 Job executing on host: <188.185.215.190:9618?addrs=188.185.215.190-9618+[2001-1458-303-26--100-3a]-9618&alias=b9p18p9631.cern.ch&noUDP&sock=startd_2868_c9b5>
	SlotName: slot1_49@b9p18p9631.cern.ch
	CondorScratchDir = "/pool/condor/dir_3326825"
	Cpus = 1
	Disk = 3788
	GPUs = 0
	Memory = 3000
...
006 (13689722.000.000) 03/10 16:43:49 Image size of job updated: 116744
	115  -  MemoryUsage of job (MB)
	116744  -  ResidentSetSize of job (KB)
...
006 (13689722.000.000) 03/10 16:48:49 Image size of job updated: 1114840
	1089  -  MemoryUsage of job (MB)
	1114840  -  ResidentSetSize of job (KB)
...
006 (13689722.000.000) 03/10 16:53:50 Image size of job updated: 1170704
	1144  -  MemoryUsage of job (MB)
	1170704  -  ResidentSetSize of job (KB)
...
006 (13689722.000.000) 03/10 16:58:51 Image size of job updated: 1233116
	1205  -  MemoryUsage of job (MB)
	1233116  -  ResidentSetSize of job (KB)
...
006 (13689722.000.000) 03/10 17:03:51 Image size of job updated: 1276268
	1247  -  MemoryUsage of job (MB)
	1276268  -  ResidentSetSize of job (KB)
...
006 (13689722.000.000) 03/10 17:08:51 Image size of job updated: 1314496
	1284  -  MemoryUsage of job (MB)
	1314496  -  ResidentSetSize of job (KB)
...
006 (13689722.000.000) 03/10 17:13:52 Image size of job updated: 1359900
	1329  -  MemoryUsage of job (MB)
	1359900  -  ResidentSetSize of job (KB)
...
006 (13689722.000.000) 03/10 17:18:53 Image size of job updated: 1401532
	1369  -  MemoryUsage of job (MB)
	1401532  -  ResidentSetSize of job (KB)
...
006 (13689722.000.000) 03/10 17:23:53 Image size of job updated: 1437932
	1405  -  MemoryUsage of job (MB)
	1437932  -  ResidentSetSize of job (KB)
...
006 (13689722.000.000) 03/10 17:28:54 Image size of job updated: 1482724
	1448  -  MemoryUsage of job (MB)
	1482724  -  ResidentSetSize of job (KB)
...
006 (13689722.000.000) 03/10 17:33:55 Image size of job updated: 1522504
	1487  -  MemoryUsage of job (MB)
	1522504  -  ResidentSetSize of job (KB)
...
006 (13689722.000.000) 03/10 17:38:55 Image size of job updated: 1559080
	1523  -  MemoryUsage of job (MB)
	1559080  -  ResidentSetSize of job (KB)
...
006 (13689722.000.000) 03/10 17:43:55 Image size of job updated: 1699400
	1660  -  MemoryUsage of job (MB)
	1699400  -  ResidentSetSize of job (KB)
...
040 (13689722.000.000) 03/10 17:44:28 Started transferring output files
...
040 (13689722.000.000) 03/10 17:44:28 Finished transferring output files
...
005 (13689722.000.000) 03/10 17:44:28 Job terminated.
	(1) Normal termination (return value 0)
		Usr 0 00:27:40, Sys 0 00:00:33  -  Run Remote Usage
		Usr 0 00:00:00, Sys 0 00:00:00  -  Run Local Usage
		Usr 0 00:27:40, Sys 0 00:00:33  -  Total Remote Usage
		Usr 0 00:00:00, Sys 0 00:00:00  -  Total Local Usage
	5410  -  Run Bytes Sent By Job
	11052  -  Run Bytes Received By Job
	5410  -  Total Bytes Sent By Job
	11052  -  Total Bytes Received By Job
	Partitionable Resources :     Usage  Request Allocated 
	   Cpus                 :      0.05        1         1 
	   Disk (KB)            : 168870          12      3788 
	   GPUs                 :                            0 
	   Memory (MB)          :   1660        3000      3000 

	Job terminated of its own accord at 2025-03-10T16:44:28Z with exit-code 0.
...
