000 (13689496.000.000) 03/10 15:58:58 Job submitted from host: <137.138.120.116:9618?addrs=137.138.120.116-9618+[2001-1458-d00-16--17b]-9618&alias=bigbird12.cern.ch&noUDP&sock=schedd_5055_e355>
...
040 (13689496.000.000) 03/10 16:01:22 Started transferring input files
	Transferring to host: <188.185.207.15:9618?addrs=188.185.207.15-9618+[2001-1458-303-d--100-c]-9618&alias=b9p07p1846.cern.ch&noUDP&sock=slot1_18_1570486_35b0_97349>
...
040 (13689496.000.000) 03/10 16:01:22 Finished transferring input files
...
001 (13689496.000.000) 03/10 16:01:23 Job executing on host: <188.185.207.15:9618?addrs=188.185.207.15-9618+[2001-1458-303-d--100-c]-9618&alias=b9p07p1846.cern.ch&noUDP&sock=startd_3538_5a29>
	SlotName: slot1_18@b9p07p1846.cern.ch
	CondorScratchDir = "/pool/condor/dir_2929514"
	Cpus = 1
	Disk = 3738
	GPUs = 0
	Memory = 3000
...
006 (13689496.000.000) 03/10 16:01:32 Image size of job updated: 248288
	243  -  MemoryUsage of job (MB)
	248288  -  ResidentSetSize of job (KB)
...
006 (13689496.000.000) 03/10 16:06:33 Image size of job updated: 1143684
	1117  -  MemoryUsage of job (MB)
	1143684  -  ResidentSetSize of job (KB)
...
006 (13689496.000.000) 03/10 16:11:34 Image size of job updated: 1208708
	1181  -  MemoryUsage of job (MB)
	1208708  -  ResidentSetSize of job (KB)
...
006 (13689496.000.000) 03/10 16:16:34 Image size of job updated: 1271160
	1242  -  MemoryUsage of job (MB)
	1271160  -  ResidentSetSize of job (KB)
...
006 (13689496.000.000) 03/10 16:21:35 Image size of job updated: 1325760
	1295  -  MemoryUsage of job (MB)
	1325760  -  ResidentSetSize of job (KB)
...
006 (13689496.000.000) 03/10 16:26:36 Image size of job updated: 1374868
	1343  -  MemoryUsage of job (MB)
	1374868  -  ResidentSetSize of job (KB)
...
006 (13689496.000.000) 03/10 16:31:36 Image size of job updated: 1428048
	1395  -  MemoryUsage of job (MB)
	1428048  -  ResidentSetSize of job (KB)
...
040 (13689496.000.000) 03/10 16:33:25 Started transferring output files
...
040 (13689496.000.000) 03/10 16:33:25 Finished transferring output files
...
005 (13689496.000.000) 03/10 16:33:25 Job terminated.
	(1) Normal termination (return value 0)
		Usr 0 00:14:18, Sys 0 00:00:22  -  Run Remote Usage
		Usr 0 00:00:00, Sys 0 00:00:00  -  Run Local Usage
		Usr 0 00:14:18, Sys 0 00:00:22  -  Total Remote Usage
		Usr 0 00:00:00, Sys 0 00:00:00  -  Total Local Usage
	4436  -  Run Bytes Sent By Job
	11046  -  Run Bytes Received By Job
	4436  -  Total Bytes Sent By Job
	11046  -  Total Bytes Received By Job
	Partitionable Resources :     Usage  Request Allocated 
	   Cpus                 :      0.40        1         1 
	   Disk (KB)            : 107545          12      3738 
	   GPUs                 :                            0 
	   Memory (MB)          :   1395        3000      3000 

	Job terminated of its own accord at 2025-03-10T15:33:25Z with exit-code 0.
...
