000 (13689637.000.000) 03/10 16:01:04 Job submitted from host: <137.138.120.116:9618?addrs=137.138.120.116-9618+[2001-1458-d00-16--17b]-9618&alias=bigbird12.cern.ch&noUDP&sock=schedd_5055_e355>
...
040 (13689637.000.000) 03/10 16:04:33 Started transferring input files
	Transferring to host: <188.185.215.36:9618?addrs=188.185.215.36-9618+[2001-1458-303-1e--100-20]-9618&alias=b9p31p9360.cern.ch&noUDP&sock=slot1_44_5969_734c_96230>
...
040 (13689637.000.000) 03/10 16:04:33 Finished transferring input files
...
001 (13689637.000.000) 03/10 16:04:34 Job executing on host: <188.185.215.36:9618?addrs=188.185.215.36-9618+[2001-1458-303-1e--100-20]-9618&alias=b9p31p9360.cern.ch&noUDP&sock=startd_4994_0c0e>
	SlotName: slot1_44@b9p31p9360.cern.ch
	CondorScratchDir = "/pool/condor/dir_4087524"
	Cpus = 1
	Disk = 3780
	GPUs = 0
	Memory = 3000
...
006 (13689637.000.000) 03/10 16:04:43 Image size of job updated: 163868
	161  -  MemoryUsage of job (MB)
	163868  -  ResidentSetSize of job (KB)
...
006 (13689637.000.000) 03/10 16:09:44 Image size of job updated: 781164
	763  -  MemoryUsage of job (MB)
	781164  -  ResidentSetSize of job (KB)
...
006 (13689637.000.000) 03/10 16:14:45 Image size of job updated: 852396
	833  -  MemoryUsage of job (MB)
	852396  -  ResidentSetSize of job (KB)
...
006 (13689637.000.000) 03/10 16:19:45 Image size of job updated: 909388
	889  -  MemoryUsage of job (MB)
	909388  -  ResidentSetSize of job (KB)
...
006 (13689637.000.000) 03/10 16:24:46 Image size of job updated: 964816
	943  -  MemoryUsage of job (MB)
	964816  -  ResidentSetSize of job (KB)
...
006 (13689637.000.000) 03/10 16:29:47 Image size of job updated: 1015968
	993  -  MemoryUsage of job (MB)
	1015968  -  ResidentSetSize of job (KB)
...
006 (13689637.000.000) 03/10 16:34:47 Image size of job updated: 1064392
	1040  -  MemoryUsage of job (MB)
	1064392  -  ResidentSetSize of job (KB)
...
006 (13689637.000.000) 03/10 16:39:47 Image size of job updated: 1105684
	1080  -  MemoryUsage of job (MB)
	1105684  -  ResidentSetSize of job (KB)
...
006 (13689637.000.000) 03/10 16:44:48 Image size of job updated: 1154020
	1127  -  MemoryUsage of job (MB)
	1154020  -  ResidentSetSize of job (KB)
...
006 (13689637.000.000) 03/10 16:49:49 Image size of job updated: 1190184
	1163  -  MemoryUsage of job (MB)
	1190184  -  ResidentSetSize of job (KB)
...
006 (13689637.000.000) 03/10 16:54:49 Image size of job updated: 1231408
	1203  -  MemoryUsage of job (MB)
	1231408  -  ResidentSetSize of job (KB)
...
006 (13689637.000.000) 03/10 16:59:50 Image size of job updated: 1374120
	1342  -  MemoryUsage of job (MB)
	1374120  -  ResidentSetSize of job (KB)
...
006 (13689637.000.000) 03/10 17:00:05 Image size of job updated: 1374120
	1345  -  MemoryUsage of job (MB)
	1376680  -  ResidentSetSize of job (KB)
...
040 (13689637.000.000) 03/10 17:00:05 Started transferring output files
...
040 (13689637.000.000) 03/10 17:00:05 Finished transferring output files
...
005 (13689637.000.000) 03/10 17:00:05 Job terminated.
	(1) Normal termination (return value 0)
		Usr 0 00:25:43, Sys 0 00:00:26  -  Run Remote Usage
		Usr 0 00:00:00, Sys 0 00:00:00  -  Run Local Usage
		Usr 0 00:25:43, Sys 0 00:00:26  -  Total Remote Usage
		Usr 0 00:00:00, Sys 0 00:00:00  -  Total Local Usage
	5569  -  Run Bytes Sent By Job
	11052  -  Run Bytes Received By Job
	5569  -  Total Bytes Sent By Job
	11052  -  Total Bytes Received By Job
	Partitionable Resources :     Usage  Request Allocated 
	   Cpus                 :      0.02        1         1 
	   Disk (KB)            : 175109          12      3780 
	   GPUs                 :                            0 
	   Memory (MB)          :   1345        3000      3000 

	Job terminated of its own accord at 2025-03-10T16:00:05Z with exit-code 0.
...
