000 (13689653.000.000) 03/10 16:01:12 Job submitted from host: <137.138.120.116:9618?addrs=137.138.120.116-9618+[2001-1458-d00-16--17b]-9618&alias=bigbird12.cern.ch&noUDP&sock=schedd_5055_e355>
...
040 (13689653.000.000) 03/10 16:10:49 Started transferring input files
	Transferring to host: <188.185.212.192:9618?addrs=188.185.212.192-9618+[2001-1458-303-19--100-3c]-9618&alias=b9p26p7322.cern.ch&noUDP&sock=slot1_42_179670_84c3_14104>
...
040 (13689653.000.000) 03/10 16:10:49 Finished transferring input files
...
001 (13689653.000.000) 03/10 16:10:50 Job executing on host: <188.185.212.192:9618?addrs=188.185.212.192-9618+[2001-1458-303-19--100-3c]-9618&alias=b9p26p7322.cern.ch&noUDP&sock=startd_4224_e421>
	SlotName: slot1_42@b9p26p7322.cern.ch
	CondorScratchDir = "/pool/condor/dir_2786936"
	Cpus = 1
	Disk = 3867
	GPUs = 0
	Memory = 3000
...
006 (13689653.000.000) 03/10 16:11:03 Image size of job updated: 132832
	130  -  MemoryUsage of job (MB)
	132832  -  ResidentSetSize of job (KB)
...
006 (13689653.000.000) 03/10 16:16:03 Image size of job updated: 772180
	755  -  MemoryUsage of job (MB)
	772180  -  ResidentSetSize of job (KB)
...
006 (13689653.000.000) 03/10 16:21:04 Image size of job updated: 824448
	806  -  MemoryUsage of job (MB)
	824448  -  ResidentSetSize of job (KB)
...
006 (13689653.000.000) 03/10 16:26:04 Image size of job updated: 886652
	866  -  MemoryUsage of job (MB)
	886652  -  ResidentSetSize of job (KB)
...
006 (13689653.000.000) 03/10 16:31:05 Image size of job updated: 934336
	913  -  MemoryUsage of job (MB)
	934336  -  ResidentSetSize of job (KB)
...
006 (13689653.000.000) 03/10 16:36:06 Image size of job updated: 980372
	958  -  MemoryUsage of job (MB)
	980372  -  ResidentSetSize of job (KB)
...
006 (13689653.000.000) 03/10 16:41:06 Image size of job updated: 1023208
	1000  -  MemoryUsage of job (MB)
	1023208  -  ResidentSetSize of job (KB)
...
006 (13689653.000.000) 03/10 16:46:07 Image size of job updated: 1066732
	1042  -  MemoryUsage of job (MB)
	1066732  -  ResidentSetSize of job (KB)
...
006 (13689653.000.000) 03/10 16:51:07 Image size of job updated: 1100436
	1075  -  MemoryUsage of job (MB)
	1100436  -  ResidentSetSize of job (KB)
...
006 (13689653.000.000) 03/10 16:56:07 Image size of job updated: 1147748
	1121  -  MemoryUsage of job (MB)
	1147748  -  ResidentSetSize of job (KB)
...
006 (13689653.000.000) 03/10 17:01:08 Image size of job updated: 1187104
	1160  -  MemoryUsage of job (MB)
	1187104  -  ResidentSetSize of job (KB)
...
006 (13689653.000.000) 03/10 17:06:08 Image size of job updated: 1224724
	1197  -  MemoryUsage of job (MB)
	1224724  -  ResidentSetSize of job (KB)
...
006 (13689653.000.000) 03/10 17:09:58 Image size of job updated: 1612132
	1197  -  MemoryUsage of job (MB)
	1224724  -  ResidentSetSize of job (KB)
...
040 (13689653.000.000) 03/10 17:09:58 Started transferring output files
...
040 (13689653.000.000) 03/10 17:09:59 Finished transferring output files
...
005 (13689653.000.000) 03/10 17:09:59 Job terminated.
	(1) Normal termination (return value 0)
		Usr 0 00:28:47, Sys 0 00:00:31  -  Run Remote Usage
		Usr 0 00:00:00, Sys 0 00:00:00  -  Run Local Usage
		Usr 0 00:28:47, Sys 0 00:00:31  -  Total Remote Usage
		Usr 0 00:00:00, Sys 0 00:00:00  -  Total Local Usage
	5571  -  Run Bytes Sent By Job
	11052  -  Run Bytes Received By Job
	5571  -  Total Bytes Sent By Job
	11052  -  Total Bytes Received By Job
	Partitionable Resources :     Usage  Request Allocated 
	   Cpus                 :      0.98        1         1 
	   Disk (KB)            : 174486          12      3867 
	   GPUs                 :                            0 
	   Memory (MB)          :   1197        3000      3000 

	Job terminated of its own accord at 2025-03-10T16:09:58Z with exit-code 0.
...
