000 (13689651.000.000) 03/10 16:01:11 Job submitted from host: <137.138.120.116:9618?addrs=137.138.120.116-9618+[2001-1458-d00-16--17b]-9618&alias=bigbird12.cern.ch&noUDP&sock=schedd_5055_e355>
...
040 (13689651.000.000) 03/10 16:09:38 Started transferring input files
	Transferring to host: <188.185.209.193:9618?addrs=188.185.209.193-9618+[2001-1458-303-12--100-3e]-9618&alias=b9p12p5505.cern.ch&noUDP&sock=slot1_17_7550_686c_29739>
...
040 (13689651.000.000) 03/10 16:09:38 Finished transferring input files
...
001 (13689651.000.000) 03/10 16:09:39 Job executing on host: <188.185.209.193:9618?addrs=188.185.209.193-9618+[2001-1458-303-12--100-3e]-9618&alias=b9p12p5505.cern.ch&noUDP&sock=startd_7183_84de>
	SlotName: slot1_17@b9p12p5505.cern.ch
	CondorScratchDir = "/pool/condor/dir_4120839"
	Cpus = 1
	Disk = 3702
	GPUs = 0
	Memory = 3000
...
006 (13689651.000.000) 03/10 16:09:53 Image size of job updated: 152444
	149  -  MemoryUsage of job (MB)
	152444  -  ResidentSetSize of job (KB)
...
006 (13689651.000.000) 03/10 16:14:54 Image size of job updated: 759104
	742  -  MemoryUsage of job (MB)
	759104  -  ResidentSetSize of job (KB)
...
006 (13689651.000.000) 03/10 16:19:54 Image size of job updated: 806612
	788  -  MemoryUsage of job (MB)
	806612  -  ResidentSetSize of job (KB)
...
006 (13689651.000.000) 03/10 16:24:54 Image size of job updated: 859204
	840  -  MemoryUsage of job (MB)
	859204  -  ResidentSetSize of job (KB)
...
006 (13689651.000.000) 03/10 16:29:55 Image size of job updated: 907404
	887  -  MemoryUsage of job (MB)
	907404  -  ResidentSetSize of job (KB)
...
006 (13689651.000.000) 03/10 16:34:55 Image size of job updated: 955792
	934  -  MemoryUsage of job (MB)
	955792  -  ResidentSetSize of job (KB)
...
006 (13689651.000.000) 03/10 16:39:56 Image size of job updated: 994744
	972  -  MemoryUsage of job (MB)
	994744  -  ResidentSetSize of job (KB)
...
006 (13689651.000.000) 03/10 16:44:56 Image size of job updated: 1032076
	1008  -  MemoryUsage of job (MB)
	1032076  -  ResidentSetSize of job (KB)
...
006 (13689651.000.000) 03/10 16:49:56 Image size of job updated: 1066716
	1042  -  MemoryUsage of job (MB)
	1066716  -  ResidentSetSize of job (KB)
...
006 (13689651.000.000) 03/10 16:54:57 Image size of job updated: 1105112
	1080  -  MemoryUsage of job (MB)
	1105112  -  ResidentSetSize of job (KB)
...
006 (13689651.000.000) 03/10 16:56:36 Image size of job updated: 1455540
	1080  -  MemoryUsage of job (MB)
	1105112  -  ResidentSetSize of job (KB)
...
040 (13689651.000.000) 03/10 16:56:36 Started transferring output files
...
040 (13689651.000.000) 03/10 16:56:36 Finished transferring output files
...
005 (13689651.000.000) 03/10 16:56:36 Job terminated.
	(1) Normal termination (return value 0)
		Usr 0 00:18:24, Sys 0 00:00:23  -  Run Remote Usage
		Usr 0 00:00:00, Sys 0 00:00:00  -  Run Local Usage
		Usr 0 00:18:24, Sys 0 00:00:23  -  Total Remote Usage
		Usr 0 00:00:00, Sys 0 00:00:00  -  Total Local Usage
	4605  -  Run Bytes Sent By Job
	11052  -  Run Bytes Received By Job
	4605  -  Total Bytes Sent By Job
	11052  -  Total Bytes Received By Job
	Partitionable Resources :     Usage  Request Allocated 
	   Cpus                 :      0.51        1         1 
	   Disk (KB)            : 121196          12      3702 
	   GPUs                 :                            0 
	   Memory (MB)          :   1080        3000      3000 

	Job terminated of its own accord at 2025-03-10T15:56:36Z with exit-code 0.
...
