000 (13689646.000.000) 03/10 16:01:09 Job submitted from host: <137.138.120.116:9618?addrs=137.138.120.116-9618+[2001-1458-d00-16--17b]-9618&alias=bigbird12.cern.ch&noUDP&sock=schedd_5055_e355>
...
040 (13689646.000.000) 03/10 16:08:06 Started transferring input files
	Transferring to host: <128.142.33.224:9618?addrs=128.142.33.224-9618+[2001-1458-301-39--100-1d]-9618&alias=b9g24p1529.cern.ch&noUDP&sock=slot1_28_3541_b469_122039>
...
040 (13689646.000.000) 03/10 16:08:06 Finished transferring input files
...
001 (13689646.000.000) 03/10 16:08:07 Job executing on host: <128.142.33.224:9618?addrs=128.142.33.224-9618+[2001-1458-301-39--100-1d]-9618&alias=b9g24p1529.cern.ch&noUDP&sock=startd_3276_a459>
	SlotName: slot1_28@b9g24p1529.cern.ch
	CondorScratchDir = "/pool/condor/dir_2379695"
	Cpus = 1
	Disk = 3788
	GPUs = 0
	Memory = 3000
...
006 (13689646.000.000) 03/10 16:08:15 Image size of job updated: 139996
	137  -  MemoryUsage of job (MB)
	139996  -  ResidentSetSize of job (KB)
...
006 (13689646.000.000) 03/10 16:13:15 Image size of job updated: 768628
	751  -  MemoryUsage of job (MB)
	768628  -  ResidentSetSize of job (KB)
...
040 (13689646.000.000) 03/10 16:13:55 Started transferring output files
...
040 (13689646.000.000) 03/10 16:13:55 Finished transferring output files
...
005 (13689646.000.000) 03/10 16:13:55 Job terminated.
	(1) Normal termination (return value 0)
		Usr 0 00:02:26, Sys 0 00:00:11  -  Run Remote Usage
		Usr 0 00:00:00, Sys 0 00:00:00  -  Run Local Usage
		Usr 0 00:02:26, Sys 0 00:00:11  -  Total Remote Usage
		Usr 0 00:00:00, Sys 0 00:00:00  -  Total Local Usage
	2988  -  Run Bytes Sent By Job
	11052  -  Run Bytes Received By Job
	2988  -  Total Bytes Sent By Job
	11052  -  Total Bytes Received By Job
	Partitionable Resources :    Usage  Request Allocated 
	   Cpus                 :     0.96        1         1 
	   Disk (KB)            : 19491          12      3788 
	   GPUs                 :                           0 
	   Memory (MB)          :   751        3000      3000 

	Job terminated of its own accord at 2025-03-10T15:13:55Z with exit-code 0.
...
