000 (13689569.000.000) 03/10 16:00:25 Job submitted from host: <137.138.120.116:9618?addrs=137.138.120.116-9618+[2001-1458-d00-16--17b]-9618&alias=bigbird12.cern.ch&noUDP&sock=schedd_5055_e355>
...
040 (13689569.000.000) 03/10 16:04:13 Started transferring input files
	Transferring to host: <188.185.213.73:9618?addrs=188.185.213.73-9618+[2001-1458-303-1a--100-45]-9618&alias=b9p27p6281.cern.ch&noUDP&sock=slot1_7_2627171_626a_23051>
...
040 (13689569.000.000) 03/10 16:04:13 Finished transferring input files
...
001 (13689569.000.000) 03/10 16:04:14 Job executing on host: <188.185.213.73:9618?addrs=188.185.213.73-9618+[2001-1458-303-1a--100-45]-9618&alias=b9p27p6281.cern.ch&noUDP&sock=startd_3166_30ee>
	SlotName: slot1_7@b9p27p6281.cern.ch
	CondorScratchDir = "/pool/condor/dir_2507041"
	Cpus = 1
	Disk = 3861
	GPUs = 0
	Memory = 3000
...
006 (13689569.000.000) 03/10 16:04:27 Image size of job updated: 13104
	13  -  MemoryUsage of job (MB)
	13104  -  ResidentSetSize of job (KB)
...
006 (13689569.000.000) 03/10 16:09:27 Image size of job updated: 738360
	722  -  MemoryUsage of job (MB)
	738360  -  ResidentSetSize of job (KB)
...
006 (13689569.000.000) 03/10 16:14:28 Image size of job updated: 789464
	771  -  MemoryUsage of job (MB)
	789464  -  ResidentSetSize of job (KB)
...
006 (13689569.000.000) 03/10 16:19:28 Image size of job updated: 849228
	830  -  MemoryUsage of job (MB)
	849228  -  ResidentSetSize of job (KB)
...
006 (13689569.000.000) 03/10 16:24:29 Image size of job updated: 893280
	873  -  MemoryUsage of job (MB)
	893280  -  ResidentSetSize of job (KB)
...
006 (13689569.000.000) 03/10 16:29:30 Image size of job updated: 927368
	906  -  MemoryUsage of job (MB)
	927368  -  ResidentSetSize of job (KB)
...
006 (13689569.000.000) 03/10 16:34:30 Image size of job updated: 965756
	944  -  MemoryUsage of job (MB)
	965756  -  ResidentSetSize of job (KB)
...
006 (13689569.000.000) 03/10 16:39:31 Image size of job updated: 997132
	974  -  MemoryUsage of job (MB)
	997132  -  ResidentSetSize of job (KB)
...
006 (13689569.000.000) 03/10 16:44:31 Image size of job updated: 1031428
	1008  -  MemoryUsage of job (MB)
	1031428  -  ResidentSetSize of job (KB)
...
006 (13689569.000.000) 03/10 16:49:33 Image size of job updated: 1063356
	1039  -  MemoryUsage of job (MB)
	1063356  -  ResidentSetSize of job (KB)
...
006 (13689569.000.000) 03/10 16:53:45 Image size of job updated: 1414760
	1039  -  MemoryUsage of job (MB)
	1063356  -  ResidentSetSize of job (KB)
...
040 (13689569.000.000) 03/10 16:53:45 Started transferring output files
...
040 (13689569.000.000) 03/10 16:53:45 Finished transferring output files
...
005 (13689569.000.000) 03/10 16:53:46 Job terminated.
	(1) Normal termination (return value 0)
		Usr 0 00:26:26, Sys 0 00:00:39  -  Run Remote Usage
		Usr 0 00:00:00, Sys 0 00:00:00  -  Run Local Usage
		Usr 0 00:26:26, Sys 0 00:00:39  -  Total Remote Usage
		Usr 0 00:00:00, Sys 0 00:00:00  -  Total Local Usage
	4599  -  Run Bytes Sent By Job
	11046  -  Run Bytes Received By Job
	4599  -  Total Bytes Sent By Job
	11046  -  Total Bytes Received By Job
	Partitionable Resources :     Usage  Request Allocated 
	   Cpus                 :      0.62        1         1 
	   Disk (KB)            : 116378          12      3861 
	   GPUs                 :                            0 
	   Memory (MB)          :   1039        3000      3000 

	Job terminated of its own accord at 2025-03-10T15:53:45Z with exit-code 0.
...
