000 (13689706.000.000) 03/10 16:01:52 Job submitted from host: <137.138.120.116:9618?addrs=137.138.120.116-9618+[2001-1458-d00-16--17b]-9618&alias=bigbird12.cern.ch&noUDP&sock=schedd_5055_e355>
...
040 (13689706.000.000) 03/10 16:43:09 Started transferring input files
	Transferring to host: <188.185.211.195:9618?addrs=188.185.211.195-9618+[2001-1458-303-17--100-3f]-9618&alias=b9p24p3473.cern.ch&noUDP&sock=slot1_32_9022_90a8_102949>
...
040 (13689706.000.000) 03/10 16:43:09 Finished transferring input files
...
001 (13689706.000.000) 03/10 16:43:10 Job executing on host: <188.185.211.195:9618?addrs=188.185.211.195-9618+[2001-1458-303-17--100-3f]-9618&alias=b9p24p3473.cern.ch&noUDP&sock=startd_7849_56f1>
	SlotName: slot1_32@b9p24p3473.cern.ch
	CondorScratchDir = "/pool/condor/dir_3265292"
	Cpus = 1
	Disk = 3848
	GPUs = 0
	Memory = 3000
...
006 (13689706.000.000) 03/10 16:43:18 Image size of job updated: 308836
	302  -  MemoryUsage of job (MB)
	308836  -  ResidentSetSize of job (KB)
...
006 (13689706.000.000) 03/10 16:48:03 Image size of job updated: 992976
	970  -  MemoryUsage of job (MB)
	992976  -  ResidentSetSize of job (KB)
...
040 (13689706.000.000) 03/10 16:48:03 Started transferring output files
...
040 (13689706.000.000) 03/10 16:48:03 Finished transferring output files
...
005 (13689706.000.000) 03/10 16:48:03 Job terminated.
	(1) Normal termination (return value 0)
		Usr 0 00:02:03, Sys 0 00:00:11  -  Run Remote Usage
		Usr 0 00:00:00, Sys 0 00:00:00  -  Run Local Usage
		Usr 0 00:02:03, Sys 0 00:00:11  -  Total Remote Usage
		Usr 0 00:00:00, Sys 0 00:00:00  -  Total Local Usage
	2986  -  Run Bytes Sent By Job
	11052  -  Run Bytes Received By Job
	2986  -  Total Bytes Sent By Job
	11052  -  Total Bytes Received By Job
	Partitionable Resources :    Usage  Request Allocated 
	   Cpus                 :     0.94        1         1 
	   Disk (KB)            : 18950          12      3848 
	   GPUs                 :                           0 
	   Memory (MB)          :   970        3000      3000 

	Job terminated of its own accord at 2025-03-10T15:48:03Z with exit-code 0.
...
