000 (13689691.000.000) 03/10 16:01:42 Job submitted from host: <137.138.120.116:9618?addrs=137.138.120.116-9618+[2001-1458-d00-16--17b]-9618&alias=bigbird12.cern.ch&noUDP&sock=schedd_5055_e355>
...
040 (13689691.000.000) 03/10 16:30:46 Started transferring input files
	Transferring to host: <128.142.33.224:9618?addrs=128.142.33.224-9618+[2001-1458-301-39--100-1d]-9618&alias=b9g24p1529.cern.ch&noUDP&sock=slot1_28_3541_b469_122055>
...
040 (13689691.000.000) 03/10 16:30:46 Finished transferring input files
...
001 (13689691.000.000) 03/10 16:30:47 Job executing on host: <128.142.33.224:9618?addrs=128.142.33.224-9618+[2001-1458-301-39--100-1d]-9618&alias=b9g24p1529.cern.ch&noUDP&sock=startd_3276_a459>
	SlotName: slot1_28@b9g24p1529.cern.ch
	CondorScratchDir = "/pool/condor/dir_2419430"
	Cpus = 1
	Disk = 3785
	GPUs = 0
	Memory = 3000
...
006 (13689691.000.000) 03/10 16:30:56 Image size of job updated: 137632
	135  -  MemoryUsage of job (MB)
	137632  -  ResidentSetSize of job (KB)
...
006 (13689691.000.000) 03/10 16:35:57 Image size of job updated: 772784
	755  -  MemoryUsage of job (MB)
	772784  -  ResidentSetSize of job (KB)
...
006 (13689691.000.000) 03/10 16:40:58 Image size of job updated: 820744
	802  -  MemoryUsage of job (MB)
	820744  -  ResidentSetSize of job (KB)
...
006 (13689691.000.000) 03/10 16:45:58 Image size of job updated: 874464
	854  -  MemoryUsage of job (MB)
	874464  -  ResidentSetSize of job (KB)
...
006 (13689691.000.000) 03/10 16:50:58 Image size of job updated: 1209292
	1181  -  MemoryUsage of job (MB)
	1209292  -  ResidentSetSize of job (KB)
...
006 (13689691.000.000) 03/10 16:51:05 Image size of job updated: 1209292
	1182  -  MemoryUsage of job (MB)
	1209544  -  ResidentSetSize of job (KB)
...
040 (13689691.000.000) 03/10 16:51:05 Started transferring output files
...
040 (13689691.000.000) 03/10 16:51:05 Finished transferring output files
...
005 (13689691.000.000) 03/10 16:51:05 Job terminated.
	(1) Normal termination (return value 0)
		Usr 0 00:09:13, Sys 0 00:00:18  -  Run Remote Usage
		Usr 0 00:00:00, Sys 0 00:00:00  -  Run Local Usage
		Usr 0 00:09:13, Sys 0 00:00:18  -  Total Remote Usage
		Usr 0 00:00:00, Sys 0 00:00:00  -  Total Local Usage
	3633  -  Run Bytes Sent By Job
	11052  -  Run Bytes Received By Job
	3633  -  Total Bytes Sent By Job
	11052  -  Total Bytes Received By Job
	Partitionable Resources :    Usage  Request Allocated 
	   Cpus                 :     0.03        1         1 
	   Disk (KB)            : 58342          12      3785 
	   GPUs                 :                           0 
	   Memory (MB)          :  1182        3000      3000 

	Job terminated of its own accord at 2025-03-10T15:51:05Z with exit-code 0.
...
