000 (13689654.000.000) 03/10 16:01:14 Job submitted from host: <137.138.120.116:9618?addrs=137.138.120.116-9618+[2001-1458-d00-16--17b]-9618&alias=bigbird12.cern.ch&noUDP&sock=schedd_5055_e355>
...
040 (13689654.000.000) 03/10 16:11:12 Started transferring input files
	Transferring to host: <188.185.209.193:9618?addrs=188.185.209.193-9618+[2001-1458-303-12--100-3e]-9618&alias=b9p12p5505.cern.ch&noUDP&sock=slot1_15_7550_686c_29740>
...
040 (13689654.000.000) 03/10 16:11:12 Finished transferring input files
...
001 (13689654.000.000) 03/10 16:11:13 Job executing on host: <188.185.209.193:9618?addrs=188.185.209.193-9618+[2001-1458-303-12--100-3e]-9618&alias=b9p12p5505.cern.ch&noUDP&sock=startd_7183_84de>
	SlotName: slot1_15@b9p12p5505.cern.ch
	CondorScratchDir = "/pool/condor/dir_4129104"
	Cpus = 1
	Disk = 3701
	GPUs = 0
	Memory = 3000
...
006 (13689654.000.000) 03/10 16:11:27 Image size of job updated: 152448
	149  -  MemoryUsage of job (MB)
	152448  -  ResidentSetSize of job (KB)
...
006 (13689654.000.000) 03/10 16:16:28 Image size of job updated: 771868
	754  -  MemoryUsage of job (MB)
	771868  -  ResidentSetSize of job (KB)
...
006 (13689654.000.000) 03/10 16:21:28 Image size of job updated: 822852
	804  -  MemoryUsage of job (MB)
	822852  -  ResidentSetSize of job (KB)
...
006 (13689654.000.000) 03/10 16:26:29 Image size of job updated: 884984
	865  -  MemoryUsage of job (MB)
	884984  -  ResidentSetSize of job (KB)
...
006 (13689654.000.000) 03/10 16:31:30 Image size of job updated: 933316
	912  -  MemoryUsage of job (MB)
	933316  -  ResidentSetSize of job (KB)
...
006 (13689654.000.000) 03/10 16:36:30 Image size of job updated: 976220
	954  -  MemoryUsage of job (MB)
	976220  -  ResidentSetSize of job (KB)
...
006 (13689654.000.000) 03/10 16:41:31 Image size of job updated: 1028184
	1005  -  MemoryUsage of job (MB)
	1028184  -  ResidentSetSize of job (KB)
...
006 (13689654.000.000) 03/10 16:46:31 Image size of job updated: 1063248
	1039  -  MemoryUsage of job (MB)
	1063248  -  ResidentSetSize of job (KB)
...
006 (13689654.000.000) 03/10 16:51:32 Image size of job updated: 1100384
	1075  -  MemoryUsage of job (MB)
	1100384  -  ResidentSetSize of job (KB)
...
006 (13689654.000.000) 03/10 16:54:29 Image size of job updated: 1449076
	1075  -  MemoryUsage of job (MB)
	1100384  -  ResidentSetSize of job (KB)
...
040 (13689654.000.000) 03/10 16:54:29 Started transferring output files
...
040 (13689654.000.000) 03/10 16:54:29 Finished transferring output files
...
005 (13689654.000.000) 03/10 16:54:29 Job terminated.
	(1) Normal termination (return value 0)
		Usr 0 00:18:24, Sys 0 00:00:25  -  Run Remote Usage
		Usr 0 00:00:00, Sys 0 00:00:00  -  Run Local Usage
		Usr 0 00:18:24, Sys 0 00:00:25  -  Total Remote Usage
		Usr 0 00:00:00, Sys 0 00:00:00  -  Total Local Usage
	4605  -  Run Bytes Sent By Job
	11052  -  Run Bytes Received By Job
	4605  -  Total Bytes Sent By Job
	11052  -  Total Bytes Received By Job
	Partitionable Resources :     Usage  Request Allocated 
	   Cpus                 :      0.23        1         1 
	   Disk (KB)            : 121367          12      3701 
	   GPUs                 :                            0 
	   Memory (MB)          :   1075        3000      3000 

	Job terminated of its own accord at 2025-03-10T15:54:29Z with exit-code 0.
...
