000 (13689537.000.000) 03/10 16:00:01 Job submitted from host: <137.138.120.116:9618?addrs=137.138.120.116-9618+[2001-1458-d00-16--17b]-9618&alias=bigbird12.cern.ch&noUDP&sock=schedd_5055_e355>
...
040 (13689537.000.000) 03/10 16:04:02 Started transferring input files
	Transferring to host: <188.185.210.165:9618?addrs=188.185.210.165-9618+[2001-1458-303-15--100-21]-9618&alias=b9p22p6122.cern.ch&noUDP&sock=slot1_17_6659_9e28_102171>
...
040 (13689537.000.000) 03/10 16:04:02 Finished transferring input files
...
001 (13689537.000.000) 03/10 16:04:03 Job executing on host: <188.185.210.165:9618?addrs=188.185.210.165-9618+[2001-1458-303-15--100-21]-9618&alias=b9p22p6122.cern.ch&noUDP&sock=startd_5476_a8b4>
	SlotName: slot1_17@b9p22p6122.cern.ch
	CondorScratchDir = "/pool/condor/dir_2414285"
	Cpus = 1
	Disk = 3771
	GPUs = 0
	Memory = 3000
...
006 (13689537.000.000) 03/10 16:04:11 Image size of job updated: 513400
	502  -  MemoryUsage of job (MB)
	513400  -  ResidentSetSize of job (KB)
...
006 (13689537.000.000) 03/10 16:09:11 Image size of job updated: 1856916
	1814  -  MemoryUsage of job (MB)
	1856916  -  ResidentSetSize of job (KB)
...
006 (13689537.000.000) 03/10 16:14:12 Image size of job updated: 1913508
	1869  -  MemoryUsage of job (MB)
	1913508  -  ResidentSetSize of job (KB)
...
006 (13689537.000.000) 03/10 16:19:12 Image size of job updated: 1992776
	1947  -  MemoryUsage of job (MB)
	1992776  -  ResidentSetSize of job (KB)
...
006 (13689537.000.000) 03/10 16:24:12 Image size of job updated: 2041728
	1994  -  MemoryUsage of job (MB)
	2041728  -  ResidentSetSize of job (KB)
...
006 (13689537.000.000) 03/10 16:29:13 Image size of job updated: 2086632
	2038  -  MemoryUsage of job (MB)
	2086632  -  ResidentSetSize of job (KB)
...
006 (13689537.000.000) 03/10 16:34:14 Image size of job updated: 2133228
	2084  -  MemoryUsage of job (MB)
	2133228  -  ResidentSetSize of job (KB)
...
006 (13689537.000.000) 03/10 16:39:14 Image size of job updated: 2172508
	2122  -  MemoryUsage of job (MB)
	2172508  -  ResidentSetSize of job (KB)
...
006 (13689537.000.000) 03/10 16:44:15 Image size of job updated: 2213004
	2162  -  MemoryUsage of job (MB)
	2213004  -  ResidentSetSize of job (KB)
...
006 (13689537.000.000) 03/10 16:49:16 Image size of job updated: 2255488
	2203  -  MemoryUsage of job (MB)
	2255488  -  ResidentSetSize of job (KB)
...
006 (13689537.000.000) 03/10 16:54:16 Image size of job updated: 2292048
	2239  -  MemoryUsage of job (MB)
	2292048  -  ResidentSetSize of job (KB)
...
006 (13689537.000.000) 03/10 16:59:17 Image size of job updated: 2326764
	2273  -  MemoryUsage of job (MB)
	2326764  -  ResidentSetSize of job (KB)
...
040 (13689537.000.000) 03/10 17:02:40 Started transferring output files
...
040 (13689537.000.000) 03/10 17:02:40 Finished transferring output files
...
005 (13689537.000.000) 03/10 17:02:40 Job terminated.
	(1) Normal termination (return value 0)
		Usr 0 00:28:03, Sys 0 00:00:28  -  Run Remote Usage
		Usr 0 00:00:00, Sys 0 00:00:00  -  Run Local Usage
		Usr 0 00:28:03, Sys 0 00:00:28  -  Total Remote Usage
		Usr 0 00:00:00, Sys 0 00:00:00  -  Total Local Usage
	5404  -  Run Bytes Sent By Job
	11046  -  Run Bytes Received By Job
	5404  -  Total Bytes Sent By Job
	11046  -  Total Bytes Received By Job
	Partitionable Resources :     Usage  Request Allocated 
	   Cpus                 :      0.98        1         1 
	   Disk (KB)            : 170583          12      3771 
	   GPUs                 :                            0 
	   Memory (MB)          :   2273        3000      3000 

	Job terminated of its own accord at 2025-03-10T16:02:40Z with exit-code 0.
...
