000 (13689730.000.000) 03/10 16:02:08 Job submitted from host: <137.138.120.116:9618?addrs=137.138.120.116-9618+[2001-1458-d00-16--17b]-9618&alias=bigbird12.cern.ch&noUDP&sock=schedd_5055_e355>
...
040 (13689730.000.000) 03/10 16:43:43 Started transferring input files
	Transferring to host: <188.185.209.21:9618?addrs=188.185.209.21-9618+[2001-1458-303-11--100-12]-9618&alias=b9p11p6444.cern.ch&noUDP&sock=slot1_20_8882_ec22_5012>
...
040 (13689730.000.000) 03/10 16:43:43 Finished transferring input files
...
001 (13689730.000.000) 03/10 16:43:44 Job executing on host: <188.185.209.21:9618?addrs=188.185.209.21-9618+[2001-1458-303-11--100-12]-9618&alias=b9p11p6444.cern.ch&noUDP&sock=startd_7578_74c7>
	SlotName: slot1_20@b9p11p6444.cern.ch
	CondorScratchDir = "/pool/condor/dir_2927242"
	Cpus = 1
	Disk = 3684
	GPUs = 0
	Memory = 3000
...
006 (13689730.000.000) 03/10 16:43:58 Image size of job updated: 131104
	129  -  MemoryUsage of job (MB)
	131104  -  ResidentSetSize of job (KB)
...
006 (13689730.000.000) 03/10 16:48:59 Image size of job updated: 775836
	758  -  MemoryUsage of job (MB)
	775836  -  ResidentSetSize of job (KB)
...
006 (13689730.000.000) 03/10 16:53:59 Image size of job updated: 825864
	807  -  MemoryUsage of job (MB)
	825864  -  ResidentSetSize of job (KB)
...
006 (13689730.000.000) 03/10 16:58:59 Image size of job updated: 897940
	877  -  MemoryUsage of job (MB)
	897940  -  ResidentSetSize of job (KB)
...
006 (13689730.000.000) 03/10 17:04:00 Image size of job updated: 936752
	915  -  MemoryUsage of job (MB)
	936752  -  ResidentSetSize of job (KB)
...
006 (13689730.000.000) 03/10 17:09:00 Image size of job updated: 992096
	969  -  MemoryUsage of job (MB)
	992096  -  ResidentSetSize of job (KB)
...
006 (13689730.000.000) 03/10 17:14:01 Image size of job updated: 1028260
	1005  -  MemoryUsage of job (MB)
	1028260  -  ResidentSetSize of job (KB)
...
006 (13689730.000.000) 03/10 17:19:02 Image size of job updated: 1074748
	1050  -  MemoryUsage of job (MB)
	1074748  -  ResidentSetSize of job (KB)
...
006 (13689730.000.000) 03/10 17:24:02 Image size of job updated: 1113528
	1088  -  MemoryUsage of job (MB)
	1113528  -  ResidentSetSize of job (KB)
...
006 (13689730.000.000) 03/10 17:29:03 Image size of job updated: 1149924
	1123  -  MemoryUsage of job (MB)
	1149924  -  ResidentSetSize of job (KB)
...
006 (13689730.000.000) 03/10 17:31:57 Image size of job updated: 1499812
	1123  -  MemoryUsage of job (MB)
	1149924  -  ResidentSetSize of job (KB)
...
040 (13689730.000.000) 03/10 17:31:57 Started transferring output files
...
040 (13689730.000.000) 03/10 17:31:57 Finished transferring output files
...
005 (13689730.000.000) 03/10 17:31:57 Job terminated.
	(1) Normal termination (return value 0)
		Usr 0 00:18:23, Sys 0 00:00:24  -  Run Remote Usage
		Usr 0 00:00:00, Sys 0 00:00:00  -  Run Local Usage
		Usr 0 00:18:23, Sys 0 00:00:24  -  Total Remote Usage
		Usr 0 00:00:00, Sys 0 00:00:00  -  Total Local Usage
	5213  -  Run Bytes Sent By Job
	11052  -  Run Bytes Received By Job
	5213  -  Total Bytes Sent By Job
	11052  -  Total Bytes Received By Job
	Partitionable Resources :     Usage  Request Allocated 
	   Cpus                 :      0.33        1         1 
	   Disk (KB)            : 140089          12      3684 
	   GPUs                 :                            0 
	   Memory (MB)          :   1123        3000      3000 

	Job terminated of its own accord at 2025-03-10T16:31:57Z with exit-code 0.
...
