000 (13689540.000.000) 03/10 16:00:03 Job submitted from host: <137.138.120.116:9618?addrs=137.138.120.116-9618+[2001-1458-d00-16--17b]-9618&alias=bigbird12.cern.ch&noUDP&sock=schedd_5055_e355>
...
040 (13689540.000.000) 03/10 16:04:03 Started transferring input files
	Transferring to host: <188.185.215.71:9618?addrs=188.185.215.71-9618+[2001-1458-303-1e--100-43]-9618&alias=b9p31p1696.cern.ch&noUDP&sock=slot1_11_7033_2277_96517>
...
040 (13689540.000.000) 03/10 16:04:03 Finished transferring input files
...
001 (13689540.000.000) 03/10 16:04:04 Job executing on host: <188.185.215.71:9618?addrs=188.185.215.71-9618+[2001-1458-303-1e--100-43]-9618&alias=b9p31p1696.cern.ch&noUDP&sock=startd_5838_f5fd>
	SlotName: slot1_11@b9p31p1696.cern.ch
	CondorScratchDir = "/pool/condor/dir_2814480"
	Cpus = 1
	Disk = 3821
	GPUs = 0
	Memory = 3000
...
006 (13689540.000.000) 03/10 16:04:12 Image size of job updated: 2896
	3  -  MemoryUsage of job (MB)
	2896  -  ResidentSetSize of job (KB)
...
006 (13689540.000.000) 03/10 16:09:12 Image size of job updated: 1111628
	1086  -  MemoryUsage of job (MB)
	1111628  -  ResidentSetSize of job (KB)
...
006 (13689540.000.000) 03/10 16:14:13 Image size of job updated: 1169212
	1142  -  MemoryUsage of job (MB)
	1169212  -  ResidentSetSize of job (KB)
...
006 (13689540.000.000) 03/10 16:19:13 Image size of job updated: 1228968
	1201  -  MemoryUsage of job (MB)
	1228968  -  ResidentSetSize of job (KB)
...
006 (13689540.000.000) 03/10 16:24:13 Image size of job updated: 1272464
	1243  -  MemoryUsage of job (MB)
	1272464  -  ResidentSetSize of job (KB)
...
006 (13689540.000.000) 03/10 16:29:14 Image size of job updated: 1321548
	1291  -  MemoryUsage of job (MB)
	1321548  -  ResidentSetSize of job (KB)
...
006 (13689540.000.000) 03/10 16:34:14 Image size of job updated: 1364224
	1333  -  MemoryUsage of job (MB)
	1364224  -  ResidentSetSize of job (KB)
...
006 (13689540.000.000) 03/10 16:39:14 Image size of job updated: 1411880
	1379  -  MemoryUsage of job (MB)
	1411880  -  ResidentSetSize of job (KB)
...
006 (13689540.000.000) 03/10 16:44:15 Image size of job updated: 1449232
	1416  -  MemoryUsage of job (MB)
	1449232  -  ResidentSetSize of job (KB)
...
006 (13689540.000.000) 03/10 16:49:16 Image size of job updated: 1495380
	1461  -  MemoryUsage of job (MB)
	1495380  -  ResidentSetSize of job (KB)
...
006 (13689540.000.000) 03/10 16:54:16 Image size of job updated: 1532276
	1497  -  MemoryUsage of job (MB)
	1532276  -  ResidentSetSize of job (KB)
...
006 (13689540.000.000) 03/10 16:59:17 Image size of job updated: 1578200
	1542  -  MemoryUsage of job (MB)
	1578200  -  ResidentSetSize of job (KB)
...
006 (13689540.000.000) 03/10 17:04:18 Image size of job updated: 1736864
	1697  -  MemoryUsage of job (MB)
	1736864  -  ResidentSetSize of job (KB)
...
040 (13689540.000.000) 03/10 17:05:04 Started transferring output files
...
040 (13689540.000.000) 03/10 17:05:04 Finished transferring output files
...
005 (13689540.000.000) 03/10 17:05:04 Job terminated.
	(1) Normal termination (return value 0)
		Usr 0 00:32:46, Sys 0 00:00:31  -  Run Remote Usage
		Usr 0 00:00:00, Sys 0 00:00:00  -  Run Local Usage
		Usr 0 00:32:46, Sys 0 00:00:31  -  Total Remote Usage
		Usr 0 00:00:00, Sys 0 00:00:00  -  Total Local Usage
	5565  -  Run Bytes Sent By Job
	11046  -  Run Bytes Received By Job
	5565  -  Total Bytes Sent By Job
	11046  -  Total Bytes Received By Job
	Partitionable Resources :     Usage  Request Allocated 
	   Cpus                 :      0.86        1         1 
	   Disk (KB)            : 173893          12      3821 
	   GPUs                 :                            0 
	   Memory (MB)          :   1697        3000      3000 

	Job terminated of its own accord at 2025-03-10T16:05:04Z with exit-code 0.
...
