000 (13689486.000.000) 03/10 15:58:52 Job submitted from host: <137.138.120.116:9618?addrs=137.138.120.116-9618+[2001-1458-d00-16--17b]-9618&alias=bigbird12.cern.ch&noUDP&sock=schedd_5055_e355>
...
040 (13689486.000.000) 03/10 16:01:19 Started transferring input files
	Transferring to host: <188.185.213.141:9618?addrs=188.185.213.141-9618+[2001-1458-303-1b--100-9]-9618&alias=b9p28p0413.cern.ch&noUDP&sock=slot1_21_3731_93b1_97016>
...
040 (13689486.000.000) 03/10 16:01:19 Finished transferring input files
...
001 (13689486.000.000) 03/10 16:01:20 Job executing on host: <188.185.213.141:9618?addrs=188.185.213.141-9618+[2001-1458-303-1b--100-9]-9618&alias=b9p28p0413.cern.ch&noUDP&sock=startd_2987_697a>
	SlotName: slot1_21@b9p28p0413.cern.ch
	CondorScratchDir = "/pool/condor/dir_1099954"
	Cpus = 1
	Disk = 3748
	GPUs = 0
	Memory = 3000
...
006 (13689486.000.000) 03/10 16:01:28 Image size of job updated: 599968
	586  -  MemoryUsage of job (MB)
	599968  -  ResidentSetSize of job (KB)
...
006 (13689486.000.000) 03/10 16:06:28 Image size of job updated: 1823164
	1781  -  MemoryUsage of job (MB)
	1823164  -  ResidentSetSize of job (KB)
...
006 (13689486.000.000) 03/10 16:11:29 Image size of job updated: 1890320
	1847  -  MemoryUsage of job (MB)
	1890320  -  ResidentSetSize of job (KB)
...
006 (13689486.000.000) 03/10 16:16:29 Image size of job updated: 1951460
	1906  -  MemoryUsage of job (MB)
	1951460  -  ResidentSetSize of job (KB)
...
006 (13689486.000.000) 03/10 16:21:29 Image size of job updated: 1990480
	1944  -  MemoryUsage of job (MB)
	1990480  -  ResidentSetSize of job (KB)
...
006 (13689486.000.000) 03/10 16:26:30 Image size of job updated: 2045360
	1998  -  MemoryUsage of job (MB)
	2045360  -  ResidentSetSize of job (KB)
...
006 (13689486.000.000) 03/10 16:31:31 Image size of job updated: 2095312
	2047  -  MemoryUsage of job (MB)
	2095312  -  ResidentSetSize of job (KB)
...
006 (13689486.000.000) 03/10 16:36:31 Image size of job updated: 2138912
	2089  -  MemoryUsage of job (MB)
	2138912  -  ResidentSetSize of job (KB)
...
006 (13689486.000.000) 03/10 16:41:32 Image size of job updated: 2184176
	2133  -  MemoryUsage of job (MB)
	2184176  -  ResidentSetSize of job (KB)
...
006 (13689486.000.000) 03/10 16:46:33 Image size of job updated: 2234568
	2183  -  MemoryUsage of job (MB)
	2234568  -  ResidentSetSize of job (KB)
...
006 (13689486.000.000) 03/10 16:51:33 Image size of job updated: 2278428
	2226  -  MemoryUsage of job (MB)
	2278428  -  ResidentSetSize of job (KB)
...
040 (13689486.000.000) 03/10 16:55:56 Started transferring output files
...
040 (13689486.000.000) 03/10 16:55:56 Finished transferring output files
...
005 (13689486.000.000) 03/10 16:55:56 Job terminated.
	(1) Normal termination (return value 0)
		Usr 0 00:25:45, Sys 0 00:00:38  -  Run Remote Usage
		Usr 0 00:00:00, Sys 0 00:00:00  -  Run Local Usage
		Usr 0 00:25:45, Sys 0 00:00:38  -  Total Remote Usage
		Usr 0 00:00:00, Sys 0 00:00:00  -  Total Local Usage
	5559  -  Run Bytes Sent By Job
	11040  -  Run Bytes Received By Job
	5559  -  Total Bytes Sent By Job
	11040  -  Total Bytes Received By Job
	Partitionable Resources :     Usage  Request Allocated 
	   Cpus                 :      0.47        1         1 
	   Disk (KB)            : 169879          12      3748 
	   GPUs                 :                            0 
	   Memory (MB)          :   2226        3000      3000 

	Job terminated of its own accord at 2025-03-10T15:55:56Z with exit-code 0.
...
