000 (13689494.000.000) 03/10 15:58:57 Job submitted from host: <137.138.120.116:9618?addrs=137.138.120.116-9618+[2001-1458-d00-16--17b]-9618&alias=bigbird12.cern.ch&noUDP&sock=schedd_5055_e355>
...
040 (13689494.000.000) 03/10 16:01:21 Started transferring input files
	Transferring to host: <188.185.212.192:9618?addrs=188.185.212.192-9618+[2001-1458-303-19--100-3c]-9618&alias=b9p26p7322.cern.ch&noUDP&sock=slot1_42_179670_84c3_14099>
...
040 (13689494.000.000) 03/10 16:01:21 Finished transferring input files
...
001 (13689494.000.000) 03/10 16:01:22 Job executing on host: <188.185.212.192:9618?addrs=188.185.212.192-9618+[2001-1458-303-19--100-3c]-9618&alias=b9p26p7322.cern.ch&noUDP&sock=startd_4224_e421>
	SlotName: slot1_42@b9p26p7322.cern.ch
	CondorScratchDir = "/pool/condor/dir_1304390"
	Cpus = 1
	Disk = 3857
	GPUs = 0
	Memory = 3000
...
006 (13689494.000.000) 03/10 16:01:36 Image size of job updated: 129196
	127  -  MemoryUsage of job (MB)
	129196  -  ResidentSetSize of job (KB)
...
006 (13689494.000.000) 03/10 16:06:37 Image size of job updated: 757720
	740  -  MemoryUsage of job (MB)
	757720  -  ResidentSetSize of job (KB)
...
006 (13689494.000.000) 03/10 16:10:49 Image size of job updated: 975780
	740  -  MemoryUsage of job (MB)
	757720  -  ResidentSetSize of job (KB)
...
040 (13689494.000.000) 03/10 16:10:49 Started transferring output files
...
040 (13689494.000.000) 03/10 16:10:49 Finished transferring output files
...
005 (13689494.000.000) 03/10 16:10:49 Job terminated.
	(1) Normal termination (return value 0)
		Usr 0 00:04:25, Sys 0 00:00:15  -  Run Remote Usage
		Usr 0 00:00:00, Sys 0 00:00:00  -  Run Local Usage
		Usr 0 00:04:25, Sys 0 00:00:15  -  Total Remote Usage
		Usr 0 00:00:00, Sys 0 00:00:00  -  Total Local Usage
	3141  -  Run Bytes Sent By Job
	11046  -  Run Bytes Received By Job
	3141  -  Total Bytes Sent By Job
	11046  -  Total Bytes Received By Job
	Partitionable Resources :    Usage  Request Allocated 
	   Cpus                 :        0        1         1 
	   Disk (KB)            :    28251       12      3857 
	   GPUs                 :                           0 
	   Memory (MB)          :      740     3000      3000 

	Job terminated of its own accord at 2025-03-10T15:10:49Z with exit-code 0.
...
