000 (13689565.000.000) 03/10 16:00:23 Job submitted from host: <137.138.120.116:9618?addrs=137.138.120.116-9618+[2001-1458-d00-16--17b]-9618&alias=bigbird12.cern.ch&noUDP&sock=schedd_5055_e355>
...
040 (13689565.000.000) 03/10 16:04:12 Started transferring input files
	Transferring to host: <188.185.214.26:9618?addrs=188.185.214.26-9618+[2001-1458-303-1c--100-16]-9618&alias=b9p29p0550.cern.ch&noUDP&sock=slot1_25_8099_3a62_77750>
...
040 (13689565.000.000) 03/10 16:04:12 Finished transferring input files
...
001 (13689565.000.000) 03/10 16:04:13 Job executing on host: <188.185.214.26:9618?addrs=188.185.214.26-9618+[2001-1458-303-1c--100-16]-9618&alias=b9p29p0550.cern.ch&noUDP&sock=startd_7203_3cc3>
	SlotName: slot1_25@b9p29p0550.cern.ch
	CondorScratchDir = "/pool/condor/dir_2575306"
	Cpus = 1
	Disk = 3758
	GPUs = 0
	Memory = 3000
...
006 (13689565.000.000) 03/10 16:04:22 Image size of job updated: 135748
	133  -  MemoryUsage of job (MB)
	135748  -  ResidentSetSize of job (KB)
...
006 (13689565.000.000) 03/10 16:09:23 Image size of job updated: 1117812
	1092  -  MemoryUsage of job (MB)
	1117812  -  ResidentSetSize of job (KB)
...
006 (13689565.000.000) 03/10 16:14:23 Image size of job updated: 1174156
	1147  -  MemoryUsage of job (MB)
	1174156  -  ResidentSetSize of job (KB)
...
006 (13689565.000.000) 03/10 16:19:23 Image size of job updated: 1241168
	1213  -  MemoryUsage of job (MB)
	1241168  -  ResidentSetSize of job (KB)
...
006 (13689565.000.000) 03/10 16:24:24 Image size of job updated: 1287016
	1257  -  MemoryUsage of job (MB)
	1287016  -  ResidentSetSize of job (KB)
...
006 (13689565.000.000) 03/10 16:29:25 Image size of job updated: 1334040
	1303  -  MemoryUsage of job (MB)
	1334040  -  ResidentSetSize of job (KB)
...
006 (13689565.000.000) 03/10 16:34:25 Image size of job updated: 1385172
	1353  -  MemoryUsage of job (MB)
	1385172  -  ResidentSetSize of job (KB)
...
006 (13689565.000.000) 03/10 16:39:25 Image size of job updated: 1422064
	1389  -  MemoryUsage of job (MB)
	1422064  -  ResidentSetSize of job (KB)
...
006 (13689565.000.000) 03/10 16:44:26 Image size of job updated: 1466976
	1433  -  MemoryUsage of job (MB)
	1466976  -  ResidentSetSize of job (KB)
...
006 (13689565.000.000) 03/10 16:49:26 Image size of job updated: 1505400
	1471  -  MemoryUsage of job (MB)
	1505400  -  ResidentSetSize of job (KB)
...
006 (13689565.000.000) 03/10 16:54:26 Image size of job updated: 1538568
	1503  -  MemoryUsage of job (MB)
	1538568  -  ResidentSetSize of job (KB)
...
006 (13689565.000.000) 03/10 16:59:27 Image size of job updated: 1576536
	1540  -  MemoryUsage of job (MB)
	1576536  -  ResidentSetSize of job (KB)
...
040 (13689565.000.000) 03/10 17:04:01 Started transferring output files
...
040 (13689565.000.000) 03/10 17:04:01 Finished transferring output files
...
005 (13689565.000.000) 03/10 17:04:01 Job terminated.
	(1) Normal termination (return value 0)
		Usr 0 00:26:17, Sys 0 00:00:37  -  Run Remote Usage
		Usr 0 00:00:00, Sys 0 00:00:00  -  Run Local Usage
		Usr 0 00:26:17, Sys 0 00:00:37  -  Total Remote Usage
		Usr 0 00:00:00, Sys 0 00:00:00  -  Total Local Usage
	5565  -  Run Bytes Sent By Job
	11046  -  Run Bytes Received By Job
	5565  -  Total Bytes Sent By Job
	11046  -  Total Bytes Received By Job
	Partitionable Resources :     Usage  Request Allocated 
	   Cpus                 :      0.58        1         1 
	   Disk (KB)            : 171466          12      3758 
	   GPUs                 :                            0 
	   Memory (MB)          :   1540        3000      3000 

	Job terminated of its own accord at 2025-03-10T16:04:01Z with exit-code 0.
...
