000 (13689495.000.000) 03/10 15:58:57 Job submitted from host: <137.138.120.116:9618?addrs=137.138.120.116-9618+[2001-1458-d00-16--17b]-9618&alias=bigbird12.cern.ch&noUDP&sock=schedd_5055_e355>
...
040 (13689495.000.000) 03/10 16:01:22 Started transferring input files
	Transferring to host: <188.185.209.193:9618?addrs=188.185.209.193-9618+[2001-1458-303-12--100-3e]-9618&alias=b9p12p5505.cern.ch&noUDP&sock=slot1_17_7550_686c_29730>
...
040 (13689495.000.000) 03/10 16:01:22 Finished transferring input files
...
001 (13689495.000.000) 03/10 16:01:23 Job executing on host: <188.185.209.193:9618?addrs=188.185.209.193-9618+[2001-1458-303-12--100-3e]-9618&alias=b9p12p5505.cern.ch&noUDP&sock=startd_7183_84de>
	SlotName: slot1_17@b9p12p5505.cern.ch
	CondorScratchDir = "/pool/condor/dir_4082089"
	Cpus = 1
	Disk = 3724
	GPUs = 0
	Memory = 3000
...
006 (13689495.000.000) 03/10 16:01:37 Image size of job updated: 159772
	157  -  MemoryUsage of job (MB)
	159772  -  ResidentSetSize of job (KB)
...
006 (13689495.000.000) 03/10 16:06:38 Image size of job updated: 771524
	754  -  MemoryUsage of job (MB)
	771524  -  ResidentSetSize of job (KB)
...
006 (13689495.000.000) 03/10 16:09:37 Image size of job updated: 849300
	754  -  MemoryUsage of job (MB)
	771524  -  ResidentSetSize of job (KB)
...
040 (13689495.000.000) 03/10 16:09:37 Started transferring output files
...
040 (13689495.000.000) 03/10 16:09:37 Finished transferring output files
...
005 (13689495.000.000) 03/10 16:09:37 Job terminated.
	(1) Normal termination (return value 0)
		Usr 0 00:03:31, Sys 0 00:00:11  -  Run Remote Usage
		Usr 0 00:00:00, Sys 0 00:00:00  -  Run Local Usage
		Usr 0 00:03:31, Sys 0 00:00:11  -  Total Remote Usage
		Usr 0 00:00:00, Sys 0 00:00:00  -  Total Local Usage
	3141  -  Run Bytes Sent By Job
	11046  -  Run Bytes Received By Job
	3141  -  Total Bytes Sent By Job
	11046  -  Total Bytes Received By Job
	Partitionable Resources :    Usage  Request Allocated 
	   Cpus                 :        0        1         1 
	   Disk (KB)            :    25414       12      3724 
	   GPUs                 :                           0 
	   Memory (MB)          :      754     3000      3000 

	Job terminated of its own accord at 2025-03-10T15:09:37Z with exit-code 0.
...
