000 (13689674.000.000) 03/10 16:01:28 Job submitted from host: <137.138.120.116:9618?addrs=137.138.120.116-9618+[2001-1458-d00-16--17b]-9618&alias=bigbird12.cern.ch&noUDP&sock=schedd_5055_e355>
...
040 (13689674.000.000) 03/10 16:23:52 Started transferring input files
	Transferring to host: <188.185.212.32:9618?addrs=188.185.212.32-9618+[2001-1458-303-18--100-1c]-9618&alias=b9p25p8766.cern.ch&noUDP&sock=slot1_47_5316_5a51_35065>
...
040 (13689674.000.000) 03/10 16:23:52 Finished transferring input files
...
001 (13689674.000.000) 03/10 16:23:53 Job executing on host: <188.185.212.32:9618?addrs=188.185.212.32-9618+[2001-1458-303-18--100-1c]-9618&alias=b9p25p8766.cern.ch&noUDP&sock=startd_4277_3ea6>
	SlotName: slot1_47@b9p25p8766.cern.ch
	CondorScratchDir = "/pool/condor/dir_683457"
	Cpus = 1
	Disk = 3766
	GPUs = 0
	Memory = 3000
...
006 (13689674.000.000) 03/10 16:24:07 Image size of job updated: 19408
	19  -  MemoryUsage of job (MB)
	19408  -  ResidentSetSize of job (KB)
...
006 (13689674.000.000) 03/10 16:29:08 Image size of job updated: 750020
	733  -  MemoryUsage of job (MB)
	750020  -  ResidentSetSize of job (KB)
...
006 (13689674.000.000) 03/10 16:34:08 Image size of job updated: 809148
	791  -  MemoryUsage of job (MB)
	809148  -  ResidentSetSize of job (KB)
...
006 (13689674.000.000) 03/10 16:39:09 Image size of job updated: 867468
	848  -  MemoryUsage of job (MB)
	867468  -  ResidentSetSize of job (KB)
...
006 (13689674.000.000) 03/10 16:44:10 Image size of job updated: 902188
	882  -  MemoryUsage of job (MB)
	902188  -  ResidentSetSize of job (KB)
...
006 (13689674.000.000) 03/10 16:49:10 Image size of job updated: 944652
	923  -  MemoryUsage of job (MB)
	944652  -  ResidentSetSize of job (KB)
...
006 (13689674.000.000) 03/10 16:54:11 Image size of job updated: 980608
	958  -  MemoryUsage of job (MB)
	980608  -  ResidentSetSize of job (KB)
...
006 (13689674.000.000) 03/10 16:59:11 Image size of job updated: 1020036
	997  -  MemoryUsage of job (MB)
	1020036  -  ResidentSetSize of job (KB)
...
006 (13689674.000.000) 03/10 17:04:11 Image size of job updated: 1055292
	1031  -  MemoryUsage of job (MB)
	1055292  -  ResidentSetSize of job (KB)
...
006 (13689674.000.000) 03/10 17:09:12 Image size of job updated: 1093504
	1068  -  MemoryUsage of job (MB)
	1093504  -  ResidentSetSize of job (KB)
...
006 (13689674.000.000) 03/10 17:12:54 Image size of job updated: 1456276
	1068  -  MemoryUsage of job (MB)
	1093504  -  ResidentSetSize of job (KB)
...
040 (13689674.000.000) 03/10 17:12:54 Started transferring output files
...
040 (13689674.000.000) 03/10 17:12:54 Finished transferring output files
...
005 (13689674.000.000) 03/10 17:12:54 Job terminated.
	(1) Normal termination (return value 0)
		Usr 0 00:22:04, Sys 0 00:00:32  -  Run Remote Usage
		Usr 0 00:00:00, Sys 0 00:00:00  -  Run Local Usage
		Usr 0 00:22:04, Sys 0 00:00:32  -  Total Remote Usage
		Usr 0 00:00:00, Sys 0 00:00:00  -  Total Local Usage
	4764  -  Run Bytes Sent By Job
	11052  -  Run Bytes Received By Job
	4764  -  Total Bytes Sent By Job
	11052  -  Total Bytes Received By Job
	Partitionable Resources :     Usage  Request Allocated 
	   Cpus                 :      0.04        1         1 
	   Disk (KB)            : 125693          12      3766 
	   GPUs                 :                            0 
	   Memory (MB)          :   1068        3000      3000 

	Job terminated of its own accord at 2025-03-10T16:12:54Z with exit-code 0.
...
