000 (13689641.000.000) 03/10 16:01:06 Job submitted from host: <137.138.120.116:9618?addrs=137.138.120.116-9618+[2001-1458-d00-16--17b]-9618&alias=bigbird12.cern.ch&noUDP&sock=schedd_5055_e355>
...
040 (13689641.000.000) 03/10 16:04:36 Started transferring input files
	Transferring to host: <128.142.33.216:9618?addrs=128.142.33.216-9618+[2001-1458-301-39--100-15]-9618&alias=b9g24p5211.cern.ch&noUDP&sock=slot1_27_4445_a78e_124643>
...
040 (13689641.000.000) 03/10 16:04:36 Finished transferring input files
...
001 (13689641.000.000) 03/10 16:04:37 Job executing on host: <128.142.33.216:9618?addrs=128.142.33.216-9618+[2001-1458-301-39--100-15]-9618&alias=b9g24p5211.cern.ch&noUDP&sock=startd_3723_3f2e>
	SlotName: slot1_27@b9g24p5211.cern.ch
	CondorScratchDir = "/pool/condor/dir_2111509"
	Cpus = 1
	Disk = 3800
	GPUs = 0
	Memory = 3000
...
006 (13689641.000.000) 03/10 16:04:45 Image size of job updated: 136500
	134  -  MemoryUsage of job (MB)
	136500  -  ResidentSetSize of job (KB)
...
006 (13689641.000.000) 03/10 16:09:45 Image size of job updated: 763956
	747  -  MemoryUsage of job (MB)
	763956  -  ResidentSetSize of job (KB)
...
006 (13689641.000.000) 03/10 16:14:46 Image size of job updated: 835768
	817  -  MemoryUsage of job (MB)
	835768  -  ResidentSetSize of job (KB)
...
006 (13689641.000.000) 03/10 16:19:47 Image size of job updated: 903616
	883  -  MemoryUsage of job (MB)
	903616  -  ResidentSetSize of job (KB)
...
006 (13689641.000.000) 03/10 16:24:47 Image size of job updated: 948384
	927  -  MemoryUsage of job (MB)
	948384  -  ResidentSetSize of job (KB)
...
006 (13689641.000.000) 03/10 16:27:08 Image size of job updated: 948384
	927  -  MemoryUsage of job (MB)
	948640  -  ResidentSetSize of job (KB)
...
040 (13689641.000.000) 03/10 16:27:08 Started transferring output files
...
040 (13689641.000.000) 03/10 16:27:08 Finished transferring output files
...
005 (13689641.000.000) 03/10 16:27:08 Job terminated.
	(1) Normal termination (return value 0)
		Usr 0 00:11:13, Sys 0 00:00:18  -  Run Remote Usage
		Usr 0 00:00:00, Sys 0 00:00:00  -  Run Local Usage
		Usr 0 00:11:13, Sys 0 00:00:18  -  Total Remote Usage
		Usr 0 00:00:00, Sys 0 00:00:00  -  Total Local Usage
	3793  -  Run Bytes Sent By Job
	11052  -  Run Bytes Received By Job
	3793  -  Total Bytes Sent By Job
	11052  -  Total Bytes Received By Job
	Partitionable Resources :    Usage  Request Allocated 
	   Cpus                 :     0.95        1         1 
	   Disk (KB)            : 72576          12      3800 
	   GPUs                 :                           0 
	   Memory (MB)          :   927        3000      3000 

	Job terminated of its own accord at 2025-03-10T15:27:08Z with exit-code 0.
...
