000 (13689588.000.000) 03/10 16:00:39 Job submitted from host: <137.138.120.116:9618?addrs=137.138.120.116-9618+[2001-1458-d00-16--17b]-9618&alias=bigbird12.cern.ch&noUDP&sock=schedd_5055_e355>
...
040 (13689588.000.000) 03/10 16:04:19 Started transferring input files
	Transferring to host: <188.185.215.33:9618?addrs=188.185.215.33-9618+[2001-1458-303-1e--100-1d]-9618&alias=b9p31p5823.cern.ch&noUDP&sock=slot1_27_4103729_1236_32657>
...
040 (13689588.000.000) 03/10 16:04:19 Finished transferring input files
...
001 (13689588.000.000) 03/10 16:04:20 Job executing on host: <188.185.215.33:9618?addrs=188.185.215.33-9618+[2001-1458-303-1e--100-1d]-9618&alias=b9p31p5823.cern.ch&noUDP&sock=startd_4093_0939>
	SlotName: slot1_27@b9p31p5823.cern.ch
	CondorScratchDir = "/pool/condor/dir_3350420"
	Cpus = 1
	Disk = 3917
	GPUs = 0
	Memory = 3000
...
006 (13689588.000.000) 03/10 16:04:29 Image size of job updated: 163888
	161  -  MemoryUsage of job (MB)
	163888  -  ResidentSetSize of job (KB)
...
006 (13689588.000.000) 03/10 16:09:30 Image size of job updated: 1147628
	1121  -  MemoryUsage of job (MB)
	1147628  -  ResidentSetSize of job (KB)
...
006 (13689588.000.000) 03/10 16:14:30 Image size of job updated: 1211044
	1183  -  MemoryUsage of job (MB)
	1211044  -  ResidentSetSize of job (KB)
...
006 (13689588.000.000) 03/10 16:19:30 Image size of job updated: 1272280
	1243  -  MemoryUsage of job (MB)
	1272280  -  ResidentSetSize of job (KB)
...
006 (13689588.000.000) 03/10 16:24:31 Image size of job updated: 1332072
	1301  -  MemoryUsage of job (MB)
	1332072  -  ResidentSetSize of job (KB)
...
040 (13689588.000.000) 03/10 16:26:54 Started transferring output files
...
040 (13689588.000.000) 03/10 16:26:54 Finished transferring output files
...
005 (13689588.000.000) 03/10 16:26:54 Job terminated.
	(1) Normal termination (return value 0)
		Usr 0 00:10:47, Sys 0 00:00:20  -  Run Remote Usage
		Usr 0 00:00:00, Sys 0 00:00:00  -  Run Local Usage
		Usr 0 00:10:47, Sys 0 00:00:20  -  Total Remote Usage
		Usr 0 00:00:00, Sys 0 00:00:00  -  Total Local Usage
	3954  -  Run Bytes Sent By Job
	11052  -  Run Bytes Received By Job
	3954  -  Total Bytes Sent By Job
	11052  -  Total Bytes Received By Job
	Partitionable Resources :    Usage  Request Allocated 
	   Cpus                 :     0.50        1         1 
	   Disk (KB)            : 79232          12      3917 
	   GPUs                 :                           0 
	   Memory (MB)          :  1301        3000      3000 

	Job terminated of its own accord at 2025-03-10T15:26:54Z with exit-code 0.
...
