000 (13689551.000.000) 03/10 16:00:14 Job submitted from host: <137.138.120.116:9618?addrs=137.138.120.116-9618+[2001-1458-d00-16--17b]-9618&alias=bigbird12.cern.ch&noUDP&sock=schedd_5055_e355>
...
040 (13689551.000.000) 03/10 16:04:06 Started transferring input files
	Transferring to host: <188.185.214.14:9618?addrs=188.185.214.14-9618+[2001-1458-303-1c--100-a]-9618&alias=b9p29p1220.cern.ch&noUDP&sock=slot1_31_3967_dc3a_95205>
...
040 (13689551.000.000) 03/10 16:04:06 Finished transferring input files
...
001 (13689551.000.000) 03/10 16:04:07 Job executing on host: <188.185.214.14:9618?addrs=188.185.214.14-9618+[2001-1458-303-1c--100-a]-9618&alias=b9p29p1220.cern.ch&noUDP&sock=startd_3241_a288>
	SlotName: slot1_31@b9p29p1220.cern.ch
	CondorScratchDir = "/pool/condor/dir_2562934"
	Cpus = 1
	Disk = 3892
	GPUs = 0
	Memory = 3000
...
006 (13689551.000.000) 03/10 16:04:15 Image size of job updated: 135076
	132  -  MemoryUsage of job (MB)
	135076  -  ResidentSetSize of job (KB)
...
006 (13689551.000.000) 03/10 16:09:15 Image size of job updated: 785904
	768  -  MemoryUsage of job (MB)
	785904  -  ResidentSetSize of job (KB)
...
006 (13689551.000.000) 03/10 16:14:16 Image size of job updated: 857064
	837  -  MemoryUsage of job (MB)
	857064  -  ResidentSetSize of job (KB)
...
006 (13689551.000.000) 03/10 16:19:16 Image size of job updated: 919288
	898  -  MemoryUsage of job (MB)
	919288  -  ResidentSetSize of job (KB)
...
006 (13689551.000.000) 03/10 16:24:16 Image size of job updated: 968872
	947  -  MemoryUsage of job (MB)
	968872  -  ResidentSetSize of job (KB)
...
006 (13689551.000.000) 03/10 16:29:17 Image size of job updated: 1015572
	992  -  MemoryUsage of job (MB)
	1015572  -  ResidentSetSize of job (KB)
...
006 (13689551.000.000) 03/10 16:34:18 Image size of job updated: 1066748
	1042  -  MemoryUsage of job (MB)
	1066748  -  ResidentSetSize of job (KB)
...
006 (13689551.000.000) 03/10 16:39:18 Image size of job updated: 1108680
	1083  -  MemoryUsage of job (MB)
	1108680  -  ResidentSetSize of job (KB)
...
006 (13689551.000.000) 03/10 16:44:19 Image size of job updated: 1157652
	1131  -  MemoryUsage of job (MB)
	1157652  -  ResidentSetSize of job (KB)
...
006 (13689551.000.000) 03/10 16:49:20 Image size of job updated: 1197496
	1170  -  MemoryUsage of job (MB)
	1197496  -  ResidentSetSize of job (KB)
...
006 (13689551.000.000) 03/10 16:54:20 Image size of job updated: 1240736
	1212  -  MemoryUsage of job (MB)
	1240736  -  ResidentSetSize of job (KB)
...
040 (13689551.000.000) 03/10 16:58:46 Started transferring output files
...
040 (13689551.000.000) 03/10 16:58:46 Finished transferring output files
...
005 (13689551.000.000) 03/10 16:58:46 Job terminated.
	(1) Normal termination (return value 0)
		Usr 0 00:25:21, Sys 0 00:00:27  -  Run Remote Usage
		Usr 0 00:00:00, Sys 0 00:00:00  -  Run Local Usage
		Usr 0 00:25:21, Sys 0 00:00:27  -  Total Remote Usage
		Usr 0 00:00:00, Sys 0 00:00:00  -  Total Local Usage
	5565  -  Run Bytes Sent By Job
	11046  -  Run Bytes Received By Job
	5565  -  Total Bytes Sent By Job
	11046  -  Total Bytes Received By Job
	Partitionable Resources :     Usage  Request Allocated 
	   Cpus                 :      0.33        1         1 
	   Disk (KB)            : 170499          12      3892 
	   GPUs                 :                            0 
	   Memory (MB)          :   1212        3000      3000 

	Job terminated of its own accord at 2025-03-10T15:58:46Z with exit-code 0.
...
