000 (13689480.000.000) 03/10 15:58:50 Job submitted from host: <137.138.120.116:9618?addrs=137.138.120.116-9618+[2001-1458-d00-16--17b]-9618&alias=bigbird12.cern.ch&noUDP&sock=schedd_5055_e355>
...
040 (13689480.000.000) 03/10 16:01:17 Started transferring input files
	Transferring to host: <188.185.206.155:9618?addrs=188.185.206.155-9618+[2001-1458-303-c--100-18]-9618&alias=b9p06p0477.cern.ch&noUDP&sock=slot1_18_5801_1445_9937>
...
040 (13689480.000.000) 03/10 16:01:17 Finished transferring input files
...
001 (13689480.000.000) 03/10 16:01:18 Job executing on host: <188.185.206.155:9618?addrs=188.185.206.155-9618+[2001-1458-303-c--100-18]-9618&alias=b9p06p0477.cern.ch&noUDP&sock=startd_4868_9f1f>
	SlotName: slot1_18@b9p06p0477.cern.ch
	CondorScratchDir = "/pool/condor/dir_1841175"
	Cpus = 1
	Disk = 3636
	GPUs = 0
	Memory = 3000
...
006 (13689480.000.000) 03/10 16:01:32 Image size of job updated: 149956
	147  -  MemoryUsage of job (MB)
	149956  -  ResidentSetSize of job (KB)
...
006 (13689480.000.000) 03/10 16:04:13 Image size of job updated: 788460
	147  -  MemoryUsage of job (MB)
	150176  -  ResidentSetSize of job (KB)
...
040 (13689480.000.000) 03/10 16:04:13 Started transferring output files
...
040 (13689480.000.000) 03/10 16:04:13 Finished transferring output files
...
005 (13689480.000.000) 03/10 16:04:13 Job terminated.
	(1) Normal termination (return value 0)
		Usr 0 00:00:53, Sys 0 00:00:08  -  Run Remote Usage
		Usr 0 00:00:00, Sys 0 00:00:00  -  Run Local Usage
		Usr 0 00:00:53, Sys 0 00:00:08  -  Total Remote Usage
		Usr 0 00:00:00, Sys 0 00:00:00  -  Total Local Usage
	2809  -  Run Bytes Sent By Job
	11040  -  Run Bytes Received By Job
	2809  -  Total Bytes Sent By Job
	11040  -  Total Bytes Received By Job
	Partitionable Resources :    Usage  Request Allocated 
	   Cpus                 :        0        1         1 
	   Disk (KB)            :    12385       12      3636 
	   GPUs                 :                           0 
	   Memory (MB)          :      147     3000      3000 

	Job terminated of its own accord at 2025-03-10T15:04:13Z with exit-code 0.
...
