000 (13689634.000.000) 03/10 16:01:02 Job submitted from host: <137.138.120.116:9618?addrs=137.138.120.116-9618+[2001-1458-d00-16--17b]-9618&alias=bigbird12.cern.ch&noUDP&sock=schedd_5055_e355>
...
040 (13689634.000.000) 03/10 16:04:42 Started transferring input files
	Transferring to host: <188.185.210.13:9618?addrs=188.185.210.13-9618+[2001-1458-303-1--100-9]-9618&alias=b9p21p0364.cern.ch&noUDP&sock=slot1_6_2790675_be63_100000>
...
040 (13689634.000.000) 03/10 16:04:42 Finished transferring input files
...
001 (13689634.000.000) 03/10 16:04:43 Job executing on host: <188.185.210.13:9618?addrs=188.185.210.13-9618+[2001-1458-303-1--100-9]-9618&alias=b9p21p0364.cern.ch&noUDP&sock=startd_8437_a8a1>
	SlotName: slot1_6@b9p21p0364.cern.ch
	CondorScratchDir = "/pool/condor/dir_2870117"
	Cpus = 1
	Disk = 3756
	GPUs = 0
	Memory = 3000
...
006 (13689634.000.000) 03/10 16:04:52 Image size of job updated: 35572
	35  -  MemoryUsage of job (MB)
	35572  -  ResidentSetSize of job (KB)
...
006 (13689634.000.000) 03/10 16:09:53 Image size of job updated: 1073844
	1049  -  MemoryUsage of job (MB)
	1073844  -  ResidentSetSize of job (KB)
...
006 (13689634.000.000) 03/10 16:14:53 Image size of job updated: 1129688
	1104  -  MemoryUsage of job (MB)
	1129688  -  ResidentSetSize of job (KB)
...
006 (13689634.000.000) 03/10 16:19:53 Image size of job updated: 1171916
	1145  -  MemoryUsage of job (MB)
	1171916  -  ResidentSetSize of job (KB)
...
006 (13689634.000.000) 03/10 16:24:54 Image size of job updated: 1237316
	1209  -  MemoryUsage of job (MB)
	1237316  -  ResidentSetSize of job (KB)
...
006 (13689634.000.000) 03/10 16:29:55 Image size of job updated: 1271312
	1242  -  MemoryUsage of job (MB)
	1271312  -  ResidentSetSize of job (KB)
...
006 (13689634.000.000) 03/10 16:34:55 Image size of job updated: 1311044
	1281  -  MemoryUsage of job (MB)
	1311044  -  ResidentSetSize of job (KB)
...
006 (13689634.000.000) 03/10 16:39:56 Image size of job updated: 1355316
	1324  -  MemoryUsage of job (MB)
	1355316  -  ResidentSetSize of job (KB)
...
006 (13689634.000.000) 03/10 16:44:57 Image size of job updated: 1391812
	1360  -  MemoryUsage of job (MB)
	1391812  -  ResidentSetSize of job (KB)
...
006 (13689634.000.000) 03/10 16:49:57 Image size of job updated: 1424992
	1392  -  MemoryUsage of job (MB)
	1424992  -  ResidentSetSize of job (KB)
...
006 (13689634.000.000) 03/10 16:54:58 Image size of job updated: 1456956
	1423  -  MemoryUsage of job (MB)
	1456956  -  ResidentSetSize of job (KB)
...
006 (13689634.000.000) 03/10 16:59:59 Image size of job updated: 1482472
	1448  -  MemoryUsage of job (MB)
	1482472  -  ResidentSetSize of job (KB)
...
006 (13689634.000.000) 03/10 17:04:59 Image size of job updated: 1515076
	1480  -  MemoryUsage of job (MB)
	1515076  -  ResidentSetSize of job (KB)
...
006 (13689634.000.000) 03/10 17:09:59 Image size of job updated: 1549940
	1514  -  MemoryUsage of job (MB)
	1549940  -  ResidentSetSize of job (KB)
...
006 (13689634.000.000) 03/10 17:15:00 Image size of job updated: 1576892
	1540  -  MemoryUsage of job (MB)
	1576892  -  ResidentSetSize of job (KB)
...
006 (13689634.000.000) 03/10 17:20:00 Image size of job updated: 1604484
	1567  -  MemoryUsage of job (MB)
	1604484  -  ResidentSetSize of job (KB)
...
040 (13689634.000.000) 03/10 17:24:36 Started transferring output files
...
040 (13689634.000.000) 03/10 17:24:36 Finished transferring output files
...
005 (13689634.000.000) 03/10 17:24:36 Job terminated.
	(1) Normal termination (return value 0)
		Usr 0 00:34:15, Sys 0 00:00:49  -  Run Remote Usage
		Usr 0 00:00:00, Sys 0 00:00:00  -  Run Local Usage
		Usr 0 00:34:15, Sys 0 00:00:49  -  Total Remote Usage
		Usr 0 00:00:00, Sys 0 00:00:00  -  Total Local Usage
	5730  -  Run Bytes Sent By Job
	11052  -  Run Bytes Received By Job
	5730  -  Total Bytes Sent By Job
	11052  -  Total Bytes Received By Job
	Partitionable Resources :     Usage  Request Allocated 
	   Cpus                 :      0.88        1         1 
	   Disk (KB)            : 179671          12      3756 
	   GPUs                 :                            0 
	   Memory (MB)          :   1567        3000      3000 

	Job terminated of its own accord at 2025-03-10T16:24:36Z with exit-code 0.
...
