000 (13689727.000.000) 03/10 16:02:07 Job submitted from host: <137.138.120.116:9618?addrs=137.138.120.116-9618+[2001-1458-d00-16--17b]-9618&alias=bigbird12.cern.ch&noUDP&sock=schedd_5055_e355>
...
040 (13689727.000.000) 03/10 16:43:42 Started transferring input files
	Transferring to host: <188.185.210.155:9618?addrs=188.185.210.155-9618+[2001-1458-303-15--100-17]-9618&alias=b9p22p2852.cern.ch&noUDP&sock=slot1_47_4587_b4d4_101512>
...
040 (13689727.000.000) 03/10 16:43:42 Finished transferring input files
...
001 (13689727.000.000) 03/10 16:43:43 Job executing on host: <188.185.210.155:9618?addrs=188.185.210.155-9618+[2001-1458-303-15--100-17]-9618&alias=b9p22p2852.cern.ch&noUDP&sock=startd_4241_8d3d>
	SlotName: slot1_47@b9p22p2852.cern.ch
	CondorScratchDir = "/pool/condor/dir_1139017"
	Cpus = 1
	Disk = 3779
	GPUs = 0
	Memory = 3000
...
006 (13689727.000.000) 03/10 16:43:51 Image size of job updated: 91096
	89  -  MemoryUsage of job (MB)
	91096  -  ResidentSetSize of job (KB)
...
006 (13689727.000.000) 03/10 16:47:00 Image size of job updated: 1115140
	1090  -  MemoryUsage of job (MB)
	1115140  -  ResidentSetSize of job (KB)
...
040 (13689727.000.000) 03/10 16:47:00 Started transferring output files
...
040 (13689727.000.000) 03/10 16:47:00 Finished transferring output files
...
005 (13689727.000.000) 03/10 16:47:01 Job terminated.
	(1) Normal termination (return value 0)
		Usr 0 00:00:42, Sys 0 00:00:10  -  Run Remote Usage
		Usr 0 00:00:00, Sys 0 00:00:00  -  Run Local Usage
		Usr 0 00:00:42, Sys 0 00:00:10  -  Total Remote Usage
		Usr 0 00:00:00, Sys 0 00:00:00  -  Total Local Usage
	2821  -  Run Bytes Sent By Job
	11052  -  Run Bytes Received By Job
	2821  -  Total Bytes Sent By Job
	11052  -  Total Bytes Received By Job
	Partitionable Resources :    Usage  Request Allocated 
	   Cpus                 :        0        1         1 
	   Disk (KB)            :    10733       12      3779 
	   GPUs                 :                           0 
	   Memory (MB)          :     1090     3000      3000 

	Job terminated of its own accord at 2025-03-10T15:47:00Z with exit-code 0.
...
