000 (13689615.000.000) 03/10 16:00:54 Job submitted from host: <137.138.120.116:9618?addrs=137.138.120.116-9618+[2001-1458-d00-16--17b]-9618&alias=bigbird12.cern.ch&noUDP&sock=schedd_5055_e355>
...
040 (13689615.000.000) 03/10 16:04:31 Started transferring input files
	Transferring to host: <188.185.211.138:9618?addrs=188.185.211.138-9618+[2001-1458-303-17--100-6]-9618&alias=b9p24p4307.cern.ch&noUDP&sock=slot1_13_3783_3733_104157>
...
040 (13689615.000.000) 03/10 16:04:31 Finished transferring input files
...
001 (13689615.000.000) 03/10 16:04:33 Job executing on host: <188.185.211.138:9618?addrs=188.185.211.138-9618+[2001-1458-303-17--100-6]-9618&alias=b9p24p4307.cern.ch&noUDP&sock=startd_3010_3028>
	SlotName: slot1_13@b9p24p4307.cern.ch
	CondorScratchDir = "/pool/condor/dir_3302642"
	Cpus = 1
	Disk = 3762
	GPUs = 0
	Memory = 3000
...
006 (13689615.000.000) 03/10 16:04:41 Image size of job updated: 5640
	6  -  MemoryUsage of job (MB)
	5640  -  ResidentSetSize of job (KB)
...
006 (13689615.000.000) 03/10 16:09:41 Image size of job updated: 1104552
	1079  -  MemoryUsage of job (MB)
	1104552  -  ResidentSetSize of job (KB)
...
006 (13689615.000.000) 03/10 16:14:42 Image size of job updated: 1167392
	1141  -  MemoryUsage of job (MB)
	1167392  -  ResidentSetSize of job (KB)
...
006 (13689615.000.000) 03/10 16:19:43 Image size of job updated: 1234468
	1206  -  MemoryUsage of job (MB)
	1234468  -  ResidentSetSize of job (KB)
...
006 (13689615.000.000) 03/10 16:24:43 Image size of job updated: 1270084
	1241  -  MemoryUsage of job (MB)
	1270084  -  ResidentSetSize of job (KB)
...
006 (13689615.000.000) 03/10 16:29:43 Image size of job updated: 1314720
	1284  -  MemoryUsage of job (MB)
	1314720  -  ResidentSetSize of job (KB)
...
006 (13689615.000.000) 03/10 16:34:44 Image size of job updated: 1355528
	1324  -  MemoryUsage of job (MB)
	1355528  -  ResidentSetSize of job (KB)
...
006 (13689615.000.000) 03/10 16:39:44 Image size of job updated: 1386724
	1355  -  MemoryUsage of job (MB)
	1386724  -  ResidentSetSize of job (KB)
...
006 (13689615.000.000) 03/10 16:44:44 Image size of job updated: 1417428
	1385  -  MemoryUsage of job (MB)
	1417428  -  ResidentSetSize of job (KB)
...
006 (13689615.000.000) 03/10 16:49:45 Image size of job updated: 1449864
	1416  -  MemoryUsage of job (MB)
	1449864  -  ResidentSetSize of job (KB)
...
006 (13689615.000.000) 03/10 16:54:46 Image size of job updated: 1483780
	1450  -  MemoryUsage of job (MB)
	1483780  -  ResidentSetSize of job (KB)
...
006 (13689615.000.000) 03/10 16:59:46 Image size of job updated: 1517792
	1483  -  MemoryUsage of job (MB)
	1517792  -  ResidentSetSize of job (KB)
...
006 (13689615.000.000) 03/10 17:04:47 Image size of job updated: 1552732
	1517  -  MemoryUsage of job (MB)
	1552732  -  ResidentSetSize of job (KB)
...
006 (13689615.000.000) 03/10 17:09:48 Image size of job updated: 1587292
	1551  -  MemoryUsage of job (MB)
	1587292  -  ResidentSetSize of job (KB)
...
040 (13689615.000.000) 03/10 17:14:07 Started transferring output files
...
040 (13689615.000.000) 03/10 17:14:07 Finished transferring output files
...
005 (13689615.000.000) 03/10 17:14:07 Job terminated.
	(1) Normal termination (return value 0)
		Usr 0 00:35:08, Sys 0 00:00:43  -  Run Remote Usage
		Usr 0 00:00:00, Sys 0 00:00:00  -  Run Local Usage
		Usr 0 00:35:08, Sys 0 00:00:43  -  Total Remote Usage
		Usr 0 00:00:00, Sys 0 00:00:00  -  Total Local Usage
	5569  -  Run Bytes Sent By Job
	11052  -  Run Bytes Received By Job
	5569  -  Total Bytes Sent By Job
	11052  -  Total Bytes Received By Job
	Partitionable Resources :     Usage  Request Allocated 
	   Cpus                 :      0.86        1         1 
	   Disk (KB)            : 171110          12      3762 
	   GPUs                 :                            0 
	   Memory (MB)          :   1551        3000      3000 

	Job terminated of its own accord at 2025-03-10T16:14:07Z with exit-code 0.
...
