000 (13689658.000.000) 03/10 16:01:16 Job submitted from host: <137.138.120.116:9618?addrs=137.138.120.116-9618+[2001-1458-d00-16--17b]-9618&alias=bigbird12.cern.ch&noUDP&sock=schedd_5055_e355>
...
040 (13689658.000.000) 03/10 16:14:30 Started transferring input files
	Transferring to host: <188.185.211.31:9618?addrs=188.185.211.31-9618+[2001-1458-303-16--100-1b]-9618&alias=b9p23p5913.cern.ch&noUDP&sock=slot1_13_762066_2fc6_9586>
...
040 (13689658.000.000) 03/10 16:14:30 Finished transferring input files
...
001 (13689658.000.000) 03/10 16:14:31 Job executing on host: <188.185.211.31:9618?addrs=188.185.211.31-9618+[2001-1458-303-16--100-1b]-9618&alias=b9p23p5913.cern.ch&noUDP&sock=startd_3034_a66e>
	SlotName: slot1_13@b9p23p5913.cern.ch
	CondorScratchDir = "/pool/condor/dir_1677241"
	Cpus = 1
	Disk = 3841
	GPUs = 0
	Memory = 3000
...
006 (13689658.000.000) 03/10 16:14:39 Image size of job updated: 5356
	6  -  MemoryUsage of job (MB)
	5356  -  ResidentSetSize of job (KB)
...
006 (13689658.000.000) 03/10 16:19:39 Image size of job updated: 1108736
	1083  -  MemoryUsage of job (MB)
	1108736  -  ResidentSetSize of job (KB)
...
040 (13689658.000.000) 03/10 16:22:28 Started transferring output files
...
040 (13689658.000.000) 03/10 16:22:28 Finished transferring output files
...
005 (13689658.000.000) 03/10 16:22:28 Job terminated.
	(1) Normal termination (return value 0)
		Usr 0 00:03:33, Sys 0 00:00:11  -  Run Remote Usage
		Usr 0 00:00:00, Sys 0 00:00:00  -  Run Local Usage
		Usr 0 00:03:33, Sys 0 00:00:11  -  Total Remote Usage
		Usr 0 00:00:00, Sys 0 00:00:00  -  Total Local Usage
	2986  -  Run Bytes Sent By Job
	11052  -  Run Bytes Received By Job
	2986  -  Total Bytes Sent By Job
	11052  -  Total Bytes Received By Job
	Partitionable Resources :    Usage  Request Allocated 
	   Cpus                 :     0.57        1         1 
	   Disk (KB)            : 25276          12      3841 
	   GPUs                 :                           0 
	   Memory (MB)          :  1083        3000      3000 

	Job terminated of its own accord at 2025-03-10T15:22:28Z with exit-code 0.
...
