000 (13689689.000.000) 03/10 16:01:39 Job submitted from host: <137.138.120.116:9618?addrs=137.138.120.116-9618+[2001-1458-d00-16--17b]-9618&alias=bigbird12.cern.ch&noUDP&sock=schedd_5055_e355>
...
040 (13689689.000.000) 03/10 16:30:28 Started transferring input files
	Transferring to host: <188.185.206.155:9618?addrs=188.185.206.155-9618+[2001-1458-303-c--100-18]-9618&alias=b9p06p0477.cern.ch&noUDP&sock=slot1_18_5801_1445_9956>
...
040 (13689689.000.000) 03/10 16:30:28 Finished transferring input files
...
001 (13689689.000.000) 03/10 16:30:29 Job executing on host: <188.185.206.155:9618?addrs=188.185.206.155-9618+[2001-1458-303-c--100-18]-9618&alias=b9p06p0477.cern.ch&noUDP&sock=startd_4868_9f1f>
	SlotName: slot1_18@b9p06p0477.cern.ch
	CondorScratchDir = "/pool/condor/dir_1986414"
	Cpus = 1
	Disk = 3671
	GPUs = 0
	Memory = 3000
...
006 (13689689.000.000) 03/10 16:30:42 Image size of job updated: 146044
	143  -  MemoryUsage of job (MB)
	146044  -  ResidentSetSize of job (KB)
...
006 (13689689.000.000) 03/10 16:35:42 Image size of job updated: 779640
	762  -  MemoryUsage of job (MB)
	779640  -  ResidentSetSize of job (KB)
...
006 (13689689.000.000) 03/10 16:40:43 Image size of job updated: 832152
	813  -  MemoryUsage of job (MB)
	832152  -  ResidentSetSize of job (KB)
...
006 (13689689.000.000) 03/10 16:45:44 Image size of job updated: 898560
	878  -  MemoryUsage of job (MB)
	898560  -  ResidentSetSize of job (KB)
...
006 (13689689.000.000) 03/10 16:50:44 Image size of job updated: 940264
	919  -  MemoryUsage of job (MB)
	940264  -  ResidentSetSize of job (KB)
...
006 (13689689.000.000) 03/10 16:55:45 Image size of job updated: 992440
	970  -  MemoryUsage of job (MB)
	992440  -  ResidentSetSize of job (KB)
...
006 (13689689.000.000) 03/10 17:00:06 Image size of job updated: 1345632
	970  -  MemoryUsage of job (MB)
	992440  -  ResidentSetSize of job (KB)
...
040 (13689689.000.000) 03/10 17:00:06 Started transferring output files
...
040 (13689689.000.000) 03/10 17:00:06 Finished transferring output files
...
005 (13689689.000.000) 03/10 17:00:06 Job terminated.
	(1) Normal termination (return value 0)
		Usr 0 00:11:44, Sys 0 00:00:18  -  Run Remote Usage
		Usr 0 00:00:00, Sys 0 00:00:00  -  Run Local Usage
		Usr 0 00:11:44, Sys 0 00:00:18  -  Total Remote Usage
		Usr 0 00:00:00, Sys 0 00:00:00  -  Total Local Usage
	4117  -  Run Bytes Sent By Job
	11052  -  Run Bytes Received By Job
	4117  -  Total Bytes Sent By Job
	11052  -  Total Bytes Received By Job
	Partitionable Resources :    Usage  Request Allocated 
	   Cpus                 :     0.83        1         1 
	   Disk (KB)            : 88709          12      3671 
	   GPUs                 :                           0 
	   Memory (MB)          :   970        3000      3000 

	Job terminated of its own accord at 2025-03-10T16:00:06Z with exit-code 0.
...
