000 (13689739.000.000) 03/10 16:02:14 Job submitted from host: <137.138.120.116:9618?addrs=137.138.120.116-9618+[2001-1458-d00-16--17b]-9618&alias=bigbird12.cern.ch&noUDP&sock=schedd_5055_e355>
...
040 (13689739.000.000) 03/10 16:43:45 Started transferring input files
	Transferring to host: <188.185.215.36:9618?addrs=188.185.215.36-9618+[2001-1458-303-1e--100-20]-9618&alias=b9p31p9360.cern.ch&noUDP&sock=slot1_30_5969_734c_96249>
...
040 (13689739.000.000) 03/10 16:43:45 Finished transferring input files
...
001 (13689739.000.000) 03/10 16:43:46 Job executing on host: <188.185.215.36:9618?addrs=188.185.215.36-9618+[2001-1458-303-1e--100-20]-9618&alias=b9p31p9360.cern.ch&noUDP&sock=startd_4994_0c0e>
	SlotName: slot1_30@b9p31p9360.cern.ch
	CondorScratchDir = "/pool/condor/dir_4129279"
	Cpus = 1
	Disk = 3780
	GPUs = 0
	Memory = 3000
...
006 (13689739.000.000) 03/10 16:43:54 Image size of job updated: 134656
	132  -  MemoryUsage of job (MB)
	134656  -  ResidentSetSize of job (KB)
...
006 (13689739.000.000) 03/10 16:48:54 Image size of job updated: 759600
	742  -  MemoryUsage of job (MB)
	759600  -  ResidentSetSize of job (KB)
...
006 (13689739.000.000) 03/10 16:53:55 Image size of job updated: 820672
	802  -  MemoryUsage of job (MB)
	820672  -  ResidentSetSize of job (KB)
...
006 (13689739.000.000) 03/10 16:58:56 Image size of job updated: 876636
	857  -  MemoryUsage of job (MB)
	876636  -  ResidentSetSize of job (KB)
...
006 (13689739.000.000) 03/10 17:03:56 Image size of job updated: 920260
	899  -  MemoryUsage of job (MB)
	920260  -  ResidentSetSize of job (KB)
...
040 (13689739.000.000) 03/10 17:05:02 Started transferring output files
...
040 (13689739.000.000) 03/10 17:05:02 Finished transferring output files
...
005 (13689739.000.000) 03/10 17:05:02 Job terminated.
	(1) Normal termination (return value 0)
		Usr 0 00:08:34, Sys 0 00:00:15  -  Run Remote Usage
		Usr 0 00:00:00, Sys 0 00:00:00  -  Run Local Usage
		Usr 0 00:08:34, Sys 0 00:00:15  -  Total Remote Usage
		Usr 0 00:00:00, Sys 0 00:00:00  -  Total Local Usage
	3633  -  Run Bytes Sent By Job
	11052  -  Run Bytes Received By Job
	3633  -  Total Bytes Sent By Job
	11052  -  Total Bytes Received By Job
	Partitionable Resources :    Usage  Request Allocated 
	   Cpus                 :     0.02        1         1 
	   Disk (KB)            : 60803          12      3780 
	   GPUs                 :                           0 
	   Memory (MB)          :   899        3000      3000 

	Job terminated of its own accord at 2025-03-10T16:05:02Z with exit-code 0.
...
