000 (13689640.000.000) 03/10 16:01:06 Job submitted from host: <137.138.120.116:9618?addrs=137.138.120.116-9618+[2001-1458-d00-16--17b]-9618&alias=bigbird12.cern.ch&noUDP&sock=schedd_5055_e355>
...
040 (13689640.000.000) 03/10 16:04:34 Started transferring input files
	Transferring to host: <188.185.213.227:9618?addrs=188.185.213.227-9618+[2001-1458-303-1b--100-5f]-9618&alias=b9p28p0516.cern.ch&noUDP&sock=slot1_41_807836_4acb_10520>
...
040 (13689640.000.000) 03/10 16:04:34 Finished transferring input files
...
001 (13689640.000.000) 03/10 16:04:35 Job executing on host: <188.185.213.227:9618?addrs=188.185.213.227-9618+[2001-1458-303-1b--100-5f]-9618&alias=b9p28p0516.cern.ch&noUDP&sock=startd_807571_1d15>
	SlotName: slot1_41@b9p28p0516.cern.ch
	CondorScratchDir = "/pool/condor/dir_1677748"
	Cpus = 1
	Disk = 3705
	GPUs = 0
	Memory = 3000
...
006 (13689640.000.000) 03/10 16:04:44 Image size of job updated: 161688
	158  -  MemoryUsage of job (MB)
	161688  -  ResidentSetSize of job (KB)
...
006 (13689640.000.000) 03/10 16:09:45 Image size of job updated: 767272
	750  -  MemoryUsage of job (MB)
	767272  -  ResidentSetSize of job (KB)
...
006 (13689640.000.000) 03/10 16:14:46 Image size of job updated: 848236
	829  -  MemoryUsage of job (MB)
	848236  -  ResidentSetSize of job (KB)
...
006 (13689640.000.000) 03/10 16:19:46 Image size of job updated: 908320
	888  -  MemoryUsage of job (MB)
	908320  -  ResidentSetSize of job (KB)
...
006 (13689640.000.000) 03/10 16:24:47 Image size of job updated: 967560
	945  -  MemoryUsage of job (MB)
	967560  -  ResidentSetSize of job (KB)
...
006 (13689640.000.000) 03/10 16:29:48 Image size of job updated: 1022140
	999  -  MemoryUsage of job (MB)
	1022140  -  ResidentSetSize of job (KB)
...
006 (13689640.000.000) 03/10 16:34:48 Image size of job updated: 1075672
	1051  -  MemoryUsage of job (MB)
	1075672  -  ResidentSetSize of job (KB)
...
006 (13689640.000.000) 03/10 16:39:48 Image size of job updated: 1127340
	1101  -  MemoryUsage of job (MB)
	1127340  -  ResidentSetSize of job (KB)
...
006 (13689640.000.000) 03/10 16:44:49 Image size of job updated: 1178840
	1152  -  MemoryUsage of job (MB)
	1178840  -  ResidentSetSize of job (KB)
...
006 (13689640.000.000) 03/10 16:49:50 Image size of job updated: 1229916
	1202  -  MemoryUsage of job (MB)
	1229916  -  ResidentSetSize of job (KB)
...
040 (13689640.000.000) 03/10 16:53:27 Started transferring output files
...
040 (13689640.000.000) 03/10 16:53:27 Finished transferring output files
...
005 (13689640.000.000) 03/10 16:53:27 Job terminated.
	(1) Normal termination (return value 0)
		Usr 0 00:24:10, Sys 0 00:00:28  -  Run Remote Usage
		Usr 0 00:00:00, Sys 0 00:00:00  -  Run Local Usage
		Usr 0 00:24:10, Sys 0 00:00:28  -  Total Remote Usage
		Usr 0 00:00:00, Sys 0 00:00:00  -  Total Local Usage
	5569  -  Run Bytes Sent By Job
	11052  -  Run Bytes Received By Job
	5569  -  Total Bytes Sent By Job
	11052  -  Total Bytes Received By Job
	Partitionable Resources :     Usage  Request Allocated 
	   Cpus                 :      0.43        1         1 
	   Disk (KB)            : 171193          12      3705 
	   GPUs                 :                            0 
	   Memory (MB)          :   1202        3000      3000 

	Job terminated of its own accord at 2025-03-10T15:53:27Z with exit-code 0.
...
