000 (13689631.000.000) 03/10 16:01:01 Job submitted from host: <137.138.120.116:9618?addrs=137.138.120.116-9618+[2001-1458-d00-16--17b]-9618&alias=bigbird12.cern.ch&noUDP&sock=schedd_5055_e355>
...
040 (13689631.000.000) 03/10 16:04:44 Started transferring input files
	Transferring to host: <188.185.212.187:9618?addrs=188.185.212.187-9618+[2001-1458-303-19--100-37]-9618&alias=b9p26p5978.cern.ch&noUDP&sock=slot1_15_5359_a673_33516>
...
040 (13689631.000.000) 03/10 16:04:44 Finished transferring input files
...
001 (13689631.000.000) 03/10 16:04:46 Job executing on host: <188.185.212.187:9618?addrs=188.185.212.187-9618+[2001-1458-303-19--100-37]-9618&alias=b9p26p5978.cern.ch&noUDP&sock=startd_4292_8892>
	SlotName: slot1_15@b9p26p5978.cern.ch
	CondorScratchDir = "/pool/condor/dir_2527342"
	Cpus = 1
	Disk = 3760
	GPUs = 0
	Memory = 3000
...
006 (13689631.000.000) 03/10 16:04:59 Image size of job updated: 34288
	1  -  MemoryUsage of job (MB)
	832  -  ResidentSetSize of job (KB)
...
006 (13689631.000.000) 03/10 16:09:59 Image size of job updated: 744972
	728  -  MemoryUsage of job (MB)
	744972  -  ResidentSetSize of job (KB)
...
006 (13689631.000.000) 03/10 16:14:59 Image size of job updated: 796364
	778  -  MemoryUsage of job (MB)
	796364  -  ResidentSetSize of job (KB)
...
006 (13689631.000.000) 03/10 16:20:00 Image size of job updated: 865532
	846  -  MemoryUsage of job (MB)
	865532  -  ResidentSetSize of job (KB)
...
006 (13689631.000.000) 03/10 16:25:00 Image size of job updated: 902364
	882  -  MemoryUsage of job (MB)
	902364  -  ResidentSetSize of job (KB)
...
006 (13689631.000.000) 03/10 16:30:01 Image size of job updated: 945136
	923  -  MemoryUsage of job (MB)
	945136  -  ResidentSetSize of job (KB)
...
006 (13689631.000.000) 03/10 16:35:02 Image size of job updated: 989312
	967  -  MemoryUsage of job (MB)
	989312  -  ResidentSetSize of job (KB)
...
006 (13689631.000.000) 03/10 16:40:02 Image size of job updated: 1032064
	1008  -  MemoryUsage of job (MB)
	1032064  -  ResidentSetSize of job (KB)
...
006 (13689631.000.000) 03/10 16:45:03 Image size of job updated: 1070200
	1046  -  MemoryUsage of job (MB)
	1070200  -  ResidentSetSize of job (KB)
...
006 (13689631.000.000) 03/10 16:50:03 Image size of job updated: 1105152
	1080  -  MemoryUsage of job (MB)
	1105152  -  ResidentSetSize of job (KB)
...
006 (13689631.000.000) 03/10 16:55:03 Image size of job updated: 1138792
	1113  -  MemoryUsage of job (MB)
	1138792  -  ResidentSetSize of job (KB)
...
006 (13689631.000.000) 03/10 17:00:04 Image size of job updated: 1172664
	1146  -  MemoryUsage of job (MB)
	1172664  -  ResidentSetSize of job (KB)
...
006 (13689631.000.000) 03/10 17:05:04 Image size of job updated: 1208144
	1180  -  MemoryUsage of job (MB)
	1208144  -  ResidentSetSize of job (KB)
...
006 (13689631.000.000) 03/10 17:10:05 Image size of job updated: 1243348
	1215  -  MemoryUsage of job (MB)
	1243348  -  ResidentSetSize of job (KB)
...
006 (13689631.000.000) 03/10 17:15:05 Image size of job updated: 1391132
	1335  -  MemoryUsage of job (MB)
	1367024  -  ResidentSetSize of job (KB)
...
006 (13689631.000.000) 03/10 17:15:32 Image size of job updated: 1616900
	1335  -  MemoryUsage of job (MB)
	1367024  -  ResidentSetSize of job (KB)
...
040 (13689631.000.000) 03/10 17:15:32 Started transferring output files
...
040 (13689631.000.000) 03/10 17:15:32 Finished transferring output files
...
005 (13689631.000.000) 03/10 17:15:32 Job terminated.
	(1) Normal termination (return value 0)
		Usr 0 00:33:30, Sys 0 00:00:38  -  Run Remote Usage
		Usr 0 00:00:00, Sys 0 00:00:00  -  Run Local Usage
		Usr 0 00:33:30, Sys 0 00:00:38  -  Total Remote Usage
		Usr 0 00:00:00, Sys 0 00:00:00  -  Total Local Usage
	5732  -  Run Bytes Sent By Job
	11052  -  Run Bytes Received By Job
	5732  -  Total Bytes Sent By Job
	11052  -  Total Bytes Received By Job
	Partitionable Resources :     Usage  Request Allocated 
	   Cpus                 :      0.93        1         1 
	   Disk (KB)            : 181144          12      3760 
	   GPUs                 :                            0 
	   Memory (MB)          :   1335        3000      3000 

	Job terminated of its own accord at 2025-03-10T16:15:32Z with exit-code 0.
...
