000 (13689607.000.000) 03/10 16:00:49 Job submitted from host: <137.138.120.116:9618?addrs=137.138.120.116-9618+[2001-1458-d00-16--17b]-9618&alias=bigbird12.cern.ch&noUDP&sock=schedd_5055_e355>
...
040 (13689607.000.000) 03/10 16:04:26 Started transferring input files
	Transferring to host: <188.185.213.89:9618?addrs=188.185.213.89-9618+[2001-1458-303-1a--100-55]-9618&alias=b9p27p3133.cern.ch&noUDP&sock=slot1_14_4528_22b1_34163>
...
040 (13689607.000.000) 03/10 16:04:26 Finished transferring input files
...
001 (13689607.000.000) 03/10 16:04:27 Job executing on host: <188.185.213.89:9618?addrs=188.185.213.89-9618+[2001-1458-303-1a--100-55]-9618&alias=b9p27p3133.cern.ch&noUDP&sock=startd_3786_75a6>
	SlotName: slot1_14@b9p27p3133.cern.ch
	CondorScratchDir = "/pool/condor/dir_2147895"
	Cpus = 1
	Disk = 3828
	GPUs = 0
	Memory = 3000
...
006 (13689607.000.000) 03/10 16:04:41 Image size of job updated: 129996
	127  -  MemoryUsage of job (MB)
	129996  -  ResidentSetSize of job (KB)
...
006 (13689607.000.000) 03/10 16:09:42 Image size of job updated: 722924
	706  -  MemoryUsage of job (MB)
	722924  -  ResidentSetSize of job (KB)
...
006 (13689607.000.000) 03/10 16:14:42 Image size of job updated: 780316
	763  -  MemoryUsage of job (MB)
	780316  -  ResidentSetSize of job (KB)
...
006 (13689607.000.000) 03/10 16:19:42 Image size of job updated: 828000
	809  -  MemoryUsage of job (MB)
	828000  -  ResidentSetSize of job (KB)
...
006 (13689607.000.000) 03/10 16:24:43 Image size of job updated: 886680
	866  -  MemoryUsage of job (MB)
	886680  -  ResidentSetSize of job (KB)
...
006 (13689607.000.000) 03/10 16:29:43 Image size of job updated: 920012
	899  -  MemoryUsage of job (MB)
	920012  -  ResidentSetSize of job (KB)
...
006 (13689607.000.000) 03/10 16:34:43 Image size of job updated: 963620
	942  -  MemoryUsage of job (MB)
	963620  -  ResidentSetSize of job (KB)
...
006 (13689607.000.000) 03/10 16:39:44 Image size of job updated: 1001552
	979  -  MemoryUsage of job (MB)
	1001552  -  ResidentSetSize of job (KB)
...
006 (13689607.000.000) 03/10 16:44:44 Image size of job updated: 1037012
	1013  -  MemoryUsage of job (MB)
	1037012  -  ResidentSetSize of job (KB)
...
006 (13689607.000.000) 03/10 16:49:45 Image size of job updated: 1070472
	1046  -  MemoryUsage of job (MB)
	1070472  -  ResidentSetSize of job (KB)
...
006 (13689607.000.000) 03/10 16:54:46 Image size of job updated: 1103120
	1078  -  MemoryUsage of job (MB)
	1103120  -  ResidentSetSize of job (KB)
...
006 (13689607.000.000) 03/10 16:59:46 Image size of job updated: 1137348
	1111  -  MemoryUsage of job (MB)
	1137348  -  ResidentSetSize of job (KB)
...
006 (13689607.000.000) 03/10 17:04:48 Image size of job updated: 1171252
	1144  -  MemoryUsage of job (MB)
	1171252  -  ResidentSetSize of job (KB)
...
006 (13689607.000.000) 03/10 17:09:48 Image size of job updated: 1204780
	1177  -  MemoryUsage of job (MB)
	1204780  -  ResidentSetSize of job (KB)
...
006 (13689607.000.000) 03/10 17:14:48 Image size of job updated: 1227656
	1199  -  MemoryUsage of job (MB)
	1227656  -  ResidentSetSize of job (KB)
...
006 (13689607.000.000) 03/10 17:19:20 Image size of job updated: 1591652
	1199  -  MemoryUsage of job (MB)
	1227656  -  ResidentSetSize of job (KB)
...
040 (13689607.000.000) 03/10 17:19:20 Started transferring output files
...
040 (13689607.000.000) 03/10 17:19:20 Finished transferring output files
...
005 (13689607.000.000) 03/10 17:19:20 Job terminated.
	(1) Normal termination (return value 0)
		Usr 0 00:34:39, Sys 0 00:00:31  -  Run Remote Usage
		Usr 0 00:00:00, Sys 0 00:00:00  -  Run Local Usage
		Usr 0 00:34:39, Sys 0 00:00:31  -  Total Remote Usage
		Usr 0 00:00:00, Sys 0 00:00:00  -  Total Local Usage
	5569  -  Run Bytes Sent By Job
	11052  -  Run Bytes Received By Job
	5569  -  Total Bytes Sent By Job
	11052  -  Total Bytes Received By Job
	Partitionable Resources :     Usage  Request Allocated 
	   Cpus                 :      0.03        1         1 
	   Disk (KB)            : 172761          12      3828 
	   GPUs                 :                            0 
	   Memory (MB)          :   1199        3000      3000 

	Job terminated of its own accord at 2025-03-10T16:19:20Z with exit-code 0.
...
