000 (13689740.000.000) 03/10 16:02:14 Job submitted from host: <137.138.120.116:9618?addrs=137.138.120.116-9618+[2001-1458-d00-16--17b]-9618&alias=bigbird12.cern.ch&noUDP&sock=schedd_5055_e355>
...
040 (13689740.000.000) 03/10 16:43:46 Started transferring input files
	Transferring to host: <188.185.206.100:9618?addrs=188.185.206.100-9618+[2001-1458-303-b--100-61]-9618&alias=b9p05p6008.cern.ch&noUDP&sock=slot1_14_3795_abb3_10490>
...
040 (13689740.000.000) 03/10 16:43:46 Finished transferring input files
...
001 (13689740.000.000) 03/10 16:43:47 Job executing on host: <188.185.206.100:9618?addrs=188.185.206.100-9618+[2001-1458-303-b--100-61]-9618&alias=b9p05p6008.cern.ch&noUDP&sock=startd_3465_47bf>
	SlotName: slot1_14@b9p05p6008.cern.ch
	CondorScratchDir = "/pool/condor/dir_3468665"
	Cpus = 1
	Disk = 3677
	GPUs = 0
	Memory = 3000
...
006 (13689740.000.000) 03/10 16:44:00 Image size of job updated: 34192
	34  -  MemoryUsage of job (MB)
	34192  -  ResidentSetSize of job (KB)
...
006 (13689740.000.000) 03/10 16:48:58 Image size of job updated: 835352
	34  -  MemoryUsage of job (MB)
	34192  -  ResidentSetSize of job (KB)
...
040 (13689740.000.000) 03/10 16:48:58 Started transferring output files
...
040 (13689740.000.000) 03/10 16:48:58 Finished transferring output files
...
005 (13689740.000.000) 03/10 16:48:58 Job terminated.
	(1) Normal termination (return value 0)
		Usr 0 00:02:07, Sys 0 00:00:10  -  Run Remote Usage
		Usr 0 00:00:00, Sys 0 00:00:00  -  Run Local Usage
		Usr 0 00:02:07, Sys 0 00:00:10  -  Total Remote Usage
		Usr 0 00:00:00, Sys 0 00:00:00  -  Total Local Usage
	2986  -  Run Bytes Sent By Job
	11052  -  Run Bytes Received By Job
	2986  -  Total Bytes Sent By Job
	11052  -  Total Bytes Received By Job
	Partitionable Resources :    Usage  Request Allocated 
	   Cpus                 :        0        1         1 
	   Disk (KB)            :    19404       12      3677 
	   GPUs                 :                           0 
	   Memory (MB)          :       34     3000      3000 

	Job terminated of its own accord at 2025-03-10T15:48:58Z with exit-code 0.
...
