000 (13689511.000.000) 03/10 15:59:08 Job submitted from host: <137.138.120.116:9618?addrs=137.138.120.116-9618+[2001-1458-d00-16--17b]-9618&alias=bigbird12.cern.ch&noUDP&sock=schedd_5055_e355>
...
040 (13689511.000.000) 03/10 16:01:28 Started transferring input files
	Transferring to host: <188.185.210.49:9618?addrs=188.185.210.49-9618+[2001-1458-303-1--100-2d]-9618&alias=b9p21p6301.cern.ch&noUDP&sock=slot1_30_6177_0154_102380>
...
040 (13689511.000.000) 03/10 16:01:28 Finished transferring input files
...
001 (13689511.000.000) 03/10 16:01:29 Job executing on host: <188.185.210.49:9618?addrs=188.185.210.49-9618+[2001-1458-303-1--100-2d]-9618&alias=b9p21p6301.cern.ch&noUDP&sock=startd_5037_8aa0>
	SlotName: slot1_30@b9p21p6301.cern.ch
	CondorScratchDir = "/pool/condor/dir_3124264"
	Cpus = 1
	Disk = 3875
	GPUs = 0
	Memory = 3000
...
006 (13689511.000.000) 03/10 16:01:37 Image size of job updated: 160036
	157  -  MemoryUsage of job (MB)
	160036  -  ResidentSetSize of job (KB)
...
006 (13689511.000.000) 03/10 16:06:37 Image size of job updated: 1157724
	1131  -  MemoryUsage of job (MB)
	1157724  -  ResidentSetSize of job (KB)
...
006 (13689511.000.000) 03/10 16:11:38 Image size of job updated: 1224056
	1196  -  MemoryUsage of job (MB)
	1224056  -  ResidentSetSize of job (KB)
...
006 (13689511.000.000) 03/10 16:16:39 Image size of job updated: 1285184
	1256  -  MemoryUsage of job (MB)
	1285184  -  ResidentSetSize of job (KB)
...
006 (13689511.000.000) 03/10 16:21:39 Image size of job updated: 1335928
	1305  -  MemoryUsage of job (MB)
	1335928  -  ResidentSetSize of job (KB)
...
006 (13689511.000.000) 03/10 16:26:40 Image size of job updated: 1385456
	1353  -  MemoryUsage of job (MB)
	1385456  -  ResidentSetSize of job (KB)
...
006 (13689511.000.000) 03/10 16:31:41 Image size of job updated: 1421792
	1389  -  MemoryUsage of job (MB)
	1421792  -  ResidentSetSize of job (KB)
...
006 (13689511.000.000) 03/10 16:36:41 Image size of job updated: 1470952
	1437  -  MemoryUsage of job (MB)
	1470952  -  ResidentSetSize of job (KB)
...
006 (13689511.000.000) 03/10 16:41:41 Image size of job updated: 1509552
	1475  -  MemoryUsage of job (MB)
	1509552  -  ResidentSetSize of job (KB)
...
006 (13689511.000.000) 03/10 16:46:42 Image size of job updated: 1550948
	1515  -  MemoryUsage of job (MB)
	1550948  -  ResidentSetSize of job (KB)
...
006 (13689511.000.000) 03/10 16:51:42 Image size of job updated: 1593508
	1557  -  MemoryUsage of job (MB)
	1593508  -  ResidentSetSize of job (KB)
...
006 (13689511.000.000) 03/10 16:56:42 Image size of job updated: 1718916
	1679  -  MemoryUsage of job (MB)
	1718916  -  ResidentSetSize of job (KB)
...
040 (13689511.000.000) 03/10 16:56:46 Started transferring output files
...
040 (13689511.000.000) 03/10 16:56:46 Finished transferring output files
...
005 (13689511.000.000) 03/10 16:56:46 Job terminated.
	(1) Normal termination (return value 0)
		Usr 0 00:26:34, Sys 0 00:00:31  -  Run Remote Usage
		Usr 0 00:00:00, Sys 0 00:00:00  -  Run Local Usage
		Usr 0 00:26:34, Sys 0 00:00:31  -  Total Remote Usage
		Usr 0 00:00:00, Sys 0 00:00:00  -  Total Local Usage
	5402  -  Run Bytes Sent By Job
	11046  -  Run Bytes Received By Job
	5402  -  Total Bytes Sent By Job
	11046  -  Total Bytes Received By Job
	Partitionable Resources :     Usage  Request Allocated 
	   Cpus                 :      0.99        1         1 
	   Disk (KB)            : 168339          12      3875 
	   GPUs                 :                            0 
	   Memory (MB)          :   1679        3000      3000 

	Job terminated of its own accord at 2025-03-10T15:56:46Z with exit-code 0.
...
