000 (13689506.000.000) 03/10 15:59:04 Job submitted from host: <137.138.120.116:9618?addrs=137.138.120.116-9618+[2001-1458-d00-16--17b]-9618&alias=bigbird12.cern.ch&noUDP&sock=schedd_5055_e355>
...
040 (13689506.000.000) 03/10 16:01:25 Started transferring input files
	Transferring to host: <188.185.212.16:9618?addrs=188.185.212.16-9618+[2001-1458-303-18--100-c]-9618&alias=b9p25p6280.cern.ch&noUDP&sock=slot1_11_5296_42d0_33621>
...
040 (13689506.000.000) 03/10 16:01:25 Finished transferring input files
...
001 (13689506.000.000) 03/10 16:01:26 Job executing on host: <188.185.212.16:9618?addrs=188.185.212.16-9618+[2001-1458-303-18--100-c]-9618&alias=b9p25p6280.cern.ch&noUDP&sock=startd_4280_4d6f>
	SlotName: slot1_11@b9p25p6280.cern.ch
	CondorScratchDir = "/pool/condor/dir_450809"
	Cpus = 1
	Disk = 3876
	GPUs = 0
	Memory = 3000
...
006 (13689506.000.000) 03/10 16:01:40 Image size of job updated: 173840
	170  -  MemoryUsage of job (MB)
	173840  -  ResidentSetSize of job (KB)
...
006 (13689506.000.000) 03/10 16:06:41 Image size of job updated: 765952
	748  -  MemoryUsage of job (MB)
	765952  -  ResidentSetSize of job (KB)
...
006 (13689506.000.000) 03/10 16:11:41 Image size of job updated: 840848
	822  -  MemoryUsage of job (MB)
	840848  -  ResidentSetSize of job (KB)
...
006 (13689506.000.000) 03/10 16:16:41 Image size of job updated: 905000
	884  -  MemoryUsage of job (MB)
	905000  -  ResidentSetSize of job (KB)
...
006 (13689506.000.000) 03/10 16:21:42 Image size of job updated: 961204
	939  -  MemoryUsage of job (MB)
	961204  -  ResidentSetSize of job (KB)
...
006 (13689506.000.000) 03/10 16:26:42 Image size of job updated: 1011304
	988  -  MemoryUsage of job (MB)
	1011304  -  ResidentSetSize of job (KB)
...
006 (13689506.000.000) 03/10 16:31:42 Image size of job updated: 1065036
	1041  -  MemoryUsage of job (MB)
	1065036  -  ResidentSetSize of job (KB)
...
006 (13689506.000.000) 03/10 16:36:43 Image size of job updated: 1118228
	1093  -  MemoryUsage of job (MB)
	1118228  -  ResidentSetSize of job (KB)
...
006 (13689506.000.000) 03/10 16:41:43 Image size of job updated: 1167968
	1141  -  MemoryUsage of job (MB)
	1167968  -  ResidentSetSize of job (KB)
...
006 (13689506.000.000) 03/10 16:46:05 Image size of job updated: 1536760
	1141  -  MemoryUsage of job (MB)
	1167968  -  ResidentSetSize of job (KB)
...
040 (13689506.000.000) 03/10 16:46:05 Started transferring output files
...
040 (13689506.000.000) 03/10 16:46:05 Finished transferring output files
...
005 (13689506.000.000) 03/10 16:46:06 Job terminated.
	(1) Normal termination (return value 0)
		Usr 0 00:20:35, Sys 0 00:00:25  -  Run Remote Usage
		Usr 0 00:00:00, Sys 0 00:00:00  -  Run Local Usage
		Usr 0 00:20:35, Sys 0 00:00:25  -  Total Remote Usage
		Usr 0 00:00:00, Sys 0 00:00:00  -  Total Local Usage
	5243  -  Run Bytes Sent By Job
	11046  -  Run Bytes Received By Job
	5243  -  Total Bytes Sent By Job
	11046  -  Total Bytes Received By Job
	Partitionable Resources :     Usage  Request Allocated 
	   Cpus                 :      0.96        1         1 
	   Disk (KB)            : 156904          12      3876 
	   GPUs                 :                            0 
	   Memory (MB)          :   1141        3000      3000 

	Job terminated of its own accord at 2025-03-10T15:46:05Z with exit-code 0.
...
