000 (13689502.000.000) 03/10 15:59:01 Job submitted from host: <137.138.120.116:9618?addrs=137.138.120.116-9618+[2001-1458-d00-16--17b]-9618&alias=bigbird12.cern.ch&noUDP&sock=schedd_5055_e355>
...
040 (13689502.000.000) 03/10 16:01:24 Started transferring input files
	Transferring to host: <188.185.214.176:9618?addrs=188.185.214.176-9618+[2001-1458-303-1d--100-2c]-9618&alias=b9p30p2994.cern.ch&noUDP&sock=slot1_31_4477_338f_97657>
...
040 (13689502.000.000) 03/10 16:01:24 Finished transferring input files
...
001 (13689502.000.000) 03/10 16:01:25 Job executing on host: <188.185.214.176:9618?addrs=188.185.214.176-9618+[2001-1458-303-1d--100-2c]-9618&alias=b9p30p2994.cern.ch&noUDP&sock=startd_3762_ff60>
	SlotName: slot1_31@b9p30p2994.cern.ch
	CondorScratchDir = "/pool/condor/dir_3945391"
	Cpus = 1
	Disk = 3843
	GPUs = 0
	Memory = 3000
...
006 (13689502.000.000) 03/10 16:01:34 Image size of job updated: 3488
	4  -  MemoryUsage of job (MB)
	3488  -  ResidentSetSize of job (KB)
...
006 (13689502.000.000) 03/10 16:06:35 Image size of job updated: 1154192
	1128  -  MemoryUsage of job (MB)
	1154192  -  ResidentSetSize of job (KB)
...
006 (13689502.000.000) 03/10 16:11:35 Image size of job updated: 1218812
	1191  -  MemoryUsage of job (MB)
	1218812  -  ResidentSetSize of job (KB)
...
006 (13689502.000.000) 03/10 16:16:35 Image size of job updated: 1273796
	1244  -  MemoryUsage of job (MB)
	1273796  -  ResidentSetSize of job (KB)
...
006 (13689502.000.000) 03/10 16:21:36 Image size of job updated: 1319936
	1289  -  MemoryUsage of job (MB)
	1319936  -  ResidentSetSize of job (KB)
...
006 (13689502.000.000) 03/10 16:26:36 Image size of job updated: 1366008
	1334  -  MemoryUsage of job (MB)
	1366008  -  ResidentSetSize of job (KB)
...
006 (13689502.000.000) 03/10 16:31:36 Image size of job updated: 1405836
	1373  -  MemoryUsage of job (MB)
	1405836  -  ResidentSetSize of job (KB)
...
006 (13689502.000.000) 03/10 16:36:37 Image size of job updated: 1441868
	1409  -  MemoryUsage of job (MB)
	1441868  -  ResidentSetSize of job (KB)
...
006 (13689502.000.000) 03/10 16:41:38 Image size of job updated: 1476472
	1442  -  MemoryUsage of job (MB)
	1476472  -  ResidentSetSize of job (KB)
...
006 (13689502.000.000) 03/10 16:46:38 Image size of job updated: 1509664
	1475  -  MemoryUsage of job (MB)
	1509664  -  ResidentSetSize of job (KB)
...
006 (13689502.000.000) 03/10 16:51:39 Image size of job updated: 1543044
	1507  -  MemoryUsage of job (MB)
	1543044  -  ResidentSetSize of job (KB)
...
006 (13689502.000.000) 03/10 16:56:40 Image size of job updated: 1575696
	1539  -  MemoryUsage of job (MB)
	1575696  -  ResidentSetSize of job (KB)
...
006 (13689502.000.000) 03/10 17:01:40 Image size of job updated: 1609648
	1572  -  MemoryUsage of job (MB)
	1609648  -  ResidentSetSize of job (KB)
...
006 (13689502.000.000) 03/10 17:06:41 Image size of job updated: 1642564
	1605  -  MemoryUsage of job (MB)
	1642564  -  ResidentSetSize of job (KB)
...
006 (13689502.000.000) 03/10 17:11:42 Image size of job updated: 1763452
	1723  -  MemoryUsage of job (MB)
	1763452  -  ResidentSetSize of job (KB)
...
006 (13689502.000.000) 03/10 17:12:08 Image size of job updated: 1763452
	1723  -  MemoryUsage of job (MB)
	1763708  -  ResidentSetSize of job (KB)
...
040 (13689502.000.000) 03/10 17:12:08 Started transferring output files
...
040 (13689502.000.000) 03/10 17:12:08 Finished transferring output files
...
005 (13689502.000.000) 03/10 17:12:08 Job terminated.
	(1) Normal termination (return value 0)
		Usr 0 00:33:33, Sys 0 00:00:42  -  Run Remote Usage
		Usr 0 00:00:00, Sys 0 00:00:00  -  Run Local Usage
		Usr 0 00:33:33, Sys 0 00:00:42  -  Total Remote Usage
		Usr 0 00:00:00, Sys 0 00:00:00  -  Total Local Usage
	5563  -  Run Bytes Sent By Job
	11046  -  Run Bytes Received By Job
	5563  -  Total Bytes Sent By Job
	11046  -  Total Bytes Received By Job
	Partitionable Resources :     Usage  Request Allocated 
	   Cpus                 :      0.02        1         1 
	   Disk (KB)            : 176342          12      3843 
	   GPUs                 :                            0 
	   Memory (MB)          :   1723        3000      3000 

	Job terminated of its own accord at 2025-03-10T16:12:08Z with exit-code 0.
...
