000 (13689488.000.000) 03/10 15:58:54 Job submitted from host: <137.138.120.116:9618?addrs=137.138.120.116-9618+[2001-1458-d00-16--17b]-9618&alias=bigbird12.cern.ch&noUDP&sock=schedd_5055_e355>
...
040 (13689488.000.000) 03/10 16:01:19 Started transferring input files
	Transferring to host: <188.185.211.161:9618?addrs=188.185.211.161-9618+[2001-1458-303-17--100-1d]-9618&alias=b9p24p8130.cern.ch&noUDP&sock=slot1_31_2676756_80aa_34405>
...
040 (13689488.000.000) 03/10 16:01:19 Finished transferring input files
...
001 (13689488.000.000) 03/10 16:01:20 Job executing on host: <188.185.211.161:9618?addrs=188.185.211.161-9618+[2001-1458-303-17--100-1d]-9618&alias=b9p24p8130.cern.ch&noUDP&sock=startd_2676081_8ebf>
	SlotName: slot1_31@b9p24p8130.cern.ch
	CondorScratchDir = "/pool/condor/dir_1481470"
	Cpus = 1
	Disk = 3730
	GPUs = 0
	Memory = 3000
...
006 (13689488.000.000) 03/10 16:01:29 Image size of job updated: 602220
	589  -  MemoryUsage of job (MB)
	602220  -  ResidentSetSize of job (KB)
...
006 (13689488.000.000) 03/10 16:06:30 Image size of job updated: 1845716
	1803  -  MemoryUsage of job (MB)
	1845716  -  ResidentSetSize of job (KB)
...
006 (13689488.000.000) 03/10 16:11:31 Image size of job updated: 1905236
	1861  -  MemoryUsage of job (MB)
	1905236  -  ResidentSetSize of job (KB)
...
006 (13689488.000.000) 03/10 16:16:31 Image size of job updated: 1964532
	1919  -  MemoryUsage of job (MB)
	1964532  -  ResidentSetSize of job (KB)
...
006 (13689488.000.000) 03/10 16:21:31 Image size of job updated: 2009484
	1963  -  MemoryUsage of job (MB)
	2009484  -  ResidentSetSize of job (KB)
...
006 (13689488.000.000) 03/10 16:26:32 Image size of job updated: 2048560
	2001  -  MemoryUsage of job (MB)
	2048560  -  ResidentSetSize of job (KB)
...
006 (13689488.000.000) 03/10 16:31:32 Image size of job updated: 2095540
	2047  -  MemoryUsage of job (MB)
	2095540  -  ResidentSetSize of job (KB)
...
006 (13689488.000.000) 03/10 16:36:32 Image size of job updated: 2140628
	2091  -  MemoryUsage of job (MB)
	2140628  -  ResidentSetSize of job (KB)
...
006 (13689488.000.000) 03/10 16:41:34 Image size of job updated: 2175556
	2125  -  MemoryUsage of job (MB)
	2175556  -  ResidentSetSize of job (KB)
...
006 (13689488.000.000) 03/10 16:46:34 Image size of job updated: 2219268
	2168  -  MemoryUsage of job (MB)
	2219268  -  ResidentSetSize of job (KB)
...
006 (13689488.000.000) 03/10 16:51:34 Image size of job updated: 2257248
	2205  -  MemoryUsage of job (MB)
	2257248  -  ResidentSetSize of job (KB)
...
006 (13689488.000.000) 03/10 16:56:35 Image size of job updated: 2289052
	2236  -  MemoryUsage of job (MB)
	2289052  -  ResidentSetSize of job (KB)
...
006 (13689488.000.000) 03/10 17:01:36 Image size of job updated: 2318436
	2265  -  MemoryUsage of job (MB)
	2318436  -  ResidentSetSize of job (KB)
...
040 (13689488.000.000) 03/10 17:05:42 Started transferring output files
...
040 (13689488.000.000) 03/10 17:05:42 Finished transferring output files
...
005 (13689488.000.000) 03/10 17:05:42 Job terminated.
	(1) Normal termination (return value 0)
		Usr 0 00:29:41, Sys 0 00:00:40  -  Run Remote Usage
		Usr 0 00:00:00, Sys 0 00:00:00  -  Run Local Usage
		Usr 0 00:29:41, Sys 0 00:00:40  -  Total Remote Usage
		Usr 0 00:00:00, Sys 0 00:00:00  -  Total Local Usage
	5565  -  Run Bytes Sent By Job
	11046  -  Run Bytes Received By Job
	5565  -  Total Bytes Sent By Job
	11046  -  Total Bytes Received By Job
	Partitionable Resources :     Usage  Request Allocated 
	   Cpus                 :      0.85        1         1 
	   Disk (KB)            : 171014          12      3730 
	   GPUs                 :                            0 
	   Memory (MB)          :   2265        3000      3000 

	Job terminated of its own accord at 2025-03-10T16:05:42Z with exit-code 0.
...
