000 (13689635.000.000) 03/10 16:01:03 Job submitted from host: <137.138.120.116:9618?addrs=137.138.120.116-9618+[2001-1458-d00-16--17b]-9618&alias=bigbird12.cern.ch&noUDP&sock=schedd_5055_e355>
...
040 (13689635.000.000) 03/10 16:04:41 Started transferring input files
	Transferring to host: <188.185.192.157:9618?addrs=188.185.192.157-9618+[2001-1458-303-1f--100-99]-9618&alias=b9p13p4549.cern.ch&noUDP&sock=slot1_22_6556_0b84_20114>
...
040 (13689635.000.000) 03/10 16:04:41 Finished transferring input files
...
001 (13689635.000.000) 03/10 16:04:42 Job executing on host: <188.185.192.157:9618?addrs=188.185.192.157-9618+[2001-1458-303-1f--100-99]-9618&alias=b9p13p4549.cern.ch&noUDP&sock=startd_4965_27cf>
	SlotName: slot1_22@b9p13p4549.cern.ch
	CondorScratchDir = "/pool/condor/dir_3773550"
	Cpus = 1
	Disk = 3803
	GPUs = 0
	Memory = 3000
...
006 (13689635.000.000) 03/10 16:04:56 Image size of job updated: 10204
	1  -  MemoryUsage of job (MB)
	776  -  ResidentSetSize of job (KB)
...
006 (13689635.000.000) 03/10 16:09:57 Image size of job updated: 716704
	700  -  MemoryUsage of job (MB)
	716704  -  ResidentSetSize of job (KB)
...
006 (13689635.000.000) 03/10 16:14:58 Image size of job updated: 760756
	743  -  MemoryUsage of job (MB)
	760756  -  ResidentSetSize of job (KB)
...
006 (13689635.000.000) 03/10 16:19:58 Image size of job updated: 804852
	786  -  MemoryUsage of job (MB)
	804852  -  ResidentSetSize of job (KB)
...
006 (13689635.000.000) 03/10 16:24:59 Image size of job updated: 863732
	844  -  MemoryUsage of job (MB)
	863732  -  ResidentSetSize of job (KB)
...
006 (13689635.000.000) 03/10 16:30:00 Image size of job updated: 893224
	873  -  MemoryUsage of job (MB)
	893224  -  ResidentSetSize of job (KB)
...
006 (13689635.000.000) 03/10 16:35:00 Image size of job updated: 925692
	904  -  MemoryUsage of job (MB)
	925692  -  ResidentSetSize of job (KB)
...
006 (13689635.000.000) 03/10 16:40:01 Image size of job updated: 958048
	936  -  MemoryUsage of job (MB)
	958048  -  ResidentSetSize of job (KB)
...
006 (13689635.000.000) 03/10 16:45:01 Image size of job updated: 991240
	969  -  MemoryUsage of job (MB)
	991240  -  ResidentSetSize of job (KB)
...
006 (13689635.000.000) 03/10 16:50:01 Image size of job updated: 1015796
	992  -  MemoryUsage of job (MB)
	1015796  -  ResidentSetSize of job (KB)
...
006 (13689635.000.000) 03/10 16:55:02 Image size of job updated: 1043772
	1020  -  MemoryUsage of job (MB)
	1043772  -  ResidentSetSize of job (KB)
...
006 (13689635.000.000) 03/10 17:00:02 Image size of job updated: 1065540
	1041  -  MemoryUsage of job (MB)
	1065540  -  ResidentSetSize of job (KB)
...
006 (13689635.000.000) 03/10 17:05:02 Image size of job updated: 1096424
	1071  -  MemoryUsage of job (MB)
	1096424  -  ResidentSetSize of job (KB)
...
006 (13689635.000.000) 03/10 17:10:03 Image size of job updated: 1118644
	1093  -  MemoryUsage of job (MB)
	1118644  -  ResidentSetSize of job (KB)
...
006 (13689635.000.000) 03/10 17:15:03 Image size of job updated: 1147956
	1122  -  MemoryUsage of job (MB)
	1147956  -  ResidentSetSize of job (KB)
...
006 (13689635.000.000) 03/10 17:20:04 Image size of job updated: 1172848
	1146  -  MemoryUsage of job (MB)
	1172848  -  ResidentSetSize of job (KB)
...
006 (13689635.000.000) 03/10 17:25:05 Image size of job updated: 1201384
	1174  -  MemoryUsage of job (MB)
	1201384  -  ResidentSetSize of job (KB)
...
006 (13689635.000.000) 03/10 17:30:05 Image size of job updated: 1231124
	1203  -  MemoryUsage of job (MB)
	1231124  -  ResidentSetSize of job (KB)
...
006 (13689635.000.000) 03/10 17:35:01 Image size of job updated: 1585928
	1203  -  MemoryUsage of job (MB)
	1231124  -  ResidentSetSize of job (KB)
...
040 (13689635.000.000) 03/10 17:35:01 Started transferring output files
...
040 (13689635.000.000) 03/10 17:35:01 Finished transferring output files
...
005 (13689635.000.000) 03/10 17:35:01 Job terminated.
	(1) Normal termination (return value 0)
		Usr 0 00:51:15, Sys 0 00:00:43  -  Run Remote Usage
		Usr 0 00:00:00, Sys 0 00:00:00  -  Run Local Usage
		Usr 0 00:51:15, Sys 0 00:00:43  -  Total Remote Usage
		Usr 0 00:00:00, Sys 0 00:00:00  -  Total Local Usage
	5883  -  Run Bytes Sent By Job
	11052  -  Run Bytes Received By Job
	5883  -  Total Bytes Sent By Job
	11052  -  Total Bytes Received By Job
	Partitionable Resources :     Usage  Request Allocated 
	   Cpus                 :      0.05        1         1 
	   Disk (KB)            : 172882          12      3803 
	   GPUs                 :                            0 
	   Memory (MB)          :   1203        3000      3000 

	Job terminated of its own accord at 2025-03-10T16:35:01Z with exit-code 0.
...
