000 (13689479.000.000) 03/10 15:58:49 Job submitted from host: <137.138.120.116:9618?addrs=137.138.120.116-9618+[2001-1458-d00-16--17b]-9618&alias=bigbird12.cern.ch&noUDP&sock=schedd_5055_e355>
...
040 (13689479.000.000) 03/10 16:01:17 Started transferring input files
	Transferring to host: <188.185.206.75:9618?addrs=188.185.206.75-9618+[2001-1458-303-b--100-48]-9618&alias=b9p05p8732.cern.ch&noUDP&sock=slot1_21_3816_7794_11479>
...
040 (13689479.000.000) 03/10 16:01:17 Finished transferring input files
...
001 (13689479.000.000) 03/10 16:01:18 Job executing on host: <188.185.206.75:9618?addrs=188.185.206.75-9618+[2001-1458-303-b--100-48]-9618&alias=b9p05p8732.cern.ch&noUDP&sock=startd_3458_7a96>
	SlotName: slot1_21@b9p05p8732.cern.ch
	CondorScratchDir = "/pool/condor/dir_951469"
	Cpus = 1
	Disk = 3588
	GPUs = 0
	Memory = 3000
...
006 (13689479.000.000) 03/10 16:01:32 Image size of job updated: 152460
	149  -  MemoryUsage of job (MB)
	152460  -  ResidentSetSize of job (KB)
...
006 (13689479.000.000) 03/10 16:06:33 Image size of job updated: 773568
	756  -  MemoryUsage of job (MB)
	773568  -  ResidentSetSize of job (KB)
...
006 (13689479.000.000) 03/10 16:11:33 Image size of job updated: 848188
	829  -  MemoryUsage of job (MB)
	848188  -  ResidentSetSize of job (KB)
...
006 (13689479.000.000) 03/10 16:16:34 Image size of job updated: 911988
	891  -  MemoryUsage of job (MB)
	911988  -  ResidentSetSize of job (KB)
...
006 (13689479.000.000) 03/10 16:21:35 Image size of job updated: 975408
	953  -  MemoryUsage of job (MB)
	975408  -  ResidentSetSize of job (KB)
...
006 (13689479.000.000) 03/10 16:26:35 Image size of job updated: 1025472
	1002  -  MemoryUsage of job (MB)
	1025472  -  ResidentSetSize of job (KB)
...
006 (13689479.000.000) 03/10 16:31:36 Image size of job updated: 1079000
	1054  -  MemoryUsage of job (MB)
	1079000  -  ResidentSetSize of job (KB)
...
006 (13689479.000.000) 03/10 16:36:36 Image size of job updated: 1130692
	1105  -  MemoryUsage of job (MB)
	1130692  -  ResidentSetSize of job (KB)
...
006 (13689479.000.000) 03/10 16:41:37 Image size of job updated: 1183276
	1156  -  MemoryUsage of job (MB)
	1183276  -  ResidentSetSize of job (KB)
...
006 (13689479.000.000) 03/10 16:46:38 Image size of job updated: 1236136
	1208  -  MemoryUsage of job (MB)
	1236136  -  ResidentSetSize of job (KB)
...
006 (13689479.000.000) 03/10 16:48:30 Image size of job updated: 1594748
	1208  -  MemoryUsage of job (MB)
	1236136  -  ResidentSetSize of job (KB)
...
040 (13689479.000.000) 03/10 16:48:30 Started transferring output files
...
040 (13689479.000.000) 03/10 16:48:30 Finished transferring output files
...
005 (13689479.000.000) 03/10 16:48:30 Job terminated.
	(1) Normal termination (return value 0)
		Usr 0 00:22:44, Sys 0 00:00:24  -  Run Remote Usage
		Usr 0 00:00:00, Sys 0 00:00:00  -  Run Local Usage
		Usr 0 00:22:44, Sys 0 00:00:24  -  Total Remote Usage
		Usr 0 00:00:00, Sys 0 00:00:00  -  Total Local Usage
	5398  -  Run Bytes Sent By Job
	11040  -  Run Bytes Received By Job
	5398  -  Total Bytes Sent By Job
	11040  -  Total Bytes Received By Job
	Partitionable Resources :     Usage  Request Allocated 
	   Cpus                 :      0.01        1         1 
	   Disk (KB)            : 169416          12      3588 
	   GPUs                 :                            0 
	   Memory (MB)          :   1208        3000      3000 

	Job terminated of its own accord at 2025-03-10T15:48:30Z with exit-code 0.
...
