000 (13689623.000.000) 03/10 16:00:57 Job submitted from host: <137.138.120.116:9618?addrs=137.138.120.116-9618+[2001-1458-d00-16--17b]-9618&alias=bigbird12.cern.ch&noUDP&sock=schedd_5055_e355>
...
022 (13689623.000.000) 03/10 16:04:51 Job disconnected, attempting to reconnect
    Socket between submit and execute hosts closed unexpectedly
    Trying to reconnect to slot1_46@b9p21p3932.cern.ch <188.185.210.85:9618?addrs=188.185.210.85-9618+[2001-1458-303-1--100-51]-9618&alias=b9p21p3932.cern.ch&noUDP&sock=startd_10081_4e54>
...
024 (13689623.000.000) 03/10 16:04:59 Job reconnection failed
    Job not found at execution machine
    Can not reconnect to slot1_46@b9p21p3932.cern.ch, rescheduling job
...
040 (13689623.000.000) 03/10 16:07:27 Started transferring input files
	Transferring to host: <188.185.213.227:9618?addrs=188.185.213.227-9618+[2001-1458-303-1b--100-5f]-9618&alias=b9p28p0516.cern.ch&noUDP&sock=slot1_30_807836_4acb_10527>
...
040 (13689623.000.000) 03/10 16:07:27 Finished transferring input files
...
001 (13689623.000.000) 03/10 16:07:28 Job executing on host: <188.185.213.227:9618?addrs=188.185.213.227-9618+[2001-1458-303-1b--100-5f]-9618&alias=b9p28p0516.cern.ch&noUDP&sock=startd_807571_1d15>
	SlotName: slot1_30@b9p28p0516.cern.ch
	CondorScratchDir = "/pool/condor/dir_1682385"
	Cpus = 1
	Disk = 3705
	GPUs = 0
	Memory = 3000
...
006 (13689623.000.000) 03/10 16:07:37 Image size of job updated: 162264
	159  -  MemoryUsage of job (MB)
	162264  -  ResidentSetSize of job (KB)
...
006 (13689623.000.000) 03/10 16:12:38 Image size of job updated: 775364
	758  -  MemoryUsage of job (MB)
	775364  -  ResidentSetSize of job (KB)
...
006 (13689623.000.000) 03/10 16:17:38 Image size of job updated: 854616
	835  -  MemoryUsage of job (MB)
	854616  -  ResidentSetSize of job (KB)
...
006 (13689623.000.000) 03/10 16:22:38 Image size of job updated: 913360
	892  -  MemoryUsage of job (MB)
	913360  -  ResidentSetSize of job (KB)
...
006 (13689623.000.000) 03/10 16:27:39 Image size of job updated: 966824
	945  -  MemoryUsage of job (MB)
	966824  -  ResidentSetSize of job (KB)
...
006 (13689623.000.000) 03/10 16:32:39 Image size of job updated: 1020644
	997  -  MemoryUsage of job (MB)
	1020644  -  ResidentSetSize of job (KB)
...
006 (13689623.000.000) 03/10 16:37:39 Image size of job updated: 1066180
	1042  -  MemoryUsage of job (MB)
	1066180  -  ResidentSetSize of job (KB)
...
006 (13689623.000.000) 03/10 16:42:40 Image size of job updated: 1117776
	1092  -  MemoryUsage of job (MB)
	1117776  -  ResidentSetSize of job (KB)
...
006 (13689623.000.000) 03/10 16:47:41 Image size of job updated: 1167008
	1140  -  MemoryUsage of job (MB)
	1167008  -  ResidentSetSize of job (KB)
...
006 (13689623.000.000) 03/10 16:52:41 Image size of job updated: 1209260
	1181  -  MemoryUsage of job (MB)
	1209260  -  ResidentSetSize of job (KB)
...
006 (13689623.000.000) 03/10 16:57:42 Image size of job updated: 1255392
	1226  -  MemoryUsage of job (MB)
	1255392  -  ResidentSetSize of job (KB)
...
006 (13689623.000.000) 03/10 17:02:43 Image size of job updated: 1302024
	1272  -  MemoryUsage of job (MB)
	1302024  -  ResidentSetSize of job (KB)
...
006 (13689623.000.000) 03/10 17:07:43 Image size of job updated: 1341616
	1311  -  MemoryUsage of job (MB)
	1341616  -  ResidentSetSize of job (KB)
...
040 (13689623.000.000) 03/10 17:12:25 Started transferring output files
...
040 (13689623.000.000) 03/10 17:12:25 Finished transferring output files
...
005 (13689623.000.000) 03/10 17:12:25 Job terminated.
	(1) Normal termination (return value 0)
		Usr 0 00:29:52, Sys 0 00:00:34  -  Run Remote Usage
		Usr 0 00:00:00, Sys 0 00:00:00  -  Run Local Usage
		Usr 0 00:29:52, Sys 0 00:00:34  -  Total Remote Usage
		Usr 0 00:00:00, Sys 0 00:00:00  -  Total Local Usage
	6106  -  Run Bytes Sent By Job
	11052  -  Run Bytes Received By Job
	6106  -  Total Bytes Sent By Job
	11052  -  Total Bytes Received By Job
	Partitionable Resources :     Usage  Request Allocated 
	   Cpus                 :      0.55        1         1 
	   Disk (KB)            : 206345          12      3705 
	   GPUs                 :                            0 
	   Memory (MB)          :   1311        3000      3000 

	Job terminated of its own accord at 2025-03-10T16:12:25Z with exit-code 0.
...
