000 (13689586.000.000) 03/10 16:00:38 Job submitted from host: <137.138.120.116:9618?addrs=137.138.120.116-9618+[2001-1458-d00-16--17b]-9618&alias=bigbird12.cern.ch&noUDP&sock=schedd_5055_e355>
...
040 (13689586.000.000) 03/10 16:04:19 Started transferring input files
	Transferring to host: <188.185.213.222:9618?addrs=188.185.213.222-9618+[2001-1458-303-1b--100-5a]-9618&alias=b9p28p3831.cern.ch&noUDP&sock=slot1_29_260251_1f70_34260>
...
040 (13689586.000.000) 03/10 16:04:19 Finished transferring input files
...
001 (13689586.000.000) 03/10 16:04:20 Job executing on host: <188.185.213.222:9618?addrs=188.185.213.222-9618+[2001-1458-303-1b--100-5a]-9618&alias=b9p28p3831.cern.ch&noUDP&sock=startd_5136_7281>
	SlotName: slot1_29@b9p28p3831.cern.ch
	CondorScratchDir = "/pool/condor/dir_2206379"
	Cpus = 1
	Disk = 3828
	GPUs = 0
	Memory = 3000
...
006 (13689586.000.000) 03/10 16:04:34 Image size of job updated: 132068
	129  -  MemoryUsage of job (MB)
	132068  -  ResidentSetSize of job (KB)
...
006 (13689586.000.000) 03/10 16:09:34 Image size of job updated: 755180
	738  -  MemoryUsage of job (MB)
	755180  -  ResidentSetSize of job (KB)
...
006 (13689586.000.000) 03/10 16:14:34 Image size of job updated: 827124
	808  -  MemoryUsage of job (MB)
	827124  -  ResidentSetSize of job (KB)
...
006 (13689586.000.000) 03/10 16:19:35 Image size of job updated: 887580
	867  -  MemoryUsage of job (MB)
	887580  -  ResidentSetSize of job (KB)
...
006 (13689586.000.000) 03/10 16:21:10 Image size of job updated: 1180604
	867  -  MemoryUsage of job (MB)
	887580  -  ResidentSetSize of job (KB)
...
040 (13689586.000.000) 03/10 16:21:10 Started transferring output files
...
040 (13689586.000.000) 03/10 16:21:11 Finished transferring output files
...
005 (13689586.000.000) 03/10 16:21:11 Job terminated.
	(1) Normal termination (return value 0)
		Usr 0 00:07:43, Sys 0 00:00:14  -  Run Remote Usage
		Usr 0 00:00:00, Sys 0 00:00:00  -  Run Local Usage
		Usr 0 00:07:43, Sys 0 00:00:14  -  Total Remote Usage
		Usr 0 00:00:00, Sys 0 00:00:00  -  Total Local Usage
	3630  -  Run Bytes Sent By Job
	11052  -  Run Bytes Received By Job
	3630  -  Total Bytes Sent By Job
	11052  -  Total Bytes Received By Job
	Partitionable Resources :    Usage  Request Allocated 
	   Cpus                 :     0.57        1         1 
	   Disk (KB)            : 55691          12      3828 
	   GPUs                 :                           0 
	   Memory (MB)          :   867        3000      3000 

	Job terminated of its own accord at 2025-03-10T15:21:10Z with exit-code 0.
...
