000 (13689639.000.000) 03/10 16:01:05 Job submitted from host: <137.138.120.116:9618?addrs=137.138.120.116-9618+[2001-1458-d00-16--17b]-9618&alias=bigbird12.cern.ch&noUDP&sock=schedd_5055_e355>
...
040 (13689639.000.000) 03/10 16:04:34 Started transferring input files
	Transferring to host: <188.185.210.47:9618?addrs=188.185.210.47-9618+[2001-1458-303-1--100-2b]-9618&alias=b9p21p1789.cern.ch&noUDP&sock=slot1_13_145884_39a5_32362>
...
040 (13689639.000.000) 03/10 16:04:34 Finished transferring input files
...
001 (13689639.000.000) 03/10 16:04:35 Job executing on host: <188.185.210.47:9618?addrs=188.185.210.47-9618+[2001-1458-303-1--100-2b]-9618&alias=b9p21p1789.cern.ch&noUDP&sock=startd_8865_3b2a>
	SlotName: slot1_13@b9p21p1789.cern.ch
	CondorScratchDir = "/pool/condor/dir_236245"
	Cpus = 1
	Disk = 3780
	GPUs = 0
	Memory = 3000
...
006 (13689639.000.000) 03/10 16:04:49 Image size of job updated: 168356
	165  -  MemoryUsage of job (MB)
	168356  -  ResidentSetSize of job (KB)
...
006 (13689639.000.000) 03/10 16:09:50 Image size of job updated: 774420
	757  -  MemoryUsage of job (MB)
	774420  -  ResidentSetSize of job (KB)
...
006 (13689639.000.000) 03/10 16:14:51 Image size of job updated: 841748
	823  -  MemoryUsage of job (MB)
	841748  -  ResidentSetSize of job (KB)
...
006 (13689639.000.000) 03/10 16:19:51 Image size of job updated: 905876
	885  -  MemoryUsage of job (MB)
	905876  -  ResidentSetSize of job (KB)
...
006 (13689639.000.000) 03/10 16:24:52 Image size of job updated: 964624
	943  -  MemoryUsage of job (MB)
	964624  -  ResidentSetSize of job (KB)
...
006 (13689639.000.000) 03/10 16:29:52 Image size of job updated: 1011228
	988  -  MemoryUsage of job (MB)
	1011228  -  ResidentSetSize of job (KB)
...
006 (13689639.000.000) 03/10 16:34:52 Image size of job updated: 1052552
	1028  -  MemoryUsage of job (MB)
	1052552  -  ResidentSetSize of job (KB)
...
006 (13689639.000.000) 03/10 16:39:53 Image size of job updated: 1103104
	1078  -  MemoryUsage of job (MB)
	1103104  -  ResidentSetSize of job (KB)
...
006 (13689639.000.000) 03/10 16:44:53 Image size of job updated: 1137616
	1111  -  MemoryUsage of job (MB)
	1137616  -  ResidentSetSize of job (KB)
...
006 (13689639.000.000) 03/10 16:49:53 Image size of job updated: 1186240
	1159  -  MemoryUsage of job (MB)
	1186240  -  ResidentSetSize of job (KB)
...
006 (13689639.000.000) 03/10 16:54:55 Image size of job updated: 1225340
	1197  -  MemoryUsage of job (MB)
	1225340  -  ResidentSetSize of job (KB)
...
006 (13689639.000.000) 03/10 16:59:55 Image size of job updated: 1261788
	1233  -  MemoryUsage of job (MB)
	1261788  -  ResidentSetSize of job (KB)
...
006 (13689639.000.000) 03/10 17:02:24 Image size of job updated: 1632396
	1233  -  MemoryUsage of job (MB)
	1261788  -  ResidentSetSize of job (KB)
...
040 (13689639.000.000) 03/10 17:02:24 Started transferring output files
...
040 (13689639.000.000) 03/10 17:02:24 Finished transferring output files
...
005 (13689639.000.000) 03/10 17:02:24 Job terminated.
	(1) Normal termination (return value 0)
		Usr 0 00:26:27, Sys 0 00:00:30  -  Run Remote Usage
		Usr 0 00:00:00, Sys 0 00:00:00  -  Run Local Usage
		Usr 0 00:26:27, Sys 0 00:00:30  -  Total Remote Usage
		Usr 0 00:00:00, Sys 0 00:00:00  -  Total Local Usage
	5730  -  Run Bytes Sent By Job
	11052  -  Run Bytes Received By Job
	5730  -  Total Bytes Sent By Job
	11052  -  Total Bytes Received By Job
	Partitionable Resources :     Usage  Request Allocated 
	   Cpus                 :      0.30        1         1 
	   Disk (KB)            : 180322          12      3780 
	   GPUs                 :                            0 
	   Memory (MB)          :   1233        3000      3000 

	Job terminated of its own accord at 2025-03-10T16:02:24Z with exit-code 0.
...
