000 (13689713.000.000) 03/10 16:01:58 Job submitted from host: <137.138.120.116:9618?addrs=137.138.120.116-9618+[2001-1458-d00-16--17b]-9618&alias=bigbird12.cern.ch&noUDP&sock=schedd_5055_e355>
...
040 (13689713.000.000) 03/10 16:43:37 Started transferring input files
	Transferring to host: <188.185.198.103:9618?addrs=188.185.198.103-9618+[2001-1458-303-25--100-63]-9618&alias=b9p15p0233.cern.ch&noUDP&sock=slot1_8_3827902_ff45_55474>
...
040 (13689713.000.000) 03/10 16:43:37 Finished transferring input files
...
001 (13689713.000.000) 03/10 16:43:38 Job executing on host: <188.185.198.103:9618?addrs=188.185.198.103-9618+[2001-1458-303-25--100-63]-9618&alias=b9p15p0233.cern.ch&noUDP&sock=startd_8887_523f>
	SlotName: slot1_8@b9p15p0233.cern.ch
	CondorScratchDir = "/pool/condor/dir_17263"
	Cpus = 1
	Disk = 3928
	GPUs = 0
	Memory = 3000
...
006 (13689713.000.000) 03/10 16:43:46 Image size of job updated: 623772
	610  -  MemoryUsage of job (MB)
	623772  -  ResidentSetSize of job (KB)
...
006 (13689713.000.000) 03/10 16:48:46 Image size of job updated: 1900176
	1856  -  MemoryUsage of job (MB)
	1900176  -  ResidentSetSize of job (KB)
...
006 (13689713.000.000) 03/10 16:53:47 Image size of job updated: 1956920
	1912  -  MemoryUsage of job (MB)
	1956920  -  ResidentSetSize of job (KB)
...
006 (13689713.000.000) 03/10 16:58:48 Image size of job updated: 2019248
	1972  -  MemoryUsage of job (MB)
	2019248  -  ResidentSetSize of job (KB)
...
006 (13689713.000.000) 03/10 17:03:48 Image size of job updated: 2058460
	2011  -  MemoryUsage of job (MB)
	2058460  -  ResidentSetSize of job (KB)
...
006 (13689713.000.000) 03/10 17:08:49 Image size of job updated: 2110924
	2062  -  MemoryUsage of job (MB)
	2110924  -  ResidentSetSize of job (KB)
...
006 (13689713.000.000) 03/10 17:13:50 Image size of job updated: 2130456
	2081  -  MemoryUsage of job (MB)
	2130456  -  ResidentSetSize of job (KB)
...
006 (13689713.000.000) 03/10 17:18:50 Image size of job updated: 2140124
	2090  -  MemoryUsage of job (MB)
	2140124  -  ResidentSetSize of job (KB)
...
040 (13689713.000.000) 03/10 17:20:27 Started transferring output files
...
040 (13689713.000.000) 03/10 17:20:27 Finished transferring output files
...
005 (13689713.000.000) 03/10 17:20:27 Job terminated.
	(1) Normal termination (return value 0)
		Usr 0 00:16:12, Sys 0 00:00:14  -  Run Remote Usage
		Usr 0 00:00:00, Sys 0 00:00:00  -  Run Local Usage
		Usr 0 00:16:12, Sys 0 00:00:14  -  Total Remote Usage
		Usr 0 00:00:00, Sys 0 00:00:00  -  Total Local Usage
	4270  -  Run Bytes Sent By Job
	11052  -  Run Bytes Received By Job
	4270  -  Total Bytes Sent By Job
	11052  -  Total Bytes Received By Job
	Partitionable Resources :    Usage  Request Allocated 
	   Cpus                 :     0.12        1         1 
	   Disk (KB)            : 84561          12      3928 
	   GPUs                 :                           0 
	   Memory (MB)          :  2090        3000      3000 

	Job terminated of its own accord at 2025-03-10T16:20:27Z with exit-code 0.
...
