000 (13689573.000.000) 03/10 16:00:31 Job submitted from host: <137.138.120.116:9618?addrs=137.138.120.116-9618+[2001-1458-d00-16--17b]-9618&alias=bigbird12.cern.ch&noUDP&sock=schedd_5055_e355>
...
022 (13689573.000.000) 03/10 16:04:34 Job disconnected, attempting to reconnect
    Socket between submit and execute hosts closed unexpectedly
    Trying to reconnect to slot1_47@b9p24p5123.cern.ch <188.185.211.225:9618?addrs=188.185.211.225-9618+[2001-1458-303-17--100-5d]-9618&alias=b9p24p5123.cern.ch&noUDP&sock=startd_3000_5435>
...
024 (13689573.000.000) 03/10 16:04:42 Job reconnection failed
    Job not found at execution machine
    Can not reconnect to slot1_47@b9p24p5123.cern.ch, rescheduling job
...
040 (13689573.000.000) 03/10 16:06:51 Started transferring input files
	Transferring to host: <188.185.210.47:9618?addrs=188.185.210.47-9618+[2001-1458-303-1--100-2b]-9618&alias=b9p21p1789.cern.ch&noUDP&sock=slot1_10_145884_39a5_32367>
...
040 (13689573.000.000) 03/10 16:06:51 Finished transferring input files
...
001 (13689573.000.000) 03/10 16:06:52 Job executing on host: <188.185.210.47:9618?addrs=188.185.210.47-9618+[2001-1458-303-1--100-2b]-9618&alias=b9p21p1789.cern.ch&noUDP&sock=startd_8865_3b2a>
	SlotName: slot1_10@b9p21p1789.cern.ch
	CondorScratchDir = "/pool/condor/dir_239158"
	Cpus = 1
	Disk = 3793
	GPUs = 0
	Memory = 3000
...
006 (13689573.000.000) 03/10 16:07:06 Image size of job updated: 163844
	161  -  MemoryUsage of job (MB)
	163844  -  ResidentSetSize of job (KB)
...
006 (13689573.000.000) 03/10 16:12:07 Image size of job updated: 762104
	745  -  MemoryUsage of job (MB)
	762104  -  ResidentSetSize of job (KB)
...
006 (13689573.000.000) 03/10 16:17:07 Image size of job updated: 833028
	814  -  MemoryUsage of job (MB)
	833028  -  ResidentSetSize of job (KB)
...
006 (13689573.000.000) 03/10 16:22:08 Image size of job updated: 898088
	878  -  MemoryUsage of job (MB)
	898088  -  ResidentSetSize of job (KB)
...
006 (13689573.000.000) 03/10 16:27:08 Image size of job updated: 955492
	934  -  MemoryUsage of job (MB)
	955492  -  ResidentSetSize of job (KB)
...
006 (13689573.000.000) 03/10 16:32:08 Image size of job updated: 1292792
	1263  -  MemoryUsage of job (MB)
	1292792  -  ResidentSetSize of job (KB)
...
006 (13689573.000.000) 03/10 16:32:17 Image size of job updated: 1309600
	1263  -  MemoryUsage of job (MB)
	1292792  -  ResidentSetSize of job (KB)
...
040 (13689573.000.000) 03/10 16:32:17 Started transferring output files
...
040 (13689573.000.000) 03/10 16:32:17 Finished transferring output files
...
005 (13689573.000.000) 03/10 16:32:17 Job terminated.
	(1) Normal termination (return value 0)
		Usr 0 00:12:00, Sys 0 00:00:20  -  Run Remote Usage
		Usr 0 00:00:00, Sys 0 00:00:00  -  Run Local Usage
		Usr 0 00:12:00, Sys 0 00:00:20  -  Total Remote Usage
		Usr 0 00:00:00, Sys 0 00:00:00  -  Total Local Usage
	4111  -  Run Bytes Sent By Job
	11046  -  Run Bytes Received By Job
	4111  -  Total Bytes Sent By Job
	11046  -  Total Bytes Received By Job
	Partitionable Resources :    Usage  Request Allocated 
	   Cpus                 :     0.03        1         1 
	   Disk (KB)            : 88445          12      3793 
	   GPUs                 :                           0 
	   Memory (MB)          :  1263        3000      3000 

	Job terminated of its own accord at 2025-03-10T15:32:17Z with exit-code 0.
...
