000 (13689574.000.000) 03/10 16:00:31 Job submitted from host: <137.138.120.116:9618?addrs=137.138.120.116-9618+[2001-1458-d00-16--17b]-9618&alias=bigbird12.cern.ch&noUDP&sock=schedd_5055_e355>
...
040 (13689574.000.000) 03/10 16:04:15 Started transferring input files
	Transferring to host: <128.142.33.216:9618?addrs=128.142.33.216-9618+[2001-1458-301-39--100-15]-9618&alias=b9g24p5211.cern.ch&noUDP&sock=slot1_11_4445_a78e_124642>
...
040 (13689574.000.000) 03/10 16:04:15 Finished transferring input files
...
001 (13689574.000.000) 03/10 16:04:16 Job executing on host: <128.142.33.216:9618?addrs=128.142.33.216-9618+[2001-1458-301-39--100-15]-9618&alias=b9g24p5211.cern.ch&noUDP&sock=startd_3723_3f2e>
	SlotName: slot1_11@b9g24p5211.cern.ch
	CondorScratchDir = "/pool/condor/dir_2110580"
	Cpus = 1
	Disk = 3801
	GPUs = 0
	Memory = 3000
...
006 (13689574.000.000) 03/10 16:04:25 Image size of job updated: 309796
	303  -  MemoryUsage of job (MB)
	309796  -  ResidentSetSize of job (KB)
...
006 (13689574.000.000) 03/10 16:09:26 Image size of job updated: 1317156
	1287  -  MemoryUsage of job (MB)
	1317156  -  ResidentSetSize of job (KB)
...
040 (13689574.000.000) 03/10 16:12:39 Started transferring output files
...
040 (13689574.000.000) 03/10 16:12:39 Finished transferring output files
...
005 (13689574.000.000) 03/10 16:12:40 Job terminated.
	(1) Normal termination (return value 0)
		Usr 0 00:03:26, Sys 0 00:00:12  -  Run Remote Usage
		Usr 0 00:00:00, Sys 0 00:00:00  -  Run Local Usage
		Usr 0 00:03:26, Sys 0 00:00:12  -  Total Remote Usage
		Usr 0 00:00:00, Sys 0 00:00:00  -  Total Local Usage
	2982  -  Run Bytes Sent By Job
	11046  -  Run Bytes Received By Job
	2982  -  Total Bytes Sent By Job
	11046  -  Total Bytes Received By Job
	Partitionable Resources :    Usage  Request Allocated 
	   Cpus                 :     0.42        1         1 
	   Disk (KB)            : 24862          12      3801 
	   GPUs                 :                           0 
	   Memory (MB)          :  1287        3000      3000 

	Job terminated of its own accord at 2025-03-10T15:12:39Z with exit-code 0.
...
