000 (13689656.000.000) 03/10 16:01:15 Job submitted from host: <137.138.120.116:9618?addrs=137.138.120.116-9618+[2001-1458-d00-16--17b]-9618&alias=bigbird12.cern.ch&noUDP&sock=schedd_5055_e355>
...
040 (13689656.000.000) 03/10 16:12:42 Started transferring input files
	Transferring to host: <188.185.215.73:9618?addrs=188.185.215.73-9618+[2001-1458-303-1e--100-45]-9618&alias=b9p31p2911.cern.ch&noUDP&sock=slot1_41_5924_be6a_97316>
...
040 (13689656.000.000) 03/10 16:12:42 Finished transferring input files
...
001 (13689656.000.000) 03/10 16:12:44 Job executing on host: <188.185.215.73:9618?addrs=188.185.215.73-9618+[2001-1458-303-1e--100-45]-9618&alias=b9p31p2911.cern.ch&noUDP&sock=startd_4965_27cf>
	SlotName: slot1_41@b9p31p2911.cern.ch
	CondorScratchDir = "/pool/condor/dir_3741819"
	Cpus = 1
	Disk = 3835
	GPUs = 0
	Memory = 3000
...
006 (13689656.000.000) 03/10 16:12:52 Image size of job updated: 136708
	134  -  MemoryUsage of job (MB)
	136708  -  ResidentSetSize of job (KB)
...
006 (13689656.000.000) 03/10 16:17:52 Image size of job updated: 781684
	764  -  MemoryUsage of job (MB)
	781684  -  ResidentSetSize of job (KB)
...
040 (13689656.000.000) 03/10 16:22:15 Started transferring output files
...
040 (13689656.000.000) 03/10 16:22:15 Finished transferring output files
...
005 (13689656.000.000) 03/10 16:22:15 Job terminated.
	(1) Normal termination (return value 0)
		Usr 0 00:04:25, Sys 0 00:00:12  -  Run Remote Usage
		Usr 0 00:00:00, Sys 0 00:00:00  -  Run Local Usage
		Usr 0 00:04:25, Sys 0 00:00:12  -  Total Remote Usage
		Usr 0 00:00:00, Sys 0 00:00:00  -  Total Local Usage
	3149  -  Run Bytes Sent By Job
	11052  -  Run Bytes Received By Job
	3149  -  Total Bytes Sent By Job
	11052  -  Total Bytes Received By Job
	Partitionable Resources :    Usage  Request Allocated 
	   Cpus                 :        0        1         1 
	   Disk (KB)            :    33868       12      3835 
	   GPUs                 :                           0 
	   Memory (MB)          :      764     3000      3000 

	Job terminated of its own accord at 2025-03-10T15:22:15Z with exit-code 0.
...
