000 (13689534.000.000) 03/10 16:00:00 Job submitted from host: <137.138.120.116:9618?addrs=137.138.120.116-9618+[2001-1458-d00-16--17b]-9618&alias=bigbird12.cern.ch&noUDP&sock=schedd_5055_e355>
...
040 (13689534.000.000) 03/10 16:04:01 Started transferring input files
	Transferring to host: <188.185.211.195:9618?addrs=188.185.211.195-9618+[2001-1458-303-17--100-3f]-9618&alias=b9p24p3473.cern.ch&noUDP&sock=slot1_32_9022_90a8_102917>
...
040 (13689534.000.000) 03/10 16:04:01 Finished transferring input files
...
001 (13689534.000.000) 03/10 16:04:02 Job executing on host: <188.185.211.195:9618?addrs=188.185.211.195-9618+[2001-1458-303-17--100-3f]-9618&alias=b9p24p3473.cern.ch&noUDP&sock=startd_7849_56f1>
	SlotName: slot1_32@b9p24p3473.cern.ch
	CondorScratchDir = "/pool/condor/dir_3155225"
	Cpus = 1
	Disk = 3830
	GPUs = 0
	Memory = 3000
...
006 (13689534.000.000) 03/10 16:04:11 Image size of job updated: 13896
	14  -  MemoryUsage of job (MB)
	13896  -  ResidentSetSize of job (KB)
...
006 (13689534.000.000) 03/10 16:09:12 Image size of job updated: 1125292
	1099  -  MemoryUsage of job (MB)
	1125292  -  ResidentSetSize of job (KB)
...
006 (13689534.000.000) 03/10 16:14:13 Image size of job updated: 1185840
	1159  -  MemoryUsage of job (MB)
	1185840  -  ResidentSetSize of job (KB)
...
006 (13689534.000.000) 03/10 16:24:14 Image size of job updated: 1190432
	1163  -  MemoryUsage of job (MB)
	1190432  -  ResidentSetSize of job (KB)
...
006 (13689534.000.000) 03/10 16:29:15 Image size of job updated: 1240492
	1212  -  MemoryUsage of job (MB)
	1240492  -  ResidentSetSize of job (KB)
...
006 (13689534.000.000) 03/10 16:34:15 Image size of job updated: 1291444
	1262  -  MemoryUsage of job (MB)
	1291444  -  ResidentSetSize of job (KB)
...
040 (13689534.000.000) 03/10 16:38:11 Started transferring output files
...
040 (13689534.000.000) 03/10 16:38:11 Finished transferring output files
...
005 (13689534.000.000) 03/10 16:38:11 Job terminated.
	(1) Normal termination (return value 0)
		Usr 0 00:16:33, Sys 0 00:00:31  -  Run Remote Usage
		Usr 0 00:00:00, Sys 0 00:00:00  -  Run Local Usage
		Usr 0 00:16:33, Sys 0 00:00:31  -  Total Remote Usage
		Usr 0 00:00:00, Sys 0 00:00:00  -  Total Local Usage
	4438  -  Run Bytes Sent By Job
	11046  -  Run Bytes Received By Job
	4438  -  Total Bytes Sent By Job
	11046  -  Total Bytes Received By Job
	Partitionable Resources :     Usage  Request Allocated 
	   Cpus                 :      0.59        1         1 
	   Disk (KB)            : 111313          12      3830 
	   GPUs                 :                            0 
	   Memory (MB)          :   1262        3000      3000 

	Job terminated of its own accord at 2025-03-10T15:38:11Z with exit-code 0.
...
