000 (13689625.000.000) 03/10 16:00:58 Job submitted from host: <137.138.120.116:9618?addrs=137.138.120.116-9618+[2001-1458-d00-16--17b]-9618&alias=bigbird12.cern.ch&noUDP&sock=schedd_5055_e355>
...
040 (13689625.000.000) 03/10 16:04:30 Started transferring input files
	Transferring to host: <188.185.213.10:9618?addrs=188.185.213.10-9618+[2001-1458-303-1a--100-6]-9618&alias=b9p27p8158.cern.ch&noUDP&sock=slot1_14_5839_da87_16678>
...
040 (13689625.000.000) 03/10 16:04:30 Finished transferring input files
...
001 (13689625.000.000) 03/10 16:04:31 Job executing on host: <188.185.213.10:9618?addrs=188.185.213.10-9618+[2001-1458-303-1a--100-6]-9618&alias=b9p27p8158.cern.ch&noUDP&sock=startd_4837_5baf>
	SlotName: slot1_14@b9p27p8158.cern.ch
	CondorScratchDir = "/pool/condor/dir_1624661"
	Cpus = 1
	Disk = 3736
	GPUs = 0
	Memory = 3000
...
006 (13689625.000.000) 03/10 16:04:39 Image size of job updated: 136704
	134  -  MemoryUsage of job (MB)
	136704  -  ResidentSetSize of job (KB)
...
006 (13689625.000.000) 03/10 16:09:39 Image size of job updated: 775480
	758  -  MemoryUsage of job (MB)
	775480  -  ResidentSetSize of job (KB)
...
006 (13689625.000.000) 03/10 16:14:40 Image size of job updated: 849460
	830  -  MemoryUsage of job (MB)
	849460  -  ResidentSetSize of job (KB)
...
006 (13689625.000.000) 03/10 16:19:41 Image size of job updated: 905076
	884  -  MemoryUsage of job (MB)
	905076  -  ResidentSetSize of job (KB)
...
006 (13689625.000.000) 03/10 16:24:41 Image size of job updated: 956848
	935  -  MemoryUsage of job (MB)
	956848  -  ResidentSetSize of job (KB)
...
006 (13689625.000.000) 03/10 16:29:42 Image size of job updated: 992968
	970  -  MemoryUsage of job (MB)
	992968  -  ResidentSetSize of job (KB)
...
006 (13689625.000.000) 03/10 16:34:43 Image size of job updated: 1049808
	1026  -  MemoryUsage of job (MB)
	1049808  -  ResidentSetSize of job (KB)
...
006 (13689625.000.000) 03/10 16:39:43 Image size of job updated: 1086184
	1061  -  MemoryUsage of job (MB)
	1086184  -  ResidentSetSize of job (KB)
...
006 (13689625.000.000) 03/10 16:44:43 Image size of job updated: 1132432
	1106  -  MemoryUsage of job (MB)
	1132432  -  ResidentSetSize of job (KB)
...
006 (13689625.000.000) 03/10 16:49:44 Image size of job updated: 1169212
	1142  -  MemoryUsage of job (MB)
	1169212  -  ResidentSetSize of job (KB)
...
006 (13689625.000.000) 03/10 16:54:44 Image size of job updated: 1205976
	1178  -  MemoryUsage of job (MB)
	1205976  -  ResidentSetSize of job (KB)
...
006 (13689625.000.000) 03/10 16:59:44 Image size of job updated: 1242252
	1214  -  MemoryUsage of job (MB)
	1242252  -  ResidentSetSize of job (KB)
...
006 (13689625.000.000) 03/10 17:04:45 Image size of job updated: 1281168
	1252  -  MemoryUsage of job (MB)
	1281168  -  ResidentSetSize of job (KB)
...
040 (13689625.000.000) 03/10 17:08:29 Started transferring output files
...
040 (13689625.000.000) 03/10 17:08:29 Finished transferring output files
...
005 (13689625.000.000) 03/10 17:08:29 Job terminated.
	(1) Normal termination (return value 0)
		Usr 0 00:29:47, Sys 0 00:00:37  -  Run Remote Usage
		Usr 0 00:00:00, Sys 0 00:00:00  -  Run Local Usage
		Usr 0 00:29:47, Sys 0 00:00:37  -  Total Remote Usage
		Usr 0 00:00:00, Sys 0 00:00:00  -  Total Local Usage
	5732  -  Run Bytes Sent By Job
	11052  -  Run Bytes Received By Job
	5732  -  Total Bytes Sent By Job
	11052  -  Total Bytes Received By Job
	Partitionable Resources :     Usage  Request Allocated 
	   Cpus                 :      0.03        1         1 
	   Disk (KB)            : 184591          12      3736 
	   GPUs                 :                            0 
	   Memory (MB)          :   1252        3000      3000 

	Job terminated of its own accord at 2025-03-10T16:08:29Z with exit-code 0.
...
