000 (13689503.000.000) 03/10 15:59:02 Job submitted from host: <137.138.120.116:9618?addrs=137.138.120.116-9618+[2001-1458-d00-16--17b]-9618&alias=bigbird12.cern.ch&noUDP&sock=schedd_5055_e355>
...
040 (13689503.000.000) 03/10 16:01:24 Started transferring input files
	Transferring to host: <188.185.212.216:9618?addrs=188.185.212.216-9618+[2001-1458-303-19--100-54]-9618&alias=b9p26p8190.cern.ch&noUDP&sock=slot1_30_11026_9079_33601>
...
040 (13689503.000.000) 03/10 16:01:24 Finished transferring input files
...
001 (13689503.000.000) 03/10 16:01:25 Job executing on host: <188.185.212.216:9618?addrs=188.185.212.216-9618+[2001-1458-303-19--100-54]-9618&alias=b9p26p8190.cern.ch&noUDP&sock=startd_9801_3fcf>
	SlotName: slot1_30@b9p26p8190.cern.ch
	CondorScratchDir = "/pool/condor/dir_2528259"
	Cpus = 1
	Disk = 3787
	GPUs = 0
	Memory = 3000
...
006 (13689503.000.000) 03/10 16:01:39 Image size of job updated: 40740
	14  -  MemoryUsage of job (MB)
	14208  -  ResidentSetSize of job (KB)
...
006 (13689503.000.000) 03/10 16:06:40 Image size of job updated: 749560
	732  -  MemoryUsage of job (MB)
	749560  -  ResidentSetSize of job (KB)
...
006 (13689503.000.000) 03/10 16:11:40 Image size of job updated: 795436
	777  -  MemoryUsage of job (MB)
	795436  -  ResidentSetSize of job (KB)
...
006 (13689503.000.000) 03/10 16:16:41 Image size of job updated: 837988
	819  -  MemoryUsage of job (MB)
	837988  -  ResidentSetSize of job (KB)
...
006 (13689503.000.000) 03/10 16:21:41 Image size of job updated: 894468
	874  -  MemoryUsage of job (MB)
	894468  -  ResidentSetSize of job (KB)
...
006 (13689503.000.000) 03/10 16:26:41 Image size of job updated: 940420
	919  -  MemoryUsage of job (MB)
	940420  -  ResidentSetSize of job (KB)
...
006 (13689503.000.000) 03/10 16:31:42 Image size of job updated: 982772
	960  -  MemoryUsage of job (MB)
	982772  -  ResidentSetSize of job (KB)
...
006 (13689503.000.000) 03/10 16:36:42 Image size of job updated: 1018572
	995  -  MemoryUsage of job (MB)
	1018572  -  ResidentSetSize of job (KB)
...
006 (13689503.000.000) 03/10 16:41:43 Image size of job updated: 1053140
	1029  -  MemoryUsage of job (MB)
	1053140  -  ResidentSetSize of job (KB)
...
006 (13689503.000.000) 03/10 16:46:44 Image size of job updated: 1088168
	1063  -  MemoryUsage of job (MB)
	1088168  -  ResidentSetSize of job (KB)
...
006 (13689503.000.000) 03/10 16:51:44 Image size of job updated: 1123128
	1097  -  MemoryUsage of job (MB)
	1123128  -  ResidentSetSize of job (KB)
...
006 (13689503.000.000) 03/10 16:56:45 Image size of job updated: 1158932
	1132  -  MemoryUsage of job (MB)
	1158932  -  ResidentSetSize of job (KB)
...
006 (13689503.000.000) 03/10 17:01:46 Image size of job updated: 1193364
	1166  -  MemoryUsage of job (MB)
	1193364  -  ResidentSetSize of job (KB)
...
006 (13689503.000.000) 03/10 17:06:46 Image size of job updated: 1229228
	1201  -  MemoryUsage of job (MB)
	1229228  -  ResidentSetSize of job (KB)
...
006 (13689503.000.000) 03/10 17:09:36 Image size of job updated: 1594156
	1201  -  MemoryUsage of job (MB)
	1229228  -  ResidentSetSize of job (KB)
...
040 (13689503.000.000) 03/10 17:09:36 Started transferring output files
...
040 (13689503.000.000) 03/10 17:09:36 Finished transferring output files
...
005 (13689503.000.000) 03/10 17:09:36 Job terminated.
	(1) Normal termination (return value 0)
		Usr 0 00:32:25, Sys 0 00:00:37  -  Run Remote Usage
		Usr 0 00:00:00, Sys 0 00:00:00  -  Run Local Usage
		Usr 0 00:32:25, Sys 0 00:00:37  -  Total Remote Usage
		Usr 0 00:00:00, Sys 0 00:00:00  -  Total Local Usage
	5563  -  Run Bytes Sent By Job
	11046  -  Run Bytes Received By Job
	5563  -  Total Bytes Sent By Job
	11046  -  Total Bytes Received By Job
	Partitionable Resources :     Usage  Request Allocated 
	   Cpus                 :      0.85        1         1 
	   Disk (KB)            : 169559          12      3787 
	   GPUs                 :                            0 
	   Memory (MB)          :   1201        3000      3000 

	Job terminated of its own accord at 2025-03-10T16:09:36Z with exit-code 0.
...
