000 (13689726.000.000) 03/10 16:02:06 Job submitted from host: <137.138.120.116:9618?addrs=137.138.120.116-9618+[2001-1458-d00-16--17b]-9618&alias=bigbird12.cern.ch&noUDP&sock=schedd_5055_e355>
...
040 (13689726.000.000) 03/10 16:43:42 Started transferring input files
	Transferring to host: <188.185.211.8:9618?addrs=188.185.211.8-9618+[2001-1458-303-16--100-4]-9618&alias=b9p23p4337.cern.ch&noUDP&sock=slot1_1_4788_543c_103724>
...
040 (13689726.000.000) 03/10 16:43:42 Finished transferring input files
...
001 (13689726.000.000) 03/10 16:43:43 Job executing on host: <188.185.211.8:9618?addrs=188.185.211.8-9618+[2001-1458-303-16--100-4]-9618&alias=b9p23p4337.cern.ch&noUDP&sock=startd_3989_b360>
	SlotName: slot1_1@b9p23p4337.cern.ch
	CondorScratchDir = "/pool/condor/dir_3025944"
	Cpus = 1
	Disk = 3832
	GPUs = 0
	Memory = 3000
...
006 (13689726.000.000) 03/10 16:43:51 Image size of job updated: 135364
	133  -  MemoryUsage of job (MB)
	135364  -  ResidentSetSize of job (KB)
...
006 (13689726.000.000) 03/10 16:48:51 Image size of job updated: 1128276
	1102  -  MemoryUsage of job (MB)
	1128276  -  ResidentSetSize of job (KB)
...
006 (13689726.000.000) 03/10 16:53:52 Image size of job updated: 1173740
	1147  -  MemoryUsage of job (MB)
	1173740  -  ResidentSetSize of job (KB)
...
006 (13689726.000.000) 03/10 16:58:53 Image size of job updated: 1246484
	1218  -  MemoryUsage of job (MB)
	1246484  -  ResidentSetSize of job (KB)
...
006 (13689726.000.000) 03/10 17:03:53 Image size of job updated: 1287756
	1258  -  MemoryUsage of job (MB)
	1287756  -  ResidentSetSize of job (KB)
...
006 (13689726.000.000) 03/10 17:08:54 Image size of job updated: 1343644
	1313  -  MemoryUsage of job (MB)
	1343644  -  ResidentSetSize of job (KB)
...
006 (13689726.000.000) 03/10 17:13:55 Image size of job updated: 1378304
	1346  -  MemoryUsage of job (MB)
	1378304  -  ResidentSetSize of job (KB)
...
006 (13689726.000.000) 03/10 17:18:55 Image size of job updated: 1429340
	1396  -  MemoryUsage of job (MB)
	1429340  -  ResidentSetSize of job (KB)
...
006 (13689726.000.000) 03/10 17:23:55 Image size of job updated: 1463744
	1430  -  MemoryUsage of job (MB)
	1463744  -  ResidentSetSize of job (KB)
...
006 (13689726.000.000) 03/10 17:28:56 Image size of job updated: 1509232
	1474  -  MemoryUsage of job (MB)
	1509232  -  ResidentSetSize of job (KB)
...
040 (13689726.000.000) 03/10 17:31:42 Started transferring output files
...
040 (13689726.000.000) 03/10 17:31:42 Finished transferring output files
...
005 (13689726.000.000) 03/10 17:31:42 Job terminated.
	(1) Normal termination (return value 0)
		Usr 0 00:18:08, Sys 0 00:00:21  -  Run Remote Usage
		Usr 0 00:00:00, Sys 0 00:00:00  -  Run Local Usage
		Usr 0 00:18:08, Sys 0 00:00:21  -  Total Remote Usage
		Usr 0 00:00:00, Sys 0 00:00:00  -  Total Local Usage
	5088  -  Run Bytes Sent By Job
	11052  -  Run Bytes Received By Job
	5088  -  Total Bytes Sent By Job
	11052  -  Total Bytes Received By Job
	Partitionable Resources :     Usage  Request Allocated 
	   Cpus                 :      0.52        1         1 
	   Disk (KB)            : 141248          12      3832 
	   GPUs                 :                            0 
	   Memory (MB)          :   1474        3000      3000 

	Job terminated of its own accord at 2025-03-10T16:31:42Z with exit-code 0.
...
