000 (13689572.000.000) 03/10 16:00:29 Job submitted from host: <137.138.120.116:9618?addrs=137.138.120.116-9618+[2001-1458-d00-16--17b]-9618&alias=bigbird12.cern.ch&noUDP&sock=schedd_5055_e355>
...
040 (13689572.000.000) 03/10 16:04:14 Started transferring input files
	Transferring to host: <188.185.213.227:9618?addrs=188.185.213.227-9618+[2001-1458-303-1b--100-5f]-9618&alias=b9p28p0516.cern.ch&noUDP&sock=slot1_30_807836_4acb_10519>
...
040 (13689572.000.000) 03/10 16:04:14 Finished transferring input files
...
001 (13689572.000.000) 03/10 16:04:15 Job executing on host: <188.185.213.227:9618?addrs=188.185.213.227-9618+[2001-1458-303-1b--100-5f]-9618&alias=b9p28p0516.cern.ch&noUDP&sock=startd_807571_1d15>
	SlotName: slot1_30@b9p28p0516.cern.ch
	CondorScratchDir = "/pool/condor/dir_1676926"
	Cpus = 1
	Disk = 3705
	GPUs = 0
	Memory = 3000
...
006 (13689572.000.000) 03/10 16:04:24 Image size of job updated: 138904
	136  -  MemoryUsage of job (MB)
	138904  -  ResidentSetSize of job (KB)
...
006 (13689572.000.000) 03/10 16:07:27 Image size of job updated: 363524
	356  -  MemoryUsage of job (MB)
	363524  -  ResidentSetSize of job (KB)
...
040 (13689572.000.000) 03/10 16:07:27 Started transferring output files
...
040 (13689572.000.000) 03/10 16:07:27 Finished transferring output files
...
005 (13689572.000.000) 03/10 16:07:27 Job terminated.
	(1) Normal termination (return value 0)
		Usr 0 00:01:05, Sys 0 00:00:09  -  Run Remote Usage
		Usr 0 00:00:00, Sys 0 00:00:00  -  Run Local Usage
		Usr 0 00:01:05, Sys 0 00:00:09  -  Total Remote Usage
		Usr 0 00:00:00, Sys 0 00:00:00  -  Total Local Usage
	2815  -  Run Bytes Sent By Job
	11046  -  Run Bytes Received By Job
	2815  -  Total Bytes Sent By Job
	11046  -  Total Bytes Received By Job
	Partitionable Resources :    Usage  Request Allocated 
	   Cpus                 :     0.02        1         1 
	   Disk (KB)            : 13513          12      3705 
	   GPUs                 :                           0 
	   Memory (MB)          :   356        3000      3000 

	Job terminated of its own accord at 2025-03-10T15:07:27Z with exit-code 0.
...
