000 (13689579.000.000) 03/10 16:00:35 Job submitted from host: <137.138.120.116:9618?addrs=137.138.120.116-9618+[2001-1458-d00-16--17b]-9618&alias=bigbird12.cern.ch&noUDP&sock=schedd_5055_e355>
...
040 (13689579.000.000) 03/10 16:04:16 Started transferring input files
	Transferring to host: <188.185.212.53:9618?addrs=188.185.212.53-9618+[2001-1458-303-18--100-31]-9618&alias=b9p25p9005.cern.ch&noUDP&sock=slot1_20_2445736_0378_19481>
...
040 (13689579.000.000) 03/10 16:04:16 Finished transferring input files
...
001 (13689579.000.000) 03/10 16:04:17 Job executing on host: <188.185.212.53:9618?addrs=188.185.212.53-9618+[2001-1458-303-18--100-31]-9618&alias=b9p25p9005.cern.ch&noUDP&sock=startd_10484_baff>
	SlotName: slot1_20@b9p25p9005.cern.ch
	CondorScratchDir = "/pool/condor/dir_932354"
	Cpus = 1
	Disk = 3891
	GPUs = 0
	Memory = 3000
...
006 (13689579.000.000) 03/10 16:04:31 Image size of job updated: 148000
	145  -  MemoryUsage of job (MB)
	148000  -  ResidentSetSize of job (KB)
...
006 (13689579.000.000) 03/10 16:09:32 Image size of job updated: 766568
	749  -  MemoryUsage of job (MB)
	766568  -  ResidentSetSize of job (KB)
...
006 (13689579.000.000) 03/10 16:14:32 Image size of job updated: 836968
	818  -  MemoryUsage of job (MB)
	836968  -  ResidentSetSize of job (KB)
...
006 (13689579.000.000) 03/10 16:19:32 Image size of job updated: 895172
	875  -  MemoryUsage of job (MB)
	895172  -  ResidentSetSize of job (KB)
...
006 (13689579.000.000) 03/10 16:24:33 Image size of job updated: 947408
	926  -  MemoryUsage of job (MB)
	947408  -  ResidentSetSize of job (KB)
...
006 (13689579.000.000) 03/10 16:29:33 Image size of job updated: 999472
	977  -  MemoryUsage of job (MB)
	999472  -  ResidentSetSize of job (KB)
...
006 (13689579.000.000) 03/10 16:33:12 Image size of job updated: 1355580
	977  -  MemoryUsage of job (MB)
	999472  -  ResidentSetSize of job (KB)
...
040 (13689579.000.000) 03/10 16:33:12 Started transferring output files
...
040 (13689579.000.000) 03/10 16:33:12 Finished transferring output files
...
005 (13689579.000.000) 03/10 16:33:12 Job terminated.
	(1) Normal termination (return value 0)
		Usr 0 00:13:57, Sys 0 00:00:20  -  Run Remote Usage
		Usr 0 00:00:00, Sys 0 00:00:00  -  Run Local Usage
		Usr 0 00:13:57, Sys 0 00:00:20  -  Total Remote Usage
		Usr 0 00:00:00, Sys 0 00:00:00  -  Total Local Usage
	4276  -  Run Bytes Sent By Job
	11052  -  Run Bytes Received By Job
	4276  -  Total Bytes Sent By Job
	11052  -  Total Bytes Received By Job
	Partitionable Resources :    Usage  Request Allocated 
	   Cpus                 :     0.49        1         1 
	   Disk (KB)            : 94712          12      3891 
	   GPUs                 :                           0 
	   Memory (MB)          :   977        3000      3000 

	Job terminated of its own accord at 2025-03-10T15:33:12Z with exit-code 0.
...
