000 (13689667.000.000) 03/10 16:01:23 Job submitted from host: <137.138.120.116:9618?addrs=137.138.120.116-9618+[2001-1458-d00-16--17b]-9618&alias=bigbird12.cern.ch&noUDP&sock=schedd_5055_e355>
...
040 (13689667.000.000) 03/10 16:18:14 Started transferring input files
	Transferring to host: <188.185.198.118:9618?addrs=188.185.198.118-9618+[2001-1458-303-25--100-72]-9618&alias=b9p15p7770.cern.ch&noUDP&sock=slot1_3_9430_09b9_21045>
...
040 (13689667.000.000) 03/10 16:18:14 Finished transferring input files
...
001 (13689667.000.000) 03/10 16:18:15 Job executing on host: <188.185.198.118:9618?addrs=188.185.198.118-9618+[2001-1458-303-25--100-72]-9618&alias=b9p15p7770.cern.ch&noUDP&sock=startd_8167_760f>
	SlotName: slot1_3@b9p15p7770.cern.ch
	CondorScratchDir = "/pool/condor/dir_1499862"
	Cpus = 1
	Disk = 3920
	GPUs = 0
	Memory = 3000
...
006 (13689667.000.000) 03/10 16:18:28 Image size of job updated: 912
	1  -  MemoryUsage of job (MB)
	800  -  ResidentSetSize of job (KB)
...
006 (13689667.000.000) 03/10 16:23:28 Image size of job updated: 738740
	722  -  MemoryUsage of job (MB)
	738740  -  ResidentSetSize of job (KB)
...
006 (13689667.000.000) 03/10 16:28:29 Image size of job updated: 793124
	775  -  MemoryUsage of job (MB)
	793124  -  ResidentSetSize of job (KB)
...
006 (13689667.000.000) 03/10 16:33:29 Image size of job updated: 858660
	839  -  MemoryUsage of job (MB)
	858660  -  ResidentSetSize of job (KB)
...
006 (13689667.000.000) 03/10 16:38:29 Image size of job updated: 898884
	878  -  MemoryUsage of job (MB)
	898884  -  ResidentSetSize of job (KB)
...
006 (13689667.000.000) 03/10 16:43:30 Image size of job updated: 949448
	928  -  MemoryUsage of job (MB)
	949448  -  ResidentSetSize of job (KB)
...
006 (13689667.000.000) 03/10 16:48:30 Image size of job updated: 986120
	964  -  MemoryUsage of job (MB)
	986120  -  ResidentSetSize of job (KB)
...
006 (13689667.000.000) 03/10 16:53:31 Image size of job updated: 1020168
	997  -  MemoryUsage of job (MB)
	1020168  -  ResidentSetSize of job (KB)
...
006 (13689667.000.000) 03/10 16:58:32 Image size of job updated: 1056688
	1032  -  MemoryUsage of job (MB)
	1056688  -  ResidentSetSize of job (KB)
...
006 (13689667.000.000) 03/10 17:03:32 Image size of job updated: 1091048
	1066  -  MemoryUsage of job (MB)
	1091048  -  ResidentSetSize of job (KB)
...
006 (13689667.000.000) 03/10 17:08:33 Image size of job updated: 1129096
	1103  -  MemoryUsage of job (MB)
	1129096  -  ResidentSetSize of job (KB)
...
006 (13689667.000.000) 03/10 17:13:34 Image size of job updated: 1167944
	1141  -  MemoryUsage of job (MB)
	1167944  -  ResidentSetSize of job (KB)
...
006 (13689667.000.000) 03/10 17:18:34 Image size of job updated: 1210744
	1183  -  MemoryUsage of job (MB)
	1210744  -  ResidentSetSize of job (KB)
...
006 (13689667.000.000) 03/10 17:23:35 Image size of job updated: 1247904
	1219  -  MemoryUsage of job (MB)
	1247904  -  ResidentSetSize of job (KB)
...
006 (13689667.000.000) 03/10 17:28:36 Image size of job updated: 1282168
	1253  -  MemoryUsage of job (MB)
	1282168  -  ResidentSetSize of job (KB)
...
006 (13689667.000.000) 03/10 17:33:36 Image size of job updated: 1316724
	1286  -  MemoryUsage of job (MB)
	1316724  -  ResidentSetSize of job (KB)
...
006 (13689667.000.000) 03/10 17:38:37 Image size of job updated: 1351400
	1320  -  MemoryUsage of job (MB)
	1351400  -  ResidentSetSize of job (KB)
...
006 (13689667.000.000) 03/10 17:41:13 Image size of job updated: 1691988
	1320  -  MemoryUsage of job (MB)
	1351400  -  ResidentSetSize of job (KB)
...
040 (13689667.000.000) 03/10 17:41:13 Started transferring output files
...
040 (13689667.000.000) 03/10 17:41:14 Finished transferring output files
...
005 (13689667.000.000) 03/10 17:41:14 Job terminated.
	(1) Normal termination (return value 0)
		Usr 0 00:46:30, Sys 0 00:00:53  -  Run Remote Usage
		Usr 0 00:00:00, Sys 0 00:00:00  -  Run Local Usage
		Usr 0 00:46:30, Sys 0 00:00:53  -  Total Remote Usage
		Usr 0 00:00:00, Sys 0 00:00:00  -  Total Local Usage
	6366  -  Run Bytes Sent By Job
	11052  -  Run Bytes Received By Job
	6366  -  Total Bytes Sent By Job
	11052  -  Total Bytes Received By Job
	Partitionable Resources :     Usage  Request Allocated 
	   Cpus                 :      0.00        1         1 
	   Disk (KB)            : 206929          12      3920 
	   GPUs                 :                            0 
	   Memory (MB)          :   1320        3000      3000 

	Job terminated of its own accord at 2025-03-10T16:41:13Z with exit-code 0.
...
