000 (13689719.000.000) 03/10 16:02:01 Job submitted from host: <137.138.120.116:9618?addrs=137.138.120.116-9618+[2001-1458-d00-16--17b]-9618&alias=bigbird12.cern.ch&noUDP&sock=schedd_5055_e355>
...
040 (13689719.000.000) 03/10 16:43:39 Started transferring input files
	Transferring to host: <188.185.195.18:9618?addrs=188.185.195.18-9618+[2001-1458-303-22--100-e]-9618&alias=b9p17p6467.cern.ch&noUDP&sock=slot1_8_3657572_1a77_17250>
...
040 (13689719.000.000) 03/10 16:43:39 Finished transferring input files
...
001 (13689719.000.000) 03/10 16:43:40 Job executing on host: <188.185.195.18:9618?addrs=188.185.195.18-9618+[2001-1458-303-22--100-e]-9618&alias=b9p17p6467.cern.ch&noUDP&sock=startd_3657510_3847>
	SlotName: slot1_8@b9p17p6467.cern.ch
	CondorScratchDir = "/pool/condor/dir_1872419"
	Cpus = 1
	Disk = 3867
	GPUs = 0
	Memory = 3000
...
006 (13689719.000.000) 03/10 16:43:49 Image size of job updated: 1800
	2  -  MemoryUsage of job (MB)
	1800  -  ResidentSetSize of job (KB)
...
006 (13689719.000.000) 03/10 16:48:50 Image size of job updated: 2160304
	2110  -  MemoryUsage of job (MB)
	2160304  -  ResidentSetSize of job (KB)
...
006 (13689719.000.000) 03/10 16:53:50 Image size of job updated: 2203776
	2153  -  MemoryUsage of job (MB)
	2203776  -  ResidentSetSize of job (KB)
...
006 (13689719.000.000) 03/10 16:58:50 Image size of job updated: 2252612
	2200  -  MemoryUsage of job (MB)
	2252612  -  ResidentSetSize of job (KB)
...
006 (13689719.000.000) 03/10 17:03:51 Image size of job updated: 2303952
	2250  -  MemoryUsage of job (MB)
	2303952  -  ResidentSetSize of job (KB)
...
006 (13689719.000.000) 03/10 17:08:52 Image size of job updated: 2340772
	2286  -  MemoryUsage of job (MB)
	2340772  -  ResidentSetSize of job (KB)
...
006 (13689719.000.000) 03/10 17:13:52 Image size of job updated: 2376052
	2321  -  MemoryUsage of job (MB)
	2376052  -  ResidentSetSize of job (KB)
...
006 (13689719.000.000) 03/10 17:18:53 Image size of job updated: 2414600
	2359  -  MemoryUsage of job (MB)
	2414600  -  ResidentSetSize of job (KB)
...
006 (13689719.000.000) 03/10 17:23:54 Image size of job updated: 2448140
	2391  -  MemoryUsage of job (MB)
	2448140  -  ResidentSetSize of job (KB)
...
006 (13689719.000.000) 03/10 17:28:54 Image size of job updated: 2481848
	2424  -  MemoryUsage of job (MB)
	2481848  -  ResidentSetSize of job (KB)
...
006 (13689719.000.000) 03/10 17:33:54 Image size of job updated: 2508144
	2450  -  MemoryUsage of job (MB)
	2508144  -  ResidentSetSize of job (KB)
...
006 (13689719.000.000) 03/10 17:38:55 Image size of job updated: 2538356
	2479  -  MemoryUsage of job (MB)
	2538356  -  ResidentSetSize of job (KB)
...
006 (13689719.000.000) 03/10 17:43:55 Image size of job updated: 2569888
	2510  -  MemoryUsage of job (MB)
	2569888  -  ResidentSetSize of job (KB)
...
006 (13689719.000.000) 03/10 17:48:55 Image size of job updated: 2605888
	2545  -  MemoryUsage of job (MB)
	2605888  -  ResidentSetSize of job (KB)
...
006 (13689719.000.000) 03/10 17:53:56 Image size of job updated: 2642700
	2581  -  MemoryUsage of job (MB)
	2642700  -  ResidentSetSize of job (KB)
...
040 (13689719.000.000) 03/10 17:58:09 Started transferring output files
...
040 (13689719.000.000) 03/10 17:58:09 Finished transferring output files
...
005 (13689719.000.000) 03/10 17:58:09 Job terminated.
	(1) Normal termination (return value 0)
		Usr 0 00:36:39, Sys 0 00:00:28  -  Run Remote Usage
		Usr 0 00:00:00, Sys 0 00:00:00  -  Run Local Usage
		Usr 0 00:36:39, Sys 0 00:00:28  -  Total Remote Usage
		Usr 0 00:00:00, Sys 0 00:00:00  -  Total Local Usage
	5885  -  Run Bytes Sent By Job
	11052  -  Run Bytes Received By Job
	5885  -  Total Bytes Sent By Job
	11052  -  Total Bytes Received By Job
	Partitionable Resources :     Usage  Request Allocated 
	   Cpus                 :      0.93        1         1 
	   Disk (KB)            : 170129          12      3867 
	   GPUs                 :                            0 
	   Memory (MB)          :   2581        3000      3000 

	Job terminated of its own accord at 2025-03-10T16:58:09Z with exit-code 0.
...
