000 (13689595.000.000) 03/10 16:00:43 Job submitted from host: <137.138.120.116:9618?addrs=137.138.120.116-9618+[2001-1458-d00-16--17b]-9618&alias=bigbird12.cern.ch&noUDP&sock=schedd_5055_e355>
...
040 (13689595.000.000) 03/10 16:04:22 Started transferring input files
	Transferring to host: <188.185.215.75:9618?addrs=188.185.215.75-9618+[2001-1458-303-1e--100-47]-9618&alias=b9p31p0608.cern.ch&noUDP&sock=slot1_32_6064_62f0_98741>
...
040 (13689595.000.000) 03/10 16:04:22 Finished transferring input files
...
001 (13689595.000.000) 03/10 16:04:23 Job executing on host: <188.185.215.75:9618?addrs=188.185.215.75-9618+[2001-1458-303-1e--100-47]-9618&alias=b9p31p0608.cern.ch&noUDP&sock=startd_4980_71ba>
	SlotName: slot1_32@b9p31p0608.cern.ch
	CondorScratchDir = "/pool/condor/dir_247946"
	Cpus = 1
	Disk = 3884
	GPUs = 0
	Memory = 3000
...
006 (13689595.000.000) 03/10 16:04:31 Image size of job updated: 639096
	625  -  MemoryUsage of job (MB)
	639096  -  ResidentSetSize of job (KB)
...
006 (13689595.000.000) 03/10 16:09:31 Image size of job updated: 1903508
	1859  -  MemoryUsage of job (MB)
	1903508  -  ResidentSetSize of job (KB)
...
006 (13689595.000.000) 03/10 16:14:32 Image size of job updated: 1968608
	1923  -  MemoryUsage of job (MB)
	1968608  -  ResidentSetSize of job (KB)
...
006 (13689595.000.000) 03/10 16:19:32 Image size of job updated: 2026348
	1979  -  MemoryUsage of job (MB)
	2026348  -  ResidentSetSize of job (KB)
...
006 (13689595.000.000) 03/10 16:24:32 Image size of job updated: 2079264
	2031  -  MemoryUsage of job (MB)
	2079264  -  ResidentSetSize of job (KB)
...
006 (13689595.000.000) 03/10 16:29:33 Image size of job updated: 2124128
	2075  -  MemoryUsage of job (MB)
	2124128  -  ResidentSetSize of job (KB)
...
006 (13689595.000.000) 03/10 16:34:34 Image size of job updated: 2169604
	2119  -  MemoryUsage of job (MB)
	2169604  -  ResidentSetSize of job (KB)
...
006 (13689595.000.000) 03/10 16:39:34 Image size of job updated: 2210136
	2159  -  MemoryUsage of job (MB)
	2210136  -  ResidentSetSize of job (KB)
...
006 (13689595.000.000) 03/10 16:44:35 Image size of job updated: 2251692
	2199  -  MemoryUsage of job (MB)
	2251692  -  ResidentSetSize of job (KB)
...
006 (13689595.000.000) 03/10 16:49:36 Image size of job updated: 2295028
	2242  -  MemoryUsage of job (MB)
	2295028  -  ResidentSetSize of job (KB)
...
040 (13689595.000.000) 03/10 16:53:55 Started transferring output files
...
040 (13689595.000.000) 03/10 16:53:55 Finished transferring output files
...
005 (13689595.000.000) 03/10 16:53:55 Job terminated.
	(1) Normal termination (return value 0)
		Usr 0 00:21:45, Sys 0 00:00:27  -  Run Remote Usage
		Usr 0 00:00:00, Sys 0 00:00:00  -  Run Local Usage
		Usr 0 00:21:45, Sys 0 00:00:27  -  Total Remote Usage
		Usr 0 00:00:00, Sys 0 00:00:00  -  Total Local Usage
	5088  -  Run Bytes Sent By Job
	11052  -  Run Bytes Received By Job
	5088  -  Total Bytes Sent By Job
	11052  -  Total Bytes Received By Job
	Partitionable Resources :     Usage  Request Allocated 
	   Cpus                 :      0.85        1         1 
	   Disk (KB)            : 148944          12      3884 
	   GPUs                 :                            0 
	   Memory (MB)          :   2242        3000      3000 

	Job terminated of its own accord at 2025-03-10T15:53:55Z with exit-code 0.
...
