000 (13689618.000.000) 03/10 16:00:55 Job submitted from host: <137.138.120.116:9618?addrs=137.138.120.116-9618+[2001-1458-d00-16--17b]-9618&alias=bigbird12.cern.ch&noUDP&sock=schedd_5055_e355>
...
040 (13689618.000.000) 03/10 16:04:47 Started transferring input files
	Transferring to host: <188.185.198.118:9618?addrs=188.185.198.118-9618+[2001-1458-303-25--100-72]-9618&alias=b9p15p7770.cern.ch&noUDP&sock=slot1_3_9430_09b9_21036>
...
040 (13689618.000.000) 03/10 16:04:47 Finished transferring input files
...
001 (13689618.000.000) 03/10 16:04:48 Job executing on host: <188.185.198.118:9618?addrs=188.185.198.118-9618+[2001-1458-303-25--100-72]-9618&alias=b9p15p7770.cern.ch&noUDP&sock=startd_8167_760f>
	SlotName: slot1_3@b9p15p7770.cern.ch
	CondorScratchDir = "/pool/condor/dir_1486261"
	Cpus = 1
	Disk = 3913
	GPUs = 0
	Memory = 3000
...
006 (13689618.000.000) 03/10 16:05:02 Image size of job updated: 134056
	131  -  MemoryUsage of job (MB)
	134056  -  ResidentSetSize of job (KB)
...
006 (13689618.000.000) 03/10 16:10:03 Image size of job updated: 751468
	734  -  MemoryUsage of job (MB)
	751468  -  ResidentSetSize of job (KB)
...
006 (13689618.000.000) 03/10 16:15:04 Image size of job updated: 786856
	769  -  MemoryUsage of job (MB)
	786856  -  ResidentSetSize of job (KB)
...
006 (13689618.000.000) 03/10 16:18:10 Image size of job updated: 1000704
	769  -  MemoryUsage of job (MB)
	786856  -  ResidentSetSize of job (KB)
...
040 (13689618.000.000) 03/10 16:18:11 Started transferring output files
...
040 (13689618.000.000) 03/10 16:18:12 Finished transferring output files
...
005 (13689618.000.000) 03/10 16:18:13 Job terminated.
	(1) Normal termination (return value 0)
		Usr 0 00:06:36, Sys 0 00:00:15  -  Run Remote Usage
		Usr 0 00:00:00, Sys 0 00:00:00  -  Run Local Usage
		Usr 0 00:06:36, Sys 0 00:00:15  -  Total Remote Usage
		Usr 0 00:00:00, Sys 0 00:00:00  -  Total Local Usage
	3461  -  Run Bytes Sent By Job
	11052  -  Run Bytes Received By Job
	3461  -  Total Bytes Sent By Job
	11052  -  Total Bytes Received By Job
	Partitionable Resources :    Usage  Request Allocated 
	   Cpus                 :     0.03        1         1 
	   Disk (KB)            : 30515          12      3913 
	   GPUs                 :                           0 
	   Memory (MB)          :   769        3000      3000 

	Job terminated of its own accord at 2025-03-10T15:18:10Z with exit-code 0.
...
