000 (13689628.000.000) 03/10 16:01:00 Job submitted from host: <137.138.120.116:9618?addrs=137.138.120.116-9618+[2001-1458-d00-16--17b]-9618&alias=bigbird12.cern.ch&noUDP&sock=schedd_5055_e355>
...
040 (13689628.000.000) 03/10 16:04:36 Started transferring input files
	Transferring to host: <128.142.248.101:9618?addrs=128.142.248.101-9618+[2001-1458-301-73--100-155]-9618&alias=b9g23p7156.cern.ch&noUDP&sock=slot1_16_4191_b044_26128>
...
040 (13689628.000.000) 03/10 16:04:36 Finished transferring input files
...
001 (13689628.000.000) 03/10 16:04:37 Job executing on host: <128.142.248.101:9618?addrs=128.142.248.101-9618+[2001-1458-301-73--100-155]-9618&alias=b9g23p7156.cern.ch&noUDP&sock=startd_3626_b67f>
	SlotName: slot1_16@b9g23p7156.cern.ch
	CondorScratchDir = "/pool/condor/dir_3604961"
	Cpus = 1
	Disk = 3851
	GPUs = 0
	Memory = 3000
...
006 (13689628.000.000) 03/10 16:04:50 Image size of job updated: 91924
	90  -  MemoryUsage of job (MB)
	91924  -  ResidentSetSize of job (KB)
...
006 (13689628.000.000) 03/10 16:09:50 Image size of job updated: 741864
	725  -  MemoryUsage of job (MB)
	741864  -  ResidentSetSize of job (KB)
...
006 (13689628.000.000) 03/10 16:14:51 Image size of job updated: 787504
	770  -  MemoryUsage of job (MB)
	787504  -  ResidentSetSize of job (KB)
...
006 (13689628.000.000) 03/10 16:19:51 Image size of job updated: 828680
	810  -  MemoryUsage of job (MB)
	828680  -  ResidentSetSize of job (KB)
...
006 (13689628.000.000) 03/10 16:24:51 Image size of job updated: 876888
	857  -  MemoryUsage of job (MB)
	876888  -  ResidentSetSize of job (KB)
...
006 (13689628.000.000) 03/10 16:29:52 Image size of job updated: 907508
	887  -  MemoryUsage of job (MB)
	907508  -  ResidentSetSize of job (KB)
...
006 (13689628.000.000) 03/10 16:34:53 Image size of job updated: 944204
	923  -  MemoryUsage of job (MB)
	944204  -  ResidentSetSize of job (KB)
...
006 (13689628.000.000) 03/10 16:39:53 Image size of job updated: 977388
	955  -  MemoryUsage of job (MB)
	977388  -  ResidentSetSize of job (KB)
...
006 (13689628.000.000) 03/10 16:44:54 Image size of job updated: 1011940
	989  -  MemoryUsage of job (MB)
	1011940  -  ResidentSetSize of job (KB)
...
006 (13689628.000.000) 03/10 16:49:55 Image size of job updated: 1037652
	1014  -  MemoryUsage of job (MB)
	1037652  -  ResidentSetSize of job (KB)
...
006 (13689628.000.000) 03/10 16:54:55 Image size of job updated: 1064460
	1040  -  MemoryUsage of job (MB)
	1064460  -  ResidentSetSize of job (KB)
...
006 (13689628.000.000) 03/10 16:59:56 Image size of job updated: 1099296
	1074  -  MemoryUsage of job (MB)
	1099296  -  ResidentSetSize of job (KB)
...
006 (13689628.000.000) 03/10 17:04:57 Image size of job updated: 1123420
	1098  -  MemoryUsage of job (MB)
	1123420  -  ResidentSetSize of job (KB)
...
006 (13689628.000.000) 03/10 17:09:57 Image size of job updated: 1152832
	1126  -  MemoryUsage of job (MB)
	1152832  -  ResidentSetSize of job (KB)
...
006 (13689628.000.000) 03/10 17:14:57 Image size of job updated: 1186636
	1159  -  MemoryUsage of job (MB)
	1186636  -  ResidentSetSize of job (KB)
...
006 (13689628.000.000) 03/10 17:19:58 Image size of job updated: 1209188
	1181  -  MemoryUsage of job (MB)
	1209188  -  ResidentSetSize of job (KB)
...
006 (13689628.000.000) 03/10 17:24:58 Image size of job updated: 1239788
	1211  -  MemoryUsage of job (MB)
	1239788  -  ResidentSetSize of job (KB)
...
006 (13689628.000.000) 03/10 17:29:58 Image size of job updated: 1605924
	1321  -  MemoryUsage of job (MB)
	1352532  -  ResidentSetSize of job (KB)
...
040 (13689628.000.000) 03/10 17:30:04 Started transferring output files
...
040 (13689628.000.000) 03/10 17:30:04 Finished transferring output files
...
005 (13689628.000.000) 03/10 17:30:04 Job terminated.
	(1) Normal termination (return value 0)
		Usr 0 00:46:33, Sys 0 00:00:39  -  Run Remote Usage
		Usr 0 00:00:00, Sys 0 00:00:00  -  Run Local Usage
		Usr 0 00:46:33, Sys 0 00:00:39  -  Total Remote Usage
		Usr 0 00:00:00, Sys 0 00:00:00  -  Total Local Usage
	5939  -  Run Bytes Sent By Job
	11052  -  Run Bytes Received By Job
	5939  -  Total Bytes Sent By Job
	11052  -  Total Bytes Received By Job
	Partitionable Resources :     Usage  Request Allocated 
	   Cpus                 :      0.92        1         1 
	   Disk (KB)            : 175665          12      3851 
	   GPUs                 :                            0 
	   Memory (MB)          :   1321        3000      3000 

	Job terminated of its own accord at 2025-03-10T16:30:04Z with exit-code 0.
...
