000 (13689599.000.000) 03/10 16:00:45 Job submitted from host: <137.138.120.116:9618?addrs=137.138.120.116-9618+[2001-1458-d00-16--17b]-9618&alias=bigbird12.cern.ch&noUDP&sock=schedd_5055_e355>
...
040 (13689599.000.000) 03/10 16:04:30 Started transferring input files
	Transferring to host: <188.185.214.32:9618?addrs=188.185.214.32-9618+[2001-1458-303-1c--100-1c]-9618&alias=b9p29p2257.cern.ch&noUDP&sock=slot1_29_7649_2990_85475>
...
040 (13689599.000.000) 03/10 16:04:30 Finished transferring input files
...
001 (13689599.000.000) 03/10 16:04:31 Job executing on host: <188.185.214.32:9618?addrs=188.185.214.32-9618+[2001-1458-303-1c--100-1c]-9618&alias=b9p29p2257.cern.ch&noUDP&sock=startd_6751_33f4>
	SlotName: slot1_29@b9p29p2257.cern.ch
	CondorScratchDir = "/pool/condor/dir_1510824"
	Cpus = 1
	Disk = 3853
	GPUs = 0
	Memory = 3000
...
006 (13689599.000.000) 03/10 16:04:40 Image size of job updated: 472940
	462  -  MemoryUsage of job (MB)
	472940  -  ResidentSetSize of job (KB)
...
006 (13689599.000.000) 03/10 16:09:41 Image size of job updated: 1715776
	1676  -  MemoryUsage of job (MB)
	1715776  -  ResidentSetSize of job (KB)
...
006 (13689599.000.000) 03/10 16:14:41 Image size of job updated: 1787188
	1746  -  MemoryUsage of job (MB)
	1787188  -  ResidentSetSize of job (KB)
...
040 (13689599.000.000) 03/10 16:15:37 Started transferring output files
...
040 (13689599.000.000) 03/10 16:15:37 Finished transferring output files
...
005 (13689599.000.000) 03/10 16:15:37 Job terminated.
	(1) Normal termination (return value 0)
		Usr 0 00:04:48, Sys 0 00:00:15  -  Run Remote Usage
		Usr 0 00:00:00, Sys 0 00:00:00  -  Run Local Usage
		Usr 0 00:04:48, Sys 0 00:00:15  -  Total Remote Usage
		Usr 0 00:00:00, Sys 0 00:00:00  -  Total Local Usage
	3147  -  Run Bytes Sent By Job
	11052  -  Run Bytes Received By Job
	3147  -  Total Bytes Sent By Job
	11052  -  Total Bytes Received By Job
	Partitionable Resources :    Usage  Request Allocated 
	   Cpus                 :     0.05        1         1 
	   Disk (KB)            : 29133          12      3853 
	   GPUs                 :                           0 
	   Memory (MB)          :  1746        3000      3000 

	Job terminated of its own accord at 2025-03-10T15:15:37Z with exit-code 0.
...
