000 (13689704.000.000) 03/10 16:01:51 Job submitted from host: <137.138.120.116:9618?addrs=137.138.120.116-9618+[2001-1458-d00-16--17b]-9618&alias=bigbird12.cern.ch&noUDP&sock=schedd_5055_e355>
...
040 (13689704.000.000) 03/10 16:43:08 Started transferring input files
	Transferring to host: <188.185.213.46:9618?addrs=188.185.213.46-9618+[2001-1458-303-1a--100-2a]-9618&alias=b9p27p1148.cern.ch&noUDP&sock=slot1_15_4540_9732_34314>
...
040 (13689704.000.000) 03/10 16:43:08 Finished transferring input files
...
001 (13689704.000.000) 03/10 16:43:09 Job executing on host: <188.185.213.46:9618?addrs=188.185.213.46-9618+[2001-1458-303-1a--100-2a]-9618&alias=b9p27p1148.cern.ch&noUDP&sock=startd_3795_a200>
	SlotName: slot1_15@b9p27p1148.cern.ch
	CondorScratchDir = "/pool/condor/dir_4094818"
	Cpus = 1
	Disk = 3832
	GPUs = 0
	Memory = 3000
...
006 (13689704.000.000) 03/10 16:43:23 Image size of job updated: 159712
	156  -  MemoryUsage of job (MB)
	159712  -  ResidentSetSize of job (KB)
...
006 (13689704.000.000) 03/10 16:48:24 Image size of job updated: 765420
	748  -  MemoryUsage of job (MB)
	765420  -  ResidentSetSize of job (KB)
...
006 (13689704.000.000) 03/10 16:53:24 Image size of job updated: 836088
	817  -  MemoryUsage of job (MB)
	836088  -  ResidentSetSize of job (KB)
...
006 (13689704.000.000) 03/10 16:58:25 Image size of job updated: 894592
	874  -  MemoryUsage of job (MB)
	894592  -  ResidentSetSize of job (KB)
...
006 (13689704.000.000) 03/10 17:02:17 Image size of job updated: 1102328
	874  -  MemoryUsage of job (MB)
	894592  -  ResidentSetSize of job (KB)
...
040 (13689704.000.000) 03/10 17:02:17 Started transferring output files
...
040 (13689704.000.000) 03/10 17:02:17 Finished transferring output files
...
005 (13689704.000.000) 03/10 17:02:17 Job terminated.
	(1) Normal termination (return value 0)
		Usr 0 00:09:08, Sys 0 00:00:14  -  Run Remote Usage
		Usr 0 00:00:00, Sys 0 00:00:00  -  Run Local Usage
		Usr 0 00:09:08, Sys 0 00:00:14  -  Total Remote Usage
		Usr 0 00:00:00, Sys 0 00:00:00  -  Total Local Usage
	3631  -  Run Bytes Sent By Job
	11052  -  Run Bytes Received By Job
	3631  -  Total Bytes Sent By Job
	11052  -  Total Bytes Received By Job
	Partitionable Resources :    Usage  Request Allocated 
	   Cpus                 :     0.92        1         1 
	   Disk (KB)            : 63316          12      3832 
	   GPUs                 :                           0 
	   Memory (MB)          :   874        3000      3000 

	Job terminated of its own accord at 2025-03-10T16:02:17Z with exit-code 0.
...
