000 (13689543.000.000) 03/10 16:00:04 Job submitted from host: <137.138.120.116:9618?addrs=137.138.120.116-9618+[2001-1458-d00-16--17b]-9618&alias=bigbird12.cern.ch&noUDP&sock=schedd_5055_e355>
...
040 (13689543.000.000) 03/10 16:04:04 Started transferring input files
	Transferring to host: <188.185.206.59:9618?addrs=188.185.206.59-9618+[2001-1458-303-b--100-38]-9618&alias=b9p05p8308.cern.ch&noUDP&sock=slot1_21_3762_6b52_10133>
...
040 (13689543.000.000) 03/10 16:04:04 Finished transferring input files
...
001 (13689543.000.000) 03/10 16:04:05 Job executing on host: <188.185.206.59:9618?addrs=188.185.206.59-9618+[2001-1458-303-b--100-38]-9618&alias=b9p05p8308.cern.ch&noUDP&sock=startd_3419_ba64>
	SlotName: slot1_21@b9p05p8308.cern.ch
	CondorScratchDir = "/pool/condor/dir_1663727"
	Cpus = 1
	Disk = 3674
	GPUs = 0
	Memory = 3000
...
006 (13689543.000.000) 03/10 16:04:19 Image size of job updated: 134152
	132  -  MemoryUsage of job (MB)
	134152  -  ResidentSetSize of job (KB)
...
006 (13689543.000.000) 03/10 16:09:20 Image size of job updated: 776188
	758  -  MemoryUsage of job (MB)
	776188  -  ResidentSetSize of job (KB)
...
006 (13689543.000.000) 03/10 16:14:20 Image size of job updated: 852120
	833  -  MemoryUsage of job (MB)
	852120  -  ResidentSetSize of job (KB)
...
006 (13689543.000.000) 03/10 16:19:20 Image size of job updated: 916816
	896  -  MemoryUsage of job (MB)
	916816  -  ResidentSetSize of job (KB)
...
006 (13689543.000.000) 03/10 16:24:21 Image size of job updated: 971504
	949  -  MemoryUsage of job (MB)
	971504  -  ResidentSetSize of job (KB)
...
006 (13689543.000.000) 03/10 16:29:21 Image size of job updated: 1024508
	1001  -  MemoryUsage of job (MB)
	1024508  -  ResidentSetSize of job (KB)
...
006 (13689543.000.000) 03/10 16:34:23 Image size of job updated: 1078440
	1054  -  MemoryUsage of job (MB)
	1078440  -  ResidentSetSize of job (KB)
...
006 (13689543.000.000) 03/10 16:39:23 Image size of job updated: 1129440
	1103  -  MemoryUsage of job (MB)
	1129440  -  ResidentSetSize of job (KB)
...
006 (13689543.000.000) 03/10 16:44:23 Image size of job updated: 1179812
	1153  -  MemoryUsage of job (MB)
	1179812  -  ResidentSetSize of job (KB)
...
006 (13689543.000.000) 03/10 16:49:24 Image size of job updated: 1231264
	1203  -  MemoryUsage of job (MB)
	1231264  -  ResidentSetSize of job (KB)
...
006 (13689543.000.000) 03/10 16:54:24 Image size of job updated: 1283464
	1254  -  MemoryUsage of job (MB)
	1283464  -  ResidentSetSize of job (KB)
...
006 (13689543.000.000) 03/10 16:58:37 Image size of job updated: 1658840
	1254  -  MemoryUsage of job (MB)
	1283464  -  ResidentSetSize of job (KB)
...
040 (13689543.000.000) 03/10 16:58:37 Started transferring output files
...
040 (13689543.000.000) 03/10 16:58:37 Finished transferring output files
...
005 (13689543.000.000) 03/10 16:58:37 Job terminated.
	(1) Normal termination (return value 0)
		Usr 0 00:23:40, Sys 0 00:00:26  -  Run Remote Usage
		Usr 0 00:00:00, Sys 0 00:00:00  -  Run Local Usage
		Usr 0 00:23:40, Sys 0 00:00:26  -  Total Remote Usage
		Usr 0 00:00:00, Sys 0 00:00:00  -  Total Local Usage
	5885  -  Run Bytes Sent By Job
	11046  -  Run Bytes Received By Job
	5885  -  Total Bytes Sent By Job
	11046  -  Total Bytes Received By Job
	Partitionable Resources :     Usage  Request Allocated 
	   Cpus                 :      0.77        1         1 
	   Disk (KB)            : 192033          12      3674 
	   GPUs                 :                            0 
	   Memory (MB)          :   1254        3000      3000 

	Job terminated of its own accord at 2025-03-10T15:58:37Z with exit-code 0.
...
