000 (13689662.000.000) 03/10 16:01:19 Job submitted from host: <137.138.120.116:9618?addrs=137.138.120.116-9618+[2001-1458-d00-16--17b]-9618&alias=bigbird12.cern.ch&noUDP&sock=schedd_5055_e355>
...
040 (13689662.000.000) 03/10 16:16:14 Started transferring input files
	Transferring to host: <188.185.214.14:9618?addrs=188.185.214.14-9618+[2001-1458-303-1c--100-a]-9618&alias=b9p29p1220.cern.ch&noUDP&sock=slot1_11_3967_dc3a_95221>
...
040 (13689662.000.000) 03/10 16:16:14 Finished transferring input files
...
001 (13689662.000.000) 03/10 16:16:15 Job executing on host: <188.185.214.14:9618?addrs=188.185.214.14-9618+[2001-1458-303-1c--100-a]-9618&alias=b9p29p1220.cern.ch&noUDP&sock=startd_3241_a288>
	SlotName: slot1_11@b9p29p1220.cern.ch
	CondorScratchDir = "/pool/condor/dir_2584006"
	Cpus = 1
	Disk = 3897
	GPUs = 0
	Memory = 3000
...
006 (13689662.000.000) 03/10 16:16:24 Image size of job updated: 132864
	130  -  MemoryUsage of job (MB)
	132864  -  ResidentSetSize of job (KB)
...
006 (13689662.000.000) 03/10 16:21:25 Image size of job updated: 777004
	759  -  MemoryUsage of job (MB)
	777004  -  ResidentSetSize of job (KB)
...
006 (13689662.000.000) 03/10 16:26:25 Image size of job updated: 845892
	827  -  MemoryUsage of job (MB)
	845892  -  ResidentSetSize of job (KB)
...
006 (13689662.000.000) 03/10 16:31:26 Image size of job updated: 905436
	885  -  MemoryUsage of job (MB)
	905436  -  ResidentSetSize of job (KB)
...
006 (13689662.000.000) 03/10 16:36:27 Image size of job updated: 955980
	934  -  MemoryUsage of job (MB)
	955980  -  ResidentSetSize of job (KB)
...
006 (13689662.000.000) 03/10 16:41:27 Image size of job updated: 1006492
	983  -  MemoryUsage of job (MB)
	1006492  -  ResidentSetSize of job (KB)
...
006 (13689662.000.000) 03/10 16:46:27 Image size of job updated: 1044800
	1021  -  MemoryUsage of job (MB)
	1044800  -  ResidentSetSize of job (KB)
...
006 (13689662.000.000) 03/10 16:51:29 Image size of job updated: 1089832
	1065  -  MemoryUsage of job (MB)
	1089832  -  ResidentSetSize of job (KB)
...
006 (13689662.000.000) 03/10 16:56:29 Image size of job updated: 1133588
	1108  -  MemoryUsage of job (MB)
	1133588  -  ResidentSetSize of job (KB)
...
006 (13689662.000.000) 03/10 17:01:29 Image size of job updated: 1166640
	1140  -  MemoryUsage of job (MB)
	1166640  -  ResidentSetSize of job (KB)
...
006 (13689662.000.000) 03/10 17:06:30 Image size of job updated: 1209016
	1181  -  MemoryUsage of job (MB)
	1209016  -  ResidentSetSize of job (KB)
...
006 (13689662.000.000) 03/10 17:11:31 Image size of job updated: 1251208
	1222  -  MemoryUsage of job (MB)
	1251208  -  ResidentSetSize of job (KB)
...
006 (13689662.000.000) 03/10 17:16:31 Image size of job updated: 1293332
	1264  -  MemoryUsage of job (MB)
	1293332  -  ResidentSetSize of job (KB)
...
040 (13689662.000.000) 03/10 17:18:22 Started transferring output files
...
040 (13689662.000.000) 03/10 17:18:22 Finished transferring output files
...
005 (13689662.000.000) 03/10 17:18:22 Job terminated.
	(1) Normal termination (return value 0)
		Usr 0 00:28:51, Sys 0 00:00:35  -  Run Remote Usage
		Usr 0 00:00:00, Sys 0 00:00:00  -  Run Local Usage
		Usr 0 00:28:51, Sys 0 00:00:35  -  Total Remote Usage
		Usr 0 00:00:00, Sys 0 00:00:00  -  Total Local Usage
	5730  -  Run Bytes Sent By Job
	11052  -  Run Bytes Received By Job
	5730  -  Total Bytes Sent By Job
	11052  -  Total Bytes Received By Job
	Partitionable Resources :     Usage  Request Allocated 
	   Cpus                 :      0.56        1         1 
	   Disk (KB)            : 185079          12      3897 
	   GPUs                 :                            0 
	   Memory (MB)          :   1264        3000      3000 

	Job terminated of its own accord at 2025-03-10T16:18:22Z with exit-code 0.
...
