000 (13689491.000.000) 03/10 15:58:55 Job submitted from host: <137.138.120.116:9618?addrs=137.138.120.116-9618+[2001-1458-d00-16--17b]-9618&alias=bigbird12.cern.ch&noUDP&sock=schedd_5055_e355>
...
040 (13689491.000.000) 03/10 16:01:21 Started transferring input files
	Transferring to host: <188.185.211.57:9618?addrs=188.185.211.57-9618+[2001-1458-303-16--100-35]-9618&alias=b9p23p9814.cern.ch&noUDP&sock=slot1_25_3876_be17_103937>
...
040 (13689491.000.000) 03/10 16:01:21 Finished transferring input files
...
001 (13689491.000.000) 03/10 16:01:22 Job executing on host: <188.185.211.57:9618?addrs=188.185.211.57-9618+[2001-1458-303-16--100-35]-9618&alias=b9p23p9814.cern.ch&noUDP&sock=startd_3072_b707>
	SlotName: slot1_25@b9p23p9814.cern.ch
	CondorScratchDir = "/pool/condor/dir_2422465"
	Cpus = 1
	Disk = 3743
	GPUs = 0
	Memory = 3000
...
006 (13689491.000.000) 03/10 16:01:30 Image size of job updated: 136024
	133  -  MemoryUsage of job (MB)
	136024  -  ResidentSetSize of job (KB)
...
006 (13689491.000.000) 03/10 16:03:17 Image size of job updated: 359560
	352  -  MemoryUsage of job (MB)
	359560  -  ResidentSetSize of job (KB)
...
040 (13689491.000.000) 03/10 16:03:17 Started transferring output files
...
040 (13689491.000.000) 03/10 16:03:18 Finished transferring output files
...
005 (13689491.000.000) 03/10 16:03:18 Job terminated.
	(1) Normal termination (return value 0)
		Usr 0 00:00:32, Sys 0 00:00:09  -  Run Remote Usage
		Usr 0 00:00:00, Sys 0 00:00:00  -  Run Local Usage
		Usr 0 00:00:32, Sys 0 00:00:09  -  Total Remote Usage
		Usr 0 00:00:00, Sys 0 00:00:00  -  Total Local Usage
	2809  -  Run Bytes Sent By Job
	11046  -  Run Bytes Received By Job
	2809  -  Total Bytes Sent By Job
	11046  -  Total Bytes Received By Job
	Partitionable Resources :    Usage  Request Allocated 
	   Cpus                 :        0        1         1 
	   Disk (KB)            :    10061       12      3743 
	   GPUs                 :                           0 
	   Memory (MB)          :      352     3000      3000 

	Job terminated of its own accord at 2025-03-10T15:03:17Z with exit-code 0.
...
