000 (13689617.000.000) 03/10 16:00:54 Job submitted from host: <137.138.120.116:9618?addrs=137.138.120.116-9618+[2001-1458-d00-16--17b]-9618&alias=bigbird12.cern.ch&noUDP&sock=schedd_5055_e355>
...
040 (13689617.000.000) 03/10 16:04:47 Started transferring input files
	Transferring to host: <188.185.198.118:9618?addrs=188.185.198.118-9618+[2001-1458-303-25--100-72]-9618&alias=b9p15p7770.cern.ch&noUDP&sock=slot1_24_9430_09b9_21037>
...
040 (13689617.000.000) 03/10 16:04:47 Finished transferring input files
...
001 (13689617.000.000) 03/10 16:04:48 Job executing on host: <188.185.198.118:9618?addrs=188.185.198.118-9618+[2001-1458-303-25--100-72]-9618&alias=b9p15p7770.cern.ch&noUDP&sock=startd_8167_760f>
	SlotName: slot1_24@b9p15p7770.cern.ch
	CondorScratchDir = "/pool/condor/dir_1486365"
	Cpus = 1
	Disk = 3913
	GPUs = 0
	Memory = 3000
...
006 (13689617.000.000) 03/10 16:05:01 Image size of job updated: 131804
	129  -  MemoryUsage of job (MB)
	131804  -  ResidentSetSize of job (KB)
...
006 (13689617.000.000) 03/10 16:10:01 Image size of job updated: 750492
	733  -  MemoryUsage of job (MB)
	750492  -  ResidentSetSize of job (KB)
...
006 (13689617.000.000) 03/10 16:15:02 Image size of job updated: 806156
	788  -  MemoryUsage of job (MB)
	806156  -  ResidentSetSize of job (KB)
...
006 (13689617.000.000) 03/10 16:20:02 Image size of job updated: 862612
	843  -  MemoryUsage of job (MB)
	862612  -  ResidentSetSize of job (KB)
...
006 (13689617.000.000) 03/10 16:25:02 Image size of job updated: 900172
	880  -  MemoryUsage of job (MB)
	900172  -  ResidentSetSize of job (KB)
...
006 (13689617.000.000) 03/10 16:30:03 Image size of job updated: 947288
	926  -  MemoryUsage of job (MB)
	947288  -  ResidentSetSize of job (KB)
...
006 (13689617.000.000) 03/10 16:35:03 Image size of job updated: 984316
	962  -  MemoryUsage of job (MB)
	984316  -  ResidentSetSize of job (KB)
...
006 (13689617.000.000) 03/10 16:40:04 Image size of job updated: 1020176
	997  -  MemoryUsage of job (MB)
	1020176  -  ResidentSetSize of job (KB)
...
006 (13689617.000.000) 03/10 16:45:05 Image size of job updated: 1055276
	1031  -  MemoryUsage of job (MB)
	1055276  -  ResidentSetSize of job (KB)
...
006 (13689617.000.000) 03/10 16:50:05 Image size of job updated: 1089440
	1064  -  MemoryUsage of job (MB)
	1089440  -  ResidentSetSize of job (KB)
...
006 (13689617.000.000) 03/10 16:55:06 Image size of job updated: 1124888
	1099  -  MemoryUsage of job (MB)
	1124888  -  ResidentSetSize of job (KB)
...
006 (13689617.000.000) 03/10 17:00:07 Image size of job updated: 1158228
	1132  -  MemoryUsage of job (MB)
	1158228  -  ResidentSetSize of job (KB)
...
006 (13689617.000.000) 03/10 17:05:07 Image size of job updated: 1190508
	1163  -  MemoryUsage of job (MB)
	1190508  -  ResidentSetSize of job (KB)
...
006 (13689617.000.000) 03/10 17:10:08 Image size of job updated: 1224944
	1197  -  MemoryUsage of job (MB)
	1224944  -  ResidentSetSize of job (KB)
...
006 (13689617.000.000) 03/10 17:14:14 Image size of job updated: 1585296
	1197  -  MemoryUsage of job (MB)
	1224944  -  ResidentSetSize of job (KB)
...
040 (13689617.000.000) 03/10 17:14:14 Started transferring output files
...
040 (13689617.000.000) 03/10 17:14:14 Finished transferring output files
...
005 (13689617.000.000) 03/10 17:14:14 Job terminated.
	(1) Normal termination (return value 0)
		Usr 0 00:38:46, Sys 0 00:00:52  -  Run Remote Usage
		Usr 0 00:00:00, Sys 0 00:00:00  -  Run Local Usage
		Usr 0 00:38:46, Sys 0 00:00:52  -  Total Remote Usage
		Usr 0 00:00:00, Sys 0 00:00:00  -  Total Local Usage
	5883  -  Run Bytes Sent By Job
	11052  -  Run Bytes Received By Job
	5883  -  Total Bytes Sent By Job
	11052  -  Total Bytes Received By Job
	Partitionable Resources :     Usage  Request Allocated 
	   Cpus                 :      0.65        1         1 
	   Disk (KB)            : 170741          12      3913 
	   GPUs                 :                            0 
	   Memory (MB)          :   1197        3000      3000 

	Job terminated of its own accord at 2025-03-10T16:14:14Z with exit-code 0.
...
