000 (13689528.000.000) 03/10 15:59:45 Job submitted from host: <137.138.120.116:9618?addrs=137.138.120.116-9618+[2001-1458-d00-16--17b]-9618&alias=bigbird12.cern.ch&noUDP&sock=schedd_5055_e355>
...
040 (13689528.000.000) 03/10 16:03:59 Started transferring input files
	Transferring to host: <188.185.207.136:9618?addrs=188.185.207.136-9618+[2001-1458-303-e--100-5]-9618&alias=b9p08p2600.cern.ch&noUDP&sock=slot1_6_1164073_7c42_99954>
...
040 (13689528.000.000) 03/10 16:03:59 Finished transferring input files
...
001 (13689528.000.000) 03/10 16:04:00 Job executing on host: <188.185.207.136:9618?addrs=188.185.207.136-9618+[2001-1458-303-e--100-5]-9618&alias=b9p08p2600.cern.ch&noUDP&sock=startd_4168_7ad3>
	SlotName: slot1_6@b9p08p2600.cern.ch
	CondorScratchDir = "/pool/condor/dir_2689900"
	Cpus = 1
	Disk = 3638
	GPUs = 0
	Memory = 3000
...
006 (13689528.000.000) 03/10 16:04:09 Image size of job updated: 138664
	136  -  MemoryUsage of job (MB)
	138664  -  ResidentSetSize of job (KB)
...
006 (13689528.000.000) 03/10 16:09:11 Image size of job updated: 1148212
	1122  -  MemoryUsage of job (MB)
	1148212  -  ResidentSetSize of job (KB)
...
006 (13689528.000.000) 03/10 16:14:11 Image size of job updated: 1216276
	1188  -  MemoryUsage of job (MB)
	1216276  -  ResidentSetSize of job (KB)
...
006 (13689528.000.000) 03/10 16:19:11 Image size of job updated: 1281564
	1252  -  MemoryUsage of job (MB)
	1281564  -  ResidentSetSize of job (KB)
...
006 (13689528.000.000) 03/10 16:24:12 Image size of job updated: 1338264
	1307  -  MemoryUsage of job (MB)
	1338264  -  ResidentSetSize of job (KB)
...
006 (13689528.000.000) 03/10 16:29:13 Image size of job updated: 1389536
	1357  -  MemoryUsage of job (MB)
	1389536  -  ResidentSetSize of job (KB)
...
006 (13689528.000.000) 03/10 16:34:13 Image size of job updated: 1438884
	1406  -  MemoryUsage of job (MB)
	1438884  -  ResidentSetSize of job (KB)
...
006 (13689528.000.000) 03/10 16:39:14 Image size of job updated: 1487776
	1453  -  MemoryUsage of job (MB)
	1487776  -  ResidentSetSize of job (KB)
...
006 (13689528.000.000) 03/10 16:44:15 Image size of job updated: 1539808
	1504  -  MemoryUsage of job (MB)
	1539808  -  ResidentSetSize of job (KB)
...
006 (13689528.000.000) 03/10 16:49:15 Image size of job updated: 1590560
	1554  -  MemoryUsage of job (MB)
	1590560  -  ResidentSetSize of job (KB)
...
006 (13689528.000.000) 03/10 16:54:15 Image size of job updated: 1736868
	1697  -  MemoryUsage of job (MB)
	1736868  -  ResidentSetSize of job (KB)
...
040 (13689528.000.000) 03/10 16:54:36 Started transferring output files
...
040 (13689528.000.000) 03/10 16:54:36 Finished transferring output files
...
005 (13689528.000.000) 03/10 16:54:36 Job terminated.
	(1) Normal termination (return value 0)
		Usr 0 00:24:55, Sys 0 00:00:31  -  Run Remote Usage
		Usr 0 00:00:00, Sys 0 00:00:00  -  Run Local Usage
		Usr 0 00:24:55, Sys 0 00:00:31  -  Total Remote Usage
		Usr 0 00:00:00, Sys 0 00:00:00  -  Total Local Usage
	5565  -  Run Bytes Sent By Job
	11046  -  Run Bytes Received By Job
	5565  -  Total Bytes Sent By Job
	11046  -  Total Bytes Received By Job
	Partitionable Resources :     Usage  Request Allocated 
	   Cpus                 :      0.89        1         1 
	   Disk (KB)            : 170497          12      3638 
	   GPUs                 :                            0 
	   Memory (MB)          :   1697        3000      3000 

	Job terminated of its own accord at 2025-03-10T15:54:36Z with exit-code 0.
...
