000 (13689622.000.000) 03/10 16:00:57 Job submitted from host: <137.138.120.116:9618?addrs=137.138.120.116-9618+[2001-1458-d00-16--17b]-9618&alias=bigbird12.cern.ch&noUDP&sock=schedd_5055_e355>
...
040 (13689622.000.000) 03/10 16:04:30 Started transferring input files
	Transferring to host: <188.185.215.91:9618?addrs=188.185.215.91-9618+[2001-1458-303-1e--100-57]-9618&alias=b9p31p3494.cern.ch&noUDP&sock=slot1_18_74167_1c61_44633>
...
040 (13689622.000.000) 03/10 16:04:30 Finished transferring input files
...
001 (13689622.000.000) 03/10 16:04:31 Job executing on host: <188.185.215.91:9618?addrs=188.185.215.91-9618+[2001-1458-303-1e--100-57]-9618&alias=b9p31p3494.cern.ch&noUDP&sock=startd_3967_9c4a>
	SlotName: slot1_18@b9p31p3494.cern.ch
	CondorScratchDir = "/pool/condor/dir_2538800"
	Cpus = 1
	Disk = 3820
	GPUs = 0
	Memory = 3000
...
006 (13689622.000.000) 03/10 16:04:40 Image size of job updated: 136720
	134  -  MemoryUsage of job (MB)
	136720  -  ResidentSetSize of job (KB)
...
006 (13689622.000.000) 03/10 16:09:41 Image size of job updated: 1109680
	1084  -  MemoryUsage of job (MB)
	1109680  -  ResidentSetSize of job (KB)
...
006 (13689622.000.000) 03/10 16:14:41 Image size of job updated: 1169272
	1142  -  MemoryUsage of job (MB)
	1169272  -  ResidentSetSize of job (KB)
...
006 (13689622.000.000) 03/10 16:19:41 Image size of job updated: 1232348
	1204  -  MemoryUsage of job (MB)
	1232348  -  ResidentSetSize of job (KB)
...
006 (13689622.000.000) 03/10 16:24:43 Image size of job updated: 1285864
	1256  -  MemoryUsage of job (MB)
	1285864  -  ResidentSetSize of job (KB)
...
006 (13689622.000.000) 03/10 16:29:43 Image size of job updated: 1334736
	1304  -  MemoryUsage of job (MB)
	1334736  -  ResidentSetSize of job (KB)
...
006 (13689622.000.000) 03/10 16:34:43 Image size of job updated: 1376384
	1345  -  MemoryUsage of job (MB)
	1376384  -  ResidentSetSize of job (KB)
...
006 (13689622.000.000) 03/10 16:39:44 Image size of job updated: 1423640
	1391  -  MemoryUsage of job (MB)
	1423640  -  ResidentSetSize of job (KB)
...
006 (13689622.000.000) 03/10 16:44:45 Image size of job updated: 1464384
	1431  -  MemoryUsage of job (MB)
	1464384  -  ResidentSetSize of job (KB)
...
006 (13689622.000.000) 03/10 16:49:45 Image size of job updated: 1503316
	1469  -  MemoryUsage of job (MB)
	1503316  -  ResidentSetSize of job (KB)
...
006 (13689622.000.000) 03/10 16:54:46 Image size of job updated: 1549104
	1513  -  MemoryUsage of job (MB)
	1549104  -  ResidentSetSize of job (KB)
...
006 (13689622.000.000) 03/10 16:59:47 Image size of job updated: 1585420
	1549  -  MemoryUsage of job (MB)
	1585420  -  ResidentSetSize of job (KB)
...
040 (13689622.000.000) 03/10 17:03:42 Started transferring output files
...
040 (13689622.000.000) 03/10 17:03:42 Finished transferring output files
...
005 (13689622.000.000) 03/10 17:03:42 Job terminated.
	(1) Normal termination (return value 0)
		Usr 0 00:28:41, Sys 0 00:00:32  -  Run Remote Usage
		Usr 0 00:00:00, Sys 0 00:00:00  -  Run Local Usage
		Usr 0 00:28:41, Sys 0 00:00:32  -  Total Remote Usage
		Usr 0 00:00:00, Sys 0 00:00:00  -  Total Local Usage
	5730  -  Run Bytes Sent By Job
	11052  -  Run Bytes Received By Job
	5730  -  Total Bytes Sent By Job
	11052  -  Total Bytes Received By Job
	Partitionable Resources :     Usage  Request Allocated 
	   Cpus                 :      0.40        1         1 
	   Disk (KB)            : 178854          12      3820 
	   GPUs                 :                            0 
	   Memory (MB)          :   1549        3000      3000 

	Job terminated of its own accord at 2025-03-10T16:03:42Z with exit-code 0.
...
