000 (13689716.000.000) 03/10 16:01:59 Job submitted from host: <137.138.120.116:9618?addrs=137.138.120.116-9618+[2001-1458-d00-16--17b]-9618&alias=bigbird12.cern.ch&noUDP&sock=schedd_5055_e355>
...
040 (13689716.000.000) 03/10 16:43:38 Started transferring input files
	Transferring to host: <188.185.193.13:9618?addrs=188.185.193.13-9618+[2001-1458-303-20--100-9]-9618&alias=b9p19p6329.cern.ch&noUDP&sock=slot1_12_1960192_5758_109116>
...
040 (13689716.000.000) 03/10 16:43:38 Finished transferring input files
...
001 (13689716.000.000) 03/10 16:43:39 Job executing on host: <188.185.193.13:9618?addrs=188.185.193.13-9618+[2001-1458-303-20--100-9]-9618&alias=b9p19p6329.cern.ch&noUDP&sock=startd_5191_2c36>
	SlotName: slot1_12@b9p19p6329.cern.ch
	CondorScratchDir = "/pool/condor/dir_3594915"
	Cpus = 1
	Disk = 3910
	GPUs = 0
	Memory = 3000
...
006 (13689716.000.000) 03/10 16:43:48 Image size of job updated: 1788
	2  -  MemoryUsage of job (MB)
	1788  -  ResidentSetSize of job (KB)
...
006 (13689716.000.000) 03/10 16:48:49 Image size of job updated: 1070200
	1046  -  MemoryUsage of job (MB)
	1070200  -  ResidentSetSize of job (KB)
...
040 (13689716.000.000) 03/10 16:49:42 Started transferring output files
...
040 (13689716.000.000) 03/10 16:49:42 Finished transferring output files
...
005 (13689716.000.000) 03/10 16:49:42 Job terminated.
	(1) Normal termination (return value 0)
		Usr 0 00:02:05, Sys 0 00:00:07  -  Run Remote Usage
		Usr 0 00:00:00, Sys 0 00:00:00  -  Run Local Usage
		Usr 0 00:02:05, Sys 0 00:00:07  -  Total Remote Usage
		Usr 0 00:00:00, Sys 0 00:00:00  -  Total Local Usage
	3136  -  Run Bytes Sent By Job
	11052  -  Run Bytes Received By Job
	3136  -  Total Bytes Sent By Job
	11052  -  Total Bytes Received By Job
	Partitionable Resources :    Usage  Request Allocated 
	   Cpus                 :     0.38        1         1 
	   Disk (KB)            : 14961          12      3910 
	   GPUs                 :                           0 
	   Memory (MB)          :  1046        3000      3000 

	Job terminated of its own accord at 2025-03-10T15:49:42Z with exit-code 0.
...
