000 (13689721.000.000) 03/10 16:02:03 Job submitted from host: <137.138.120.116:9618?addrs=137.138.120.116-9618+[2001-1458-d00-16--17b]-9618&alias=bigbird12.cern.ch&noUDP&sock=schedd_5055_e355>
...
040 (13689721.000.000) 03/10 16:43:40 Started transferring input files
	Transferring to host: <188.185.210.26:9618?addrs=188.185.210.26-9618+[2001-1458-303-1--100-16]-9618&alias=b9p21p4443.cern.ch&noUDP&sock=slot1_8_8946_0425_103608>
...
040 (13689721.000.000) 03/10 16:43:40 Finished transferring input files
...
001 (13689721.000.000) 03/10 16:43:41 Job executing on host: <188.185.210.26:9618?addrs=188.185.210.26-9618+[2001-1458-303-1--100-16]-9618&alias=b9p21p4443.cern.ch&noUDP&sock=startd_7738_33ee>
	SlotName: slot1_8@b9p21p4443.cern.ch
	CondorScratchDir = "/pool/condor/dir_1204625"
	Cpus = 1
	Disk = 3825
	GPUs = 0
	Memory = 3000
...
006 (13689721.000.000) 03/10 16:43:49 Image size of job updated: 145564
	143  -  MemoryUsage of job (MB)
	145564  -  ResidentSetSize of job (KB)
...
006 (13689721.000.000) 03/10 16:48:36 Image size of job updated: 376336
	368  -  MemoryUsage of job (MB)
	376336  -  ResidentSetSize of job (KB)
...
040 (13689721.000.000) 03/10 16:48:36 Started transferring output files
...
040 (13689721.000.000) 03/10 16:48:36 Finished transferring output files
...
005 (13689721.000.000) 03/10 16:48:36 Job terminated.
	(1) Normal termination (return value 0)
		Usr 0 00:01:37, Sys 0 00:00:09  -  Run Remote Usage
		Usr 0 00:00:00, Sys 0 00:00:00  -  Run Local Usage
		Usr 0 00:01:37, Sys 0 00:00:09  -  Total Remote Usage
		Usr 0 00:00:00, Sys 0 00:00:00  -  Total Local Usage
	2822  -  Run Bytes Sent By Job
	11052  -  Run Bytes Received By Job
	2822  -  Total Bytes Sent By Job
	11052  -  Total Bytes Received By Job
	Partitionable Resources :    Usage  Request Allocated 
	   Cpus                 :        0        1         1 
	   Disk (KB)            :    16113       12      3825 
	   GPUs                 :                           0 
	   Memory (MB)          :      368     3000      3000 

	Job terminated of its own accord at 2025-03-10T15:48:36Z with exit-code 0.
...
