000 (13689735.000.000) 03/10 16:02:11 Job submitted from host: <137.138.120.116:9618?addrs=137.138.120.116-9618+[2001-1458-d00-16--17b]-9618&alias=bigbird12.cern.ch&noUDP&sock=schedd_5055_e355>
...
040 (13689735.000.000) 03/10 16:43:45 Started transferring input files
	Transferring to host: <188.185.211.174:9618?addrs=188.185.211.174-9618+[2001-1458-303-17--100-2a]-9618&alias=b9p24p8227.cern.ch&noUDP&sock=slot1_33_7358_2064_103003>
...
040 (13689735.000.000) 03/10 16:43:45 Finished transferring input files
...
001 (13689735.000.000) 03/10 16:43:46 Job executing on host: <188.185.211.174:9618?addrs=188.185.211.174-9618+[2001-1458-303-17--100-2a]-9618&alias=b9p24p8227.cern.ch&noUDP&sock=startd_6073_26be>
	SlotName: slot1_33@b9p24p8227.cern.ch
	CondorScratchDir = "/pool/condor/dir_3979019"
	Cpus = 1
	Disk = 3775
	GPUs = 0
	Memory = 3000
...
006 (13689735.000.000) 03/10 16:43:55 Image size of job updated: 134016
	131  -  MemoryUsage of job (MB)
	134016  -  ResidentSetSize of job (KB)
...
006 (13689735.000.000) 03/10 16:46:21 Image size of job updated: 308056
	301  -  MemoryUsage of job (MB)
	308056  -  ResidentSetSize of job (KB)
...
040 (13689735.000.000) 03/10 16:46:21 Started transferring output files
...
040 (13689735.000.000) 03/10 16:46:21 Finished transferring output files
...
005 (13689735.000.000) 03/10 16:46:21 Job terminated.
	(1) Normal termination (return value 0)
		Usr 0 00:00:41, Sys 0 00:00:09  -  Run Remote Usage
		Usr 0 00:00:00, Sys 0 00:00:00  -  Run Local Usage
		Usr 0 00:00:41, Sys 0 00:00:09  -  Total Remote Usage
		Usr 0 00:00:00, Sys 0 00:00:00  -  Total Local Usage
	2821  -  Run Bytes Sent By Job
	11052  -  Run Bytes Received By Job
	2821  -  Total Bytes Sent By Job
	11052  -  Total Bytes Received By Job
	Partitionable Resources :    Usage  Request Allocated 
	   Cpus                 :        0        1         1 
	   Disk (KB)            :    10639       12      3775 
	   GPUs                 :                           0 
	   Memory (MB)          :      301     3000      3000 

	Job terminated of its own accord at 2025-03-10T15:46:21Z with exit-code 0.
...
