000 (13689554.000.000) 03/10 16:00:17 Job submitted from host: <137.138.120.116:9618?addrs=137.138.120.116-9618+[2001-1458-d00-16--17b]-9618&alias=bigbird12.cern.ch&noUDP&sock=schedd_5055_e355>
...
040 (13689554.000.000) 03/10 16:04:08 Started transferring input files
	Transferring to host: <188.185.214.144:9618?addrs=188.185.214.144-9618+[2001-1458-303-1d--100-c]-9618&alias=b9p30p2765.cern.ch&noUDP&sock=slot1_23_4869_669f_97938>
...
040 (13689554.000.000) 03/10 16:04:08 Finished transferring input files
...
001 (13689554.000.000) 03/10 16:04:09 Job executing on host: <188.185.214.144:9618?addrs=188.185.214.144-9618+[2001-1458-303-1d--100-c]-9618&alias=b9p30p2765.cern.ch&noUDP&sock=startd_4080_1e7e>
	SlotName: slot1_23@b9p30p2765.cern.ch
	CondorScratchDir = "/pool/condor/dir_2590918"
	Cpus = 1
	Disk = 3882
	GPUs = 0
	Memory = 3000
...
006 (13689554.000.000) 03/10 16:04:17 Image size of job updated: 149348
	146  -  MemoryUsage of job (MB)
	149348  -  ResidentSetSize of job (KB)
...
006 (13689554.000.000) 03/10 16:09:17 Image size of job updated: 1128632
	1103  -  MemoryUsage of job (MB)
	1128632  -  ResidentSetSize of job (KB)
...
006 (13689554.000.000) 03/10 16:14:18 Image size of job updated: 1180024
	1153  -  MemoryUsage of job (MB)
	1180024  -  ResidentSetSize of job (KB)
...
006 (13689554.000.000) 03/10 16:19:19 Image size of job updated: 1257600
	1229  -  MemoryUsage of job (MB)
	1257600  -  ResidentSetSize of job (KB)
...
006 (13689554.000.000) 03/10 16:24:19 Image size of job updated: 1310016
	1280  -  MemoryUsage of job (MB)
	1310016  -  ResidentSetSize of job (KB)
...
006 (13689554.000.000) 03/10 16:29:20 Image size of job updated: 1358520
	1327  -  MemoryUsage of job (MB)
	1358520  -  ResidentSetSize of job (KB)
...
006 (13689554.000.000) 03/10 16:34:21 Image size of job updated: 1411524
	1379  -  MemoryUsage of job (MB)
	1411524  -  ResidentSetSize of job (KB)
...
006 (13689554.000.000) 03/10 16:39:21 Image size of job updated: 1459128
	1425  -  MemoryUsage of job (MB)
	1459128  -  ResidentSetSize of job (KB)
...
006 (13689554.000.000) 03/10 16:44:21 Image size of job updated: 1499400
	1465  -  MemoryUsage of job (MB)
	1499400  -  ResidentSetSize of job (KB)
...
006 (13689554.000.000) 03/10 16:49:22 Image size of job updated: 1548636
	1513  -  MemoryUsage of job (MB)
	1548636  -  ResidentSetSize of job (KB)
...
006 (13689554.000.000) 03/10 16:54:22 Image size of job updated: 1583084
	1546  -  MemoryUsage of job (MB)
	1583084  -  ResidentSetSize of job (KB)
...
006 (13689554.000.000) 03/10 16:59:22 Image size of job updated: 1629876
	1592  -  MemoryUsage of job (MB)
	1629876  -  ResidentSetSize of job (KB)
...
040 (13689554.000.000) 03/10 17:01:21 Started transferring output files
...
040 (13689554.000.000) 03/10 17:01:21 Finished transferring output files
...
005 (13689554.000.000) 03/10 17:01:21 Job terminated.
	(1) Normal termination (return value 0)
		Usr 0 00:25:45, Sys 0 00:00:28  -  Run Remote Usage
		Usr 0 00:00:00, Sys 0 00:00:00  -  Run Local Usage
		Usr 0 00:25:45, Sys 0 00:00:28  -  Total Remote Usage
		Usr 0 00:00:00, Sys 0 00:00:00  -  Total Local Usage
	5563  -  Run Bytes Sent By Job
	11046  -  Run Bytes Received By Job
	5563  -  Total Bytes Sent By Job
	11046  -  Total Bytes Received By Job
	Partitionable Resources :     Usage  Request Allocated 
	   Cpus                 :      0.98        1         1 
	   Disk (KB)            : 175269          12      3882 
	   GPUs                 :                            0 
	   Memory (MB)          :   1592        3000      3000 

	Job terminated of its own accord at 2025-03-10T16:01:21Z with exit-code 0.
...
