000 (13689650.000.000) 03/10 16:01:11 Job submitted from host: <137.138.120.116:9618?addrs=137.138.120.116-9618+[2001-1458-d00-16--17b]-9618&alias=bigbird12.cern.ch&noUDP&sock=schedd_5055_e355>
...
040 (13689650.000.000) 03/10 16:09:29 Started transferring input files
	Transferring to host: <188.185.215.47:9618?addrs=188.185.215.47-9618+[2001-1458-303-1e--100-2b]-9618&alias=b9p31p6172.cern.ch&noUDP&sock=slot1_40_5197_81ac_97925>
...
040 (13689650.000.000) 03/10 16:09:29 Finished transferring input files
...
001 (13689650.000.000) 03/10 16:09:30 Job executing on host: <188.185.215.47:9618?addrs=188.185.215.47-9618+[2001-1458-303-1e--100-2b]-9618&alias=b9p31p6172.cern.ch&noUDP&sock=startd_4247_aacf>
	SlotName: slot1_40@b9p31p6172.cern.ch
	CondorScratchDir = "/pool/condor/dir_3133243"
	Cpus = 1
	Disk = 3800
	GPUs = 0
	Memory = 3000
...
006 (13689650.000.000) 03/10 16:09:39 Image size of job updated: 155524
	152  -  MemoryUsage of job (MB)
	155524  -  ResidentSetSize of job (KB)
...
006 (13689650.000.000) 03/10 16:14:40 Image size of job updated: 774080
	756  -  MemoryUsage of job (MB)
	774080  -  ResidentSetSize of job (KB)
...
006 (13689650.000.000) 03/10 16:19:40 Image size of job updated: 822376
	804  -  MemoryUsage of job (MB)
	822376  -  ResidentSetSize of job (KB)
...
006 (13689650.000.000) 03/10 16:24:40 Image size of job updated: 882916
	863  -  MemoryUsage of job (MB)
	882916  -  ResidentSetSize of job (KB)
...
040 (13689650.000.000) 03/10 16:29:24 Started transferring output files
...
040 (13689650.000.000) 03/10 16:29:24 Finished transferring output files
...
005 (13689650.000.000) 03/10 16:29:24 Job terminated.
	(1) Normal termination (return value 0)
		Usr 0 00:08:23, Sys 0 00:00:17  -  Run Remote Usage
		Usr 0 00:00:00, Sys 0 00:00:00  -  Run Local Usage
		Usr 0 00:08:23, Sys 0 00:00:17  -  Total Remote Usage
		Usr 0 00:00:00, Sys 0 00:00:00  -  Total Local Usage
	3633  -  Run Bytes Sent By Job
	11052  -  Run Bytes Received By Job
	3633  -  Total Bytes Sent By Job
	11052  -  Total Bytes Received By Job
	Partitionable Resources :    Usage  Request Allocated 
	   Cpus                 :     0.02        1         1 
	   Disk (KB)            : 58277          12      3800 
	   GPUs                 :                           0 
	   Memory (MB)          :   863        3000      3000 

	Job terminated of its own accord at 2025-03-10T15:29:24Z with exit-code 0.
...
