000 (13689745.000.000) 03/10 16:02:17 Job submitted from host: <137.138.120.116:9618?addrs=137.138.120.116-9618+[2001-1458-d00-16--17b]-9618&alias=bigbird12.cern.ch&noUDP&sock=schedd_5055_e355>
...
040 (13689745.000.000) 03/10 16:43:48 Started transferring input files
	Transferring to host: <188.185.215.63:9618?addrs=188.185.215.63-9618+[2001-1458-303-1e--100-3b]-9618&alias=b9p31p1310.cern.ch&noUDP&sock=slot1_49_2078839_e2d0_20881>
...
040 (13689745.000.000) 03/10 16:43:48 Finished transferring input files
...
001 (13689745.000.000) 03/10 16:43:49 Job executing on host: <188.185.215.63:9618?addrs=188.185.215.63-9618+[2001-1458-303-1e--100-3b]-9618&alias=b9p31p1310.cern.ch&noUDP&sock=startd_5316_e98d>
	SlotName: slot1_49@b9p31p1310.cern.ch
	CondorScratchDir = "/pool/condor/dir_2804164"
	Cpus = 1
	Disk = 3854
	GPUs = 0
	Memory = 3000
...
006 (13689745.000.000) 03/10 16:43:58 Image size of job updated: 267556
	262  -  MemoryUsage of job (MB)
	267556  -  ResidentSetSize of job (KB)
...
006 (13689745.000.000) 03/10 16:48:59 Image size of job updated: 1531172
	1496  -  MemoryUsage of job (MB)
	1531172  -  ResidentSetSize of job (KB)
...
006 (13689745.000.000) 03/10 16:54:00 Image size of job updated: 1579988
	1543  -  MemoryUsage of job (MB)
	1579988  -  ResidentSetSize of job (KB)
...
006 (13689745.000.000) 03/10 16:59:00 Image size of job updated: 1635520
	1598  -  MemoryUsage of job (MB)
	1635520  -  ResidentSetSize of job (KB)
...
006 (13689745.000.000) 03/10 17:04:01 Image size of job updated: 1676408
	1638  -  MemoryUsage of job (MB)
	1676408  -  ResidentSetSize of job (KB)
...
006 (13689745.000.000) 03/10 17:09:02 Image size of job updated: 1724776
	1685  -  MemoryUsage of job (MB)
	1724776  -  ResidentSetSize of job (KB)
...
006 (13689745.000.000) 03/10 17:14:02 Image size of job updated: 1764244
	1723  -  MemoryUsage of job (MB)
	1764244  -  ResidentSetSize of job (KB)
...
006 (13689745.000.000) 03/10 17:19:02 Image size of job updated: 1802572
	1761  -  MemoryUsage of job (MB)
	1802572  -  ResidentSetSize of job (KB)
...
006 (13689745.000.000) 03/10 17:24:03 Image size of job updated: 1844108
	1801  -  MemoryUsage of job (MB)
	1844108  -  ResidentSetSize of job (KB)
...
006 (13689745.000.000) 03/10 17:29:03 Image size of job updated: 1885824
	1842  -  MemoryUsage of job (MB)
	1885824  -  ResidentSetSize of job (KB)
...
006 (13689745.000.000) 03/10 17:34:03 Image size of job updated: 1920416
	1876  -  MemoryUsage of job (MB)
	1920416  -  ResidentSetSize of job (KB)
...
006 (13689745.000.000) 03/10 17:39:04 Image size of job updated: 1963048
	1918  -  MemoryUsage of job (MB)
	1963048  -  ResidentSetSize of job (KB)
...
006 (13689745.000.000) 03/10 17:44:05 Image size of job updated: 2009156
	1963  -  MemoryUsage of job (MB)
	2009156  -  ResidentSetSize of job (KB)
...
006 (13689745.000.000) 03/10 17:46:19 Image size of job updated: 2009156
	1963  -  MemoryUsage of job (MB)
	2009196  -  ResidentSetSize of job (KB)
...
040 (13689745.000.000) 03/10 17:46:19 Started transferring output files
...
040 (13689745.000.000) 03/10 17:46:19 Finished transferring output files
...
005 (13689745.000.000) 03/10 17:46:19 Job terminated.
	(1) Normal termination (return value 0)
		Usr 0 00:27:44, Sys 0 00:00:34  -  Run Remote Usage
		Usr 0 00:00:00, Sys 0 00:00:00  -  Run Local Usage
		Usr 0 00:27:44, Sys 0 00:00:34  -  Total Remote Usage
		Usr 0 00:00:00, Sys 0 00:00:00  -  Total Local Usage
	5569  -  Run Bytes Sent By Job
	11052  -  Run Bytes Received By Job
	5569  -  Total Bytes Sent By Job
	11052  -  Total Bytes Received By Job
	Partitionable Resources :     Usage  Request Allocated 
	   Cpus                 :      1.28        1         1 
	   Disk (KB)            : 172651          12      3854 
	   GPUs                 :                            0 
	   Memory (MB)          :   1963        3000      3000 

	Job terminated of its own accord at 2025-03-10T16:46:19Z with exit-code 0.
...
