000 (13689515.000.000) 03/10 15:59:17 Job submitted from host: <137.138.120.116:9618?addrs=137.138.120.116-9618+[2001-1458-d00-16--17b]-9618&alias=bigbird12.cern.ch&noUDP&sock=schedd_5055_e355>
...
040 (13689515.000.000) 03/10 16:03:55 Started transferring input files
	Transferring to host: <188.185.211.60:9618?addrs=188.185.211.60-9618+[2001-1458-303-16--100-38]-9618&alias=b9p23p7261.cern.ch&noUDP&sock=slot1_6_653259_cfde_20008>
...
040 (13689515.000.000) 03/10 16:03:55 Finished transferring input files
...
001 (13689515.000.000) 03/10 16:03:56 Job executing on host: <188.185.211.60:9618?addrs=188.185.211.60-9618+[2001-1458-303-16--100-38]-9618&alias=b9p23p7261.cern.ch&noUDP&sock=startd_8452_f28d>
	SlotName: slot1_6@b9p23p7261.cern.ch
	CondorScratchDir = "/pool/condor/dir_45119"
	Cpus = 1
	Disk = 3898
	GPUs = 0
	Memory = 3000
...
006 (13689515.000.000) 03/10 16:04:09 Image size of job updated: 106428
	104  -  MemoryUsage of job (MB)
	106428  -  ResidentSetSize of job (KB)
...
006 (13689515.000.000) 03/10 16:09:09 Image size of job updated: 755236
	738  -  MemoryUsage of job (MB)
	755236  -  ResidentSetSize of job (KB)
...
006 (13689515.000.000) 03/10 16:14:10 Image size of job updated: 806628
	788  -  MemoryUsage of job (MB)
	806628  -  ResidentSetSize of job (KB)
...
006 (13689515.000.000) 03/10 16:19:10 Image size of job updated: 871400
	851  -  MemoryUsage of job (MB)
	871400  -  ResidentSetSize of job (KB)
...
006 (13689515.000.000) 03/10 16:24:11 Image size of job updated: 915288
	894  -  MemoryUsage of job (MB)
	915288  -  ResidentSetSize of job (KB)
...
006 (13689515.000.000) 03/10 16:29:12 Image size of job updated: 957940
	936  -  MemoryUsage of job (MB)
	957940  -  ResidentSetSize of job (KB)
...
006 (13689515.000.000) 03/10 16:34:12 Image size of job updated: 1001372
	978  -  MemoryUsage of job (MB)
	1001372  -  ResidentSetSize of job (KB)
...
006 (13689515.000.000) 03/10 16:39:13 Image size of job updated: 1042816
	1019  -  MemoryUsage of job (MB)
	1042816  -  ResidentSetSize of job (KB)
...
006 (13689515.000.000) 03/10 16:44:13 Image size of job updated: 1400068
	1019  -  MemoryUsage of job (MB)
	1042816  -  ResidentSetSize of job (KB)
...
040 (13689515.000.000) 03/10 16:44:24 Started transferring output files
...
040 (13689515.000.000) 03/10 16:44:24 Finished transferring output files
...
005 (13689515.000.000) 03/10 16:44:24 Job terminated.
	(1) Normal termination (return value 0)
		Usr 0 00:21:23, Sys 0 00:00:28  -  Run Remote Usage
		Usr 0 00:00:00, Sys 0 00:00:00  -  Run Local Usage
		Usr 0 00:21:23, Sys 0 00:00:28  -  Total Remote Usage
		Usr 0 00:00:00, Sys 0 00:00:00  -  Total Local Usage
	4436  -  Run Bytes Sent By Job
	11046  -  Run Bytes Received By Job
	4436  -  Total Bytes Sent By Job
	11046  -  Total Bytes Received By Job
	Partitionable Resources :     Usage  Request Allocated 
	   Cpus                 :      0.98        1         1 
	   Disk (KB)            : 111652          12      3898 
	   GPUs                 :                            0 
	   Memory (MB)          :   1019        3000      3000 

	Job terminated of its own accord at 2025-03-10T15:44:24Z with exit-code 0.
...
