000 (13689606.000.000) 03/10 16:00:49 Job submitted from host: <137.138.120.116:9618?addrs=137.138.120.116-9618+[2001-1458-d00-16--17b]-9618&alias=bigbird12.cern.ch&noUDP&sock=schedd_5055_e355>
...
040 (13689606.000.000) 03/10 16:04:37 Started transferring input files
	Transferring to host: <188.185.212.167:9618?addrs=188.185.212.167-9618+[2001-1458-303-19--100-23]-9618&alias=b9p26p9767.cern.ch&noUDP&sock=slot1_50_5350_4f13_34906>
...
040 (13689606.000.000) 03/10 16:04:37 Finished transferring input files
...
001 (13689606.000.000) 03/10 16:04:38 Job executing on host: <188.185.212.167:9618?addrs=188.185.212.167-9618+[2001-1458-303-19--100-23]-9618&alias=b9p26p9767.cern.ch&noUDP&sock=startd_4236_1f44>
	SlotName: slot1_50@b9p26p9767.cern.ch
	CondorScratchDir = "/pool/condor/dir_3152912"
	Cpus = 1
	Disk = 3871
	GPUs = 0
	Memory = 3000
...
006 (13689606.000.000) 03/10 16:04:51 Image size of job updated: 132024
	129  -  MemoryUsage of job (MB)
	132024  -  ResidentSetSize of job (KB)
...
006 (13689606.000.000) 03/10 16:09:51 Image size of job updated: 768924
	751  -  MemoryUsage of job (MB)
	768924  -  ResidentSetSize of job (KB)
...
006 (13689606.000.000) 03/10 16:14:52 Image size of job updated: 829504
	811  -  MemoryUsage of job (MB)
	829504  -  ResidentSetSize of job (KB)
...
006 (13689606.000.000) 03/10 16:19:52 Image size of job updated: 893400
	873  -  MemoryUsage of job (MB)
	893400  -  ResidentSetSize of job (KB)
...
006 (13689606.000.000) 03/10 16:24:52 Image size of job updated: 941244
	920  -  MemoryUsage of job (MB)
	941244  -  ResidentSetSize of job (KB)
...
006 (13689606.000.000) 03/10 16:29:53 Image size of job updated: 995628
	973  -  MemoryUsage of job (MB)
	995628  -  ResidentSetSize of job (KB)
...
006 (13689606.000.000) 03/10 16:34:53 Image size of job updated: 1039052
	1015  -  MemoryUsage of job (MB)
	1039052  -  ResidentSetSize of job (KB)
...
006 (13689606.000.000) 03/10 16:39:54 Image size of job updated: 1084728
	1060  -  MemoryUsage of job (MB)
	1084728  -  ResidentSetSize of job (KB)
...
006 (13689606.000.000) 03/10 16:44:55 Image size of job updated: 1128868
	1103  -  MemoryUsage of job (MB)
	1128868  -  ResidentSetSize of job (KB)
...
006 (13689606.000.000) 03/10 16:49:55 Image size of job updated: 1171260
	1144  -  MemoryUsage of job (MB)
	1171260  -  ResidentSetSize of job (KB)
...
006 (13689606.000.000) 03/10 16:54:56 Image size of job updated: 1210584
	1183  -  MemoryUsage of job (MB)
	1210584  -  ResidentSetSize of job (KB)
...
006 (13689606.000.000) 03/10 16:59:57 Image size of job updated: 1254552
	1226  -  MemoryUsage of job (MB)
	1254552  -  ResidentSetSize of job (KB)
...
006 (13689606.000.000) 03/10 17:04:48 Image size of job updated: 1642272
	1226  -  MemoryUsage of job (MB)
	1254552  -  ResidentSetSize of job (KB)
...
040 (13689606.000.000) 03/10 17:04:48 Started transferring output files
...
040 (13689606.000.000) 03/10 17:04:48 Finished transferring output files
...
005 (13689606.000.000) 03/10 17:04:48 Job terminated.
	(1) Normal termination (return value 0)
		Usr 0 00:28:30, Sys 0 00:00:34  -  Run Remote Usage
		Usr 0 00:00:00, Sys 0 00:00:00  -  Run Local Usage
		Usr 0 00:28:30, Sys 0 00:00:34  -  Total Remote Usage
		Usr 0 00:00:00, Sys 0 00:00:00  -  Total Local Usage
	5730  -  Run Bytes Sent By Job
	11052  -  Run Bytes Received By Job
	5730  -  Total Bytes Sent By Job
	11052  -  Total Bytes Received By Job
	Partitionable Resources :     Usage  Request Allocated 
	   Cpus                 :      0.99        1         1 
	   Disk (KB)            : 186139          12      3871 
	   GPUs                 :                            0 
	   Memory (MB)          :   1226        3000      3000 

	Job terminated of its own accord at 2025-03-10T16:04:48Z with exit-code 0.
...
