000 (13689696.000.000) 03/10 16:01:45 Job submitted from host: <137.138.120.116:9618?addrs=137.138.120.116-9618+[2001-1458-d00-16--17b]-9618&alias=bigbird12.cern.ch&noUDP&sock=schedd_5055_e355>
...
040 (13689696.000.000) 03/10 16:42:44 Started transferring input files
	Transferring to host: <188.185.210.212:9618?addrs=188.185.210.212-9618+[2001-1458-303-15--100-50]-9618&alias=b9p22p6763.cern.ch&noUDP&sock=slot1_34_1211699_4f92_101195>
...
040 (13689696.000.000) 03/10 16:42:44 Finished transferring input files
...
001 (13689696.000.000) 03/10 16:42:45 Job executing on host: <188.185.210.212:9618?addrs=188.185.210.212-9618+[2001-1458-303-15--100-50]-9618&alias=b9p22p6763.cern.ch&noUDP&sock=startd_5506_3c8b>
	SlotName: slot1_34@b9p22p6763.cern.ch
	CondorScratchDir = "/pool/condor/dir_816353"
	Cpus = 1
	Disk = 3852
	GPUs = 0
	Memory = 3000
...
006 (13689696.000.000) 03/10 16:42:54 Image size of job updated: 146664
	144  -  MemoryUsage of job (MB)
	146664  -  ResidentSetSize of job (KB)
...
006 (13689696.000.000) 03/10 16:47:55 Image size of job updated: 796216
	778  -  MemoryUsage of job (MB)
	796216  -  ResidentSetSize of job (KB)
...
006 (13689696.000.000) 03/10 16:52:55 Image size of job updated: 846360
	827  -  MemoryUsage of job (MB)
	846360  -  ResidentSetSize of job (KB)
...
006 (13689696.000.000) 03/10 16:57:56 Image size of job updated: 902636
	882  -  MemoryUsage of job (MB)
	902636  -  ResidentSetSize of job (KB)
...
006 (13689696.000.000) 03/10 17:02:57 Image size of job updated: 936508
	915  -  MemoryUsage of job (MB)
	936508  -  ResidentSetSize of job (KB)
...
040 (13689696.000.000) 03/10 17:07:55 Started transferring output files
...
040 (13689696.000.000) 03/10 17:07:55 Finished transferring output files
...
005 (13689696.000.000) 03/10 17:07:55 Job terminated.
	(1) Normal termination (return value 0)
		Usr 0 00:11:18, Sys 0 00:00:17  -  Run Remote Usage
		Usr 0 00:00:00, Sys 0 00:00:00  -  Run Local Usage
		Usr 0 00:11:18, Sys 0 00:00:17  -  Total Remote Usage
		Usr 0 00:00:00, Sys 0 00:00:00  -  Total Local Usage
	3792  -  Run Bytes Sent By Job
	11052  -  Run Bytes Received By Job
	3792  -  Total Bytes Sent By Job
	11052  -  Total Bytes Received By Job
	Partitionable Resources :    Usage  Request Allocated 
	   Cpus                 :     0.52        1         1 
	   Disk (KB)            : 65335          12      3852 
	   GPUs                 :                           0 
	   Memory (MB)          :   915        3000      3000 

	Job terminated of its own accord at 2025-03-10T16:07:55Z with exit-code 0.
...
