000 (13689507.000.000) 03/10 15:59:05 Job submitted from host: <137.138.120.116:9618?addrs=137.138.120.116-9618+[2001-1458-d00-16--17b]-9618&alias=bigbird12.cern.ch&noUDP&sock=schedd_5055_e355>
...
040 (13689507.000.000) 03/10 16:01:26 Started transferring input files
	Transferring to host: <188.185.214.145:9618?addrs=188.185.214.145-9618+[2001-1458-303-1d--100-d]-9618&alias=b9p30p1671.cern.ch&noUDP&sock=slot1_20_7998_107e_28522>
...
040 (13689507.000.000) 03/10 16:01:26 Finished transferring input files
...
001 (13689507.000.000) 03/10 16:01:27 Job executing on host: <188.185.214.145:9618?addrs=188.185.214.145-9618+[2001-1458-303-1d--100-d]-9618&alias=b9p30p1671.cern.ch&noUDP&sock=startd_7089_0af7>
	SlotName: slot1_20@b9p30p1671.cern.ch
	CondorScratchDir = "/pool/condor/dir_1148777"
	Cpus = 1
	Disk = 3770
	GPUs = 0
	Memory = 3000
...
006 (13689507.000.000) 03/10 16:01:36 Image size of job updated: 286940
	281  -  MemoryUsage of job (MB)
	286940  -  ResidentSetSize of job (KB)
...
006 (13689507.000.000) 03/10 16:06:38 Image size of job updated: 1441940
	1409  -  MemoryUsage of job (MB)
	1441940  -  ResidentSetSize of job (KB)
...
006 (13689507.000.000) 03/10 16:11:38 Image size of job updated: 1519572
	1484  -  MemoryUsage of job (MB)
	1519572  -  ResidentSetSize of job (KB)
...
006 (13689507.000.000) 03/10 16:16:38 Image size of job updated: 1572084
	1536  -  MemoryUsage of job (MB)
	1572084  -  ResidentSetSize of job (KB)
...
040 (13689507.000.000) 03/10 16:17:04 Started transferring output files
...
040 (13689507.000.000) 03/10 16:17:05 Finished transferring output files
...
005 (13689507.000.000) 03/10 16:17:05 Job terminated.
	(1) Normal termination (return value 0)
		Usr 0 00:06:43, Sys 0 00:00:14  -  Run Remote Usage
		Usr 0 00:00:00, Sys 0 00:00:00  -  Run Local Usage
		Usr 0 00:06:43, Sys 0 00:00:14  -  Total Remote Usage
		Usr 0 00:00:00, Sys 0 00:00:00  -  Total Local Usage
	3304  -  Run Bytes Sent By Job
	11046  -  Run Bytes Received By Job
	3304  -  Total Bytes Sent By Job
	11046  -  Total Bytes Received By Job
	Partitionable Resources :    Usage  Request Allocated 
	   Cpus                 :     0.02        1         1 
	   Disk (KB)            : 44186          12      3770 
	   GPUs                 :                           0 
	   Memory (MB)          :  1536        3000      3000 

	Job terminated of its own accord at 2025-03-10T15:17:04Z with exit-code 0.
...
