000 (13689498.000.000) 03/10 15:58:59 Job submitted from host: <137.138.120.116:9618?addrs=137.138.120.116-9618+[2001-1458-d00-16--17b]-9618&alias=bigbird12.cern.ch&noUDP&sock=schedd_5055_e355>
...
040 (13689498.000.000) 03/10 16:01:23 Started transferring input files
	Transferring to host: <188.185.214.78:9618?addrs=188.185.214.78-9618+[2001-1458-303-1c--100-4a]-9618&alias=b9p29p8772.cern.ch&noUDP&sock=slot1_1_3584_008b_94781>
...
040 (13689498.000.000) 03/10 16:01:23 Finished transferring input files
...
001 (13689498.000.000) 03/10 16:01:24 Job executing on host: <188.185.214.78:9618?addrs=188.185.214.78-9618+[2001-1458-303-1c--100-4a]-9618&alias=b9p29p8772.cern.ch&noUDP&sock=startd_2930_5094>
	SlotName: slot1_1@b9p29p8772.cern.ch
	CondorScratchDir = "/pool/condor/dir_2811308"
	Cpus = 1
	Disk = 3860
	GPUs = 0
	Memory = 3000
...
006 (13689498.000.000) 03/10 16:01:33 Image size of job updated: 137060
	134  -  MemoryUsage of job (MB)
	137060  -  ResidentSetSize of job (KB)
...
006 (13689498.000.000) 03/10 16:06:34 Image size of job updated: 1122372
	1097  -  MemoryUsage of job (MB)
	1122372  -  ResidentSetSize of job (KB)
...
006 (13689498.000.000) 03/10 16:11:34 Image size of job updated: 1189348
	1162  -  MemoryUsage of job (MB)
	1189348  -  ResidentSetSize of job (KB)
...
006 (13689498.000.000) 03/10 16:16:34 Image size of job updated: 1252076
	1223  -  MemoryUsage of job (MB)
	1252076  -  ResidentSetSize of job (KB)
...
040 (13689498.000.000) 03/10 16:19:14 Started transferring output files
...
040 (13689498.000.000) 03/10 16:19:15 Finished transferring output files
...
005 (13689498.000.000) 03/10 16:19:15 Job terminated.
	(1) Normal termination (return value 0)
		Usr 0 00:08:30, Sys 0 00:00:16  -  Run Remote Usage
		Usr 0 00:00:00, Sys 0 00:00:00  -  Run Local Usage
		Usr 0 00:08:30, Sys 0 00:00:16  -  Total Remote Usage
		Usr 0 00:00:00, Sys 0 00:00:00  -  Total Local Usage
	3627  -  Run Bytes Sent By Job
	11046  -  Run Bytes Received By Job
	3627  -  Total Bytes Sent By Job
	11046  -  Total Bytes Received By Job
	Partitionable Resources :    Usage  Request Allocated 
	   Cpus                 :     0.02        1         1 
	   Disk (KB)            : 56940          12      3860 
	   GPUs                 :                           0 
	   Memory (MB)          :  1223        3000      3000 

	Job terminated of its own accord at 2025-03-10T15:19:14Z with exit-code 0.
...
