000 (13689736.000.000) 03/10 16:02:12 Job submitted from host: <137.138.120.116:9618?addrs=137.138.120.116-9618+[2001-1458-d00-16--17b]-9618&alias=bigbird12.cern.ch&noUDP&sock=schedd_5055_e355>
...
040 (13689736.000.000) 03/10 16:43:45 Started transferring input files
	Transferring to host: <188.185.210.95:9618?addrs=188.185.210.95-9618+[2001-1458-303-1--100-5b]-9618&alias=b9p21p1730.cern.ch&noUDP&sock=slot1_28_3109034_7595_31248>
...
040 (13689736.000.000) 03/10 16:43:45 Finished transferring input files
...
001 (13689736.000.000) 03/10 16:43:46 Job executing on host: <188.185.210.95:9618?addrs=188.185.210.95-9618+[2001-1458-303-1--100-5b]-9618&alias=b9p21p1730.cern.ch&noUDP&sock=startd_3631_2478>
	SlotName: slot1_28@b9p21p1730.cern.ch
	CondorScratchDir = "/pool/condor/dir_873474"
	Cpus = 1
	Disk = 3738
	GPUs = 0
	Memory = 3000
...
006 (13689736.000.000) 03/10 16:43:55 Image size of job updated: 146284
	143  -  MemoryUsage of job (MB)
	146284  -  ResidentSetSize of job (KB)
...
006 (13689736.000.000) 03/10 16:48:12 Image size of job updated: 322976
	316  -  MemoryUsage of job (MB)
	322976  -  ResidentSetSize of job (KB)
...
040 (13689736.000.000) 03/10 16:48:12 Started transferring output files
...
040 (13689736.000.000) 03/10 16:48:12 Finished transferring output files
...
005 (13689736.000.000) 03/10 16:48:12 Job terminated.
	(1) Normal termination (return value 0)
		Usr 0 00:01:27, Sys 0 00:00:10  -  Run Remote Usage
		Usr 0 00:00:00, Sys 0 00:00:00  -  Run Local Usage
		Usr 0 00:01:27, Sys 0 00:00:10  -  Total Remote Usage
		Usr 0 00:00:00, Sys 0 00:00:00  -  Total Local Usage
	2819  -  Run Bytes Sent By Job
	11052  -  Run Bytes Received By Job
	2819  -  Total Bytes Sent By Job
	11052  -  Total Bytes Received By Job
	Partitionable Resources :    Usage  Request Allocated 
	   Cpus                 :        0        1         1 
	   Disk (KB)            :    14392       12      3738 
	   GPUs                 :                           0 
	   Memory (MB)          :      316     3000      3000 

	Job terminated of its own accord at 2025-03-10T15:48:12Z with exit-code 0.
...
