000 (13689720.000.000) 03/10 16:02:02 Job submitted from host: <137.138.120.116:9618?addrs=137.138.120.116-9618+[2001-1458-d00-16--17b]-9618&alias=bigbird12.cern.ch&noUDP&sock=schedd_5055_e355>
...
040 (13689720.000.000) 03/10 16:43:40 Started transferring input files
	Transferring to host: <188.185.208.219:9618?addrs=188.185.208.219-9618+[2001-1458-303-10--100-58]-9618&alias=b9p10p7427.cern.ch&noUDP&sock=slot1_26_3655_072e_110197>
...
040 (13689720.000.000) 03/10 16:43:40 Finished transferring input files
...
001 (13689720.000.000) 03/10 16:43:41 Job executing on host: <188.185.208.219:9618?addrs=188.185.208.219-9618+[2001-1458-303-10--100-58]-9618&alias=b9p10p7427.cern.ch&noUDP&sock=startd_3582_8854>
	SlotName: slot1_26@b9p10p7427.cern.ch
	CondorScratchDir = "/pool/condor/dir_290472"
	Cpus = 1
	Disk = 3766
	GPUs = 0
	Memory = 3000
...
006 (13689720.000.000) 03/10 16:43:50 Image size of job updated: 150148
	147  -  MemoryUsage of job (MB)
	150148  -  ResidentSetSize of job (KB)
...
006 (13689720.000.000) 03/10 16:46:15 Image size of job updated: 375120
	367  -  MemoryUsage of job (MB)
	375120  -  ResidentSetSize of job (KB)
...
040 (13689720.000.000) 03/10 16:46:18 Started transferring output files
...
040 (13689720.000.000) 03/10 16:46:18 Finished transferring output files
...
005 (13689720.000.000) 03/10 16:46:20 Job terminated.
	(1) Normal termination (return value 0)
		Usr 0 00:00:36, Sys 0 00:00:08  -  Run Remote Usage
		Usr 0 00:00:00, Sys 0 00:00:00  -  Run Local Usage
		Usr 0 00:00:36, Sys 0 00:00:08  -  Total Remote Usage
		Usr 0 00:00:00, Sys 0 00:00:00  -  Total Local Usage
	2821  -  Run Bytes Sent By Job
	11052  -  Run Bytes Received By Job
	2821  -  Total Bytes Sent By Job
	11052  -  Total Bytes Received By Job
	Partitionable Resources :    Usage  Request Allocated 
	   Cpus                 :        0        1         1 
	   Disk (KB)            :    11128       12      3766 
	   GPUs                 :                           0 
	   Memory (MB)          :      367     3000      3000 

	Job terminated of its own accord at 2025-03-10T15:46:15Z with exit-code 0.
...
