000 (13689655.000.000) 03/10 16:01:15 Job submitted from host: <137.138.120.116:9618?addrs=137.138.120.116-9618+[2001-1458-d00-16--17b]-9618&alias=bigbird12.cern.ch&noUDP&sock=schedd_5055_e355>
...
040 (13689655.000.000) 03/10 16:12:40 Started transferring input files
	Transferring to host: <128.142.33.216:9618?addrs=128.142.33.216-9618+[2001-1458-301-39--100-15]-9618&alias=b9g24p5211.cern.ch&noUDP&sock=slot1_11_4445_a78e_124648>
...
040 (13689655.000.000) 03/10 16:12:40 Finished transferring input files
...
001 (13689655.000.000) 03/10 16:12:41 Job executing on host: <128.142.33.216:9618?addrs=128.142.33.216-9618+[2001-1458-301-39--100-15]-9618&alias=b9g24p5211.cern.ch&noUDP&sock=startd_3723_3f2e>
	SlotName: slot1_11@b9g24p5211.cern.ch
	CondorScratchDir = "/pool/condor/dir_2119330"
	Cpus = 1
	Disk = 3760
	GPUs = 0
	Memory = 3000
...
006 (13689655.000.000) 03/10 16:12:49 Image size of job updated: 141448
	139  -  MemoryUsage of job (MB)
	141448  -  ResidentSetSize of job (KB)
...
006 (13689655.000.000) 03/10 16:17:49 Image size of job updated: 763752
	746  -  MemoryUsage of job (MB)
	763752  -  ResidentSetSize of job (KB)
...
006 (13689655.000.000) 03/10 16:22:50 Image size of job updated: 809680
	791  -  MemoryUsage of job (MB)
	809680  -  ResidentSetSize of job (KB)
...
006 (13689655.000.000) 03/10 16:27:50 Image size of job updated: 881436
	861  -  MemoryUsage of job (MB)
	881436  -  ResidentSetSize of job (KB)
...
006 (13689655.000.000) 03/10 16:32:50 Image size of job updated: 918076
	897  -  MemoryUsage of job (MB)
	918076  -  ResidentSetSize of job (KB)
...
006 (13689655.000.000) 03/10 16:37:51 Image size of job updated: 972348
	950  -  MemoryUsage of job (MB)
	972348  -  ResidentSetSize of job (KB)
...
006 (13689655.000.000) 03/10 16:42:52 Image size of job updated: 1013400
	990  -  MemoryUsage of job (MB)
	1013400  -  ResidentSetSize of job (KB)
...
006 (13689655.000.000) 03/10 16:47:52 Image size of job updated: 1047152
	1023  -  MemoryUsage of job (MB)
	1047152  -  ResidentSetSize of job (KB)
...
006 (13689655.000.000) 03/10 16:52:53 Image size of job updated: 1088180
	1063  -  MemoryUsage of job (MB)
	1088180  -  ResidentSetSize of job (KB)
...
006 (13689655.000.000) 03/10 16:57:54 Image size of job updated: 1130436
	1104  -  MemoryUsage of job (MB)
	1130436  -  ResidentSetSize of job (KB)
...
006 (13689655.000.000) 03/10 17:02:54 Image size of job updated: 1167044
	1140  -  MemoryUsage of job (MB)
	1167044  -  ResidentSetSize of job (KB)
...
006 (13689655.000.000) 03/10 17:07:54 Image size of job updated: 1203368
	1176  -  MemoryUsage of job (MB)
	1203368  -  ResidentSetSize of job (KB)
...
006 (13689655.000.000) 03/10 17:12:55 Image size of job updated: 1240252
	1212  -  MemoryUsage of job (MB)
	1240252  -  ResidentSetSize of job (KB)
...
040 (13689655.000.000) 03/10 17:14:49 Started transferring output files
...
040 (13689655.000.000) 03/10 17:14:49 Finished transferring output files
...
005 (13689655.000.000) 03/10 17:14:49 Job terminated.
	(1) Normal termination (return value 0)
		Usr 0 00:26:48, Sys 0 00:00:34  -  Run Remote Usage
		Usr 0 00:00:00, Sys 0 00:00:00  -  Run Local Usage
		Usr 0 00:26:48, Sys 0 00:00:34  -  Total Remote Usage
		Usr 0 00:00:00, Sys 0 00:00:00  -  Total Local Usage
	5571  -  Run Bytes Sent By Job
	11052  -  Run Bytes Received By Job
	5571  -  Total Bytes Sent By Job
	11052  -  Total Bytes Received By Job
	Partitionable Resources :     Usage  Request Allocated 
	   Cpus                 :      0.88        1         1 
	   Disk (KB)            : 171630          12      3760 
	   GPUs                 :                            0 
	   Memory (MB)          :   1212        3000      3000 

	Job terminated of its own accord at 2025-03-10T16:14:49Z with exit-code 0.
...
