000 (13689705.000.000) 03/10 16:01:52 Job submitted from host: <137.138.120.116:9618?addrs=137.138.120.116-9618+[2001-1458-d00-16--17b]-9618&alias=bigbird12.cern.ch&noUDP&sock=schedd_5055_e355>
...
040 (13689705.000.000) 03/10 16:43:09 Started transferring input files
	Transferring to host: <188.185.210.224:9618?addrs=188.185.210.224-9618+[2001-1458-303-15--100-5c]-9618&alias=b9p22p6437.cern.ch&noUDP&sock=slot1_16_2076892_0c61_18920>
...
040 (13689705.000.000) 03/10 16:43:09 Finished transferring input files
...
001 (13689705.000.000) 03/10 16:43:10 Job executing on host: <188.185.210.224:9618?addrs=188.185.210.224-9618+[2001-1458-303-15--100-5c]-9618&alias=b9p22p6437.cern.ch&noUDP&sock=startd_4653_2642>
	SlotName: slot1_16@b9p22p6437.cern.ch
	CondorScratchDir = "/pool/condor/dir_3775494"
	Cpus = 1
	Disk = 3767
	GPUs = 0
	Memory = 3000
...
006 (13689705.000.000) 03/10 16:43:24 Image size of job updated: 134704
	132  -  MemoryUsage of job (MB)
	134704  -  ResidentSetSize of job (KB)
...
006 (13689705.000.000) 03/10 16:48:25 Image size of job updated: 753596
	736  -  MemoryUsage of job (MB)
	753596  -  ResidentSetSize of job (KB)
...
006 (13689705.000.000) 03/10 16:53:25 Image size of job updated: 802256
	784  -  MemoryUsage of job (MB)
	802256  -  ResidentSetSize of job (KB)
...
006 (13689705.000.000) 03/10 16:58:25 Image size of job updated: 873640
	854  -  MemoryUsage of job (MB)
	873640  -  ResidentSetSize of job (KB)
...
006 (13689705.000.000) 03/10 16:59:37 Image size of job updated: 1134492
	854  -  MemoryUsage of job (MB)
	873640  -  ResidentSetSize of job (KB)
...
040 (13689705.000.000) 03/10 16:59:37 Started transferring output files
...
040 (13689705.000.000) 03/10 16:59:37 Finished transferring output files
...
005 (13689705.000.000) 03/10 16:59:37 Job terminated.
	(1) Normal termination (return value 0)
		Usr 0 00:06:44, Sys 0 00:00:15  -  Run Remote Usage
		Usr 0 00:00:00, Sys 0 00:00:00  -  Run Local Usage
		Usr 0 00:06:44, Sys 0 00:00:15  -  Total Remote Usage
		Usr 0 00:00:00, Sys 0 00:00:00  -  Total Local Usage
	3308  -  Run Bytes Sent By Job
	11052  -  Run Bytes Received By Job
	3308  -  Total Bytes Sent By Job
	11052  -  Total Bytes Received By Job
	Partitionable Resources :    Usage  Request Allocated 
	   Cpus                 :     0.54        1         1 
	   Disk (KB)            : 44586          12      3767 
	   GPUs                 :                           0 
	   Memory (MB)          :   854        3000      3000 

	Job terminated of its own accord at 2025-03-10T15:59:37Z with exit-code 0.
...
