000 (13689519.000.000) 03/10 15:59:27 Job submitted from host: <137.138.120.116:9618?addrs=137.138.120.116-9618+[2001-1458-d00-16--17b]-9618&alias=bigbird12.cern.ch&noUDP&sock=schedd_5055_e355>
...
040 (13689519.000.000) 03/10 16:03:55 Started transferring input files
	Transferring to host: <188.185.209.193:9618?addrs=188.185.209.193-9618+[2001-1458-303-12--100-3e]-9618&alias=b9p12p5505.cern.ch&noUDP&sock=slot1_15_7550_686c_29733>
...
040 (13689519.000.000) 03/10 16:03:55 Finished transferring input files
...
001 (13689519.000.000) 03/10 16:03:56 Job executing on host: <188.185.209.193:9618?addrs=188.185.209.193-9618+[2001-1458-303-12--100-3e]-9618&alias=b9p12p5505.cern.ch&noUDP&sock=startd_7183_84de>
	SlotName: slot1_15@b9p12p5505.cern.ch
	CondorScratchDir = "/pool/condor/dir_4090212"
	Cpus = 1
	Disk = 3720
	GPUs = 0
	Memory = 3000
...
006 (13689519.000.000) 03/10 16:04:09 Image size of job updated: 131376
	129  -  MemoryUsage of job (MB)
	131376  -  ResidentSetSize of job (KB)
...
006 (13689519.000.000) 03/10 16:09:09 Image size of job updated: 742288
	725  -  MemoryUsage of job (MB)
	742288  -  ResidentSetSize of job (KB)
...
006 (13689519.000.000) 03/10 16:11:11 Image size of job updated: 798672
	725  -  MemoryUsage of job (MB)
	742288  -  ResidentSetSize of job (KB)
...
040 (13689519.000.000) 03/10 16:11:11 Started transferring output files
...
040 (13689519.000.000) 03/10 16:11:11 Finished transferring output files
...
005 (13689519.000.000) 03/10 16:11:11 Job terminated.
	(1) Normal termination (return value 0)
		Usr 0 00:02:22, Sys 0 00:00:10  -  Run Remote Usage
		Usr 0 00:00:00, Sys 0 00:00:00  -  Run Local Usage
		Usr 0 00:02:22, Sys 0 00:00:10  -  Total Remote Usage
		Usr 0 00:00:00, Sys 0 00:00:00  -  Total Local Usage
	2982  -  Run Bytes Sent By Job
	11046  -  Run Bytes Received By Job
	2982  -  Total Bytes Sent By Job
	11046  -  Total Bytes Received By Job
	Partitionable Resources :    Usage  Request Allocated 
	   Cpus                 :        0        1         1 
	   Disk (KB)            :    19471       12      3720 
	   GPUs                 :                           0 
	   Memory (MB)          :      725     3000      3000 

	Job terminated of its own accord at 2025-03-10T15:11:11Z with exit-code 0.
...
