000 (13689584.000.000) 03/10 16:00:37 Job submitted from host: <137.138.120.116:9618?addrs=137.138.120.116-9618+[2001-1458-d00-16--17b]-9618&alias=bigbird12.cern.ch&noUDP&sock=schedd_5055_e355>
...
040 (13689584.000.000) 03/10 16:04:19 Started transferring input files
	Transferring to host: <188.185.215.8:9618?addrs=188.185.215.8-9618+[2001-1458-303-1e--100-4]-9618&alias=b9p31p0829.cern.ch&noUDP&sock=slot1_30_5667_aa00_22646>
...
040 (13689584.000.000) 03/10 16:04:19 Finished transferring input files
...
001 (13689584.000.000) 03/10 16:04:20 Job executing on host: <188.185.215.8:9618?addrs=188.185.215.8-9618+[2001-1458-303-1e--100-4]-9618&alias=b9p31p0829.cern.ch&noUDP&sock=startd_4618_2472>
	SlotName: slot1_30@b9p31p0829.cern.ch
	CondorScratchDir = "/pool/condor/dir_1464950"
	Cpus = 1
	Disk = 3803
	GPUs = 0
	Memory = 3000
...
006 (13689584.000.000) 03/10 16:04:28 Image size of job updated: 375972
	368  -  MemoryUsage of job (MB)
	375972  -  ResidentSetSize of job (KB)
...
006 (13689584.000.000) 03/10 16:09:28 Image size of job updated: 1397256
	1365  -  MemoryUsage of job (MB)
	1397256  -  ResidentSetSize of job (KB)
...
006 (13689584.000.000) 03/10 16:14:28 Image size of job updated: 1445872
	1412  -  MemoryUsage of job (MB)
	1445872  -  ResidentSetSize of job (KB)
...
006 (13689584.000.000) 03/10 16:19:29 Image size of job updated: 1514756
	1480  -  MemoryUsage of job (MB)
	1514756  -  ResidentSetSize of job (KB)
...
006 (13689584.000.000) 03/10 16:24:29 Image size of job updated: 1554424
	1518  -  MemoryUsage of job (MB)
	1554424  -  ResidentSetSize of job (KB)
...
006 (13689584.000.000) 03/10 16:29:29 Image size of job updated: 1603696
	1567  -  MemoryUsage of job (MB)
	1603696  -  ResidentSetSize of job (KB)
...
006 (13689584.000.000) 03/10 16:34:30 Image size of job updated: 1655184
	1617  -  MemoryUsage of job (MB)
	1655184  -  ResidentSetSize of job (KB)
...
006 (13689584.000.000) 03/10 16:39:31 Image size of job updated: 1701528
	1662  -  MemoryUsage of job (MB)
	1701528  -  ResidentSetSize of job (KB)
...
006 (13689584.000.000) 03/10 16:44:31 Image size of job updated: 1739928
	1700  -  MemoryUsage of job (MB)
	1739928  -  ResidentSetSize of job (KB)
...
006 (13689584.000.000) 03/10 16:49:31 Image size of job updated: 1789456
	1748  -  MemoryUsage of job (MB)
	1789456  -  ResidentSetSize of job (KB)
...
006 (13689584.000.000) 03/10 16:54:32 Image size of job updated: 1839444
	1797  -  MemoryUsage of job (MB)
	1839444  -  ResidentSetSize of job (KB)
...
006 (13689584.000.000) 03/10 16:59:32 Image size of job updated: 1877412
	1834  -  MemoryUsage of job (MB)
	1877412  -  ResidentSetSize of job (KB)
...
040 (13689584.000.000) 03/10 17:04:28 Started transferring output files
...
040 (13689584.000.000) 03/10 17:04:28 Finished transferring output files
...
005 (13689584.000.000) 03/10 17:04:28 Job terminated.
	(1) Normal termination (return value 0)
		Usr 0 00:29:05, Sys 0 00:00:38  -  Run Remote Usage
		Usr 0 00:00:00, Sys 0 00:00:00  -  Run Local Usage
		Usr 0 00:29:05, Sys 0 00:00:38  -  Total Remote Usage
		Usr 0 00:00:00, Sys 0 00:00:00  -  Total Local Usage
	5730  -  Run Bytes Sent By Job
	11052  -  Run Bytes Received By Job
	5730  -  Total Bytes Sent By Job
	11052  -  Total Bytes Received By Job
	Partitionable Resources :     Usage  Request Allocated 
	   Cpus                 :      0.77        1         1 
	   Disk (KB)            : 185603          12      3803 
	   GPUs                 :                            0 
	   Memory (MB)          :   1834        3000      3000 

	Job terminated of its own accord at 2025-03-10T16:04:28Z with exit-code 0.
...
