000 (13689509.000.000) 03/10 15:59:07 Job submitted from host: <137.138.120.116:9618?addrs=137.138.120.116-9618+[2001-1458-d00-16--17b]-9618&alias=bigbird12.cern.ch&noUDP&sock=schedd_5055_e355>
...
040 (13689509.000.000) 03/10 16:01:27 Started transferring input files
	Transferring to host: <188.185.211.155:9618?addrs=188.185.211.155-9618+[2001-1458-303-17--100-17]-9618&alias=b9p24p6645.cern.ch&noUDP&sock=slot1_16_4651_ccd6_102233>
...
040 (13689509.000.000) 03/10 16:01:27 Finished transferring input files
...
001 (13689509.000.000) 03/10 16:01:28 Job executing on host: <188.185.211.155:9618?addrs=188.185.211.155-9618+[2001-1458-303-17--100-17]-9618&alias=b9p24p6645.cern.ch&noUDP&sock=startd_3826_e570>
	SlotName: slot1_16@b9p24p6645.cern.ch
	CondorScratchDir = "/pool/condor/dir_3390318"
	Cpus = 1
	Disk = 3788
	GPUs = 0
	Memory = 3000
...
006 (13689509.000.000) 03/10 16:01:36 Image size of job updated: 157068
	154  -  MemoryUsage of job (MB)
	157068  -  ResidentSetSize of job (KB)
...
006 (13689509.000.000) 03/10 16:06:36 Image size of job updated: 1138208
	1112  -  MemoryUsage of job (MB)
	1138208  -  ResidentSetSize of job (KB)
...
006 (13689509.000.000) 03/10 16:11:37 Image size of job updated: 1199672
	1172  -  MemoryUsage of job (MB)
	1199672  -  ResidentSetSize of job (KB)
...
006 (13689509.000.000) 03/10 16:16:37 Image size of job updated: 1263440
	1234  -  MemoryUsage of job (MB)
	1263440  -  ResidentSetSize of job (KB)
...
006 (13689509.000.000) 03/10 16:21:37 Image size of job updated: 1305332
	1275  -  MemoryUsage of job (MB)
	1305332  -  ResidentSetSize of job (KB)
...
006 (13689509.000.000) 03/10 16:26:39 Image size of job updated: 1356276
	1325  -  MemoryUsage of job (MB)
	1356276  -  ResidentSetSize of job (KB)
...
006 (13689509.000.000) 03/10 16:31:39 Image size of job updated: 1399720
	1367  -  MemoryUsage of job (MB)
	1399720  -  ResidentSetSize of job (KB)
...
006 (13689509.000.000) 03/10 16:36:39 Image size of job updated: 1446420
	1413  -  MemoryUsage of job (MB)
	1446420  -  ResidentSetSize of job (KB)
...
040 (13689509.000.000) 03/10 16:41:06 Started transferring output files
...
040 (13689509.000.000) 03/10 16:41:06 Finished transferring output files
...
005 (13689509.000.000) 03/10 16:41:06 Job terminated.
	(1) Normal termination (return value 0)
		Usr 0 00:18:35, Sys 0 00:00:23  -  Run Remote Usage
		Usr 0 00:00:00, Sys 0 00:00:00  -  Run Local Usage
		Usr 0 00:18:35, Sys 0 00:00:23  -  Total Remote Usage
		Usr 0 00:00:00, Sys 0 00:00:00  -  Total Local Usage
	4597  -  Run Bytes Sent By Job
	11046  -  Run Bytes Received By Job
	4597  -  Total Bytes Sent By Job
	11046  -  Total Bytes Received By Job
	Partitionable Resources :     Usage  Request Allocated 
	   Cpus                 :      0.04        1         1 
	   Disk (KB)            : 120677          12      3788 
	   GPUs                 :                            0 
	   Memory (MB)          :   1413        3000      3000 

	Job terminated of its own accord at 2025-03-10T15:41:06Z with exit-code 0.
...
