000 (13689477.000.000) 03/10 15:58:48 Job submitted from host: <137.138.120.116:9618?addrs=137.138.120.116-9618+[2001-1458-d00-16--17b]-9618&alias=bigbird12.cern.ch&noUDP&sock=schedd_5055_e355>
...
040 (13689477.000.000) 03/10 16:01:15 Started transferring input files
	Transferring to host: <188.185.214.207:9618?addrs=188.185.214.207-9618+[2001-1458-303-1d--100-4b]-9618&alias=b9p30p1683.cern.ch&noUDP&sock=slot1_22_5388_1554_95971>
...
040 (13689477.000.000) 03/10 16:01:15 Finished transferring input files
...
001 (13689477.000.000) 03/10 16:01:16 Job executing on host: <188.185.214.207:9618?addrs=188.185.214.207-9618+[2001-1458-303-1d--100-4b]-9618&alias=b9p30p1683.cern.ch&noUDP&sock=startd_4401_4c65>
	SlotName: slot1_22@b9p30p1683.cern.ch
	CondorScratchDir = "/pool/condor/dir_4015680"
	Cpus = 1
	Disk = 3748
	GPUs = 0
	Memory = 3000
...
006 (13689477.000.000) 03/10 16:01:24 Image size of job updated: 237080
	232  -  MemoryUsage of job (MB)
	237080  -  ResidentSetSize of job (KB)
...
006 (13689477.000.000) 03/10 16:06:24 Image size of job updated: 1407480
	1375  -  MemoryUsage of job (MB)
	1407480  -  ResidentSetSize of job (KB)
...
006 (13689477.000.000) 03/10 16:11:25 Image size of job updated: 1468552
	1435  -  MemoryUsage of job (MB)
	1468552  -  ResidentSetSize of job (KB)
...
040 (13689477.000.000) 03/10 16:15:22 Started transferring output files
...
040 (13689477.000.000) 03/10 16:15:22 Finished transferring output files
...
005 (13689477.000.000) 03/10 16:15:22 Job terminated.
	(1) Normal termination (return value 0)
		Usr 0 00:06:55, Sys 0 00:00:15  -  Run Remote Usage
		Usr 0 00:00:00, Sys 0 00:00:00  -  Run Local Usage
		Usr 0 00:06:55, Sys 0 00:00:15  -  Total Remote Usage
		Usr 0 00:00:00, Sys 0 00:00:00  -  Total Local Usage
	3459  -  Run Bytes Sent By Job
	11040  -  Run Bytes Received By Job
	3459  -  Total Bytes Sent By Job
	11040  -  Total Bytes Received By Job
	Partitionable Resources :    Usage  Request Allocated 
	   Cpus                 :     0.65        1         1 
	   Disk (KB)            : 46224          12      3748 
	   GPUs                 :                           0 
	   Memory (MB)          :  1435        3000      3000 

	Job terminated of its own accord at 2025-03-10T15:15:22Z with exit-code 0.
...
