000 (13689663.000.000) 03/10 16:01:19 Job submitted from host: <137.138.120.116:9618?addrs=137.138.120.116-9618+[2001-1458-d00-16--17b]-9618&alias=bigbird12.cern.ch&noUDP&sock=schedd_5055_e355>
...
040 (13689663.000.000) 03/10 16:16:58 Started transferring input files
	Transferring to host: <188.185.211.194:9618?addrs=188.185.211.194-9618+[2001-1458-303-17--100-3e]-9618&alias=b9p24p2206.cern.ch&noUDP&sock=slot1_25_5237_b0ae_101982>
...
040 (13689663.000.000) 03/10 16:16:59 Finished transferring input files
...
001 (13689663.000.000) 03/10 16:17:00 Job executing on host: <188.185.211.194:9618?addrs=188.185.211.194-9618+[2001-1458-303-17--100-3e]-9618&alias=b9p24p2206.cern.ch&noUDP&sock=startd_4247_aacf>
	SlotName: slot1_25@b9p24p2206.cern.ch
	CondorScratchDir = "/pool/condor/dir_3341614"
	Cpus = 1
	Disk = 3715
	GPUs = 0
	Memory = 3000
...
006 (13689663.000.000) 03/10 16:17:08 Image size of job updated: 1704
	2  -  MemoryUsage of job (MB)
	1704  -  ResidentSetSize of job (KB)
...
006 (13689663.000.000) 03/10 16:22:08 Image size of job updated: 745456
	728  -  MemoryUsage of job (MB)
	745456  -  ResidentSetSize of job (KB)
...
006 (13689663.000.000) 03/10 16:27:08 Image size of job updated: 795364
	777  -  MemoryUsage of job (MB)
	795364  -  ResidentSetSize of job (KB)
...
006 (13689663.000.000) 03/10 16:32:09 Image size of job updated: 864516
	845  -  MemoryUsage of job (MB)
	864516  -  ResidentSetSize of job (KB)
...
006 (13689663.000.000) 03/10 16:37:10 Image size of job updated: 905212
	884  -  MemoryUsage of job (MB)
	905212  -  ResidentSetSize of job (KB)
...
006 (13689663.000.000) 03/10 16:42:10 Image size of job updated: 943652
	922  -  MemoryUsage of job (MB)
	943652  -  ResidentSetSize of job (KB)
...
006 (13689663.000.000) 03/10 16:47:12 Image size of job updated: 981012
	959  -  MemoryUsage of job (MB)
	981012  -  ResidentSetSize of job (KB)
...
006 (13689663.000.000) 03/10 16:52:12 Image size of job updated: 1017404
	994  -  MemoryUsage of job (MB)
	1017404  -  ResidentSetSize of job (KB)
...
040 (13689663.000.000) 03/10 17:31:08 Started transferring output files
...
040 (13689663.000.000) 03/10 17:31:08 Finished transferring output files
...
005 (13689663.000.000) 03/10 17:31:08 Job terminated.
	(1) Normal termination (return value 0)
		Usr 0 00:33:22, Sys 0 00:00:40  -  Run Remote Usage
		Usr 0 00:00:00, Sys 0 00:00:00  -  Run Local Usage
		Usr 0 00:33:22, Sys 0 00:00:40  -  Total Remote Usage
		Usr 0 00:00:00, Sys 0 00:00:00  -  Total Local Usage
	5730  -  Run Bytes Sent By Job
	11052  -  Run Bytes Received By Job
	5730  -  Total Bytes Sent By Job
	11052  -  Total Bytes Received By Job
	Partitionable Resources :     Usage  Request Allocated 
	   Cpus                 :      0.44        1         1 
	   Disk (KB)            : 180932          12      3715 
	   GPUs                 :                            0 
	   Memory (MB)          :    994        3000      3000 

	Job terminated of its own accord at 2025-03-10T16:31:08Z with exit-code 0.
...
