000 (13689703.000.000) 03/10 16:01:51 Job submitted from host: <137.138.120.116:9618?addrs=137.138.120.116-9618+[2001-1458-d00-16--17b]-9618&alias=bigbird12.cern.ch&noUDP&sock=schedd_5055_e355>
...
040 (13689703.000.000) 03/10 16:43:05 Started transferring input files
	Transferring to host: <188.185.208.71:9618?addrs=188.185.208.71-9618+[2001-1458-303-f--100-44]-9618&alias=b9p09p5977.cern.ch&noUDP&sock=slot1_28_4041_fffd_110063>
...
040 (13689703.000.000) 03/10 16:43:05 Finished transferring input files
...
001 (13689703.000.000) 03/10 16:43:06 Job executing on host: <188.185.208.71:9618?addrs=188.185.208.71-9618+[2001-1458-303-f--100-44]-9618&alias=b9p09p5977.cern.ch&noUDP&sock=startd_3772_db52>
	SlotName: slot1_28@b9p09p5977.cern.ch
	CondorScratchDir = "/pool/condor/dir_396490"
	Cpus = 1
	Disk = 3548
	GPUs = 0
	Memory = 3000
...
006 (13689703.000.000) 03/10 16:43:15 Image size of job updated: 137200
	134  -  MemoryUsage of job (MB)
	137200  -  ResidentSetSize of job (KB)
...
006 (13689703.000.000) 03/10 16:48:16 Image size of job updated: 776288
	759  -  MemoryUsage of job (MB)
	776288  -  ResidentSetSize of job (KB)
...
006 (13689703.000.000) 03/10 16:53:17 Image size of job updated: 829172
	810  -  MemoryUsage of job (MB)
	829172  -  ResidentSetSize of job (KB)
...
006 (13689703.000.000) 03/10 16:58:17 Image size of job updated: 891208
	871  -  MemoryUsage of job (MB)
	891208  -  ResidentSetSize of job (KB)
...
040 (13689703.000.000) 03/10 16:59:59 Started transferring output files
...
040 (13689703.000.000) 03/10 16:59:59 Finished transferring output files
...
005 (13689703.000.000) 03/10 16:59:59 Job terminated.
	(1) Normal termination (return value 0)
		Usr 0 00:07:18, Sys 0 00:00:17  -  Run Remote Usage
		Usr 0 00:00:00, Sys 0 00:00:00  -  Run Local Usage
		Usr 0 00:07:18, Sys 0 00:00:17  -  Total Remote Usage
		Usr 0 00:00:00, Sys 0 00:00:00  -  Total Local Usage
	3469  -  Run Bytes Sent By Job
	11052  -  Run Bytes Received By Job
	3469  -  Total Bytes Sent By Job
	11052  -  Total Bytes Received By Job
	Partitionable Resources :    Usage  Request Allocated 
	   Cpus                 :     0.52        1         1 
	   Disk (KB)            : 45884          12      3548 
	   GPUs                 :                           0 
	   Memory (MB)          :   871        3000      3000 

	Job terminated of its own accord at 2025-03-10T15:59:59Z with exit-code 0.
...
