000 (13689614.000.000) 03/10 16:00:53 Job submitted from host: <137.138.120.116:9618?addrs=137.138.120.116-9618+[2001-1458-d00-16--17b]-9618&alias=bigbird12.cern.ch&noUDP&sock=schedd_5055_e355>
...
040 (13689614.000.000) 03/10 16:04:28 Started transferring input files
	Transferring to host: <188.185.214.230:9618?addrs=188.185.214.230-9618+[2001-1458-303-1d--100-62]-9618&alias=b9p30p8659.cern.ch&noUDP&sock=slot1_12_2911935_6226_47262>
...
040 (13689614.000.000) 03/10 16:04:28 Finished transferring input files
...
001 (13689614.000.000) 03/10 16:04:29 Job executing on host: <188.185.214.230:9618?addrs=188.185.214.230-9618+[2001-1458-303-1d--100-62]-9618&alias=b9p30p8659.cern.ch&noUDP&sock=startd_9592_e484>
	SlotName: slot1_12@b9p30p8659.cern.ch
	CondorScratchDir = "/pool/condor/dir_778654"
	Cpus = 1
	Disk = 3828
	GPUs = 0
	Memory = 3000
...
006 (13689614.000.000) 03/10 16:04:38 Image size of job updated: 21608
	22  -  MemoryUsage of job (MB)
	21608  -  ResidentSetSize of job (KB)
...
006 (13689614.000.000) 03/10 16:09:39 Image size of job updated: 1736220
	1696  -  MemoryUsage of job (MB)
	1736220  -  ResidentSetSize of job (KB)
...
006 (13689614.000.000) 03/10 16:14:40 Image size of job updated: 1783076
	1742  -  MemoryUsage of job (MB)
	1783076  -  ResidentSetSize of job (KB)
...
006 (13689614.000.000) 03/10 16:19:40 Image size of job updated: 1829480
	1787  -  MemoryUsage of job (MB)
	1829480  -  ResidentSetSize of job (KB)
...
006 (13689614.000.000) 03/10 16:24:40 Image size of job updated: 1877288
	1834  -  MemoryUsage of job (MB)
	1877288  -  ResidentSetSize of job (KB)
...
006 (13689614.000.000) 03/10 16:29:41 Image size of job updated: 1922072
	1878  -  MemoryUsage of job (MB)
	1922072  -  ResidentSetSize of job (KB)
...
006 (13689614.000.000) 03/10 16:34:41 Image size of job updated: 1963460
	1918  -  MemoryUsage of job (MB)
	1963460  -  ResidentSetSize of job (KB)
...
006 (13689614.000.000) 03/10 16:39:41 Image size of job updated: 2003672
	1957  -  MemoryUsage of job (MB)
	2003672  -  ResidentSetSize of job (KB)
...
006 (13689614.000.000) 03/10 16:44:42 Image size of job updated: 2038788
	1992  -  MemoryUsage of job (MB)
	2038788  -  ResidentSetSize of job (KB)
...
006 (13689614.000.000) 03/10 16:49:43 Image size of job updated: 2074036
	2026  -  MemoryUsage of job (MB)
	2074036  -  ResidentSetSize of job (KB)
...
006 (13689614.000.000) 03/10 16:54:43 Image size of job updated: 2109276
	2060  -  MemoryUsage of job (MB)
	2109276  -  ResidentSetSize of job (KB)
...
006 (13689614.000.000) 03/10 16:59:44 Image size of job updated: 2143264
	2094  -  MemoryUsage of job (MB)
	2143264  -  ResidentSetSize of job (KB)
...
006 (13689614.000.000) 03/10 17:04:45 Image size of job updated: 2179068
	2128  -  MemoryUsage of job (MB)
	2179068  -  ResidentSetSize of job (KB)
...
006 (13689614.000.000) 03/10 17:09:45 Image size of job updated: 2212608
	2161  -  MemoryUsage of job (MB)
	2212608  -  ResidentSetSize of job (KB)
...
006 (13689614.000.000) 03/10 17:14:46 Image size of job updated: 2246920
	2195  -  MemoryUsage of job (MB)
	2246920  -  ResidentSetSize of job (KB)
...
040 (13689614.000.000) 03/10 17:16:32 Started transferring output files
...
040 (13689614.000.000) 03/10 17:16:32 Finished transferring output files
...
005 (13689614.000.000) 03/10 17:16:32 Job terminated.
	(1) Normal termination (return value 0)
		Usr 0 00:33:46, Sys 0 00:00:37  -  Run Remote Usage
		Usr 0 00:00:00, Sys 0 00:00:00  -  Run Local Usage
		Usr 0 00:33:46, Sys 0 00:00:37  -  Total Remote Usage
		Usr 0 00:00:00, Sys 0 00:00:00  -  Total Local Usage
	5569  -  Run Bytes Sent By Job
	11052  -  Run Bytes Received By Job
	5569  -  Total Bytes Sent By Job
	11052  -  Total Bytes Received By Job
	Partitionable Resources :     Usage  Request Allocated 
	   Cpus                 :      0.02        1         1 
	   Disk (KB)            : 176051          12      3828 
	   GPUs                 :                            0 
	   Memory (MB)          :   2195        3000      3000 

	Job terminated of its own accord at 2025-03-10T16:16:32Z with exit-code 0.
...
