000 (13689575.000.000) 03/10 16:00:32 Job submitted from host: <137.138.120.116:9618?addrs=137.138.120.116-9618+[2001-1458-d00-16--17b]-9618&alias=bigbird12.cern.ch&noUDP&sock=schedd_5055_e355>
...
040 (13689575.000.000) 03/10 16:04:15 Started transferring input files
	Transferring to host: <128.142.33.221:9618?addrs=128.142.33.221-9618+[2001-1458-301-39--100-1a]-9618&alias=b9g24p2245.cern.ch&noUDP&sock=slot1_8_7849_1498_26246>
...
040 (13689575.000.000) 03/10 16:04:15 Finished transferring input files
...
001 (13689575.000.000) 03/10 16:04:16 Job executing on host: <128.142.33.221:9618?addrs=128.142.33.221-9618+[2001-1458-301-39--100-1a]-9618&alias=b9g24p2245.cern.ch&noUDP&sock=startd_6750_845c>
	SlotName: slot1_8@b9g24p2245.cern.ch
	CondorScratchDir = "/pool/condor/dir_1078235"
	Cpus = 1
	Disk = 3797
	GPUs = 0
	Memory = 3000
...
006 (13689575.000.000) 03/10 16:04:30 Image size of job updated: 39028
	1  -  MemoryUsage of job (MB)
	916  -  ResidentSetSize of job (KB)
...
006 (13689575.000.000) 03/10 16:09:31 Image size of job updated: 736364
	720  -  MemoryUsage of job (MB)
	736364  -  ResidentSetSize of job (KB)
...
006 (13689575.000.000) 03/10 16:14:31 Image size of job updated: 786332
	768  -  MemoryUsage of job (MB)
	786332  -  ResidentSetSize of job (KB)
...
006 (13689575.000.000) 03/10 16:19:32 Image size of job updated: 856812
	837  -  MemoryUsage of job (MB)
	856812  -  ResidentSetSize of job (KB)
...
006 (13689575.000.000) 03/10 16:24:33 Image size of job updated: 898392
	878  -  MemoryUsage of job (MB)
	898392  -  ResidentSetSize of job (KB)
...
006 (13689575.000.000) 03/10 16:29:33 Image size of job updated: 944972
	923  -  MemoryUsage of job (MB)
	944972  -  ResidentSetSize of job (KB)
...
006 (13689575.000.000) 03/10 16:34:34 Image size of job updated: 985460
	963  -  MemoryUsage of job (MB)
	985460  -  ResidentSetSize of job (KB)
...
006 (13689575.000.000) 03/10 16:39:35 Image size of job updated: 1027992
	1004  -  MemoryUsage of job (MB)
	1027992  -  ResidentSetSize of job (KB)
...
006 (13689575.000.000) 03/10 16:44:35 Image size of job updated: 1067292
	1043  -  MemoryUsage of job (MB)
	1067292  -  ResidentSetSize of job (KB)
...
006 (13689575.000.000) 03/10 16:49:37 Image size of job updated: 1101976
	1077  -  MemoryUsage of job (MB)
	1101976  -  ResidentSetSize of job (KB)
...
006 (13689575.000.000) 03/10 16:54:37 Image size of job updated: 1133616
	1108  -  MemoryUsage of job (MB)
	1133616  -  ResidentSetSize of job (KB)
...
006 (13689575.000.000) 03/10 16:59:37 Image size of job updated: 1167608
	1141  -  MemoryUsage of job (MB)
	1167608  -  ResidentSetSize of job (KB)
...
006 (13689575.000.000) 03/10 17:04:38 Image size of job updated: 1202272
	1175  -  MemoryUsage of job (MB)
	1202272  -  ResidentSetSize of job (KB)
...
006 (13689575.000.000) 03/10 17:09:38 Image size of job updated: 1238252
	1210  -  MemoryUsage of job (MB)
	1238252  -  ResidentSetSize of job (KB)
...
006 (13689575.000.000) 03/10 17:12:33 Image size of job updated: 1578272
	1210  -  MemoryUsage of job (MB)
	1238252  -  ResidentSetSize of job (KB)
...
040 (13689575.000.000) 03/10 17:12:33 Started transferring output files
...
040 (13689575.000.000) 03/10 17:12:33 Finished transferring output files
...
005 (13689575.000.000) 03/10 17:12:33 Job terminated.
	(1) Normal termination (return value 0)
		Usr 0 00:32:57, Sys 0 00:00:37  -  Run Remote Usage
		Usr 0 00:00:00, Sys 0 00:00:00  -  Run Local Usage
		Usr 0 00:32:57, Sys 0 00:00:37  -  Total Remote Usage
		Usr 0 00:00:00, Sys 0 00:00:00  -  Total Local Usage
	5563  -  Run Bytes Sent By Job
	11046  -  Run Bytes Received By Job
	5563  -  Total Bytes Sent By Job
	11046  -  Total Bytes Received By Job
	Partitionable Resources :     Usage  Request Allocated 
	   Cpus                 :      0.86        1         1 
	   Disk (KB)            : 171459          12      3797 
	   GPUs                 :                            0 
	   Memory (MB)          :   1210        3000      3000 

	Job terminated of its own accord at 2025-03-10T16:12:33Z with exit-code 0.
...
