000 (13689698.000.000) 03/10 16:01:47 Job submitted from host: <137.138.120.116:9618?addrs=137.138.120.116-9618+[2001-1458-d00-16--17b]-9618&alias=bigbird12.cern.ch&noUDP&sock=schedd_5055_e355>
...
040 (13689698.000.000) 03/10 16:42:45 Started transferring input files
	Transferring to host: <188.185.214.137:9618?addrs=188.185.214.137-9618+[2001-1458-303-1d--100-5]-9618&alias=b9p30p9946.cern.ch&noUDP&sock=slot1_3_3491_79a7_93867>
...
040 (13689698.000.000) 03/10 16:42:45 Finished transferring input files
...
001 (13689698.000.000) 03/10 16:42:46 Job executing on host: <188.185.214.137:9618?addrs=188.185.214.137-9618+[2001-1458-303-1d--100-5]-9618&alias=b9p30p9946.cern.ch&noUDP&sock=startd_2925_e29b>
	SlotName: slot1_3@b9p30p9946.cern.ch
	CondorScratchDir = "/pool/condor/dir_2833690"
	Cpus = 1
	Disk = 3787
	GPUs = 0
	Memory = 3000
...
006 (13689698.000.000) 03/10 16:42:54 Image size of job updated: 134388
	132  -  MemoryUsage of job (MB)
	134388  -  ResidentSetSize of job (KB)
...
006 (13689698.000.000) 03/10 16:47:54 Image size of job updated: 759740
	742  -  MemoryUsage of job (MB)
	759740  -  ResidentSetSize of job (KB)
...
006 (13689698.000.000) 03/10 16:52:55 Image size of job updated: 803828
	785  -  MemoryUsage of job (MB)
	803828  -  ResidentSetSize of job (KB)
...
006 (13689698.000.000) 03/10 16:57:55 Image size of job updated: 856632
	837  -  MemoryUsage of job (MB)
	856632  -  ResidentSetSize of job (KB)
...
006 (13689698.000.000) 03/10 17:02:55 Image size of job updated: 903048
	882  -  MemoryUsage of job (MB)
	903048  -  ResidentSetSize of job (KB)
...
006 (13689698.000.000) 03/10 17:07:56 Image size of job updated: 938952
	917  -  MemoryUsage of job (MB)
	938952  -  ResidentSetSize of job (KB)
...
006 (13689698.000.000) 03/10 17:12:57 Image size of job updated: 974340
	952  -  MemoryUsage of job (MB)
	974340  -  ResidentSetSize of job (KB)
...
006 (13689698.000.000) 03/10 17:17:57 Image size of job updated: 1005268
	982  -  MemoryUsage of job (MB)
	1005268  -  ResidentSetSize of job (KB)
...
006 (13689698.000.000) 03/10 17:22:58 Image size of job updated: 1037024
	1013  -  MemoryUsage of job (MB)
	1037024  -  ResidentSetSize of job (KB)
...
006 (13689698.000.000) 03/10 17:27:59 Image size of job updated: 1069572
	1045  -  MemoryUsage of job (MB)
	1069572  -  ResidentSetSize of job (KB)
...
006 (13689698.000.000) 03/10 17:32:59 Image size of job updated: 1104052
	1079  -  MemoryUsage of job (MB)
	1104052  -  ResidentSetSize of job (KB)
...
006 (13689698.000.000) 03/10 17:37:59 Image size of job updated: 1132996
	1107  -  MemoryUsage of job (MB)
	1132996  -  ResidentSetSize of job (KB)
...
006 (13689698.000.000) 03/10 17:43:00 Image size of job updated: 1145204
	1119  -  MemoryUsage of job (MB)
	1145204  -  ResidentSetSize of job (KB)
...
006 (13689698.000.000) 03/10 17:48:00 Image size of job updated: 1155600
	1129  -  MemoryUsage of job (MB)
	1155600  -  ResidentSetSize of job (KB)
...
006 (13689698.000.000) 03/10 17:53:00 Image size of job updated: 1172892
	1146  -  MemoryUsage of job (MB)
	1172892  -  ResidentSetSize of job (KB)
...
006 (13689698.000.000) 03/10 17:58:02 Image size of job updated: 1189388
	1162  -  MemoryUsage of job (MB)
	1189388  -  ResidentSetSize of job (KB)
...
006 (13689698.000.000) 03/10 18:03:02 Image size of job updated: 1206140
	1178  -  MemoryUsage of job (MB)
	1206140  -  ResidentSetSize of job (KB)
...
006 (13689698.000.000) 03/10 18:08:02 Image size of job updated: 1224820
	1197  -  MemoryUsage of job (MB)
	1224820  -  ResidentSetSize of job (KB)
...
006 (13689698.000.000) 03/10 18:13:03 Image size of job updated: 1238860
	1210  -  MemoryUsage of job (MB)
	1238860  -  ResidentSetSize of job (KB)
...
006 (13689698.000.000) 03/10 18:18:04 Image size of job updated: 1254024
	1225  -  MemoryUsage of job (MB)
	1254024  -  ResidentSetSize of job (KB)
...
006 (13689698.000.000) 03/10 18:23:04 Image size of job updated: 1268636
	1239  -  MemoryUsage of job (MB)
	1268636  -  ResidentSetSize of job (KB)
...
040 (13689698.000.000) 03/10 18:24:35 Started transferring output files
...
040 (13689698.000.000) 03/10 18:24:35 Finished transferring output files
...
005 (13689698.000.000) 03/10 18:24:35 Job terminated.
	(1) Normal termination (return value 0)
		Usr 0 00:32:20, Sys 0 00:00:35  -  Run Remote Usage
		Usr 0 00:00:00, Sys 0 00:00:00  -  Run Local Usage
		Usr 0 00:32:20, Sys 0 00:00:35  -  Total Remote Usage
		Usr 0 00:00:00, Sys 0 00:00:00  -  Total Local Usage
	5571  -  Run Bytes Sent By Job
	11052  -  Run Bytes Received By Job
	5571  -  Total Bytes Sent By Job
	11052  -  Total Bytes Received By Job
	Partitionable Resources :     Usage  Request Allocated 
	   Cpus                 :      0.00        1         1 
	   Disk (KB)            : 172874          12      3787 
	   GPUs                 :                            0 
	   Memory (MB)          :   1239        3000      3000 

	Job terminated of its own accord at 2025-03-10T17:24:35Z with exit-code 0.
...
