000 (13689566.000.000) 03/10 16:00:24 Job submitted from host: <137.138.120.116:9618?addrs=137.138.120.116-9618+[2001-1458-d00-16--17b]-9618&alias=bigbird12.cern.ch&noUDP&sock=schedd_5055_e355>
...
040 (13689566.000.000) 03/10 16:04:12 Started transferring input files
	Transferring to host: <188.185.210.47:9618?addrs=188.185.210.47-9618+[2001-1458-303-1--100-2b]-9618&alias=b9p21p1789.cern.ch&noUDP&sock=slot1_10_145884_39a5_32361>
...
040 (13689566.000.000) 03/10 16:04:12 Finished transferring input files
...
001 (13689566.000.000) 03/10 16:04:13 Job executing on host: <188.185.210.47:9618?addrs=188.185.210.47-9618+[2001-1458-303-1--100-2b]-9618&alias=b9p21p1789.cern.ch&noUDP&sock=startd_8865_3b2a>
	SlotName: slot1_10@b9p21p1789.cern.ch
	CondorScratchDir = "/pool/condor/dir_234891"
	Cpus = 1
	Disk = 3781
	GPUs = 0
	Memory = 3000
...
006 (13689566.000.000) 03/10 16:04:27 Image size of job updated: 134428
	132  -  MemoryUsage of job (MB)
	134428  -  ResidentSetSize of job (KB)
...
006 (13689566.000.000) 03/10 16:06:41 Image size of job updated: 719984
	132  -  MemoryUsage of job (MB)
	134432  -  ResidentSetSize of job (KB)
...
040 (13689566.000.000) 03/10 16:06:50 Started transferring output files
...
040 (13689566.000.000) 03/10 16:06:50 Finished transferring output files
...
005 (13689566.000.000) 03/10 16:06:50 Job terminated.
	(1) Normal termination (return value 0)
		Usr 0 00:00:34, Sys 0 00:00:09  -  Run Remote Usage
		Usr 0 00:00:00, Sys 0 00:00:00  -  Run Local Usage
		Usr 0 00:00:34, Sys 0 00:00:09  -  Total Remote Usage
		Usr 0 00:00:00, Sys 0 00:00:00  -  Total Local Usage
	2814  -  Run Bytes Sent By Job
	11046  -  Run Bytes Received By Job
	2814  -  Total Bytes Sent By Job
	11046  -  Total Bytes Received By Job
	Partitionable Resources :    Usage  Request Allocated 
	   Cpus                 :        0        1         1 
	   Disk (KB)            :    10723       12      3781 
	   GPUs                 :                           0 
	   Memory (MB)          :      132     3000      3000 

	Job terminated of its own accord at 2025-03-10T15:06:41Z with exit-code 0.
...
