000 (13689578.000.000) 03/10 16:00:34 Job submitted from host: <137.138.120.116:9618?addrs=137.138.120.116-9618+[2001-1458-d00-16--17b]-9618&alias=bigbird12.cern.ch&noUDP&sock=schedd_5055_e355>
...
040 (13689578.000.000) 03/10 16:04:23 Started transferring input files
	Transferring to host: <188.185.213.81:9618?addrs=188.185.213.81-9618+[2001-1458-303-1a--100-4d]-9618&alias=b9p27p8513.cern.ch&noUDP&sock=slot1_31_9729_b5e5_96241>
...
040 (13689578.000.000) 03/10 16:04:23 Finished transferring input files
...
001 (13689578.000.000) 03/10 16:04:24 Job executing on host: <188.185.213.81:9618?addrs=188.185.213.81-9618+[2001-1458-303-1a--100-4d]-9618&alias=b9p27p8513.cern.ch&noUDP&sock=startd_8632_6999>
	SlotName: slot1_31@b9p27p8513.cern.ch
	CondorScratchDir = "/pool/condor/dir_3216987"
	Cpus = 1
	Disk = 3915
	GPUs = 0
	Memory = 3000
...
006 (13689578.000.000) 03/10 16:04:33 Image size of job updated: 73188
	72  -  MemoryUsage of job (MB)
	73188  -  ResidentSetSize of job (KB)
...
006 (13689578.000.000) 03/10 16:09:34 Image size of job updated: 1721172
	1681  -  MemoryUsage of job (MB)
	1721172  -  ResidentSetSize of job (KB)
...
006 (13689578.000.000) 03/10 16:14:34 Image size of job updated: 1771032
	1730  -  MemoryUsage of job (MB)
	1771032  -  ResidentSetSize of job (KB)
...
006 (13689578.000.000) 03/10 16:19:34 Image size of job updated: 1839228
	1797  -  MemoryUsage of job (MB)
	1839228  -  ResidentSetSize of job (KB)
...
006 (13689578.000.000) 03/10 16:24:35 Image size of job updated: 1879036
	1835  -  MemoryUsage of job (MB)
	1879036  -  ResidentSetSize of job (KB)
...
006 (13689578.000.000) 03/10 16:29:35 Image size of job updated: 1926264
	1882  -  MemoryUsage of job (MB)
	1926264  -  ResidentSetSize of job (KB)
...
006 (13689578.000.000) 03/10 16:34:35 Image size of job updated: 1971916
	1926  -  MemoryUsage of job (MB)
	1971916  -  ResidentSetSize of job (KB)
...
006 (13689578.000.000) 03/10 16:39:36 Image size of job updated: 2012100
	1965  -  MemoryUsage of job (MB)
	2012100  -  ResidentSetSize of job (KB)
...
040 (13689578.000.000) 03/10 16:41:14 Started transferring output files
...
040 (13689578.000.000) 03/10 16:41:14 Finished transferring output files
...
005 (13689578.000.000) 03/10 16:41:14 Job terminated.
	(1) Normal termination (return value 0)
		Usr 0 00:18:09, Sys 0 00:00:19  -  Run Remote Usage
		Usr 0 00:00:00, Sys 0 00:00:00  -  Run Local Usage
		Usr 0 00:18:09, Sys 0 00:00:19  -  Total Remote Usage
		Usr 0 00:00:00, Sys 0 00:00:00  -  Total Local Usage
	4276  -  Run Bytes Sent By Job
	11052  -  Run Bytes Received By Job
	4276  -  Total Bytes Sent By Job
	11052  -  Total Bytes Received By Job
	Partitionable Resources :    Usage  Request Allocated 
	   Cpus                 :     0.22        1         1 
	   Disk (KB)            : 97663          12      3915 
	   GPUs                 :                           0 
	   Memory (MB)          :  1965        3000      3000 

	Job terminated of its own accord at 2025-03-10T15:41:13Z with exit-code 0.
...
