000 (13689484.000.000) 03/10 15:58:52 Job submitted from host: <137.138.120.116:9618?addrs=137.138.120.116-9618+[2001-1458-d00-16--17b]-9618&alias=bigbird12.cern.ch&noUDP&sock=schedd_5055_e355>
...
040 (13689484.000.000) 03/10 16:01:18 Started transferring input files
	Transferring to host: <188.185.211.21:9618?addrs=188.185.211.21-9618+[2001-1458-303-16--100-11]-9618&alias=b9p23p6626.cern.ch&noUDP&sock=slot1_3_3932940_c535_3570>
...
040 (13689484.000.000) 03/10 16:01:18 Finished transferring input files
...
001 (13689484.000.000) 03/10 16:01:19 Job executing on host: <188.185.211.21:9618?addrs=188.185.211.21-9618+[2001-1458-303-16--100-11]-9618&alias=b9p23p6626.cern.ch&noUDP&sock=startd_3782_b745>
	SlotName: slot1_3@b9p23p6626.cern.ch
	CondorScratchDir = "/pool/condor/dir_40509"
	Cpus = 1
	Disk = 3854
	GPUs = 0
	Memory = 3000
...
006 (13689484.000.000) 03/10 16:01:28 Image size of job updated: 280504
	274  -  MemoryUsage of job (MB)
	280504  -  ResidentSetSize of job (KB)
...
006 (13689484.000.000) 03/10 16:06:29 Image size of job updated: 1948880
	1904  -  MemoryUsage of job (MB)
	1948880  -  ResidentSetSize of job (KB)
...
006 (13689484.000.000) 03/10 16:11:30 Image size of job updated: 2004416
	1958  -  MemoryUsage of job (MB)
	2004416  -  ResidentSetSize of job (KB)
...
006 (13689484.000.000) 03/10 16:16:30 Image size of job updated: 2070832
	2023  -  MemoryUsage of job (MB)
	2070832  -  ResidentSetSize of job (KB)
...
006 (13689484.000.000) 03/10 16:21:30 Image size of job updated: 2116008
	2067  -  MemoryUsage of job (MB)
	2116008  -  ResidentSetSize of job (KB)
...
006 (13689484.000.000) 03/10 16:26:31 Image size of job updated: 2159928
	2110  -  MemoryUsage of job (MB)
	2159928  -  ResidentSetSize of job (KB)
...
006 (13689484.000.000) 03/10 16:31:31 Image size of job updated: 2205896
	2155  -  MemoryUsage of job (MB)
	2205896  -  ResidentSetSize of job (KB)
...
006 (13689484.000.000) 03/10 16:36:31 Image size of job updated: 2241400
	2189  -  MemoryUsage of job (MB)
	2241400  -  ResidentSetSize of job (KB)
...
006 (13689484.000.000) 03/10 16:41:32 Image size of job updated: 2280256
	2227  -  MemoryUsage of job (MB)
	2280256  -  ResidentSetSize of job (KB)
...
040 (13689484.000.000) 03/10 16:44:43 Started transferring output files
...
040 (13689484.000.000) 03/10 16:44:43 Finished transferring output files
...
005 (13689484.000.000) 03/10 16:44:43 Job terminated.
	(1) Normal termination (return value 0)
		Usr 0 00:21:42, Sys 0 00:00:32  -  Run Remote Usage
		Usr 0 00:00:00, Sys 0 00:00:00  -  Run Local Usage
		Usr 0 00:21:42, Sys 0 00:00:32  -  Total Remote Usage
		Usr 0 00:00:00, Sys 0 00:00:00  -  Total Local Usage
	4754  -  Run Bytes Sent By Job
	11040  -  Run Bytes Received By Job
	4754  -  Total Bytes Sent By Job
	11040  -  Total Bytes Received By Job
	Partitionable Resources :     Usage  Request Allocated 
	   Cpus                 :      0.89        1         1 
	   Disk (KB)            : 123769          12      3854 
	   GPUs                 :                            0 
	   Memory (MB)          :   2227        3000      3000 

	Job terminated of its own accord at 2025-03-10T15:44:43Z with exit-code 0.
...
