000 (13689542.000.000) 03/10 16:00:04 Job submitted from host: <137.138.120.116:9618?addrs=137.138.120.116-9618+[2001-1458-d00-16--17b]-9618&alias=bigbird12.cern.ch&noUDP&sock=schedd_5055_e355>
...
040 (13689542.000.000) 03/10 16:04:03 Started transferring input files
	Transferring to host: <188.185.210.149:9618?addrs=188.185.210.149-9618+[2001-1458-303-15--100-11]-9618&alias=b9p22p4349.cern.ch&noUDP&sock=slot1_36_2787794_d18e_100784>
...
040 (13689542.000.000) 03/10 16:04:03 Finished transferring input files
...
001 (13689542.000.000) 03/10 16:04:04 Job executing on host: <188.185.210.149:9618?addrs=188.185.210.149-9618+[2001-1458-303-15--100-11]-9618&alias=b9p22p4349.cern.ch&noUDP&sock=startd_3616_da8c>
	SlotName: slot1_36@b9p22p4349.cern.ch
	CondorScratchDir = "/pool/condor/dir_1544326"
	Cpus = 1
	Disk = 3670
	GPUs = 0
	Memory = 3000
...
006 (13689542.000.000) 03/10 16:04:12 Image size of job updated: 102904
	101  -  MemoryUsage of job (MB)
	102904  -  ResidentSetSize of job (KB)
...
006 (13689542.000.000) 03/10 16:09:12 Image size of job updated: 1114508
	1089  -  MemoryUsage of job (MB)
	1114508  -  ResidentSetSize of job (KB)
...
006 (13689542.000.000) 03/10 16:14:13 Image size of job updated: 1164852
	1138  -  MemoryUsage of job (MB)
	1164852  -  ResidentSetSize of job (KB)
...
006 (13689542.000.000) 03/10 16:19:14 Image size of job updated: 1238932
	1210  -  MemoryUsage of job (MB)
	1238932  -  ResidentSetSize of job (KB)
...
006 (13689542.000.000) 03/10 16:24:14 Image size of job updated: 1280936
	1251  -  MemoryUsage of job (MB)
	1280936  -  ResidentSetSize of job (KB)
...
006 (13689542.000.000) 03/10 16:29:15 Image size of job updated: 1330172
	1299  -  MemoryUsage of job (MB)
	1330172  -  ResidentSetSize of job (KB)
...
006 (13689542.000.000) 03/10 16:34:16 Image size of job updated: 1369344
	1338  -  MemoryUsage of job (MB)
	1369344  -  ResidentSetSize of job (KB)
...
006 (13689542.000.000) 03/10 16:39:16 Image size of job updated: 1412856
	1380  -  MemoryUsage of job (MB)
	1412856  -  ResidentSetSize of job (KB)
...
006 (13689542.000.000) 03/10 16:44:17 Image size of job updated: 1450992
	1417  -  MemoryUsage of job (MB)
	1450992  -  ResidentSetSize of job (KB)
...
006 (13689542.000.000) 03/10 16:49:18 Image size of job updated: 1488432
	1454  -  MemoryUsage of job (MB)
	1488432  -  ResidentSetSize of job (KB)
...
006 (13689542.000.000) 03/10 16:54:18 Image size of job updated: 1524244
	1489  -  MemoryUsage of job (MB)
	1524244  -  ResidentSetSize of job (KB)
...
006 (13689542.000.000) 03/10 16:59:18 Image size of job updated: 1562824
	1527  -  MemoryUsage of job (MB)
	1562824  -  ResidentSetSize of job (KB)
...
006 (13689542.000.000) 03/10 17:04:19 Image size of job updated: 1601836
	1565  -  MemoryUsage of job (MB)
	1601836  -  ResidentSetSize of job (KB)
...
040 (13689542.000.000) 03/10 17:07:35 Started transferring output files
...
040 (13689542.000.000) 03/10 17:07:35 Finished transferring output files
...
005 (13689542.000.000) 03/10 17:07:35 Job terminated.
	(1) Normal termination (return value 0)
		Usr 0 00:31:17, Sys 0 00:00:38  -  Run Remote Usage
		Usr 0 00:00:00, Sys 0 00:00:00  -  Run Local Usage
		Usr 0 00:31:17, Sys 0 00:00:38  -  Total Remote Usage
		Usr 0 00:00:00, Sys 0 00:00:00  -  Total Local Usage
	5563  -  Run Bytes Sent By Job
	11046  -  Run Bytes Received By Job
	5563  -  Total Bytes Sent By Job
	11046  -  Total Bytes Received By Job
	Partitionable Resources :     Usage  Request Allocated 
	   Cpus                 :      0.86        1         1 
	   Disk (KB)            : 178290          12      3670 
	   GPUs                 :                            0 
	   Memory (MB)          :   1565        3000      3000 

	Job terminated of its own accord at 2025-03-10T16:07:35Z with exit-code 0.
...
