000 (13689541.000.000) 03/10 16:00:03 Job submitted from host: <137.138.120.116:9618?addrs=137.138.120.116-9618+[2001-1458-d00-16--17b]-9618&alias=bigbird12.cern.ch&noUDP&sock=schedd_5055_e355>
...
040 (13689541.000.000) 03/10 16:04:03 Started transferring input files
	Transferring to host: <188.185.210.187:9618?addrs=188.185.210.187-9618+[2001-1458-303-15--100-37]-9618&alias=b9p22p7224.cern.ch&noUDP&sock=slot1_40_4913_6721_105026>
...
040 (13689541.000.000) 03/10 16:04:03 Finished transferring input files
...
001 (13689541.000.000) 03/10 16:04:04 Job executing on host: <188.185.210.187:9618?addrs=188.185.210.187-9618+[2001-1458-303-15--100-37]-9618&alias=b9p22p7224.cern.ch&noUDP&sock=startd_4015_88d6>
	SlotName: slot1_40@b9p22p7224.cern.ch
	CondorScratchDir = "/pool/condor/dir_1210527"
	Cpus = 1
	Disk = 3755
	GPUs = 0
	Memory = 3000
...
006 (13689541.000.000) 03/10 16:04:12 Image size of job updated: 237176
	232  -  MemoryUsage of job (MB)
	237176  -  ResidentSetSize of job (KB)
...
006 (13689541.000.000) 03/10 16:09:12 Image size of job updated: 1353264
	1322  -  MemoryUsage of job (MB)
	1353264  -  ResidentSetSize of job (KB)
...
006 (13689541.000.000) 03/10 16:14:13 Image size of job updated: 1401020
	1369  -  MemoryUsage of job (MB)
	1401020  -  ResidentSetSize of job (KB)
...
006 (13689541.000.000) 03/10 16:19:13 Image size of job updated: 1478224
	1444  -  MemoryUsage of job (MB)
	1478224  -  ResidentSetSize of job (KB)
...
006 (13689541.000.000) 03/10 16:24:13 Image size of job updated: 1520064
	1485  -  MemoryUsage of job (MB)
	1520064  -  ResidentSetSize of job (KB)
...
006 (13689541.000.000) 03/10 16:29:14 Image size of job updated: 1571768
	1535  -  MemoryUsage of job (MB)
	1571768  -  ResidentSetSize of job (KB)
...
006 (13689541.000.000) 03/10 16:34:15 Image size of job updated: 1607896
	1571  -  MemoryUsage of job (MB)
	1607896  -  ResidentSetSize of job (KB)
...
006 (13689541.000.000) 03/10 16:39:15 Image size of job updated: 1652728
	1614  -  MemoryUsage of job (MB)
	1652728  -  ResidentSetSize of job (KB)
...
006 (13689541.000.000) 03/10 16:44:16 Image size of job updated: 1698000
	1659  -  MemoryUsage of job (MB)
	1698000  -  ResidentSetSize of job (KB)
...
006 (13689541.000.000) 03/10 16:49:17 Image size of job updated: 1732800
	1693  -  MemoryUsage of job (MB)
	1732800  -  ResidentSetSize of job (KB)
...
006 (13689541.000.000) 03/10 16:54:17 Image size of job updated: 1773772
	1733  -  MemoryUsage of job (MB)
	1773772  -  ResidentSetSize of job (KB)
...
006 (13689541.000.000) 03/10 16:59:17 Image size of job updated: 1819140
	1777  -  MemoryUsage of job (MB)
	1819140  -  ResidentSetSize of job (KB)
...
040 (13689541.000.000) 03/10 17:01:45 Started transferring output files
...
040 (13689541.000.000) 03/10 17:01:45 Finished transferring output files
...
005 (13689541.000.000) 03/10 17:01:45 Job terminated.
	(1) Normal termination (return value 0)
		Usr 0 00:28:22, Sys 0 00:00:34  -  Run Remote Usage
		Usr 0 00:00:00, Sys 0 00:00:00  -  Run Local Usage
		Usr 0 00:28:22, Sys 0 00:00:34  -  Total Remote Usage
		Usr 0 00:00:00, Sys 0 00:00:00  -  Total Local Usage
	5404  -  Run Bytes Sent By Job
	11046  -  Run Bytes Received By Job
	5404  -  Total Bytes Sent By Job
	11046  -  Total Bytes Received By Job
	Partitionable Resources :     Usage  Request Allocated 
	   Cpus                 :      0.45        1         1 
	   Disk (KB)            : 170032          12      3755 
	   GPUs                 :                            0 
	   Memory (MB)          :   1777        3000      3000 

	Job terminated of its own accord at 2025-03-10T16:01:45Z with exit-code 0.
...
