000 (13689752.000.000) 03/10 16:02:21 Job submitted from host: <137.138.120.116:9618?addrs=137.138.120.116-9618+[2001-1458-d00-16--17b]-9618&alias=bigbird12.cern.ch&noUDP&sock=schedd_5055_e355>
...
040 (13689752.000.000) 03/10 16:43:50 Started transferring input files
	Transferring to host: <188.185.211.95:9618?addrs=188.185.211.95-9618+[2001-1458-303-16--100-5b]-9618&alias=b9p23p9282.cern.ch&noUDP&sock=slot1_25_5366_9513_102433>
...
040 (13689752.000.000) 03/10 16:43:50 Finished transferring input files
...
001 (13689752.000.000) 03/10 16:43:51 Job executing on host: <188.185.211.95:9618?addrs=188.185.211.95-9618+[2001-1458-303-16--100-5b]-9618&alias=b9p23p9282.cern.ch&noUDP&sock=startd_4392_200a>
	SlotName: slot1_25@b9p23p9282.cern.ch
	CondorScratchDir = "/pool/condor/dir_960855"
	Cpus = 1
	Disk = 3755
	GPUs = 0
	Memory = 3000
...
006 (13689752.000.000) 03/10 16:44:00 Image size of job updated: 134448
	132  -  MemoryUsage of job (MB)
	134448  -  ResidentSetSize of job (KB)
...
006 (13689752.000.000) 03/10 16:49:01 Image size of job updated: 1075920
	1051  -  MemoryUsage of job (MB)
	1075920  -  ResidentSetSize of job (KB)
...
040 (13689752.000.000) 03/10 16:53:31 Started transferring output files
...
040 (13689752.000.000) 03/10 16:53:31 Finished transferring output files
...
005 (13689752.000.000) 03/10 16:53:31 Job terminated.
	(1) Normal termination (return value 0)
		Usr 0 00:04:22, Sys 0 00:00:11  -  Run Remote Usage
		Usr 0 00:00:00, Sys 0 00:00:00  -  Run Local Usage
		Usr 0 00:04:22, Sys 0 00:00:11  -  Total Remote Usage
		Usr 0 00:00:00, Sys 0 00:00:00  -  Total Local Usage
	3308  -  Run Bytes Sent By Job
	11052  -  Run Bytes Received By Job
	3308  -  Total Bytes Sent By Job
	11052  -  Total Bytes Received By Job
	Partitionable Resources :    Usage  Request Allocated 
	   Cpus                 :     0.31        1         1 
	   Disk (KB)            : 34805          12      3755 
	   GPUs                 :                           0 
	   Memory (MB)          :  1051        3000      3000 

	Job terminated of its own accord at 2025-03-10T15:53:31Z with exit-code 0.
...
