000 (13689661.000.000) 03/10 16:01:18 Job submitted from host: <137.138.120.116:9618?addrs=137.138.120.116-9618+[2001-1458-d00-16--17b]-9618&alias=bigbird12.cern.ch&noUDP&sock=schedd_5055_e355>
...
040 (13689661.000.000) 03/10 16:15:56 Started transferring input files
	Transferring to host: <188.185.212.226:9618?addrs=188.185.212.226-9618+[2001-1458-303-19--100-5e]-9618&alias=b9p26p0084.cern.ch&noUDP&sock=slot1_7_5812_d465_33273>
...
040 (13689661.000.000) 03/10 16:15:56 Finished transferring input files
...
001 (13689661.000.000) 03/10 16:15:57 Job executing on host: <188.185.212.226:9618?addrs=188.185.212.226-9618+[2001-1458-303-19--100-5e]-9618&alias=b9p26p0084.cern.ch&noUDP&sock=startd_4714_fd89>
	SlotName: slot1_7@b9p26p0084.cern.ch
	CondorScratchDir = "/pool/condor/dir_277568"
	Cpus = 1
	Disk = 3916
	GPUs = 0
	Memory = 3000
...
006 (13689661.000.000) 03/10 16:16:11 Image size of job updated: 132896
	130  -  MemoryUsage of job (MB)
	132896  -  ResidentSetSize of job (KB)
...
006 (13689661.000.000) 03/10 16:21:12 Image size of job updated: 746940
	730  -  MemoryUsage of job (MB)
	746940  -  ResidentSetSize of job (KB)
...
006 (13689661.000.000) 03/10 16:26:12 Image size of job updated: 818392
	800  -  MemoryUsage of job (MB)
	818392  -  ResidentSetSize of job (KB)
...
006 (13689661.000.000) 03/10 16:31:13 Image size of job updated: 881500
	861  -  MemoryUsage of job (MB)
	881500  -  ResidentSetSize of job (KB)
...
006 (13689661.000.000) 03/10 16:36:14 Image size of job updated: 937384
	916  -  MemoryUsage of job (MB)
	937384  -  ResidentSetSize of job (KB)
...
006 (13689661.000.000) 03/10 16:41:14 Image size of job updated: 977136
	955  -  MemoryUsage of job (MB)
	977136  -  ResidentSetSize of job (KB)
...
006 (13689661.000.000) 03/10 16:46:15 Image size of job updated: 1028300
	1005  -  MemoryUsage of job (MB)
	1028300  -  ResidentSetSize of job (KB)
...
006 (13689661.000.000) 03/10 16:51:15 Image size of job updated: 1066024
	1042  -  MemoryUsage of job (MB)
	1066024  -  ResidentSetSize of job (KB)
...
006 (13689661.000.000) 03/10 16:56:15 Image size of job updated: 1112532
	1087  -  MemoryUsage of job (MB)
	1112532  -  ResidentSetSize of job (KB)
...
006 (13689661.000.000) 03/10 16:59:56 Image size of job updated: 1456084
	1087  -  MemoryUsage of job (MB)
	1112536  -  ResidentSetSize of job (KB)
...
040 (13689661.000.000) 03/10 16:59:56 Started transferring output files
...
040 (13689661.000.000) 03/10 16:59:56 Finished transferring output files
...
005 (13689661.000.000) 03/10 16:59:56 Job terminated.
	(1) Normal termination (return value 0)
		Usr 0 00:19:15, Sys 0 00:00:25  -  Run Remote Usage
		Usr 0 00:00:00, Sys 0 00:00:00  -  Run Local Usage
		Usr 0 00:19:15, Sys 0 00:00:25  -  Total Remote Usage
		Usr 0 00:00:00, Sys 0 00:00:00  -  Total Local Usage
	4927  -  Run Bytes Sent By Job
	11052  -  Run Bytes Received By Job
	4927  -  Total Bytes Sent By Job
	11052  -  Total Bytes Received By Job
	Partitionable Resources :     Usage  Request Allocated 
	   Cpus                 :      0.38        1         1 
	   Disk (KB)            : 139495          12      3916 
	   GPUs                 :                            0 
	   Memory (MB)          :   1087        3000      3000 

	Job terminated of its own accord at 2025-03-10T15:59:56Z with exit-code 0.
...
