000 (13689611.000.000) 03/10 16:00:51 Job submitted from host: <137.138.120.116:9618?addrs=137.138.120.116-9618+[2001-1458-d00-16--17b]-9618&alias=bigbird12.cern.ch&noUDP&sock=schedd_5055_e355>
...
040 (13689611.000.000) 03/10 16:04:27 Started transferring input files
	Transferring to host: <188.185.213.174:9618?addrs=188.185.213.174-9618+[2001-1458-303-1b--100-2a]-9618&alias=b9p28p4056.cern.ch&noUDP&sock=slot1_19_3983_223b_94984>
...
040 (13689611.000.000) 03/10 16:04:27 Finished transferring input files
...
001 (13689611.000.000) 03/10 16:04:28 Job executing on host: <188.185.213.174:9618?addrs=188.185.213.174-9618+[2001-1458-303-1b--100-2a]-9618&alias=b9p28p4056.cern.ch&noUDP&sock=startd_3322_31b4>
	SlotName: slot1_19@b9p28p4056.cern.ch
	CondorScratchDir = "/pool/condor/dir_3530284"
	Cpus = 1
	Disk = 3779
	GPUs = 0
	Memory = 3000
...
006 (13689611.000.000) 03/10 16:04:37 Image size of job updated: 2432
	3  -  MemoryUsage of job (MB)
	2432  -  ResidentSetSize of job (KB)
...
006 (13689611.000.000) 03/10 16:09:38 Image size of job updated: 1091184
	1066  -  MemoryUsage of job (MB)
	1091184  -  ResidentSetSize of job (KB)
...
006 (13689611.000.000) 03/10 16:14:38 Image size of job updated: 1145848
	1119  -  MemoryUsage of job (MB)
	1145848  -  ResidentSetSize of job (KB)
...
006 (13689611.000.000) 03/10 16:19:38 Image size of job updated: 1209772
	1182  -  MemoryUsage of job (MB)
	1209772  -  ResidentSetSize of job (KB)
...
006 (13689611.000.000) 03/10 16:24:39 Image size of job updated: 1245576
	1217  -  MemoryUsage of job (MB)
	1245576  -  ResidentSetSize of job (KB)
...
006 (13689611.000.000) 03/10 16:29:40 Image size of job updated: 1288316
	1259  -  MemoryUsage of job (MB)
	1288316  -  ResidentSetSize of job (KB)
...
006 (13689611.000.000) 03/10 16:34:40 Image size of job updated: 1330416
	1300  -  MemoryUsage of job (MB)
	1330416  -  ResidentSetSize of job (KB)
...
006 (13689611.000.000) 03/10 16:39:41 Image size of job updated: 1371396
	1340  -  MemoryUsage of job (MB)
	1371396  -  ResidentSetSize of job (KB)
...
006 (13689611.000.000) 03/10 16:44:42 Image size of job updated: 1409960
	1377  -  MemoryUsage of job (MB)
	1409960  -  ResidentSetSize of job (KB)
...
006 (13689611.000.000) 03/10 16:49:42 Image size of job updated: 1447892
	1414  -  MemoryUsage of job (MB)
	1447892  -  ResidentSetSize of job (KB)
...
006 (13689611.000.000) 03/10 16:54:42 Image size of job updated: 1482376
	1448  -  MemoryUsage of job (MB)
	1482376  -  ResidentSetSize of job (KB)
...
006 (13689611.000.000) 03/10 16:59:43 Image size of job updated: 1515592
	1481  -  MemoryUsage of job (MB)
	1515592  -  ResidentSetSize of job (KB)
...
006 (13689611.000.000) 03/10 17:04:43 Image size of job updated: 1550384
	1515  -  MemoryUsage of job (MB)
	1550384  -  ResidentSetSize of job (KB)
...
006 (13689611.000.000) 03/10 17:09:43 Image size of job updated: 1585592
	1549  -  MemoryUsage of job (MB)
	1585592  -  ResidentSetSize of job (KB)
...
040 (13689611.000.000) 03/10 17:12:15 Started transferring output files
...
040 (13689611.000.000) 03/10 17:12:15 Finished transferring output files
...
005 (13689611.000.000) 03/10 17:12:15 Job terminated.
	(1) Normal termination (return value 0)
		Usr 0 00:32:28, Sys 0 00:00:32  -  Run Remote Usage
		Usr 0 00:00:00, Sys 0 00:00:00  -  Run Local Usage
		Usr 0 00:32:28, Sys 0 00:00:32  -  Total Remote Usage
		Usr 0 00:00:00, Sys 0 00:00:00  -  Total Local Usage
	5569  -  Run Bytes Sent By Job
	11052  -  Run Bytes Received By Job
	5569  -  Total Bytes Sent By Job
	11052  -  Total Bytes Received By Job
	Partitionable Resources :     Usage  Request Allocated 
	   Cpus                 :      0.87        1         1 
	   Disk (KB)            : 172437          12      3779 
	   GPUs                 :                            0 
	   Memory (MB)          :   1549        3000      3000 

	Job terminated of its own accord at 2025-03-10T16:12:15Z with exit-code 0.
...
