000 (13689668.000.000) 03/10 16:01:24 Job submitted from host: <137.138.120.116:9618?addrs=137.138.120.116-9618+[2001-1458-d00-16--17b]-9618&alias=bigbird12.cern.ch&noUDP&sock=schedd_5055_e355>
...
040 (13689668.000.000) 03/10 16:19:16 Started transferring input files
	Transferring to host: <188.185.214.78:9618?addrs=188.185.214.78-9618+[2001-1458-303-1c--100-4a]-9618&alias=b9p29p8772.cern.ch&noUDP&sock=slot1_1_3584_008b_94798>
...
040 (13689668.000.000) 03/10 16:19:16 Finished transferring input files
...
001 (13689668.000.000) 03/10 16:19:17 Job executing on host: <188.185.214.78:9618?addrs=188.185.214.78-9618+[2001-1458-303-1c--100-4a]-9618&alias=b9p29p8772.cern.ch&noUDP&sock=startd_2930_5094>
	SlotName: slot1_1@b9p29p8772.cern.ch
	CondorScratchDir = "/pool/condor/dir_2828171"
	Cpus = 1
	Disk = 3855
	GPUs = 0
	Memory = 3000
...
006 (13689668.000.000) 03/10 16:19:26 Image size of job updated: 1664
	2  -  MemoryUsage of job (MB)
	1664  -  ResidentSetSize of job (KB)
...
006 (13689668.000.000) 03/10 16:24:27 Image size of job updated: 781288
	763  -  MemoryUsage of job (MB)
	781288  -  ResidentSetSize of job (KB)
...
006 (13689668.000.000) 03/10 16:29:27 Image size of job updated: 828892
	810  -  MemoryUsage of job (MB)
	828892  -  ResidentSetSize of job (KB)
...
006 (13689668.000.000) 03/10 16:34:28 Image size of job updated: 897264
	877  -  MemoryUsage of job (MB)
	897264  -  ResidentSetSize of job (KB)
...
006 (13689668.000.000) 03/10 16:39:29 Image size of job updated: 939028
	918  -  MemoryUsage of job (MB)
	939028  -  ResidentSetSize of job (KB)
...
006 (13689668.000.000) 03/10 16:44:29 Image size of job updated: 992608
	970  -  MemoryUsage of job (MB)
	992608  -  ResidentSetSize of job (KB)
...
006 (13689668.000.000) 03/10 16:49:29 Image size of job updated: 1041484
	1018  -  MemoryUsage of job (MB)
	1041484  -  ResidentSetSize of job (KB)
...
006 (13689668.000.000) 03/10 16:54:30 Image size of job updated: 1085768
	1061  -  MemoryUsage of job (MB)
	1085768  -  ResidentSetSize of job (KB)
...
040 (13689668.000.000) 03/10 16:59:32 Started transferring output files
...
040 (13689668.000.000) 03/10 16:59:32 Finished transferring output files
...
005 (13689668.000.000) 03/10 16:59:32 Job terminated.
	(1) Normal termination (return value 0)
		Usr 0 00:19:47, Sys 0 00:00:29  -  Run Remote Usage
		Usr 0 00:00:00, Sys 0 00:00:00  -  Run Local Usage
		Usr 0 00:19:47, Sys 0 00:00:29  -  Total Remote Usage
		Usr 0 00:00:00, Sys 0 00:00:00  -  Total Local Usage
	4764  -  Run Bytes Sent By Job
	11052  -  Run Bytes Received By Job
	4764  -  Total Bytes Sent By Job
	11052  -  Total Bytes Received By Job
	Partitionable Resources :     Usage  Request Allocated 
	   Cpus                 :      0.33        1         1 
	   Disk (KB)            : 125536          12      3855 
	   GPUs                 :                            0 
	   Memory (MB)          :   1061        3000      3000 

	Job terminated of its own accord at 2025-03-10T15:59:32Z with exit-code 0.
...
