000 (13689518.000.000) 03/10 15:59:25 Job submitted from host: <137.138.120.116:9618?addrs=137.138.120.116-9618+[2001-1458-d00-16--17b]-9618&alias=bigbird12.cern.ch&noUDP&sock=schedd_5055_e355>
...
040 (13689518.000.000) 03/10 16:03:56 Started transferring input files
	Transferring to host: <188.185.193.109:9618?addrs=188.185.193.109-9618+[2001-1458-303-20--100-69]-9618&alias=b9p19p2074.cern.ch&noUDP&sock=slot1_28_6631_e3a7_32285>
...
040 (13689518.000.000) 03/10 16:03:56 Finished transferring input files
...
001 (13689518.000.000) 03/10 16:03:57 Job executing on host: <188.185.193.109:9618?addrs=188.185.193.109-9618+[2001-1458-303-20--100-69]-9618&alias=b9p19p2074.cern.ch&noUDP&sock=startd_5258_210e>
	SlotName: slot1_28@b9p19p2074.cern.ch
	CondorScratchDir = "/pool/condor/dir_3660665"
	Cpus = 1
	Disk = 3817
	GPUs = 0
	Memory = 3000
...
006 (13689518.000.000) 03/10 16:04:10 Image size of job updated: 82080
	81  -  MemoryUsage of job (MB)
	82080  -  ResidentSetSize of job (KB)
...
006 (13689518.000.000) 03/10 16:09:10 Image size of job updated: 716956
	701  -  MemoryUsage of job (MB)
	716956  -  ResidentSetSize of job (KB)
...
006 (13689518.000.000) 03/10 16:14:11 Image size of job updated: 759968
	743  -  MemoryUsage of job (MB)
	759968  -  ResidentSetSize of job (KB)
...
006 (13689518.000.000) 03/10 16:19:11 Image size of job updated: 809996
	792  -  MemoryUsage of job (MB)
	809996  -  ResidentSetSize of job (KB)
...
006 (13689518.000.000) 03/10 16:24:12 Image size of job updated: 857468
	838  -  MemoryUsage of job (MB)
	857468  -  ResidentSetSize of job (KB)
...
006 (13689518.000.000) 03/10 16:29:13 Image size of job updated: 893780
	873  -  MemoryUsage of job (MB)
	893780  -  ResidentSetSize of job (KB)
...
006 (13689518.000.000) 03/10 16:31:09 Image size of job updated: 1214332
	873  -  MemoryUsage of job (MB)
	893780  -  ResidentSetSize of job (KB)
...
040 (13689518.000.000) 03/10 16:31:09 Started transferring output files
...
040 (13689518.000.000) 03/10 16:31:09 Finished transferring output files
...
005 (13689518.000.000) 03/10 16:31:09 Job terminated.
	(1) Normal termination (return value 0)
		Usr 0 00:17:07, Sys 0 00:00:19  -  Run Remote Usage
		Usr 0 00:00:00, Sys 0 00:00:00  -  Run Local Usage
		Usr 0 00:17:07, Sys 0 00:00:19  -  Total Remote Usage
		Usr 0 00:00:00, Sys 0 00:00:00  -  Total Local Usage
	3939  -  Run Bytes Sent By Job
	11046  -  Run Bytes Received By Job
	3939  -  Total Bytes Sent By Job
	11046  -  Total Bytes Received By Job
	Partitionable Resources :    Usage  Request Allocated 
	   Cpus                 :     0.98        1         1 
	   Disk (KB)            : 61275          12      3817 
	   GPUs                 :                           0 
	   Memory (MB)          :   873        3000      3000 

	Job terminated of its own accord at 2025-03-10T15:31:09Z with exit-code 0.
...
