000 (13689673.000.000) 03/10 16:01:27 Job submitted from host: <137.138.120.116:9618?addrs=137.138.120.116-9618+[2001-1458-d00-16--17b]-9618&alias=bigbird12.cern.ch&noUDP&sock=schedd_5055_e355>
...
040 (13689673.000.000) 03/10 16:22:29 Started transferring input files
	Transferring to host: <188.185.211.31:9618?addrs=188.185.211.31-9618+[2001-1458-303-16--100-1b]-9618&alias=b9p23p5913.cern.ch&noUDP&sock=slot1_13_762066_2fc6_9597>
...
040 (13689673.000.000) 03/10 16:22:29 Finished transferring input files
...
001 (13689673.000.000) 03/10 16:22:30 Job executing on host: <188.185.211.31:9618?addrs=188.185.211.31-9618+[2001-1458-303-16--100-1b]-9618&alias=b9p23p5913.cern.ch&noUDP&sock=startd_3034_a66e>
	SlotName: slot1_13@b9p23p5913.cern.ch
	CondorScratchDir = "/pool/condor/dir_1689460"
	Cpus = 1
	Disk = 3840
	GPUs = 0
	Memory = 3000
...
006 (13689673.000.000) 03/10 16:22:39 Image size of job updated: 137812
	135  -  MemoryUsage of job (MB)
	137812  -  ResidentSetSize of job (KB)
...
006 (13689673.000.000) 03/10 16:27:40 Image size of job updated: 771436
	754  -  MemoryUsage of job (MB)
	771436  -  ResidentSetSize of job (KB)
...
006 (13689673.000.000) 03/10 16:32:40 Image size of job updated: 831552
	813  -  MemoryUsage of job (MB)
	831552  -  ResidentSetSize of job (KB)
...
006 (13689673.000.000) 03/10 16:37:40 Image size of job updated: 898984
	878  -  MemoryUsage of job (MB)
	898984  -  ResidentSetSize of job (KB)
...
006 (13689673.000.000) 03/10 16:42:41 Image size of job updated: 936772
	915  -  MemoryUsage of job (MB)
	936772  -  ResidentSetSize of job (KB)
...
006 (13689673.000.000) 03/10 16:47:42 Image size of job updated: 983228
	961  -  MemoryUsage of job (MB)
	983228  -  ResidentSetSize of job (KB)
...
006 (13689673.000.000) 03/10 16:52:42 Image size of job updated: 1025800
	1002  -  MemoryUsage of job (MB)
	1025800  -  ResidentSetSize of job (KB)
...
006 (13689673.000.000) 03/10 16:57:43 Image size of job updated: 1066836
	1042  -  MemoryUsage of job (MB)
	1066836  -  ResidentSetSize of job (KB)
...
040 (13689673.000.000) 03/10 17:01:18 Started transferring output files
...
040 (13689673.000.000) 03/10 17:01:18 Finished transferring output files
...
005 (13689673.000.000) 03/10 17:01:18 Job terminated.
	(1) Normal termination (return value 0)
		Usr 0 00:18:30, Sys 0 00:00:24  -  Run Remote Usage
		Usr 0 00:00:00, Sys 0 00:00:00  -  Run Local Usage
		Usr 0 00:18:30, Sys 0 00:00:24  -  Total Remote Usage
		Usr 0 00:00:00, Sys 0 00:00:00  -  Total Local Usage
	4442  -  Run Bytes Sent By Job
	11052  -  Run Bytes Received By Job
	4442  -  Total Bytes Sent By Job
	11052  -  Total Bytes Received By Job
	Partitionable Resources :     Usage  Request Allocated 
	   Cpus                 :      0.90        1         1 
	   Disk (KB)            : 111839          12      3840 
	   GPUs                 :                            0 
	   Memory (MB)          :   1042        3000      3000 

	Job terminated of its own accord at 2025-03-10T16:01:18Z with exit-code 0.
...
