Build directory is already present, please source again standalone/env_standalone.sh without the build argument.
Standalone environment set.
/tmp/acagnott/TprimeToTZ_700_2022/file0
hadd Target file: tree.root
hadd compression setting for all output: 1
hadd Source file 1: ./1b7ee65f-2f7f-4993-8558-512690ee3e48_Skim.root
hadd Sources and Target have different compression levels
hadd merging will be slower
hadd Target path: tree.root:/
year, RunTag, jetType:  2022 2022_Summer22 AK4PFPuppi
JES : Summer22_22Sep2023_V2_MC
JER : Summer22_22Sep2023_JRV1_MC
year, RunTag, jetType:  2022 2022_Summer22 AK8PFPuppi
JES : Summer22_22Sep2023_V2_MC
JER : Summer22_22Sep2023_JRV1_MC
year, RunTag, jetType:  2022 2022_Summer22 AK4PFPuppi
JES : Summer22_22Sep2023_V2_MC
JER : Summer22_22Sep2023_JRV1_MC
Will write selected trees to .
Pre-select 7480 entries out of 7480 (100.00%)
Processed 7480 preselected entries from root://cms-xrd-global.cern.ch//store/mc/Run3Summer22NanoAODv12/TprimeBtoTZ_M-700_LH_TuneCP5_13p6TeV_madgraph-pythia8/NANOAODSIM/130X_mcRun3_2022_realistic_v5-v3/80000/1b7ee65f-2f7f-4993-8558-512690ee3e48.root (7480 entries). Finally selected 6191 entries
Done ./1b7ee65f-2f7f-4993-8558-512690ee3e48_Skim.root
Total time 1029.5 sec. to process 7480 events. Rate = 7.3 Hz.
DONE
/tmp/acagnott/TprimeToTZ_700_2022/file0
hadd Target file: tree_hadd_0.root
hadd compression setting for all output: 1
hadd Source file 1: tree.root
hadd Source file 2: hist.root
hadd Target path: tree_hadd_0.root:/
hadd Target path: tree_hadd_0.root:/plots
/tmp/acagnott/TprimeToTZ_700_2022/file0
