000 (13690162.000.000) 03/10 16:09:33 Job submitted from host: <137.138.120.116:9618?addrs=137.138.120.116-9618+[2001-1458-d00-16--17b]-9618&alias=bigbird12.cern.ch&noUDP&sock=schedd_5055_e355>
...
040 (13690162.000.000) 03/10 16:46:40 Started transferring input files
	Transferring to host: <128.142.33.60:9618?addrs=128.142.33.60-9618+[2001-1458-301-53--100-39]-9618&alias=b9g34p8084.cern.ch&noUDP&sock=slot1_6_3843563_96a2_23348>
...
040 (13690162.000.000) 03/10 16:46:40 Finished transferring input files
...
001 (13690162.000.000) 03/10 16:46:41 Job executing on host: <128.142.33.60:9618?addrs=128.142.33.60-9618+[2001-1458-301-53--100-39]-9618&alias=b9g34p8084.cern.ch&noUDP&sock=startd_6007_e17e>
	SlotName: slot1_6@b9g34p8084.cern.ch
	CondorScratchDir = "/pool/condor/dir_3326541"
	Cpus = 1
	Disk = 3803
	GPUs = 0
	Memory = 3000
...
006 (13690162.000.000) 03/10 16:46:50 Image size of job updated: 1800
	2  -  MemoryUsage of job (MB)
	1800  -  ResidentSetSize of job (KB)
...
006 (13690162.000.000) 03/10 16:49:42 Image size of job updated: 333888
	327  -  MemoryUsage of job (MB)
	333888  -  ResidentSetSize of job (KB)
...
040 (13690162.000.000) 03/10 16:49:42 Started transferring output files
...
040 (13690162.000.000) 03/10 16:49:42 Finished transferring output files
...
005 (13690162.000.000) 03/10 16:49:42 Job terminated.
	(1) Normal termination (return value 0)
		Usr 0 00:00:56, Sys 0 00:00:07  -  Run Remote Usage
		Usr 0 00:00:00, Sys 0 00:00:00  -  Run Local Usage
		Usr 0 00:00:56, Sys 0 00:00:07  -  Total Remote Usage
		Usr 0 00:00:00, Sys 0 00:00:00  -  Total Local Usage
	2816  -  Run Bytes Sent By Job
	11054  -  Run Bytes Received By Job
	2816  -  Total Bytes Sent By Job
	11054  -  Total Bytes Received By Job
	Partitionable Resources :    Usage  Request Allocated 
	   Cpus                 :        0        1         1 
	   Disk (KB)            :    14580       12      3803 
	   GPUs                 :                           0 
	   Memory (MB)          :      327     3000      3000 

	Job terminated of its own accord at 2025-03-10T15:49:42Z with exit-code 0.
...
