000 (13690141.000.000) 03/10 16:09:20 Job submitted from host: <137.138.120.116:9618?addrs=137.138.120.116-9618+[2001-1458-d00-16--17b]-9618&alias=bigbird12.cern.ch&noUDP&sock=schedd_5055_e355>
...
040 (13690141.000.000) 03/10 16:46:35 Started transferring input files
	Transferring to host: <128.142.192.147:9618?addrs=128.142.192.147-9618+[2001-1458-301-56--100-f]-9618&alias=b9g18p8447.cern.ch&noUDP&sock=slot1_9_1785210_b14c_19554>
...
040 (13690141.000.000) 03/10 16:46:36 Finished transferring input files
...
001 (13690141.000.000) 03/10 16:46:37 Job executing on host: <128.142.192.147:9618?addrs=128.142.192.147-9618+[2001-1458-301-56--100-f]-9618&alias=b9g18p8447.cern.ch&noUDP&sock=startd_4504_f2a6>
	SlotName: slot1_9@b9g18p8447.cern.ch
	CondorScratchDir = "/pool/condor/dir_1301650"
	Cpus = 1
	Disk = 3810
	GPUs = 0
	Memory = 3000
...
006 (13690141.000.000) 03/10 16:46:50 Image size of job updated: 1380
	2  -  MemoryUsage of job (MB)
	1380  -  ResidentSetSize of job (KB)
...
006 (13690141.000.000) 03/10 16:51:50 Image size of job updated: 733796
	717  -  MemoryUsage of job (MB)
	733796  -  ResidentSetSize of job (KB)
...
006 (13690141.000.000) 03/10 16:56:50 Image size of job updated: 812044
	794  -  MemoryUsage of job (MB)
	812044  -  ResidentSetSize of job (KB)
...
006 (13690141.000.000) 03/10 17:01:51 Image size of job updated: 881632
	861  -  MemoryUsage of job (MB)
	881632  -  ResidentSetSize of job (KB)
...
006 (13690141.000.000) 03/10 17:06:51 Image size of job updated: 944352
	923  -  MemoryUsage of job (MB)
	944352  -  ResidentSetSize of job (KB)
...
006 (13690141.000.000) 03/10 17:11:51 Image size of job updated: 1006616
	984  -  MemoryUsage of job (MB)
	1006616  -  ResidentSetSize of job (KB)
...
006 (13690141.000.000) 03/10 17:16:52 Image size of job updated: 1075920
	1051  -  MemoryUsage of job (MB)
	1075920  -  ResidentSetSize of job (KB)
...
006 (13690141.000.000) 03/10 17:21:52 Image size of job updated: 1140040
	1114  -  MemoryUsage of job (MB)
	1140040  -  ResidentSetSize of job (KB)
...
006 (13690141.000.000) 03/10 17:26:52 Image size of job updated: 1205728
	1178  -  MemoryUsage of job (MB)
	1205728  -  ResidentSetSize of job (KB)
...
006 (13690141.000.000) 03/10 17:31:53 Image size of job updated: 1259380
	1230  -  MemoryUsage of job (MB)
	1259380  -  ResidentSetSize of job (KB)
...
006 (13690141.000.000) 03/10 17:36:54 Image size of job updated: 1619784
	1582  -  MemoryUsage of job (MB)
	1619784  -  ResidentSetSize of job (KB)
...
006 (13690141.000.000) 03/10 17:37:19 Image size of job updated: 1622532
	1582  -  MemoryUsage of job (MB)
	1619784  -  ResidentSetSize of job (KB)
...
040 (13690141.000.000) 03/10 17:37:19 Started transferring output files
...
040 (13690141.000.000) 03/10 17:37:19 Finished transferring output files
...
005 (13690141.000.000) 03/10 17:37:19 Job terminated.
	(1) Normal termination (return value 0)
		Usr 0 00:36:27, Sys 0 00:00:20  -  Run Remote Usage
		Usr 0 00:00:00, Sys 0 00:00:00  -  Run Local Usage
		Usr 0 00:36:27, Sys 0 00:00:20  -  Total Remote Usage
		Usr 0 00:00:00, Sys 0 00:00:00  -  Total Local Usage
	3153  -  Run Bytes Sent By Job
	11054  -  Run Bytes Received By Job
	3153  -  Total Bytes Sent By Job
	11054  -  Total Bytes Received By Job
	Partitionable Resources :     Usage  Request Allocated 
	   Cpus                 :      0.99        1         1 
	   Disk (KB)            : 438244          12      3810 
	   GPUs                 :                            0 
	   Memory (MB)          :   1582        3000      3000 

	Job terminated of its own accord at 2025-03-10T16:37:19Z with exit-code 0.
...
