000 (13690158.000.000) 03/10 16:09:30 Job submitted from host: <137.138.120.116:9618?addrs=137.138.120.116-9618+[2001-1458-d00-16--17b]-9618&alias=bigbird12.cern.ch&noUDP&sock=schedd_5055_e355>
...
040 (13690158.000.000) 03/10 16:46:39 Started transferring input files
	Transferring to host: <188.185.205.31:9618?addrs=188.185.205.31-9618+[2001-1458-303-9--100-93]-9618&alias=b9p03p4190.cern.ch&noUDP&sock=slot1_17_5930_f8aa_10871>
...
040 (13690158.000.000) 03/10 16:46:39 Finished transferring input files
...
001 (13690158.000.000) 03/10 16:46:40 Job executing on host: <188.185.205.31:9618?addrs=188.185.205.31-9618+[2001-1458-303-9--100-93]-9618&alias=b9p03p4190.cern.ch&noUDP&sock=startd_4884_98a3>
	SlotName: slot1_17@b9p03p4190.cern.ch
	CondorScratchDir = "/pool/condor/dir_3025366"
	Cpus = 1
	Disk = 3711
	GPUs = 0
	Memory = 3000
...
006 (13690158.000.000) 03/10 16:46:54 Image size of job updated: 948
	1  -  MemoryUsage of job (MB)
	948  -  ResidentSetSize of job (KB)
...
006 (13690158.000.000) 03/10 16:50:58 Image size of job updated: 810644
	1  -  MemoryUsage of job (MB)
	948  -  ResidentSetSize of job (KB)
...
040 (13690158.000.000) 03/10 16:50:58 Started transferring output files
...
040 (13690158.000.000) 03/10 16:50:58 Finished transferring output files
...
005 (13690158.000.000) 03/10 16:50:58 Job terminated.
	(1) Normal termination (return value 0)
		Usr 0 00:01:48, Sys 0 00:00:09  -  Run Remote Usage
		Usr 0 00:00:00, Sys 0 00:00:00  -  Run Local Usage
		Usr 0 00:01:48, Sys 0 00:00:09  -  Total Remote Usage
		Usr 0 00:00:00, Sys 0 00:00:00  -  Total Local Usage
	2824  -  Run Bytes Sent By Job
	11054  -  Run Bytes Received By Job
	2824  -  Total Bytes Sent By Job
	11054  -  Total Bytes Received By Job
	Partitionable Resources :    Usage  Request Allocated 
	   Cpus                 :        0        1         1 
	   Disk (KB)            :    37536       12      3711 
	   GPUs                 :                           0 
	   Memory (MB)          :        1     3000      3000 

	Job terminated of its own accord at 2025-03-10T15:50:58Z with exit-code 0.
...
