000 (13690140.000.000) 03/10 16:09:20 Job submitted from host: <137.138.120.116:9618?addrs=137.138.120.116-9618+[2001-1458-d00-16--17b]-9618&alias=bigbird12.cern.ch&noUDP&sock=schedd_5055_e355>
...
040 (13690140.000.000) 03/10 16:46:33 Started transferring input files
	Transferring to host: <188.185.196.159:9618?addrs=188.185.196.159-9618+[2001-1458-303-23--100-9b]-9618&alias=b9p16p2049.cern.ch&noUDP&sock=slot1_2_8020_90bf_5186>
...
040 (13690140.000.000) 03/10 16:46:33 Finished transferring input files
...
001 (13690140.000.000) 03/10 16:46:34 Job executing on host: <188.185.196.159:9618?addrs=188.185.196.159-9618+[2001-1458-303-23--100-9b]-9618&alias=b9p16p2049.cern.ch&noUDP&sock=startd_6560_315d>
	SlotName: slot1_2@b9p16p2049.cern.ch
	CondorScratchDir = "/pool/condor/dir_570627"
	Cpus = 1
	Disk = 3863
	GPUs = 0
	Memory = 3000
...
006 (13690140.000.000) 03/10 16:46:48 Image size of job updated: 908
	1  -  MemoryUsage of job (MB)
	824  -  ResidentSetSize of job (KB)
...
006 (13690140.000.000) 03/10 16:51:49 Image size of job updated: 730096
	713  -  MemoryUsage of job (MB)
	730096  -  ResidentSetSize of job (KB)
...
006 (13690140.000.000) 03/10 16:56:49 Image size of job updated: 798680
	780  -  MemoryUsage of job (MB)
	798680  -  ResidentSetSize of job (KB)
...
006 (13690140.000.000) 03/10 17:01:50 Image size of job updated: 868504
	849  -  MemoryUsage of job (MB)
	868504  -  ResidentSetSize of job (KB)
...
006 (13690140.000.000) 03/10 17:06:51 Image size of job updated: 934416
	913  -  MemoryUsage of job (MB)
	934416  -  ResidentSetSize of job (KB)
...
006 (13690140.000.000) 03/10 17:11:23 Image size of job updated: 1308156
	913  -  MemoryUsage of job (MB)
	934416  -  ResidentSetSize of job (KB)
...
040 (13690140.000.000) 03/10 17:11:23 Started transferring output files
...
040 (13690140.000.000) 03/10 17:11:23 Finished transferring output files
...
005 (13690140.000.000) 03/10 17:11:23 Job terminated.
	(1) Normal termination (return value 0)
		Usr 0 00:15:58, Sys 0 00:00:19  -  Run Remote Usage
		Usr 0 00:00:00, Sys 0 00:00:00  -  Run Local Usage
		Usr 0 00:15:58, Sys 0 00:00:19  -  Total Remote Usage
		Usr 0 00:00:00, Sys 0 00:00:00  -  Total Local Usage
	3305  -  Run Bytes Sent By Job
	11054  -  Run Bytes Received By Job
	3305  -  Total Bytes Sent By Job
	11054  -  Total Bytes Received By Job
	Partitionable Resources :     Usage  Request Allocated 
	   Cpus                 :      0.99        1         1 
	   Disk (KB)            : 189572          12      3863 
	   GPUs                 :                            0 
	   Memory (MB)          :    913        3000      3000 

	Job terminated of its own accord at 2025-03-10T16:11:23Z with exit-code 0.
...
