000 (13690134.000.000) 03/10 16:09:16 Job submitted from host: <137.138.120.116:9618?addrs=137.138.120.116-9618+[2001-1458-d00-16--17b]-9618&alias=bigbird12.cern.ch&noUDP&sock=schedd_5055_e355>
...
040 (13690134.000.000) 03/10 16:46:30 Started transferring input files
	Transferring to host: <188.185.195.134:9618?addrs=188.185.195.134-9618+[2001-1458-303-22--100-82]-9618&alias=b9p17p8202.cern.ch&noUDP&sock=slot1_21_10756_532e_20608>
...
040 (13690134.000.000) 03/10 16:46:30 Finished transferring input files
...
001 (13690134.000.000) 03/10 16:46:32 Job executing on host: <188.185.195.134:9618?addrs=188.185.195.134-9618+[2001-1458-303-22--100-82]-9618&alias=b9p17p8202.cern.ch&noUDP&sock=startd_9171_1f25>
	SlotName: slot1_21@b9p17p8202.cern.ch
	CondorScratchDir = "/pool/condor/dir_87774"
	Cpus = 1
	Disk = 3874
	GPUs = 0
	Memory = 3000
...
006 (13690134.000.000) 03/10 16:46:45 Image size of job updated: 792
	1  -  MemoryUsage of job (MB)
	792  -  ResidentSetSize of job (KB)
...
006 (13690134.000.000) 03/10 16:51:45 Image size of job updated: 714304
	698  -  MemoryUsage of job (MB)
	714304  -  ResidentSetSize of job (KB)
...
006 (13690134.000.000) 03/10 16:53:38 Image size of job updated: 938224
	698  -  MemoryUsage of job (MB)
	714304  -  ResidentSetSize of job (KB)
...
040 (13690134.000.000) 03/10 16:53:38 Started transferring output files
...
040 (13690134.000.000) 03/10 16:53:38 Finished transferring output files
...
005 (13690134.000.000) 03/10 16:53:38 Job terminated.
	(1) Normal termination (return value 0)
		Usr 0 00:03:17, Sys 0 00:00:14  -  Run Remote Usage
		Usr 0 00:00:00, Sys 0 00:00:00  -  Run Local Usage
		Usr 0 00:03:17, Sys 0 00:00:14  -  Total Remote Usage
		Usr 0 00:00:00, Sys 0 00:00:00  -  Total Local Usage
	3264  -  Run Bytes Sent By Job
	11054  -  Run Bytes Received By Job
	3264  -  Total Bytes Sent By Job
	11054  -  Total Bytes Received By Job
	Partitionable Resources :    Usage  Request Allocated 
	   Cpus                 :     0.97        1         1 
	   Disk (KB)            : 31635          12      3874 
	   GPUs                 :                           0 
	   Memory (MB)          :   698        3000      3000 

	Job terminated of its own accord at 2025-03-10T15:53:38Z with exit-code 0.
...
