000 (13690123.000.000) 03/10 16:09:11 Job submitted from host: <137.138.120.116:9618?addrs=137.138.120.116-9618+[2001-1458-d00-16--17b]-9618&alias=bigbird12.cern.ch&noUDP&sock=schedd_5055_e355>
...
040 (13690123.000.000) 03/10 16:46:27 Started transferring input files
	Transferring to host: <188.185.214.17:9618?addrs=188.185.214.17-9618+[2001-1458-303-1c--100-d]-9618&alias=b9p29p2713.cern.ch&noUDP&sock=slot1_6_4124_7b21_95071>
...
040 (13690123.000.000) 03/10 16:46:27 Finished transferring input files
...
001 (13690123.000.000) 03/10 16:46:28 Job executing on host: <188.185.214.17:9618?addrs=188.185.214.17-9618+[2001-1458-303-1c--100-d]-9618&alias=b9p29p2713.cern.ch&noUDP&sock=startd_3394_9486>
	SlotName: slot1_6@b9p29p2713.cern.ch
	CondorScratchDir = "/pool/condor/dir_1379020"
	Cpus = 1
	Disk = 3775
	GPUs = 0
	Memory = 3000
...
006 (13690123.000.000) 03/10 16:46:37 Image size of job updated: 35416
	35  -  MemoryUsage of job (MB)
	35416  -  ResidentSetSize of job (KB)
...
006 (13690123.000.000) 03/10 16:51:38 Image size of job updated: 850724
	831  -  MemoryUsage of job (MB)
	850724  -  ResidentSetSize of job (KB)
...
040 (13690123.000.000) 03/10 16:53:55 Started transferring output files
...
040 (13690123.000.000) 03/10 16:53:55 Finished transferring output files
...
005 (13690123.000.000) 03/10 16:53:55 Job terminated.
	(1) Normal termination (return value 0)
		Usr 0 00:02:28, Sys 0 00:00:08  -  Run Remote Usage
		Usr 0 00:00:00, Sys 0 00:00:00  -  Run Local Usage
		Usr 0 00:02:28, Sys 0 00:00:08  -  Total Remote Usage
		Usr 0 00:00:00, Sys 0 00:00:00  -  Total Local Usage
	2817  -  Run Bytes Sent By Job
	11048  -  Run Bytes Received By Job
	2817  -  Total Bytes Sent By Job
	11048  -  Total Bytes Received By Job
	Partitionable Resources :    Usage  Request Allocated 
	   Cpus                 :     0.09        1         1 
	   Disk (KB)            : 35307          12      3775 
	   GPUs                 :                           0 
	   Memory (MB)          :   831        3000      3000 

	Job terminated of its own accord at 2025-03-10T15:53:54Z with exit-code 0.
...
