000 (13690152.000.000) 03/10 16:09:27 Job submitted from host: <137.138.120.116:9618?addrs=137.138.120.116-9618+[2001-1458-d00-16--17b]-9618&alias=bigbird12.cern.ch&noUDP&sock=schedd_5055_e355>
...
040 (13690152.000.000) 03/10 16:46:38 Started transferring input files
	Transferring to host: <128.142.131.40:9618?addrs=128.142.131.40-9618+[2001-1458-301-59--100-1c]-9618&alias=b9g11p1193.cern.ch&noUDP&sock=slot1_8_3001_39d3_30144>
...
040 (13690152.000.000) 03/10 16:46:38 Finished transferring input files
...
001 (13690152.000.000) 03/10 16:46:39 Job executing on host: <128.142.131.40:9618?addrs=128.142.131.40-9618+[2001-1458-301-59--100-1c]-9618&alias=b9g11p1193.cern.ch&noUDP&sock=startd_2629_da92>
	SlotName: slot1_8@b9g11p1193.cern.ch
	CondorScratchDir = "/pool/condor/dir_861215"
	Cpus = 1
	Disk = 2657
	GPUs = 0
	Memory = 3000
...
006 (13690152.000.000) 03/10 16:46:53 Image size of job updated: 952
	1  -  MemoryUsage of job (MB)
	952  -  ResidentSetSize of job (KB)
...
006 (13690152.000.000) 03/10 16:50:14 Image size of job updated: 902724
	1  -  MemoryUsage of job (MB)
	952  -  ResidentSetSize of job (KB)
...
040 (13690152.000.000) 03/10 16:50:15 Started transferring output files
...
040 (13690152.000.000) 03/10 16:50:16 Finished transferring output files
...
005 (13690152.000.000) 03/10 16:50:16 Job terminated.
	(1) Normal termination (return value 0)
		Usr 0 00:01:13, Sys 0 00:00:08  -  Run Remote Usage
		Usr 0 00:00:00, Sys 0 00:00:00  -  Run Local Usage
		Usr 0 00:01:13, Sys 0 00:00:08  -  Total Remote Usage
		Usr 0 00:00:00, Sys 0 00:00:00  -  Total Local Usage
	2817  -  Run Bytes Sent By Job
	11054  -  Run Bytes Received By Job
	2817  -  Total Bytes Sent By Job
	11054  -  Total Bytes Received By Job
	Partitionable Resources :    Usage  Request Allocated 
	   Cpus                 :     0.02        1         1 
	   Disk (KB)            : 15279          12      2657 
	   GPUs                 :                           0 
	   Memory (MB)          :     1        3000      3000 

	Job terminated of its own accord at 2025-03-10T15:50:14Z with exit-code 0.
...
