000 (13690151.000.000) 03/10 16:09:26 Job submitted from host: <137.138.120.116:9618?addrs=137.138.120.116-9618+[2001-1458-d00-16--17b]-9618&alias=bigbird12.cern.ch&noUDP&sock=schedd_5055_e355>
...
040 (13690151.000.000) 03/10 16:47:24 Started transferring input files
	Transferring to host: <188.185.212.38:9618?addrs=188.185.212.38-9618+[2001-1458-303-18--100-22]-9618&alias=b9p25p7899.cern.ch&noUDP&sock=slot1_39_4374_a0eb_33505>
...
040 (13690151.000.000) 03/10 16:47:24 Finished transferring input files
...
001 (13690151.000.000) 03/10 16:47:25 Job executing on host: <188.185.212.38:9618?addrs=188.185.212.38-9618+[2001-1458-303-18--100-22]-9618&alias=b9p25p7899.cern.ch&noUDP&sock=startd_3694_5aef>
	SlotName: slot1_39@b9p25p7899.cern.ch
	CondorScratchDir = "/pool/condor/dir_455241"
	Cpus = 1
	Disk = 3923
	GPUs = 0
	Memory = 3000
...
006 (13690151.000.000) 03/10 16:47:39 Image size of job updated: 131844
	129  -  MemoryUsage of job (MB)
	131844  -  ResidentSetSize of job (KB)
...
006 (13690151.000.000) 03/10 16:52:40 Image size of job updated: 783656
	766  -  MemoryUsage of job (MB)
	783656  -  ResidentSetSize of job (KB)
...
006 (13690151.000.000) 03/10 16:55:59 Image size of job updated: 1157032
	766  -  MemoryUsage of job (MB)
	783656  -  ResidentSetSize of job (KB)
...
040 (13690151.000.000) 03/10 16:55:59 Started transferring output files
...
040 (13690151.000.000) 03/10 16:55:59 Finished transferring output files
...
005 (13690151.000.000) 03/10 16:55:59 Job terminated.
	(1) Normal termination (return value 0)
		Usr 0 00:04:17, Sys 0 00:00:09  -  Run Remote Usage
		Usr 0 00:00:00, Sys 0 00:00:00  -  Run Local Usage
		Usr 0 00:04:17, Sys 0 00:00:09  -  Total Remote Usage
		Usr 0 00:00:00, Sys 0 00:00:00  -  Total Local Usage
	2824  -  Run Bytes Sent By Job
	11054  -  Run Bytes Received By Job
	2824  -  Total Bytes Sent By Job
	11054  -  Total Bytes Received By Job
	Partitionable Resources :    Usage  Request Allocated 
	   Cpus                 :     0.27        1         1 
	   Disk (KB)            : 96586          12      3923 
	   GPUs                 :                           0 
	   Memory (MB)          :   766        3000      3000 

	Job terminated of its own accord at 2025-03-10T15:55:59Z with exit-code 0.
...
