000 (13690128.000.000) 03/10 16:09:13 Job submitted from host: <137.138.120.116:9618?addrs=137.138.120.116-9618+[2001-1458-d00-16--17b]-9618&alias=bigbird12.cern.ch&noUDP&sock=schedd_5055_e355>
...
040 (13690128.000.000) 03/10 16:46:29 Started transferring input files
	Transferring to host: <188.185.214.147:9618?addrs=188.185.214.147-9618+[2001-1458-303-1d--100-f]-9618&alias=b9p30p3727.cern.ch&noUDP&sock=slot1_4_4192_64a4_97546>
...
040 (13690128.000.000) 03/10 16:46:29 Finished transferring input files
...
001 (13690128.000.000) 03/10 16:46:30 Job executing on host: <188.185.214.147:9618?addrs=188.185.214.147-9618+[2001-1458-303-1d--100-f]-9618&alias=b9p30p3727.cern.ch&noUDP&sock=startd_3539_09c1>
	SlotName: slot1_4@b9p30p3727.cern.ch
	CondorScratchDir = "/pool/condor/dir_3066061"
	Cpus = 1
	Disk = 3745
	GPUs = 0
	Memory = 3000
...
006 (13690128.000.000) 03/10 16:46:39 Image size of job updated: 2732
	3  -  MemoryUsage of job (MB)
	2732  -  ResidentSetSize of job (KB)
...
006 (13690128.000.000) 03/10 16:50:10 Image size of job updated: 234316
	229  -  MemoryUsage of job (MB)
	234316  -  ResidentSetSize of job (KB)
...
040 (13690128.000.000) 03/10 16:50:10 Started transferring output files
...
040 (13690128.000.000) 03/10 16:50:10 Finished transferring output files
...
005 (13690128.000.000) 03/10 16:50:10 Job terminated.
	(1) Normal termination (return value 0)
		Usr 0 00:00:54, Sys 0 00:00:09  -  Run Remote Usage
		Usr 0 00:00:00, Sys 0 00:00:00  -  Run Local Usage
		Usr 0 00:00:54, Sys 0 00:00:09  -  Total Remote Usage
		Usr 0 00:00:00, Sys 0 00:00:00  -  Total Local Usage
	2934  -  Run Bytes Sent By Job
	11048  -  Run Bytes Received By Job
	2934  -  Total Bytes Sent By Job
	11048  -  Total Bytes Received By Job
	Partitionable Resources :    Usage  Request Allocated 
	   Cpus                 :        0        1         1 
	   Disk (KB)            :    14655       12      3745 
	   GPUs                 :                           0 
	   Memory (MB)          :      229     3000      3000 

	Job terminated of its own accord at 2025-03-10T15:50:10Z with exit-code 0.
...
