000 (13690155.000.000) 03/10 16:09:28 Job submitted from host: <137.138.120.116:9618?addrs=137.138.120.116-9618+[2001-1458-d00-16--17b]-9618&alias=bigbird12.cern.ch&noUDP&sock=schedd_5055_e355>
...
040 (13690155.000.000) 03/10 16:47:24 Started transferring input files
	Transferring to host: <188.185.214.167:9618?addrs=188.185.214.167-9618+[2001-1458-303-1d--100-23]-9618&alias=b9p30p1158.cern.ch&noUDP&sock=slot1_25_4861_c39f_96329>
...
040 (13690155.000.000) 03/10 16:47:24 Finished transferring input files
...
001 (13690155.000.000) 03/10 16:47:25 Job executing on host: <188.185.214.167:9618?addrs=188.185.214.167-9618+[2001-1458-303-1d--100-23]-9618&alias=b9p30p1158.cern.ch&noUDP&sock=startd_4044_6d15>
	SlotName: slot1_25@b9p30p1158.cern.ch
	CondorScratchDir = "/pool/condor/dir_2337436"
	Cpus = 1
	Disk = 3755
	GPUs = 0
	Memory = 3000
...
006 (13690155.000.000) 03/10 16:47:34 Image size of job updated: 133640
	131  -  MemoryUsage of job (MB)
	133640  -  ResidentSetSize of job (KB)
...
040 (13690155.000.000) 03/10 16:52:24 Started transferring output files
...
040 (13690155.000.000) 03/10 16:52:24 Finished transferring output files
...
005 (13690155.000.000) 03/10 16:52:24 Job terminated.
	(1) Normal termination (return value 0)
		Usr 0 00:02:34, Sys 0 00:00:08  -  Run Remote Usage
		Usr 0 00:00:00, Sys 0 00:00:00  -  Run Local Usage
		Usr 0 00:02:34, Sys 0 00:00:08  -  Total Remote Usage
		Usr 0 00:00:00, Sys 0 00:00:00  -  Total Local Usage
	2824  -  Run Bytes Sent By Job
	11054  -  Run Bytes Received By Job
	2824  -  Total Bytes Sent By Job
	11054  -  Total Bytes Received By Job
	Partitionable Resources :    Usage  Request Allocated 
	   Cpus                 :     0.99        1         1 
	   Disk (KB)            : 47366          12      3755 
	   GPUs                 :                           0 
	   Memory (MB)          :   131        3000      3000 

	Job terminated of its own accord at 2025-03-10T15:52:24Z with exit-code 0.
...
