000 (13690129.000.000) 03/10 16:09:14 Job submitted from host: <137.138.120.116:9618?addrs=137.138.120.116-9618+[2001-1458-d00-16--17b]-9618&alias=bigbird12.cern.ch&noUDP&sock=schedd_5055_e355>
...
040 (13690129.000.000) 03/10 16:46:29 Started transferring input files
	Transferring to host: <188.185.211.103:9618?addrs=188.185.211.103-9618+[2001-1458-303-16--100-63]-9618&alias=b9p23p0218.cern.ch&noUDP&sock=slot1_7_1513139_0f74_32657>
...
040 (13690129.000.000) 03/10 16:46:29 Finished transferring input files
...
001 (13690129.000.000) 03/10 16:46:30 Job executing on host: <188.185.211.103:9618?addrs=188.185.211.103-9618+[2001-1458-303-16--100-63]-9618&alias=b9p23p0218.cern.ch&noUDP&sock=startd_3178_6c11>
	SlotName: slot1_7@b9p23p0218.cern.ch
	CondorScratchDir = "/pool/condor/dir_955350"
	Cpus = 1
	Disk = 3795
	GPUs = 0
	Memory = 3000
...
006 (13690129.000.000) 03/10 16:46:39 Image size of job updated: 1840
	2  -  MemoryUsage of job (MB)
	1840  -  ResidentSetSize of job (KB)
...
006 (13690129.000.000) 03/10 16:49:35 Image size of job updated: 291744
	285  -  MemoryUsage of job (MB)
	291744  -  ResidentSetSize of job (KB)
...
040 (13690129.000.000) 03/10 16:49:38 Started transferring output files
...
040 (13690129.000.000) 03/10 16:49:40 Finished transferring output files
...
005 (13690129.000.000) 03/10 16:49:41 Job terminated.
	(1) Normal termination (return value 0)
		Usr 0 00:01:07, Sys 0 00:00:09  -  Run Remote Usage
		Usr 0 00:00:00, Sys 0 00:00:00  -  Run Local Usage
		Usr 0 00:01:07, Sys 0 00:00:09  -  Total Remote Usage
		Usr 0 00:00:00, Sys 0 00:00:00  -  Total Local Usage
	2811  -  Run Bytes Sent By Job
	11048  -  Run Bytes Received By Job
	2811  -  Total Bytes Sent By Job
	11048  -  Total Bytes Received By Job
	Partitionable Resources :    Usage  Request Allocated 
	   Cpus                 :        0        1         1 
	   Disk (KB)            :    20456       12      3795 
	   GPUs                 :                           0 
	   Memory (MB)          :      285     3000      3000 

	Job terminated of its own accord at 2025-03-10T15:49:35Z with exit-code 0.
...
