000 (13690124.000.000) 03/10 16:09:11 Job submitted from host: <137.138.120.116:9618?addrs=137.138.120.116-9618+[2001-1458-d00-16--17b]-9618&alias=bigbird12.cern.ch&noUDP&sock=schedd_5055_e355>
...
040 (13690124.000.000) 03/10 16:46:28 Started transferring input files
	Transferring to host: <188.185.198.46:9618?addrs=188.185.198.46-9618+[2001-1458-303-25--100-2a]-9618&alias=b9p15p0351.cern.ch&noUDP&sock=slot1_9_170460_3d8d_5388>
...
040 (13690124.000.000) 03/10 16:46:28 Finished transferring input files
...
001 (13690124.000.000) 03/10 16:46:29 Job executing on host: <188.185.198.46:9618?addrs=188.185.198.46-9618+[2001-1458-303-25--100-2a]-9618&alias=b9p15p0351.cern.ch&noUDP&sock=startd_170079_a03b>
	SlotName: slot1_9@b9p15p0351.cern.ch
	CondorScratchDir = "/pool/condor/dir_1949321"
	Cpus = 1
	Disk = 3891
	GPUs = 0
	Memory = 3000
...
006 (13690124.000.000) 03/10 16:46:43 Image size of job updated: 952
	1  -  MemoryUsage of job (MB)
	952  -  ResidentSetSize of job (KB)
...
006 (13690124.000.000) 03/10 16:51:44 Image size of job updated: 734648
	718  -  MemoryUsage of job (MB)
	734648  -  ResidentSetSize of job (KB)
...
006 (13690124.000.000) 03/10 16:56:45 Image size of job updated: 819936
	801  -  MemoryUsage of job (MB)
	819936  -  ResidentSetSize of job (KB)
...
006 (13690124.000.000) 03/10 17:01:45 Image size of job updated: 893060
	873  -  MemoryUsage of job (MB)
	893060  -  ResidentSetSize of job (KB)
...
006 (13690124.000.000) 03/10 17:06:46 Image size of job updated: 962280
	940  -  MemoryUsage of job (MB)
	962280  -  ResidentSetSize of job (KB)
...
006 (13690124.000.000) 03/10 17:11:47 Image size of job updated: 1035440
	1012  -  MemoryUsage of job (MB)
	1035440  -  ResidentSetSize of job (KB)
...
006 (13690124.000.000) 03/10 17:16:47 Image size of job updated: 1102528
	1077  -  MemoryUsage of job (MB)
	1102528  -  ResidentSetSize of job (KB)
...
006 (13690124.000.000) 03/10 17:20:28 Image size of job updated: 1454732
	1077  -  MemoryUsage of job (MB)
	1102528  -  ResidentSetSize of job (KB)
...
040 (13690124.000.000) 03/10 17:20:28 Started transferring output files
...
040 (13690124.000.000) 03/10 17:20:28 Finished transferring output files
...
005 (13690124.000.000) 03/10 17:20:28 Job terminated.
	(1) Normal termination (return value 0)
		Usr 0 00:23:06, Sys 0 00:00:21  -  Run Remote Usage
		Usr 0 00:00:00, Sys 0 00:00:00  -  Run Local Usage
		Usr 0 00:23:06, Sys 0 00:00:21  -  Total Remote Usage
		Usr 0 00:00:00, Sys 0 00:00:00  -  Total Local Usage
	3461  -  Run Bytes Sent By Job
	11048  -  Run Bytes Received By Job
	3461  -  Total Bytes Sent By Job
	11048  -  Total Bytes Received By Job
	Partitionable Resources :     Usage  Request Allocated 
	   Cpus                 :      0.03        1         1 
	   Disk (KB)            : 303850          12      3891 
	   GPUs                 :                            0 
	   Memory (MB)          :   1077        3000      3000 

	Job terminated of its own accord at 2025-03-10T16:20:28Z with exit-code 0.
...
