000 (13690146.000.000) 03/10 16:09:24 Job submitted from host: <137.138.120.116:9618?addrs=137.138.120.116-9618+[2001-1458-d00-16--17b]-9618&alias=bigbird12.cern.ch&noUDP&sock=schedd_5055_e355>
...
040 (13690146.000.000) 03/10 16:46:37 Started transferring input files
	Transferring to host: <128.142.131.67:9618?addrs=128.142.131.67-9618+[2001-1458-301-59--100-37]-9618&alias=b9g11p0935.cern.ch&noUDP&sock=slot1_17_3028_3ff4_18255>
...
040 (13690146.000.000) 03/10 16:46:37 Finished transferring input files
...
001 (13690146.000.000) 03/10 16:46:38 Job executing on host: <128.142.131.67:9618?addrs=128.142.131.67-9618+[2001-1458-301-59--100-37]-9618&alias=b9g11p0935.cern.ch&noUDP&sock=startd_2661_cd9a>
	SlotName: slot1_17@b9g11p0935.cern.ch
	CondorScratchDir = "/pool/condor/dir_2038109"
	Cpus = 1
	Disk = 2642
	GPUs = 0
	Memory = 3000
...
006 (13690146.000.000) 03/10 16:46:47 Image size of job updated: 24964
	25  -  MemoryUsage of job (MB)
	24964  -  ResidentSetSize of job (KB)
...
006 (13690146.000.000) 03/10 16:51:48 Image size of job updated: 1034060
	1010  -  MemoryUsage of job (MB)
	1034060  -  ResidentSetSize of job (KB)
...
006 (13690146.000.000) 03/10 16:56:49 Image size of job updated: 1091860
	1067  -  MemoryUsage of job (MB)
	1091860  -  ResidentSetSize of job (KB)
...
040 (13690146.000.000) 03/10 17:00:18 Started transferring output files
...
040 (13690146.000.000) 03/10 17:00:18 Finished transferring output files
...
005 (13690146.000.000) 03/10 17:00:18 Job terminated.
	(1) Normal termination (return value 0)
		Usr 0 00:07:49, Sys 0 00:00:10  -  Run Remote Usage
		Usr 0 00:00:00, Sys 0 00:00:00  -  Run Local Usage
		Usr 0 00:07:49, Sys 0 00:00:10  -  Total Remote Usage
		Usr 0 00:00:00, Sys 0 00:00:00  -  Total Local Usage
	2823  -  Run Bytes Sent By Job
	11054  -  Run Bytes Received By Job
	2823  -  Total Bytes Sent By Job
	11054  -  Total Bytes Received By Job
	Partitionable Resources :    Usage  Request Allocated 
	   Cpus                 :     0.84        1         1 
	   Disk (KB)            : 74120          12      2642 
	   GPUs                 :                           0 
	   Memory (MB)          :  1067        3000      3000 

	Job terminated of its own accord at 2025-03-10T16:00:18Z with exit-code 0.
...
