000 (13690153.000.000) 03/10 16:09:27 Job submitted from host: <137.138.120.116:9618?addrs=137.138.120.116-9618+[2001-1458-d00-16--17b]-9618&alias=bigbird12.cern.ch&noUDP&sock=schedd_5055_e355>
...
040 (13690153.000.000) 03/10 16:46:38 Started transferring input files
	Transferring to host: <188.185.206.187:9618?addrs=188.185.206.187-9618+[2001-1458-303-c--100-38]-9618&alias=b9p06p6732.cern.ch&noUDP&sock=slot1_13_3740_eb11_10576>
...
040 (13690153.000.000) 03/10 16:46:38 Finished transferring input files
...
001 (13690153.000.000) 03/10 16:46:39 Job executing on host: <188.185.206.187:9618?addrs=188.185.206.187-9618+[2001-1458-303-c--100-38]-9618&alias=b9p06p6732.cern.ch&noUDP&sock=startd_3411_3da2>
	SlotName: slot1_13@b9p06p6732.cern.ch
	CondorScratchDir = "/pool/condor/dir_1727426"
	Cpus = 1
	Disk = 3711
	GPUs = 0
	Memory = 3000
...
006 (13690153.000.000) 03/10 16:46:53 Image size of job updated: 964
	1  -  MemoryUsage of job (MB)
	964  -  ResidentSetSize of job (KB)
...
006 (13690153.000.000) 03/10 16:51:54 Image size of job updated: 783176
	765  -  MemoryUsage of job (MB)
	783176  -  ResidentSetSize of job (KB)
...
006 (13690153.000.000) 03/10 16:56:54 Image size of job updated: 873188
	853  -  MemoryUsage of job (MB)
	873188  -  ResidentSetSize of job (KB)
...
006 (13690153.000.000) 03/10 17:01:55 Image size of job updated: 994660
	972  -  MemoryUsage of job (MB)
	994660  -  ResidentSetSize of job (KB)
...
006 (13690153.000.000) 03/10 17:06:55 Image size of job updated: 1086336
	1061  -  MemoryUsage of job (MB)
	1086336  -  ResidentSetSize of job (KB)
...
006 (13690153.000.000) 03/10 17:11:09 Image size of job updated: 1478564
	1061  -  MemoryUsage of job (MB)
	1086336  -  ResidentSetSize of job (KB)
...
040 (13690153.000.000) 03/10 17:11:09 Started transferring output files
...
040 (13690153.000.000) 03/10 17:11:09 Finished transferring output files
...
005 (13690153.000.000) 03/10 17:11:09 Job terminated.
	(1) Normal termination (return value 0)
		Usr 0 00:13:35, Sys 0 00:00:16  -  Run Remote Usage
		Usr 0 00:00:00, Sys 0 00:00:00  -  Run Local Usage
		Usr 0 00:13:35, Sys 0 00:00:16  -  Total Remote Usage
		Usr 0 00:00:00, Sys 0 00:00:00  -  Total Local Usage
	3153  -  Run Bytes Sent By Job
	11054  -  Run Bytes Received By Job
	3153  -  Total Bytes Sent By Job
	11054  -  Total Bytes Received By Job
	Partitionable Resources :     Usage  Request Allocated 
	   Cpus                 :      0.98        1         1 
	   Disk (KB)            : 316015          12      3711 
	   GPUs                 :                            0 
	   Memory (MB)          :   1061        3000      3000 

	Job terminated of its own accord at 2025-03-10T16:11:09Z with exit-code 0.
...
