000 (13690154.000.000) 03/10 16:09:28 Job submitted from host: <137.138.120.116:9618?addrs=137.138.120.116-9618+[2001-1458-d00-16--17b]-9618&alias=bigbird12.cern.ch&noUDP&sock=schedd_5055_e355>
...
040 (13690154.000.000) 03/10 16:46:40 Started transferring input files
	Transferring to host: <128.142.131.185:9618?addrs=128.142.131.185-9618+[2001-1458-301-59--100-ad]-9618&alias=b9g11p4853.cern.ch&noUDP&sock=slot1_11_2985_f3d2_20181>
...
040 (13690154.000.000) 03/10 16:46:40 Finished transferring input files
...
001 (13690154.000.000) 03/10 16:46:41 Job executing on host: <128.142.131.185:9618?addrs=128.142.131.185-9618+[2001-1458-301-59--100-ad]-9618&alias=b9g11p4853.cern.ch&noUDP&sock=startd_2626_cbca>
	SlotName: slot1_11@b9g11p4853.cern.ch
	CondorScratchDir = "/pool/condor/dir_1869924"
	Cpus = 1
	Disk = 2681
	GPUs = 0
	Memory = 3000
...
006 (13690154.000.000) 03/10 16:46:55 Image size of job updated: 820
	1  -  MemoryUsage of job (MB)
	820  -  ResidentSetSize of job (KB)
...
006 (13690154.000.000) 03/10 16:50:31 Image size of job updated: 934932
	1  -  MemoryUsage of job (MB)
	820  -  ResidentSetSize of job (KB)
...
040 (13690154.000.000) 03/10 16:50:31 Started transferring output files
...
040 (13690154.000.000) 03/10 16:50:31 Finished transferring output files
...
005 (13690154.000.000) 03/10 16:50:31 Job terminated.
	(1) Normal termination (return value 0)
		Usr 0 00:01:46, Sys 0 00:00:08  -  Run Remote Usage
		Usr 0 00:00:00, Sys 0 00:00:00  -  Run Local Usage
		Usr 0 00:01:46, Sys 0 00:00:08  -  Total Remote Usage
		Usr 0 00:00:00, Sys 0 00:00:00  -  Total Local Usage
	2817  -  Run Bytes Sent By Job
	11054  -  Run Bytes Received By Job
	2817  -  Total Bytes Sent By Job
	11054  -  Total Bytes Received By Job
	Partitionable Resources :    Usage  Request Allocated 
	   Cpus                 :        0        1         1 
	   Disk (KB)            :    20712       12      2681 
	   GPUs                 :                           0 
	   Memory (MB)          :        1     3000      3000 

	Job terminated of its own accord at 2025-03-10T15:50:31Z with exit-code 0.
...
