000 (13690130.000.000) 03/10 16:09:14 Job submitted from host: <137.138.120.116:9618?addrs=137.138.120.116-9618+[2001-1458-d00-16--17b]-9618&alias=bigbird12.cern.ch&noUDP&sock=schedd_5055_e355>
...
040 (13690130.000.000) 03/10 16:46:30 Started transferring input files
	Transferring to host: <188.185.211.32:9618?addrs=188.185.211.32-9618+[2001-1458-303-16--100-1c]-9618&alias=b9p23p8411.cern.ch&noUDP&sock=slot1_19_4120_a9a1_102467>
...
040 (13690130.000.000) 03/10 16:46:30 Finished transferring input files
...
001 (13690130.000.000) 03/10 16:46:31 Job executing on host: <188.185.211.32:9618?addrs=188.185.211.32-9618+[2001-1458-303-16--100-1c]-9618&alias=b9p23p8411.cern.ch&noUDP&sock=startd_3370_1e40>
	SlotName: slot1_19@b9p23p8411.cern.ch
	CondorScratchDir = "/pool/condor/dir_1515419"
	Cpus = 1
	Disk = 3772
	GPUs = 0
	Memory = 3000
...
006 (13690130.000.000) 03/10 16:46:40 Image size of job updated: 17672
	18  -  MemoryUsage of job (MB)
	17672  -  ResidentSetSize of job (KB)
...
006 (13690130.000.000) 03/10 16:50:19 Image size of job updated: 586696
	573  -  MemoryUsage of job (MB)
	586696  -  ResidentSetSize of job (KB)
...
040 (13690130.000.000) 03/10 16:50:19 Started transferring output files
...
040 (13690130.000.000) 03/10 16:50:19 Finished transferring output files
...
005 (13690130.000.000) 03/10 16:50:23 Job terminated.
	(1) Normal termination (return value 0)
		Usr 0 00:01:17, Sys 0 00:00:10  -  Run Remote Usage
		Usr 0 00:00:00, Sys 0 00:00:00  -  Run Local Usage
		Usr 0 00:01:17, Sys 0 00:00:10  -  Total Remote Usage
		Usr 0 00:00:00, Sys 0 00:00:00  -  Total Local Usage
	2817  -  Run Bytes Sent By Job
	11048  -  Run Bytes Received By Job
	2817  -  Total Bytes Sent By Job
	11048  -  Total Bytes Received By Job
	Partitionable Resources :    Usage  Request Allocated 
	   Cpus                 :        0        1         1 
	   Disk (KB)            :    24023       12      3772 
	   GPUs                 :                           0 
	   Memory (MB)          :      573     3000      3000 

	Job terminated of its own accord at 2025-03-10T15:50:19Z with exit-code 0.
...
