000 (13690148.000.000) 03/10 16:09:25 Job submitted from host: <137.138.120.116:9618?addrs=137.138.120.116-9618+[2001-1458-d00-16--17b]-9618&alias=bigbird12.cern.ch&noUDP&sock=schedd_5055_e355>
...
040 (13690148.000.000) 03/10 16:47:23 Started transferring input files
	Transferring to host: <188.185.213.48:9618?addrs=188.185.213.48-9618+[2001-1458-303-1a--100-2c]-9618&alias=b9p27p4287.cern.ch&noUDP&sock=slot1_4_4796_f73c_32758>
...
040 (13690148.000.000) 03/10 16:47:23 Finished transferring input files
...
001 (13690148.000.000) 03/10 16:47:25 Job executing on host: <188.185.213.48:9618?addrs=188.185.213.48-9618+[2001-1458-303-1a--100-2c]-9618&alias=b9p27p4287.cern.ch&noUDP&sock=startd_4035_40bb>
	SlotName: slot1_4@b9p27p4287.cern.ch
	CondorScratchDir = "/pool/condor/dir_395241"
	Cpus = 1
	Disk = 3858
	GPUs = 0
	Memory = 3000
...
006 (13690148.000.000) 03/10 16:47:38 Image size of job updated: 16676
	17  -  MemoryUsage of job (MB)
	16676  -  ResidentSetSize of job (KB)
...
006 (13690148.000.000) 03/10 16:52:38 Image size of job updated: 767232
	750  -  MemoryUsage of job (MB)
	767232  -  ResidentSetSize of job (KB)
...
006 (13690148.000.000) 03/10 16:57:38 Image size of job updated: 859656
	840  -  MemoryUsage of job (MB)
	859656  -  ResidentSetSize of job (KB)
...
006 (13690148.000.000) 03/10 17:02:39 Image size of job updated: 923192
	902  -  MemoryUsage of job (MB)
	923192  -  ResidentSetSize of job (KB)
...
006 (13690148.000.000) 03/10 17:07:39 Image size of job updated: 994860
	972  -  MemoryUsage of job (MB)
	994860  -  ResidentSetSize of job (KB)
...
006 (13690148.000.000) 03/10 17:12:39 Image size of job updated: 1068452
	1044  -  MemoryUsage of job (MB)
	1068452  -  ResidentSetSize of job (KB)
...
006 (13690148.000.000) 03/10 17:17:40 Image size of job updated: 1148104
	1122  -  MemoryUsage of job (MB)
	1148104  -  ResidentSetSize of job (KB)
...
006 (13690148.000.000) 03/10 17:22:40 Image size of job updated: 1224352
	1196  -  MemoryUsage of job (MB)
	1224352  -  ResidentSetSize of job (KB)
...
006 (13690148.000.000) 03/10 17:27:41 Image size of job updated: 1595696
	1316  -  MemoryUsage of job (MB)
	1347048  -  ResidentSetSize of job (KB)
...
040 (13690148.000.000) 03/10 17:27:46 Started transferring output files
...
040 (13690148.000.000) 03/10 17:27:46 Finished transferring output files
...
005 (13690148.000.000) 03/10 17:27:46 Job terminated.
	(1) Normal termination (return value 0)
		Usr 0 00:23:45, Sys 0 00:00:25  -  Run Remote Usage
		Usr 0 00:00:00, Sys 0 00:00:00  -  Run Local Usage
		Usr 0 00:23:45, Sys 0 00:00:25  -  Total Remote Usage
		Usr 0 00:00:00, Sys 0 00:00:00  -  Total Local Usage
	3153  -  Run Bytes Sent By Job
	11054  -  Run Bytes Received By Job
	3153  -  Total Bytes Sent By Job
	11054  -  Total Bytes Received By Job
	Partitionable Resources :     Usage  Request Allocated 
	   Cpus                 :      1.05        1         1 
	   Disk (KB)            : 415840          12      3858 
	   GPUs                 :                            0 
	   Memory (MB)          :   1316        3000      3000 

	Job terminated of its own accord at 2025-03-10T16:27:46Z with exit-code 0.
...
