000 (13690157.000.000) 03/10 16:09:30 Job submitted from host: <137.138.120.116:9618?addrs=137.138.120.116-9618+[2001-1458-d00-16--17b]-9618&alias=bigbird12.cern.ch&noUDP&sock=schedd_5055_e355>
...
040 (13690157.000.000) 03/10 16:46:43 Started transferring input files
	Transferring to host: <188.185.207.208:9618?addrs=188.185.207.208-9618+[2001-1458-303-e--100-4d]-9618&alias=b9p08p9041.cern.ch&noUDP&sock=slot1_18_11423_496a_10660>
...
040 (13690157.000.000) 03/10 16:46:44 Finished transferring input files
...
001 (13690157.000.000) 03/10 16:46:44 Job executing on host: <188.185.207.208:9618?addrs=188.185.207.208-9618+[2001-1458-303-e--100-4d]-9618&alias=b9p08p9041.cern.ch&noUDP&sock=startd_10053_19ad>
	SlotName: slot1_18@b9p08p9041.cern.ch
	CondorScratchDir = "/pool/condor/dir_234567"
	Cpus = 1
	Disk = 3708
	GPUs = 0
	Memory = 3000
...
006 (13690157.000.000) 03/10 16:46:58 Image size of job updated: 964
	1  -  MemoryUsage of job (MB)
	964  -  ResidentSetSize of job (KB)
...
006 (13690157.000.000) 03/10 16:51:58 Image size of job updated: 737384
	721  -  MemoryUsage of job (MB)
	737384  -  ResidentSetSize of job (KB)
...
006 (13690157.000.000) 03/10 16:56:59 Image size of job updated: 865368
	846  -  MemoryUsage of job (MB)
	865368  -  ResidentSetSize of job (KB)
...
006 (13690157.000.000) 03/10 17:01:59 Image size of job updated: 949008
	927  -  MemoryUsage of job (MB)
	949008  -  ResidentSetSize of job (KB)
...
006 (13690157.000.000) 03/10 17:07:00 Image size of job updated: 1045896
	1022  -  MemoryUsage of job (MB)
	1045896  -  ResidentSetSize of job (KB)
...
006 (13690157.000.000) 03/10 17:12:01 Image size of job updated: 1115832
	1090  -  MemoryUsage of job (MB)
	1115832  -  ResidentSetSize of job (KB)
...
006 (13690157.000.000) 03/10 17:17:01 Image size of job updated: 1220684
	1193  -  MemoryUsage of job (MB)
	1220684  -  ResidentSetSize of job (KB)
...
006 (13690157.000.000) 03/10 17:22:02 Image size of job updated: 1294192
	1264  -  MemoryUsage of job (MB)
	1294192  -  ResidentSetSize of job (KB)
...
006 (13690157.000.000) 03/10 17:27:02 Image size of job updated: 1383176
	1351  -  MemoryUsage of job (MB)
	1383176  -  ResidentSetSize of job (KB)
...
006 (13690157.000.000) 03/10 17:32:03 Image size of job updated: 1472720
	1439  -  MemoryUsage of job (MB)
	1472720  -  ResidentSetSize of job (KB)
...
006 (13690157.000.000) 03/10 17:37:03 Image size of job updated: 1554640
	1519  -  MemoryUsage of job (MB)
	1554640  -  ResidentSetSize of job (KB)
...
006 (13690157.000.000) 03/10 17:42:04 Image size of job updated: 1651056
	1613  -  MemoryUsage of job (MB)
	1651056  -  ResidentSetSize of job (KB)
...
006 (13690157.000.000) 03/10 17:47:05 Image size of job updated: 1714384
	1675  -  MemoryUsage of job (MB)
	1714384  -  ResidentSetSize of job (KB)
...
006 (13690157.000.000) 03/10 17:52:05 Image size of job updated: 1805952
	1764  -  MemoryUsage of job (MB)
	1805952  -  ResidentSetSize of job (KB)
...
006 (13690157.000.000) 03/10 17:57:06 Image size of job updated: 1889684
	1846  -  MemoryUsage of job (MB)
	1889684  -  ResidentSetSize of job (KB)
...
006 (13690157.000.000) 03/10 18:01:26 Image size of job updated: 2220712
	1846  -  MemoryUsage of job (MB)
	1889684  -  ResidentSetSize of job (KB)
...
040 (13690157.000.000) 03/10 18:01:26 Started transferring output files
...
040 (13690157.000.000) 03/10 18:01:26 Finished transferring output files
...
005 (13690157.000.000) 03/10 18:01:26 Job terminated.
	(1) Normal termination (return value 0)
		Usr 0 00:44:19, Sys 0 00:00:40  -  Run Remote Usage
		Usr 0 00:00:00, Sys 0 00:00:00  -  Run Local Usage
		Usr 0 00:44:19, Sys 0 00:00:40  -  Total Remote Usage
		Usr 0 00:00:00, Sys 0 00:00:00  -  Total Local Usage
	3797  -  Run Bytes Sent By Job
	11054  -  Run Bytes Received By Job
	3797  -  Total Bytes Sent By Job
	11054  -  Total Bytes Received By Job
	Partitionable Resources :     Usage  Request Allocated 
	   Cpus                 :      0.21        1         1 
	   Disk (KB)            : 899916          12      3708 
	   GPUs                 :                            0 
	   Memory (MB)          :   1846        3000      3000 

	Job terminated of its own accord at 2025-03-10T17:01:26Z with exit-code 0.
...
