000 (13690144.000.000) 03/10 16:09:22 Job submitted from host: <137.138.120.116:9618?addrs=137.138.120.116-9618+[2001-1458-d00-16--17b]-9618&alias=bigbird12.cern.ch&noUDP&sock=schedd_5055_e355>
...
040 (13690144.000.000) 03/10 16:46:35 Started transferring input files
	Transferring to host: <128.142.131.75:9618?addrs=128.142.131.75-9618+[2001-1458-301-59--100-3f]-9618&alias=b9g11p1959.cern.ch&noUDP&sock=slot1_8_3089_3ad7_30662>
...
040 (13690144.000.000) 03/10 16:46:36 Finished transferring input files
...
001 (13690144.000.000) 03/10 16:46:37 Job executing on host: <128.142.131.75:9618?addrs=128.142.131.75-9618+[2001-1458-301-59--100-3f]-9618&alias=b9g11p1959.cern.ch&noUDP&sock=startd_2641_15b5>
	SlotName: slot1_8@b9g11p1959.cern.ch
	CondorScratchDir = "/pool/condor/dir_1977628"
	Cpus = 1
	Disk = 2656
	GPUs = 0
	Memory = 3000
...
006 (13690144.000.000) 03/10 16:46:50 Image size of job updated: 828
	1  -  MemoryUsage of job (MB)
	828  -  ResidentSetSize of job (KB)
...
006 (13690144.000.000) 03/10 16:51:50 Image size of job updated: 719792
	703  -  MemoryUsage of job (MB)
	719792  -  ResidentSetSize of job (KB)
...
006 (13690144.000.000) 03/10 16:56:50 Image size of job updated: 777636
	760  -  MemoryUsage of job (MB)
	777636  -  ResidentSetSize of job (KB)
...
006 (13690144.000.000) 03/10 16:58:40 Image size of job updated: 1004240
	760  -  MemoryUsage of job (MB)
	777636  -  ResidentSetSize of job (KB)
...
040 (13690144.000.000) 03/10 16:58:40 Started transferring output files
...
040 (13690144.000.000) 03/10 16:58:40 Finished transferring output files
...
005 (13690144.000.000) 03/10 16:58:40 Job terminated.
	(1) Normal termination (return value 0)
		Usr 0 00:05:50, Sys 0 00:00:10  -  Run Remote Usage
		Usr 0 00:00:00, Sys 0 00:00:00  -  Run Local Usage
		Usr 0 00:05:50, Sys 0 00:00:10  -  Total Remote Usage
		Usr 0 00:00:00, Sys 0 00:00:00  -  Total Local Usage
	2945  -  Run Bytes Sent By Job
	11054  -  Run Bytes Received By Job
	2945  -  Total Bytes Sent By Job
	11054  -  Total Bytes Received By Job
	Partitionable Resources :    Usage  Request Allocated 
	   Cpus                 :     0.95        1         1 
	   Disk (KB)            : 57915          12      2656 
	   GPUs                 :                           0 
	   Memory (MB)          :   760        3000      3000 

	Job terminated of its own accord at 2025-03-10T15:58:40Z with exit-code 0.
...
