Standalone environment set.
/tmp/lfavilla/ZJetsToNuNu_HT1500to2500_2022/file36
hadd Target file: tree.root
hadd compression setting for all output: 1
hadd Source file 1: ./794eda43-922a-4a4d-80f0-d5145d908fb6_Skim.root
hadd Sources and Target have different compression levels
hadd merging will be slower
hadd Target path: tree.root:/
Will write selected trees to .
Pre-select 2183 entries out of 2183 (100.00%)
Processed 2183 preselected entries from root://cms-xrd-global.cern.ch//store/mc/Run3Summer22NanoAODv12/Zto2Nu-4Jets_HT-1500to2500_TuneCP5_13p6TeV_madgraphMLM-pythia8/NANOAODSIM/130X_mcRun3_2022_realistic_v5-v2/2540000/794eda43-922a-4a4d-80f0-d5145d908fb6.root (2183 entries). Finally selected 2092 entries
Done ./794eda43-922a-4a4d-80f0-d5145d908fb6_Skim.root
Total time 197.4 sec. to process 2183 events. Rate = 11.1 Hz.
DONE
/tmp/lfavilla/ZJetsToNuNu_HT1500to2500_2022/file36
hadd Target file: tree_hadd_36.root
hadd compression setting for all output: 1
hadd Source file 1: tree.root
hadd Source file 2: hist.root
hadd Target path: tree_hadd_36.root:/
hadd Target path: tree_hadd_36.root:/plots
/tmp/lfavilla/ZJetsToNuNu_HT1500to2500_2022/file36
