Standalone environment set.
/tmp/lfavilla/ZJetsToNuNu_HT1500to2500_2022/file26
hadd Target file: tree.root
hadd compression setting for all output: 1
hadd Source file 1: ./e2e3d1dd-5f92-441d-bf73-c386f0032128_Skim.root
hadd Sources and Target have different compression levels
hadd merging will be slower
hadd Target path: tree.root:/
Will write selected trees to .
Pre-select 28034 entries out of 28034 (100.00%)
Processed    10000/   28034 entries, 35.67% (elapsed time   886.6s, curr speed    0.011 kHz, avg speed    0.011 kHz), accepted     9608/   10001 events (96.07%)
Processed    20000/   28034 entries, 71.34% (elapsed time  1650.9s, curr speed    0.013 kHz, avg speed    0.012 kHz), accepted    19204/   20001 events (96.02%)
Processed 28034 preselected entries from root://cms-xrd-global.cern.ch//store/mc/Run3Summer22NanoAODv12/Zto2Nu-4Jets_HT-1500to2500_TuneCP5_13p6TeV_madgraphMLM-pythia8/NANOAODSIM/130X_mcRun3_2022_realistic_v5-v2/2540000/e2e3d1dd-5f92-441d-bf73-c386f0032128.root (28034 entries). Finally selected 26923 entries
Done ./e2e3d1dd-5f92-441d-bf73-c386f0032128_Skim.root
Total time 2338.5 sec. to process 28034 events. Rate = 12.0 Hz.
DONE
/tmp/lfavilla/ZJetsToNuNu_HT1500to2500_2022/file26
hadd Target file: tree_hadd_26.root
hadd compression setting for all output: 1
hadd Source file 1: tree.root
hadd Source file 2: hist.root
hadd Target path: tree_hadd_26.root:/
hadd Target path: tree_hadd_26.root:/plots
/tmp/lfavilla/ZJetsToNuNu_HT1500to2500_2022/file26
