Standalone environment set.
/tmp/lfavilla/ZJetsToNuNu_HT1500to2500_2022/file1
hadd Target file: tree.root
hadd compression setting for all output: 1
hadd Source file 1: ./60ef50e5-93ca-449a-aa6c-4ed8717bbca4_Skim.root
hadd Sources and Target have different compression levels
hadd merging will be slower
hadd Target path: tree.root:/
Will write selected trees to .
Pre-select 2061 entries out of 2061 (100.00%)
Processed 2061 preselected entries from root://cms-xrd-global.cern.ch//store/mc/Run3Summer22NanoAODv12/Zto2Nu-4Jets_HT-1500to2500_TuneCP5_13p6TeV_madgraphMLM-pythia8/NANOAODSIM/130X_mcRun3_2022_realistic_v5-v2/2540000/60ef50e5-93ca-449a-aa6c-4ed8717bbca4.root (2061 entries). Finally selected 1973 entries
Done ./60ef50e5-93ca-449a-aa6c-4ed8717bbca4_Skim.root
Total time 264.5 sec. to process 2061 events. Rate = 7.8 Hz.
DONE
/tmp/lfavilla/ZJetsToNuNu_HT1500to2500_2022/file1
hadd Target file: tree_hadd_1.root
hadd compression setting for all output: 1
hadd Source file 1: tree.root
hadd Source file 2: hist.root
hadd Target path: tree_hadd_1.root:/
hadd Target path: tree_hadd_1.root:/plots
/tmp/lfavilla/ZJetsToNuNu_HT1500to2500_2022/file1
