Standalone environment set.
/tmp/lfavilla/ZJetsToNuNu_HT1500to2500_2022/file32
hadd Target file: tree.root
hadd compression setting for all output: 1
hadd Source file 1: ./286f00e7-9c5b-4867-8a0a-8c06d04594af_Skim.root
hadd Sources and Target have different compression levels
hadd merging will be slower
hadd Target path: tree.root:/
Will write selected trees to .
Pre-select 850 entries out of 850 (100.00%)
Processed 850 preselected entries from root://cms-xrd-global.cern.ch//store/mc/Run3Summer22NanoAODv12/Zto2Nu-4Jets_HT-1500to2500_TuneCP5_13p6TeV_madgraphMLM-pythia8/NANOAODSIM/130X_mcRun3_2022_realistic_v5-v2/2540000/286f00e7-9c5b-4867-8a0a-8c06d04594af.root (850 entries). Finally selected 818 entries
Done ./286f00e7-9c5b-4867-8a0a-8c06d04594af_Skim.root
Total time 155.2 sec. to process 850 events. Rate = 5.5 Hz.
DONE
/tmp/lfavilla/ZJetsToNuNu_HT1500to2500_2022/file32
hadd Target file: tree_hadd_32.root
hadd compression setting for all output: 1
hadd Source file 1: tree.root
hadd Source file 2: hist.root
hadd Target path: tree_hadd_32.root:/
hadd Target path: tree_hadd_32.root:/plots
/tmp/lfavilla/ZJetsToNuNu_HT1500to2500_2022/file32
