Standalone environment set.
/tmp/lfavilla/ZJetsToNuNu_HT1500to2500_2022/file28
hadd Target file: tree.root
hadd compression setting for all output: 1
hadd Source file 1: ./d19dc2d3-70ef-4f71-bc35-73b87b0c013a_Skim.root
hadd Sources and Target have different compression levels
hadd merging will be slower
hadd Target path: tree.root:/
Will write selected trees to .
Pre-select 9684 entries out of 9684 (100.00%)
Processed 9684 preselected entries from root://cms-xrd-global.cern.ch//store/mc/Run3Summer22NanoAODv12/Zto2Nu-4Jets_HT-1500to2500_TuneCP5_13p6TeV_madgraphMLM-pythia8/NANOAODSIM/130X_mcRun3_2022_realistic_v5-v2/2540000/d19dc2d3-70ef-4f71-bc35-73b87b0c013a.root (9684 entries). Finally selected 9307 entries
Done ./d19dc2d3-70ef-4f71-bc35-73b87b0c013a_Skim.root
Total time 1072.3 sec. to process 9684 events. Rate = 9.0 Hz.
DONE
/tmp/lfavilla/ZJetsToNuNu_HT1500to2500_2022/file28
hadd Target file: tree_hadd_28.root
hadd compression setting for all output: 1
hadd Source file 1: tree.root
hadd Source file 2: hist.root
hadd Target path: tree_hadd_28.root:/
hadd Target path: tree_hadd_28.root:/plots
/tmp/lfavilla/ZJetsToNuNu_HT1500to2500_2022/file28
