Standalone environment set.
/tmp/lfavilla/ZJetsToNuNu_HT1500to2500_2022/file40
hadd Target file: tree.root
hadd compression setting for all output: 1
hadd Source file 1: ./51b46e60-1f38-4d09-b942-89d95fd0ddb9_Skim.root
hadd Sources and Target have different compression levels
hadd merging will be slower
hadd Target path: tree.root:/
Will write selected trees to .
Pre-select 417 entries out of 417 (100.00%)
Processed 417 preselected entries from root://cms-xrd-global.cern.ch//store/mc/Run3Summer22NanoAODv12/Zto2Nu-4Jets_HT-1500to2500_TuneCP5_13p6TeV_madgraphMLM-pythia8/NANOAODSIM/130X_mcRun3_2022_realistic_v5-v2/2530000/51b46e60-1f38-4d09-b942-89d95fd0ddb9.root (417 entries). Finally selected 397 entries
Done ./51b46e60-1f38-4d09-b942-89d95fd0ddb9_Skim.root
Total time 97.9 sec. to process 417 events. Rate = 4.3 Hz.
DONE
/tmp/lfavilla/ZJetsToNuNu_HT1500to2500_2022/file40
hadd Target file: tree_hadd_40.root
hadd compression setting for all output: 1
hadd Source file 1: tree.root
hadd Source file 2: hist.root
hadd Target path: tree_hadd_40.root:/
hadd Target path: tree_hadd_40.root:/plots
/tmp/lfavilla/ZJetsToNuNu_HT1500to2500_2022/file40
