Standalone environment set.
/tmp/lfavilla/ZJetsToNuNu_HT1500to2500_2022/file11
hadd Target file: tree.root
hadd compression setting for all output: 1
hadd Source file 1: ./40ec019a-d5ef-44aa-9fa1-ba84c8d6cfa2_Skim.root
hadd Sources and Target have different compression levels
hadd merging will be slower
hadd Target path: tree.root:/
Will write selected trees to .
Pre-select 31607 entries out of 31607 (100.00%)
Processed    10000/   31607 entries, 31.64% (elapsed time  1174.1s, curr speed    0.009 kHz, avg speed    0.009 kHz), accepted     9601/   10001 events (96.00%)
Processed    20000/   31607 entries, 63.28% (elapsed time  2188.6s, curr speed    0.010 kHz, avg speed    0.009 kHz), accepted    19228/   20001 events (96.14%)
Processed    30000/   31607 entries, 94.92% (elapsed time  3172.5s, curr speed    0.010 kHz, avg speed    0.009 kHz), accepted    28829/   30001 events (96.09%)
Processed 31607 preselected entries from root://cms-xrd-global.cern.ch//store/mc/Run3Summer22NanoAODv12/Zto2Nu-4Jets_HT-1500to2500_TuneCP5_13p6TeV_madgraphMLM-pythia8/NANOAODSIM/130X_mcRun3_2022_realistic_v5-v2/2540000/40ec019a-d5ef-44aa-9fa1-ba84c8d6cfa2.root (31607 entries). Finally selected 30361 entries
Done ./40ec019a-d5ef-44aa-9fa1-ba84c8d6cfa2_Skim.root
Total time 3467.1 sec. to process 31607 events. Rate = 9.1 Hz.
DONE
/tmp/lfavilla/ZJetsToNuNu_HT1500to2500_2022/file11
hadd Target file: tree_hadd_11.root
hadd compression setting for all output: 1
hadd Source file 1: tree.root
hadd Source file 2: hist.root
hadd Target path: tree_hadd_11.root:/
hadd Target path: tree_hadd_11.root:/plots
/tmp/lfavilla/ZJetsToNuNu_HT1500to2500_2022/file11
