Standalone environment set.
/tmp/lfavilla/ZJetsToNuNu_HT1500to2500_2022/file20
hadd Target file: tree.root
hadd compression setting for all output: 1
hadd Source file 1: ./f859bbaf-a5b3-406f-af92-3ac94f1e40f4_Skim.root
hadd Sources and Target have different compression levels
hadd merging will be slower
hadd Target path: tree.root:/
Will write selected trees to .
Pre-select 12166 entries out of 12166 (100.00%)
Processed    10000/   12166 entries, 82.20% (elapsed time  1345.4s, curr speed    0.007 kHz, avg speed    0.007 kHz), accepted     9604/   10001 events (96.03%)
Processed 12166 preselected entries from root://cms-xrd-global.cern.ch//store/mc/Run3Summer22NanoAODv12/Zto2Nu-4Jets_HT-1500to2500_TuneCP5_13p6TeV_madgraphMLM-pythia8/NANOAODSIM/130X_mcRun3_2022_realistic_v5-v2/2540000/f859bbaf-a5b3-406f-af92-3ac94f1e40f4.root (12166 entries). Finally selected 11672 entries
Done ./f859bbaf-a5b3-406f-af92-3ac94f1e40f4_Skim.root
Total time 1658.7 sec. to process 12166 events. Rate = 7.3 Hz.
DONE
/tmp/lfavilla/ZJetsToNuNu_HT1500to2500_2022/file20
hadd Target file: tree_hadd_20.root
hadd compression setting for all output: 1
hadd Source file 1: tree.root
hadd Source file 2: hist.root
hadd Target path: tree_hadd_20.root:/
hadd Target path: tree_hadd_20.root:/plots
/tmp/lfavilla/ZJetsToNuNu_HT1500to2500_2022/file20
