Standalone environment set.
/tmp/lfavilla/ZJetsToNuNu_HT1500to2500_2022/file19
hadd Target file: tree.root
hadd compression setting for all output: 1
hadd Source file 1: ./00e04ae3-cf35-4173-8b1c-3695a2a22c20_Skim.root
hadd Sources and Target have different compression levels
hadd merging will be slower
hadd Target path: tree.root:/
Will write selected trees to .
Pre-select 29725 entries out of 29725 (100.00%)
Processed    10000/   29725 entries, 33.64% (elapsed time  1025.2s, curr speed    0.010 kHz, avg speed    0.010 kHz), accepted     9632/   10001 events (96.31%)
Processed    20000/   29725 entries, 67.28% (elapsed time  1896.2s, curr speed    0.011 kHz, avg speed    0.011 kHz), accepted    19214/   20001 events (96.07%)
Processed 29725 preselected entries from root://cms-xrd-global.cern.ch//store/mc/Run3Summer22NanoAODv12/Zto2Nu-4Jets_HT-1500to2500_TuneCP5_13p6TeV_madgraphMLM-pythia8/NANOAODSIM/130X_mcRun3_2022_realistic_v5-v2/2540000/00e04ae3-cf35-4173-8b1c-3695a2a22c20.root (29725 entries). Finally selected 28538 entries
Done ./00e04ae3-cf35-4173-8b1c-3695a2a22c20_Skim.root
Total time 2912.3 sec. to process 29725 events. Rate = 10.2 Hz.
DONE
/tmp/lfavilla/ZJetsToNuNu_HT1500to2500_2022/file19
hadd Target file: tree_hadd_19.root
hadd compression setting for all output: 1
hadd Source file 1: tree.root
hadd Source file 2: hist.root
hadd Target path: tree_hadd_19.root:/
hadd Target path: tree_hadd_19.root:/plots
/tmp/lfavilla/ZJetsToNuNu_HT1500to2500_2022/file19
