Standalone environment set.
/tmp/lfavilla/ZJetsToNuNu_HT1500to2500_2022/file34
hadd Target file: tree.root
hadd compression setting for all output: 1
hadd Source file 1: ./5ee50c7f-0d6c-4d17-87d1-1c91ff5d3b9a_Skim.root
hadd Sources and Target have different compression levels
hadd merging will be slower
hadd Target path: tree.root:/
Will write selected trees to .
Pre-select 10796 entries out of 10796 (100.00%)
Processed    10000/   10796 entries, 92.63% (elapsed time  1239.0s, curr speed    0.008 kHz, avg speed    0.008 kHz), accepted     9620/   10001 events (96.19%)
Processed 10796 preselected entries from root://cms-xrd-global.cern.ch//store/mc/Run3Summer22NanoAODv12/Zto2Nu-4Jets_HT-1500to2500_TuneCP5_13p6TeV_madgraphMLM-pythia8/NANOAODSIM/130X_mcRun3_2022_realistic_v5-v2/2540000/5ee50c7f-0d6c-4d17-87d1-1c91ff5d3b9a.root (10796 entries). Finally selected 10383 entries
Done ./5ee50c7f-0d6c-4d17-87d1-1c91ff5d3b9a_Skim.root
Total time 1390.0 sec. to process 10796 events. Rate = 7.8 Hz.
DONE
/tmp/lfavilla/ZJetsToNuNu_HT1500to2500_2022/file34
hadd Target file: tree_hadd_34.root
hadd compression setting for all output: 1
hadd Source file 1: tree.root
hadd Source file 2: hist.root
hadd Target path: tree_hadd_34.root:/
hadd Target path: tree_hadd_34.root:/plots
/tmp/lfavilla/ZJetsToNuNu_HT1500to2500_2022/file34
