Standalone environment set.
/tmp/lfavilla/ZJetsToNuNu_HT1500to2500_2022/file33
hadd Target file: tree.root
hadd compression setting for all output: 1
hadd Source file 1: ./dc8754c1-8e55-42df-83bb-fdddc68d5b4f_Skim.root
hadd Sources and Target have different compression levels
hadd merging will be slower
hadd Target path: tree.root:/
Will write selected trees to .
Pre-select 2989 entries out of 2989 (100.00%)
Processed 2989 preselected entries from root://cms-xrd-global.cern.ch//store/mc/Run3Summer22NanoAODv12/Zto2Nu-4Jets_HT-1500to2500_TuneCP5_13p6TeV_madgraphMLM-pythia8/NANOAODSIM/130X_mcRun3_2022_realistic_v5-v2/2530000/dc8754c1-8e55-42df-83bb-fdddc68d5b4f.root (2989 entries). Finally selected 2882 entries
Done ./dc8754c1-8e55-42df-83bb-fdddc68d5b4f_Skim.root
Total time 260.5 sec. to process 2989 events. Rate = 11.5 Hz.
DONE
/tmp/lfavilla/ZJetsToNuNu_HT1500to2500_2022/file33
hadd Target file: tree_hadd_33.root
hadd compression setting for all output: 1
hadd Source file 1: tree.root
hadd Source file 2: hist.root
hadd Target path: tree_hadd_33.root:/
hadd Target path: tree_hadd_33.root:/plots
/tmp/lfavilla/ZJetsToNuNu_HT1500to2500_2022/file33
