Standalone environment set.
/tmp/lfavilla/ZJetsToNuNu_HT1500to2500_2022/file15
hadd Target file: tree.root
hadd compression setting for all output: 1
hadd Source file 1: ./c7767d2c-6447-4d20-bc26-f1bd8ec4d2dc_Skim.root
hadd Sources and Target have different compression levels
hadd merging will be slower
hadd Target path: tree.root:/
Will write selected trees to .
Pre-select 816 entries out of 816 (100.00%)
Processed 816 preselected entries from root://cms-xrd-global.cern.ch//store/mc/Run3Summer22NanoAODv12/Zto2Nu-4Jets_HT-1500to2500_TuneCP5_13p6TeV_madgraphMLM-pythia8/NANOAODSIM/130X_mcRun3_2022_realistic_v5-v2/2530000/c7767d2c-6447-4d20-bc26-f1bd8ec4d2dc.root (816 entries). Finally selected 787 entries
Done ./c7767d2c-6447-4d20-bc26-f1bd8ec4d2dc_Skim.root
Total time 157.0 sec. to process 816 events. Rate = 5.2 Hz.
DONE
/tmp/lfavilla/ZJetsToNuNu_HT1500to2500_2022/file15
hadd Target file: tree_hadd_15.root
hadd compression setting for all output: 1
hadd Source file 1: tree.root
hadd Source file 2: hist.root
hadd Target path: tree_hadd_15.root:/
hadd Target path: tree_hadd_15.root:/plots
/tmp/lfavilla/ZJetsToNuNu_HT1500to2500_2022/file15
