Standalone environment set.
/tmp/lfavilla/ZJetsToNuNu_HT1500to2500_2022/file9
hadd Target file: tree.root
hadd compression setting for all output: 1
hadd Source file 1: ./74d40a70-d01d-4c70-8af3-bfda7c2ab526_Skim.root
hadd Sources and Target have different compression levels
hadd merging will be slower
hadd Target path: tree.root:/
Will write selected trees to .
Pre-select 8004 entries out of 8004 (100.00%)
Processed 8004 preselected entries from root://cms-xrd-global.cern.ch//store/mc/Run3Summer22NanoAODv12/Zto2Nu-4Jets_HT-1500to2500_TuneCP5_13p6TeV_madgraphMLM-pythia8/NANOAODSIM/130X_mcRun3_2022_realistic_v5-v2/2530000/74d40a70-d01d-4c70-8af3-bfda7c2ab526.root (8004 entries). Finally selected 7701 entries
Done ./74d40a70-d01d-4c70-8af3-bfda7c2ab526_Skim.root
Total time 644.5 sec. to process 8004 events. Rate = 12.4 Hz.
DONE
/tmp/lfavilla/ZJetsToNuNu_HT1500to2500_2022/file9
hadd Target file: tree_hadd_9.root
hadd compression setting for all output: 1
hadd Source file 1: tree.root
hadd Source file 2: hist.root
hadd Target path: tree_hadd_9.root:/
hadd Target path: tree_hadd_9.root:/plots
/tmp/lfavilla/ZJetsToNuNu_HT1500to2500_2022/file9
