Standalone environment set.
/tmp/lfavilla/ZJetsToNuNu_HT1500to2500_2022/file29
hadd Target file: tree.root
hadd compression setting for all output: 1
hadd Source file 1: ./05e8cb8f-0a3a-42c1-9421-22eca4c30b79_Skim.root
hadd Sources and Target have different compression levels
hadd merging will be slower
hadd Target path: tree.root:/
Will write selected trees to .
Pre-select 6283 entries out of 6283 (100.00%)
Processed 6283 preselected entries from root://cms-xrd-global.cern.ch//store/mc/Run3Summer22NanoAODv12/Zto2Nu-4Jets_HT-1500to2500_TuneCP5_13p6TeV_madgraphMLM-pythia8/NANOAODSIM/130X_mcRun3_2022_realistic_v5-v2/2540000/05e8cb8f-0a3a-42c1-9421-22eca4c30b79.root (6283 entries). Finally selected 6019 entries
Done ./05e8cb8f-0a3a-42c1-9421-22eca4c30b79_Skim.root
Total time 473.8 sec. to process 6283 events. Rate = 13.3 Hz.
DONE
/tmp/lfavilla/ZJetsToNuNu_HT1500to2500_2022/file29
hadd Target file: tree_hadd_29.root
hadd compression setting for all output: 1
hadd Source file 1: tree.root
hadd Source file 2: hist.root
hadd Target path: tree_hadd_29.root:/
hadd Target path: tree_hadd_29.root:/plots
/tmp/lfavilla/ZJetsToNuNu_HT1500to2500_2022/file29
