Standalone environment set.
/tmp/lfavilla/ZJetsToNuNu_HT1500to2500_2022/file30
hadd Target file: tree.root
hadd compression setting for all output: 1
hadd Source file 1: ./e8dc8d16-fcb6-4412-9f56-4e1ff7226783_Skim.root
hadd Sources and Target have different compression levels
hadd merging will be slower
hadd Target path: tree.root:/
Will write selected trees to .
Pre-select 462 entries out of 462 (100.00%)
Processed 462 preselected entries from root://cms-xrd-global.cern.ch//store/mc/Run3Summer22NanoAODv12/Zto2Nu-4Jets_HT-1500to2500_TuneCP5_13p6TeV_madgraphMLM-pythia8/NANOAODSIM/130X_mcRun3_2022_realistic_v5-v2/2530000/e8dc8d16-fcb6-4412-9f56-4e1ff7226783.root (462 entries). Finally selected 439 entries
Done ./e8dc8d16-fcb6-4412-9f56-4e1ff7226783_Skim.root
Total time 143.4 sec. to process 462 events. Rate = 3.2 Hz.
DONE
/tmp/lfavilla/ZJetsToNuNu_HT1500to2500_2022/file30
hadd Target file: tree_hadd_30.root
hadd compression setting for all output: 1
hadd Source file 1: tree.root
hadd Source file 2: hist.root
hadd Target path: tree_hadd_30.root:/
hadd Target path: tree_hadd_30.root:/plots
/tmp/lfavilla/ZJetsToNuNu_HT1500to2500_2022/file30
