Standalone environment set.
/tmp/lfavilla/ZJetsToNuNu_HT1500to2500_2022/file8
hadd Target file: tree.root
hadd compression setting for all output: 1
hadd Source file 1: ./c28c3ca2-646e-440f-a8a1-b5a70c144723_Skim.root
hadd Sources and Target have different compression levels
hadd merging will be slower
hadd Target path: tree.root:/
Will write selected trees to .
Pre-select 1174 entries out of 1174 (100.00%)
Processed 1174 preselected entries from root://cms-xrd-global.cern.ch//store/mc/Run3Summer22NanoAODv12/Zto2Nu-4Jets_HT-1500to2500_TuneCP5_13p6TeV_madgraphMLM-pythia8/NANOAODSIM/130X_mcRun3_2022_realistic_v5-v2/2530000/c28c3ca2-646e-440f-a8a1-b5a70c144723.root (1174 entries). Finally selected 1131 entries
Done ./c28c3ca2-646e-440f-a8a1-b5a70c144723_Skim.root
Total time 168.5 sec. to process 1174 events. Rate = 7.0 Hz.
DONE
/tmp/lfavilla/ZJetsToNuNu_HT1500to2500_2022/file8
hadd Target file: tree_hadd_8.root
hadd compression setting for all output: 1
hadd Source file 1: tree.root
hadd Source file 2: hist.root
hadd Target path: tree_hadd_8.root:/
hadd Target path: tree_hadd_8.root:/plots
/tmp/lfavilla/ZJetsToNuNu_HT1500to2500_2022/file8
