Standalone environment set.
/tmp/lfavilla/ZJetsToNuNu_HT1500to2500_2022/file23
hadd Target file: tree.root
hadd compression setting for all output: 1
hadd Source file 1: ./e3794c0a-828e-473d-a699-6d141dadb64a_Skim.root
hadd Sources and Target have different compression levels
hadd merging will be slower
hadd Target path: tree.root:/
Will write selected trees to .
Pre-select 9962 entries out of 9962 (100.00%)
Processed 9962 preselected entries from root://cms-xrd-global.cern.ch//store/mc/Run3Summer22NanoAODv12/Zto2Nu-4Jets_HT-1500to2500_TuneCP5_13p6TeV_madgraphMLM-pythia8/NANOAODSIM/130X_mcRun3_2022_realistic_v5-v2/2530000/e3794c0a-828e-473d-a699-6d141dadb64a.root (9962 entries). Finally selected 9562 entries
Done ./e3794c0a-828e-473d-a699-6d141dadb64a_Skim.root
Total time 1239.6 sec. to process 9962 events. Rate = 8.0 Hz.
DONE
/tmp/lfavilla/ZJetsToNuNu_HT1500to2500_2022/file23
hadd Target file: tree_hadd_23.root
hadd compression setting for all output: 1
hadd Source file 1: tree.root
hadd Source file 2: hist.root
hadd Target path: tree_hadd_23.root:/
hadd Target path: tree_hadd_23.root:/plots
/tmp/lfavilla/ZJetsToNuNu_HT1500to2500_2022/file23
