Standalone environment set.
/tmp/lfavilla/ZJetsToNuNu_HT1500to2500_2022/file2
hadd Target file: tree.root
hadd compression setting for all output: 1
hadd Source file 1: ./e0c634de-b872-4cc1-9904-902e83e11109_Skim.root
hadd Sources and Target have different compression levels
hadd merging will be slower
hadd Target path: tree.root:/
Will write selected trees to .
Pre-select 20520 entries out of 20520 (100.00%)
Processed    10000/   20520 entries, 48.73% (elapsed time  1016.4s, curr speed    0.010 kHz, avg speed    0.010 kHz), accepted     9600/   10001 events (95.99%)
Processed    20000/   20520 entries, 97.47% (elapsed time  1799.2s, curr speed    0.013 kHz, avg speed    0.011 kHz), accepted    19193/   20001 events (95.96%)
Processed 20520 preselected entries from root://cms-xrd-global.cern.ch//store/mc/Run3Summer22NanoAODv12/Zto2Nu-4Jets_HT-1500to2500_TuneCP5_13p6TeV_madgraphMLM-pythia8/NANOAODSIM/130X_mcRun3_2022_realistic_v5-v2/2540000/e0c634de-b872-4cc1-9904-902e83e11109.root (20520 entries). Finally selected 19692 entries
Done ./e0c634de-b872-4cc1-9904-902e83e11109_Skim.root
Total time 1946.8 sec. to process 20520 events. Rate = 10.5 Hz.
DONE
/tmp/lfavilla/ZJetsToNuNu_HT1500to2500_2022/file2
hadd Target file: tree_hadd_2.root
hadd compression setting for all output: 1
hadd Source file 1: tree.root
hadd Source file 2: hist.root
hadd Target path: tree_hadd_2.root:/
hadd Target path: tree_hadd_2.root:/plots
/tmp/lfavilla/ZJetsToNuNu_HT1500to2500_2022/file2
