Standalone environment set.
/tmp/lfavilla/ZJetsToNuNu_HT1500to2500_2022/file13
hadd Target file: tree.root
hadd compression setting for all output: 1
hadd Source file 1: ./b619f8b3-9f59-4e0c-8872-c5eeae0e3d10_Skim.root
hadd Sources and Target have different compression levels
hadd merging will be slower
hadd Target path: tree.root:/
Will write selected trees to .
Pre-select 1351 entries out of 1351 (100.00%)
Processed 1351 preselected entries from root://cms-xrd-global.cern.ch//store/mc/Run3Summer22NanoAODv12/Zto2Nu-4Jets_HT-1500to2500_TuneCP5_13p6TeV_madgraphMLM-pythia8/NANOAODSIM/130X_mcRun3_2022_realistic_v5-v2/2530000/b619f8b3-9f59-4e0c-8872-c5eeae0e3d10.root (1351 entries). Finally selected 1297 entries
Done ./b619f8b3-9f59-4e0c-8872-c5eeae0e3d10_Skim.root
Total time 190.6 sec. to process 1351 events. Rate = 7.1 Hz.
DONE
/tmp/lfavilla/ZJetsToNuNu_HT1500to2500_2022/file13
hadd Target file: tree_hadd_13.root
hadd compression setting for all output: 1
hadd Source file 1: tree.root
hadd Source file 2: hist.root
hadd Target path: tree_hadd_13.root:/
hadd Target path: tree_hadd_13.root:/plots
/tmp/lfavilla/ZJetsToNuNu_HT1500to2500_2022/file13
