Standalone environment set.
/tmp/lfavilla/ZJetsToNuNu_HT1500to2500_2022/file4
hadd Target file: tree.root
hadd compression setting for all output: 1
hadd Source file 1: ./7c8f339b-bdb7-4e57-ab49-4c9927afd653_Skim.root
hadd Sources and Target have different compression levels
hadd merging will be slower
hadd Target path: tree.root:/
Will write selected trees to .
Pre-select 1709 entries out of 1709 (100.00%)
Processed 1709 preselected entries from root://cms-xrd-global.cern.ch//store/mc/Run3Summer22NanoAODv12/Zto2Nu-4Jets_HT-1500to2500_TuneCP5_13p6TeV_madgraphMLM-pythia8/NANOAODSIM/130X_mcRun3_2022_realistic_v5-v2/2530000/7c8f339b-bdb7-4e57-ab49-4c9927afd653.root (1709 entries). Finally selected 1634 entries
Done ./7c8f339b-bdb7-4e57-ab49-4c9927afd653_Skim.root
Total time 215.2 sec. to process 1709 events. Rate = 7.9 Hz.
DONE
/tmp/lfavilla/ZJetsToNuNu_HT1500to2500_2022/file4
hadd Target file: tree_hadd_4.root
hadd compression setting for all output: 1
hadd Source file 1: tree.root
hadd Source file 2: hist.root
hadd Target path: tree_hadd_4.root:/
hadd Target path: tree_hadd_4.root:/plots
/tmp/lfavilla/ZJetsToNuNu_HT1500to2500_2022/file4
