Standalone environment set.
/tmp/lfavilla/ZJetsToNuNu_HT1500to2500_2022/file3
hadd Target file: tree.root
hadd compression setting for all output: 1
hadd Source file 1: ./76e8eb4c-5b65-41a9-b5a6-85cf77d4bebf_Skim.root
hadd Sources and Target have different compression levels
hadd merging will be slower
hadd Target path: tree.root:/
Will write selected trees to .
Pre-select 2923 entries out of 2923 (100.00%)
Processed 2923 preselected entries from root://cms-xrd-global.cern.ch//store/mc/Run3Summer22NanoAODv12/Zto2Nu-4Jets_HT-1500to2500_TuneCP5_13p6TeV_madgraphMLM-pythia8/NANOAODSIM/130X_mcRun3_2022_realistic_v5-v2/2530000/76e8eb4c-5b65-41a9-b5a6-85cf77d4bebf.root (2923 entries). Finally selected 2813 entries
Done ./76e8eb4c-5b65-41a9-b5a6-85cf77d4bebf_Skim.root
Total time 322.2 sec. to process 2923 events. Rate = 9.1 Hz.
DONE
/tmp/lfavilla/ZJetsToNuNu_HT1500to2500_2022/file3
hadd Target file: tree_hadd_3.root
hadd compression setting for all output: 1
hadd Source file 1: tree.root
hadd Source file 2: hist.root
hadd Target path: tree_hadd_3.root:/
hadd Target path: tree_hadd_3.root:/plots
/tmp/lfavilla/ZJetsToNuNu_HT1500to2500_2022/file3
