Standalone environment set.
/tmp/lfavilla/ZJetsToNuNu_HT1500to2500_2022/file24
hadd Target file: tree.root
hadd compression setting for all output: 1
hadd Source file 1: ./1edeada5-b27b-4670-8704-938e590a37ae_Skim.root
hadd Sources and Target have different compression levels
hadd merging will be slower
hadd Target path: tree.root:/
Will write selected trees to .
Pre-select 4552 entries out of 4552 (100.00%)
Processed 4552 preselected entries from root://cms-xrd-global.cern.ch//store/mc/Run3Summer22NanoAODv12/Zto2Nu-4Jets_HT-1500to2500_TuneCP5_13p6TeV_madgraphMLM-pythia8/NANOAODSIM/130X_mcRun3_2022_realistic_v5-v2/2530000/1edeada5-b27b-4670-8704-938e590a37ae.root (4552 entries). Finally selected 4363 entries
Done ./1edeada5-b27b-4670-8704-938e590a37ae_Skim.root
Total time 690.1 sec. to process 4552 events. Rate = 6.6 Hz.
DONE
/tmp/lfavilla/ZJetsToNuNu_HT1500to2500_2022/file24
hadd Target file: tree_hadd_24.root
hadd compression setting for all output: 1
hadd Source file 1: tree.root
hadd Source file 2: hist.root
hadd Target path: tree_hadd_24.root:/
hadd Target path: tree_hadd_24.root:/plots
/tmp/lfavilla/ZJetsToNuNu_HT1500to2500_2022/file24
