Standalone environment set.
/tmp/lfavilla/ZJetsToNuNu_HT1500to2500_2022/file22
hadd Target file: tree.root
hadd compression setting for all output: 1
hadd Source file 1: ./f6456865-77c5-4eb9-bf70-db362ce16118_Skim.root
hadd Sources and Target have different compression levels
hadd merging will be slower
hadd Target path: tree.root:/
Will write selected trees to .
Pre-select 3708 entries out of 3708 (100.00%)
Processed 3708 preselected entries from root://cms-xrd-global.cern.ch//store/mc/Run3Summer22NanoAODv12/Zto2Nu-4Jets_HT-1500to2500_TuneCP5_13p6TeV_madgraphMLM-pythia8/NANOAODSIM/130X_mcRun3_2022_realistic_v5-v2/2540000/f6456865-77c5-4eb9-bf70-db362ce16118.root (3708 entries). Finally selected 3557 entries
Done ./f6456865-77c5-4eb9-bf70-db362ce16118_Skim.root
Total time 618.9 sec. to process 3708 events. Rate = 6.0 Hz.
DONE
/tmp/lfavilla/ZJetsToNuNu_HT1500to2500_2022/file22
hadd Target file: tree_hadd_22.root
hadd compression setting for all output: 1
hadd Source file 1: tree.root
hadd Source file 2: hist.root
hadd Target path: tree_hadd_22.root:/
hadd Target path: tree_hadd_22.root:/plots
/tmp/lfavilla/ZJetsToNuNu_HT1500to2500_2022/file22
