Standalone environment set.
/tmp/lfavilla/ZJetsToNuNu_HT1500to2500_2022/file7
hadd Target file: tree.root
hadd compression setting for all output: 1
hadd Source file 1: ./e9f968cb-187d-46c5-8dcb-9d7f4ae58149_Skim.root
hadd Sources and Target have different compression levels
hadd merging will be slower
hadd Target path: tree.root:/
Will write selected trees to .
Pre-select 844 entries out of 844 (100.00%)
Processed 844 preselected entries from root://cms-xrd-global.cern.ch//store/mc/Run3Summer22NanoAODv12/Zto2Nu-4Jets_HT-1500to2500_TuneCP5_13p6TeV_madgraphMLM-pythia8/NANOAODSIM/130X_mcRun3_2022_realistic_v5-v2/2530000/e9f968cb-187d-46c5-8dcb-9d7f4ae58149.root (844 entries). Finally selected 809 entries
Done ./e9f968cb-187d-46c5-8dcb-9d7f4ae58149_Skim.root
Total time 129.4 sec. to process 844 events. Rate = 6.5 Hz.
DONE
/tmp/lfavilla/ZJetsToNuNu_HT1500to2500_2022/file7
hadd Target file: tree_hadd_7.root
hadd compression setting for all output: 1
hadd Source file 1: tree.root
hadd Source file 2: hist.root
hadd Target path: tree_hadd_7.root:/
hadd Target path: tree_hadd_7.root:/plots
/tmp/lfavilla/ZJetsToNuNu_HT1500to2500_2022/file7
