find: ‘build/lib/python/PhysicsTools/__pycache__/__init__.cpython-39.pyc’: Input/output error
find: ‘build/lib/python/PhysicsTools/__pycache__/__init__.cpython-39.pyc.22518918103264’: No such file or directory
find: ‘python/postprocessing/framework/__pycache__/__init__.cpython-39.pyc.23452913496336’: No such file or directory
2025-03-10 16:45:23.189061: I tensorflow/core/platform/cpu_feature_guard.cc:182] This TensorFlow binary is optimized to use available CPU instructions in performance-critical operations.
To enable the following instructions: AVX2 FMA, in other operations, rebuild TensorFlow with the appropriate compiler flags.
TClass::Init:0: RuntimeWarning: no dictionary for class edm::Hash<1> is available
TClass::Init:0: RuntimeWarning: no dictionary for class edm::ProcessHistory is available
TClass::Init:0: RuntimeWarning: no dictionary for class edm::ProcessConfiguration is available
TClass::Init:0: RuntimeWarning: no dictionary for class edm::ParameterSetBlob is available
TClass::Init:0: RuntimeWarning: no dictionary for class pair<edm::Hash<1>,edm::ParameterSetBlob> is available
Warning in <TClass::Init>: no dictionary for class edm::Hash<1> is available
Warning in <TClass::Init>: no dictionary for class edm::ProcessHistory is available
Warning in <TClass::Init>: no dictionary for class edm::ProcessConfiguration is available
Warning in <TClass::Init>: no dictionary for class edm::ParameterSetBlob is available
Warning in <TClass::Init>: no dictionary for class pair<edm::Hash<1>,edm::ParameterSetBlob> is available
Warning in <TClass::Init>: no dictionary for class edm::Hash<1> is available
Warning in <TClass::Init>: no dictionary for class edm::ProcessHistory is available
Warning in <TClass::Init>: no dictionary for class edm::ProcessConfiguration is available
Warning in <TClass::Init>: no dictionary for class edm::ParameterSetBlob is available
Warning in <TClass::Init>: no dictionary for class pair<edm::Hash<1>,edm::ParameterSetBlob> is available
