000 (13689869.000.000) 03/10 16:03:30 Job submitted from host: <137.138.120.116:9618?addrs=137.138.120.116-9618+[2001-1458-d00-16--17b]-9618&alias=bigbird12.cern.ch&noUDP&sock=schedd_5055_e355>
...
040 (13689869.000.000) 03/10 16:44:28 Started transferring input files
	Transferring to host: <188.185.211.194:9618?addrs=188.185.211.194-9618+[2001-1458-303-17--100-3e]-9618&alias=b9p24p2206.cern.ch&noUDP&sock=slot1_14_5237_b0ae_102002>
...
040 (13689869.000.000) 03/10 16:44:28 Finished transferring input files
...
001 (13689869.000.000) 03/10 16:44:29 Job executing on host: <188.185.211.194:9618?addrs=188.185.211.194-9618+[2001-1458-303-17--100-3e]-9618&alias=b9p24p2206.cern.ch&noUDP&sock=startd_4247_aacf>
	SlotName: slot1_14@b9p24p2206.cern.ch
	CondorScratchDir = "/pool/condor/dir_1930447"
	Cpus = 1
	Disk = 3726
	GPUs = 0
	Memory = 3000
...
006 (13689869.000.000) 03/10 16:44:38 Image size of job updated: 5168
	6  -  MemoryUsage of job (MB)
	5168  -  ResidentSetSize of job (KB)
...
006 (13689869.000.000) 03/10 16:49:39 Image size of job updated: 840984
	822  -  MemoryUsage of job (MB)
	840984  -  ResidentSetSize of job (KB)
...
006 (13689869.000.000) 03/10 16:54:40 Image size of job updated: 955724
	934  -  MemoryUsage of job (MB)
	955724  -  ResidentSetSize of job (KB)
...
006 (13689869.000.000) 03/10 16:59:40 Image size of job updated: 1056328
	1032  -  MemoryUsage of job (MB)
	1056328  -  ResidentSetSize of job (KB)
...
006 (13689869.000.000) 03/10 17:04:41 Image size of job updated: 1167332
	1140  -  MemoryUsage of job (MB)
	1167332  -  ResidentSetSize of job (KB)
...
006 (13689869.000.000) 03/10 17:24:44 Image size of job updated: 1240348
	1212  -  MemoryUsage of job (MB)
	1240348  -  ResidentSetSize of job (KB)
...
006 (13689869.000.000) 03/10 17:29:44 Image size of job updated: 1322712
	1292  -  MemoryUsage of job (MB)
	1322712  -  ResidentSetSize of job (KB)
...
006 (13689869.000.000) 03/10 17:34:44 Image size of job updated: 1434372
	1401  -  MemoryUsage of job (MB)
	1434372  -  ResidentSetSize of job (KB)
...
006 (13689869.000.000) 03/10 17:39:45 Image size of job updated: 1548008
	1512  -  MemoryUsage of job (MB)
	1548008  -  ResidentSetSize of job (KB)
...
006 (13689869.000.000) 03/10 17:44:45 Image size of job updated: 1663240
	1625  -  MemoryUsage of job (MB)
	1663240  -  ResidentSetSize of job (KB)
...
006 (13689869.000.000) 03/10 17:49:45 Image size of job updated: 1779648
	1738  -  MemoryUsage of job (MB)
	1779648  -  ResidentSetSize of job (KB)
...
006 (13689869.000.000) 03/10 17:54:46 Image size of job updated: 1896376
	1852  -  MemoryUsage of job (MB)
	1896376  -  ResidentSetSize of job (KB)
...
006 (13689869.000.000) 03/10 17:59:47 Image size of job updated: 2013932
	1967  -  MemoryUsage of job (MB)
	2013932  -  ResidentSetSize of job (KB)
...
006 (13689869.000.000) 03/10 18:04:47 Image size of job updated: 2162384
	2112  -  MemoryUsage of job (MB)
	2162384  -  ResidentSetSize of job (KB)
...
040 (13689869.000.000) 03/10 18:06:05 Started transferring output files
...
040 (13689869.000.000) 03/10 18:06:05 Finished transferring output files
...
005 (13689869.000.000) 03/10 18:06:05 Job terminated.
	(1) Normal termination (return value 0)
		Usr 0 01:06:09, Sys 0 00:00:54  -  Run Remote Usage
		Usr 0 00:00:00, Sys 0 00:00:00  -  Run Local Usage
		Usr 0 01:06:09, Sys 0 00:00:54  -  Total Remote Usage
		Usr 0 00:00:00, Sys 0 00:00:00  -  Total Local Usage
	5248  -  Run Bytes Sent By Job
	11052  -  Run Bytes Received By Job
	5248  -  Total Bytes Sent By Job
	11052  -  Total Bytes Received By Job
	Partitionable Resources :     Usage  Request Allocated 
	   Cpus                 :      0.06        1         1 
	   Disk (KB)            : 734433          12      3726 
	   GPUs                 :                            0 
	   Memory (MB)          :   2112        3000      3000 

	Job terminated of its own accord at 2025-03-10T17:06:05Z with exit-code 0.
...
