000 (13689838.000.000) 03/10 16:03:11 Job submitted from host: <137.138.120.116:9618?addrs=137.138.120.116-9618+[2001-1458-d00-16--17b]-9618&alias=bigbird12.cern.ch&noUDP&sock=schedd_5055_e355>
...
040 (13689838.000.000) 03/10 16:44:18 Started transferring input files
	Transferring to host: <188.185.213.171:9618?addrs=188.185.213.171-9618+[2001-1458-303-1b--100-27]-9618&alias=b9p28p8423.cern.ch&noUDP&sock=slot1_33_2852624_6b1a_26284>
...
040 (13689838.000.000) 03/10 16:44:18 Finished transferring input files
...
001 (13689838.000.000) 03/10 16:44:19 Job executing on host: <188.185.213.171:9618?addrs=188.185.213.171-9618+[2001-1458-303-1b--100-27]-9618&alias=b9p28p8423.cern.ch&noUDP&sock=startd_3064_3a45>
	SlotName: slot1_33@b9p28p8423.cern.ch
	CondorScratchDir = "/pool/condor/dir_380142"
	Cpus = 1
	Disk = 3782
	GPUs = 0
	Memory = 3000
...
006 (13689838.000.000) 03/10 16:44:28 Image size of job updated: 42216
	42  -  MemoryUsage of job (MB)
	42216  -  ResidentSetSize of job (KB)
...
006 (13689838.000.000) 03/10 16:49:29 Image size of job updated: 853900
	834  -  MemoryUsage of job (MB)
	853900  -  ResidentSetSize of job (KB)
...
006 (13689838.000.000) 03/10 16:54:30 Image size of job updated: 968932
	947  -  MemoryUsage of job (MB)
	968932  -  ResidentSetSize of job (KB)
...
006 (13689838.000.000) 03/10 16:59:30 Image size of job updated: 1084668
	1060  -  MemoryUsage of job (MB)
	1084668  -  ResidentSetSize of job (KB)
...
040 (13689838.000.000) 03/10 17:00:57 Started transferring output files
...
040 (13689838.000.000) 03/10 17:00:57 Finished transferring output files
...
005 (13689838.000.000) 03/10 17:00:57 Job terminated.
	(1) Normal termination (return value 0)
		Usr 0 00:13:12, Sys 0 00:00:15  -  Run Remote Usage
		Usr 0 00:00:00, Sys 0 00:00:00  -  Run Local Usage
		Usr 0 00:13:12, Sys 0 00:00:15  -  Total Remote Usage
		Usr 0 00:00:00, Sys 0 00:00:00  -  Total Local Usage
	3303  -  Run Bytes Sent By Job
	11046  -  Run Bytes Received By Job
	3303  -  Total Bytes Sent By Job
	11046  -  Total Bytes Received By Job
	Partitionable Resources :     Usage  Request Allocated 
	   Cpus                 :      0.42        1         1 
	   Disk (KB)            : 148022          12      3782 
	   GPUs                 :                            0 
	   Memory (MB)          :   1060        3000      3000 

	Job terminated of its own accord at 2025-03-10T16:00:57Z with exit-code 0.
...
