000 (13689826.000.000) 03/10 16:03:04 Job submitted from host: <137.138.120.116:9618?addrs=137.138.120.116-9618+[2001-1458-d00-16--17b]-9618&alias=bigbird12.cern.ch&noUDP&sock=schedd_5055_e355>
...
040 (13689826.000.000) 03/10 16:44:15 Started transferring input files
	Transferring to host: <188.185.205.135:9618?addrs=188.185.205.135-9618+[2001-1458-303-a--100-4]-9618&alias=b9p04p1020.cern.ch&noUDP&sock=slot1_14_3858_0f56_10633>
...
040 (13689826.000.000) 03/10 16:44:15 Finished transferring input files
...
001 (13689826.000.000) 03/10 16:44:16 Job executing on host: <188.185.205.135:9618?addrs=188.185.205.135-9618+[2001-1458-303-a--100-4]-9618&alias=b9p04p1020.cern.ch&noUDP&sock=startd_3483_a074>
	SlotName: slot1_14@b9p04p1020.cern.ch
	CondorScratchDir = "/pool/condor/dir_763751"
	Cpus = 1
	Disk = 3642
	GPUs = 0
	Memory = 3000
...
006 (13689826.000.000) 03/10 16:44:30 Image size of job updated: 5456
	6  -  MemoryUsage of job (MB)
	5456  -  ResidentSetSize of job (KB)
...
006 (13689826.000.000) 03/10 16:49:31 Image size of job updated: 879912
	860  -  MemoryUsage of job (MB)
	879912  -  ResidentSetSize of job (KB)
...
006 (13689826.000.000) 03/10 16:54:31 Image size of job updated: 1006576
	983  -  MemoryUsage of job (MB)
	1006576  -  ResidentSetSize of job (KB)
...
006 (13689826.000.000) 03/10 16:59:31 Image size of job updated: 1136188
	1110  -  MemoryUsage of job (MB)
	1136188  -  ResidentSetSize of job (KB)
...
006 (13689826.000.000) 03/10 17:04:32 Image size of job updated: 1264312
	1235  -  MemoryUsage of job (MB)
	1264312  -  ResidentSetSize of job (KB)
...
006 (13689826.000.000) 03/10 17:09:32 Image size of job updated: 1383220
	1351  -  MemoryUsage of job (MB)
	1383220  -  ResidentSetSize of job (KB)
...
006 (13689826.000.000) 03/10 17:14:33 Image size of job updated: 1517420
	1482  -  MemoryUsage of job (MB)
	1517420  -  ResidentSetSize of job (KB)
...
006 (13689826.000.000) 03/10 17:19:33 Image size of job updated: 1652664
	1614  -  MemoryUsage of job (MB)
	1652664  -  ResidentSetSize of job (KB)
...
006 (13689826.000.000) 03/10 17:24:33 Image size of job updated: 1774260
	1733  -  MemoryUsage of job (MB)
	1774260  -  ResidentSetSize of job (KB)
...
006 (13689826.000.000) 03/10 17:29:34 Image size of job updated: 1888224
	1844  -  MemoryUsage of job (MB)
	1888224  -  ResidentSetSize of job (KB)
...
006 (13689826.000.000) 03/10 17:34:34 Image size of job updated: 2007800
	1961  -  MemoryUsage of job (MB)
	2007800  -  ResidentSetSize of job (KB)
...
006 (13689826.000.000) 03/10 17:39:35 Image size of job updated: 2131400
	2082  -  MemoryUsage of job (MB)
	2131400  -  ResidentSetSize of job (KB)
...
006 (13689826.000.000) 03/10 17:44:35 Image size of job updated: 2253056
	2201  -  MemoryUsage of job (MB)
	2253056  -  ResidentSetSize of job (KB)
...
006 (13689826.000.000) 03/10 17:49:36 Image size of job updated: 2376348
	2321  -  MemoryUsage of job (MB)
	2376348  -  ResidentSetSize of job (KB)
...
006 (13689826.000.000) 03/10 17:54:36 Image size of job updated: 2556840
	2497  -  MemoryUsage of job (MB)
	2556840  -  ResidentSetSize of job (KB)
...
006 (13689826.000.000) 03/10 17:55:42 Image size of job updated: 2777324
	2497  -  MemoryUsage of job (MB)
	2556840  -  ResidentSetSize of job (KB)
...
040 (13689826.000.000) 03/10 17:55:42 Started transferring output files
...
040 (13689826.000.000) 03/10 17:55:42 Finished transferring output files
...
005 (13689826.000.000) 03/10 17:55:42 Job terminated.
	(1) Normal termination (return value 0)
		Usr 0 00:57:17, Sys 0 00:00:50  -  Run Remote Usage
		Usr 0 00:00:00, Sys 0 00:00:00  -  Run Local Usage
		Usr 0 00:57:17, Sys 0 00:00:50  -  Total Remote Usage
		Usr 0 00:00:00, Sys 0 00:00:00  -  Total Local Usage
	5579  -  Run Bytes Sent By Job
	11046  -  Run Bytes Received By Job
	5579  -  Total Bytes Sent By Job
	11046  -  Total Bytes Received By Job
	Partitionable Resources :     Usage  Request Allocated 
	   Cpus                 :      0.99        1         1 
	   Disk (KB)            : 727385          12      3642 
	   GPUs                 :                            0 
	   Memory (MB)          :   2497        3000      3000 

	Job terminated of its own accord at 2025-03-10T16:55:42Z with exit-code 0.
...
