000 (13689896.000.000) 03/10 16:03:47 Job submitted from host: <137.138.120.116:9618?addrs=137.138.120.116-9618+[2001-1458-d00-16--17b]-9618&alias=bigbird12.cern.ch&noUDP&sock=schedd_5055_e355>
...
040 (13689896.000.000) 03/10 16:44:38 Started transferring input files
	Transferring to host: <188.185.214.234:9618?addrs=188.185.214.234-9618+[2001-1458-303-1d--100-66]-9618&alias=b9p30p9988.cern.ch&noUDP&sock=slot1_23_116195_a38e_8732>
...
040 (13689896.000.000) 03/10 16:44:38 Finished transferring input files
...
001 (13689896.000.000) 03/10 16:44:39 Job executing on host: <188.185.214.234:9618?addrs=188.185.214.234-9618+[2001-1458-303-1d--100-66]-9618&alias=b9p30p9988.cern.ch&noUDP&sock=startd_7529_d8a3>
	SlotName: slot1_23@b9p30p9988.cern.ch
	CondorScratchDir = "/pool/condor/dir_2211922"
	Cpus = 1
	Disk = 3810
	GPUs = 0
	Memory = 3000
...
006 (13689896.000.000) 03/10 16:44:48 Image size of job updated: 12588
	13  -  MemoryUsage of job (MB)
	12588  -  ResidentSetSize of job (KB)
...
006 (13689896.000.000) 03/10 16:49:49 Image size of job updated: 2199416
	2148  -  MemoryUsage of job (MB)
	2199416  -  ResidentSetSize of job (KB)
...
006 (13689896.000.000) 03/10 16:54:50 Image size of job updated: 2322288
	2268  -  MemoryUsage of job (MB)
	2322288  -  ResidentSetSize of job (KB)
...
006 (13689896.000.000) 03/10 16:59:50 Image size of job updated: 2429384
	2373  -  MemoryUsage of job (MB)
	2429384  -  ResidentSetSize of job (KB)
...
006 (13689896.000.000) 03/10 17:04:51 Image size of job updated: 2549384
	2490  -  MemoryUsage of job (MB)
	2549384  -  ResidentSetSize of job (KB)
...
040 (13689896.000.000) 03/10 17:06:09 Started transferring output files
...
040 (13689896.000.000) 03/10 17:06:09 Finished transferring output files
...
005 (13689896.000.000) 03/10 17:06:09 Job terminated.
	(1) Normal termination (return value 0)
		Usr 0 00:16:17, Sys 0 00:00:25  -  Run Remote Usage
		Usr 0 00:00:00, Sys 0 00:00:00  -  Run Local Usage
		Usr 0 00:16:17, Sys 0 00:00:25  -  Total Remote Usage
		Usr 0 00:00:00, Sys 0 00:00:00  -  Total Local Usage
	3310  -  Run Bytes Sent By Job
	11052  -  Run Bytes Received By Job
	3310  -  Total Bytes Sent By Job
	11052  -  Total Bytes Received By Job
	Partitionable Resources :     Usage  Request Allocated 
	   Cpus                 :      0.97        1         1 
	   Disk (KB)            : 190882          12      3810 
	   GPUs                 :                            0 
	   Memory (MB)          :   2490        3000      3000 

	Job terminated of its own accord at 2025-03-10T16:06:09Z with exit-code 0.
...
