000 (13689908.000.000) 03/10 16:03:57 Job submitted from host: <137.138.120.116:9618?addrs=137.138.120.116-9618+[2001-1458-d00-16--17b]-9618&alias=bigbird12.cern.ch&noUDP&sock=schedd_5055_e355>
...
040 (13689908.000.000) 03/10 16:44:42 Started transferring input files
	Transferring to host: <188.185.212.166:9618?addrs=188.185.212.166-9618+[2001-1458-303-19--100-22]-9618&alias=b9p26p4943.cern.ch&noUDP&sock=slot1_29_12432_37f3_9589>
...
040 (13689908.000.000) 03/10 16:44:42 Finished transferring input files
...
001 (13689908.000.000) 03/10 16:44:43 Job executing on host: <188.185.212.166:9618?addrs=188.185.212.166-9618+[2001-1458-303-19--100-22]-9618&alias=b9p26p4943.cern.ch&noUDP&sock=startd_6493_3c85>
	SlotName: slot1_29@b9p26p4943.cern.ch
	CondorScratchDir = "/pool/condor/dir_799310"
	Cpus = 1
	Disk = 3771
	GPUs = 0
	Memory = 3000
...
006 (13689908.000.000) 03/10 16:44:56 Image size of job updated: 820
	1  -  MemoryUsage of job (MB)
	820  -  ResidentSetSize of job (KB)
...
006 (13689908.000.000) 03/10 16:46:31 Image size of job updated: 726460
	1  -  MemoryUsage of job (MB)
	820  -  ResidentSetSize of job (KB)
...
040 (13689908.000.000) 03/10 16:46:32 Started transferring output files
...
040 (13689908.000.000) 03/10 16:46:32 Finished transferring output files
...
005 (13689908.000.000) 03/10 16:46:32 Job terminated.
	(1) Normal termination (return value 0)
		Usr 0 00:00:39, Sys 0 00:00:09  -  Run Remote Usage
		Usr 0 00:00:00, Sys 0 00:00:00  -  Run Local Usage
		Usr 0 00:00:39, Sys 0 00:00:09  -  Total Remote Usage
		Usr 0 00:00:00, Sys 0 00:00:00  -  Total Local Usage
	2815  -  Run Bytes Sent By Job
	11052  -  Run Bytes Received By Job
	2815  -  Total Bytes Sent By Job
	11052  -  Total Bytes Received By Job
	Partitionable Resources :    Usage  Request Allocated 
	   Cpus                 :     0.08        1         1 
	   Disk (KB)            : 11550          12      3771 
	   GPUs                 :                           0 
	   Memory (MB)          :     1        3000      3000 

	Job terminated of its own accord at 2025-03-10T15:46:31Z with exit-code 0.
...
