000 (13689962.000.000) 03/10 16:04:29 Job submitted from host: <137.138.120.116:9618?addrs=137.138.120.116-9618+[2001-1458-d00-16--17b]-9618&alias=bigbird12.cern.ch&noUDP&sock=schedd_5055_e355>
...
040 (13689962.000.000) 03/10 16:44:59 Started transferring input files
	Transferring to host: <188.185.214.59:9618?addrs=188.185.214.59-9618+[2001-1458-303-1c--100-37]-9618&alias=b9p29p6057.cern.ch&noUDP&sock=slot1_21_6772_3c8c_96916>
...
040 (13689962.000.000) 03/10 16:44:59 Finished transferring input files
...
001 (13689962.000.000) 03/10 16:45:00 Job executing on host: <188.185.214.59:9618?addrs=188.185.214.59-9618+[2001-1458-303-1c--100-37]-9618&alias=b9p29p6057.cern.ch&noUDP&sock=startd_5693_80c1>
	SlotName: slot1_21@b9p29p6057.cern.ch
	CondorScratchDir = "/pool/condor/dir_2660053"
	Cpus = 1
	Disk = 3872
	GPUs = 0
	Memory = 3000
...
006 (13689962.000.000) 03/10 16:45:09 Image size of job updated: 84992
	83  -  MemoryUsage of job (MB)
	84992  -  ResidentSetSize of job (KB)
...
006 (13689962.000.000) 03/10 16:50:10 Image size of job updated: 868956
	849  -  MemoryUsage of job (MB)
	868956  -  ResidentSetSize of job (KB)
...
006 (13689962.000.000) 03/10 16:55:10 Image size of job updated: 988476
	966  -  MemoryUsage of job (MB)
	988476  -  ResidentSetSize of job (KB)
...
006 (13689962.000.000) 03/10 17:00:10 Image size of job updated: 1102852
	1078  -  MemoryUsage of job (MB)
	1102852  -  ResidentSetSize of job (KB)
...
006 (13689962.000.000) 03/10 17:01:27 Image size of job updated: 1102852
	1078  -  MemoryUsage of job (MB)
	1103108  -  ResidentSetSize of job (KB)
...
040 (13689962.000.000) 03/10 17:01:27 Started transferring output files
...
040 (13689962.000.000) 03/10 17:01:27 Finished transferring output files
...
005 (13689962.000.000) 03/10 17:01:27 Job terminated.
	(1) Normal termination (return value 0)
		Usr 0 00:13:11, Sys 0 00:00:15  -  Run Remote Usage
		Usr 0 00:00:00, Sys 0 00:00:00  -  Run Local Usage
		Usr 0 00:13:11, Sys 0 00:00:15  -  Total Remote Usage
		Usr 0 00:00:00, Sys 0 00:00:00  -  Total Local Usage
	3309  -  Run Bytes Sent By Job
	11052  -  Run Bytes Received By Job
	3309  -  Total Bytes Sent By Job
	11052  -  Total Bytes Received By Job
	Partitionable Resources :     Usage  Request Allocated 
	   Cpus                 :      0.99        1         1 
	   Disk (KB)            : 152515          12      3872 
	   GPUs                 :                            0 
	   Memory (MB)          :   1078        3000      3000 

	Job terminated of its own accord at 2025-03-10T16:01:27Z with exit-code 0.
...
