000 (13689871.000.000) 03/10 16:03:32 Job submitted from host: <137.138.120.116:9618?addrs=137.138.120.116-9618+[2001-1458-d00-16--17b]-9618&alias=bigbird12.cern.ch&noUDP&sock=schedd_5055_e355>
...
040 (13689871.000.000) 03/10 16:44:29 Started transferring input files
	Transferring to host: <188.185.214.176:9618?addrs=188.185.214.176-9618+[2001-1458-303-1d--100-2c]-9618&alias=b9p30p2994.cern.ch&noUDP&sock=slot1_7_4477_338f_97686>
...
040 (13689871.000.000) 03/10 16:44:29 Finished transferring input files
...
001 (13689871.000.000) 03/10 16:44:30 Job executing on host: <188.185.214.176:9618?addrs=188.185.214.176-9618+[2001-1458-303-1d--100-2c]-9618&alias=b9p30p2994.cern.ch&noUDP&sock=startd_3762_ff60>
	SlotName: slot1_7@b9p30p2994.cern.ch
	CondorScratchDir = "/pool/condor/dir_599241"
	Cpus = 1
	Disk = 3845
	GPUs = 0
	Memory = 3000
...
006 (13689871.000.000) 03/10 16:44:39 Image size of job updated: 35848
	36  -  MemoryUsage of job (MB)
	35848  -  ResidentSetSize of job (KB)
...
006 (13689871.000.000) 03/10 16:49:40 Image size of job updated: 797468
	779  -  MemoryUsage of job (MB)
	797468  -  ResidentSetSize of job (KB)
...
006 (13689871.000.000) 03/10 16:54:41 Image size of job updated: 917344
	896  -  MemoryUsage of job (MB)
	917344  -  ResidentSetSize of job (KB)
...
006 (13689871.000.000) 03/10 16:59:41 Image size of job updated: 993500
	971  -  MemoryUsage of job (MB)
	993500  -  ResidentSetSize of job (KB)
...
006 (13689871.000.000) 03/10 17:04:42 Image size of job updated: 1092704
	1068  -  MemoryUsage of job (MB)
	1092704  -  ResidentSetSize of job (KB)
...
006 (13689871.000.000) 03/10 17:09:43 Image size of job updated: 1186760
	1159  -  MemoryUsage of job (MB)
	1186760  -  ResidentSetSize of job (KB)
...
006 (13689871.000.000) 03/10 17:14:43 Image size of job updated: 1277132
	1248  -  MemoryUsage of job (MB)
	1277132  -  ResidentSetSize of job (KB)
...
006 (13689871.000.000) 03/10 17:19:43 Image size of job updated: 1366668
	1335  -  MemoryUsage of job (MB)
	1366668  -  ResidentSetSize of job (KB)
...
006 (13689871.000.000) 03/10 17:24:44 Image size of job updated: 1455968
	1422  -  MemoryUsage of job (MB)
	1455968  -  ResidentSetSize of job (KB)
...
006 (13689871.000.000) 03/10 17:29:44 Image size of job updated: 1551796
	1516  -  MemoryUsage of job (MB)
	1551796  -  ResidentSetSize of job (KB)
...
006 (13689871.000.000) 03/10 17:34:44 Image size of job updated: 1640028
	1602  -  MemoryUsage of job (MB)
	1640028  -  ResidentSetSize of job (KB)
...
006 (13689871.000.000) 03/10 17:39:45 Image size of job updated: 1727940
	1688  -  MemoryUsage of job (MB)
	1727940  -  ResidentSetSize of job (KB)
...
006 (13689871.000.000) 03/10 17:44:45 Image size of job updated: 1827248
	1785  -  MemoryUsage of job (MB)
	1827248  -  ResidentSetSize of job (KB)
...
006 (13689871.000.000) 03/10 17:49:45 Image size of job updated: 1921652
	1877  -  MemoryUsage of job (MB)
	1921652  -  ResidentSetSize of job (KB)
...
006 (13689871.000.000) 03/10 17:54:46 Image size of job updated: 2007208
	1961  -  MemoryUsage of job (MB)
	2007208  -  ResidentSetSize of job (KB)
...
006 (13689871.000.000) 03/10 18:04:47 Image size of job updated: 2062816
	2015  -  MemoryUsage of job (MB)
	2062816  -  ResidentSetSize of job (KB)
...
006 (13689871.000.000) 03/10 18:09:48 Image size of job updated: 2155420
	2105  -  MemoryUsage of job (MB)
	2155420  -  ResidentSetSize of job (KB)
...
006 (13689871.000.000) 03/10 18:14:49 Image size of job updated: 2249548
	2197  -  MemoryUsage of job (MB)
	2249548  -  ResidentSetSize of job (KB)
...
006 (13689871.000.000) 03/10 18:19:49 Image size of job updated: 2333664
	2279  -  MemoryUsage of job (MB)
	2333664  -  ResidentSetSize of job (KB)
...
006 (13689871.000.000) 03/10 18:24:49 Image size of job updated: 2540716
	2482  -  MemoryUsage of job (MB)
	2540716  -  ResidentSetSize of job (KB)
...
006 (13689871.000.000) 03/10 18:29:50 Image size of job updated: 2803432
	2738  -  MemoryUsage of job (MB)
	2803432  -  ResidentSetSize of job (KB)
...
040 (13689871.000.000) 03/10 18:30:45 Started transferring output files
...
040 (13689871.000.000) 03/10 18:30:45 Finished transferring output files
...
005 (13689871.000.000) 03/10 18:30:45 Job terminated.
	(1) Normal termination (return value 0)
		Usr 0 01:18:46, Sys 0 00:00:56  -  Run Remote Usage
		Usr 0 00:00:00, Sys 0 00:00:00  -  Run Local Usage
		Usr 0 01:18:46, Sys 0 00:00:56  -  Total Remote Usage
		Usr 0 00:00:00, Sys 0 00:00:00  -  Total Local Usage
	5409  -  Run Bytes Sent By Job
	11052  -  Run Bytes Received By Job
	5409  -  Total Bytes Sent By Job
	11052  -  Total Bytes Received By Job
	Partitionable Resources :     Usage  Request Allocated 
	   Cpus                 :      0.73        1         1 
	   Disk (KB)            : 780627          12      3845 
	   GPUs                 :                            0 
	   Memory (MB)          :   2738        3000      3000 

	Job terminated of its own accord at 2025-03-10T17:30:45Z with exit-code 0.
...
