000 (13689956.000.000) 03/10 16:04:26 Job submitted from host: <137.138.120.116:9618?addrs=137.138.120.116-9618+[2001-1458-d00-16--17b]-9618&alias=bigbird12.cern.ch&noUDP&sock=schedd_5055_e355>
...
040 (13689956.000.000) 03/10 16:44:59 Started transferring input files
	Transferring to host: <188.185.213.52:9618?addrs=188.185.213.52-9618+[2001-1458-303-1a--100-30]-9618&alias=b9p27p1697.cern.ch&noUDP&sock=slot1_23_4476_7f2f_32956>
...
040 (13689956.000.000) 03/10 16:44:59 Finished transferring input files
...
001 (13689956.000.000) 03/10 16:45:00 Job executing on host: <188.185.213.52:9618?addrs=188.185.213.52-9618+[2001-1458-303-1a--100-30]-9618&alias=b9p27p1697.cern.ch&noUDP&sock=startd_3781_07ad>
	SlotName: slot1_23@b9p27p1697.cern.ch
	CondorScratchDir = "/pool/condor/dir_1264669"
	Cpus = 1
	Disk = 3866
	GPUs = 0
	Memory = 3000
...
006 (13689956.000.000) 03/10 16:45:13 Image size of job updated: 940
	1  -  MemoryUsage of job (MB)
	832  -  ResidentSetSize of job (KB)
...
006 (13689956.000.000) 03/10 16:47:00 Image size of job updated: 826208
	1  -  MemoryUsage of job (MB)
	832  -  ResidentSetSize of job (KB)
...
040 (13689956.000.000) 03/10 16:47:00 Started transferring output files
...
040 (13689956.000.000) 03/10 16:47:00 Finished transferring output files
...
005 (13689956.000.000) 03/10 16:47:01 Job terminated.
	(1) Normal termination (return value 0)
		Usr 0 00:00:42, Sys 0 00:00:09  -  Run Remote Usage
		Usr 0 00:00:00, Sys 0 00:00:00  -  Run Local Usage
		Usr 0 00:00:42, Sys 0 00:00:09  -  Total Remote Usage
		Usr 0 00:00:00, Sys 0 00:00:00  -  Total Local Usage
	2927  -  Run Bytes Sent By Job
	11052  -  Run Bytes Received By Job
	2927  -  Total Bytes Sent By Job
	11052  -  Total Bytes Received By Job
	Partitionable Resources :    Usage  Request Allocated 
	   Cpus                 :        0        1         1 
	   Disk (KB)            :    12013       12      3866 
	   GPUs                 :                           0 
	   Memory (MB)          :        1     3000      3000 

	Job terminated of its own accord at 2025-03-10T15:47:00Z with exit-code 0.
...
