000 (13689821.000.000) 03/10 16:03:01 Job submitted from host: <137.138.120.116:9618?addrs=137.138.120.116-9618+[2001-1458-d00-16--17b]-9618&alias=bigbird12.cern.ch&noUDP&sock=schedd_5055_e355>
...
040 (13689821.000.000) 03/10 16:44:13 Started transferring input files
	Transferring to host: <188.185.214.167:9618?addrs=188.185.214.167-9618+[2001-1458-303-1d--100-23]-9618&alias=b9p30p1158.cern.ch&noUDP&sock=slot1_25_4861_c39f_96327>
...
040 (13689821.000.000) 03/10 16:44:13 Finished transferring input files
...
001 (13689821.000.000) 03/10 16:44:14 Job executing on host: <188.185.214.167:9618?addrs=188.185.214.167-9618+[2001-1458-303-1d--100-23]-9618&alias=b9p30p1158.cern.ch&noUDP&sock=startd_4044_6d15>
	SlotName: slot1_25@b9p30p1158.cern.ch
	CondorScratchDir = "/pool/condor/dir_2332123"
	Cpus = 1
	Disk = 3756
	GPUs = 0
	Memory = 3000
...
006 (13689821.000.000) 03/10 16:44:23 Image size of job updated: 18064
	18  -  MemoryUsage of job (MB)
	18064  -  ResidentSetSize of job (KB)
...
006 (13689821.000.000) 03/10 16:46:47 Image size of job updated: 307460
	301  -  MemoryUsage of job (MB)
	307460  -  ResidentSetSize of job (KB)
...
040 (13689821.000.000) 03/10 16:46:47 Started transferring output files
...
040 (13689821.000.000) 03/10 16:46:47 Finished transferring output files
...
005 (13689821.000.000) 03/10 16:46:48 Job terminated.
	(1) Normal termination (return value 0)
		Usr 0 00:01:17, Sys 0 00:00:08  -  Run Remote Usage
		Usr 0 00:00:00, Sys 0 00:00:00  -  Run Local Usage
		Usr 0 00:01:17, Sys 0 00:00:08  -  Total Remote Usage
		Usr 0 00:00:00, Sys 0 00:00:00  -  Total Local Usage
	2816  -  Run Bytes Sent By Job
	11046  -  Run Bytes Received By Job
	2816  -  Total Bytes Sent By Job
	11046  -  Total Bytes Received By Job
	Partitionable Resources :    Usage  Request Allocated 
	   Cpus                 :        0        1         1 
	   Disk (KB)            :    20235       12      3756 
	   GPUs                 :                           0 
	   Memory (MB)          :      301     3000      3000 

	Job terminated of its own accord at 2025-03-10T15:46:47Z with exit-code 0.
...
