000 (13689875.000.000) 03/10 16:03:34 Job submitted from host: <137.138.120.116:9618?addrs=137.138.120.116-9618+[2001-1458-d00-16--17b]-9618&alias=bigbird12.cern.ch&noUDP&sock=schedd_5055_e355>
...
040 (13689875.000.000) 03/10 16:44:31 Started transferring input files
	Transferring to host: <188.185.211.201:9618?addrs=188.185.211.201-9618+[2001-1458-303-17--100-45]-9618&alias=b9p24p3214.cern.ch&noUDP&sock=slot1_25_6023_7f8e_102446>
...
040 (13689875.000.000) 03/10 16:44:31 Finished transferring input files
...
001 (13689875.000.000) 03/10 16:44:32 Job executing on host: <188.185.211.201:9618?addrs=188.185.211.201-9618+[2001-1458-303-17--100-45]-9618&alias=b9p24p3214.cern.ch&noUDP&sock=startd_4875_6c49>
	SlotName: slot1_25@b9p24p3214.cern.ch
	CondorScratchDir = "/pool/condor/dir_3149831"
	Cpus = 1
	Disk = 3811
	GPUs = 0
	Memory = 3000
...
006 (13689875.000.000) 03/10 16:44:41 Image size of job updated: 21296
	21  -  MemoryUsage of job (MB)
	21296  -  ResidentSetSize of job (KB)
...
006 (13689875.000.000) 03/10 16:46:14 Image size of job updated: 1323304
	1293  -  MemoryUsage of job (MB)
	1323304  -  ResidentSetSize of job (KB)
...
040 (13689875.000.000) 03/10 16:46:14 Started transferring output files
...
040 (13689875.000.000) 03/10 16:46:14 Finished transferring output files
...
005 (13689875.000.000) 03/10 16:46:14 Job terminated.
	(1) Normal termination (return value 0)
		Usr 0 00:00:38, Sys 0 00:00:09  -  Run Remote Usage
		Usr 0 00:00:00, Sys 0 00:00:00  -  Run Local Usage
		Usr 0 00:00:38, Sys 0 00:00:09  -  Total Remote Usage
		Usr 0 00:00:00, Sys 0 00:00:00  -  Total Local Usage
	2813  -  Run Bytes Sent By Job
	11052  -  Run Bytes Received By Job
	2813  -  Total Bytes Sent By Job
	11052  -  Total Bytes Received By Job
	Partitionable Resources :    Usage  Request Allocated 
	   Cpus                 :        0        1         1 
	   Disk (KB)            :    11890       12      3811 
	   GPUs                 :                           0 
	   Memory (MB)          :     1293     3000      3000 

	Job terminated of its own accord at 2025-03-10T15:46:14Z with exit-code 0.
...
