000 (13689934.000.000) 03/10 16:04:10 Job submitted from host: <137.138.120.116:9618?addrs=137.138.120.116-9618+[2001-1458-d00-16--17b]-9618&alias=bigbird12.cern.ch&noUDP&sock=schedd_5055_e355>
...
040 (13689934.000.000) 03/10 16:44:51 Started transferring input files
	Transferring to host: <188.185.209.191:9618?addrs=188.185.209.191-9618+[2001-1458-303-12--100-3c]-9618&alias=b9p12p9953.cern.ch&noUDP&sock=slot1_23_2207807_824d_83664>
...
040 (13689934.000.000) 03/10 16:44:51 Finished transferring input files
...
001 (13689934.000.000) 03/10 16:44:52 Job executing on host: <188.185.209.191:9618?addrs=188.185.209.191-9618+[2001-1458-303-12--100-3c]-9618&alias=b9p12p9953.cern.ch&noUDP&sock=startd_4269_c1e4>
	SlotName: slot1_23@b9p12p9953.cern.ch
	CondorScratchDir = "/pool/condor/dir_2396296"
	Cpus = 1
	Disk = 3661
	GPUs = 0
	Memory = 3000
...
006 (13689934.000.000) 03/10 16:45:01 Image size of job updated: 15008
	15  -  MemoryUsage of job (MB)
	15008  -  ResidentSetSize of job (KB)
...
006 (13689934.000.000) 03/10 16:48:22 Image size of job updated: 375700
	367  -  MemoryUsage of job (MB)
	375700  -  ResidentSetSize of job (KB)
...
040 (13689934.000.000) 03/10 16:48:22 Started transferring output files
...
040 (13689934.000.000) 03/10 16:48:22 Finished transferring output files
...
005 (13689934.000.000) 03/10 16:48:22 Job terminated.
	(1) Normal termination (return value 0)
		Usr 0 00:02:09, Sys 0 00:00:09  -  Run Remote Usage
		Usr 0 00:00:00, Sys 0 00:00:00  -  Run Local Usage
		Usr 0 00:02:09, Sys 0 00:00:09  -  Total Remote Usage
		Usr 0 00:00:00, Sys 0 00:00:00  -  Total Local Usage
	2932  -  Run Bytes Sent By Job
	11052  -  Run Bytes Received By Job
	2932  -  Total Bytes Sent By Job
	11052  -  Total Bytes Received By Job
	Partitionable Resources :    Usage  Request Allocated 
	   Cpus                 :        0        1         1 
	   Disk (KB)            :    28679       12      3661 
	   GPUs                 :                           0 
	   Memory (MB)          :      367     3000      3000 

	Job terminated of its own accord at 2025-03-10T15:48:22Z with exit-code 0.
...
