000 (13689998.000.000) 03/10 16:04:57 Job submitted from host: <137.138.120.116:9618?addrs=137.138.120.116-9618+[2001-1458-d00-16--17b]-9618&alias=bigbird12.cern.ch&noUDP&sock=schedd_5055_e355>
...
040 (13689998.000.000) 03/10 16:45:12 Started transferring input files
	Transferring to host: <188.185.208.98:9618?addrs=188.185.208.98-9618+[2001-1458-303-f--100-5f]-9618&alias=b9p09p2889.cern.ch&noUDP&sock=slot1_15_3987_f3bb_112565>
...
040 (13689998.000.000) 03/10 16:45:12 Finished transferring input files
...
001 (13689998.000.000) 03/10 16:45:13 Job executing on host: <188.185.208.98:9618?addrs=188.185.208.98-9618+[2001-1458-303-f--100-5f]-9618&alias=b9p09p2889.cern.ch&noUDP&sock=startd_3782_b745>
	SlotName: slot1_15@b9p09p2889.cern.ch
	CondorScratchDir = "/pool/condor/dir_76817"
	Cpus = 1
	Disk = 3745
	GPUs = 0
	Memory = 3000
...
006 (13689998.000.000) 03/10 16:45:22 Image size of job updated: 15164
	15  -  MemoryUsage of job (MB)
	15164  -  ResidentSetSize of job (KB)
...
006 (13689998.000.000) 03/10 16:50:23 Image size of job updated: 1202072
	1174  -  MemoryUsage of job (MB)
	1202072  -  ResidentSetSize of job (KB)
...
040 (13689998.000.000) 03/10 16:52:14 Started transferring output files
...
040 (13689998.000.000) 03/10 16:52:14 Finished transferring output files
...
005 (13689998.000.000) 03/10 16:52:14 Job terminated.
	(1) Normal termination (return value 0)
		Usr 0 00:04:46, Sys 0 00:00:11  -  Run Remote Usage
		Usr 0 00:00:00, Sys 0 00:00:00  -  Run Local Usage
		Usr 0 00:04:46, Sys 0 00:00:11  -  Total Remote Usage
		Usr 0 00:00:00, Sys 0 00:00:00  -  Total Local Usage
	2988  -  Run Bytes Sent By Job
	11052  -  Run Bytes Received By Job
	2988  -  Total Bytes Sent By Job
	11052  -  Total Bytes Received By Job
	Partitionable Resources :    Usage  Request Allocated 
	   Cpus                 :     0.93        1         1 
	   Disk (KB)            : 64605          12      3745 
	   GPUs                 :                           0 
	   Memory (MB)          :  1174        3000      3000 

	Job terminated of its own accord at 2025-03-10T15:52:14Z with exit-code 0.
...
