000 (13689864.000.000) 03/10 16:03:28 Job submitted from host: <137.138.120.116:9618?addrs=137.138.120.116-9618+[2001-1458-d00-16--17b]-9618&alias=bigbird12.cern.ch&noUDP&sock=schedd_5055_e355>
...
040 (13689864.000.000) 03/10 16:44:29 Started transferring input files
	Transferring to host: <188.185.212.225:9618?addrs=188.185.212.225-9618+[2001-1458-303-19--100-5d]-9618&alias=b9p26p1103.cern.ch&noUDP&sock=slot1_23_2034610_8dea_9690>
...
040 (13689864.000.000) 03/10 16:44:29 Finished transferring input files
...
001 (13689864.000.000) 03/10 16:44:30 Job executing on host: <188.185.212.225:9618?addrs=188.185.212.225-9618+[2001-1458-303-19--100-5d]-9618&alias=b9p26p1103.cern.ch&noUDP&sock=startd_2034316_25b7>
	SlotName: slot1_23@b9p26p1103.cern.ch
	CondorScratchDir = "/pool/condor/dir_3474904"
	Cpus = 1
	Disk = 3718
	GPUs = 0
	Memory = 3000
...
006 (13689864.000.000) 03/10 16:44:43 Image size of job updated: 960
	1  -  MemoryUsage of job (MB)
	960  -  ResidentSetSize of job (KB)
...
006 (13689864.000.000) 03/10 16:49:43 Image size of job updated: 849916
	830  -  MemoryUsage of job (MB)
	849916  -  ResidentSetSize of job (KB)
...
006 (13689864.000.000) 03/10 16:54:44 Image size of job updated: 972668
	950  -  MemoryUsage of job (MB)
	972668  -  ResidentSetSize of job (KB)
...
006 (13689864.000.000) 03/10 16:59:45 Image size of job updated: 1090188
	1065  -  MemoryUsage of job (MB)
	1090188  -  ResidentSetSize of job (KB)
...
006 (13689864.000.000) 03/10 17:04:45 Image size of job updated: 1203604
	1176  -  MemoryUsage of job (MB)
	1203604  -  ResidentSetSize of job (KB)
...
006 (13689864.000.000) 03/10 17:09:46 Image size of job updated: 1331536
	1301  -  MemoryUsage of job (MB)
	1331536  -  ResidentSetSize of job (KB)
...
006 (13689864.000.000) 03/10 17:13:48 Image size of job updated: 1722640
	1301  -  MemoryUsage of job (MB)
	1331540  -  ResidentSetSize of job (KB)
...
040 (13689864.000.000) 03/10 17:13:48 Started transferring output files
...
040 (13689864.000.000) 03/10 17:13:48 Finished transferring output files
...
005 (13689864.000.000) 03/10 17:13:48 Job terminated.
	(1) Normal termination (return value 0)
		Usr 0 00:23:13, Sys 0 00:00:26  -  Run Remote Usage
		Usr 0 00:00:00, Sys 0 00:00:00  -  Run Local Usage
		Usr 0 00:23:13, Sys 0 00:00:26  -  Total Remote Usage
		Usr 0 00:00:00, Sys 0 00:00:00  -  Total Local Usage
	3632  -  Run Bytes Sent By Job
	11052  -  Run Bytes Received By Job
	3632  -  Total Bytes Sent By Job
	11052  -  Total Bytes Received By Job
	Partitionable Resources :     Usage  Request Allocated 
	   Cpus                 :      0.22        1         1 
	   Disk (KB)            : 280688          12      3718 
	   GPUs                 :                            0 
	   Memory (MB)          :   1301        3000      3000 

	Job terminated of its own accord at 2025-03-10T16:13:48Z with exit-code 0.
...
