000 (13689876.000.000) 03/10 16:03:35 Job submitted from host: <137.138.120.116:9618?addrs=137.138.120.116-9618+[2001-1458-d00-16--17b]-9618&alias=bigbird12.cern.ch&noUDP&sock=schedd_5055_e355>
...
040 (13689876.000.000) 03/10 16:44:33 Started transferring input files
	Transferring to host: <188.185.211.213:9618?addrs=188.185.211.213-9618+[2001-1458-303-17--100-51]-9618&alias=b9p24p3007.cern.ch&noUDP&sock=slot1_9_3306049_5980_20826>
...
040 (13689876.000.000) 03/10 16:44:33 Finished transferring input files
...
001 (13689876.000.000) 03/10 16:44:34 Job executing on host: <188.185.211.213:9618?addrs=188.185.211.213-9618+[2001-1458-303-17--100-51]-9618&alias=b9p24p3007.cern.ch&noUDP&sock=startd_3785_c60e>
	SlotName: slot1_9@b9p24p3007.cern.ch
	CondorScratchDir = "/pool/condor/dir_1886197"
	Cpus = 1
	Disk = 3715
	GPUs = 0
	Memory = 3000
...
006 (13689876.000.000) 03/10 16:44:42 Image size of job updated: 4932
	5  -  MemoryUsage of job (MB)
	4932  -  ResidentSetSize of job (KB)
...
006 (13689876.000.000) 03/10 16:47:49 Image size of job updated: 313672
	307  -  MemoryUsage of job (MB)
	313672  -  ResidentSetSize of job (KB)
...
040 (13689876.000.000) 03/10 16:47:49 Started transferring output files
...
040 (13689876.000.000) 03/10 16:47:49 Finished transferring output files
...
005 (13689876.000.000) 03/10 16:47:49 Job terminated.
	(1) Normal termination (return value 0)
		Usr 0 00:01:44, Sys 0 00:00:10  -  Run Remote Usage
		Usr 0 00:00:00, Sys 0 00:00:00  -  Run Local Usage
		Usr 0 00:01:44, Sys 0 00:00:10  -  Total Remote Usage
		Usr 0 00:00:00, Sys 0 00:00:00  -  Total Local Usage
	2820  -  Run Bytes Sent By Job
	11052  -  Run Bytes Received By Job
	2820  -  Total Bytes Sent By Job
	11052  -  Total Bytes Received By Job
	Partitionable Resources :    Usage  Request Allocated 
	   Cpus                 :        0        1         1 
	   Disk (KB)            :    22007       12      3715 
	   GPUs                 :                           0 
	   Memory (MB)          :      307     3000      3000 

	Job terminated of its own accord at 2025-03-10T15:47:49Z with exit-code 0.
...
