000 (13689944.000.000) 03/10 16:04:18 Job submitted from host: <137.138.120.116:9618?addrs=137.138.120.116-9618+[2001-1458-d00-16--17b]-9618&alias=bigbird12.cern.ch&noUDP&sock=schedd_5055_e355>
...
040 (13689944.000.000) 03/10 16:44:54 Started transferring input files
	Transferring to host: <188.185.207.196:9618?addrs=188.185.207.196-9618+[2001-1458-303-e--100-41]-9618&alias=b9p08p9528.cern.ch&noUDP&sock=slot1_30_3606_80cc_110075>
...
040 (13689944.000.000) 03/10 16:44:54 Finished transferring input files
...
001 (13689944.000.000) 03/10 16:44:55 Job executing on host: <188.185.207.196:9618?addrs=188.185.207.196-9618+[2001-1458-303-e--100-41]-9618&alias=b9p08p9528.cern.ch&noUDP&sock=startd_3540_b95a>
	SlotName: slot1_30@b9p08p9528.cern.ch
	CondorScratchDir = "/pool/condor/dir_3986868"
	Cpus = 1
	Disk = 3756
	GPUs = 0
	Memory = 3000
...
006 (13689944.000.000) 03/10 16:45:04 Image size of job updated: 20008
	20  -  MemoryUsage of job (MB)
	20008  -  ResidentSetSize of job (KB)
...
006 (13689944.000.000) 03/10 16:50:05 Image size of job updated: 1991516
	1945  -  MemoryUsage of job (MB)
	1991516  -  ResidentSetSize of job (KB)
...
006 (13689944.000.000) 03/10 16:55:05 Image size of job updated: 2108272
	2059  -  MemoryUsage of job (MB)
	2108272  -  ResidentSetSize of job (KB)
...
006 (13689944.000.000) 03/10 17:00:06 Image size of job updated: 2228248
	2177  -  MemoryUsage of job (MB)
	2228248  -  ResidentSetSize of job (KB)
...
006 (13689944.000.000) 03/10 17:05:07 Image size of job updated: 2350480
	2296  -  MemoryUsage of job (MB)
	2350480  -  ResidentSetSize of job (KB)
...
006 (13689944.000.000) 03/10 17:10:07 Image size of job updated: 2465180
	2408  -  MemoryUsage of job (MB)
	2465180  -  ResidentSetSize of job (KB)
...
006 (13689944.000.000) 03/10 17:15:07 Image size of job updated: 2578196
	2518  -  MemoryUsage of job (MB)
	2578196  -  ResidentSetSize of job (KB)
...
006 (13689944.000.000) 03/10 17:20:08 Image size of job updated: 2693692
	2631  -  MemoryUsage of job (MB)
	2693692  -  ResidentSetSize of job (KB)
...
006 (13689944.000.000) 03/10 17:22:13 Image size of job updated: 2693692
	2631  -  MemoryUsage of job (MB)
	2693952  -  ResidentSetSize of job (KB)
...
040 (13689944.000.000) 03/10 17:22:13 Started transferring output files
...
040 (13689944.000.000) 03/10 17:22:13 Finished transferring output files
...
005 (13689944.000.000) 03/10 17:22:13 Job terminated.
	(1) Normal termination (return value 0)
		Usr 0 00:29:10, Sys 0 00:00:36  -  Run Remote Usage
		Usr 0 00:00:00, Sys 0 00:00:00  -  Run Local Usage
		Usr 0 00:29:10, Sys 0 00:00:36  -  Total Remote Usage
		Usr 0 00:00:00, Sys 0 00:00:00  -  Total Local Usage
	4054  -  Run Bytes Sent By Job
	11052  -  Run Bytes Received By Job
	4054  -  Total Bytes Sent By Job
	11052  -  Total Bytes Received By Job
	Partitionable Resources :     Usage  Request Allocated 
	   Cpus                 :      0.98        1         1 
	   Disk (KB)            : 343168          12      3756 
	   GPUs                 :                            0 
	   Memory (MB)          :   2631        3000      3000 

	Job terminated of its own accord at 2025-03-10T16:22:13Z with exit-code 0.
...
