000 (13689990.000.000) 03/10 16:04:53 Job submitted from host: <137.138.120.116:9618?addrs=137.138.120.116-9618+[2001-1458-d00-16--17b]-9618&alias=bigbird12.cern.ch&noUDP&sock=schedd_5055_e355>
...
040 (13689990.000.000) 03/10 16:45:10 Started transferring input files
	Transferring to host: <188.185.205.169:9618?addrs=188.185.205.169-9618+[2001-1458-303-a--100-26]-9618&alias=b9p04p5518.cern.ch&noUDP&sock=slot1_16_3789_7173_9730>
...
040 (13689990.000.000) 03/10 16:45:10 Finished transferring input files
...
001 (13689990.000.000) 03/10 16:45:11 Job executing on host: <188.185.205.169:9618?addrs=188.185.205.169-9618+[2001-1458-303-a--100-26]-9618&alias=b9p04p5518.cern.ch&noUDP&sock=startd_3603_efd1>
	SlotName: slot1_16@b9p04p5518.cern.ch
	CondorScratchDir = "/pool/condor/dir_3157100"
	Cpus = 1
	Disk = 3582
	GPUs = 0
	Memory = 3000
...
006 (13689990.000.000) 03/10 16:45:25 Image size of job updated: 956
	1  -  MemoryUsage of job (MB)
	956  -  ResidentSetSize of job (KB)
...
006 (13689990.000.000) 03/10 16:50:26 Image size of job updated: 845984
	827  -  MemoryUsage of job (MB)
	845984  -  ResidentSetSize of job (KB)
...
006 (13689990.000.000) 03/10 16:55:26 Image size of job updated: 972772
	950  -  MemoryUsage of job (MB)
	972772  -  ResidentSetSize of job (KB)
...
006 (13689990.000.000) 03/10 17:00:27 Image size of job updated: 1090900
	1066  -  MemoryUsage of job (MB)
	1090900  -  ResidentSetSize of job (KB)
...
006 (13689990.000.000) 03/10 17:01:56 Image size of job updated: 1408188
	1066  -  MemoryUsage of job (MB)
	1090900  -  ResidentSetSize of job (KB)
...
040 (13689990.000.000) 03/10 17:01:56 Started transferring output files
...
040 (13689990.000.000) 03/10 17:01:56 Finished transferring output files
...
005 (13689990.000.000) 03/10 17:01:56 Job terminated.
	(1) Normal termination (return value 0)
		Usr 0 00:12:40, Sys 0 00:00:16  -  Run Remote Usage
		Usr 0 00:00:00, Sys 0 00:00:00  -  Run Local Usage
		Usr 0 00:12:40, Sys 0 00:00:16  -  Total Remote Usage
		Usr 0 00:00:00, Sys 0 00:00:00  -  Total Local Usage
	3309  -  Run Bytes Sent By Job
	11052  -  Run Bytes Received By Job
	3309  -  Total Bytes Sent By Job
	11052  -  Total Bytes Received By Job
	Partitionable Resources :     Usage  Request Allocated 
	   Cpus                 :      0.98        1         1 
	   Disk (KB)            : 150823          12      3582 
	   GPUs                 :                            0 
	   Memory (MB)          :   1066        3000      3000 

	Job terminated of its own accord at 2025-03-10T16:01:56Z with exit-code 0.
...
