000 (13689862.000.000) 03/10 16:03:26 Job submitted from host: <137.138.120.116:9618?addrs=137.138.120.116-9618+[2001-1458-d00-16--17b]-9618&alias=bigbird12.cern.ch&noUDP&sock=schedd_5055_e355>
...
040 (13689862.000.000) 03/10 16:44:27 Started transferring input files
	Transferring to host: <188.185.209.36:9618?addrs=188.185.209.36-9618+[2001-1458-303-11--100-21]-9618&alias=b9p11p6379.cern.ch&noUDP&sock=slot1_2_3803_4eb4_103527>
...
040 (13689862.000.000) 03/10 16:44:27 Finished transferring input files
...
001 (13689862.000.000) 03/10 16:44:28 Job executing on host: <188.185.209.36:9618?addrs=188.185.209.36-9618+[2001-1458-303-11--100-21]-9618&alias=b9p11p6379.cern.ch&noUDP&sock=startd_3471_6551>
	SlotName: slot1_2@b9p11p6379.cern.ch
	CondorScratchDir = "/pool/condor/dir_1757142"
	Cpus = 1
	Disk = 3706
	GPUs = 0
	Memory = 3000
...
006 (13689862.000.000) 03/10 16:44:37 Image size of job updated: 53908
	53  -  MemoryUsage of job (MB)
	53908  -  ResidentSetSize of job (KB)
...
006 (13689862.000.000) 03/10 16:49:38 Image size of job updated: 1711064
	1671  -  MemoryUsage of job (MB)
	1711064  -  ResidentSetSize of job (KB)
...
006 (13689862.000.000) 03/10 16:54:38 Image size of job updated: 1839020
	1796  -  MemoryUsage of job (MB)
	1839020  -  ResidentSetSize of job (KB)
...
006 (13689862.000.000) 03/10 16:59:39 Image size of job updated: 1980280
	1934  -  MemoryUsage of job (MB)
	1980280  -  ResidentSetSize of job (KB)
...
006 (13689862.000.000) 03/10 17:04:40 Image size of job updated: 2107996
	2059  -  MemoryUsage of job (MB)
	2107996  -  ResidentSetSize of job (KB)
...
006 (13689862.000.000) 03/10 17:09:40 Image size of job updated: 2223112
	2172  -  MemoryUsage of job (MB)
	2223112  -  ResidentSetSize of job (KB)
...
006 (13689862.000.000) 03/10 17:14:40 Image size of job updated: 2352340
	2298  -  MemoryUsage of job (MB)
	2352340  -  ResidentSetSize of job (KB)
...
006 (13689862.000.000) 03/10 17:19:41 Image size of job updated: 2487348
	2430  -  MemoryUsage of job (MB)
	2487348  -  ResidentSetSize of job (KB)
...
040 (13689862.000.000) 03/10 17:22:45 Started transferring output files
...
040 (13689862.000.000) 03/10 17:22:45 Finished transferring output files
...
005 (13689862.000.000) 03/10 17:22:45 Job terminated.
	(1) Normal termination (return value 0)
		Usr 0 00:29:25, Sys 0 00:00:23  -  Run Remote Usage
		Usr 0 00:00:00, Sys 0 00:00:00  -  Run Local Usage
		Usr 0 00:29:25, Sys 0 00:00:23  -  Total Remote Usage
		Usr 0 00:00:00, Sys 0 00:00:00  -  Total Local Usage
	4115  -  Run Bytes Sent By Job
	11052  -  Run Bytes Received By Job
	4115  -  Total Bytes Sent By Job
	11052  -  Total Bytes Received By Job
	Partitionable Resources :     Usage  Request Allocated 
	   Cpus                 :      0.71        1         1 
	   Disk (KB)            : 398787          12      3706 
	   GPUs                 :                            0 
	   Memory (MB)          :   2430        3000      3000 

	Job terminated of its own accord at 2025-03-10T16:22:45Z with exit-code 0.
...
