000 (13689945.000.000) 03/10 16:04:20 Job submitted from host: <137.138.120.116:9618?addrs=137.138.120.116-9618+[2001-1458-d00-16--17b]-9618&alias=bigbird12.cern.ch&noUDP&sock=schedd_5055_e355>
...
040 (13689945.000.000) 03/10 16:44:55 Started transferring input files
	Transferring to host: <128.142.192.175:9618?addrs=128.142.192.175-9618+[2001-1458-301-56--100-2b]-9618&alias=b9g18p5008.cern.ch&noUDP&sock=slot1_14_8257_8da9_79804>
...
040 (13689945.000.000) 03/10 16:44:55 Finished transferring input files
...
001 (13689945.000.000) 03/10 16:44:56 Job executing on host: <128.142.192.175:9618?addrs=128.142.192.175-9618+[2001-1458-301-56--100-2b]-9618&alias=b9g18p5008.cern.ch&noUDP&sock=startd_8201_c847>
	SlotName: slot1_14@b9g18p5008.cern.ch
	CondorScratchDir = "/pool/condor/dir_1047570"
	Cpus = 1
	Disk = 3757
	GPUs = 0
	Memory = 3000
...
006 (13689945.000.000) 03/10 16:45:05 Image size of job updated: 14288
	14  -  MemoryUsage of job (MB)
	14288  -  ResidentSetSize of job (KB)
...
006 (13689945.000.000) 03/10 16:50:06 Image size of job updated: 1017556
	994  -  MemoryUsage of job (MB)
	1017556  -  ResidentSetSize of job (KB)
...
006 (13689945.000.000) 03/10 16:55:07 Image size of job updated: 1124104
	1098  -  MemoryUsage of job (MB)
	1124104  -  ResidentSetSize of job (KB)
...
006 (13689945.000.000) 03/10 17:00:07 Image size of job updated: 1200792
	1173  -  MemoryUsage of job (MB)
	1200792  -  ResidentSetSize of job (KB)
...
006 (13689945.000.000) 03/10 17:05:08 Image size of job updated: 1262092
	1233  -  MemoryUsage of job (MB)
	1262092  -  ResidentSetSize of job (KB)
...
006 (13689945.000.000) 03/10 17:10:09 Image size of job updated: 1329204
	1299  -  MemoryUsage of job (MB)
	1329204  -  ResidentSetSize of job (KB)
...
006 (13689945.000.000) 03/10 17:15:09 Image size of job updated: 1396216
	1364  -  MemoryUsage of job (MB)
	1396216  -  ResidentSetSize of job (KB)
...
006 (13689945.000.000) 03/10 17:20:09 Image size of job updated: 1467172
	1433  -  MemoryUsage of job (MB)
	1467172  -  ResidentSetSize of job (KB)
...
040 (13689945.000.000) 03/10 17:23:09 Started transferring output files
...
040 (13689945.000.000) 03/10 17:23:09 Finished transferring output files
...
005 (13689945.000.000) 03/10 17:23:09 Job terminated.
	(1) Normal termination (return value 0)
		Usr 0 00:30:34, Sys 0 00:00:18  -  Run Remote Usage
		Usr 0 00:00:00, Sys 0 00:00:00  -  Run Local Usage
		Usr 0 00:30:34, Sys 0 00:00:18  -  Total Remote Usage
		Usr 0 00:00:00, Sys 0 00:00:00  -  Total Local Usage
	3710  -  Run Bytes Sent By Job
	11052  -  Run Bytes Received By Job
	3710  -  Total Bytes Sent By Job
	11052  -  Total Bytes Received By Job
	Partitionable Resources :     Usage  Request Allocated 
	   Cpus                 :      0.96        1         1 
	   Disk (KB)            : 197427          12      3757 
	   GPUs                 :                            0 
	   Memory (MB)          :   1433        3000      3000 

	Job terminated of its own accord at 2025-03-10T16:23:09Z with exit-code 0.
...
