000 (13689914.000.000) 03/10 16:04:00 Job submitted from host: <137.138.120.116:9618?addrs=137.138.120.116-9618+[2001-1458-d00-16--17b]-9618&alias=bigbird12.cern.ch&noUDP&sock=schedd_5055_e355>
...
040 (13689914.000.000) 03/10 16:44:44 Started transferring input files
	Transferring to host: <128.142.196.51:9618?addrs=128.142.196.51-9618+[2001-1458-301-3c--100-31]-9618&alias=b9g32p1086.cern.ch&noUDP&sock=slot1_38_3071_8c16_17216>
...
040 (13689914.000.000) 03/10 16:44:44 Finished transferring input files
...
001 (13689914.000.000) 03/10 16:44:45 Job executing on host: <128.142.196.51:9618?addrs=128.142.196.51-9618+[2001-1458-301-3c--100-31]-9618&alias=b9g32p1086.cern.ch&noUDP&sock=startd_2724_0412>
	SlotName: slot1_38@b9g32p1086.cern.ch
	CondorScratchDir = "/pool/condor/dir_1157281"
	Cpus = 1
	Disk = 3779
	GPUs = 0
	Memory = 3000
...
006 (13689914.000.000) 03/10 16:44:54 Image size of job updated: 2116
	3  -  MemoryUsage of job (MB)
	2116  -  ResidentSetSize of job (KB)
...
006 (13689914.000.000) 03/10 16:47:24 Image size of job updated: 1292832
	1263  -  MemoryUsage of job (MB)
	1292832  -  ResidentSetSize of job (KB)
...
040 (13689914.000.000) 03/10 16:47:24 Started transferring output files
...
040 (13689914.000.000) 03/10 16:47:24 Finished transferring output files
...
005 (13689914.000.000) 03/10 16:47:24 Job terminated.
	(1) Normal termination (return value 0)
		Usr 0 00:00:54, Sys 0 00:00:11  -  Run Remote Usage
		Usr 0 00:00:00, Sys 0 00:00:00  -  Run Local Usage
		Usr 0 00:00:54, Sys 0 00:00:11  -  Total Remote Usage
		Usr 0 00:00:00, Sys 0 00:00:00  -  Total Local Usage
	2820  -  Run Bytes Sent By Job
	11052  -  Run Bytes Received By Job
	2820  -  Total Bytes Sent By Job
	11052  -  Total Bytes Received By Job
	Partitionable Resources :    Usage  Request Allocated 
	   Cpus                 :     0.05        1         1 
	   Disk (KB)            : 13597          12      3779 
	   GPUs                 :                           0 
	   Memory (MB)          :  1263        3000      3000 

	Job terminated of its own accord at 2025-03-10T15:47:24Z with exit-code 0.
...
