000 (13689819.000.000) 03/10 16:03:00 Job submitted from host: <137.138.120.116:9618?addrs=137.138.120.116-9618+[2001-1458-d00-16--17b]-9618&alias=bigbird12.cern.ch&noUDP&sock=schedd_5055_e355>
...
040 (13689819.000.000) 03/10 16:44:13 Started transferring input files
	Transferring to host: <188.185.213.28:9618?addrs=188.185.213.28-9618+[2001-1458-303-1a--100-18]-9618&alias=b9p27p1310.cern.ch&noUDP&sock=slot1_31_5463_ed77_32710>
...
040 (13689819.000.000) 03/10 16:44:13 Finished transferring input files
...
001 (13689819.000.000) 03/10 16:44:14 Job executing on host: <188.185.213.28:9618?addrs=188.185.213.28-9618+[2001-1458-303-1a--100-18]-9618&alias=b9p27p1310.cern.ch&noUDP&sock=startd_4425_c2aa>
	SlotName: slot1_31@b9p27p1310.cern.ch
	CondorScratchDir = "/pool/condor/dir_3164681"
	Cpus = 1
	Disk = 3871
	GPUs = 0
	Memory = 3000
...
006 (13689819.000.000) 03/10 16:44:28 Image size of job updated: 40436
	1  -  MemoryUsage of job (MB)
	920  -  ResidentSetSize of job (KB)
...
006 (13689819.000.000) 03/10 16:49:29 Image size of job updated: 797408
	779  -  MemoryUsage of job (MB)
	797408  -  ResidentSetSize of job (KB)
...
006 (13689819.000.000) 03/10 16:54:29 Image size of job updated: 927428
	906  -  MemoryUsage of job (MB)
	927428  -  ResidentSetSize of job (KB)
...
006 (13689819.000.000) 03/10 16:59:30 Image size of job updated: 1024792
	1001  -  MemoryUsage of job (MB)
	1024792  -  ResidentSetSize of job (KB)
...
006 (13689819.000.000) 03/10 17:04:31 Image size of job updated: 1204332
	1177  -  MemoryUsage of job (MB)
	1204332  -  ResidentSetSize of job (KB)
...
006 (13689819.000.000) 03/10 17:05:37 Image size of job updated: 1431976
	1177  -  MemoryUsage of job (MB)
	1204332  -  ResidentSetSize of job (KB)
...
040 (13689819.000.000) 03/10 17:05:37 Started transferring output files
...
040 (13689819.000.000) 03/10 17:05:37 Finished transferring output files
...
005 (13689819.000.000) 03/10 17:05:37 Job terminated.
	(1) Normal termination (return value 0)
		Usr 0 00:16:05, Sys 0 00:00:21  -  Run Remote Usage
		Usr 0 00:00:00, Sys 0 00:00:00  -  Run Local Usage
		Usr 0 00:16:05, Sys 0 00:00:21  -  Total Remote Usage
		Usr 0 00:00:00, Sys 0 00:00:00  -  Total Local Usage
	3306  -  Run Bytes Sent By Job
	11046  -  Run Bytes Received By Job
	3306  -  Total Bytes Sent By Job
	11046  -  Total Bytes Received By Job
	Partitionable Resources :     Usage  Request Allocated 
	   Cpus                 :      0.80        1         1 
	   Disk (KB)            : 157829          12      3871 
	   GPUs                 :                            0 
	   Memory (MB)          :   1177        3000      3000 

	Job terminated of its own accord at 2025-03-10T16:05:37Z with exit-code 0.
...
