000 (13689782.000.000) 03/10 16:02:39 Job submitted from host: <137.138.120.116:9618?addrs=137.138.120.116-9618+[2001-1458-d00-16--17b]-9618&alias=bigbird12.cern.ch&noUDP&sock=schedd_5055_e355>
...
040 (13689782.000.000) 03/10 16:44:02 Started transferring input files
	Transferring to host: <188.185.211.175:9618?addrs=188.185.211.175-9618+[2001-1458-303-17--100-2b]-9618&alias=b9p24p5604.cern.ch&noUDP&sock=slot1_53_3874_5557_101443>
...
040 (13689782.000.000) 03/10 16:44:02 Finished transferring input files
...
001 (13689782.000.000) 03/10 16:44:03 Job executing on host: <188.185.211.175:9618?addrs=188.185.211.175-9618+[2001-1458-303-17--100-2b]-9618&alias=b9p24p5604.cern.ch&noUDP&sock=startd_3120_a393>
	SlotName: slot1_53@b9p24p5604.cern.ch
	CondorScratchDir = "/pool/condor/dir_4168949"
	Cpus = 1
	Disk = 3729
	GPUs = 0
	Memory = 3000
...
006 (13689782.000.000) 03/10 16:44:12 Image size of job updated: 21548
	22  -  MemoryUsage of job (MB)
	21548  -  ResidentSetSize of job (KB)
...
006 (13689782.000.000) 03/10 16:49:13 Image size of job updated: 831640
	813  -  MemoryUsage of job (MB)
	831640  -  ResidentSetSize of job (KB)
...
006 (13689782.000.000) 03/10 16:54:14 Image size of job updated: 943288
	922  -  MemoryUsage of job (MB)
	943288  -  ResidentSetSize of job (KB)
...
006 (13689782.000.000) 03/10 16:59:14 Image size of job updated: 1046716
	1023  -  MemoryUsage of job (MB)
	1046716  -  ResidentSetSize of job (KB)
...
006 (13689782.000.000) 03/10 17:04:15 Image size of job updated: 1153780
	1127  -  MemoryUsage of job (MB)
	1153780  -  ResidentSetSize of job (KB)
...
006 (13689782.000.000) 03/10 17:09:16 Image size of job updated: 1268488
	1239  -  MemoryUsage of job (MB)
	1268488  -  ResidentSetSize of job (KB)
...
006 (13689782.000.000) 03/10 17:14:16 Image size of job updated: 1378252
	1346  -  MemoryUsage of job (MB)
	1378252  -  ResidentSetSize of job (KB)
...
006 (13689782.000.000) 03/10 17:19:16 Image size of job updated: 1489016
	1455  -  MemoryUsage of job (MB)
	1489016  -  ResidentSetSize of job (KB)
...
006 (13689782.000.000) 03/10 17:24:17 Image size of job updated: 1598468
	1562  -  MemoryUsage of job (MB)
	1598468  -  ResidentSetSize of job (KB)
...
006 (13689782.000.000) 03/10 17:29:17 Image size of job updated: 1707296
	1668  -  MemoryUsage of job (MB)
	1707296  -  ResidentSetSize of job (KB)
...
006 (13689782.000.000) 03/10 17:34:17 Image size of job updated: 2105612
	2057  -  MemoryUsage of job (MB)
	2105612  -  ResidentSetSize of job (KB)
...
040 (13689782.000.000) 03/10 17:34:50 Started transferring output files
...
040 (13689782.000.000) 03/10 17:34:50 Finished transferring output files
...
005 (13689782.000.000) 03/10 17:34:50 Job terminated.
	(1) Normal termination (return value 0)
		Usr 0 00:40:24, Sys 0 00:00:37  -  Run Remote Usage
		Usr 0 00:00:00, Sys 0 00:00:00  -  Run Local Usage
		Usr 0 00:40:24, Sys 0 00:00:37  -  Total Remote Usage
		Usr 0 00:00:00, Sys 0 00:00:00  -  Total Local Usage
	4272  -  Run Bytes Sent By Job
	11046  -  Run Bytes Received By Job
	4272  -  Total Bytes Sent By Job
	11046  -  Total Bytes Received By Job
	Partitionable Resources :     Usage  Request Allocated 
	   Cpus                 :      0.86        1         1 
	   Disk (KB)            : 437993          12      3729 
	   GPUs                 :                            0 
	   Memory (MB)          :   2057        3000      3000 

	Job terminated of its own accord at 2025-03-10T16:34:50Z with exit-code 0.
...
