000 (13689954.000.000) 03/10 16:04:25 Job submitted from host: <137.138.120.116:9618?addrs=137.138.120.116-9618+[2001-1458-d00-16--17b]-9618&alias=bigbird12.cern.ch&noUDP&sock=schedd_5055_e355>
...
040 (13689954.000.000) 03/10 16:44:59 Started transferring input files
	Transferring to host: <188.185.211.58:9618?addrs=188.185.211.58-9618+[2001-1458-303-16--100-36]-9618&alias=b9p23p3468.cern.ch&noUDP&sock=slot1_1_3869788_792d_3083>
...
040 (13689954.000.000) 03/10 16:44:59 Finished transferring input files
...
001 (13689954.000.000) 03/10 16:45:00 Job executing on host: <188.185.211.58:9618?addrs=188.185.211.58-9618+[2001-1458-303-16--100-36]-9618&alias=b9p23p3468.cern.ch&noUDP&sock=startd_3006_71c7>
	SlotName: slot1_1@b9p23p3468.cern.ch
	CondorScratchDir = "/pool/condor/dir_1763506"
	Cpus = 1
	Disk = 3752
	GPUs = 0
	Memory = 3000
...
006 (13689954.000.000) 03/10 16:45:08 Image size of job updated: 1784
	2  -  MemoryUsage of job (MB)
	1784  -  ResidentSetSize of job (KB)
...
006 (13689954.000.000) 03/10 16:50:08 Image size of job updated: 1228108
	1200  -  MemoryUsage of job (MB)
	1228108  -  ResidentSetSize of job (KB)
...
006 (13689954.000.000) 03/10 16:55:09 Image size of job updated: 1358364
	1327  -  MemoryUsage of job (MB)
	1358364  -  ResidentSetSize of job (KB)
...
006 (13689954.000.000) 03/10 17:00:10 Image size of job updated: 1493660
	1459  -  MemoryUsage of job (MB)
	1493660  -  ResidentSetSize of job (KB)
...
006 (13689954.000.000) 03/10 17:05:10 Image size of job updated: 1624428
	1587  -  MemoryUsage of job (MB)
	1624428  -  ResidentSetSize of job (KB)
...
040 (13689954.000.000) 03/10 17:08:26 Started transferring output files
...
040 (13689954.000.000) 03/10 17:08:26 Finished transferring output files
...
005 (13689954.000.000) 03/10 17:08:26 Job terminated.
	(1) Normal termination (return value 0)
		Usr 0 00:18:55, Sys 0 00:00:19  -  Run Remote Usage
		Usr 0 00:00:00, Sys 0 00:00:00  -  Run Local Usage
		Usr 0 00:18:55, Sys 0 00:00:19  -  Total Remote Usage
		Usr 0 00:00:00, Sys 0 00:00:00  -  Total Local Usage
	3754  -  Run Bytes Sent By Job
	11052  -  Run Bytes Received By Job
	3754  -  Total Bytes Sent By Job
	11052  -  Total Bytes Received By Job
	Partitionable Resources :     Usage  Request Allocated 
	   Cpus                 :      0.98        1         1 
	   Disk (KB)            : 243380          12      3752 
	   GPUs                 :                            0 
	   Memory (MB)          :   1587        3000      3000 

	Job terminated of its own accord at 2025-03-10T16:08:26Z with exit-code 0.
...
