000 (13689953.000.000) 03/10 16:04:25 Job submitted from host: <137.138.120.116:9618?addrs=137.138.120.116-9618+[2001-1458-d00-16--17b]-9618&alias=bigbird12.cern.ch&noUDP&sock=schedd_5055_e355>
...
040 (13689953.000.000) 03/10 16:44:57 Started transferring input files
	Transferring to host: <188.185.211.171:9618?addrs=188.185.211.171-9618+[2001-1458-303-17--100-27]-9618&alias=b9p24p0247.cern.ch&noUDP&sock=slot1_23_5024_9cc5_101696>
...
040 (13689953.000.000) 03/10 16:44:57 Finished transferring input files
...
001 (13689953.000.000) 03/10 16:44:58 Job executing on host: <188.185.211.171:9618?addrs=188.185.211.171-9618+[2001-1458-303-17--100-27]-9618&alias=b9p24p0247.cern.ch&noUDP&sock=startd_4174_9865>
	SlotName: slot1_23@b9p24p0247.cern.ch
	CondorScratchDir = "/pool/condor/dir_3441929"
	Cpus = 1
	Disk = 3837
	GPUs = 0
	Memory = 3000
...
006 (13689953.000.000) 03/10 16:45:07 Image size of job updated: 16264
	16  -  MemoryUsage of job (MB)
	16264  -  ResidentSetSize of job (KB)
...
006 (13689953.000.000) 03/10 16:50:08 Image size of job updated: 1164916
	1138  -  MemoryUsage of job (MB)
	1164916  -  ResidentSetSize of job (KB)
...
006 (13689953.000.000) 03/10 16:55:08 Image size of job updated: 1290760
	1261  -  MemoryUsage of job (MB)
	1290760  -  ResidentSetSize of job (KB)
...
006 (13689953.000.000) 03/10 17:00:09 Image size of job updated: 1418676
	1386  -  MemoryUsage of job (MB)
	1418676  -  ResidentSetSize of job (KB)
...
006 (13689953.000.000) 03/10 17:05:10 Image size of job updated: 1553852
	1518  -  MemoryUsage of job (MB)
	1553852  -  ResidentSetSize of job (KB)
...
006 (13689953.000.000) 03/10 17:10:10 Image size of job updated: 1682692
	1644  -  MemoryUsage of job (MB)
	1682692  -  ResidentSetSize of job (KB)
...
006 (13689953.000.000) 03/10 17:15:10 Image size of job updated: 1816216
	1774  -  MemoryUsage of job (MB)
	1816216  -  ResidentSetSize of job (KB)
...
006 (13689953.000.000) 03/10 17:20:11 Image size of job updated: 1953528
	1908  -  MemoryUsage of job (MB)
	1953528  -  ResidentSetSize of job (KB)
...
006 (13689953.000.000) 03/10 17:25:11 Image size of job updated: 2089704
	2041  -  MemoryUsage of job (MB)
	2089704  -  ResidentSetSize of job (KB)
...
006 (13689953.000.000) 03/10 17:30:11 Image size of job updated: 2233216
	2181  -  MemoryUsage of job (MB)
	2233216  -  ResidentSetSize of job (KB)
...
006 (13689953.000.000) 03/10 17:35:12 Image size of job updated: 2355772
	2301  -  MemoryUsage of job (MB)
	2355772  -  ResidentSetSize of job (KB)
...
006 (13689953.000.000) 03/10 17:40:13 Image size of job updated: 2488708
	2431  -  MemoryUsage of job (MB)
	2488708  -  ResidentSetSize of job (KB)
...
006 (13689953.000.000) 03/10 17:45:13 Image size of job updated: 2630076
	2569  -  MemoryUsage of job (MB)
	2630076  -  ResidentSetSize of job (KB)
...
006 (13689953.000.000) 03/10 17:50:14 Image size of job updated: 2851900
	2786  -  MemoryUsage of job (MB)
	2851900  -  ResidentSetSize of job (KB)
...
040 (13689953.000.000) 03/10 17:52:28 Started transferring output files
...
040 (13689953.000.000) 03/10 17:52:28 Finished transferring output files
...
005 (13689953.000.000) 03/10 17:52:28 Job terminated.
	(1) Normal termination (return value 0)
		Usr 0 00:55:43, Sys 0 00:00:37  -  Run Remote Usage
		Usr 0 00:00:00, Sys 0 00:00:00  -  Run Local Usage
		Usr 0 00:55:43, Sys 0 00:00:37  -  Total Remote Usage
		Usr 0 00:00:00, Sys 0 00:00:00  -  Total Local Usage
	5249  -  Run Bytes Sent By Job
	11052  -  Run Bytes Received By Job
	5249  -  Total Bytes Sent By Job
	11052  -  Total Bytes Received By Job
	Partitionable Resources :     Usage  Request Allocated 
	   Cpus                 :      0.82        1         1 
	   Disk (KB)            : 723855          12      3837 
	   GPUs                 :                            0 
	   Memory (MB)          :   2786        3000      3000 

	Job terminated of its own accord at 2025-03-10T16:52:28Z with exit-code 0.
...
