000 (13689768.000.000) 03/10 16:02:31 Job submitted from host: <137.138.120.116:9618?addrs=137.138.120.116-9618+[2001-1458-d00-16--17b]-9618&alias=bigbird12.cern.ch&noUDP&sock=schedd_5055_e355>
...
040 (13689768.000.000) 03/10 16:43:54 Started transferring input files
	Transferring to host: <188.185.211.21:9618?addrs=188.185.211.21-9618+[2001-1458-303-16--100-11]-9618&alias=b9p23p6626.cern.ch&noUDP&sock=slot1_39_3932940_c535_3604>
...
040 (13689768.000.000) 03/10 16:43:54 Finished transferring input files
...
001 (13689768.000.000) 03/10 16:43:55 Job executing on host: <188.185.211.21:9618?addrs=188.185.211.21-9618+[2001-1458-303-16--100-11]-9618&alias=b9p23p6626.cern.ch&noUDP&sock=startd_3782_b745>
	SlotName: slot1_39@b9p23p6626.cern.ch
	CondorScratchDir = "/pool/condor/dir_113337"
	Cpus = 1
	Disk = 3850
	GPUs = 0
	Memory = 3000
...
006 (13689768.000.000) 03/10 16:44:04 Image size of job updated: 1896
	2  -  MemoryUsage of job (MB)
	1896  -  ResidentSetSize of job (KB)
...
006 (13689768.000.000) 03/10 16:46:01 Image size of job updated: 11112
	11  -  MemoryUsage of job (MB)
	11112  -  ResidentSetSize of job (KB)
...
040 (13689768.000.000) 03/10 16:46:01 Started transferring output files
...
040 (13689768.000.000) 03/10 16:46:01 Finished transferring output files
...
005 (13689768.000.000) 03/10 16:46:01 Job terminated.
	(1) Normal termination (return value 0)
		Usr 0 00:00:56, Sys 0 00:00:10  -  Run Remote Usage
		Usr 0 00:00:00, Sys 0 00:00:00  -  Run Local Usage
		Usr 0 00:00:56, Sys 0 00:00:10  -  Total Remote Usage
		Usr 0 00:00:00, Sys 0 00:00:00  -  Total Local Usage
	3066  -  Run Bytes Sent By Job
	11046  -  Run Bytes Received By Job
	3066  -  Total Bytes Sent By Job
	11046  -  Total Bytes Received By Job
	Partitionable Resources :    Usage  Request Allocated 
	   Cpus                 :        0        1         1 
	   Disk (KB)            :    13884       12      3850 
	   GPUs                 :                           0 
	   Memory (MB)          :       11     3000      3000 

	Job terminated of its own accord at 2025-03-10T15:46:01Z with exit-code 0.
...
