000 (13689770.000.000) 03/10 16:02:32 Job submitted from host: <137.138.120.116:9618?addrs=137.138.120.116-9618+[2001-1458-d00-16--17b]-9618&alias=bigbird12.cern.ch&noUDP&sock=schedd_5055_e355>
...
040 (13689770.000.000) 03/10 16:43:56 Started transferring input files
	Transferring to host: <188.185.210.143:9618?addrs=188.185.210.143-9618+[2001-1458-303-15--100-b]-9618&alias=b9p22p5953.cern.ch&noUDP&sock=slot1_24_10321_d3fd_103966>
...
040 (13689770.000.000) 03/10 16:43:56 Finished transferring input files
...
001 (13689770.000.000) 03/10 16:43:57 Job executing on host: <188.185.210.143:9618?addrs=188.185.210.143-9618+[2001-1458-303-15--100-b]-9618&alias=b9p22p5953.cern.ch&noUDP&sock=startd_9137_cced>
	SlotName: slot1_24@b9p22p5953.cern.ch
	CondorScratchDir = "/pool/condor/dir_2537916"
	Cpus = 1
	Disk = 3708
	GPUs = 0
	Memory = 3000
...
006 (13689770.000.000) 03/10 16:44:06 Image size of job updated: 20276
	20  -  MemoryUsage of job (MB)
	20276  -  ResidentSetSize of job (KB)
...
006 (13689770.000.000) 03/10 16:49:07 Image size of job updated: 2199968
	2149  -  MemoryUsage of job (MB)
	2199968  -  ResidentSetSize of job (KB)
...
006 (13689770.000.000) 03/10 16:54:07 Image size of job updated: 2323564
	2270  -  MemoryUsage of job (MB)
	2323564  -  ResidentSetSize of job (KB)
...
006 (13689770.000.000) 03/10 16:59:07 Image size of job updated: 2425624
	2369  -  MemoryUsage of job (MB)
	2425624  -  ResidentSetSize of job (KB)
...
006 (13689770.000.000) 03/10 17:04:08 Image size of job updated: 2531604
	2473  -  MemoryUsage of job (MB)
	2531604  -  ResidentSetSize of job (KB)
...
006 (13689770.000.000) 03/10 17:09:08 Image size of job updated: 2642632
	2581  -  MemoryUsage of job (MB)
	2642632  -  ResidentSetSize of job (KB)
...
006 (13689770.000.000) 03/10 17:14:08 Image size of job updated: 2751780
	2688  -  MemoryUsage of job (MB)
	2751780  -  ResidentSetSize of job (KB)
...
006 (13689770.000.000) 03/10 17:19:09 Image size of job updated: 2860332
	2794  -  MemoryUsage of job (MB)
	2860332  -  ResidentSetSize of job (KB)
...
006 (13689770.000.000) 03/10 17:24:09 Image size of job updated: 2969232
	2900  -  MemoryUsage of job (MB)
	2969232  -  ResidentSetSize of job (KB)
...
006 (13689770.000.000) 03/10 17:29:09 Image size of job updated: 3058692
	2988  -  MemoryUsage of job (MB)
	3058692  -  ResidentSetSize of job (KB)
...
006 (13689770.000.000) 03/10 17:34:10 Image size of job updated: 3160752
	3087  -  MemoryUsage of job (MB)
	3160752  -  ResidentSetSize of job (KB)
...
006 (13689770.000.000) 03/10 17:39:11 Image size of job updated: 3265496
	3189  -  MemoryUsage of job (MB)
	3265496  -  ResidentSetSize of job (KB)
...
006 (13689770.000.000) 03/10 17:44:11 Image size of job updated: 3374720
	3296  -  MemoryUsage of job (MB)
	3374720  -  ResidentSetSize of job (KB)
...
040 (13689770.000.000) 03/10 18:11:44 Started transferring output files
...
040 (13689770.000.000) 03/10 18:11:44 Finished transferring output files
...
005 (13689770.000.000) 03/10 18:11:44 Job terminated.
	(1) Normal termination (return value 0)
		Usr 0 01:10:20, Sys 0 00:01:05  -  Run Remote Usage
		Usr 0 00:00:00, Sys 0 00:00:00  -  Run Local Usage
		Usr 0 01:10:20, Sys 0 00:01:05  -  Total Remote Usage
		Usr 0 00:00:00, Sys 0 00:00:00  -  Total Local Usage
	5244  -  Run Bytes Sent By Job
	11046  -  Run Bytes Received By Job
	5244  -  Total Bytes Sent By Job
	11046  -  Total Bytes Received By Job
	Partitionable Resources :     Usage  Request Allocated 
	   Cpus                 :      0.97        1         1 
	   Disk (KB)            : 747221          12      3708 
	   GPUs                 :                            0 
	   Memory (MB)          :   3296        3000      3000 

	Job terminated of its own accord at 2025-03-10T17:11:44Z with exit-code 0.
...
