000 (13689797.000.000) 03/10 16:02:48 Job submitted from host: <137.138.120.116:9618?addrs=137.138.120.116-9618+[2001-1458-d00-16--17b]-9618&alias=bigbird12.cern.ch&noUDP&sock=schedd_5055_e355>
...
040 (13689797.000.000) 03/10 16:44:04 Started transferring input files
	Transferring to host: <188.185.215.54:9618?addrs=188.185.215.54-9618+[2001-1458-303-1e--100-32]-9618&alias=b9p31p5250.cern.ch&noUDP&sock=slot1_17_1272343_7eb4_26248>
...
040 (13689797.000.000) 03/10 16:44:04 Finished transferring input files
...
001 (13689797.000.000) 03/10 16:44:05 Job executing on host: <188.185.215.54:9618?addrs=188.185.215.54-9618+[2001-1458-303-1e--100-32]-9618&alias=b9p31p5250.cern.ch&noUDP&sock=startd_6413_5cf1>
	SlotName: slot1_17@b9p31p5250.cern.ch
	CondorScratchDir = "/pool/condor/dir_3964498"
	Cpus = 1
	Disk = 3717
	GPUs = 0
	Memory = 3000
...
006 (13689797.000.000) 03/10 16:44:14 Image size of job updated: 1780
	2  -  MemoryUsage of job (MB)
	1780  -  ResidentSetSize of job (KB)
...
006 (13689797.000.000) 03/10 16:49:14 Image size of job updated: 830464
	811  -  MemoryUsage of job (MB)
	830464  -  ResidentSetSize of job (KB)
...
006 (13689797.000.000) 03/10 16:54:14 Image size of job updated: 947796
	926  -  MemoryUsage of job (MB)
	947796  -  ResidentSetSize of job (KB)
...
040 (13689797.000.000) 03/10 16:58:36 Started transferring output files
...
040 (13689797.000.000) 03/10 16:58:36 Finished transferring output files
...
005 (13689797.000.000) 03/10 16:58:36 Job terminated.
	(1) Normal termination (return value 0)
		Usr 0 00:10:51, Sys 0 00:00:14  -  Run Remote Usage
		Usr 0 00:00:00, Sys 0 00:00:00  -  Run Local Usage
		Usr 0 00:10:51, Sys 0 00:00:14  -  Total Remote Usage
		Usr 0 00:00:00, Sys 0 00:00:00  -  Total Local Usage
	3142  -  Run Bytes Sent By Job
	11046  -  Run Bytes Received By Job
	3142  -  Total Bytes Sent By Job
	11046  -  Total Bytes Received By Job
	Partitionable Resources :     Usage  Request Allocated 
	   Cpus                 :      0.98        1         1 
	   Disk (KB)            : 127916          12      3717 
	   GPUs                 :                            0 
	   Memory (MB)          :    926        3000      3000 

	Job terminated of its own accord at 2025-03-10T15:58:36Z with exit-code 0.
...
