000 (13689890.000.000) 03/10 16:03:44 Job submitted from host: <137.138.120.116:9618?addrs=137.138.120.116-9618+[2001-1458-d00-16--17b]-9618&alias=bigbird12.cern.ch&noUDP&sock=schedd_5055_e355>
...
040 (13689890.000.000) 03/10 16:44:35 Started transferring input files
	Transferring to host: <188.185.206.59:9618?addrs=188.185.206.59-9618+[2001-1458-303-b--100-38]-9618&alias=b9p05p8308.cern.ch&noUDP&sock=slot1_17_3762_6b52_10158>
...
040 (13689890.000.000) 03/10 16:44:35 Finished transferring input files
...
001 (13689890.000.000) 03/10 16:44:36 Job executing on host: <188.185.206.59:9618?addrs=188.185.206.59-9618+[2001-1458-303-b--100-38]-9618&alias=b9p05p8308.cern.ch&noUDP&sock=startd_3419_ba64>
	SlotName: slot1_17@b9p05p8308.cern.ch
	CondorScratchDir = "/pool/condor/dir_1947226"
	Cpus = 1
	Disk = 3665
	GPUs = 0
	Memory = 3000
...
006 (13689890.000.000) 03/10 16:44:49 Image size of job updated: 948
	1  -  MemoryUsage of job (MB)
	820  -  ResidentSetSize of job (KB)
...
006 (13689890.000.000) 03/10 16:49:49 Image size of job updated: 887896
	868  -  MemoryUsage of job (MB)
	887896  -  ResidentSetSize of job (KB)
...
006 (13689890.000.000) 03/10 16:54:50 Image size of job updated: 1040964
	1017  -  MemoryUsage of job (MB)
	1040964  -  ResidentSetSize of job (KB)
...
006 (13689890.000.000) 03/10 16:59:50 Image size of job updated: 1179944
	1153  -  MemoryUsage of job (MB)
	1179944  -  ResidentSetSize of job (KB)
...
006 (13689890.000.000) 03/10 17:04:51 Image size of job updated: 1327360
	1297  -  MemoryUsage of job (MB)
	1327360  -  ResidentSetSize of job (KB)
...
006 (13689890.000.000) 03/10 17:07:52 Image size of job updated: 1730104
	1297  -  MemoryUsage of job (MB)
	1327364  -  ResidentSetSize of job (KB)
...
040 (13689890.000.000) 03/10 17:07:52 Started transferring output files
...
040 (13689890.000.000) 03/10 17:07:52 Finished transferring output files
...
005 (13689890.000.000) 03/10 17:07:52 Job terminated.
	(1) Normal termination (return value 0)
		Usr 0 00:18:02, Sys 0 00:00:18  -  Run Remote Usage
		Usr 0 00:00:00, Sys 0 00:00:00  -  Run Local Usage
		Usr 0 00:18:02, Sys 0 00:00:18  -  Total Remote Usage
		Usr 0 00:00:00, Sys 0 00:00:00  -  Total Local Usage
	3632  -  Run Bytes Sent By Job
	11052  -  Run Bytes Received By Job
	3632  -  Total Bytes Sent By Job
	11052  -  Total Bytes Received By Job
	Partitionable Resources :     Usage  Request Allocated 
	   Cpus                 :      0.98        1         1 
	   Disk (KB)            : 269256          12      3665 
	   GPUs                 :                            0 
	   Memory (MB)          :   1297        3000      3000 

	Job terminated of its own accord at 2025-03-10T16:07:52Z with exit-code 0.
...
