000 (13689889.000.000) 03/10 16:03:44 Job submitted from host: <137.138.120.116:9618?addrs=137.138.120.116-9618+[2001-1458-d00-16--17b]-9618&alias=bigbird12.cern.ch&noUDP&sock=schedd_5055_e355>
...
040 (13689889.000.000) 03/10 16:44:36 Started transferring input files
	Transferring to host: <188.185.213.27:9618?addrs=188.185.213.27-9618+[2001-1458-303-1a--100-17]-9618&alias=b9p27p9649.cern.ch&noUDP&sock=slot1_14_5490_f398_96182>
...
040 (13689889.000.000) 03/10 16:44:36 Finished transferring input files
...
001 (13689889.000.000) 03/10 16:44:37 Job executing on host: <188.185.213.27:9618?addrs=188.185.213.27-9618+[2001-1458-303-1a--100-17]-9618&alias=b9p27p9649.cern.ch&noUDP&sock=startd_4447_d9c0>
	SlotName: slot1_14@b9p27p9649.cern.ch
	CondorScratchDir = "/pool/condor/dir_2655446"
	Cpus = 1
	Disk = 3818
	GPUs = 0
	Memory = 3000
...
006 (13689889.000.000) 03/10 16:44:46 Image size of job updated: 2724
	3  -  MemoryUsage of job (MB)
	2724  -  ResidentSetSize of job (KB)
...
006 (13689889.000.000) 03/10 16:49:45 Image size of job updated: 796852
	779  -  MemoryUsage of job (MB)
	796852  -  ResidentSetSize of job (KB)
...
040 (13689889.000.000) 03/10 16:49:45 Started transferring output files
...
040 (13689889.000.000) 03/10 16:49:46 Finished transferring output files
...
005 (13689889.000.000) 03/10 16:49:46 Job terminated.
	(1) Normal termination (return value 0)
		Usr 0 00:03:26, Sys 0 00:00:10  -  Run Remote Usage
		Usr 0 00:00:00, Sys 0 00:00:00  -  Run Local Usage
		Usr 0 00:03:26, Sys 0 00:00:10  -  Total Remote Usage
		Usr 0 00:00:00, Sys 0 00:00:00  -  Total Local Usage
	2932  -  Run Bytes Sent By Job
	11052  -  Run Bytes Received By Job
	2932  -  Total Bytes Sent By Job
	11052  -  Total Bytes Received By Job
	Partitionable Resources :    Usage  Request Allocated 
	   Cpus                 :        0        1         1 
	   Disk (KB)            :    44764       12      3818 
	   GPUs                 :                           0 
	   Memory (MB)          :      779     3000      3000 

	Job terminated of its own accord at 2025-03-10T15:49:45Z with exit-code 0.
...
