000 (13689863.000.000) 03/10 16:03:27 Job submitted from host: <137.138.120.116:9618?addrs=137.138.120.116-9618+[2001-1458-d00-16--17b]-9618&alias=bigbird12.cern.ch&noUDP&sock=schedd_5055_e355>
...
040 (13689863.000.000) 03/10 16:44:27 Started transferring input files
	Transferring to host: <188.185.206.208:9618?addrs=188.185.206.208-9618+[2001-1458-303-c--100-4d]-9618&alias=b9p06p8579.cern.ch&noUDP&sock=slot1_21_3813_5a74_111779>
...
040 (13689863.000.000) 03/10 16:44:27 Finished transferring input files
...
001 (13689863.000.000) 03/10 16:44:28 Job executing on host: <188.185.206.208:9618?addrs=188.185.206.208-9618+[2001-1458-303-c--100-4d]-9618&alias=b9p06p8579.cern.ch&noUDP&sock=startd_3347_5792>
	SlotName: slot1_21@b9p06p8579.cern.ch
	CondorScratchDir = "/pool/condor/dir_1382771"
	Cpus = 1
	Disk = 3731
	GPUs = 0
	Memory = 3000
...
006 (13689863.000.000) 03/10 16:44:37 Image size of job updated: 15848
	16  -  MemoryUsage of job (MB)
	15848  -  ResidentSetSize of job (KB)
...
006 (13689863.000.000) 03/10 16:49:37 Image size of job updated: 1200228
	1173  -  MemoryUsage of job (MB)
	1200228  -  ResidentSetSize of job (KB)
...
006 (13689863.000.000) 03/10 16:54:37 Image size of job updated: 1327692
	1297  -  MemoryUsage of job (MB)
	1327692  -  ResidentSetSize of job (KB)
...
006 (13689863.000.000) 03/10 16:59:38 Image size of job updated: 1440864
	1408  -  MemoryUsage of job (MB)
	1440864  -  ResidentSetSize of job (KB)
...
006 (13689863.000.000) 03/10 17:04:39 Image size of job updated: 1561168
	1525  -  MemoryUsage of job (MB)
	1561168  -  ResidentSetSize of job (KB)
...
006 (13689863.000.000) 03/10 17:09:39 Image size of job updated: 1684760
	1646  -  MemoryUsage of job (MB)
	1684760  -  ResidentSetSize of job (KB)
...
006 (13689863.000.000) 03/10 17:14:40 Image size of job updated: 1810408
	1768  -  MemoryUsage of job (MB)
	1810408  -  ResidentSetSize of job (KB)
...
006 (13689863.000.000) 03/10 17:19:41 Image size of job updated: 1935744
	1891  -  MemoryUsage of job (MB)
	1935744  -  ResidentSetSize of job (KB)
...
006 (13689863.000.000) 03/10 17:24:41 Image size of job updated: 2056632
	2009  -  MemoryUsage of job (MB)
	2056632  -  ResidentSetSize of job (KB)
...
006 (13689863.000.000) 03/10 17:29:41 Image size of job updated: 2170140
	2120  -  MemoryUsage of job (MB)
	2170140  -  ResidentSetSize of job (KB)
...
006 (13689863.000.000) 03/10 17:34:42 Image size of job updated: 2295496
	2242  -  MemoryUsage of job (MB)
	2295496  -  ResidentSetSize of job (KB)
...
006 (13689863.000.000) 03/10 17:39:42 Image size of job updated: 2426652
	2370  -  MemoryUsage of job (MB)
	2426652  -  ResidentSetSize of job (KB)
...
006 (13689863.000.000) 03/10 17:44:42 Image size of job updated: 2559248
	2500  -  MemoryUsage of job (MB)
	2559248  -  ResidentSetSize of job (KB)
...
006 (13689863.000.000) 03/10 17:49:43 Image size of job updated: 2679960
	2618  -  MemoryUsage of job (MB)
	2679960  -  ResidentSetSize of job (KB)
...
006 (13689863.000.000) 03/10 17:54:44 Image size of job updated: 2913748
	2846  -  MemoryUsage of job (MB)
	2913748  -  ResidentSetSize of job (KB)
...
040 (13689863.000.000) 03/10 17:58:11 Started transferring output files
...
040 (13689863.000.000) 03/10 17:58:11 Finished transferring output files
...
005 (13689863.000.000) 03/10 17:58:11 Job terminated.
	(1) Normal termination (return value 0)
		Usr 0 00:58:20, Sys 0 00:00:54  -  Run Remote Usage
		Usr 0 00:00:00, Sys 0 00:00:00  -  Run Local Usage
		Usr 0 00:58:20, Sys 0 00:00:54  -  Total Remote Usage
		Usr 0 00:00:00, Sys 0 00:00:00  -  Total Local Usage
	5248  -  Run Bytes Sent By Job
	11052  -  Run Bytes Received By Job
	5248  -  Total Bytes Sent By Job
	11052  -  Total Bytes Received By Job
	Partitionable Resources :     Usage  Request Allocated 
	   Cpus                 :      0.90        1         1 
	   Disk (KB)            : 741404          12      3731 
	   GPUs                 :                            0 
	   Memory (MB)          :   2846        3000      3000 

	Job terminated of its own accord at 2025-03-10T16:58:11Z with exit-code 0.
...
