000 (13689820.000.000) 03/10 16:03:01 Job submitted from host: <137.138.120.116:9618?addrs=137.138.120.116-9618+[2001-1458-d00-16--17b]-9618&alias=bigbird12.cern.ch&noUDP&sock=schedd_5055_e355>
...
040 (13689820.000.000) 03/10 16:44:13 Started transferring input files
	Transferring to host: <188.185.210.203:9618?addrs=188.185.210.203-9618+[2001-1458-303-15--100-47]-9618&alias=b9p22p8554.cern.ch&noUDP&sock=slot1_18_1607360_474c_45076>
...
040 (13689820.000.000) 03/10 16:44:13 Finished transferring input files
...
001 (13689820.000.000) 03/10 16:44:14 Job executing on host: <188.185.210.203:9618?addrs=188.185.210.203-9618+[2001-1458-303-15--100-47]-9618&alias=b9p22p8554.cern.ch&noUDP&sock=startd_3790_3407>
	SlotName: slot1_18@b9p22p8554.cern.ch
	CondorScratchDir = "/pool/condor/dir_1643691"
	Cpus = 1
	Disk = 3828
	GPUs = 0
	Memory = 3000
...
006 (13689820.000.000) 03/10 16:44:23 Image size of job updated: 4372
	5  -  MemoryUsage of job (MB)
	4372  -  ResidentSetSize of job (KB)
...
006 (13689820.000.000) 03/10 16:49:24 Image size of job updated: 1511088
	1476  -  MemoryUsage of job (MB)
	1511088  -  ResidentSetSize of job (KB)
...
006 (13689820.000.000) 03/10 16:49:28 Image size of job updated: 1511088
	1476  -  MemoryUsage of job (MB)
	1511344  -  ResidentSetSize of job (KB)
...
040 (13689820.000.000) 03/10 16:49:30 Started transferring output files
...
040 (13689820.000.000) 03/10 16:49:32 Finished transferring output files
...
005 (13689820.000.000) 03/10 16:49:39 Job terminated.
	(1) Normal termination (return value 0)
		Usr 0 00:03:34, Sys 0 00:00:11  -  Run Remote Usage
		Usr 0 00:00:00, Sys 0 00:00:00  -  Run Local Usage
		Usr 0 00:03:34, Sys 0 00:00:11  -  Total Remote Usage
		Usr 0 00:00:00, Sys 0 00:00:00  -  Total Local Usage
	3192  -  Run Bytes Sent By Job
	11046  -  Run Bytes Received By Job
	3192  -  Total Bytes Sent By Job
	11046  -  Total Bytes Received By Job
	Partitionable Resources :    Usage  Request Allocated 
	   Cpus                 :        0        1         1 
	   Disk (KB)            :    42470       12      3828 
	   GPUs                 :                           0 
	   Memory (MB)          :     1476     3000      3000 

	Job terminated of its own accord at 2025-03-10T15:49:28Z with exit-code 0.
...
