000 (13689911.000.000) 03/10 16:03:58 Job submitted from host: <137.138.120.116:9618?addrs=137.138.120.116-9618+[2001-1458-d00-16--17b]-9618&alias=bigbird12.cern.ch&noUDP&sock=schedd_5055_e355>
...
040 (13689911.000.000) 03/10 16:44:43 Started transferring input files
	Transferring to host: <188.185.211.42:9618?addrs=188.185.211.42-9618+[2001-1458-303-16--100-26]-9618&alias=b9p23p7005.cern.ch&noUDP&sock=slot1_32_7460_fea8_103724>
...
040 (13689911.000.000) 03/10 16:44:43 Finished transferring input files
...
001 (13689911.000.000) 03/10 16:44:44 Job executing on host: <188.185.211.42:9618?addrs=188.185.211.42-9618+[2001-1458-303-16--100-26]-9618&alias=b9p23p7005.cern.ch&noUDP&sock=startd_6252_ee32>
	SlotName: slot1_32@b9p23p7005.cern.ch
	CondorScratchDir = "/pool/condor/dir_1433362"
	Cpus = 1
	Disk = 3783
	GPUs = 0
	Memory = 3000
...
006 (13689911.000.000) 03/10 16:44:53 Image size of job updated: 14832
	15  -  MemoryUsage of job (MB)
	14832  -  ResidentSetSize of job (KB)
...
006 (13689911.000.000) 03/10 16:47:22 Image size of job updated: 320364
	313  -  MemoryUsage of job (MB)
	320364  -  ResidentSetSize of job (KB)
...
040 (13689911.000.000) 03/10 16:47:22 Started transferring output files
...
040 (13689911.000.000) 03/10 16:47:22 Finished transferring output files
...
005 (13689911.000.000) 03/10 16:47:22 Job terminated.
	(1) Normal termination (return value 0)
		Usr 0 00:01:10, Sys 0 00:00:09  -  Run Remote Usage
		Usr 0 00:00:00, Sys 0 00:00:00  -  Run Local Usage
		Usr 0 00:01:10, Sys 0 00:00:09  -  Total Remote Usage
		Usr 0 00:00:00, Sys 0 00:00:00  -  Total Local Usage
	2820  -  Run Bytes Sent By Job
	11052  -  Run Bytes Received By Job
	2820  -  Total Bytes Sent By Job
	11052  -  Total Bytes Received By Job
	Partitionable Resources :    Usage  Request Allocated 
	   Cpus                 :        0        1         1 
	   Disk (KB)            :    17985       12      3783 
	   GPUs                 :                           0 
	   Memory (MB)          :      313     3000      3000 

	Job terminated of its own accord at 2025-03-10T15:47:22Z with exit-code 0.
...
