000 (13689800.000.000) 03/10 16:02:49 Job submitted from host: <137.138.120.116:9618?addrs=137.138.120.116-9618+[2001-1458-d00-16--17b]-9618&alias=bigbird12.cern.ch&noUDP&sock=schedd_5055_e355>
...
040 (13689800.000.000) 03/10 16:44:06 Started transferring input files
	Transferring to host: <128.142.33.213:9618?addrs=128.142.33.213-9618+[2001-1458-301-39--100-12]-9618&alias=b9g24p3253.cern.ch&noUDP&sock=slot1_44_1698621_e8ab_45659>
...
040 (13689800.000.000) 03/10 16:44:06 Finished transferring input files
...
001 (13689800.000.000) 03/10 16:44:07 Job executing on host: <128.142.33.213:9618?addrs=128.142.33.213-9618+[2001-1458-301-39--100-12]-9618&alias=b9g24p3253.cern.ch&noUDP&sock=startd_3780_5814>
	SlotName: slot1_44@b9g24p3253.cern.ch
	CondorScratchDir = "/pool/condor/dir_1214702"
	Cpus = 1
	Disk = 3797
	GPUs = 0
	Memory = 3000
...
006 (13689800.000.000) 03/10 16:44:16 Image size of job updated: 138252
	136  -  MemoryUsage of job (MB)
	138252  -  ResidentSetSize of job (KB)
...
006 (13689800.000.000) 03/10 16:49:17 Image size of job updated: 1148416
	1122  -  MemoryUsage of job (MB)
	1148416  -  ResidentSetSize of job (KB)
...
006 (13689800.000.000) 03/10 16:54:18 Image size of job updated: 1271468
	1242  -  MemoryUsage of job (MB)
	1271468  -  ResidentSetSize of job (KB)
...
006 (13689800.000.000) 03/10 16:59:18 Image size of job updated: 1391580
	1359  -  MemoryUsage of job (MB)
	1391580  -  ResidentSetSize of job (KB)
...
006 (13689800.000.000) 03/10 17:04:18 Image size of job updated: 1517216
	1482  -  MemoryUsage of job (MB)
	1517216  -  ResidentSetSize of job (KB)
...
006 (13689800.000.000) 03/10 17:09:19 Image size of job updated: 1638716
	1601  -  MemoryUsage of job (MB)
	1638716  -  ResidentSetSize of job (KB)
...
006 (13689800.000.000) 03/10 17:14:19 Image size of job updated: 1763892
	1723  -  MemoryUsage of job (MB)
	1763892  -  ResidentSetSize of job (KB)
...
006 (13689800.000.000) 03/10 17:19:19 Image size of job updated: 1879720
	1836  -  MemoryUsage of job (MB)
	1879720  -  ResidentSetSize of job (KB)
...
006 (13689800.000.000) 03/10 17:24:20 Image size of job updated: 2000192
	1954  -  MemoryUsage of job (MB)
	2000192  -  ResidentSetSize of job (KB)
...
006 (13689800.000.000) 03/10 17:29:21 Image size of job updated: 2119056
	2070  -  MemoryUsage of job (MB)
	2119056  -  ResidentSetSize of job (KB)
...
006 (13689800.000.000) 03/10 17:34:21 Image size of job updated: 2333324
	2279  -  MemoryUsage of job (MB)
	2333324  -  ResidentSetSize of job (KB)
...
040 (13689800.000.000) 03/10 17:35:04 Started transferring output files
...
040 (13689800.000.000) 03/10 17:35:04 Finished transferring output files
...
005 (13689800.000.000) 03/10 17:35:04 Job terminated.
	(1) Normal termination (return value 0)
		Usr 0 00:41:02, Sys 0 00:00:34  -  Run Remote Usage
		Usr 0 00:00:00, Sys 0 00:00:00  -  Run Local Usage
		Usr 0 00:41:02, Sys 0 00:00:34  -  Total Remote Usage
		Usr 0 00:00:00, Sys 0 00:00:00  -  Total Local Usage
	4436  -  Run Bytes Sent By Job
	11046  -  Run Bytes Received By Job
	4436  -  Total Bytes Sent By Job
	11046  -  Total Bytes Received By Job
	Partitionable Resources :     Usage  Request Allocated 
	   Cpus                 :      0.99        1         1 
	   Disk (KB)            : 507382          12      3797 
	   GPUs                 :                            0 
	   Memory (MB)          :   2279        3000      3000 

	Job terminated of its own accord at 2025-03-10T16:35:04Z with exit-code 0.
...
