000 (13689798.000.000) 03/10 16:02:48 Job submitted from host: <137.138.120.116:9618?addrs=137.138.120.116-9618+[2001-1458-d00-16--17b]-9618&alias=bigbird12.cern.ch&noUDP&sock=schedd_5055_e355>
...
040 (13689798.000.000) 03/10 16:44:06 Started transferring input files
	Transferring to host: <188.185.211.85:9618?addrs=188.185.211.85-9618+[2001-1458-303-16--100-51]-9618&alias=b9p23p5915.cern.ch&noUDP&sock=slot1_34_1486693_7601_19061>
...
040 (13689798.000.000) 03/10 16:44:06 Finished transferring input files
...
001 (13689798.000.000) 03/10 16:44:07 Job executing on host: <188.185.211.85:9618?addrs=188.185.211.85-9618+[2001-1458-303-16--100-51]-9618&alias=b9p23p5915.cern.ch&noUDP&sock=startd_6465_07de>
	SlotName: slot1_34@b9p23p5915.cern.ch
	CondorScratchDir = "/pool/condor/dir_2233237"
	Cpus = 1
	Disk = 3884
	GPUs = 0
	Memory = 3000
...
006 (13689798.000.000) 03/10 16:44:16 Image size of job updated: 3264
	4  -  MemoryUsage of job (MB)
	3264  -  ResidentSetSize of job (KB)
...
006 (13689798.000.000) 03/10 16:49:17 Image size of job updated: 1154532
	1128  -  MemoryUsage of job (MB)
	1154532  -  ResidentSetSize of job (KB)
...
006 (13689798.000.000) 03/10 16:54:18 Image size of job updated: 1281372
	1252  -  MemoryUsage of job (MB)
	1281372  -  ResidentSetSize of job (KB)
...
040 (13689798.000.000) 03/10 16:57:25 Started transferring output files
...
040 (13689798.000.000) 03/10 16:57:25 Finished transferring output files
...
005 (13689798.000.000) 03/10 16:57:26 Job terminated.
	(1) Normal termination (return value 0)
		Usr 0 00:09:51, Sys 0 00:00:15  -  Run Remote Usage
		Usr 0 00:00:00, Sys 0 00:00:00  -  Run Local Usage
		Usr 0 00:09:51, Sys 0 00:00:15  -  Total Remote Usage
		Usr 0 00:00:00, Sys 0 00:00:00  -  Total Local Usage
	3142  -  Run Bytes Sent By Job
	11046  -  Run Bytes Received By Job
	3142  -  Total Bytes Sent By Job
	11046  -  Total Bytes Received By Job
	Partitionable Resources :    Usage  Request Allocated 
	   Cpus                 :     0.52        1         1 
	   Disk (KB)            : 99210          12      3884 
	   GPUs                 :                           0 
	   Memory (MB)          :  1252        3000      3000 

	Job terminated of its own accord at 2025-03-10T15:57:25Z with exit-code 0.
...
