000 (13689814.000.000) 03/10 16:02:57 Job submitted from host: <137.138.120.116:9618?addrs=137.138.120.116-9618+[2001-1458-d00-16--17b]-9618&alias=bigbird12.cern.ch&noUDP&sock=schedd_5055_e355>
...
040 (13689814.000.000) 03/10 16:44:11 Started transferring input files
	Transferring to host: <188.185.214.30:9618?addrs=188.185.214.30-9618+[2001-1458-303-1c--100-1a]-9618&alias=b9p29p7541.cern.ch&noUDP&sock=slot1_20_9958_0fce_97547>
...
040 (13689814.000.000) 03/10 16:44:11 Finished transferring input files
...
001 (13689814.000.000) 03/10 16:44:12 Job executing on host: <188.185.214.30:9618?addrs=188.185.214.30-9618+[2001-1458-303-1c--100-1a]-9618&alias=b9p29p7541.cern.ch&noUDP&sock=startd_8704_cc6b>
	SlotName: slot1_20@b9p29p7541.cern.ch
	CondorScratchDir = "/pool/condor/dir_4042659"
	Cpus = 1
	Disk = 3854
	GPUs = 0
	Memory = 3000
...
006 (13689814.000.000) 03/10 16:44:21 Image size of job updated: 31528
	31  -  MemoryUsage of job (MB)
	31528  -  ResidentSetSize of job (KB)
...
006 (13689814.000.000) 03/10 16:49:22 Image size of job updated: 1191396
	1164  -  MemoryUsage of job (MB)
	1191396  -  ResidentSetSize of job (KB)
...
006 (13689814.000.000) 03/10 16:54:22 Image size of job updated: 1317820
	1287  -  MemoryUsage of job (MB)
	1317820  -  ResidentSetSize of job (KB)
...
006 (13689814.000.000) 03/10 16:59:23 Image size of job updated: 1457828
	1424  -  MemoryUsage of job (MB)
	1457828  -  ResidentSetSize of job (KB)
...
006 (13689814.000.000) 03/10 17:03:54 Image size of job updated: 1457828
	1424  -  MemoryUsage of job (MB)
	1458084  -  ResidentSetSize of job (KB)
...
040 (13689814.000.000) 03/10 17:03:55 Started transferring output files
...
040 (13689814.000.000) 03/10 17:03:55 Finished transferring output files
...
005 (13689814.000.000) 03/10 17:03:55 Job terminated.
	(1) Normal termination (return value 0)
		Usr 0 00:14:38, Sys 0 00:00:16  -  Run Remote Usage
		Usr 0 00:00:00, Sys 0 00:00:00  -  Run Local Usage
		Usr 0 00:14:38, Sys 0 00:00:16  -  Total Remote Usage
		Usr 0 00:00:00, Sys 0 00:00:00  -  Total Local Usage
	3467  -  Run Bytes Sent By Job
	11046  -  Run Bytes Received By Job
	3467  -  Total Bytes Sent By Job
	11046  -  Total Bytes Received By Job
	Partitionable Resources :     Usage  Request Allocated 
	   Cpus                 :      0.98        1         1 
	   Disk (KB)            : 207192          12      3854 
	   GPUs                 :                            0 
	   Memory (MB)          :   1424        3000      3000 

	Job terminated of its own accord at 2025-03-10T16:03:54Z with exit-code 0.
...
