000 (13689801.000.000) 03/10 16:02:50 Job submitted from host: <137.138.120.116:9618?addrs=137.138.120.116-9618+[2001-1458-d00-16--17b]-9618&alias=bigbird12.cern.ch&noUDP&sock=schedd_5055_e355>
...
040 (13689801.000.000) 03/10 16:44:07 Started transferring input files
	Transferring to host: <188.185.210.12:9618?addrs=188.185.210.12-9618+[2001-1458-303-1--100-8]-9618&alias=b9p21p9278.cern.ch&noUDP&sock=slot1_17_8223_98e7_104151>
...
040 (13689801.000.000) 03/10 16:44:07 Finished transferring input files
...
001 (13689801.000.000) 03/10 16:44:08 Job executing on host: <188.185.210.12:9618?addrs=188.185.210.12-9618+[2001-1458-303-1--100-8]-9618&alias=b9p21p9278.cern.ch&noUDP&sock=startd_7014_995d>
	SlotName: slot1_17@b9p21p9278.cern.ch
	CondorScratchDir = "/pool/condor/dir_2673981"
	Cpus = 1
	Disk = 3803
	GPUs = 0
	Memory = 3000
...
006 (13689801.000.000) 03/10 16:44:16 Image size of job updated: 1440
	2  -  MemoryUsage of job (MB)
	1440  -  ResidentSetSize of job (KB)
...
006 (13689801.000.000) 03/10 16:49:16 Image size of job updated: 1072056
	1047  -  MemoryUsage of job (MB)
	1072056  -  ResidentSetSize of job (KB)
...
006 (13689801.000.000) 03/10 16:54:17 Image size of job updated: 1206592
	1179  -  MemoryUsage of job (MB)
	1206592  -  ResidentSetSize of job (KB)
...
006 (13689801.000.000) 03/10 16:59:17 Image size of job updated: 1314988
	1285  -  MemoryUsage of job (MB)
	1314988  -  ResidentSetSize of job (KB)
...
006 (13689801.000.000) 03/10 17:04:17 Image size of job updated: 1422216
	1389  -  MemoryUsage of job (MB)
	1422216  -  ResidentSetSize of job (KB)
...
006 (13689801.000.000) 03/10 17:09:18 Image size of job updated: 1527520
	1492  -  MemoryUsage of job (MB)
	1527520  -  ResidentSetSize of job (KB)
...
006 (13689801.000.000) 03/10 17:14:18 Image size of job updated: 1633784
	1596  -  MemoryUsage of job (MB)
	1633784  -  ResidentSetSize of job (KB)
...
006 (13689801.000.000) 03/10 17:19:18 Image size of job updated: 1739608
	1699  -  MemoryUsage of job (MB)
	1739608  -  ResidentSetSize of job (KB)
...
006 (13689801.000.000) 03/10 17:24:19 Image size of job updated: 1850668
	1808  -  MemoryUsage of job (MB)
	1850668  -  ResidentSetSize of job (KB)
...
040 (13689801.000.000) 03/10 17:27:11 Started transferring output files
...
040 (13689801.000.000) 03/10 17:27:11 Finished transferring output files
...
005 (13689801.000.000) 03/10 17:27:11 Job terminated.
	(1) Normal termination (return value 0)
		Usr 0 00:32:08, Sys 0 00:00:26  -  Run Remote Usage
		Usr 0 00:00:00, Sys 0 00:00:00  -  Run Local Usage
		Usr 0 00:32:08, Sys 0 00:00:26  -  Total Remote Usage
		Usr 0 00:00:00, Sys 0 00:00:00  -  Total Local Usage
	3948  -  Run Bytes Sent By Job
	11046  -  Run Bytes Received By Job
	3948  -  Total Bytes Sent By Job
	11046  -  Total Bytes Received By Job
	Partitionable Resources :     Usage  Request Allocated 
	   Cpus                 :      0.95        1         1 
	   Disk (KB)            : 359805          12      3803 
	   GPUs                 :                            0 
	   Memory (MB)          :   1808        3000      3000 

	Job terminated of its own accord at 2025-03-10T16:27:11Z with exit-code 0.
...
