000 (13689784.000.000) 03/10 16:02:41 Job submitted from host: <137.138.120.116:9618?addrs=137.138.120.116-9618+[2001-1458-d00-16--17b]-9618&alias=bigbird12.cern.ch&noUDP&sock=schedd_5055_e355>
...
040 (13689784.000.000) 03/10 16:44:01 Started transferring input files
	Transferring to host: <188.185.212.8:9618?addrs=188.185.212.8-9618+[2001-1458-303-18--100-4]-9618&alias=b9p25p0259.cern.ch&noUDP&sock=slot1_46_3751_ab32_104163>
...
040 (13689784.000.000) 03/10 16:44:01 Finished transferring input files
...
001 (13689784.000.000) 03/10 16:44:02 Job executing on host: <188.185.212.8:9618?addrs=188.185.212.8-9618+[2001-1458-303-18--100-4]-9618&alias=b9p25p0259.cern.ch&noUDP&sock=startd_3032_473d>
	SlotName: slot1_46@b9p25p0259.cern.ch
	CondorScratchDir = "/pool/condor/dir_1084660"
	Cpus = 1
	Disk = 3827
	GPUs = 0
	Memory = 3000
...
006 (13689784.000.000) 03/10 16:44:11 Image size of job updated: 5496
	6  -  MemoryUsage of job (MB)
	5496  -  ResidentSetSize of job (KB)
...
006 (13689784.000.000) 03/10 16:49:12 Image size of job updated: 1216376
	1188  -  MemoryUsage of job (MB)
	1216376  -  ResidentSetSize of job (KB)
...
006 (13689784.000.000) 03/10 16:54:12 Image size of job updated: 1340328
	1309  -  MemoryUsage of job (MB)
	1340328  -  ResidentSetSize of job (KB)
...
006 (13689784.000.000) 03/10 16:59:12 Image size of job updated: 1459104
	1425  -  MemoryUsage of job (MB)
	1459104  -  ResidentSetSize of job (KB)
...
006 (13689784.000.000) 03/10 17:04:13 Image size of job updated: 1581520
	1545  -  MemoryUsage of job (MB)
	1581520  -  ResidentSetSize of job (KB)
...
006 (13689784.000.000) 03/10 17:09:14 Image size of job updated: 1706688
	1667  -  MemoryUsage of job (MB)
	1706688  -  ResidentSetSize of job (KB)
...
040 (13689784.000.000) 03/10 17:11:17 Started transferring output files
...
040 (13689784.000.000) 03/10 17:11:17 Finished transferring output files
...
005 (13689784.000.000) 03/10 17:11:17 Job terminated.
	(1) Normal termination (return value 0)
		Usr 0 00:22:11, Sys 0 00:00:22  -  Run Remote Usage
		Usr 0 00:00:00, Sys 0 00:00:00  -  Run Local Usage
		Usr 0 00:22:11, Sys 0 00:00:22  -  Total Remote Usage
		Usr 0 00:00:00, Sys 0 00:00:00  -  Total Local Usage
	3626  -  Run Bytes Sent By Job
	11046  -  Run Bytes Received By Job
	3626  -  Total Bytes Sent By Job
	11046  -  Total Bytes Received By Job
	Partitionable Resources :     Usage  Request Allocated 
	   Cpus                 :      0.98        1         1 
	   Disk (KB)            : 265803          12      3827 
	   GPUs                 :                            0 
	   Memory (MB)          :   1667        3000      3000 

	Job terminated of its own accord at 2025-03-10T16:11:17Z with exit-code 0.
...
