000 (13689879.000.000) 03/10 16:03:37 Job submitted from host: <137.138.120.116:9618?addrs=137.138.120.116-9618+[2001-1458-d00-16--17b]-9618&alias=bigbird12.cern.ch&noUDP&sock=schedd_5055_e355>
...
040 (13689879.000.000) 03/10 16:44:32 Started transferring input files
	Transferring to host: <188.185.211.155:9618?addrs=188.185.211.155-9618+[2001-1458-303-17--100-17]-9618&alias=b9p24p6645.cern.ch&noUDP&sock=slot1_32_4651_ccd6_102264>
...
040 (13689879.000.000) 03/10 16:44:32 Finished transferring input files
...
001 (13689879.000.000) 03/10 16:44:33 Job executing on host: <188.185.211.155:9618?addrs=188.185.211.155-9618+[2001-1458-303-17--100-17]-9618&alias=b9p24p6645.cern.ch&noUDP&sock=startd_3826_e570>
	SlotName: slot1_32@b9p24p6645.cern.ch
	CondorScratchDir = "/pool/condor/dir_3431657"
	Cpus = 1
	Disk = 3801
	GPUs = 0
	Memory = 3000
...
006 (13689879.000.000) 03/10 16:44:41 Image size of job updated: 87760
	86  -  MemoryUsage of job (MB)
	87760  -  ResidentSetSize of job (KB)
...
006 (13689879.000.000) 03/10 16:49:41 Image size of job updated: 881424
	861  -  MemoryUsage of job (MB)
	881424  -  ResidentSetSize of job (KB)
...
006 (13689879.000.000) 03/10 16:54:42 Image size of job updated: 1016932
	994  -  MemoryUsage of job (MB)
	1016932  -  ResidentSetSize of job (KB)
...
006 (13689879.000.000) 03/10 16:59:43 Image size of job updated: 1149640
	1123  -  MemoryUsage of job (MB)
	1149640  -  ResidentSetSize of job (KB)
...
006 (13689879.000.000) 03/10 17:04:43 Image size of job updated: 1274608
	1245  -  MemoryUsage of job (MB)
	1274608  -  ResidentSetSize of job (KB)
...
006 (13689879.000.000) 03/10 17:09:44 Image size of job updated: 1408164
	1376  -  MemoryUsage of job (MB)
	1408164  -  ResidentSetSize of job (KB)
...
006 (13689879.000.000) 03/10 17:14:45 Image size of job updated: 1532020
	1497  -  MemoryUsage of job (MB)
	1532020  -  ResidentSetSize of job (KB)
...
006 (13689879.000.000) 03/10 17:19:45 Image size of job updated: 1653148
	1615  -  MemoryUsage of job (MB)
	1653148  -  ResidentSetSize of job (KB)
...
006 (13689879.000.000) 03/10 17:24:45 Image size of job updated: 1769192
	1728  -  MemoryUsage of job (MB)
	1769192  -  ResidentSetSize of job (KB)
...
006 (13689879.000.000) 03/10 17:29:46 Image size of job updated: 1888604
	1845  -  MemoryUsage of job (MB)
	1888604  -  ResidentSetSize of job (KB)
...
006 (13689879.000.000) 03/10 17:34:47 Image size of job updated: 2020420
	1974  -  MemoryUsage of job (MB)
	2020420  -  ResidentSetSize of job (KB)
...
040 (13689879.000.000) 03/10 17:39:18 Started transferring output files
...
040 (13689879.000.000) 03/10 17:39:18 Finished transferring output files
...
005 (13689879.000.000) 03/10 17:39:19 Job terminated.
	(1) Normal termination (return value 0)
		Usr 0 00:45:12, Sys 0 00:00:39  -  Run Remote Usage
		Usr 0 00:00:00, Sys 0 00:00:00  -  Run Local Usage
		Usr 0 00:45:12, Sys 0 00:00:39  -  Total Remote Usage
		Usr 0 00:00:00, Sys 0 00:00:00  -  Total Local Usage
	4603  -  Run Bytes Sent By Job
	11052  -  Run Bytes Received By Job
	4603  -  Total Bytes Sent By Job
	11052  -  Total Bytes Received By Job
	Partitionable Resources :     Usage  Request Allocated 
	   Cpus                 :      0.83        1         1 
	   Disk (KB)            : 562308          12      3801 
	   GPUs                 :                            0 
	   Memory (MB)          :   1974        3000      3000 

	Job terminated of its own accord at 2025-03-10T16:39:17Z with exit-code 0.
...
