000 (13689854.000.000) 03/10 16:03:22 Job submitted from host: <137.138.120.116:9618?addrs=137.138.120.116-9618+[2001-1458-d00-16--17b]-9618&alias=bigbird12.cern.ch&noUDP&sock=schedd_5055_e355>
...
040 (13689854.000.000) 03/10 16:44:23 Started transferring input files
	Transferring to host: <188.185.213.169:9618?addrs=188.185.213.169-9618+[2001-1458-303-1b--100-25]-9618&alias=b9p28p9779.cern.ch&noUDP&sock=slot1_14_4806_02fd_95729>
...
040 (13689854.000.000) 03/10 16:44:23 Finished transferring input files
...
001 (13689854.000.000) 03/10 16:44:24 Job executing on host: <188.185.213.169:9618?addrs=188.185.213.169-9618+[2001-1458-303-1b--100-25]-9618&alias=b9p28p9779.cern.ch&noUDP&sock=startd_3943_2604>
	SlotName: slot1_14@b9p28p9779.cern.ch
	CondorScratchDir = "/pool/condor/dir_1016544"
	Cpus = 1
	Disk = 3866
	GPUs = 0
	Memory = 3000
...
006 (13689854.000.000) 03/10 16:44:33 Image size of job updated: 3476
	4  -  MemoryUsage of job (MB)
	3476  -  ResidentSetSize of job (KB)
...
006 (13689854.000.000) 03/10 16:49:34 Image size of job updated: 746052
	729  -  MemoryUsage of job (MB)
	746052  -  ResidentSetSize of job (KB)
...
006 (13689854.000.000) 03/10 16:54:34 Image size of job updated: 892140
	872  -  MemoryUsage of job (MB)
	892140  -  ResidentSetSize of job (KB)
...
006 (13689854.000.000) 03/10 16:59:34 Image size of job updated: 987492
	965  -  MemoryUsage of job (MB)
	987492  -  ResidentSetSize of job (KB)
...
040 (13689854.000.000) 03/10 17:04:12 Started transferring output files
...
040 (13689854.000.000) 03/10 17:04:12 Finished transferring output files
...
005 (13689854.000.000) 03/10 17:04:12 Job terminated.
	(1) Normal termination (return value 0)
		Usr 0 00:12:37, Sys 0 00:00:13  -  Run Remote Usage
		Usr 0 00:00:00, Sys 0 00:00:00  -  Run Local Usage
		Usr 0 00:12:37, Sys 0 00:00:13  -  Total Remote Usage
		Usr 0 00:00:00, Sys 0 00:00:00  -  Total Local Usage
	3150  -  Run Bytes Sent By Job
	11052  -  Run Bytes Received By Job
	3150  -  Total Bytes Sent By Job
	11052  -  Total Bytes Received By Job
	Partitionable Resources :     Usage  Request Allocated 
	   Cpus                 :      0.90        1         1 
	   Disk (KB)            : 129253          12      3866 
	   GPUs                 :                            0 
	   Memory (MB)          :    965        3000      3000 

	Job terminated of its own accord at 2025-03-10T16:04:12Z with exit-code 0.
...
