000 (13689967.000.000) 03/10 16:04:32 Job submitted from host: <137.138.120.116:9618?addrs=137.138.120.116-9618+[2001-1458-d00-16--17b]-9618&alias=bigbird12.cern.ch&noUDP&sock=schedd_5055_e355>
...
040 (13689967.000.000) 03/10 16:45:02 Started transferring input files
	Transferring to host: <128.142.192.209:9618?addrs=128.142.192.209-9618+[2001-1458-301-56--100-4d]-9618&alias=b9g18p8259.cern.ch&noUDP&sock=slot1_5_7770_6af5_26347>
...
040 (13689967.000.000) 03/10 16:45:02 Finished transferring input files
...
001 (13689967.000.000) 03/10 16:45:03 Job executing on host: <128.142.192.209:9618?addrs=128.142.192.209-9618+[2001-1458-301-56--100-4d]-9618&alias=b9g18p8259.cern.ch&noUDP&sock=startd_7124_0cc8>
	SlotName: slot1_5@b9g18p8259.cern.ch
	CondorScratchDir = "/pool/condor/dir_1404627"
	Cpus = 1
	Disk = 3755
	GPUs = 0
	Memory = 3000
...
006 (13689967.000.000) 03/10 16:45:17 Image size of job updated: 828
	1  -  MemoryUsage of job (MB)
	828  -  ResidentSetSize of job (KB)
...
006 (13689967.000.000) 03/10 16:50:18 Image size of job updated: 827652
	809  -  MemoryUsage of job (MB)
	827652  -  ResidentSetSize of job (KB)
...
006 (13689967.000.000) 03/10 16:55:19 Image size of job updated: 921996
	901  -  MemoryUsage of job (MB)
	921996  -  ResidentSetSize of job (KB)
...
006 (13689967.000.000) 03/10 17:00:19 Image size of job updated: 1019144
	996  -  MemoryUsage of job (MB)
	1019144  -  ResidentSetSize of job (KB)
...
006 (13689967.000.000) 03/10 17:05:20 Image size of job updated: 1114452
	1089  -  MemoryUsage of job (MB)
	1114452  -  ResidentSetSize of job (KB)
...
006 (13689967.000.000) 03/10 17:09:25 Image size of job updated: 1469548
	1089  -  MemoryUsage of job (MB)
	1114456  -  ResidentSetSize of job (KB)
...
040 (13689967.000.000) 03/10 17:09:25 Started transferring output files
...
040 (13689967.000.000) 03/10 17:09:25 Finished transferring output files
...
005 (13689967.000.000) 03/10 17:09:25 Job terminated.
	(1) Normal termination (return value 0)
		Usr 0 00:20:13, Sys 0 00:00:14  -  Run Remote Usage
		Usr 0 00:00:00, Sys 0 00:00:00  -  Run Local Usage
		Usr 0 00:20:13, Sys 0 00:00:14  -  Total Remote Usage
		Usr 0 00:00:00, Sys 0 00:00:00  -  Total Local Usage
	3312  -  Run Bytes Sent By Job
	11052  -  Run Bytes Received By Job
	3312  -  Total Bytes Sent By Job
	11052  -  Total Bytes Received By Job
	Partitionable Resources :     Usage  Request Allocated 
	   Cpus                 :      0.55        1         1 
	   Disk (KB)            : 179655          12      3755 
	   GPUs                 :                            0 
	   Memory (MB)          :   1089        3000      3000 

	Job terminated of its own accord at 2025-03-10T16:09:25Z with exit-code 0.
...
