000 (13689952.000.000) 03/10 16:04:24 Job submitted from host: <137.138.120.116:9618?addrs=137.138.120.116-9618+[2001-1458-d00-16--17b]-9618&alias=bigbird12.cern.ch&noUDP&sock=schedd_5055_e355>
...
040 (13689952.000.000) 03/10 16:44:57 Started transferring input files
	Transferring to host: <188.185.211.81:9618?addrs=188.185.211.81-9618+[2001-1458-303-16--100-4d]-9618&alias=b9p23p2815.cern.ch&noUDP&sock=slot1_25_6274_59b8_32525>
...
040 (13689952.000.000) 03/10 16:44:57 Finished transferring input files
...
001 (13689952.000.000) 03/10 16:44:58 Job executing on host: <188.185.211.81:9618?addrs=188.185.211.81-9618+[2001-1458-303-16--100-4d]-9618&alias=b9p23p2815.cern.ch&noUDP&sock=startd_5264_3ea0>
	SlotName: slot1_25@b9p23p2815.cern.ch
	CondorScratchDir = "/pool/condor/dir_966211"
	Cpus = 1
	Disk = 3737
	GPUs = 0
	Memory = 3000
...
006 (13689952.000.000) 03/10 16:45:12 Image size of job updated: 876
	1  -  MemoryUsage of job (MB)
	876  -  ResidentSetSize of job (KB)
...
006 (13689952.000.000) 03/10 16:50:13 Image size of job updated: 796972
	779  -  MemoryUsage of job (MB)
	796972  -  ResidentSetSize of job (KB)
...
006 (13689952.000.000) 03/10 16:55:13 Image size of job updated: 926640
	905  -  MemoryUsage of job (MB)
	926640  -  ResidentSetSize of job (KB)
...
006 (13689952.000.000) 03/10 17:00:14 Image size of job updated: 1031932
	1008  -  MemoryUsage of job (MB)
	1031932  -  ResidentSetSize of job (KB)
...
006 (13689952.000.000) 03/10 17:05:14 Image size of job updated: 1131548
	1106  -  MemoryUsage of job (MB)
	1131548  -  ResidentSetSize of job (KB)
...
006 (13689952.000.000) 03/10 17:10:15 Image size of job updated: 1235404
	1207  -  MemoryUsage of job (MB)
	1235404  -  ResidentSetSize of job (KB)
...
006 (13689952.000.000) 03/10 17:15:16 Image size of job updated: 1339368
	1308  -  MemoryUsage of job (MB)
	1339368  -  ResidentSetSize of job (KB)
...
006 (13689952.000.000) 03/10 17:20:16 Image size of job updated: 1440720
	1407  -  MemoryUsage of job (MB)
	1440720  -  ResidentSetSize of job (KB)
...
006 (13689952.000.000) 03/10 17:25:17 Image size of job updated: 1548324
	1513  -  MemoryUsage of job (MB)
	1548324  -  ResidentSetSize of job (KB)
...
006 (13689952.000.000) 03/10 17:30:17 Image size of job updated: 1652940
	1615  -  MemoryUsage of job (MB)
	1652940  -  ResidentSetSize of job (KB)
...
006 (13689952.000.000) 03/10 17:35:17 Image size of job updated: 1755004
	1714  -  MemoryUsage of job (MB)
	1755004  -  ResidentSetSize of job (KB)
...
006 (13689952.000.000) 03/10 17:40:18 Image size of job updated: 1857916
	1815  -  MemoryUsage of job (MB)
	1857916  -  ResidentSetSize of job (KB)
...
006 (13689952.000.000) 03/10 17:45:18 Image size of job updated: 1959020
	1914  -  MemoryUsage of job (MB)
	1959020  -  ResidentSetSize of job (KB)
...
006 (13689952.000.000) 03/10 17:50:19 Image size of job updated: 2331460
	2277  -  MemoryUsage of job (MB)
	2331460  -  ResidentSetSize of job (KB)
...
006 (13689952.000.000) 03/10 17:51:04 Image size of job updated: 2336500
	2277  -  MemoryUsage of job (MB)
	2331460  -  ResidentSetSize of job (KB)
...
040 (13689952.000.000) 03/10 17:51:04 Started transferring output files
...
040 (13689952.000.000) 03/10 17:51:04 Finished transferring output files
...
005 (13689952.000.000) 03/10 17:51:04 Job terminated.
	(1) Normal termination (return value 0)
		Usr 0 00:53:42, Sys 0 00:00:45  -  Run Remote Usage
		Usr 0 00:00:00, Sys 0 00:00:00  -  Run Local Usage
		Usr 0 00:53:42, Sys 0 00:00:45  -  Total Remote Usage
		Usr 0 00:00:00, Sys 0 00:00:00  -  Total Local Usage
	4605  -  Run Bytes Sent By Job
	11052  -  Run Bytes Received By Job
	4605  -  Total Bytes Sent By Job
	11052  -  Total Bytes Received By Job
	Partitionable Resources :     Usage  Request Allocated 
	   Cpus                 :      0.65        1         1 
	   Disk (KB)            : 547010          12      3737 
	   GPUs                 :                            0 
	   Memory (MB)          :   2277        3000      3000 

	Job terminated of its own accord at 2025-03-10T16:51:04Z with exit-code 0.
...
