000 (13689932.000.000) 03/10 16:04:09 Job submitted from host: <137.138.120.116:9618?addrs=137.138.120.116-9618+[2001-1458-d00-16--17b]-9618&alias=bigbird12.cern.ch&noUDP&sock=schedd_5055_e355>
...
040 (13689932.000.000) 03/10 16:44:50 Started transferring input files
	Transferring to host: <188.185.209.51:9618?addrs=188.185.209.51-9618+[2001-1458-303-11--100-30]-9618&alias=b9p11p0504.cern.ch&noUDP&sock=slot1_14_3642_de4d_109481>
...
040 (13689932.000.000) 03/10 16:44:50 Finished transferring input files
...
001 (13689932.000.000) 03/10 16:44:52 Job executing on host: <188.185.209.51:9618?addrs=188.185.209.51-9618+[2001-1458-303-11--100-30]-9618&alias=b9p11p0504.cern.ch&noUDP&sock=startd_3564_2fa0>
	SlotName: slot1_14@b9p11p0504.cern.ch
	CondorScratchDir = "/pool/condor/dir_2071068"
	Cpus = 1
	Disk = 3586
	GPUs = 0
	Memory = 3000
...
006 (13689932.000.000) 03/10 16:45:00 Image size of job updated: 30612
	30  -  MemoryUsage of job (MB)
	30612  -  ResidentSetSize of job (KB)
...
006 (13689932.000.000) 03/10 16:49:31 Image size of job updated: 322628
	316  -  MemoryUsage of job (MB)
	322628  -  ResidentSetSize of job (KB)
...
040 (13689932.000.000) 03/10 16:49:35 Started transferring output files
...
040 (13689932.000.000) 03/10 16:49:37 Finished transferring output files
...
005 (13689932.000.000) 03/10 16:49:41 Job terminated.
	(1) Normal termination (return value 0)
		Usr 0 00:00:44, Sys 0 00:00:08  -  Run Remote Usage
		Usr 0 00:00:00, Sys 0 00:00:00  -  Run Local Usage
		Usr 0 00:00:44, Sys 0 00:00:08  -  Total Remote Usage
		Usr 0 00:00:00, Sys 0 00:00:00  -  Total Local Usage
	2814  -  Run Bytes Sent By Job
	11052  -  Run Bytes Received By Job
	2814  -  Total Bytes Sent By Job
	11052  -  Total Bytes Received By Job
	Partitionable Resources :    Usage  Request Allocated 
	   Cpus                 :        0        1         1 
	   Disk (KB)            :    11607       12      3586 
	   GPUs                 :                           0 
	   Memory (MB)          :      316     3000      3000 

	Job terminated of its own accord at 2025-03-10T15:49:31Z with exit-code 0.
...
