000 (13689969.000.000) 03/10 16:04:34 Job submitted from host: <137.138.120.116:9618?addrs=137.138.120.116-9618+[2001-1458-d00-16--17b]-9618&alias=bigbird12.cern.ch&noUDP&sock=schedd_5055_e355>
...
040 (13689969.000.000) 03/10 16:45:02 Started transferring input files
	Transferring to host: <188.185.204.252:9618?addrs=188.185.204.252-9618+[2001-1458-303-8--100-79]-9618&alias=b9p02p5822.cern.ch&noUDP&sock=slot1_21_3605971_87e5_125198>
...
040 (13689969.000.000) 03/10 16:45:02 Finished transferring input files
...
001 (13689969.000.000) 03/10 16:45:03 Job executing on host: <188.185.204.252:9618?addrs=188.185.204.252-9618+[2001-1458-303-8--100-79]-9618&alias=b9p02p5822.cern.ch&noUDP&sock=startd_4081_ce16>
	SlotName: slot1_21@b9p02p5822.cern.ch
	CondorScratchDir = "/pool/condor/dir_18738"
	Cpus = 1
	Disk = 3707
	GPUs = 0
	Memory = 3000
...
006 (13689969.000.000) 03/10 16:45:12 Image size of job updated: 14276
	14  -  MemoryUsage of job (MB)
	14276  -  ResidentSetSize of job (KB)
...
006 (13689969.000.000) 03/10 16:48:27 Image size of job updated: 321276
	314  -  MemoryUsage of job (MB)
	321276  -  ResidentSetSize of job (KB)
...
040 (13689969.000.000) 03/10 16:48:28 Started transferring output files
...
040 (13689969.000.000) 03/10 16:48:28 Finished transferring output files
...
005 (13689969.000.000) 03/10 16:48:28 Job terminated.
	(1) Normal termination (return value 0)
		Usr 0 00:02:04, Sys 0 00:00:09  -  Run Remote Usage
		Usr 0 00:00:00, Sys 0 00:00:00  -  Run Local Usage
		Usr 0 00:02:04, Sys 0 00:00:09  -  Total Remote Usage
		Usr 0 00:00:00, Sys 0 00:00:00  -  Total Local Usage
	2822  -  Run Bytes Sent By Job
	11052  -  Run Bytes Received By Job
	2822  -  Total Bytes Sent By Job
	11052  -  Total Bytes Received By Job
	Partitionable Resources :    Usage  Request Allocated 
	   Cpus                 :        0        1         1 
	   Disk (KB)            :    28562       12      3707 
	   GPUs                 :                           0 
	   Memory (MB)          :      314     3000      3000 

	Job terminated of its own accord at 2025-03-10T15:48:27Z with exit-code 0.
...
