000 (13689906.000.000) 03/10 16:03:55 Job submitted from host: <137.138.120.116:9618?addrs=137.138.120.116-9618+[2001-1458-d00-16--17b]-9618&alias=bigbird12.cern.ch&noUDP&sock=schedd_5055_e355>
...
040 (13689906.000.000) 03/10 16:44:41 Started transferring input files
	Transferring to host: <188.185.214.27:9618?addrs=188.185.214.27-9618+[2001-1458-303-1c--100-17]-9618&alias=b9p29p9073.cern.ch&noUDP&sock=slot1_26_5338_da92_97588>
...
040 (13689906.000.000) 03/10 16:44:41 Finished transferring input files
...
001 (13689906.000.000) 03/10 16:44:42 Job executing on host: <188.185.214.27:9618?addrs=188.185.214.27-9618+[2001-1458-303-1c--100-17]-9618&alias=b9p29p9073.cern.ch&noUDP&sock=startd_4334_578c>
	SlotName: slot1_26@b9p29p9073.cern.ch
	CondorScratchDir = "/pool/condor/dir_2571118"
	Cpus = 1
	Disk = 3763
	GPUs = 0
	Memory = 3000
...
006 (13689906.000.000) 03/10 16:44:51 Image size of job updated: 24316
	24  -  MemoryUsage of job (MB)
	24316  -  ResidentSetSize of job (KB)
...
006 (13689906.000.000) 03/10 16:48:55 Image size of job updated: 1689800
	1651  -  MemoryUsage of job (MB)
	1689800  -  ResidentSetSize of job (KB)
...
040 (13689906.000.000) 03/10 16:48:55 Started transferring output files
...
040 (13689906.000.000) 03/10 16:48:55 Finished transferring output files
...
005 (13689906.000.000) 03/10 16:48:55 Job terminated.
	(1) Normal termination (return value 0)
		Usr 0 00:02:30, Sys 0 00:00:11  -  Run Remote Usage
		Usr 0 00:00:00, Sys 0 00:00:00  -  Run Local Usage
		Usr 0 00:02:30, Sys 0 00:00:11  -  Total Remote Usage
		Usr 0 00:00:00, Sys 0 00:00:00  -  Total Local Usage
	2994  -  Run Bytes Sent By Job
	11052  -  Run Bytes Received By Job
	2994  -  Total Bytes Sent By Job
	11052  -  Total Bytes Received By Job
	Partitionable Resources :    Usage  Request Allocated 
	   Cpus                 :        0        1         1 
	   Disk (KB)            :    30729       12      3763 
	   GPUs                 :                           0 
	   Memory (MB)          :     1651     3000      3000 

	Job terminated of its own accord at 2025-03-10T15:48:55Z with exit-code 0.
...
