000 (13689929.000.000) 03/10 16:04:07 Job submitted from host: <137.138.120.116:9618?addrs=137.138.120.116-9618+[2001-1458-d00-16--17b]-9618&alias=bigbird12.cern.ch&noUDP&sock=schedd_5055_e355>
...
040 (13689929.000.000) 03/10 16:44:49 Started transferring input files
	Transferring to host: <188.185.204.147:9618?addrs=188.185.204.147-9618+[2001-1458-303-8--100-87]-9618&alias=b9p02p8294.cern.ch&noUDP&sock=slot1_10_3653_9e6e_23723>
...
040 (13689929.000.000) 03/10 16:44:49 Finished transferring input files
...
001 (13689929.000.000) 03/10 16:44:50 Job executing on host: <188.185.204.147:9618?addrs=188.185.204.147-9618+[2001-1458-303-8--100-87]-9618&alias=b9p02p8294.cern.ch&noUDP&sock=startd_3285_d0b3>
	SlotName: slot1_10@b9p02p8294.cern.ch
	CondorScratchDir = "/pool/condor/dir_3732340"
	Cpus = 1
	Disk = 3521
	GPUs = 0
	Memory = 3000
...
006 (13689929.000.000) 03/10 16:45:04 Image size of job updated: 940
	1  -  MemoryUsage of job (MB)
	836  -  ResidentSetSize of job (KB)
...
006 (13689929.000.000) 03/10 16:50:06 Image size of job updated: 879284
	859  -  MemoryUsage of job (MB)
	879284  -  ResidentSetSize of job (KB)
...
006 (13689929.000.000) 03/10 16:51:43 Image size of job updated: 1087956
	859  -  MemoryUsage of job (MB)
	879284  -  ResidentSetSize of job (KB)
...
040 (13689929.000.000) 03/10 16:51:43 Started transferring output files
...
040 (13689929.000.000) 03/10 16:51:43 Finished transferring output files
...
005 (13689929.000.000) 03/10 16:51:43 Job terminated.
	(1) Normal termination (return value 0)
		Usr 0 00:04:40, Sys 0 00:00:11  -  Run Remote Usage
		Usr 0 00:00:00, Sys 0 00:00:00  -  Run Local Usage
		Usr 0 00:04:40, Sys 0 00:00:11  -  Total Remote Usage
		Usr 0 00:00:00, Sys 0 00:00:00  -  Total Local Usage
	3328  -  Run Bytes Sent By Job
	11052  -  Run Bytes Received By Job
	3328  -  Total Bytes Sent By Job
	11052  -  Total Bytes Received By Job
	Partitionable Resources :    Usage  Request Allocated 
	   Cpus                 :     0.97        1         1 
	   Disk (KB)            : 68593          12      3521 
	   GPUs                 :                           0 
	   Memory (MB)          :   859        3000      3000 

	Job terminated of its own accord at 2025-03-10T15:51:43Z with exit-code 0.
...
