000 (13689870.000.000) 03/10 16:03:31 Job submitted from host: <137.138.120.116:9618?addrs=137.138.120.116-9618+[2001-1458-d00-16--17b]-9618&alias=bigbird12.cern.ch&noUDP&sock=schedd_5055_e355>
...
040 (13689870.000.000) 03/10 16:44:30 Started transferring input files
	Transferring to host: <188.185.212.28:9618?addrs=188.185.212.28-9618+[2001-1458-303-18--100-18]-9618&alias=b9p25p3885.cern.ch&noUDP&sock=slot1_33_6426_72be_33591>
...
040 (13689870.000.000) 03/10 16:44:30 Finished transferring input files
...
001 (13689870.000.000) 03/10 16:44:31 Job executing on host: <188.185.212.28:9618?addrs=188.185.212.28-9618+[2001-1458-303-18--100-18]-9618&alias=b9p25p3885.cern.ch&noUDP&sock=startd_5439_47b3>
	SlotName: slot1_33@b9p25p3885.cern.ch
	CondorScratchDir = "/pool/condor/dir_2851599"
	Cpus = 1
	Disk = 3835
	GPUs = 0
	Memory = 3000
...
006 (13689870.000.000) 03/10 16:44:45 Image size of job updated: 952
	1  -  MemoryUsage of job (MB)
	952  -  ResidentSetSize of job (KB)
...
006 (13689870.000.000) 03/10 16:49:46 Image size of job updated: 815180
	797  -  MemoryUsage of job (MB)
	815180  -  ResidentSetSize of job (KB)
...
006 (13689870.000.000) 03/10 16:54:46 Image size of job updated: 934740
	913  -  MemoryUsage of job (MB)
	934740  -  ResidentSetSize of job (KB)
...
006 (13689870.000.000) 03/10 16:56:22 Image size of job updated: 1265840
	913  -  MemoryUsage of job (MB)
	934740  -  ResidentSetSize of job (KB)
...
040 (13689870.000.000) 03/10 16:56:22 Started transferring output files
...
040 (13689870.000.000) 03/10 16:56:22 Finished transferring output files
...
005 (13689870.000.000) 03/10 16:56:22 Job terminated.
	(1) Normal termination (return value 0)
		Usr 0 00:08:41, Sys 0 00:00:18  -  Run Remote Usage
		Usr 0 00:00:00, Sys 0 00:00:00  -  Run Local Usage
		Usr 0 00:08:41, Sys 0 00:00:18  -  Total Remote Usage
		Usr 0 00:00:00, Sys 0 00:00:00  -  Total Local Usage
	2987  -  Run Bytes Sent By Job
	11052  -  Run Bytes Received By Job
	2987  -  Total Bytes Sent By Job
	11052  -  Total Bytes Received By Job
	Partitionable Resources :    Usage  Request Allocated 
	   Cpus                 :     0.32        1         1 
	   Disk (KB)            : 91558          12      3835 
	   GPUs                 :                           0 
	   Memory (MB)          :   913        3000      3000 

	Job terminated of its own accord at 2025-03-10T15:56:22Z with exit-code 0.
...
