000 (13689938.000.000) 03/10 16:04:12 Job submitted from host: <137.138.120.116:9618?addrs=137.138.120.116-9618+[2001-1458-d00-16--17b]-9618&alias=bigbird12.cern.ch&noUDP&sock=schedd_5055_e355>
...
040 (13689938.000.000) 03/10 16:44:52 Started transferring input files
	Transferring to host: <128.142.192.160:9618?addrs=128.142.192.160-9618+[2001-1458-301-56--100-1c]-9618&alias=b9g18p7324.cern.ch&noUDP&sock=slot1_12_5062_6307_26121>
...
040 (13689938.000.000) 03/10 16:44:52 Finished transferring input files
...
001 (13689938.000.000) 03/10 16:44:53 Job executing on host: <128.142.192.160:9618?addrs=128.142.192.160-9618+[2001-1458-301-56--100-1c]-9618&alias=b9g18p7324.cern.ch&noUDP&sock=startd_4084_dcdf>
	SlotName: slot1_12@b9g18p7324.cern.ch
	CondorScratchDir = "/pool/condor/dir_1123504"
	Cpus = 1
	Disk = 3765
	GPUs = 0
	Memory = 3000
...
006 (13689938.000.000) 03/10 16:45:07 Image size of job updated: 960
	1  -  MemoryUsage of job (MB)
	960  -  ResidentSetSize of job (KB)
...
006 (13689938.000.000) 03/10 16:50:08 Image size of job updated: 810508
	792  -  MemoryUsage of job (MB)
	810508  -  ResidentSetSize of job (KB)
...
006 (13689938.000.000) 03/10 16:55:08 Image size of job updated: 921208
	900  -  MemoryUsage of job (MB)
	921208  -  ResidentSetSize of job (KB)
...
006 (13689938.000.000) 03/10 17:00:08 Image size of job updated: 1017840
	994  -  MemoryUsage of job (MB)
	1017840  -  ResidentSetSize of job (KB)
...
006 (13689938.000.000) 03/10 17:05:09 Image size of job updated: 1105720
	1080  -  MemoryUsage of job (MB)
	1105720  -  ResidentSetSize of job (KB)
...
006 (13689938.000.000) 03/10 17:08:51 Image size of job updated: 1472704
	1080  -  MemoryUsage of job (MB)
	1105720  -  ResidentSetSize of job (KB)
...
040 (13689938.000.000) 03/10 17:08:51 Started transferring output files
...
040 (13689938.000.000) 03/10 17:08:51 Finished transferring output files
...
005 (13689938.000.000) 03/10 17:08:51 Job terminated.
	(1) Normal termination (return value 0)
		Usr 0 00:20:09, Sys 0 00:00:16  -  Run Remote Usage
		Usr 0 00:00:00, Sys 0 00:00:00  -  Run Local Usage
		Usr 0 00:20:09, Sys 0 00:00:16  -  Total Remote Usage
		Usr 0 00:00:00, Sys 0 00:00:00  -  Total Local Usage
	3312  -  Run Bytes Sent By Job
	11052  -  Run Bytes Received By Job
	3312  -  Total Bytes Sent By Job
	11052  -  Total Bytes Received By Job
	Partitionable Resources :     Usage  Request Allocated 
	   Cpus                 :      0.99        1         1 
	   Disk (KB)            : 177758          12      3765 
	   GPUs                 :                            0 
	   Memory (MB)          :   1080        3000      3000 

	Job terminated of its own accord at 2025-03-10T16:08:51Z with exit-code 0.
...
