000 (13689912.000.000) 03/10 16:03:59 Job submitted from host: <137.138.120.116:9618?addrs=137.138.120.116-9618+[2001-1458-d00-16--17b]-9618&alias=bigbird12.cern.ch&noUDP&sock=schedd_5055_e355>
...
040 (13689912.000.000) 03/10 16:44:43 Started transferring input files
	Transferring to host: <188.185.208.96:9618?addrs=188.185.208.96-9618+[2001-1458-303-f--100-5d]-9618&alias=b9p09p9864.cern.ch&noUDP&sock=slot1_8_3597_296b_109238>
...
040 (13689912.000.000) 03/10 16:44:43 Finished transferring input files
...
001 (13689912.000.000) 03/10 16:44:44 Job executing on host: <188.185.208.96:9618?addrs=188.185.208.96-9618+[2001-1458-303-f--100-5d]-9618&alias=b9p09p9864.cern.ch&noUDP&sock=startd_3558_120e>
	SlotName: slot1_8@b9p09p9864.cern.ch
	CondorScratchDir = "/pool/condor/dir_1532629"
	Cpus = 1
	Disk = 3595
	GPUs = 0
	Memory = 3000
...
006 (13689912.000.000) 03/10 16:44:53 Image size of job updated: 27296
	27  -  MemoryUsage of job (MB)
	27296  -  ResidentSetSize of job (KB)
...
006 (13689912.000.000) 03/10 16:49:53 Image size of job updated: 2023264
	1976  -  MemoryUsage of job (MB)
	2023264  -  ResidentSetSize of job (KB)
...
006 (13689912.000.000) 03/10 16:54:53 Image size of job updated: 2154736
	2105  -  MemoryUsage of job (MB)
	2154736  -  ResidentSetSize of job (KB)
...
006 (13689912.000.000) 03/10 16:59:54 Image size of job updated: 2290020
	2237  -  MemoryUsage of job (MB)
	2290020  -  ResidentSetSize of job (KB)
...
006 (13689912.000.000) 03/10 17:04:54 Image size of job updated: 2424104
	2368  -  MemoryUsage of job (MB)
	2424104  -  ResidentSetSize of job (KB)
...
006 (13689912.000.000) 03/10 17:09:54 Image size of job updated: 2553928
	2495  -  MemoryUsage of job (MB)
	2553928  -  ResidentSetSize of job (KB)
...
006 (13689912.000.000) 03/10 17:14:55 Image size of job updated: 2685360
	2623  -  MemoryUsage of job (MB)
	2685360  -  ResidentSetSize of job (KB)
...
006 (13689912.000.000) 03/10 17:19:56 Image size of job updated: 2832768
	2767  -  MemoryUsage of job (MB)
	2832768  -  ResidentSetSize of job (KB)
...
006 (13689912.000.000) 03/10 17:24:56 Image size of job updated: 2970892
	2902  -  MemoryUsage of job (MB)
	2970892  -  ResidentSetSize of job (KB)
...
006 (13689912.000.000) 03/10 17:29:57 Image size of job updated: 3126484
	3054  -  MemoryUsage of job (MB)
	3126484  -  ResidentSetSize of job (KB)
...
006 (13689912.000.000) 03/10 17:34:58 Image size of job updated: 3272848
	3197  -  MemoryUsage of job (MB)
	3272848  -  ResidentSetSize of job (KB)
...
040 (13689912.000.000) 03/10 17:37:54 Started transferring output files
...
040 (13689912.000.000) 03/10 17:37:55 Finished transferring output files
...
005 (13689912.000.000) 03/10 17:37:55 Job terminated.
	(1) Normal termination (return value 0)
		Usr 0 00:42:11, Sys 0 00:00:31  -  Run Remote Usage
		Usr 0 00:00:00, Sys 0 00:00:00  -  Run Local Usage
		Usr 0 00:42:11, Sys 0 00:00:31  -  Total Remote Usage
		Usr 0 00:00:00, Sys 0 00:00:00  -  Total Local Usage
	5102  -  Run Bytes Sent By Job
	11052  -  Run Bytes Received By Job
	5102  -  Total Bytes Sent By Job
	11052  -  Total Bytes Received By Job
	Partitionable Resources :     Usage  Request Allocated 
	   Cpus                 :      0.97        1         1 
	   Disk (KB)            : 570633          12      3595 
	   GPUs                 :                            0 
	   Memory (MB)          :   3197        3000      3000 

	Job terminated of its own accord at 2025-03-10T16:37:53Z with exit-code 0.
...
