000 (13689874.000.000) 03/10 16:03:34 Job submitted from host: <137.138.120.116:9618?addrs=137.138.120.116-9618+[2001-1458-d00-16--17b]-9618&alias=bigbird12.cern.ch&noUDP&sock=schedd_5055_e355>
...
040 (13689874.000.000) 03/10 16:44:30 Started transferring input files
	Transferring to host: <188.185.213.88:9618?addrs=188.185.213.88-9618+[2001-1458-303-1a--100-54]-9618&alias=b9p27p1099.cern.ch&noUDP&sock=slot1_31_5805_e5c5_34176>
...
040 (13689874.000.000) 03/10 16:44:30 Finished transferring input files
...
001 (13689874.000.000) 03/10 16:44:31 Job executing on host: <188.185.213.88:9618?addrs=188.185.213.88-9618+[2001-1458-303-1a--100-54]-9618&alias=b9p27p1099.cern.ch&noUDP&sock=startd_4653_2642>
	SlotName: slot1_31@b9p27p1099.cern.ch
	CondorScratchDir = "/pool/condor/dir_2811241"
	Cpus = 1
	Disk = 3906
	GPUs = 0
	Memory = 3000
...
006 (13689874.000.000) 03/10 16:44:45 Image size of job updated: 79808
	78  -  MemoryUsage of job (MB)
	79808  -  ResidentSetSize of job (KB)
...
006 (13689874.000.000) 03/10 16:49:46 Image size of job updated: 860412
	841  -  MemoryUsage of job (MB)
	860412  -  ResidentSetSize of job (KB)
...
006 (13689874.000.000) 03/10 16:54:46 Image size of job updated: 981852
	959  -  MemoryUsage of job (MB)
	981852  -  ResidentSetSize of job (KB)
...
006 (13689874.000.000) 03/10 16:59:47 Image size of job updated: 1097992
	1073  -  MemoryUsage of job (MB)
	1097992  -  ResidentSetSize of job (KB)
...
006 (13689874.000.000) 03/10 17:04:47 Image size of job updated: 1218112
	1190  -  MemoryUsage of job (MB)
	1218112  -  ResidentSetSize of job (KB)
...
006 (13689874.000.000) 03/10 17:09:47 Image size of job updated: 1337576
	1307  -  MemoryUsage of job (MB)
	1337576  -  ResidentSetSize of job (KB)
...
006 (13689874.000.000) 03/10 17:14:48 Image size of job updated: 1450152
	1417  -  MemoryUsage of job (MB)
	1450152  -  ResidentSetSize of job (KB)
...
006 (13689874.000.000) 03/10 17:19:48 Image size of job updated: 1564676
	1529  -  MemoryUsage of job (MB)
	1564676  -  ResidentSetSize of job (KB)
...
006 (13689874.000.000) 03/10 17:24:49 Image size of job updated: 1687352
	1648  -  MemoryUsage of job (MB)
	1687352  -  ResidentSetSize of job (KB)
...
006 (13689874.000.000) 03/10 17:29:49 Image size of job updated: 1811828
	1770  -  MemoryUsage of job (MB)
	1811828  -  ResidentSetSize of job (KB)
...
006 (13689874.000.000) 03/10 17:34:49 Image size of job updated: 2011344
	1965  -  MemoryUsage of job (MB)
	2011344  -  ResidentSetSize of job (KB)
...
006 (13689874.000.000) 03/10 17:35:29 Image size of job updated: 2225956
	1965  -  MemoryUsage of job (MB)
	2011344  -  ResidentSetSize of job (KB)
...
040 (13689874.000.000) 03/10 17:35:29 Started transferring output files
...
040 (13689874.000.000) 03/10 17:35:29 Finished transferring output files
...
005 (13689874.000.000) 03/10 17:35:29 Job terminated.
	(1) Normal termination (return value 0)
		Usr 0 00:39:52, Sys 0 00:00:45  -  Run Remote Usage
		Usr 0 00:00:00, Sys 0 00:00:00  -  Run Local Usage
		Usr 0 00:39:52, Sys 0 00:00:45  -  Total Remote Usage
		Usr 0 00:00:00, Sys 0 00:00:00  -  Total Local Usage
	4442  -  Run Bytes Sent By Job
	11052  -  Run Bytes Received By Job
	4442  -  Total Bytes Sent By Job
	11052  -  Total Bytes Received By Job
	Partitionable Resources :     Usage  Request Allocated 
	   Cpus                 :      0.57        1         1 
	   Disk (KB)            : 496056          12      3906 
	   GPUs                 :                            0 
	   Memory (MB)          :   1965        3000      3000 

	Job terminated of its own accord at 2025-03-10T16:35:29Z with exit-code 0.
...
