000 (13689948.000.000) 03/10 16:04:22 Job submitted from host: <137.138.120.116:9618?addrs=137.138.120.116-9618+[2001-1458-d00-16--17b]-9618&alias=bigbird12.cern.ch&noUDP&sock=schedd_5055_e355>
...
040 (13689948.000.000) 03/10 16:44:55 Started transferring input files
	Transferring to host: <188.185.211.163:9618?addrs=188.185.211.163-9618+[2001-1458-303-17--100-1f]-9618&alias=b9p24p4770.cern.ch&noUDP&sock=slot1_26_2598516_583d_98597>
...
040 (13689948.000.000) 03/10 16:44:55 Finished transferring input files
...
001 (13689948.000.000) 03/10 16:44:56 Job executing on host: <188.185.211.163:9618?addrs=188.185.211.163-9618+[2001-1458-303-17--100-1f]-9618&alias=b9p24p4770.cern.ch&noUDP&sock=startd_4387_b211>
	SlotName: slot1_26@b9p24p4770.cern.ch
	CondorScratchDir = "/pool/condor/dir_996843"
	Cpus = 1
	Disk = 3821
	GPUs = 0
	Memory = 3000
...
006 (13689948.000.000) 03/10 16:45:05 Image size of job updated: 14536
	15  -  MemoryUsage of job (MB)
	14536  -  ResidentSetSize of job (KB)
...
006 (13689948.000.000) 03/10 16:50:06 Image size of job updated: 1211060
	1183  -  MemoryUsage of job (MB)
	1211060  -  ResidentSetSize of job (KB)
...
006 (13689948.000.000) 03/10 16:55:06 Image size of job updated: 1332636
	1302  -  MemoryUsage of job (MB)
	1332636  -  ResidentSetSize of job (KB)
...
006 (13689948.000.000) 03/10 17:00:06 Image size of job updated: 1446328
	1413  -  MemoryUsage of job (MB)
	1446328  -  ResidentSetSize of job (KB)
...
006 (13689948.000.000) 03/10 17:05:07 Image size of job updated: 1562576
	1526  -  MemoryUsage of job (MB)
	1562576  -  ResidentSetSize of job (KB)
...
006 (13689948.000.000) 03/10 17:10:07 Image size of job updated: 1675576
	1637  -  MemoryUsage of job (MB)
	1675576  -  ResidentSetSize of job (KB)
...
006 (13689948.000.000) 03/10 17:15:07 Image size of job updated: 1791704
	1750  -  MemoryUsage of job (MB)
	1791704  -  ResidentSetSize of job (KB)
...
006 (13689948.000.000) 03/10 17:20:09 Image size of job updated: 1907948
	1864  -  MemoryUsage of job (MB)
	1907948  -  ResidentSetSize of job (KB)
...
006 (13689948.000.000) 03/10 17:25:09 Image size of job updated: 2022848
	1976  -  MemoryUsage of job (MB)
	2022848  -  ResidentSetSize of job (KB)
...
006 (13689948.000.000) 03/10 17:30:09 Image size of job updated: 2138372
	2089  -  MemoryUsage of job (MB)
	2138372  -  ResidentSetSize of job (KB)
...
006 (13689948.000.000) 03/10 17:35:10 Image size of job updated: 2259352
	2207  -  MemoryUsage of job (MB)
	2259352  -  ResidentSetSize of job (KB)
...
006 (13689948.000.000) 03/10 17:40:11 Image size of job updated: 2384824
	2329  -  MemoryUsage of job (MB)
	2384824  -  ResidentSetSize of job (KB)
...
006 (13689948.000.000) 03/10 17:45:11 Image size of job updated: 2500544
	2442  -  MemoryUsage of job (MB)
	2500544  -  ResidentSetSize of job (KB)
...
006 (13689948.000.000) 03/10 17:50:12 Image size of job updated: 2626704
	2566  -  MemoryUsage of job (MB)
	2626704  -  ResidentSetSize of job (KB)
...
006 (13689948.000.000) 03/10 17:55:13 Image size of job updated: 2744664
	2681  -  MemoryUsage of job (MB)
	2744664  -  ResidentSetSize of job (KB)
...
006 (13689948.000.000) 03/10 18:00:13 Image size of job updated: 2967392
	2898  -  MemoryUsage of job (MB)
	2967392  -  ResidentSetSize of job (KB)
...
040 (13689948.000.000) 03/10 18:04:26 Started transferring output files
...
040 (13689948.000.000) 03/10 18:04:26 Finished transferring output files
...
005 (13689948.000.000) 03/10 18:04:26 Job terminated.
	(1) Normal termination (return value 0)
		Usr 0 01:03:41, Sys 0 00:00:49  -  Run Remote Usage
		Usr 0 00:00:00, Sys 0 00:00:00  -  Run Local Usage
		Usr 0 01:03:41, Sys 0 00:00:49  -  Total Remote Usage
		Usr 0 00:00:00, Sys 0 00:00:00  -  Total Local Usage
	5250  -  Run Bytes Sent By Job
	11052  -  Run Bytes Received By Job
	5250  -  Total Bytes Sent By Job
	11052  -  Total Bytes Received By Job
	Partitionable Resources :     Usage  Request Allocated 
	   Cpus                 :      0.89        1         1 
	   Disk (KB)            : 747224          12      3821 
	   GPUs                 :                            0 
	   Memory (MB)          :   2898        3000      3000 

	Job terminated of its own accord at 2025-03-10T17:04:25Z with exit-code 0.
...
