000 (13689803.000.000) 03/10 16:02:51 Job submitted from host: <137.138.120.116:9618?addrs=137.138.120.116-9618+[2001-1458-d00-16--17b]-9618&alias=bigbird12.cern.ch&noUDP&sock=schedd_5055_e355>
...
040 (13689803.000.000) 03/10 16:44:07 Started transferring input files
	Transferring to host: <188.185.211.55:9618?addrs=188.185.211.55-9618+[2001-1458-303-16--100-33]-9618&alias=b9p23p0726.cern.ch&noUDP&sock=slot1_23_4055_dd3e_101819>
...
040 (13689803.000.000) 03/10 16:44:07 Finished transferring input files
...
001 (13689803.000.000) 03/10 16:44:08 Job executing on host: <188.185.211.55:9618?addrs=188.185.211.55-9618+[2001-1458-303-16--100-33]-9618&alias=b9p23p0726.cern.ch&noUDP&sock=startd_3345_f862>
	SlotName: slot1_23@b9p23p0726.cern.ch
	CondorScratchDir = "/pool/condor/dir_2315971"
	Cpus = 1
	Disk = 3759
	GPUs = 0
	Memory = 3000
...
006 (13689803.000.000) 03/10 16:44:16 Image size of job updated: 8848
	9  -  MemoryUsage of job (MB)
	8848  -  ResidentSetSize of job (KB)
...
006 (13689803.000.000) 03/10 16:46:13 Image size of job updated: 295740
	289  -  MemoryUsage of job (MB)
	295740  -  ResidentSetSize of job (KB)
...
040 (13689803.000.000) 03/10 16:46:13 Started transferring output files
...
040 (13689803.000.000) 03/10 16:46:13 Finished transferring output files
...
005 (13689803.000.000) 03/10 16:46:13 Job terminated.
	(1) Normal termination (return value 0)
		Usr 0 00:00:49, Sys 0 00:00:08  -  Run Remote Usage
		Usr 0 00:00:00, Sys 0 00:00:00  -  Run Local Usage
		Usr 0 00:00:49, Sys 0 00:00:08  -  Total Remote Usage
		Usr 0 00:00:00, Sys 0 00:00:00  -  Total Local Usage
	2814  -  Run Bytes Sent By Job
	11046  -  Run Bytes Received By Job
	2814  -  Total Bytes Sent By Job
	11046  -  Total Bytes Received By Job
	Partitionable Resources :    Usage  Request Allocated 
	   Cpus                 :     0.35        1         1 
	   Disk (KB)            : 13742          12      3759 
	   GPUs                 :                           0 
	   Memory (MB)          :   289        3000      3000 

	Job terminated of its own accord at 2025-03-10T15:46:13Z with exit-code 0.
...
