000 (13689985.000.000) 03/10 16:04:50 Job submitted from host: <137.138.120.116:9618?addrs=137.138.120.116-9618+[2001-1458-d00-16--17b]-9618&alias=bigbird12.cern.ch&noUDP&sock=schedd_5055_e355>
...
040 (13689985.000.000) 03/10 16:45:08 Started transferring input files
	Transferring to host: <188.185.208.216:9618?addrs=188.185.208.216-9618+[2001-1458-303-10--100-55]-9618&alias=b9p10p2529.cern.ch&noUDP&sock=slot1_10_4747_70da_112795>
...
040 (13689985.000.000) 03/10 16:45:08 Finished transferring input files
...
001 (13689985.000.000) 03/10 16:45:09 Job executing on host: <188.185.208.216:9618?addrs=188.185.208.216-9618+[2001-1458-303-10--100-55]-9618&alias=b9p10p2529.cern.ch&noUDP&sock=startd_4038_4f84>
	SlotName: slot1_10@b9p10p2529.cern.ch
	CondorScratchDir = "/pool/condor/dir_3162168"
	Cpus = 1
	Disk = 3683
	GPUs = 0
	Memory = 3000
...
006 (13689985.000.000) 03/10 16:45:18 Image size of job updated: 14308
	14  -  MemoryUsage of job (MB)
	14308  -  ResidentSetSize of job (KB)
...
006 (13689985.000.000) 03/10 16:50:19 Image size of job updated: 1190716
	1163  -  MemoryUsage of job (MB)
	1190716  -  ResidentSetSize of job (KB)
...
040 (13689985.000.000) 03/10 16:54:37 Started transferring output files
...
040 (13689985.000.000) 03/10 16:54:37 Finished transferring output files
...
005 (13689985.000.000) 03/10 16:54:37 Job terminated.
	(1) Normal termination (return value 0)
		Usr 0 00:06:43, Sys 0 00:00:12  -  Run Remote Usage
		Usr 0 00:00:00, Sys 0 00:00:00  -  Run Local Usage
		Usr 0 00:06:43, Sys 0 00:00:12  -  Total Remote Usage
		Usr 0 00:00:00, Sys 0 00:00:00  -  Total Local Usage
	2989  -  Run Bytes Sent By Job
	11052  -  Run Bytes Received By Job
	2989  -  Total Bytes Sent By Job
	11052  -  Total Bytes Received By Job
	Partitionable Resources :    Usage  Request Allocated 
	   Cpus                 :        0        1         1 
	   Disk (KB)            :    83505       12      3683 
	   GPUs                 :                           0 
	   Memory (MB)          :     1163     3000      3000 

	Job terminated of its own accord at 2025-03-10T15:54:37Z with exit-code 0.
...
