000 (13689971.000.000) 03/10 16:04:35 Job submitted from host: <137.138.120.116:9618?addrs=137.138.120.116-9618+[2001-1458-d00-16--17b]-9618&alias=bigbird12.cern.ch&noUDP&sock=schedd_5055_e355>
...
040 (13689971.000.000) 03/10 16:45:03 Started transferring input files
	Transferring to host: <188.185.214.217:9618?addrs=188.185.214.217-9618+[2001-1458-303-1d--100-55]-9618&alias=b9p30p4468.cern.ch&noUDP&sock=slot1_3_3849_b7f6_97119>
...
040 (13689971.000.000) 03/10 16:45:03 Finished transferring input files
...
001 (13689971.000.000) 03/10 16:45:04 Job executing on host: <188.185.214.217:9618?addrs=188.185.214.217-9618+[2001-1458-303-1d--100-55]-9618&alias=b9p30p4468.cern.ch&noUDP&sock=startd_3155_a563>
	SlotName: slot1_3@b9p30p4468.cern.ch
	CondorScratchDir = "/pool/condor/dir_2414617"
	Cpus = 1
	Disk = 3704
	GPUs = 0
	Memory = 3000
...
006 (13689971.000.000) 03/10 16:45:13 Image size of job updated: 5372
	6  -  MemoryUsage of job (MB)
	5372  -  ResidentSetSize of job (KB)
...
006 (13689971.000.000) 03/10 16:50:13 Image size of job updated: 1137096
	1111  -  MemoryUsage of job (MB)
	1137096  -  ResidentSetSize of job (KB)
...
006 (13689971.000.000) 03/10 16:55:14 Image size of job updated: 1252544
	1224  -  MemoryUsage of job (MB)
	1252544  -  ResidentSetSize of job (KB)
...
006 (13689971.000.000) 03/10 17:00:15 Image size of job updated: 1353896
	1323  -  MemoryUsage of job (MB)
	1353896  -  ResidentSetSize of job (KB)
...
006 (13689971.000.000) 03/10 17:05:15 Image size of job updated: 1459964
	1426  -  MemoryUsage of job (MB)
	1459964  -  ResidentSetSize of job (KB)
...
006 (13689971.000.000) 03/10 17:10:16 Image size of job updated: 1684800
	1646  -  MemoryUsage of job (MB)
	1684800  -  ResidentSetSize of job (KB)
...
040 (13689971.000.000) 03/10 17:10:43 Started transferring output files
...
040 (13689971.000.000) 03/10 17:10:43 Finished transferring output files
...
005 (13689971.000.000) 03/10 17:10:43 Job terminated.
	(1) Normal termination (return value 0)
		Usr 0 00:19:34, Sys 0 00:00:26  -  Run Remote Usage
		Usr 0 00:00:00, Sys 0 00:00:00  -  Run Local Usage
		Usr 0 00:19:34, Sys 0 00:00:26  -  Total Remote Usage
		Usr 0 00:00:00, Sys 0 00:00:00  -  Total Local Usage
	3471  -  Run Bytes Sent By Job
	11052  -  Run Bytes Received By Job
	3471  -  Total Bytes Sent By Job
	11052  -  Total Bytes Received By Job
	Partitionable Resources :     Usage  Request Allocated 
	   Cpus                 :      0.96        1         1 
	   Disk (KB)            : 221626          12      3704 
	   GPUs                 :                            0 
	   Memory (MB)          :   1646        3000      3000 

	Job terminated of its own accord at 2025-03-10T16:10:43Z with exit-code 0.
...
