000 (13689980.000.000) 03/10 16:04:47 Job submitted from host: <137.138.120.116:9618?addrs=137.138.120.116-9618+[2001-1458-d00-16--17b]-9618&alias=bigbird12.cern.ch&noUDP&sock=schedd_5055_e355>
...
040 (13689980.000.000) 03/10 16:45:06 Started transferring input files
	Transferring to host: <188.185.205.197:9618?addrs=188.185.205.197-9618+[2001-1458-303-a--100-42]-9618&alias=b9p04p1952.cern.ch&noUDP&sock=slot1_12_3738_8251_9902>
...
040 (13689980.000.000) 03/10 16:45:06 Finished transferring input files
...
001 (13689980.000.000) 03/10 16:45:07 Job executing on host: <188.185.205.197:9618?addrs=188.185.205.197-9618+[2001-1458-303-a--100-42]-9618&alias=b9p04p1952.cern.ch&noUDP&sock=startd_3418_0acc>
	SlotName: slot1_12@b9p04p1952.cern.ch
	CondorScratchDir = "/pool/condor/dir_1421252"
	Cpus = 1
	Disk = 3842
	GPUs = 0
	Memory = 3000
...
006 (13689980.000.000) 03/10 16:45:21 Image size of job updated: 936
	1  -  MemoryUsage of job (MB)
	828  -  ResidentSetSize of job (KB)
...
006 (13689980.000.000) 03/10 16:50:22 Image size of job updated: 874516
	855  -  MemoryUsage of job (MB)
	874516  -  ResidentSetSize of job (KB)
...
006 (13689980.000.000) 03/10 16:55:22 Image size of job updated: 1001028
	978  -  MemoryUsage of job (MB)
	1001028  -  ResidentSetSize of job (KB)
...
006 (13689980.000.000) 03/10 17:00:23 Image size of job updated: 1135296
	1109  -  MemoryUsage of job (MB)
	1135296  -  ResidentSetSize of job (KB)
...
006 (13689980.000.000) 03/10 17:05:24 Image size of job updated: 1266636
	1237  -  MemoryUsage of job (MB)
	1266636  -  ResidentSetSize of job (KB)
...
006 (13689980.000.000) 03/10 17:10:24 Image size of job updated: 1387348
	1355  -  MemoryUsage of job (MB)
	1387348  -  ResidentSetSize of job (KB)
...
006 (13689980.000.000) 03/10 17:15:25 Image size of job updated: 1508236
	1473  -  MemoryUsage of job (MB)
	1508236  -  ResidentSetSize of job (KB)
...
006 (13689980.000.000) 03/10 17:20:25 Image size of job updated: 1634940
	1597  -  MemoryUsage of job (MB)
	1634940  -  ResidentSetSize of job (KB)
...
006 (13689980.000.000) 03/10 17:25:26 Image size of job updated: 1762004
	1721  -  MemoryUsage of job (MB)
	1762004  -  ResidentSetSize of job (KB)
...
006 (13689980.000.000) 03/10 17:30:27 Image size of job updated: 1878716
	1835  -  MemoryUsage of job (MB)
	1878716  -  ResidentSetSize of job (KB)
...
006 (13689980.000.000) 03/10 17:34:57 Image size of job updated: 2264032
	1835  -  MemoryUsage of job (MB)
	1878720  -  ResidentSetSize of job (KB)
...
040 (13689980.000.000) 03/10 17:34:57 Started transferring output files
...
040 (13689980.000.000) 03/10 17:34:57 Finished transferring output files
...
005 (13689980.000.000) 03/10 17:34:57 Job terminated.
	(1) Normal termination (return value 0)
		Usr 0 00:39:46, Sys 0 00:00:29  -  Run Remote Usage
		Usr 0 00:00:00, Sys 0 00:00:00  -  Run Local Usage
		Usr 0 00:39:46, Sys 0 00:00:29  -  Total Remote Usage
		Usr 0 00:00:00, Sys 0 00:00:00  -  Total Local Usage
	4444  -  Run Bytes Sent By Job
	11052  -  Run Bytes Received By Job
	4444  -  Total Bytes Sent By Job
	11052  -  Total Bytes Received By Job
	Partitionable Resources :     Usage  Request Allocated 
	   Cpus                 :      0.98        1         1 
	   Disk (KB)            : 505099          12      3842 
	   GPUs                 :                            0 
	   Memory (MB)          :   1835        3000      3000 

	Job terminated of its own accord at 2025-03-10T16:34:57Z with exit-code 0.
...
