000 (13689855.000.000) 03/10 16:03:23 Job submitted from host: <137.138.120.116:9618?addrs=137.138.120.116-9618+[2001-1458-d00-16--17b]-9618&alias=bigbird12.cern.ch&noUDP&sock=schedd_5055_e355>
...
040 (13689855.000.000) 03/10 16:44:23 Started transferring input files
	Transferring to host: <188.185.211.76:9618?addrs=188.185.211.76-9618+[2001-1458-303-16--100-48]-9618&alias=b9p23p2167.cern.ch&noUDP&sock=slot1_36_3784657_fb87_47405>
...
040 (13689855.000.000) 03/10 16:44:23 Finished transferring input files
...
001 (13689855.000.000) 03/10 16:44:24 Job executing on host: <188.185.211.76:9618?addrs=188.185.211.76-9618+[2001-1458-303-16--100-48]-9618&alias=b9p23p2167.cern.ch&noUDP&sock=startd_3701_2819>
	SlotName: slot1_36@b9p23p2167.cern.ch
	CondorScratchDir = "/pool/condor/dir_1989944"
	Cpus = 1
	Disk = 3747
	GPUs = 0
	Memory = 3000
...
006 (13689855.000.000) 03/10 16:44:34 Image size of job updated: 5444
	6  -  MemoryUsage of job (MB)
	5444  -  ResidentSetSize of job (KB)
...
006 (13689855.000.000) 03/10 16:49:34 Image size of job updated: 843472
	824  -  MemoryUsage of job (MB)
	843472  -  ResidentSetSize of job (KB)
...
006 (13689855.000.000) 03/10 16:54:34 Image size of job updated: 961024
	939  -  MemoryUsage of job (MB)
	961024  -  ResidentSetSize of job (KB)
...
006 (13689855.000.000) 03/10 16:59:35 Image size of job updated: 1076900
	1052  -  MemoryUsage of job (MB)
	1076900  -  ResidentSetSize of job (KB)
...
006 (13689855.000.000) 03/10 17:04:36 Image size of job updated: 1188760
	1161  -  MemoryUsage of job (MB)
	1188760  -  ResidentSetSize of job (KB)
...
006 (13689855.000.000) 03/10 17:09:36 Image size of job updated: 1303444
	1273  -  MemoryUsage of job (MB)
	1303444  -  ResidentSetSize of job (KB)
...
006 (13689855.000.000) 03/10 17:14:36 Image size of job updated: 1426224
	1393  -  MemoryUsage of job (MB)
	1426224  -  ResidentSetSize of job (KB)
...
006 (13689855.000.000) 03/10 17:19:37 Image size of job updated: 1547600
	1512  -  MemoryUsage of job (MB)
	1547600  -  ResidentSetSize of job (KB)
...
040 (13689855.000.000) 03/10 17:21:49 Started transferring output files
...
040 (13689855.000.000) 03/10 17:21:49 Finished transferring output files
...
005 (13689855.000.000) 03/10 17:21:49 Job terminated.
	(1) Normal termination (return value 0)
		Usr 0 00:30:04, Sys 0 00:00:24  -  Run Remote Usage
		Usr 0 00:00:00, Sys 0 00:00:00  -  Run Local Usage
		Usr 0 00:30:04, Sys 0 00:00:24  -  Total Remote Usage
		Usr 0 00:00:00, Sys 0 00:00:00  -  Total Local Usage
	3956  -  Run Bytes Sent By Job
	11052  -  Run Bytes Received By Job
	3956  -  Total Bytes Sent By Job
	11052  -  Total Bytes Received By Job
	Partitionable Resources :     Usage  Request Allocated 
	   Cpus                 :      0.98        1         1 
	   Disk (KB)            : 348678          12      3747 
	   GPUs                 :                            0 
	   Memory (MB)          :   1512        3000      3000 

	Job terminated of its own accord at 2025-03-10T16:21:49Z with exit-code 0.
...
