000 (13689988.000.000) 03/10 16:04:52 Job submitted from host: <137.138.120.116:9618?addrs=137.138.120.116-9618+[2001-1458-d00-16--17b]-9618&alias=bigbird12.cern.ch&noUDP&sock=schedd_5055_e355>
...
040 (13689988.000.000) 03/10 16:45:09 Started transferring input files
	Transferring to host: <188.185.196.119:9618?addrs=188.185.196.119-9618+[2001-1458-303-23--100-73]-9618&alias=b9p16p9531.cern.ch&noUDP&sock=slot1_4_419712_d2a5_26210>
...
040 (13689988.000.000) 03/10 16:45:09 Finished transferring input files
...
001 (13689988.000.000) 03/10 16:45:10 Job executing on host: <188.185.196.119:9618?addrs=188.185.196.119-9618+[2001-1458-303-23--100-73]-9618&alias=b9p16p9531.cern.ch&noUDP&sock=startd_4441_bc2e>
	SlotName: slot1_4@b9p16p9531.cern.ch
	CondorScratchDir = "/pool/condor/dir_3200879"
	Cpus = 1
	Disk = 3935
	GPUs = 0
	Memory = 3000
...
006 (13689988.000.000) 03/10 16:45:19 Image size of job updated: 23800
	24  -  MemoryUsage of job (MB)
	23800  -  ResidentSetSize of job (KB)
...
006 (13689988.000.000) 03/10 16:48:27 Image size of job updated: 1725900
	1686  -  MemoryUsage of job (MB)
	1725900  -  ResidentSetSize of job (KB)
...
040 (13689988.000.000) 03/10 16:48:28 Started transferring output files
...
040 (13689988.000.000) 03/10 16:48:28 Finished transferring output files
...
005 (13689988.000.000) 03/10 16:48:28 Job terminated.
	(1) Normal termination (return value 0)
		Usr 0 00:01:58, Sys 0 00:00:07  -  Run Remote Usage
		Usr 0 00:00:00, Sys 0 00:00:00  -  Run Local Usage
		Usr 0 00:01:58, Sys 0 00:00:07  -  Total Remote Usage
		Usr 0 00:00:00, Sys 0 00:00:00  -  Total Local Usage
	3134  -  Run Bytes Sent By Job
	11052  -  Run Bytes Received By Job
	3134  -  Total Bytes Sent By Job
	11052  -  Total Bytes Received By Job
	Partitionable Resources :    Usage  Request Allocated 
	   Cpus                 :     0.97        1         1 
	   Disk (KB)            : 22388          12      3935 
	   GPUs                 :                           0 
	   Memory (MB)          :  1686        3000      3000 

	Job terminated of its own accord at 2025-03-10T15:48:27Z with exit-code 0.
...
