000 (13689817.000.000) 03/10 16:02:59 Job submitted from host: <137.138.120.116:9618?addrs=137.138.120.116-9618+[2001-1458-d00-16--17b]-9618&alias=bigbird12.cern.ch&noUDP&sock=schedd_5055_e355>
...
040 (13689817.000.000) 03/10 16:44:12 Started transferring input files
	Transferring to host: <188.185.211.184:9618?addrs=188.185.211.184-9618+[2001-1458-303-17--100-34]-9618&alias=b9p24p6475.cern.ch&noUDP&sock=slot1_31_4126_e3e1_104608>
...
040 (13689817.000.000) 03/10 16:44:12 Finished transferring input files
...
001 (13689817.000.000) 03/10 16:44:13 Job executing on host: <188.185.211.184:9618?addrs=188.185.211.184-9618+[2001-1458-303-17--100-34]-9618&alias=b9p24p6475.cern.ch&noUDP&sock=startd_3398_52e7>
	SlotName: slot1_31@b9p24p6475.cern.ch
	CondorScratchDir = "/pool/condor/dir_3524940"
	Cpus = 1
	Disk = 3766
	GPUs = 0
	Memory = 3000
...
006 (13689817.000.000) 03/10 16:44:21 Image size of job updated: 22540
	23  -  MemoryUsage of job (MB)
	22540  -  ResidentSetSize of job (KB)
...
006 (13689817.000.000) 03/10 16:49:21 Image size of job updated: 1683852
	1645  -  MemoryUsage of job (MB)
	1683852  -  ResidentSetSize of job (KB)
...
006 (13689817.000.000) 03/10 16:54:22 Image size of job updated: 1807084
	1765  -  MemoryUsage of job (MB)
	1807084  -  ResidentSetSize of job (KB)
...
006 (13689817.000.000) 03/10 16:59:22 Image size of job updated: 1928692
	1884  -  MemoryUsage of job (MB)
	1928692  -  ResidentSetSize of job (KB)
...
006 (13689817.000.000) 03/10 17:04:22 Image size of job updated: 2042344
	1995  -  MemoryUsage of job (MB)
	2042344  -  ResidentSetSize of job (KB)
...
006 (13689817.000.000) 03/10 17:09:23 Image size of job updated: 2156944
	2107  -  MemoryUsage of job (MB)
	2156944  -  ResidentSetSize of job (KB)
...
006 (13689817.000.000) 03/10 17:14:24 Image size of job updated: 2274084
	2221  -  MemoryUsage of job (MB)
	2274084  -  ResidentSetSize of job (KB)
...
006 (13689817.000.000) 03/10 17:19:24 Image size of job updated: 2391364
	2336  -  MemoryUsage of job (MB)
	2391364  -  ResidentSetSize of job (KB)
...
006 (13689817.000.000) 03/10 17:24:24 Image size of job updated: 2505848
	2448  -  MemoryUsage of job (MB)
	2505848  -  ResidentSetSize of job (KB)
...
006 (13689817.000.000) 03/10 17:29:25 Image size of job updated: 2615928
	2555  -  MemoryUsage of job (MB)
	2615928  -  ResidentSetSize of job (KB)
...
006 (13689817.000.000) 03/10 17:34:25 Image size of job updated: 2738016
	2674  -  MemoryUsage of job (MB)
	2738016  -  ResidentSetSize of job (KB)
...
006 (13689817.000.000) 03/10 17:39:25 Image size of job updated: 2854788
	2788  -  MemoryUsage of job (MB)
	2854788  -  ResidentSetSize of job (KB)
...
006 (13689817.000.000) 03/10 17:44:26 Image size of job updated: 2980328
	2911  -  MemoryUsage of job (MB)
	2980328  -  ResidentSetSize of job (KB)
...
006 (13689817.000.000) 03/10 17:49:27 Image size of job updated: 3110980
	3039  -  MemoryUsage of job (MB)
	3110980  -  ResidentSetSize of job (KB)
...
006 (13689817.000.000) 03/10 17:54:27 Image size of job updated: 3241280
	3166  -  MemoryUsage of job (MB)
	3241280  -  ResidentSetSize of job (KB)
...
006 (13689817.000.000) 03/10 17:59:28 Image size of job updated: 3871068
	3781  -  MemoryUsage of job (MB)
	3871068  -  ResidentSetSize of job (KB)
...
040 (13689817.000.000) 03/10 18:00:07 Started transferring output files
...
040 (13689817.000.000) 03/10 18:00:07 Finished transferring output files
...
005 (13689817.000.000) 03/10 18:00:07 Job terminated.
	(1) Normal termination (return value 0)
		Usr 0 01:02:04, Sys 0 00:00:42  -  Run Remote Usage
		Usr 0 00:00:00, Sys 0 00:00:00  -  Run Local Usage
		Usr 0 01:02:04, Sys 0 00:00:42  -  Total Remote Usage
		Usr 0 00:00:00, Sys 0 00:00:00  -  Total Local Usage
	5243  -  Run Bytes Sent By Job
	11046  -  Run Bytes Received By Job
	5243  -  Total Bytes Sent By Job
	11046  -  Total Bytes Received By Job
	Partitionable Resources :     Usage  Request Allocated 
	   Cpus                 :      0.98        1         1 
	   Disk (KB)            : 718629          12      3766 
	   GPUs                 :                            0 
	   Memory (MB)          :   3781        3000      3000 

	Job terminated of its own accord at 2025-03-10T17:00:07Z with exit-code 0.
...
