000 (13689918.000.000) 03/10 16:04:02 Job submitted from host: <137.138.120.116:9618?addrs=137.138.120.116-9618+[2001-1458-d00-16--17b]-9618&alias=bigbird12.cern.ch&noUDP&sock=schedd_5055_e355>
...
040 (13689918.000.000) 03/10 16:44:46 Started transferring input files
	Transferring to host: <188.185.212.97:9618?addrs=188.185.212.97-9618+[2001-1458-303-18--100-5d]-9618&alias=b9p25p1985.cern.ch&noUDP&sock=slot1_14_8768_995e_102619>
...
040 (13689918.000.000) 03/10 16:44:46 Finished transferring input files
...
001 (13689918.000.000) 03/10 16:44:47 Job executing on host: <188.185.212.97:9618?addrs=188.185.212.97-9618+[2001-1458-303-18--100-5d]-9618&alias=b9p25p1985.cern.ch&noUDP&sock=startd_7525_1a42>
	SlotName: slot1_14@b9p25p1985.cern.ch
	CondorScratchDir = "/pool/condor/dir_3124259"
	Cpus = 1
	Disk = 3749
	GPUs = 0
	Memory = 3000
...
006 (13689918.000.000) 03/10 16:44:56 Image size of job updated: 2696
	3  -  MemoryUsage of job (MB)
	2696  -  ResidentSetSize of job (KB)
...
006 (13689918.000.000) 03/10 16:49:57 Image size of job updated: 2493324
	2435  -  MemoryUsage of job (MB)
	2493324  -  ResidentSetSize of job (KB)
...
006 (13689918.000.000) 03/10 16:54:57 Image size of job updated: 2614564
	2554  -  MemoryUsage of job (MB)
	2614564  -  ResidentSetSize of job (KB)
...
006 (13689918.000.000) 03/10 16:59:57 Image size of job updated: 2724996
	2662  -  MemoryUsage of job (MB)
	2724996  -  ResidentSetSize of job (KB)
...
006 (13689918.000.000) 03/10 17:04:58 Image size of job updated: 2832760
	2767  -  MemoryUsage of job (MB)
	2832760  -  ResidentSetSize of job (KB)
...
006 (13689918.000.000) 03/10 17:09:58 Image size of job updated: 2932772
	2865  -  MemoryUsage of job (MB)
	2932772  -  ResidentSetSize of job (KB)
...
006 (13689918.000.000) 03/10 17:14:58 Image size of job updated: 3044484
	2974  -  MemoryUsage of job (MB)
	3044484  -  ResidentSetSize of job (KB)
...
006 (13689918.000.000) 03/10 17:30:00 Image size of job updated: 3083852
	3012  -  MemoryUsage of job (MB)
	3083852  -  ResidentSetSize of job (KB)
...
006 (13689918.000.000) 03/10 17:35:01 Image size of job updated: 3195364
	3121  -  MemoryUsage of job (MB)
	3195364  -  ResidentSetSize of job (KB)
...
006 (13689918.000.000) 03/10 17:40:02 Image size of job updated: 3306948
	3230  -  MemoryUsage of job (MB)
	3306948  -  ResidentSetSize of job (KB)
...
006 (13689918.000.000) 03/10 17:45:02 Image size of job updated: 3415572
	3336  -  MemoryUsage of job (MB)
	3415572  -  ResidentSetSize of job (KB)
...
006 (13689918.000.000) 03/10 18:00:04 Image size of job updated: 3500372
	3419  -  MemoryUsage of job (MB)
	3500372  -  ResidentSetSize of job (KB)
...
006 (13689918.000.000) 03/10 18:05:04 Image size of job updated: 3685608
	3600  -  MemoryUsage of job (MB)
	3685608  -  ResidentSetSize of job (KB)
...
040 (13689918.000.000) 03/10 18:07:50 Started transferring output files
...
040 (13689918.000.000) 03/10 18:07:50 Finished transferring output files
...
005 (13689918.000.000) 03/10 18:07:50 Job terminated.
	(1) Normal termination (return value 0)
		Usr 0 01:05:56, Sys 0 00:01:02  -  Run Remote Usage
		Usr 0 00:00:00, Sys 0 00:00:00  -  Run Local Usage
		Usr 0 01:05:56, Sys 0 00:01:02  -  Total Remote Usage
		Usr 0 00:00:00, Sys 0 00:00:00  -  Total Local Usage
	5248  -  Run Bytes Sent By Job
	11052  -  Run Bytes Received By Job
	5248  -  Total Bytes Sent By Job
	11052  -  Total Bytes Received By Job
	Partitionable Resources :     Usage  Request Allocated 
	   Cpus                 :      0.93        1         1 
	   Disk (KB)            : 736635          12      3749 
	   GPUs                 :                            0 
	   Memory (MB)          :   3600        3000      3000 

	Job terminated of its own accord at 2025-03-10T17:07:50Z with exit-code 0.
...
