000 (13689865.000.000) 03/10 16:03:28 Job submitted from host: <137.138.120.116:9618?addrs=137.138.120.116-9618+[2001-1458-d00-16--17b]-9618&alias=bigbird12.cern.ch&noUDP&sock=schedd_5055_e355>
...
040 (13689865.000.000) 03/10 16:44:29 Started transferring input files
	Transferring to host: <188.185.212.207:9618?addrs=188.185.212.207-9618+[2001-1458-303-19--100-4b]-9618&alias=b9p26p3027.cern.ch&noUDP&sock=slot1_40_12486_4435_32783>
...
040 (13689865.000.000) 03/10 16:44:29 Finished transferring input files
...
001 (13689865.000.000) 03/10 16:44:30 Job executing on host: <188.185.212.207:9618?addrs=188.185.212.207-9618+[2001-1458-303-19--100-4b]-9618&alias=b9p26p3027.cern.ch&noUDP&sock=startd_11359_e85d>
	SlotName: slot1_40@b9p26p3027.cern.ch
	CondorScratchDir = "/pool/condor/dir_2224082"
	Cpus = 1
	Disk = 3828
	GPUs = 0
	Memory = 3000
...
006 (13689865.000.000) 03/10 16:44:43 Image size of job updated: 820
	1  -  MemoryUsage of job (MB)
	820  -  ResidentSetSize of job (KB)
...
006 (13689865.000.000) 03/10 16:49:43 Image size of job updated: 851848
	832  -  MemoryUsage of job (MB)
	851848  -  ResidentSetSize of job (KB)
...
006 (13689865.000.000) 03/10 16:54:44 Image size of job updated: 978556
	956  -  MemoryUsage of job (MB)
	978556  -  ResidentSetSize of job (KB)
...
006 (13689865.000.000) 03/10 16:59:26 Image size of job updated: 1408164
	956  -  MemoryUsage of job (MB)
	978556  -  ResidentSetSize of job (KB)
...
040 (13689865.000.000) 03/10 16:59:26 Started transferring output files
...
040 (13689865.000.000) 03/10 16:59:26 Finished transferring output files
...
005 (13689865.000.000) 03/10 16:59:26 Job terminated.
	(1) Normal termination (return value 0)
		Usr 0 00:11:12, Sys 0 00:00:15  -  Run Remote Usage
		Usr 0 00:00:00, Sys 0 00:00:00  -  Run Local Usage
		Usr 0 00:11:12, Sys 0 00:00:15  -  Total Remote Usage
		Usr 0 00:00:00, Sys 0 00:00:00  -  Total Local Usage
	3148  -  Run Bytes Sent By Job
	11052  -  Run Bytes Received By Job
	3148  -  Total Bytes Sent By Job
	11052  -  Total Bytes Received By Job
	Partitionable Resources :     Usage  Request Allocated 
	   Cpus                 :      0.53        1         1 
	   Disk (KB)            : 144230          12      3828 
	   GPUs                 :                            0 
	   Memory (MB)          :    956        3000      3000 

	Job terminated of its own accord at 2025-03-10T15:59:26Z with exit-code 0.
...
