000 (13689781.000.000) 03/10 16:02:38 Job submitted from host: <137.138.120.116:9618?addrs=137.138.120.116-9618+[2001-1458-d00-16--17b]-9618&alias=bigbird12.cern.ch&noUDP&sock=schedd_5055_e355>
...
040 (13689781.000.000) 03/10 16:43:59 Started transferring input files
	Transferring to host: <188.185.210.94:9618?addrs=188.185.210.94-9618+[2001-1458-303-1--100-5a]-9618&alias=b9p21p3410.cern.ch&noUDP&sock=slot1_14_989455_4ec5_9819>
...
040 (13689781.000.000) 03/10 16:43:59 Finished transferring input files
...
001 (13689781.000.000) 03/10 16:44:00 Job executing on host: <188.185.210.94:9618?addrs=188.185.210.94-9618+[2001-1458-303-1--100-5a]-9618&alias=b9p21p3410.cern.ch&noUDP&sock=startd_4445_7a8f>
	SlotName: slot1_14@b9p21p3410.cern.ch
	CondorScratchDir = "/pool/condor/dir_2760892"
	Cpus = 1
	Disk = 3821
	GPUs = 0
	Memory = 3000
...
006 (13689781.000.000) 03/10 16:44:09 Image size of job updated: 135828
	133  -  MemoryUsage of job (MB)
	135828  -  ResidentSetSize of job (KB)
...
006 (13689781.000.000) 03/10 16:49:10 Image size of job updated: 888544
	868  -  MemoryUsage of job (MB)
	888544  -  ResidentSetSize of job (KB)
...
006 (13689781.000.000) 03/10 16:54:11 Image size of job updated: 1034644
	1011  -  MemoryUsage of job (MB)
	1034644  -  ResidentSetSize of job (KB)
...
006 (13689781.000.000) 03/10 16:59:11 Image size of job updated: 1169624
	1143  -  MemoryUsage of job (MB)
	1169624  -  ResidentSetSize of job (KB)
...
006 (13689781.000.000) 03/10 17:04:11 Image size of job updated: 1294080
	1264  -  MemoryUsage of job (MB)
	1294080  -  ResidentSetSize of job (KB)
...
006 (13689781.000.000) 03/10 17:09:13 Image size of job updated: 1428248
	1395  -  MemoryUsage of job (MB)
	1428248  -  ResidentSetSize of job (KB)
...
006 (13689781.000.000) 03/10 17:14:13 Image size of job updated: 1562120
	1526  -  MemoryUsage of job (MB)
	1562120  -  ResidentSetSize of job (KB)
...
006 (13689781.000.000) 03/10 17:19:13 Image size of job updated: 1687820
	1649  -  MemoryUsage of job (MB)
	1687820  -  ResidentSetSize of job (KB)
...
006 (13689781.000.000) 03/10 17:24:14 Image size of job updated: 1828224
	1786  -  MemoryUsage of job (MB)
	1828224  -  ResidentSetSize of job (KB)
...
006 (13689781.000.000) 03/10 17:29:15 Image size of job updated: 1954488
	1909  -  MemoryUsage of job (MB)
	1954488  -  ResidentSetSize of job (KB)
...
006 (13689781.000.000) 03/10 17:34:15 Image size of job updated: 2079236
	2031  -  MemoryUsage of job (MB)
	2079236  -  ResidentSetSize of job (KB)
...
006 (13689781.000.000) 03/10 17:39:15 Image size of job updated: 2213944
	2163  -  MemoryUsage of job (MB)
	2213944  -  ResidentSetSize of job (KB)
...
006 (13689781.000.000) 03/10 17:44:16 Image size of job updated: 2340864
	2286  -  MemoryUsage of job (MB)
	2340864  -  ResidentSetSize of job (KB)
...
006 (13689781.000.000) 03/10 17:49:16 Image size of job updated: 2563336
	2504  -  MemoryUsage of job (MB)
	2563336  -  ResidentSetSize of job (KB)
...
040 (13689781.000.000) 03/10 17:51:46 Started transferring output files
...
040 (13689781.000.000) 03/10 17:51:46 Finished transferring output files
...
005 (13689781.000.000) 03/10 17:51:46 Job terminated.
	(1) Normal termination (return value 0)
		Usr 0 00:52:56, Sys 0 00:00:35  -  Run Remote Usage
		Usr 0 00:00:00, Sys 0 00:00:00  -  Run Local Usage
		Usr 0 00:52:56, Sys 0 00:00:35  -  Total Remote Usage
		Usr 0 00:00:00, Sys 0 00:00:00  -  Total Local Usage
	5243  -  Run Bytes Sent By Job
	11046  -  Run Bytes Received By Job
	5243  -  Total Bytes Sent By Job
	11046  -  Total Bytes Received By Job
	Partitionable Resources :     Usage  Request Allocated 
	   Cpus                 :      0.79        1         1 
	   Disk (KB)            : 725060          12      3821 
	   GPUs                 :                            0 
	   Memory (MB)          :   2504        3000      3000 

	Job terminated of its own accord at 2025-03-10T16:51:46Z with exit-code 0.
...
