000 (13689872.000.000) 03/10 16:03:32 Job submitted from host: <137.138.120.116:9618?addrs=137.138.120.116-9618+[2001-1458-d00-16--17b]-9618&alias=bigbird12.cern.ch&noUDP&sock=schedd_5055_e355>
...
040 (13689872.000.000) 03/10 16:44:29 Started transferring input files
	Transferring to host: <188.185.215.64:9618?addrs=188.185.215.64-9618+[2001-1458-303-1e--100-3c]-9618&alias=b9p31p9925.cern.ch&noUDP&sock=slot1_5_10015_3930_97156>
...
040 (13689872.000.000) 03/10 16:44:29 Finished transferring input files
...
001 (13689872.000.000) 03/10 16:44:30 Job executing on host: <188.185.215.64:9618?addrs=188.185.215.64-9618+[2001-1458-303-1e--100-3c]-9618&alias=b9p31p9925.cern.ch&noUDP&sock=startd_8931_806a>
	SlotName: slot1_5@b9p31p9925.cern.ch
	CondorScratchDir = "/pool/condor/dir_2052894"
	Cpus = 1
	Disk = 3730
	GPUs = 0
	Memory = 3000
...
006 (13689872.000.000) 03/10 16:44:39 Image size of job updated: 57920
	57  -  MemoryUsage of job (MB)
	57920  -  ResidentSetSize of job (KB)
...
006 (13689872.000.000) 03/10 16:49:40 Image size of job updated: 863824
	844  -  MemoryUsage of job (MB)
	863824  -  ResidentSetSize of job (KB)
...
006 (13689872.000.000) 03/10 16:54:41 Image size of job updated: 988828
	966  -  MemoryUsage of job (MB)
	988828  -  ResidentSetSize of job (KB)
...
006 (13689872.000.000) 03/10 16:59:41 Image size of job updated: 1110236
	1085  -  MemoryUsage of job (MB)
	1110236  -  ResidentSetSize of job (KB)
...
006 (13689872.000.000) 03/10 17:04:41 Image size of job updated: 1229700
	1201  -  MemoryUsage of job (MB)
	1229700  -  ResidentSetSize of job (KB)
...
006 (13689872.000.000) 03/10 17:09:42 Image size of job updated: 1344624
	1314  -  MemoryUsage of job (MB)
	1344624  -  ResidentSetSize of job (KB)
...
006 (13689872.000.000) 03/10 17:14:42 Image size of job updated: 1461160
	1427  -  MemoryUsage of job (MB)
	1461160  -  ResidentSetSize of job (KB)
...
006 (13689872.000.000) 03/10 17:19:42 Image size of job updated: 1576152
	1540  -  MemoryUsage of job (MB)
	1576152  -  ResidentSetSize of job (KB)
...
006 (13689872.000.000) 03/10 17:24:43 Image size of job updated: 1690100
	1651  -  MemoryUsage of job (MB)
	1690100  -  ResidentSetSize of job (KB)
...
006 (13689872.000.000) 03/10 17:29:43 Image size of job updated: 1799420
	1758  -  MemoryUsage of job (MB)
	1799420  -  ResidentSetSize of job (KB)
...
006 (13689872.000.000) 03/10 17:34:43 Image size of job updated: 1895472
	1852  -  MemoryUsage of job (MB)
	1895472  -  ResidentSetSize of job (KB)
...
006 (13689872.000.000) 03/10 17:39:44 Image size of job updated: 2000468
	1954  -  MemoryUsage of job (MB)
	2000468  -  ResidentSetSize of job (KB)
...
006 (13689872.000.000) 03/10 17:44:45 Image size of job updated: 2238556
	2187  -  MemoryUsage of job (MB)
	2238556  -  ResidentSetSize of job (KB)
...
040 (13689872.000.000) 03/10 17:47:59 Started transferring output files
...
040 (13689872.000.000) 03/10 17:47:59 Finished transferring output files
...
005 (13689872.000.000) 03/10 17:47:59 Job terminated.
	(1) Normal termination (return value 0)
		Usr 0 00:49:42, Sys 0 00:00:47  -  Run Remote Usage
		Usr 0 00:00:00, Sys 0 00:00:00  -  Run Local Usage
		Usr 0 00:49:42, Sys 0 00:00:47  -  Total Remote Usage
		Usr 0 00:00:00, Sys 0 00:00:00  -  Total Local Usage
	4764  -  Run Bytes Sent By Job
	11052  -  Run Bytes Received By Job
	4764  -  Total Bytes Sent By Job
	11052  -  Total Bytes Received By Job
	Partitionable Resources :     Usage  Request Allocated 
	   Cpus                 :      0.97        1         1 
	   Disk (KB)            : 587400          12      3730 
	   GPUs                 :                            0 
	   Memory (MB)          :   2187        3000      3000 

	Job terminated of its own accord at 2025-03-10T16:47:59Z with exit-code 0.
...
