000 (13689958.000.000) 03/10 16:04:27 Job submitted from host: <137.138.120.116:9618?addrs=137.138.120.116-9618+[2001-1458-d00-16--17b]-9618&alias=bigbird12.cern.ch&noUDP&sock=schedd_5055_e355>
...
040 (13689958.000.000) 03/10 16:44:59 Started transferring input files
	Transferring to host: <188.185.210.199:9618?addrs=188.185.210.199-9618+[2001-1458-303-15--100-43]-9618&alias=b9p22p1594.cern.ch&noUDP&sock=slot1_20_447108_c87f_101037>
...
040 (13689958.000.000) 03/10 16:44:59 Finished transferring input files
...
001 (13689958.000.000) 03/10 16:45:00 Job executing on host: <188.185.210.199:9618?addrs=188.185.210.199-9618+[2001-1458-303-15--100-43]-9618&alias=b9p22p1594.cern.ch&noUDP&sock=startd_10284_8c0e>
	SlotName: slot1_20@b9p22p1594.cern.ch
	CondorScratchDir = "/pool/condor/dir_1782790"
	Cpus = 1
	Disk = 3823
	GPUs = 0
	Memory = 3000
...
006 (13689958.000.000) 03/10 16:45:09 Image size of job updated: 14756
	15  -  MemoryUsage of job (MB)
	14756  -  ResidentSetSize of job (KB)
...
006 (13689958.000.000) 03/10 16:48:22 Image size of job updated: 320640
	314  -  MemoryUsage of job (MB)
	320640  -  ResidentSetSize of job (KB)
...
040 (13689958.000.000) 03/10 16:48:22 Started transferring output files
...
040 (13689958.000.000) 03/10 16:48:22 Finished transferring output files
...
005 (13689958.000.000) 03/10 16:48:22 Job terminated.
	(1) Normal termination (return value 0)
		Usr 0 00:02:06, Sys 0 00:00:10  -  Run Remote Usage
		Usr 0 00:00:00, Sys 0 00:00:00  -  Run Local Usage
		Usr 0 00:02:06, Sys 0 00:00:10  -  Total Remote Usage
		Usr 0 00:00:00, Sys 0 00:00:00  -  Total Local Usage
	2822  -  Run Bytes Sent By Job
	11052  -  Run Bytes Received By Job
	2822  -  Total Bytes Sent By Job
	11052  -  Total Bytes Received By Job
	Partitionable Resources :    Usage  Request Allocated 
	   Cpus                 :        0        1         1 
	   Disk (KB)            :    26888       12      3823 
	   GPUs                 :                           0 
	   Memory (MB)          :      314     3000      3000 

	Job terminated of its own accord at 2025-03-10T15:48:22Z with exit-code 0.
...
