000 (13689925.000.000) 03/10 16:04:05 Job submitted from host: <137.138.120.116:9618?addrs=137.138.120.116-9618+[2001-1458-d00-16--17b]-9618&alias=bigbird12.cern.ch&noUDP&sock=schedd_5055_e355>
...
040 (13689925.000.000) 03/10 16:44:48 Started transferring input files
	Transferring to host: <188.185.208.79:9618?addrs=188.185.208.79-9618+[2001-1458-303-f--100-4c]-9618&alias=b9p09p3951.cern.ch&noUDP&sock=slot1_15_6174_e434_10198>
...
040 (13689925.000.000) 03/10 16:44:48 Finished transferring input files
...
001 (13689925.000.000) 03/10 16:44:49 Job executing on host: <188.185.208.79:9618?addrs=188.185.208.79-9618+[2001-1458-303-f--100-4c]-9618&alias=b9p09p3951.cern.ch&noUDP&sock=startd_4997_1ad7>
	SlotName: slot1_15@b9p09p3951.cern.ch
	CondorScratchDir = "/pool/condor/dir_2715284"
	Cpus = 1
	Disk = 3679
	GPUs = 0
	Memory = 3000
...
006 (13689925.000.000) 03/10 16:45:03 Image size of job updated: 960
	1  -  MemoryUsage of job (MB)
	960  -  ResidentSetSize of job (KB)
...
006 (13689925.000.000) 03/10 16:50:04 Image size of job updated: 871980
	852  -  MemoryUsage of job (MB)
	871980  -  ResidentSetSize of job (KB)
...
006 (13689925.000.000) 03/10 16:55:04 Image size of job updated: 1010280
	987  -  MemoryUsage of job (MB)
	1010280  -  ResidentSetSize of job (KB)
...
006 (13689925.000.000) 03/10 16:59:22 Image size of job updated: 1414452
	987  -  MemoryUsage of job (MB)
	1010280  -  ResidentSetSize of job (KB)
...
040 (13689925.000.000) 03/10 16:59:22 Started transferring output files
...
040 (13689925.000.000) 03/10 16:59:22 Finished transferring output files
...
005 (13689925.000.000) 03/10 16:59:22 Job terminated.
	(1) Normal termination (return value 0)
		Usr 0 00:10:43, Sys 0 00:00:14  -  Run Remote Usage
		Usr 0 00:00:00, Sys 0 00:00:00  -  Run Local Usage
		Usr 0 00:10:43, Sys 0 00:00:14  -  Total Remote Usage
		Usr 0 00:00:00, Sys 0 00:00:00  -  Total Local Usage
	3311  -  Run Bytes Sent By Job
	11052  -  Run Bytes Received By Job
	3311  -  Total Bytes Sent By Job
	11052  -  Total Bytes Received By Job
	Partitionable Resources :     Usage  Request Allocated 
	   Cpus                 :      0.30        1         1 
	   Disk (KB)            : 152595          12      3679 
	   GPUs                 :                            0 
	   Memory (MB)          :    987        3000      3000 

	Job terminated of its own accord at 2025-03-10T15:59:22Z with exit-code 0.
...
