000 (13689783.000.000) 03/10 16:02:40 Job submitted from host: <137.138.120.116:9618?addrs=137.138.120.116-9618+[2001-1458-d00-16--17b]-9618&alias=bigbird12.cern.ch&noUDP&sock=schedd_5055_e355>
...
040 (13689783.000.000) 03/10 16:44:00 Started transferring input files
	Transferring to host: <188.185.210.163:9618?addrs=188.185.210.163-9618+[2001-1458-303-15--100-1f]-9618&alias=b9p22p8369.cern.ch&noUDP&sock=slot1_15_391081_b178_9948>
...
040 (13689783.000.000) 03/10 16:44:00 Finished transferring input files
...
001 (13689783.000.000) 03/10 16:44:01 Job executing on host: <188.185.210.163:9618?addrs=188.185.210.163-9618+[2001-1458-303-15--100-1f]-9618&alias=b9p22p8369.cern.ch&noUDP&sock=startd_6733_db40>
	SlotName: slot1_15@b9p22p8369.cern.ch
	CondorScratchDir = "/pool/condor/dir_747130"
	Cpus = 1
	Disk = 3834
	GPUs = 0
	Memory = 3000
...
006 (13689783.000.000) 03/10 16:44:09 Image size of job updated: 2608
	3  -  MemoryUsage of job (MB)
	2608  -  ResidentSetSize of job (KB)
...
006 (13689783.000.000) 03/10 16:49:09 Image size of job updated: 1204552
	1177  -  MemoryUsage of job (MB)
	1204552  -  ResidentSetSize of job (KB)
...
006 (13689783.000.000) 03/10 16:54:10 Image size of job updated: 1326224
	1296  -  MemoryUsage of job (MB)
	1326224  -  ResidentSetSize of job (KB)
...
006 (13689783.000.000) 03/10 16:59:10 Image size of job updated: 1440100
	1407  -  MemoryUsage of job (MB)
	1440100  -  ResidentSetSize of job (KB)
...
006 (13689783.000.000) 03/10 17:04:10 Image size of job updated: 1552444
	1517  -  MemoryUsage of job (MB)
	1552444  -  ResidentSetSize of job (KB)
...
006 (13689783.000.000) 03/10 17:09:11 Image size of job updated: 1666844
	1628  -  MemoryUsage of job (MB)
	1666844  -  ResidentSetSize of job (KB)
...
006 (13689783.000.000) 03/10 17:14:12 Image size of job updated: 1779156
	1738  -  MemoryUsage of job (MB)
	1779156  -  ResidentSetSize of job (KB)
...
006 (13689783.000.000) 03/10 17:19:12 Image size of job updated: 1895776
	1852  -  MemoryUsage of job (MB)
	1895776  -  ResidentSetSize of job (KB)
...
006 (13689783.000.000) 03/10 17:24:13 Image size of job updated: 2007160
	1961  -  MemoryUsage of job (MB)
	2007160  -  ResidentSetSize of job (KB)
...
006 (13689783.000.000) 03/10 17:29:14 Image size of job updated: 2094748
	2046  -  MemoryUsage of job (MB)
	2094748  -  ResidentSetSize of job (KB)
...
006 (13689783.000.000) 03/10 17:34:14 Image size of job updated: 2211780
	2160  -  MemoryUsage of job (MB)
	2211780  -  ResidentSetSize of job (KB)
...
006 (13689783.000.000) 03/10 17:39:14 Image size of job updated: 2327836
	2274  -  MemoryUsage of job (MB)
	2327836  -  ResidentSetSize of job (KB)
...
006 (13689783.000.000) 03/10 17:44:15 Image size of job updated: 2442396
	2386  -  MemoryUsage of job (MB)
	2442396  -  ResidentSetSize of job (KB)
...
006 (13689783.000.000) 03/10 17:49:15 Image size of job updated: 2559028
	2500  -  MemoryUsage of job (MB)
	2559028  -  ResidentSetSize of job (KB)
...
006 (13689783.000.000) 03/10 17:54:15 Image size of job updated: 2669328
	2607  -  MemoryUsage of job (MB)
	2669328  -  ResidentSetSize of job (KB)
...
006 (13689783.000.000) 03/10 17:59:16 Image size of job updated: 2786124
	2721  -  MemoryUsage of job (MB)
	2786124  -  ResidentSetSize of job (KB)
...
006 (13689783.000.000) 03/10 18:04:17 Image size of job updated: 3171212
	3097  -  MemoryUsage of job (MB)
	3171212  -  ResidentSetSize of job (KB)
...
040 (13689783.000.000) 03/10 18:05:00 Started transferring output files
...
040 (13689783.000.000) 03/10 18:05:00 Finished transferring output files
...
005 (13689783.000.000) 03/10 18:05:00 Job terminated.
	(1) Normal termination (return value 0)
		Usr 0 01:04:18, Sys 0 00:00:44  -  Run Remote Usage
		Usr 0 00:00:00, Sys 0 00:00:00  -  Run Local Usage
		Usr 0 01:04:18, Sys 0 00:00:44  -  Total Remote Usage
		Usr 0 00:00:00, Sys 0 00:00:00  -  Total Local Usage
	5702  -  Run Bytes Sent By Job
	11046  -  Run Bytes Received By Job
	5702  -  Total Bytes Sent By Job
	11046  -  Total Bytes Received By Job
	Partitionable Resources :     Usage  Request Allocated 
	   Cpus                 :      0.98        1         1 
	   Disk (KB)            : 749533          12      3834 
	   GPUs                 :                            0 
	   Memory (MB)          :   3097        3000      3000 

	Job terminated of its own accord at 2025-03-10T17:05:00Z with exit-code 0.
...
