000 (13689972.000.000) 03/10 16:04:36 Job submitted from host: <137.138.120.116:9618?addrs=137.138.120.116-9618+[2001-1458-d00-16--17b]-9618&alias=bigbird12.cern.ch&noUDP&sock=schedd_5055_e355>
...
040 (13689972.000.000) 03/10 16:45:04 Started transferring input files
	Transferring to host: <128.142.192.150:9618?addrs=128.142.192.150-9618+[2001-1458-301-56--100-12]-9618&alias=b9g18p2543.cern.ch&noUDP&sock=slot1_16_3101_af57_4669>
...
040 (13689972.000.000) 03/10 16:45:04 Finished transferring input files
...
001 (13689972.000.000) 03/10 16:45:05 Job executing on host: <128.142.192.150:9618?addrs=128.142.192.150-9618+[2001-1458-301-56--100-12]-9618&alias=b9g18p2543.cern.ch&noUDP&sock=startd_2671_a98d>
	SlotName: slot1_16@b9g18p2543.cern.ch
	CondorScratchDir = "/pool/condor/dir_3125891"
	Cpus = 1
	Disk = 2942929
	Memory = 3000
...
006 (13689972.000.000) 03/10 16:45:13 Image size of job updated: 43256
	35  -  MemoryUsage of job (MB)
	34860  -  ResidentSetSize of job (KB)
...
006 (13689972.000.000) 03/10 16:50:13 Image size of job updated: 1120584
	1095  -  MemoryUsage of job (MB)
	1120584  -  ResidentSetSize of job (KB)
...
006 (13689972.000.000) 03/10 16:55:14 Image size of job updated: 1230164
	1202  -  MemoryUsage of job (MB)
	1230160  -  ResidentSetSize of job (KB)
...
006 (13689972.000.000) 03/10 17:00:15 Image size of job updated: 1297256
	1267  -  MemoryUsage of job (MB)
	1297216  -  ResidentSetSize of job (KB)
...
006 (13689972.000.000) 03/10 17:05:15 Image size of job updated: 1370116
	1338  -  MemoryUsage of job (MB)
	1369856  -  ResidentSetSize of job (KB)
...
006 (13689972.000.000) 03/10 17:10:15 Image size of job updated: 1444384
	1411  -  MemoryUsage of job (MB)
	1444384  -  ResidentSetSize of job (KB)
...
006 (13689972.000.000) 03/10 17:13:05 Image size of job updated: 1843264
	1411  -  MemoryUsage of job (MB)
	1444384  -  ResidentSetSize of job (KB)
...
040 (13689972.000.000) 03/10 17:13:05 Started transferring output files
...
040 (13689972.000.000) 03/10 17:13:05 Finished transferring output files
...
005 (13689972.000.000) 03/10 17:13:05 Job terminated.
	(1) Normal termination (return value 0)
		Usr 0 00:22:34, Sys 0 00:00:16  -  Run Remote Usage
		Usr 0 00:00:00, Sys 0 00:00:00  -  Run Local Usage
		Usr 0 00:22:34, Sys 0 00:00:16  -  Total Remote Usage
		Usr 0 00:00:00, Sys 0 00:00:00  -  Total Local Usage
	3149  -  Run Bytes Sent By Job
	11052  -  Run Bytes Received By Job
	3149  -  Total Bytes Sent By Job
	11052  -  Total Bytes Received By Job
	Partitionable Resources :     Usage  Request Allocated 
	   Cpus                 :      0.99        1         1 
	   Disk (KB)            : 137881          12   2942929 
	   Memory (MB)          :   1411        3000      3000 

	Job terminated of its own accord at 2025-03-10T16:13:05Z with exit-code 0.
...
