000 (13689885.000.000) 03/10 16:03:41 Job submitted from host: <137.138.120.116:9618?addrs=137.138.120.116-9618+[2001-1458-d00-16--17b]-9618&alias=bigbird12.cern.ch&noUDP&sock=schedd_5055_e355>
...
040 (13689885.000.000) 03/10 16:44:35 Started transferring input files
	Transferring to host: <188.185.211.47:9618?addrs=188.185.211.47-9618+[2001-1458-303-16--100-2b]-9618&alias=b9p23p3488.cern.ch&noUDP&sock=slot1_30_3083519_d567_9527>
...
040 (13689885.000.000) 03/10 16:44:35 Finished transferring input files
...
001 (13689885.000.000) 03/10 16:44:36 Job executing on host: <188.185.211.47:9618?addrs=188.185.211.47-9618+[2001-1458-303-16--100-2b]-9618&alias=b9p23p3488.cern.ch&noUDP&sock=startd_4169_2a6c>
	SlotName: slot1_30@b9p23p3488.cern.ch
	CondorScratchDir = "/pool/condor/dir_983095"
	Cpus = 1
	Disk = 3864
	GPUs = 0
	Memory = 3000
...
006 (13689885.000.000) 03/10 16:44:45 Image size of job updated: 2176
	3  -  MemoryUsage of job (MB)
	2176  -  ResidentSetSize of job (KB)
...
006 (13689885.000.000) 03/10 16:49:46 Image size of job updated: 1199788
	1172  -  MemoryUsage of job (MB)
	1199788  -  ResidentSetSize of job (KB)
...
040 (13689885.000.000) 03/10 16:51:03 Started transferring output files
...
040 (13689885.000.000) 03/10 16:51:03 Finished transferring output files
...
005 (13689885.000.000) 03/10 16:51:03 Job terminated.
	(1) Normal termination (return value 0)
		Usr 0 00:03:01, Sys 0 00:00:10  -  Run Remote Usage
		Usr 0 00:00:00, Sys 0 00:00:00  -  Run Local Usage
		Usr 0 00:03:01, Sys 0 00:00:10  -  Total Remote Usage
		Usr 0 00:00:00, Sys 0 00:00:00  -  Total Local Usage
	2822  -  Run Bytes Sent By Job
	11052  -  Run Bytes Received By Job
	2822  -  Total Bytes Sent By Job
	11052  -  Total Bytes Received By Job
	Partitionable Resources :    Usage  Request Allocated 
	   Cpus                 :        0        1         1 
	   Disk (KB)            :    30364       12      3864 
	   GPUs                 :                           0 
	   Memory (MB)          :     1172     3000      3000 

	Job terminated of its own accord at 2025-03-10T15:51:03Z with exit-code 0.
...
