000 (13689966.000.000) 03/10 16:04:31 Job submitted from host: <137.138.120.116:9618?addrs=137.138.120.116-9618+[2001-1458-d00-16--17b]-9618&alias=bigbird12.cern.ch&noUDP&sock=schedd_5055_e355>
...
040 (13689966.000.000) 03/10 16:45:01 Started transferring input files
	Transferring to host: <188.185.210.228:9618?addrs=188.185.210.228-9618+[2001-1458-303-15--100-60]-9618&alias=b9p22p8531.cern.ch&noUDP&sock=slot1_12_3886_c9d7_103711>
...
040 (13689966.000.000) 03/10 16:45:01 Finished transferring input files
...
001 (13689966.000.000) 03/10 16:45:02 Job executing on host: <188.185.210.228:9618?addrs=188.185.210.228-9618+[2001-1458-303-15--100-60]-9618&alias=b9p22p8531.cern.ch&noUDP&sock=startd_3180_cb41>
	SlotName: slot1_12@b9p22p8531.cern.ch
	CondorScratchDir = "/pool/condor/dir_2040258"
	Cpus = 1
	Disk = 3849
	GPUs = 0
	Memory = 3000
...
006 (13689966.000.000) 03/10 16:45:11 Image size of job updated: 14312
	14  -  MemoryUsage of job (MB)
	14312  -  ResidentSetSize of job (KB)
...
006 (13689966.000.000) 03/10 16:49:40 Image size of job updated: 320880
	314  -  MemoryUsage of job (MB)
	320880  -  ResidentSetSize of job (KB)
...
040 (13689966.000.000) 03/10 16:49:41 Started transferring output files
...
040 (13689966.000.000) 03/10 16:49:41 Finished transferring output files
...
005 (13689966.000.000) 03/10 16:49:41 Job terminated.
	(1) Normal termination (return value 0)
		Usr 0 00:02:53, Sys 0 00:00:11  -  Run Remote Usage
		Usr 0 00:00:00, Sys 0 00:00:00  -  Run Local Usage
		Usr 0 00:02:53, Sys 0 00:00:11  -  Total Remote Usage
		Usr 0 00:00:00, Sys 0 00:00:00  -  Total Local Usage
	2820  -  Run Bytes Sent By Job
	11052  -  Run Bytes Received By Job
	2820  -  Total Bytes Sent By Job
	11052  -  Total Bytes Received By Job
	Partitionable Resources :    Usage  Request Allocated 
	   Cpus                 :        0        1         1 
	   Disk (KB)            :    32590       12      3849 
	   GPUs                 :                           0 
	   Memory (MB)          :      314     3000      3000 

	Job terminated of its own accord at 2025-03-10T15:49:40Z with exit-code 0.
...
