000 (13689924.000.000) 03/10 16:04:04 Job submitted from host: <137.138.120.116:9618?addrs=137.138.120.116-9618+[2001-1458-d00-16--17b]-9618&alias=bigbird12.cern.ch&noUDP&sock=schedd_5055_e355>
...
040 (13689924.000.000) 03/10 16:44:48 Started transferring input files
	Transferring to host: <188.185.211.228:9618?addrs=188.185.211.228-9618+[2001-1458-303-17--100-60]-9618&alias=b9p24p7251.cern.ch&noUDP&sock=slot1_3_618187_6a4b_44326>
...
040 (13689924.000.000) 03/10 16:44:48 Finished transferring input files
...
001 (13689924.000.000) 03/10 16:44:49 Job executing on host: <188.185.211.228:9618?addrs=188.185.211.228-9618+[2001-1458-303-17--100-60]-9618&alias=b9p24p7251.cern.ch&noUDP&sock=startd_4195_ffe2>
	SlotName: slot1_3@b9p24p7251.cern.ch
	CondorScratchDir = "/pool/condor/dir_1157563"
	Cpus = 1
	Disk = 3863
	GPUs = 0
	Memory = 3000
...
006 (13689924.000.000) 03/10 16:44:58 Image size of job updated: 15044
	15  -  MemoryUsage of job (MB)
	15044  -  ResidentSetSize of job (KB)
...
006 (13689924.000.000) 03/10 16:49:59 Image size of job updated: 1185316
	1158  -  MemoryUsage of job (MB)
	1185316  -  ResidentSetSize of job (KB)
...
006 (13689924.000.000) 03/10 16:55:00 Image size of job updated: 1311752
	1282  -  MemoryUsage of job (MB)
	1311752  -  ResidentSetSize of job (KB)
...
006 (13689924.000.000) 03/10 17:00:00 Image size of job updated: 1445632
	1412  -  MemoryUsage of job (MB)
	1445632  -  ResidentSetSize of job (KB)
...
006 (13689924.000.000) 03/10 17:05:00 Image size of job updated: 1576832
	1540  -  MemoryUsage of job (MB)
	1576832  -  ResidentSetSize of job (KB)
...
006 (13689924.000.000) 03/10 17:10:01 Image size of job updated: 1700128
	1661  -  MemoryUsage of job (MB)
	1700128  -  ResidentSetSize of job (KB)
...
006 (13689924.000.000) 03/10 17:15:01 Image size of job updated: 1834024
	1792  -  MemoryUsage of job (MB)
	1834024  -  ResidentSetSize of job (KB)
...
006 (13689924.000.000) 03/10 17:20:01 Image size of job updated: 1966872
	1921  -  MemoryUsage of job (MB)
	1966872  -  ResidentSetSize of job (KB)
...
006 (13689924.000.000) 03/10 17:25:02 Image size of job updated: 2090948
	2042  -  MemoryUsage of job (MB)
	2090948  -  ResidentSetSize of job (KB)
...
006 (13689924.000.000) 03/10 17:30:03 Image size of job updated: 2224184
	2173  -  MemoryUsage of job (MB)
	2224184  -  ResidentSetSize of job (KB)
...
040 (13689924.000.000) 03/10 17:34:41 Started transferring output files
...
040 (13689924.000.000) 03/10 17:34:41 Finished transferring output files
...
005 (13689924.000.000) 03/10 17:34:41 Job terminated.
	(1) Normal termination (return value 0)
		Usr 0 00:40:56, Sys 0 00:00:38  -  Run Remote Usage
		Usr 0 00:00:00, Sys 0 00:00:00  -  Run Local Usage
		Usr 0 00:40:56, Sys 0 00:00:38  -  Total Remote Usage
		Usr 0 00:00:00, Sys 0 00:00:00  -  Total Local Usage
	4851  -  Run Bytes Sent By Job
	11052  -  Run Bytes Received By Job
	4851  -  Total Bytes Sent By Job
	11052  -  Total Bytes Received By Job
	Partitionable Resources :     Usage  Request Allocated 
	   Cpus                 :      0.68        1         1 
	   Disk (KB)            : 521031          12      3863 
	   GPUs                 :                            0 
	   Memory (MB)          :   2173        3000      3000 

	Job terminated of its own accord at 2025-03-10T16:34:41Z with exit-code 0.
...
