000 (13689832.000.000) 03/10 16:03:08 Job submitted from host: <137.138.120.116:9618?addrs=137.138.120.116-9618+[2001-1458-d00-16--17b]-9618&alias=bigbird12.cern.ch&noUDP&sock=schedd_5055_e355>
...
040 (13689832.000.000) 03/10 16:44:17 Started transferring input files
	Transferring to host: <188.185.204.161:9618?addrs=188.185.204.161-9618+[2001-1458-303-8--100-95]-9618&alias=b9p02p1823.cern.ch&noUDP&sock=slot1_28_8829_9440_23812>
...
040 (13689832.000.000) 03/10 16:44:17 Finished transferring input files
...
001 (13689832.000.000) 03/10 16:44:18 Job executing on host: <188.185.204.161:9618?addrs=188.185.204.161-9618+[2001-1458-303-8--100-95]-9618&alias=b9p02p1823.cern.ch&noUDP&sock=startd_7554_fe81>
	SlotName: slot1_28@b9p02p1823.cern.ch
	CondorScratchDir = "/pool/condor/dir_4132764"
	Cpus = 1
	Disk = 3642
	GPUs = 0
	Memory = 3000
...
006 (13689832.000.000) 03/10 16:44:32 Image size of job updated: 4028
	4  -  MemoryUsage of job (MB)
	4028  -  ResidentSetSize of job (KB)
...
006 (13689832.000.000) 03/10 16:49:33 Image size of job updated: 852160
	833  -  MemoryUsage of job (MB)
	852160  -  ResidentSetSize of job (KB)
...
006 (13689832.000.000) 03/10 16:54:33 Image size of job updated: 976020
	954  -  MemoryUsage of job (MB)
	976020  -  ResidentSetSize of job (KB)
...
006 (13689832.000.000) 03/10 16:59:34 Image size of job updated: 1101540
	1076  -  MemoryUsage of job (MB)
	1101540  -  ResidentSetSize of job (KB)
...
006 (13689832.000.000) 03/10 17:04:34 Image size of job updated: 1219472
	1191  -  MemoryUsage of job (MB)
	1219472  -  ResidentSetSize of job (KB)
...
006 (13689832.000.000) 03/10 17:09:34 Image size of job updated: 1332740
	1302  -  MemoryUsage of job (MB)
	1332740  -  ResidentSetSize of job (KB)
...
006 (13689832.000.000) 03/10 17:14:35 Image size of job updated: 1446116
	1413  -  MemoryUsage of job (MB)
	1446116  -  ResidentSetSize of job (KB)
...
006 (13689832.000.000) 03/10 17:19:35 Image size of job updated: 1557640
	1522  -  MemoryUsage of job (MB)
	1557640  -  ResidentSetSize of job (KB)
...
006 (13689832.000.000) 03/10 17:24:36 Image size of job updated: 1760496
	1720  -  MemoryUsage of job (MB)
	1760496  -  ResidentSetSize of job (KB)
...
006 (13689832.000.000) 03/10 17:25:20 Image size of job updated: 1974640
	1720  -  MemoryUsage of job (MB)
	1760496  -  ResidentSetSize of job (KB)
...
040 (13689832.000.000) 03/10 17:25:21 Started transferring output files
...
040 (13689832.000.000) 03/10 17:25:21 Finished transferring output files
...
005 (13689832.000.000) 03/10 17:25:21 Job terminated.
	(1) Normal termination (return value 0)
		Usr 0 00:32:56, Sys 0 00:00:30  -  Run Remote Usage
		Usr 0 00:00:00, Sys 0 00:00:00  -  Run Local Usage
		Usr 0 00:32:56, Sys 0 00:00:30  -  Total Remote Usage
		Usr 0 00:00:00, Sys 0 00:00:00  -  Total Local Usage
	3948  -  Run Bytes Sent By Job
	11046  -  Run Bytes Received By Job
	3948  -  Total Bytes Sent By Job
	11046  -  Total Bytes Received By Job
	Partitionable Resources :     Usage  Request Allocated 
	   Cpus                 :      0.98        1         1 
	   Disk (KB)            : 379483          12      3642 
	   GPUs                 :                            0 
	   Memory (MB)          :   1720        3000      3000 

	Job terminated of its own accord at 2025-03-10T16:25:20Z with exit-code 0.
...
