000 (13689793.000.000) 03/10 16:02:46 Job submitted from host: <137.138.120.116:9618?addrs=137.138.120.116-9618+[2001-1458-d00-16--17b]-9618&alias=bigbird12.cern.ch&noUDP&sock=schedd_5055_e355>
...
040 (13689793.000.000) 03/10 16:44:04 Started transferring input files
	Transferring to host: <188.185.214.224:9618?addrs=188.185.214.224-9618+[2001-1458-303-1d--100-5c]-9618&alias=b9p30p6303.cern.ch&noUDP&sock=slot1_7_4052_c01e_97508>
...
040 (13689793.000.000) 03/10 16:44:04 Finished transferring input files
...
001 (13689793.000.000) 03/10 16:44:05 Job executing on host: <188.185.214.224:9618?addrs=188.185.214.224-9618+[2001-1458-303-1d--100-5c]-9618&alias=b9p30p6303.cern.ch&noUDP&sock=startd_3351_15f3>
	SlotName: slot1_7@b9p30p6303.cern.ch
	CondorScratchDir = "/pool/condor/dir_4146926"
	Cpus = 1
	Disk = 3821
	GPUs = 0
	Memory = 3000
...
006 (13689793.000.000) 03/10 16:44:14 Image size of job updated: 28124
	28  -  MemoryUsage of job (MB)
	28124  -  ResidentSetSize of job (KB)
...
006 (13689793.000.000) 03/10 16:49:15 Image size of job updated: 1238156
	1210  -  MemoryUsage of job (MB)
	1238156  -  ResidentSetSize of job (KB)
...
006 (13689793.000.000) 03/10 16:54:15 Image size of job updated: 1330000
	1299  -  MemoryUsage of job (MB)
	1330000  -  ResidentSetSize of job (KB)
...
006 (13689793.000.000) 03/10 16:59:15 Image size of job updated: 1429252
	1396  -  MemoryUsage of job (MB)
	1429252  -  ResidentSetSize of job (KB)
...
006 (13689793.000.000) 03/10 17:04:16 Image size of job updated: 1514460
	1479  -  MemoryUsage of job (MB)
	1514460  -  ResidentSetSize of job (KB)
...
006 (13689793.000.000) 03/10 17:09:16 Image size of job updated: 1604064
	1567  -  MemoryUsage of job (MB)
	1604064  -  ResidentSetSize of job (KB)
...
006 (13689793.000.000) 03/10 17:14:16 Image size of job updated: 1686816
	1648  -  MemoryUsage of job (MB)
	1686816  -  ResidentSetSize of job (KB)
...
006 (13689793.000.000) 03/10 17:19:17 Image size of job updated: 1790000
	1749  -  MemoryUsage of job (MB)
	1790000  -  ResidentSetSize of job (KB)
...
006 (13689793.000.000) 03/10 17:24:18 Image size of job updated: 1897300
	1853  -  MemoryUsage of job (MB)
	1897300  -  ResidentSetSize of job (KB)
...
006 (13689793.000.000) 03/10 17:29:18 Image size of job updated: 2007308
	1961  -  MemoryUsage of job (MB)
	2007308  -  ResidentSetSize of job (KB)
...
006 (13689793.000.000) 03/10 17:34:19 Image size of job updated: 2119732
	2071  -  MemoryUsage of job (MB)
	2119732  -  ResidentSetSize of job (KB)
...
006 (13689793.000.000) 03/10 17:39:20 Image size of job updated: 2232772
	2181  -  MemoryUsage of job (MB)
	2232772  -  ResidentSetSize of job (KB)
...
006 (13689793.000.000) 03/10 17:44:20 Image size of job updated: 2343280
	2289  -  MemoryUsage of job (MB)
	2343280  -  ResidentSetSize of job (KB)
...
006 (13689793.000.000) 03/10 17:49:20 Image size of job updated: 2555608
	2496  -  MemoryUsage of job (MB)
	2555608  -  ResidentSetSize of job (KB)
...
040 (13689793.000.000) 03/10 17:51:39 Started transferring output files
...
040 (13689793.000.000) 03/10 17:51:39 Finished transferring output files
...
005 (13689793.000.000) 03/10 17:51:39 Job terminated.
	(1) Normal termination (return value 0)
		Usr 0 00:53:44, Sys 0 00:00:51  -  Run Remote Usage
		Usr 0 00:00:00, Sys 0 00:00:00  -  Run Local Usage
		Usr 0 00:53:44, Sys 0 00:00:51  -  Total Remote Usage
		Usr 0 00:00:00, Sys 0 00:00:00  -  Total Local Usage
	4597  -  Run Bytes Sent By Job
	11046  -  Run Bytes Received By Job
	4597  -  Total Bytes Sent By Job
	11046  -  Total Bytes Received By Job
	Partitionable Resources :     Usage  Request Allocated 
	   Cpus                 :      0.98        1         1 
	   Disk (KB)            : 556259          12      3821 
	   GPUs                 :                            0 
	   Memory (MB)          :   2496        3000      3000 

	Job terminated of its own accord at 2025-03-10T16:51:39Z with exit-code 0.
...
