000 (13689778.000.000) 03/10 16:02:36 Job submitted from host: <137.138.120.116:9618?addrs=137.138.120.116-9618+[2001-1458-d00-16--17b]-9618&alias=bigbird12.cern.ch&noUDP&sock=schedd_5055_e355>
...
040 (13689778.000.000) 03/10 16:43:59 Started transferring input files
	Transferring to host: <188.185.212.25:9618?addrs=188.185.212.25-9618+[2001-1458-303-18--100-15]-9618&alias=b9p25p0187.cern.ch&noUDP&sock=slot1_39_1971223_adb8_28380>
...
040 (13689778.000.000) 03/10 16:43:59 Finished transferring input files
...
001 (13689778.000.000) 03/10 16:44:00 Job executing on host: <188.185.212.25:9618?addrs=188.185.212.25-9618+[2001-1458-303-18--100-15]-9618&alias=b9p25p0187.cern.ch&noUDP&sock=startd_3258_4ba5>
	SlotName: slot1_39@b9p25p0187.cern.ch
	CondorScratchDir = "/pool/condor/dir_2813800"
	Cpus = 1
	Disk = 3796
	GPUs = 0
	Memory = 3000
...
006 (13689778.000.000) 03/10 16:44:08 Image size of job updated: 4884
	5  -  MemoryUsage of job (MB)
	4884  -  ResidentSetSize of job (KB)
...
006 (13689778.000.000) 03/10 16:49:08 Image size of job updated: 1146304
	1120  -  MemoryUsage of job (MB)
	1146304  -  ResidentSetSize of job (KB)
...
006 (13689778.000.000) 03/10 16:54:09 Image size of job updated: 1272028
	1243  -  MemoryUsage of job (MB)
	1272028  -  ResidentSetSize of job (KB)
...
006 (13689778.000.000) 03/10 16:59:09 Image size of job updated: 1392880
	1361  -  MemoryUsage of job (MB)
	1392880  -  ResidentSetSize of job (KB)
...
006 (13689778.000.000) 03/10 17:04:09 Image size of job updated: 1519320
	1484  -  MemoryUsage of job (MB)
	1519320  -  ResidentSetSize of job (KB)
...
006 (13689778.000.000) 03/10 17:09:10 Image size of job updated: 1651608
	1613  -  MemoryUsage of job (MB)
	1651608  -  ResidentSetSize of job (KB)
...
006 (13689778.000.000) 03/10 17:14:11 Image size of job updated: 1771668
	1731  -  MemoryUsage of job (MB)
	1771668  -  ResidentSetSize of job (KB)
...
006 (13689778.000.000) 03/10 17:19:11 Image size of job updated: 1889532
	1846  -  MemoryUsage of job (MB)
	1889532  -  ResidentSetSize of job (KB)
...
040 (13689778.000.000) 03/10 17:21:51 Started transferring output files
...
040 (13689778.000.000) 03/10 17:21:51 Finished transferring output files
...
005 (13689778.000.000) 03/10 17:21:51 Job terminated.
	(1) Normal termination (return value 0)
		Usr 0 00:30:15, Sys 0 00:00:24  -  Run Remote Usage
		Usr 0 00:00:00, Sys 0 00:00:00  -  Run Local Usage
		Usr 0 00:30:15, Sys 0 00:00:24  -  Total Remote Usage
		Usr 0 00:00:00, Sys 0 00:00:00  -  Total Local Usage
	3950  -  Run Bytes Sent By Job
	11046  -  Run Bytes Received By Job
	3950  -  Total Bytes Sent By Job
	11046  -  Total Bytes Received By Job
	Partitionable Resources :     Usage  Request Allocated 
	   Cpus                 :      0.66        1         1 
	   Disk (KB)            : 376153          12      3796 
	   GPUs                 :                            0 
	   Memory (MB)          :   1846        3000      3000 

	Job terminated of its own accord at 2025-03-10T16:21:51Z with exit-code 0.
...
