000 (13689933.000.000) 03/10 16:04:09 Job submitted from host: <137.138.120.116:9618?addrs=137.138.120.116-9618+[2001-1458-d00-16--17b]-9618&alias=bigbird12.cern.ch&noUDP&sock=schedd_5055_e355>
...
040 (13689933.000.000) 03/10 16:44:51 Started transferring input files
	Transferring to host: <188.185.209.91:9618?addrs=188.185.209.91-9618+[2001-1458-303-11--100-58]-9618&alias=b9p11p9821.cern.ch&noUDP&sock=slot1_18_3882_f857_110108>
...
040 (13689933.000.000) 03/10 16:44:51 Finished transferring input files
...
001 (13689933.000.000) 03/10 16:44:52 Job executing on host: <188.185.209.91:9618?addrs=188.185.209.91-9618+[2001-1458-303-11--100-58]-9618&alias=b9p11p9821.cern.ch&noUDP&sock=startd_3624_574e>
	SlotName: slot1_18@b9p11p9821.cern.ch
	CondorScratchDir = "/pool/condor/dir_3376768"
	Cpus = 1
	Disk = 3615
	GPUs = 0
	Memory = 3000
...
006 (13689933.000.000) 03/10 16:45:01 Image size of job updated: 2328
	3  -  MemoryUsage of job (MB)
	2328  -  ResidentSetSize of job (KB)
...
006 (13689933.000.000) 03/10 16:50:02 Image size of job updated: 1184228
	1157  -  MemoryUsage of job (MB)
	1184228  -  ResidentSetSize of job (KB)
...
006 (13689933.000.000) 03/10 16:55:03 Image size of job updated: 1311548
	1281  -  MemoryUsage of job (MB)
	1311548  -  ResidentSetSize of job (KB)
...
006 (13689933.000.000) 03/10 17:00:03 Image size of job updated: 1435544
	1402  -  MemoryUsage of job (MB)
	1435544  -  ResidentSetSize of job (KB)
...
006 (13689933.000.000) 03/10 17:05:04 Image size of job updated: 1564656
	1528  -  MemoryUsage of job (MB)
	1564656  -  ResidentSetSize of job (KB)
...
006 (13689933.000.000) 03/10 17:10:05 Image size of job updated: 1693220
	1654  -  MemoryUsage of job (MB)
	1693220  -  ResidentSetSize of job (KB)
...
006 (13689933.000.000) 03/10 17:15:05 Image size of job updated: 1924164
	1880  -  MemoryUsage of job (MB)
	1924164  -  ResidentSetSize of job (KB)
...
040 (13689933.000.000) 03/10 17:15:40 Started transferring output files
...
040 (13689933.000.000) 03/10 17:15:40 Finished transferring output files
...
005 (13689933.000.000) 03/10 17:15:40 Job terminated.
	(1) Normal termination (return value 0)
		Usr 0 00:24:27, Sys 0 00:00:24  -  Run Remote Usage
		Usr 0 00:00:00, Sys 0 00:00:00  -  Run Local Usage
		Usr 0 00:24:27, Sys 0 00:00:24  -  Total Remote Usage
		Usr 0 00:00:00, Sys 0 00:00:00  -  Total Local Usage
	3793  -  Run Bytes Sent By Job
	11052  -  Run Bytes Received By Job
	3793  -  Total Bytes Sent By Job
	11052  -  Total Bytes Received By Job
	Partitionable Resources :     Usage  Request Allocated 
	   Cpus                 :      0.98        1         1 
	   Disk (KB)            : 311317          12      3615 
	   GPUs                 :                            0 
	   Memory (MB)          :   1880        3000      3000 

	Job terminated of its own accord at 2025-03-10T16:15:40Z with exit-code 0.
...
