000 (13689802.000.000) 03/10 16:02:50 Job submitted from host: <137.138.120.116:9618?addrs=137.138.120.116-9618+[2001-1458-d00-16--17b]-9618&alias=bigbird12.cern.ch&noUDP&sock=schedd_5055_e355>
...
040 (13689802.000.000) 03/10 16:44:06 Started transferring input files
	Transferring to host: <188.185.213.46:9618?addrs=188.185.213.46-9618+[2001-1458-303-1a--100-2a]-9618&alias=b9p27p1148.cern.ch&noUDP&sock=slot1_28_4540_9732_34315>
...
040 (13689802.000.000) 03/10 16:44:06 Finished transferring input files
...
001 (13689802.000.000) 03/10 16:44:07 Job executing on host: <188.185.213.46:9618?addrs=188.185.213.46-9618+[2001-1458-303-1a--100-2a]-9618&alias=b9p27p1148.cern.ch&noUDP&sock=startd_3795_a200>
	SlotName: slot1_28@b9p27p1148.cern.ch
	CondorScratchDir = "/pool/condor/dir_4096076"
	Cpus = 1
	Disk = 3830
	GPUs = 0
	Memory = 3000
...
006 (13689802.000.000) 03/10 16:44:20 Image size of job updated: 131056
	128  -  MemoryUsage of job (MB)
	131056  -  ResidentSetSize of job (KB)
...
006 (13689802.000.000) 03/10 16:49:20 Image size of job updated: 867400
	848  -  MemoryUsage of job (MB)
	867400  -  ResidentSetSize of job (KB)
...
006 (13689802.000.000) 03/10 16:54:21 Image size of job updated: 1001304
	978  -  MemoryUsage of job (MB)
	1001304  -  ResidentSetSize of job (KB)
...
006 (13689802.000.000) 03/10 16:59:21 Image size of job updated: 1135912
	1110  -  MemoryUsage of job (MB)
	1135912  -  ResidentSetSize of job (KB)
...
006 (13689802.000.000) 03/10 17:04:21 Image size of job updated: 1263224
	1234  -  MemoryUsage of job (MB)
	1263224  -  ResidentSetSize of job (KB)
...
006 (13689802.000.000) 03/10 17:06:28 Image size of job updated: 1617148
	1234  -  MemoryUsage of job (MB)
	1263224  -  ResidentSetSize of job (KB)
...
040 (13689802.000.000) 03/10 17:06:28 Started transferring output files
...
040 (13689802.000.000) 03/10 17:06:28 Finished transferring output files
...
005 (13689802.000.000) 03/10 17:06:28 Job terminated.
	(1) Normal termination (return value 0)
		Usr 0 00:18:05, Sys 0 00:00:18  -  Run Remote Usage
		Usr 0 00:00:00, Sys 0 00:00:00  -  Run Local Usage
		Usr 0 00:18:05, Sys 0 00:00:18  -  Total Remote Usage
		Usr 0 00:00:00, Sys 0 00:00:00  -  Total Local Usage
	3465  -  Run Bytes Sent By Job
	11046  -  Run Bytes Received By Job
	3465  -  Total Bytes Sent By Job
	11046  -  Total Bytes Received By Job
	Partitionable Resources :     Usage  Request Allocated 
	   Cpus                 :      0.51        1         1 
	   Disk (KB)            : 233382          12      3830 
	   GPUs                 :                            0 
	   Memory (MB)          :   1234        3000      3000 

	Job terminated of its own accord at 2025-03-10T16:06:28Z with exit-code 0.
...
