000 (13689884.000.000) 03/10 16:03:41 Job submitted from host: <137.138.120.116:9618?addrs=137.138.120.116-9618+[2001-1458-d00-16--17b]-9618&alias=bigbird12.cern.ch&noUDP&sock=schedd_5055_e355>
...
040 (13689884.000.000) 03/10 16:44:34 Started transferring input files
	Transferring to host: <188.185.215.192:9618?addrs=188.185.215.192-9618+[2001-1458-303-26--100-3c]-9618&alias=b9p18p7291.cern.ch&noUDP&sock=slot1_8_4983_b964_110187>
...
040 (13689884.000.000) 03/10 16:44:34 Finished transferring input files
...
001 (13689884.000.000) 03/10 16:44:35 Job executing on host: <188.185.215.192:9618?addrs=188.185.215.192-9618+[2001-1458-303-26--100-3c]-9618&alias=b9p18p7291.cern.ch&noUDP&sock=startd_4006_5c7c>
	SlotName: slot1_8@b9p18p7291.cern.ch
	CondorScratchDir = "/pool/condor/dir_3031178"
	Cpus = 1
	Disk = 3808
	GPUs = 0
	Memory = 3000
...
006 (13689884.000.000) 03/10 16:44:44 Image size of job updated: 2400
	3  -  MemoryUsage of job (MB)
	2400  -  ResidentSetSize of job (KB)
...
006 (13689884.000.000) 03/10 16:49:45 Image size of job updated: 1212948
	1185  -  MemoryUsage of job (MB)
	1212948  -  ResidentSetSize of job (KB)
...
006 (13689884.000.000) 03/10 16:54:46 Image size of job updated: 1333256
	1303  -  MemoryUsage of job (MB)
	1333256  -  ResidentSetSize of job (KB)
...
006 (13689884.000.000) 03/10 16:59:46 Image size of job updated: 1450752
	1417  -  MemoryUsage of job (MB)
	1450752  -  ResidentSetSize of job (KB)
...
006 (13689884.000.000) 03/10 17:04:46 Image size of job updated: 1566180
	1530  -  MemoryUsage of job (MB)
	1566180  -  ResidentSetSize of job (KB)
...
040 (13689884.000.000) 03/10 17:07:27 Started transferring output files
...
040 (13689884.000.000) 03/10 17:07:27 Finished transferring output files
...
005 (13689884.000.000) 03/10 17:07:27 Job terminated.
	(1) Normal termination (return value 0)
		Usr 0 00:17:47, Sys 0 00:00:28  -  Run Remote Usage
		Usr 0 00:00:00, Sys 0 00:00:00  -  Run Local Usage
		Usr 0 00:17:47, Sys 0 00:00:28  -  Total Remote Usage
		Usr 0 00:00:00, Sys 0 00:00:00  -  Total Local Usage
	3645  -  Run Bytes Sent By Job
	11052  -  Run Bytes Received By Job
	3645  -  Total Bytes Sent By Job
	11052  -  Total Bytes Received By Job
	Partitionable Resources :     Usage  Request Allocated 
	   Cpus                 :      0.98        1         1 
	   Disk (KB)            : 218652          12      3808 
	   GPUs                 :                            0 
	   Memory (MB)          :   1530        3000      3000 

	Job terminated of its own accord at 2025-03-10T16:07:27Z with exit-code 0.
...
