000 (13689754.000.000) 03/10 16:02:23 Job submitted from host: <137.138.120.116:9618?addrs=137.138.120.116-9618+[2001-1458-d00-16--17b]-9618&alias=bigbird12.cern.ch&noUDP&sock=schedd_5055_e355>
...
040 (13689754.000.000) 03/10 16:43:51 Started transferring input files
	Transferring to host: <188.185.215.84:9618?addrs=188.185.215.84-9618+[2001-1458-303-1e--100-50]-9618&alias=b9p31p8082.cern.ch&noUDP&sock=slot1_11_3118_a9b8_93770>
...
040 (13689754.000.000) 03/10 16:43:51 Finished transferring input files
...
001 (13689754.000.000) 03/10 16:43:52 Job executing on host: <188.185.215.84:9618?addrs=188.185.215.84-9618+[2001-1458-303-1e--100-50]-9618&alias=b9p31p8082.cern.ch&noUDP&sock=startd_3065_e9dd>
	SlotName: slot1_11@b9p31p8082.cern.ch
	CondorScratchDir = "/pool/condor/dir_3198394"
	Cpus = 1
	Disk = 3720
	GPUs = 0
	Memory = 3000
...
006 (13689754.000.000) 03/10 16:44:01 Image size of job updated: 87544
	86  -  MemoryUsage of job (MB)
	87544  -  ResidentSetSize of job (KB)
...
006 (13689754.000.000) 03/10 16:49:02 Image size of job updated: 1145472
	1119  -  MemoryUsage of job (MB)
	1145472  -  ResidentSetSize of job (KB)
...
006 (13689754.000.000) 03/10 16:54:03 Image size of job updated: 1264788
	1236  -  MemoryUsage of job (MB)
	1264788  -  ResidentSetSize of job (KB)
...
006 (13689754.000.000) 03/10 16:59:03 Image size of job updated: 1379436
	1348  -  MemoryUsage of job (MB)
	1379436  -  ResidentSetSize of job (KB)
...
006 (13689754.000.000) 03/10 17:04:03 Image size of job updated: 1492168
	1458  -  MemoryUsage of job (MB)
	1492168  -  ResidentSetSize of job (KB)
...
006 (13689754.000.000) 03/10 17:09:04 Image size of job updated: 1603112
	1566  -  MemoryUsage of job (MB)
	1603112  -  ResidentSetSize of job (KB)
...
006 (13689754.000.000) 03/10 17:14:04 Image size of job updated: 1711552
	1672  -  MemoryUsage of job (MB)
	1711552  -  ResidentSetSize of job (KB)
...
006 (13689754.000.000) 03/10 17:19:04 Image size of job updated: 1820920
	1779  -  MemoryUsage of job (MB)
	1820920  -  ResidentSetSize of job (KB)
...
006 (13689754.000.000) 03/10 17:24:05 Image size of job updated: 1922584
	1878  -  MemoryUsage of job (MB)
	1922584  -  ResidentSetSize of job (KB)
...
006 (13689754.000.000) 03/10 17:29:06 Image size of job updated: 2025300
	1978  -  MemoryUsage of job (MB)
	2025300  -  ResidentSetSize of job (KB)
...
006 (13689754.000.000) 03/10 17:34:06 Image size of job updated: 2143288
	2094  -  MemoryUsage of job (MB)
	2143288  -  ResidentSetSize of job (KB)
...
006 (13689754.000.000) 03/10 17:39:07 Image size of job updated: 2263560
	2211  -  MemoryUsage of job (MB)
	2263560  -  ResidentSetSize of job (KB)
...
006 (13689754.000.000) 03/10 17:44:08 Image size of job updated: 2365696
	2311  -  MemoryUsage of job (MB)
	2365696  -  ResidentSetSize of job (KB)
...
006 (13689754.000.000) 03/10 17:49:08 Image size of job updated: 2483220
	2426  -  MemoryUsage of job (MB)
	2483220  -  ResidentSetSize of job (KB)
...
006 (13689754.000.000) 03/10 17:54:08 Image size of job updated: 2600280
	2540  -  MemoryUsage of job (MB)
	2600280  -  ResidentSetSize of job (KB)
...
006 (13689754.000.000) 03/10 17:59:09 Image size of job updated: 2809984
	2745  -  MemoryUsage of job (MB)
	2809984  -  ResidentSetSize of job (KB)
...
040 (13689754.000.000) 03/10 18:03:25 Started transferring output files
...
040 (13689754.000.000) 03/10 18:03:25 Finished transferring output files
...
005 (13689754.000.000) 03/10 18:03:25 Job terminated.
	(1) Normal termination (return value 0)
		Usr 0 01:02:28, Sys 0 00:00:40  -  Run Remote Usage
		Usr 0 00:00:00, Sys 0 00:00:00  -  Run Local Usage
		Usr 0 01:02:28, Sys 0 00:00:40  -  Total Remote Usage
		Usr 0 00:00:00, Sys 0 00:00:00  -  Total Local Usage
	5237  -  Run Bytes Sent By Job
	11040  -  Run Bytes Received By Job
	5237  -  Total Bytes Sent By Job
	11040  -  Total Bytes Received By Job
	Partitionable Resources :     Usage  Request Allocated 
	   Cpus                 :      0.98        1         1 
	   Disk (KB)            : 722895          12      3720 
	   GPUs                 :                            0 
	   Memory (MB)          :   2745        3000      3000 

	Job terminated of its own accord at 2025-03-10T17:03:25Z with exit-code 0.
...
