000 (13689955.000.000) 03/10 16:04:26 Job submitted from host: <137.138.120.116:9618?addrs=137.138.120.116-9618+[2001-1458-d00-16--17b]-9618&alias=bigbird12.cern.ch&noUDP&sock=schedd_5055_e355>
...
040 (13689955.000.000) 03/10 16:44:59 Started transferring input files
	Transferring to host: <188.185.205.144:9618?addrs=188.185.205.144-9618+[2001-1458-303-a--100-d]-9618&alias=b9p04p0698.cern.ch&noUDP&sock=slot1_7_3789_7173_2903>
...
040 (13689955.000.000) 03/10 16:44:59 Finished transferring input files
...
001 (13689955.000.000) 03/10 16:45:00 Job executing on host: <188.185.205.144:9618?addrs=188.185.205.144-9618+[2001-1458-303-a--100-d]-9618&alias=b9p04p0698.cern.ch&noUDP&sock=startd_3459_2a2e>
	SlotName: slot1_7@b9p04p0698.cern.ch
	CondorScratchDir = "/pool/condor/dir_2069090"
	Cpus = 1
	Disk = 3751
	GPUs = 0
	Memory = 3000
...
006 (13689955.000.000) 03/10 16:45:08 Image size of job updated: 16552
	17  -  MemoryUsage of job (MB)
	16552  -  ResidentSetSize of job (KB)
...
006 (13689955.000.000) 03/10 16:50:08 Image size of job updated: 1403904
	1371  -  MemoryUsage of job (MB)
	1403904  -  ResidentSetSize of job (KB)
...
006 (13689955.000.000) 03/10 16:55:09 Image size of job updated: 1550932
	1515  -  MemoryUsage of job (MB)
	1550932  -  ResidentSetSize of job (KB)
...
006 (13689955.000.000) 03/10 17:00:09 Image size of job updated: 1684376
	1645  -  MemoryUsage of job (MB)
	1684376  -  ResidentSetSize of job (KB)
...
006 (13689955.000.000) 03/10 17:05:09 Image size of job updated: 1827052
	1785  -  MemoryUsage of job (MB)
	1827052  -  ResidentSetSize of job (KB)
...
006 (13689955.000.000) 03/10 17:10:11 Image size of job updated: 1959296
	1914  -  MemoryUsage of job (MB)
	1959296  -  ResidentSetSize of job (KB)
...
006 (13689955.000.000) 03/10 17:15:11 Image size of job updated: 2094704
	2046  -  MemoryUsage of job (MB)
	2094704  -  ResidentSetSize of job (KB)
...
006 (13689955.000.000) 03/10 17:20:11 Image size of job updated: 2223700
	2172  -  MemoryUsage of job (MB)
	2223700  -  ResidentSetSize of job (KB)
...
006 (13689955.000.000) 03/10 17:25:12 Image size of job updated: 2343952
	2290  -  MemoryUsage of job (MB)
	2343952  -  ResidentSetSize of job (KB)
...
006 (13689955.000.000) 03/10 17:30:13 Image size of job updated: 2465928
	2409  -  MemoryUsage of job (MB)
	2465928  -  ResidentSetSize of job (KB)
...
006 (13689955.000.000) 03/10 17:35:13 Image size of job updated: 2593532
	2533  -  MemoryUsage of job (MB)
	2593532  -  ResidentSetSize of job (KB)
...
006 (13689955.000.000) 03/10 17:40:14 Image size of job updated: 2717260
	2654  -  MemoryUsage of job (MB)
	2717260  -  ResidentSetSize of job (KB)
...
006 (13689955.000.000) 03/10 17:45:15 Image size of job updated: 2840920
	2775  -  MemoryUsage of job (MB)
	2840920  -  ResidentSetSize of job (KB)
...
006 (13689955.000.000) 03/10 17:50:15 Image size of job updated: 3208312
	3134  -  MemoryUsage of job (MB)
	3208312  -  ResidentSetSize of job (KB)
...
006 (13689955.000.000) 03/10 17:50:22 Image size of job updated: 3208312
	3134  -  MemoryUsage of job (MB)
	3208432  -  ResidentSetSize of job (KB)
...
040 (13689955.000.000) 03/10 17:50:22 Started transferring output files
...
040 (13689955.000.000) 03/10 17:50:22 Finished transferring output files
...
005 (13689955.000.000) 03/10 17:50:22 Job terminated.
	(1) Normal termination (return value 0)
		Usr 0 00:53:40, Sys 0 00:00:42  -  Run Remote Usage
		Usr 0 00:00:00, Sys 0 00:00:00  -  Run Local Usage
		Usr 0 00:53:40, Sys 0 00:00:42  -  Total Remote Usage
		Usr 0 00:00:00, Sys 0 00:00:00  -  Total Local Usage
	5258  -  Run Bytes Sent By Job
	11052  -  Run Bytes Received By Job
	5258  -  Total Bytes Sent By Job
	11052  -  Total Bytes Received By Job
	Partitionable Resources :     Usage  Request Allocated 
	   Cpus                 :      0.98        1         1 
	   Disk (KB)            : 690939          12      3751 
	   GPUs                 :                            0 
	   Memory (MB)          :   3134        3000      3000 

	Job terminated of its own accord at 2025-03-10T16:50:22Z with exit-code 0.
...
