000 (13689804.000.000) 03/10 16:02:51 Job submitted from host: <137.138.120.116:9618?addrs=137.138.120.116-9618+[2001-1458-d00-16--17b]-9618&alias=bigbird12.cern.ch&noUDP&sock=schedd_5055_e355>
...
040 (13689804.000.000) 03/10 16:44:08 Started transferring input files
	Transferring to host: <188.185.212.190:9618?addrs=188.185.212.190-9618+[2001-1458-303-19--100-3a]-9618&alias=b9p26p9908.cern.ch&noUDP&sock=slot1_3_6641_ef67_34726>
...
040 (13689804.000.000) 03/10 16:44:08 Finished transferring input files
...
001 (13689804.000.000) 03/10 16:44:09 Job executing on host: <188.185.212.190:9618?addrs=188.185.212.190-9618+[2001-1458-303-19--100-3a]-9618&alias=b9p26p9908.cern.ch&noUDP&sock=startd_5615_005e>
	SlotName: slot1_3@b9p26p9908.cern.ch
	CondorScratchDir = "/pool/condor/dir_3481096"
	Cpus = 1
	Disk = 3798
	GPUs = 0
	Memory = 3000
...
006 (13689804.000.000) 03/10 16:44:23 Image size of job updated: 33856
	1  -  MemoryUsage of job (MB)
	820  -  ResidentSetSize of job (KB)
...
006 (13689804.000.000) 03/10 16:49:24 Image size of job updated: 756932
	740  -  MemoryUsage of job (MB)
	756932  -  ResidentSetSize of job (KB)
...
006 (13689804.000.000) 03/10 16:54:25 Image size of job updated: 881660
	861  -  MemoryUsage of job (MB)
	881660  -  ResidentSetSize of job (KB)
...
006 (13689804.000.000) 03/10 16:59:25 Image size of job updated: 982436
	960  -  MemoryUsage of job (MB)
	982436  -  ResidentSetSize of job (KB)
...
006 (13689804.000.000) 03/10 17:04:26 Image size of job updated: 1077172
	1052  -  MemoryUsage of job (MB)
	1077172  -  ResidentSetSize of job (KB)
...
006 (13689804.000.000) 03/10 17:09:26 Image size of job updated: 1166500
	1140  -  MemoryUsage of job (MB)
	1166500  -  ResidentSetSize of job (KB)
...
006 (13689804.000.000) 03/10 17:14:26 Image size of job updated: 1261804
	1233  -  MemoryUsage of job (MB)
	1261804  -  ResidentSetSize of job (KB)
...
006 (13689804.000.000) 03/10 17:19:27 Image size of job updated: 1357336
	1326  -  MemoryUsage of job (MB)
	1357336  -  ResidentSetSize of job (KB)
...
006 (13689804.000.000) 03/10 17:24:27 Image size of job updated: 1448172
	1415  -  MemoryUsage of job (MB)
	1448172  -  ResidentSetSize of job (KB)
...
006 (13689804.000.000) 03/10 17:29:27 Image size of job updated: 1668876
	1630  -  MemoryUsage of job (MB)
	1668876  -  ResidentSetSize of job (KB)
...
006 (13689804.000.000) 03/10 17:31:33 Image size of job updated: 1883864
	1630  -  MemoryUsage of job (MB)
	1668876  -  ResidentSetSize of job (KB)
...
040 (13689804.000.000) 03/10 17:31:33 Started transferring output files
...
040 (13689804.000.000) 03/10 17:31:33 Finished transferring output files
...
005 (13689804.000.000) 03/10 17:31:33 Job terminated.
	(1) Normal termination (return value 0)
		Usr 0 00:35:08, Sys 0 00:00:29  -  Run Remote Usage
		Usr 0 00:00:00, Sys 0 00:00:00  -  Run Local Usage
		Usr 0 00:35:08, Sys 0 00:00:29  -  Total Remote Usage
		Usr 0 00:00:00, Sys 0 00:00:00  -  Total Local Usage
	4166  -  Run Bytes Sent By Job
	11046  -  Run Bytes Received By Job
	4166  -  Total Bytes Sent By Job
	11046  -  Total Bytes Received By Job
	Partitionable Resources :     Usage  Request Allocated 
	   Cpus                 :      0.92        1         1 
	   Disk (KB)            : 342779          12      3798 
	   GPUs                 :                            0 
	   Memory (MB)          :   1630        3000      3000 

	Job terminated of its own accord at 2025-03-10T16:31:33Z with exit-code 0.
...
