000 (13689897.000.000) 03/10 16:03:49 Job submitted from host: <137.138.120.116:9618?addrs=137.138.120.116-9618+[2001-1458-d00-16--17b]-9618&alias=bigbird12.cern.ch&noUDP&sock=schedd_5055_e355>
...
040 (13689897.000.000) 03/10 16:44:38 Started transferring input files
	Transferring to host: <188.185.208.202:9618?addrs=188.185.208.202-9618+[2001-1458-303-10--100-47]-9618&alias=b9p10p7343.cern.ch&noUDP&sock=slot1_1_3635_efad_110654>
...
040 (13689897.000.000) 03/10 16:44:38 Finished transferring input files
...
001 (13689897.000.000) 03/10 16:44:39 Job executing on host: <188.185.208.202:9618?addrs=188.185.208.202-9618+[2001-1458-303-10--100-47]-9618&alias=b9p10p7343.cern.ch&noUDP&sock=startd_3577_1a5b>
	SlotName: slot1_1@b9p10p7343.cern.ch
	CondorScratchDir = "/pool/condor/dir_985754"
	Cpus = 1
	Disk = 3622
	GPUs = 0
	Memory = 3000
...
006 (13689897.000.000) 03/10 16:44:48 Image size of job updated: 20688
	21  -  MemoryUsage of job (MB)
	20688  -  ResidentSetSize of job (KB)
...
006 (13689897.000.000) 03/10 16:49:49 Image size of job updated: 2404108
	2348  -  MemoryUsage of job (MB)
	2404108  -  ResidentSetSize of job (KB)
...
006 (13689897.000.000) 03/10 16:54:49 Image size of job updated: 2531500
	2473  -  MemoryUsage of job (MB)
	2531500  -  ResidentSetSize of job (KB)
...
040 (13689897.000.000) 03/10 16:57:02 Started transferring output files
...
040 (13689897.000.000) 03/10 16:57:02 Finished transferring output files
...
005 (13689897.000.000) 03/10 16:57:02 Job terminated.
	(1) Normal termination (return value 0)
		Usr 0 00:09:32, Sys 0 00:00:17  -  Run Remote Usage
		Usr 0 00:00:00, Sys 0 00:00:00  -  Run Local Usage
		Usr 0 00:09:32, Sys 0 00:00:17  -  Total Remote Usage
		Usr 0 00:00:00, Sys 0 00:00:00  -  Total Local Usage
	3277  -  Run Bytes Sent By Job
	11052  -  Run Bytes Received By Job
	3277  -  Total Bytes Sent By Job
	11052  -  Total Bytes Received By Job
	Partitionable Resources :     Usage  Request Allocated 
	   Cpus                 :      0.88        1         1 
	   Disk (KB)            : 118294          12      3622 
	   GPUs                 :                            0 
	   Memory (MB)          :   2473        3000      3000 

	Job terminated of its own accord at 2025-03-10T15:57:02Z with exit-code 0.
...
