000 (13689766.000.000) 03/10 16:02:30 Job submitted from host: <137.138.120.116:9618?addrs=137.138.120.116-9618+[2001-1458-d00-16--17b]-9618&alias=bigbird12.cern.ch&noUDP&sock=schedd_5055_e355>
...
040 (13689766.000.000) 03/10 16:43:55 Started transferring input files
	Transferring to host: <188.185.211.193:9618?addrs=188.185.211.193-9618+[2001-1458-303-17--100-3d]-9618&alias=b9p24p9239.cern.ch&noUDP&sock=slot1_48_2698107_36af_101638>
...
040 (13689766.000.000) 03/10 16:43:55 Finished transferring input files
...
001 (13689766.000.000) 03/10 16:43:56 Job executing on host: <188.185.211.193:9618?addrs=188.185.211.193-9618+[2001-1458-303-17--100-3d]-9618&alias=b9p24p9239.cern.ch&noUDP&sock=startd_6288_9f9b>
	SlotName: slot1_48@b9p24p9239.cern.ch
	CondorScratchDir = "/pool/condor/dir_3222139"
	Cpus = 1
	Disk = 3756
	GPUs = 0
	Memory = 3000
...
006 (13689766.000.000) 03/10 16:44:05 Image size of job updated: 132620
	130  -  MemoryUsage of job (MB)
	132620  -  ResidentSetSize of job (KB)
...
006 (13689766.000.000) 03/10 16:49:06 Image size of job updated: 1168260
	1141  -  MemoryUsage of job (MB)
	1168260  -  ResidentSetSize of job (KB)
...
006 (13689766.000.000) 03/10 16:54:07 Image size of job updated: 1287372
	1258  -  MemoryUsage of job (MB)
	1287372  -  ResidentSetSize of job (KB)
...
006 (13689766.000.000) 03/10 16:59:07 Image size of job updated: 1403436
	1371  -  MemoryUsage of job (MB)
	1403436  -  ResidentSetSize of job (KB)
...
006 (13689766.000.000) 03/10 17:04:08 Image size of job updated: 1519360
	1484  -  MemoryUsage of job (MB)
	1519360  -  ResidentSetSize of job (KB)
...
006 (13689766.000.000) 03/10 17:09:09 Image size of job updated: 1632300
	1595  -  MemoryUsage of job (MB)
	1632300  -  ResidentSetSize of job (KB)
...
006 (13689766.000.000) 03/10 17:14:09 Image size of job updated: 1747416
	1707  -  MemoryUsage of job (MB)
	1747416  -  ResidentSetSize of job (KB)
...
006 (13689766.000.000) 03/10 17:19:09 Image size of job updated: 1875076
	1832  -  MemoryUsage of job (MB)
	1875076  -  ResidentSetSize of job (KB)
...
006 (13689766.000.000) 03/10 17:24:10 Image size of job updated: 1999984
	1954  -  MemoryUsage of job (MB)
	1999984  -  ResidentSetSize of job (KB)
...
006 (13689766.000.000) 03/10 17:29:10 Image size of job updated: 2114032
	2065  -  MemoryUsage of job (MB)
	2114032  -  ResidentSetSize of job (KB)
...
006 (13689766.000.000) 03/10 17:34:10 Image size of job updated: 2220968
	2169  -  MemoryUsage of job (MB)
	2220968  -  ResidentSetSize of job (KB)
...
006 (13689766.000.000) 03/10 17:39:11 Image size of job updated: 2335948
	2282  -  MemoryUsage of job (MB)
	2335948  -  ResidentSetSize of job (KB)
...
006 (13689766.000.000) 03/10 17:44:12 Image size of job updated: 2451244
	2394  -  MemoryUsage of job (MB)
	2451244  -  ResidentSetSize of job (KB)
...
006 (13689766.000.000) 03/10 17:49:12 Image size of job updated: 2573228
	2513  -  MemoryUsage of job (MB)
	2573228  -  ResidentSetSize of job (KB)
...
006 (13689766.000.000) 03/10 17:54:13 Image size of job updated: 2690400
	2628  -  MemoryUsage of job (MB)
	2690400  -  ResidentSetSize of job (KB)
...
006 (13689766.000.000) 03/10 17:59:14 Image size of job updated: 2808748
	2743  -  MemoryUsage of job (MB)
	2808748  -  ResidentSetSize of job (KB)
...
006 (13689766.000.000) 03/10 18:04:14 Image size of job updated: 3001088
	2931  -  MemoryUsage of job (MB)
	3001088  -  ResidentSetSize of job (KB)
...
040 (13689766.000.000) 03/10 18:08:42 Started transferring output files
...
040 (13689766.000.000) 03/10 18:08:42 Finished transferring output files
...
005 (13689766.000.000) 03/10 18:08:42 Job terminated.
	(1) Normal termination (return value 0)
		Usr 0 01:08:00, Sys 0 00:00:44  -  Run Remote Usage
		Usr 0 00:00:00, Sys 0 00:00:00  -  Run Local Usage
		Usr 0 01:08:00, Sys 0 00:00:44  -  Total Remote Usage
		Usr 0 00:00:00, Sys 0 00:00:00  -  Total Local Usage
	5403  -  Run Bytes Sent By Job
	11046  -  Run Bytes Received By Job
	5403  -  Total Bytes Sent By Job
	11046  -  Total Bytes Received By Job
	Partitionable Resources :     Usage  Request Allocated 
	   Cpus                 :      0.28        1         1 
	   Disk (KB)            : 793130          12      3756 
	   GPUs                 :                            0 
	   Memory (MB)          :   2931        3000      3000 

	Job terminated of its own accord at 2025-03-10T17:08:42Z with exit-code 0.
...
