000 (13689806.000.000) 03/10 16:02:52 Job submitted from host: <137.138.120.116:9618?addrs=137.138.120.116-9618+[2001-1458-d00-16--17b]-9618&alias=bigbird12.cern.ch&noUDP&sock=schedd_5055_e355>
...
040 (13689806.000.000) 03/10 16:44:08 Started transferring input files
	Transferring to host: <188.185.206.159:9618?addrs=188.185.206.159-9618+[2001-1458-303-c--100-1c]-9618&alias=b9p06p8389.cern.ch&noUDP&sock=slot1_17_4095_0c40_110216>
...
040 (13689806.000.000) 03/10 16:44:08 Finished transferring input files
...
001 (13689806.000.000) 03/10 16:44:09 Job executing on host: <188.185.206.159:9618?addrs=188.185.206.159-9618+[2001-1458-303-c--100-1c]-9618&alias=b9p06p8389.cern.ch&noUDP&sock=startd_3613_cbc4>
	SlotName: slot1_17@b9p06p8389.cern.ch
	CondorScratchDir = "/pool/condor/dir_2605642"
	Cpus = 1
	Disk = 3502
	GPUs = 0
	Memory = 3000
...
006 (13689806.000.000) 03/10 16:44:18 Image size of job updated: 95904
	94  -  MemoryUsage of job (MB)
	95904  -  ResidentSetSize of job (KB)
...
006 (13689806.000.000) 03/10 16:49:19 Image size of job updated: 1207180
	1179  -  MemoryUsage of job (MB)
	1207180  -  ResidentSetSize of job (KB)
...
006 (13689806.000.000) 03/10 16:54:19 Image size of job updated: 1336032
	1305  -  MemoryUsage of job (MB)
	1336032  -  ResidentSetSize of job (KB)
...
006 (13689806.000.000) 03/10 16:59:19 Image size of job updated: 1472280
	1438  -  MemoryUsage of job (MB)
	1472280  -  ResidentSetSize of job (KB)
...
006 (13689806.000.000) 03/10 17:04:20 Image size of job updated: 1606428
	1569  -  MemoryUsage of job (MB)
	1606428  -  ResidentSetSize of job (KB)
...
006 (13689806.000.000) 03/10 17:09:20 Image size of job updated: 1724644
	1685  -  MemoryUsage of job (MB)
	1724644  -  ResidentSetSize of job (KB)
...
006 (13689806.000.000) 03/10 17:14:20 Image size of job updated: 1856476
	1813  -  MemoryUsage of job (MB)
	1856476  -  ResidentSetSize of job (KB)
...
006 (13689806.000.000) 03/10 17:19:21 Image size of job updated: 1995240
	1949  -  MemoryUsage of job (MB)
	1995240  -  ResidentSetSize of job (KB)
...
006 (13689806.000.000) 03/10 17:24:22 Image size of job updated: 2116928
	2068  -  MemoryUsage of job (MB)
	2116928  -  ResidentSetSize of job (KB)
...
006 (13689806.000.000) 03/10 17:29:22 Image size of job updated: 2242544
	2190  -  MemoryUsage of job (MB)
	2242544  -  ResidentSetSize of job (KB)
...
006 (13689806.000.000) 03/10 17:34:23 Image size of job updated: 2373120
	2318  -  MemoryUsage of job (MB)
	2373120  -  ResidentSetSize of job (KB)
...
006 (13689806.000.000) 03/10 17:39:24 Image size of job updated: 2500824
	2443  -  MemoryUsage of job (MB)
	2500824  -  ResidentSetSize of job (KB)
...
006 (13689806.000.000) 03/10 17:44:24 Image size of job updated: 2620656
	2560  -  MemoryUsage of job (MB)
	2620656  -  ResidentSetSize of job (KB)
...
006 (13689806.000.000) 03/10 17:49:25 Image size of job updated: 2742144
	2678  -  MemoryUsage of job (MB)
	2742144  -  ResidentSetSize of job (KB)
...
040 (13689806.000.000) 03/10 17:53:10 Started transferring output files
...
040 (13689806.000.000) 03/10 17:53:10 Finished transferring output files
...
005 (13689806.000.000) 03/10 17:53:10 Job terminated.
	(1) Normal termination (return value 0)
		Usr 0 00:55:17, Sys 0 00:00:41  -  Run Remote Usage
		Usr 0 00:00:00, Sys 0 00:00:00  -  Run Local Usage
		Usr 0 00:55:17, Sys 0 00:00:41  -  Total Remote Usage
		Usr 0 00:00:00, Sys 0 00:00:00  -  Total Local Usage
	5241  -  Run Bytes Sent By Job
	11046  -  Run Bytes Received By Job
	5241  -  Total Bytes Sent By Job
	11046  -  Total Bytes Received By Job
	Partitionable Resources :     Usage  Request Allocated 
	   Cpus                 :      0.98        1         1 
	   Disk (KB)            : 718833          12      3502 
	   GPUs                 :                            0 
	   Memory (MB)          :   2678        3000      3000 

	Job terminated of its own accord at 2025-03-10T16:53:10Z with exit-code 0.
...
