000 (13689878.000.000) 03/10 16:03:36 Job submitted from host: <137.138.120.116:9618?addrs=137.138.120.116-9618+[2001-1458-d00-16--17b]-9618&alias=bigbird12.cern.ch&noUDP&sock=schedd_5055_e355>
...
040 (13689878.000.000) 03/10 16:44:33 Started transferring input files
	Transferring to host: <188.185.211.98:9618?addrs=188.185.211.98-9618+[2001-1458-303-16--100-5e]-9618&alias=b9p23p6157.cern.ch&noUDP&sock=slot1_23_1357134_6ccc_27411>
...
040 (13689878.000.000) 03/10 16:44:33 Finished transferring input files
...
001 (13689878.000.000) 03/10 16:44:34 Job executing on host: <188.185.211.98:9618?addrs=188.185.211.98-9618+[2001-1458-303-16--100-5e]-9618&alias=b9p23p6157.cern.ch&noUDP&sock=startd_4470_a06d>
	SlotName: slot1_23@b9p23p6157.cern.ch
	CondorScratchDir = "/pool/condor/dir_946613"
	Cpus = 1
	Disk = 3881
	GPUs = 0
	Memory = 3000
...
006 (13689878.000.000) 03/10 16:44:42 Image size of job updated: 14612
	15  -  MemoryUsage of job (MB)
	14612  -  ResidentSetSize of job (KB)
...
006 (13689878.000.000) 03/10 16:49:42 Image size of job updated: 1231032
	1203  -  MemoryUsage of job (MB)
	1231032  -  ResidentSetSize of job (KB)
...
006 (13689878.000.000) 03/10 16:54:43 Image size of job updated: 1355424
	1324  -  MemoryUsage of job (MB)
	1355424  -  ResidentSetSize of job (KB)
...
006 (13689878.000.000) 03/10 16:59:44 Image size of job updated: 1470836
	1437  -  MemoryUsage of job (MB)
	1470836  -  ResidentSetSize of job (KB)
...
006 (13689878.000.000) 03/10 17:04:44 Image size of job updated: 1582988
	1546  -  MemoryUsage of job (MB)
	1582988  -  ResidentSetSize of job (KB)
...
006 (13689878.000.000) 03/10 17:09:44 Image size of job updated: 1696524
	1657  -  MemoryUsage of job (MB)
	1696524  -  ResidentSetSize of job (KB)
...
006 (13689878.000.000) 03/10 17:14:45 Image size of job updated: 1808176
	1766  -  MemoryUsage of job (MB)
	1808176  -  ResidentSetSize of job (KB)
...
006 (13689878.000.000) 03/10 17:19:45 Image size of job updated: 1926360
	1882  -  MemoryUsage of job (MB)
	1926360  -  ResidentSetSize of job (KB)
...
006 (13689878.000.000) 03/10 17:24:45 Image size of job updated: 2039148
	1992  -  MemoryUsage of job (MB)
	2039148  -  ResidentSetSize of job (KB)
...
040 (13689878.000.000) 03/10 17:29:28 Started transferring output files
...
040 (13689878.000.000) 03/10 17:29:28 Finished transferring output files
...
005 (13689878.000.000) 03/10 17:29:28 Job terminated.
	(1) Normal termination (return value 0)
		Usr 0 00:36:13, Sys 0 00:00:42  -  Run Remote Usage
		Usr 0 00:00:00, Sys 0 00:00:00  -  Run Local Usage
		Usr 0 00:36:13, Sys 0 00:00:42  -  Total Remote Usage
		Usr 0 00:00:00, Sys 0 00:00:00  -  Total Local Usage
	4453  -  Run Bytes Sent By Job
	11052  -  Run Bytes Received By Job
	4453  -  Total Bytes Sent By Job
	11052  -  Total Bytes Received By Job
	Partitionable Resources :     Usage  Request Allocated 
	   Cpus                 :      0.79        1         1 
	   Disk (KB)            : 416176          12      3881 
	   GPUs                 :                            0 
	   Memory (MB)          :   1992        3000      3000 

	Job terminated of its own accord at 2025-03-10T16:29:28Z with exit-code 0.
...
