000 (13689812.000.000) 03/10 16:02:56 Job submitted from host: <137.138.120.116:9618?addrs=137.138.120.116-9618+[2001-1458-d00-16--17b]-9618&alias=bigbird12.cern.ch&noUDP&sock=schedd_5055_e355>
...
040 (13689812.000.000) 03/10 16:44:10 Started transferring input files
	Transferring to host: <188.185.215.34:9618?addrs=188.185.215.34-9618+[2001-1458-303-1e--100-1e]-9618&alias=b9p31p6592.cern.ch&noUDP&sock=slot1_25_3910_b2d8_97798>
...
040 (13689812.000.000) 03/10 16:44:10 Finished transferring input files
...
001 (13689812.000.000) 03/10 16:44:11 Job executing on host: <188.185.215.34:9618?addrs=188.185.215.34-9618+[2001-1458-303-1e--100-1e]-9618&alias=b9p31p6592.cern.ch&noUDP&sock=startd_3196_c4c5>
	SlotName: slot1_25@b9p31p6592.cern.ch
	CondorScratchDir = "/pool/condor/dir_3153811"
	Cpus = 1
	Disk = 3777
	GPUs = 0
	Memory = 3000
...
006 (13689812.000.000) 03/10 16:44:20 Image size of job updated: 27184
	27  -  MemoryUsage of job (MB)
	27184  -  ResidentSetSize of job (KB)
...
006 (13689812.000.000) 03/10 16:49:21 Image size of job updated: 2539776
	2481  -  MemoryUsage of job (MB)
	2539776  -  ResidentSetSize of job (KB)
...
006 (13689812.000.000) 03/10 16:54:21 Image size of job updated: 2657844
	2596  -  MemoryUsage of job (MB)
	2657844  -  ResidentSetSize of job (KB)
...
006 (13689812.000.000) 03/10 16:59:21 Image size of job updated: 2773332
	2709  -  MemoryUsage of job (MB)
	2773332  -  ResidentSetSize of job (KB)
...
006 (13689812.000.000) 03/10 17:04:22 Image size of job updated: 2928208
	2860  -  MemoryUsage of job (MB)
	2928208  -  ResidentSetSize of job (KB)
...
040 (13689812.000.000) 03/10 17:04:26 Started transferring output files
...
040 (13689812.000.000) 03/10 17:04:26 Finished transferring output files
...
005 (13689812.000.000) 03/10 17:04:26 Job terminated.
	(1) Normal termination (return value 0)
		Usr 0 00:15:44, Sys 0 00:00:22  -  Run Remote Usage
		Usr 0 00:00:00, Sys 0 00:00:00  -  Run Local Usage
		Usr 0 00:15:44, Sys 0 00:00:22  -  Total Remote Usage
		Usr 0 00:00:00, Sys 0 00:00:00  -  Total Local Usage
	3306  -  Run Bytes Sent By Job
	11046  -  Run Bytes Received By Job
	3306  -  Total Bytes Sent By Job
	11046  -  Total Bytes Received By Job
	Partitionable Resources :     Usage  Request Allocated 
	   Cpus                 :      0.96        1         1 
	   Disk (KB)            : 181828          12      3777 
	   GPUs                 :                            0 
	   Memory (MB)          :   2860        3000      3000 

	Job terminated of its own accord at 2025-03-10T16:04:26Z with exit-code 0.
...
