000 (13689822.000.000) 03/10 16:03:02 Job submitted from host: <137.138.120.116:9618?addrs=137.138.120.116-9618+[2001-1458-d00-16--17b]-9618&alias=bigbird12.cern.ch&noUDP&sock=schedd_5055_e355>
...
040 (13689822.000.000) 03/10 16:44:14 Started transferring input files
	Transferring to host: <188.185.205.190:9618?addrs=188.185.205.190-9618+[2001-1458-303-a--100-3b]-9618&alias=b9p04p2051.cern.ch&noUDP&sock=slot1_14_3821_fd74_9698>
...
040 (13689822.000.000) 03/10 16:44:14 Finished transferring input files
...
001 (13689822.000.000) 03/10 16:44:15 Job executing on host: <188.185.205.190:9618?addrs=188.185.205.190-9618+[2001-1458-303-a--100-3b]-9618&alias=b9p04p2051.cern.ch&noUDP&sock=startd_3466_f758>
	SlotName: slot1_14@b9p04p2051.cern.ch
	CondorScratchDir = "/pool/condor/dir_457532"
	Cpus = 1
	Disk = 3693
	GPUs = 0
	Memory = 3000
...
006 (13689822.000.000) 03/10 16:44:29 Image size of job updated: 3868
	4  -  MemoryUsage of job (MB)
	3868  -  ResidentSetSize of job (KB)
...
006 (13689822.000.000) 03/10 16:49:30 Image size of job updated: 879816
	860  -  MemoryUsage of job (MB)
	879816  -  ResidentSetSize of job (KB)
...
006 (13689822.000.000) 03/10 16:54:30 Image size of job updated: 1026444
	1003  -  MemoryUsage of job (MB)
	1026444  -  ResidentSetSize of job (KB)
...
006 (13689822.000.000) 03/10 16:59:08 Image size of job updated: 1453808
	1003  -  MemoryUsage of job (MB)
	1026444  -  ResidentSetSize of job (KB)
...
040 (13689822.000.000) 03/10 16:59:08 Started transferring output files
...
040 (13689822.000.000) 03/10 16:59:08 Finished transferring output files
...
005 (13689822.000.000) 03/10 16:59:08 Job terminated.
	(1) Normal termination (return value 0)
		Usr 0 00:10:59, Sys 0 00:00:16  -  Run Remote Usage
		Usr 0 00:00:00, Sys 0 00:00:00  -  Run Local Usage
		Usr 0 00:10:59, Sys 0 00:00:16  -  Total Remote Usage
		Usr 0 00:00:00, Sys 0 00:00:00  -  Total Local Usage
	3305  -  Run Bytes Sent By Job
	11046  -  Run Bytes Received By Job
	3305  -  Total Bytes Sent By Job
	11046  -  Total Bytes Received By Job
	Partitionable Resources :     Usage  Request Allocated 
	   Cpus                 :      0.98        1         1 
	   Disk (KB)            : 161541          12      3693 
	   GPUs                 :                            0 
	   Memory (MB)          :   1003        3000      3000 

	Job terminated of its own accord at 2025-03-10T15:59:08Z with exit-code 0.
...
