000 (13689930.000.000) 03/10 16:04:08 Job submitted from host: <137.138.120.116:9618?addrs=137.138.120.116-9618+[2001-1458-d00-16--17b]-9618&alias=bigbird12.cern.ch&noUDP&sock=schedd_5055_e355>
...
040 (13689930.000.000) 03/10 16:44:50 Started transferring input files
	Transferring to host: <128.142.192.214:9618?addrs=128.142.192.214-9618+[2001-1458-301-56--100-52]-9618&alias=b9g18p3327.cern.ch&noUDP&sock=slot1_20_3094_c0b7_111276>
...
040 (13689930.000.000) 03/10 16:44:50 Finished transferring input files
...
001 (13689930.000.000) 03/10 16:44:52 Job executing on host: <128.142.192.214:9618?addrs=128.142.192.214-9618+[2001-1458-301-56--100-52]-9618&alias=b9g18p3327.cern.ch&noUDP&sock=startd_2601_a5ec>
	SlotName: slot1_20@b9g18p3327.cern.ch
	CondorScratchDir = "/pool/condor/dir_1417040"
	Cpus = 1
	Disk = 3881
	GPUs = 0
	Memory = 3000
...
006 (13689930.000.000) 03/10 16:45:00 Image size of job updated: 1792
	2  -  MemoryUsage of job (MB)
	1792  -  ResidentSetSize of job (KB)
...
006 (13689930.000.000) 03/10 16:49:36 Image size of job updated: 307784
	301  -  MemoryUsage of job (MB)
	307784  -  ResidentSetSize of job (KB)
...
040 (13689930.000.000) 03/10 16:49:39 Started transferring output files
...
040 (13689930.000.000) 03/10 16:49:41 Finished transferring output files
...
005 (13689930.000.000) 03/10 16:49:41 Job terminated.
	(1) Normal termination (return value 0)
		Usr 0 00:02:05, Sys 0 00:00:09  -  Run Remote Usage
		Usr 0 00:00:00, Sys 0 00:00:00  -  Run Local Usage
		Usr 0 00:02:05, Sys 0 00:00:09  -  Total Remote Usage
		Usr 0 00:00:00, Sys 0 00:00:00  -  Total Local Usage
	2822  -  Run Bytes Sent By Job
	11052  -  Run Bytes Received By Job
	2822  -  Total Bytes Sent By Job
	11052  -  Total Bytes Received By Job
	Partitionable Resources :    Usage  Request Allocated 
	   Cpus                 :        0        1         1 
	   Disk (KB)            :    15851       12      3881 
	   GPUs                 :                           0 
	   Memory (MB)          :      301     3000      3000 

	Job terminated of its own accord at 2025-03-10T15:49:36Z with exit-code 0.
...
