000 (13689877.000.000) 03/10 16:03:36 Job submitted from host: <137.138.120.116:9618?addrs=137.138.120.116-9618+[2001-1458-d00-16--17b]-9618&alias=bigbird12.cern.ch&noUDP&sock=schedd_5055_e355>
...
040 (13689877.000.000) 03/10 16:44:32 Started transferring input files
	Transferring to host: <188.185.212.16:9618?addrs=188.185.212.16-9618+[2001-1458-303-18--100-c]-9618&alias=b9p25p6280.cern.ch&noUDP&sock=slot1_13_5296_42d0_33672>
...
040 (13689877.000.000) 03/10 16:44:32 Finished transferring input files
...
001 (13689877.000.000) 03/10 16:44:33 Job executing on host: <188.185.212.16:9618?addrs=188.185.212.16-9618+[2001-1458-303-18--100-c]-9618&alias=b9p25p6280.cern.ch&noUDP&sock=startd_4280_4d6f>
	SlotName: slot1_13@b9p25p6280.cern.ch
	CondorScratchDir = "/pool/condor/dir_496193"
	Cpus = 1
	Disk = 3873
	GPUs = 0
	Memory = 3000
...
006 (13689877.000.000) 03/10 16:44:46 Image size of job updated: 4036
	4  -  MemoryUsage of job (MB)
	4036  -  ResidentSetSize of job (KB)
...
006 (13689877.000.000) 03/10 16:45:53 Image size of job updated: 734556
	4  -  MemoryUsage of job (MB)
	4036  -  ResidentSetSize of job (KB)
...
040 (13689877.000.000) 03/10 16:45:53 Started transferring output files
...
040 (13689877.000.000) 03/10 16:45:54 Finished transferring output files
...
005 (13689877.000.000) 03/10 16:45:54 Job terminated.
	(1) Normal termination (return value 0)
		Usr 0 00:00:30, Sys 0 00:00:07  -  Run Remote Usage
		Usr 0 00:00:00, Sys 0 00:00:00  -  Run Local Usage
		Usr 0 00:00:30, Sys 0 00:00:07  -  Total Remote Usage
		Usr 0 00:00:00, Sys 0 00:00:00  -  Total Local Usage
	2813  -  Run Bytes Sent By Job
	11052  -  Run Bytes Received By Job
	2813  -  Total Bytes Sent By Job
	11052  -  Total Bytes Received By Job
	Partitionable Resources :    Usage  Request Allocated 
	   Cpus                 :        0        1         1 
	   Disk (KB)            :    11636       12      3873 
	   GPUs                 :                           0 
	   Memory (MB)          :        4     3000      3000 

	Job terminated of its own accord at 2025-03-10T15:45:53Z with exit-code 0.
...
