000 (13689992.000.000) 03/10 16:04:54 Job submitted from host: <137.138.120.116:9618?addrs=137.138.120.116-9618+[2001-1458-d00-16--17b]-9618&alias=bigbird12.cern.ch&noUDP&sock=schedd_5055_e355>
...
040 (13689992.000.000) 03/10 16:45:10 Started transferring input files
	Transferring to host: <188.185.204.135:9618?addrs=188.185.204.135-9618+[2001-1458-303-8--100-7b]-9618&alias=b9p02p6005.cern.ch&noUDP&sock=slot1_10_4249_8e06_22992>
...
040 (13689992.000.000) 03/10 16:45:10 Finished transferring input files
...
001 (13689992.000.000) 03/10 16:45:11 Job executing on host: <188.185.204.135:9618?addrs=188.185.204.135-9618+[2001-1458-303-8--100-7b]-9618&alias=b9p02p6005.cern.ch&noUDP&sock=startd_3576_6ac2>
	SlotName: slot1_10@b9p02p6005.cern.ch
	CondorScratchDir = "/pool/condor/dir_967027"
	Cpus = 1
	Disk = 3688
	GPUs = 0
	Memory = 3000
...
006 (13689992.000.000) 03/10 16:45:25 Image size of job updated: 964
	1  -  MemoryUsage of job (MB)
	964  -  ResidentSetSize of job (KB)
...
006 (13689992.000.000) 03/10 16:50:26 Image size of job updated: 872644
	853  -  MemoryUsage of job (MB)
	872644  -  ResidentSetSize of job (KB)
...
006 (13689992.000.000) 03/10 16:51:43 Image size of job updated: 1110616
	853  -  MemoryUsage of job (MB)
	872652  -  ResidentSetSize of job (KB)
...
040 (13689992.000.000) 03/10 16:51:43 Started transferring output files
...
040 (13689992.000.000) 03/10 16:51:43 Finished transferring output files
...
005 (13689992.000.000) 03/10 16:51:43 Job terminated.
	(1) Normal termination (return value 0)
		Usr 0 00:04:20, Sys 0 00:00:11  -  Run Remote Usage
		Usr 0 00:00:00, Sys 0 00:00:00  -  Run Local Usage
		Usr 0 00:04:20, Sys 0 00:00:11  -  Total Remote Usage
		Usr 0 00:00:00, Sys 0 00:00:00  -  Total Local Usage
	2986  -  Run Bytes Sent By Job
	11052  -  Run Bytes Received By Job
	2986  -  Total Bytes Sent By Job
	11052  -  Total Bytes Received By Job
	Partitionable Resources :    Usage  Request Allocated 
	   Cpus                 :     0.98        1         1 
	   Disk (KB)            : 59647          12      3688 
	   GPUs                 :                           0 
	   Memory (MB)          :   853        3000      3000 

	Job terminated of its own accord at 2025-03-10T15:51:43Z with exit-code 0.
...
