000 (13689941.000.000) 03/10 16:04:15 Job submitted from host: <137.138.120.116:9618?addrs=137.138.120.116-9618+[2001-1458-d00-16--17b]-9618&alias=bigbird12.cern.ch&noUDP&sock=schedd_5055_e355>
...
040 (13689941.000.000) 03/10 16:44:53 Started transferring input files
	Transferring to host: <188.185.205.147:9618?addrs=188.185.205.147-9618+[2001-1458-303-a--100-10]-9618&alias=b9p04p0301.cern.ch&noUDP&sock=slot1_14_5554_0b9b_10836>
...
040 (13689941.000.000) 03/10 16:44:53 Finished transferring input files
...
001 (13689941.000.000) 03/10 16:44:54 Job executing on host: <188.185.205.147:9618?addrs=188.185.205.147-9618+[2001-1458-303-a--100-10]-9618&alias=b9p04p0301.cern.ch&noUDP&sock=startd_4530_c81c>
	SlotName: slot1_14@b9p04p0301.cern.ch
	CondorScratchDir = "/pool/condor/dir_1548642"
	Cpus = 1
	Disk = 3788
	GPUs = 0
	Memory = 3000
...
006 (13689941.000.000) 03/10 16:45:08 Image size of job updated: 956
	1  -  MemoryUsage of job (MB)
	956  -  ResidentSetSize of job (KB)
...
006 (13689941.000.000) 03/10 16:49:29 Image size of job updated: 1014132
	1  -  MemoryUsage of job (MB)
	956  -  ResidentSetSize of job (KB)
...
040 (13689941.000.000) 03/10 16:49:32 Started transferring output files
...
040 (13689941.000.000) 03/10 16:49:35 Finished transferring output files
...
005 (13689941.000.000) 03/10 16:49:41 Job terminated.
	(1) Normal termination (return value 0)
		Usr 0 00:02:44, Sys 0 00:00:09  -  Run Remote Usage
		Usr 0 00:00:00, Sys 0 00:00:00  -  Run Local Usage
		Usr 0 00:02:44, Sys 0 00:00:09  -  Total Remote Usage
		Usr 0 00:00:00, Sys 0 00:00:00  -  Total Local Usage
	2822  -  Run Bytes Sent By Job
	11052  -  Run Bytes Received By Job
	2822  -  Total Bytes Sent By Job
	11052  -  Total Bytes Received By Job
	Partitionable Resources :    Usage  Request Allocated 
	   Cpus                 :        0        1         1 
	   Disk (KB)            :    36081       12      3788 
	   GPUs                 :                           0 
	   Memory (MB)          :        1     3000      3000 

	Job terminated of its own accord at 2025-03-10T15:49:29Z with exit-code 0.
...
