000 (13689779.000.000) 03/10 16:02:37 Job submitted from host: <137.138.120.116:9618?addrs=137.138.120.116-9618+[2001-1458-d00-16--17b]-9618&alias=bigbird12.cern.ch&noUDP&sock=schedd_5055_e355>
...
040 (13689779.000.000) 03/10 16:43:59 Started transferring input files
	Transferring to host: <188.185.211.20:9618?addrs=188.185.211.20-9618+[2001-1458-303-16--100-10]-9618&alias=b9p23p8810.cern.ch&noUDP&sock=slot1_17_460683_9947_86048>
...
040 (13689779.000.000) 03/10 16:43:59 Finished transferring input files
...
001 (13689779.000.000) 03/10 16:44:00 Job executing on host: <188.185.211.20:9618?addrs=188.185.211.20-9618+[2001-1458-303-16--100-10]-9618&alias=b9p23p8810.cern.ch&noUDP&sock=startd_5630_4a4a>
	SlotName: slot1_17@b9p23p8810.cern.ch
	CondorScratchDir = "/pool/condor/dir_2114803"
	Cpus = 1
	Disk = 3826
	GPUs = 0
	Memory = 3000
...
006 (13689779.000.000) 03/10 16:44:08 Image size of job updated: 110584
	108  -  MemoryUsage of job (MB)
	110584  -  ResidentSetSize of job (KB)
...
006 (13689779.000.000) 03/10 16:49:08 Image size of job updated: 1225644
	1197  -  MemoryUsage of job (MB)
	1225644  -  ResidentSetSize of job (KB)
...
040 (13689779.000.000) 03/10 16:51:37 Started transferring output files
...
040 (13689779.000.000) 03/10 16:51:37 Finished transferring output files
...
005 (13689779.000.000) 03/10 16:51:37 Job terminated.
	(1) Normal termination (return value 0)
		Usr 0 00:05:38, Sys 0 00:00:11  -  Run Remote Usage
		Usr 0 00:00:00, Sys 0 00:00:00  -  Run Local Usage
		Usr 0 00:05:38, Sys 0 00:00:11  -  Total Remote Usage
		Usr 0 00:00:00, Sys 0 00:00:00  -  Total Local Usage
	2982  -  Run Bytes Sent By Job
	11046  -  Run Bytes Received By Job
	2982  -  Total Bytes Sent By Job
	11046  -  Total Bytes Received By Job
	Partitionable Resources :    Usage  Request Allocated 
	   Cpus                 :        0        1         1 
	   Disk (KB)            :    76055       12      3826 
	   GPUs                 :                           0 
	   Memory (MB)          :     1197     3000      3000 

	Job terminated of its own accord at 2025-03-10T15:51:37Z with exit-code 0.
...
