000 (13689919.000.000) 03/10 16:04:02 Job submitted from host: <137.138.120.116:9618?addrs=137.138.120.116-9618+[2001-1458-d00-16--17b]-9618&alias=bigbird12.cern.ch&noUDP&sock=schedd_5055_e355>
...
040 (13689919.000.000) 03/10 16:44:46 Started transferring input files
	Transferring to host: <188.185.212.152:9618?addrs=188.185.212.152-9618+[2001-1458-303-19--100-14]-9618&alias=b9p26p0567.cern.ch&noUDP&sock=slot1_28_8985_7ec6_33864>
...
040 (13689919.000.000) 03/10 16:44:46 Finished transferring input files
...
001 (13689919.000.000) 03/10 16:44:47 Job executing on host: <188.185.212.152:9618?addrs=188.185.212.152-9618+[2001-1458-303-19--100-14]-9618&alias=b9p26p0567.cern.ch&noUDP&sock=startd_7685_d969>
	SlotName: slot1_28@b9p26p0567.cern.ch
	CondorScratchDir = "/pool/condor/dir_978678"
	Cpus = 1
	Disk = 3770
	GPUs = 0
	Memory = 3000
...
006 (13689919.000.000) 03/10 16:45:01 Image size of job updated: 924
	1  -  MemoryUsage of job (MB)
	820  -  ResidentSetSize of job (KB)
...
006 (13689919.000.000) 03/10 16:49:35 Image size of job updated: 880704
	1  -  MemoryUsage of job (MB)
	820  -  ResidentSetSize of job (KB)
...
040 (13689919.000.000) 03/10 16:49:38 Started transferring output files
...
040 (13689919.000.000) 03/10 16:49:39 Finished transferring output files
...
005 (13689919.000.000) 03/10 16:49:41 Job terminated.
	(1) Normal termination (return value 0)
		Usr 0 00:03:00, Sys 0 00:00:10  -  Run Remote Usage
		Usr 0 00:00:00, Sys 0 00:00:00  -  Run Local Usage
		Usr 0 00:03:00, Sys 0 00:00:10  -  Total Remote Usage
		Usr 0 00:00:00, Sys 0 00:00:00  -  Total Local Usage
	2947  -  Run Bytes Sent By Job
	11052  -  Run Bytes Received By Job
	2947  -  Total Bytes Sent By Job
	11052  -  Total Bytes Received By Job
	Partitionable Resources :    Usage  Request Allocated 
	   Cpus                 :     0.06        1         1 
	   Disk (KB)            : 37162          12      3770 
	   GPUs                 :                           0 
	   Memory (MB)          :     1        3000      3000 

	Job terminated of its own accord at 2025-03-10T15:49:35Z with exit-code 0.
...
