000 (13689903.000.000) 03/10 16:03:53 Job submitted from host: <137.138.120.116:9618?addrs=137.138.120.116-9618+[2001-1458-d00-16--17b]-9618&alias=bigbird12.cern.ch&noUDP&sock=schedd_5055_e355>
...
040 (13689903.000.000) 03/10 16:44:39 Started transferring input files
	Transferring to host: <188.185.211.184:9618?addrs=188.185.211.184-9618+[2001-1458-303-17--100-34]-9618&alias=b9p24p6475.cern.ch&noUDP&sock=slot1_40_4126_e3e1_104609>
...
040 (13689903.000.000) 03/10 16:44:39 Finished transferring input files
...
001 (13689903.000.000) 03/10 16:44:40 Job executing on host: <188.185.211.184:9618?addrs=188.185.211.184-9618+[2001-1458-303-17--100-34]-9618&alias=b9p24p6475.cern.ch&noUDP&sock=startd_3398_52e7>
	SlotName: slot1_40@b9p24p6475.cern.ch
	CondorScratchDir = "/pool/condor/dir_3526191"
	Cpus = 1
	Disk = 3766
	GPUs = 0
	Memory = 3000
...
006 (13689903.000.000) 03/10 16:44:48 Image size of job updated: 4472
	5  -  MemoryUsage of job (MB)
	4472  -  ResidentSetSize of job (KB)
...
006 (13689903.000.000) 03/10 16:49:48 Image size of job updated: 878396
	858  -  MemoryUsage of job (MB)
	878396  -  ResidentSetSize of job (KB)
...
006 (13689903.000.000) 03/10 16:54:49 Image size of job updated: 999180
	976  -  MemoryUsage of job (MB)
	999180  -  ResidentSetSize of job (KB)
...
006 (13689903.000.000) 03/10 16:59:49 Image size of job updated: 1120684
	1095  -  MemoryUsage of job (MB)
	1120684  -  ResidentSetSize of job (KB)
...
006 (13689903.000.000) 03/10 17:04:49 Image size of job updated: 1236280
	1208  -  MemoryUsage of job (MB)
	1236280  -  ResidentSetSize of job (KB)
...
006 (13689903.000.000) 03/10 17:09:50 Image size of job updated: 1352616
	1321  -  MemoryUsage of job (MB)
	1352616  -  ResidentSetSize of job (KB)
...
006 (13689903.000.000) 03/10 17:14:51 Image size of job updated: 1469840
	1436  -  MemoryUsage of job (MB)
	1469840  -  ResidentSetSize of job (KB)
...
006 (13689903.000.000) 03/10 17:19:51 Image size of job updated: 1589648
	1553  -  MemoryUsage of job (MB)
	1589648  -  ResidentSetSize of job (KB)
...
006 (13689903.000.000) 03/10 17:24:52 Image size of job updated: 1701664
	1662  -  MemoryUsage of job (MB)
	1701664  -  ResidentSetSize of job (KB)
...
006 (13689903.000.000) 03/10 17:29:53 Image size of job updated: 1903188
	1859  -  MemoryUsage of job (MB)
	1903188  -  ResidentSetSize of job (KB)
...
040 (13689903.000.000) 03/10 17:30:43 Started transferring output files
...
040 (13689903.000.000) 03/10 17:30:43 Finished transferring output files
...
005 (13689903.000.000) 03/10 17:30:43 Job terminated.
	(1) Normal termination (return value 0)
		Usr 0 00:37:38, Sys 0 00:00:24  -  Run Remote Usage
		Usr 0 00:00:00, Sys 0 00:00:00  -  Run Local Usage
		Usr 0 00:37:38, Sys 0 00:00:24  -  Total Remote Usage
		Usr 0 00:00:00, Sys 0 00:00:00  -  Total Local Usage
	4276  -  Run Bytes Sent By Job
	11052  -  Run Bytes Received By Job
	4276  -  Total Bytes Sent By Job
	11052  -  Total Bytes Received By Job
	Partitionable Resources :     Usage  Request Allocated 
	   Cpus                 :      0.03        1         1 
	   Disk (KB)            : 442677          12      3766 
	   GPUs                 :                            0 
	   Memory (MB)          :   1859        3000      3000 

	Job terminated of its own accord at 2025-03-10T16:30:43Z with exit-code 0.
...
