000 (13689922.000.000) 03/10 16:04:04 Job submitted from host: <137.138.120.116:9618?addrs=137.138.120.116-9618+[2001-1458-d00-16--17b]-9618&alias=bigbird12.cern.ch&noUDP&sock=schedd_5055_e355>
...
040 (13689922.000.000) 03/10 16:44:48 Started transferring input files
	Transferring to host: <128.142.33.215:9618?addrs=128.142.33.215-9618+[2001-1458-301-39--100-14]-9618&alias=b9g24p9175.cern.ch&noUDP&sock=slot1_18_4011_dcbc_25656>
...
040 (13689922.000.000) 03/10 16:44:48 Finished transferring input files
...
001 (13689922.000.000) 03/10 16:44:49 Job executing on host: <128.142.33.215:9618?addrs=128.142.33.215-9618+[2001-1458-301-39--100-14]-9618&alias=b9g24p9175.cern.ch&noUDP&sock=startd_3331_5e0e>
	SlotName: slot1_18@b9g24p9175.cern.ch
	CondorScratchDir = "/pool/condor/dir_1461644"
	Cpus = 1
	Disk = 3744
	GPUs = 0
	Memory = 3000
...
006 (13689922.000.000) 03/10 16:45:02 Image size of job updated: 936
	1  -  MemoryUsage of job (MB)
	828  -  ResidentSetSize of job (KB)
...
006 (13689922.000.000) 03/10 16:50:02 Image size of job updated: 852004
	833  -  MemoryUsage of job (MB)
	852004  -  ResidentSetSize of job (KB)
...
006 (13689922.000.000) 03/10 16:55:03 Image size of job updated: 980632
	958  -  MemoryUsage of job (MB)
	980632  -  ResidentSetSize of job (KB)
...
006 (13689922.000.000) 03/10 17:00:04 Image size of job updated: 1094924
	1070  -  MemoryUsage of job (MB)
	1094924  -  ResidentSetSize of job (KB)
...
006 (13689922.000.000) 03/10 17:05:04 Image size of job updated: 1215908
	1188  -  MemoryUsage of job (MB)
	1215908  -  ResidentSetSize of job (KB)
...
006 (13689922.000.000) 03/10 17:10:05 Image size of job updated: 1341524
	1311  -  MemoryUsage of job (MB)
	1341524  -  ResidentSetSize of job (KB)
...
006 (13689922.000.000) 03/10 17:15:06 Image size of job updated: 1470864
	1437  -  MemoryUsage of job (MB)
	1470864  -  ResidentSetSize of job (KB)
...
006 (13689922.000.000) 03/10 17:20:06 Image size of job updated: 1592292
	1555  -  MemoryUsage of job (MB)
	1592292  -  ResidentSetSize of job (KB)
...
006 (13689922.000.000) 03/10 17:25:07 Image size of job updated: 1706700
	1667  -  MemoryUsage of job (MB)
	1706700  -  ResidentSetSize of job (KB)
...
006 (13689922.000.000) 03/10 17:30:07 Image size of job updated: 1822760
	1781  -  MemoryUsage of job (MB)
	1822760  -  ResidentSetSize of job (KB)
...
006 (13689922.000.000) 03/10 17:35:07 Image size of job updated: 1963296
	1918  -  MemoryUsage of job (MB)
	1963296  -  ResidentSetSize of job (KB)
...
006 (13689922.000.000) 03/10 17:40:08 Image size of job updated: 2096108
	2047  -  MemoryUsage of job (MB)
	2096108  -  ResidentSetSize of job (KB)
...
006 (13689922.000.000) 03/10 17:45:08 Image size of job updated: 2216436
	2165  -  MemoryUsage of job (MB)
	2216436  -  ResidentSetSize of job (KB)
...
006 (13689922.000.000) 03/10 17:50:08 Image size of job updated: 2339016
	2285  -  MemoryUsage of job (MB)
	2339016  -  ResidentSetSize of job (KB)
...
006 (13689922.000.000) 03/10 17:55:09 Image size of job updated: 2537624
	2479  -  MemoryUsage of job (MB)
	2537624  -  ResidentSetSize of job (KB)
...
006 (13689922.000.000) 03/10 17:56:44 Image size of job updated: 2755152
	2479  -  MemoryUsage of job (MB)
	2537624  -  ResidentSetSize of job (KB)
...
040 (13689922.000.000) 03/10 17:56:45 Started transferring output files
...
040 (13689922.000.000) 03/10 17:56:45 Finished transferring output files
...
005 (13689922.000.000) 03/10 17:56:45 Job terminated.
	(1) Normal termination (return value 0)
		Usr 0 00:59:29, Sys 0 00:00:45  -  Run Remote Usage
		Usr 0 00:00:00, Sys 0 00:00:00  -  Run Local Usage
		Usr 0 00:59:29, Sys 0 00:00:45  -  Total Remote Usage
		Usr 0 00:00:00, Sys 0 00:00:00  -  Total Local Usage
	5467  -  Run Bytes Sent By Job
	11052  -  Run Bytes Received By Job
	5467  -  Total Bytes Sent By Job
	11052  -  Total Bytes Received By Job
	Partitionable Resources :     Usage  Request Allocated 
	   Cpus                 :      0.99        1         1 
	   Disk (KB)            : 722588          12      3744 
	   GPUs                 :                            0 
	   Memory (MB)          :   2479        3000      3000 

	Job terminated of its own accord at 2025-03-10T16:56:44Z with exit-code 0.
...
