000 (13689880.000.000) 03/10 16:03:38 Job submitted from host: <137.138.120.116:9618?addrs=137.138.120.116-9618+[2001-1458-d00-16--17b]-9618&alias=bigbird12.cern.ch&noUDP&sock=schedd_5055_e355>
...
040 (13689880.000.000) 03/10 16:44:33 Started transferring input files
	Transferring to host: <188.185.206.149:9618?addrs=188.185.206.149-9618+[2001-1458-303-c--100-12]-9618&alias=b9p06p7867.cern.ch&noUDP&sock=slot1_10_3952_4a9a_111451>
...
040 (13689880.000.000) 03/10 16:44:33 Finished transferring input files
...
001 (13689880.000.000) 03/10 16:44:34 Job executing on host: <188.185.206.149:9618?addrs=188.185.206.149-9618+[2001-1458-303-c--100-12]-9618&alias=b9p06p7867.cern.ch&noUDP&sock=startd_3706_9612>
	SlotName: slot1_10@b9p06p7867.cern.ch
	CondorScratchDir = "/pool/condor/dir_2440159"
	Cpus = 1
	Disk = 3649
	GPUs = 0
	Memory = 3000
...
006 (13689880.000.000) 03/10 16:44:42 Image size of job updated: 1644
	2  -  MemoryUsage of job (MB)
	1644  -  ResidentSetSize of job (KB)
...
006 (13689880.000.000) 03/10 16:45:58 Image size of job updated: 356544
	349  -  MemoryUsage of job (MB)
	356544  -  ResidentSetSize of job (KB)
...
040 (13689880.000.000) 03/10 16:45:58 Started transferring output files
...
040 (13689880.000.000) 03/10 16:45:58 Finished transferring output files
...
005 (13689880.000.000) 03/10 16:45:58 Job terminated.
	(1) Normal termination (return value 0)
		Usr 0 00:00:30, Sys 0 00:00:07  -  Run Remote Usage
		Usr 0 00:00:00, Sys 0 00:00:00  -  Run Local Usage
		Usr 0 00:00:30, Sys 0 00:00:07  -  Total Remote Usage
		Usr 0 00:00:00, Sys 0 00:00:00  -  Total Local Usage
	2813  -  Run Bytes Sent By Job
	11052  -  Run Bytes Received By Job
	2813  -  Total Bytes Sent By Job
	11052  -  Total Bytes Received By Job
	Partitionable Resources :    Usage  Request Allocated 
	   Cpus                 :        0        1         1 
	   Disk (KB)            :    11947       12      3649 
	   GPUs                 :                           0 
	   Memory (MB)          :      349     3000      3000 

	Job terminated of its own accord at 2025-03-10T15:45:58Z with exit-code 0.
...
