000 (13689909.000.000) 03/10 16:03:57 Job submitted from host: <137.138.120.116:9618?addrs=137.138.120.116-9618+[2001-1458-d00-16--17b]-9618&alias=bigbird12.cern.ch&noUDP&sock=schedd_5055_e355>
...
040 (13689909.000.000) 03/10 16:44:42 Started transferring input files
	Transferring to host: <188.185.215.186:9618?addrs=188.185.215.186-9618+[2001-1458-303-26--100-36]-9618&alias=b9p18p2250.cern.ch&noUDP&sock=slot1_16_4820_e03d_111591>
...
040 (13689909.000.000) 03/10 16:44:42 Finished transferring input files
...
001 (13689909.000.000) 03/10 16:44:43 Job executing on host: <188.185.215.186:9618?addrs=188.185.215.186-9618+[2001-1458-303-26--100-36]-9618&alias=b9p18p2250.cern.ch&noUDP&sock=startd_3991_1290>
	SlotName: slot1_16@b9p18p2250.cern.ch
	CondorScratchDir = "/pool/condor/dir_684764"
	Cpus = 1
	Disk = 3826
	GPUs = 0
	Memory = 3000
...
006 (13689909.000.000) 03/10 16:44:52 Image size of job updated: 1764
	2  -  MemoryUsage of job (MB)
	1764  -  ResidentSetSize of job (KB)
...
006 (13689909.000.000) 03/10 16:49:53 Image size of job updated: 1190444
	1163  -  MemoryUsage of job (MB)
	1190444  -  ResidentSetSize of job (KB)
...
040 (13689909.000.000) 03/10 16:53:09 Started transferring output files
...
040 (13689909.000.000) 03/10 16:53:09 Finished transferring output files
...
005 (13689909.000.000) 03/10 16:53:09 Job terminated.
	(1) Normal termination (return value 0)
		Usr 0 00:05:46, Sys 0 00:00:16  -  Run Remote Usage
		Usr 0 00:00:00, Sys 0 00:00:00  -  Run Local Usage
		Usr 0 00:05:46, Sys 0 00:00:16  -  Total Remote Usage
		Usr 0 00:00:00, Sys 0 00:00:00  -  Total Local Usage
	2988  -  Run Bytes Sent By Job
	11052  -  Run Bytes Received By Job
	2988  -  Total Bytes Sent By Job
	11052  -  Total Bytes Received By Job
	Partitionable Resources :    Usage  Request Allocated 
	   Cpus                 :     0.05        1         1 
	   Disk (KB)            : 65728          12      3826 
	   GPUs                 :                           0 
	   Memory (MB)          :  1163        3000      3000 

	Job terminated of its own accord at 2025-03-10T15:53:09Z with exit-code 0.
...
