000 (13689996.000.000) 03/10 16:04:56 Job submitted from host: <137.138.120.116:9618?addrs=137.138.120.116-9618+[2001-1458-d00-16--17b]-9618&alias=bigbird12.cern.ch&noUDP&sock=schedd_5055_e355>
...
040 (13689996.000.000) 03/10 16:45:12 Started transferring input files
	Transferring to host: <128.142.130.65:9618?addrs=128.142.130.65-9618+[2001-1458-301-58--100-35]-9618&alias=b9g20p7090.cern.ch&noUDP&sock=slot1_4_2804_6beb_10740>
...
040 (13689996.000.000) 03/10 16:45:12 Finished transferring input files
...
001 (13689996.000.000) 03/10 16:45:13 Job executing on host: <128.142.130.65:9618?addrs=128.142.130.65-9618+[2001-1458-301-58--100-35]-9618&alias=b9g20p7090.cern.ch&noUDP&sock=startd_2425_ed41>
	SlotName: slot1_4@b9g20p7090.cern.ch
	CondorScratchDir = "/pool/condor/dir_1777278"
	Cpus = 1
	Disk = 2720
	GPUs = 0
	Memory = 3000
...
006 (13689996.000.000) 03/10 16:45:27 Image size of job updated: 964
	1  -  MemoryUsage of job (MB)
	964  -  ResidentSetSize of job (KB)
...
006 (13689996.000.000) 03/10 16:50:28 Image size of job updated: 788332
	770  -  MemoryUsage of job (MB)
	788332  -  ResidentSetSize of job (KB)
...
006 (13689996.000.000) 03/10 16:51:24 Image size of job updated: 1044980
	770  -  MemoryUsage of job (MB)
	788332  -  ResidentSetSize of job (KB)
...
040 (13689996.000.000) 03/10 16:51:25 Started transferring output files
...
040 (13689996.000.000) 03/10 16:51:25 Finished transferring output files
...
005 (13689996.000.000) 03/10 16:51:25 Job terminated.
	(1) Normal termination (return value 0)
		Usr 0 00:04:27, Sys 0 00:00:09  -  Run Remote Usage
		Usr 0 00:00:00, Sys 0 00:00:00  -  Run Local Usage
		Usr 0 00:04:27, Sys 0 00:00:09  -  Total Remote Usage
		Usr 0 00:00:00, Sys 0 00:00:00  -  Total Local Usage
	3040  -  Run Bytes Sent By Job
	11052  -  Run Bytes Received By Job
	3040  -  Total Bytes Sent By Job
	11052  -  Total Bytes Received By Job
	Partitionable Resources :    Usage  Request Allocated 
	   Cpus                 :        0        1         1 
	   Disk (KB)            :    35742       12      2720 
	   GPUs                 :                           0 
	   Memory (MB)          :      770     3000      3000 

	Job terminated of its own accord at 2025-03-10T15:51:24Z with exit-code 0.
...
