000 (13689857.000.000) 03/10 16:03:24 Job submitted from host: <137.138.120.116:9618?addrs=137.138.120.116-9618+[2001-1458-d00-16--17b]-9618&alias=bigbird12.cern.ch&noUDP&sock=schedd_5055_e355>
...
040 (13689857.000.000) 03/10 16:44:24 Started transferring input files
	Transferring to host: <188.185.210.196:9618?addrs=188.185.210.196-9618+[2001-1458-303-15--100-40]-9618&alias=b9p22p0282.cern.ch&noUDP&sock=slot1_12_7614_806f_103647>
...
040 (13689857.000.000) 03/10 16:44:24 Finished transferring input files
...
001 (13689857.000.000) 03/10 16:44:25 Job executing on host: <188.185.210.196:9618?addrs=188.185.210.196-9618+[2001-1458-303-15--100-40]-9618&alias=b9p22p0282.cern.ch&noUDP&sock=startd_6502_68df>
	SlotName: slot1_12@b9p22p0282.cern.ch
	CondorScratchDir = "/pool/condor/dir_2659002"
	Cpus = 1
	Disk = 3756
	GPUs = 0
	Memory = 3000
...
006 (13689857.000.000) 03/10 16:44:34 Image size of job updated: 5412
	6  -  MemoryUsage of job (MB)
	5412  -  ResidentSetSize of job (KB)
...
006 (13689857.000.000) 03/10 16:49:34 Image size of job updated: 886192
	866  -  MemoryUsage of job (MB)
	886192  -  ResidentSetSize of job (KB)
...
006 (13689857.000.000) 03/10 16:54:34 Image size of job updated: 997524
	975  -  MemoryUsage of job (MB)
	997524  -  ResidentSetSize of job (KB)
...
006 (13689857.000.000) 03/10 16:59:35 Image size of job updated: 1102124
	1077  -  MemoryUsage of job (MB)
	1102124  -  ResidentSetSize of job (KB)
...
006 (13689857.000.000) 03/10 17:04:36 Image size of job updated: 1207576
	1180  -  MemoryUsage of job (MB)
	1207576  -  ResidentSetSize of job (KB)
...
006 (13689857.000.000) 03/10 17:09:36 Image size of job updated: 1316532
	1286  -  MemoryUsage of job (MB)
	1316532  -  ResidentSetSize of job (KB)
...
006 (13689857.000.000) 03/10 17:14:37 Image size of job updated: 1742532
	1702  -  MemoryUsage of job (MB)
	1742532  -  ResidentSetSize of job (KB)
...
040 (13689857.000.000) 03/10 17:14:49 Started transferring output files
...
040 (13689857.000.000) 03/10 17:14:49 Finished transferring output files
...
005 (13689857.000.000) 03/10 17:14:49 Job terminated.
	(1) Normal termination (return value 0)
		Usr 0 00:24:44, Sys 0 00:00:25  -  Run Remote Usage
		Usr 0 00:00:00, Sys 0 00:00:00  -  Run Local Usage
		Usr 0 00:24:44, Sys 0 00:00:25  -  Total Remote Usage
		Usr 0 00:00:00, Sys 0 00:00:00  -  Total Local Usage
	4150  -  Run Bytes Sent By Job
	11052  -  Run Bytes Received By Job
	4150  -  Total Bytes Sent By Job
	11052  -  Total Bytes Received By Job
	Partitionable Resources :     Usage  Request Allocated 
	   Cpus                 :      0.97        1         1 
	   Disk (KB)            : 264342          12      3756 
	   GPUs                 :                            0 
	   Memory (MB)          :   1702        3000      3000 

	Job terminated of its own accord at 2025-03-10T16:14:49Z with exit-code 0.
...
