000 (13689907.000.000) 03/10 16:03:56 Job submitted from host: <137.138.120.116:9618?addrs=137.138.120.116-9618+[2001-1458-d00-16--17b]-9618&alias=bigbird12.cern.ch&noUDP&sock=schedd_5055_e355>
...
040 (13689907.000.000) 03/10 16:44:42 Started transferring input files
	Transferring to host: <188.185.213.105:9618?addrs=188.185.213.105-9618+[2001-1458-303-1a--100-65]-9618&alias=b9p27p6580.cern.ch&noUDP&sock=slot1_10_4132_1e21_34618>
...
040 (13689907.000.000) 03/10 16:44:42 Finished transferring input files
...
001 (13689907.000.000) 03/10 16:44:43 Job executing on host: <188.185.213.105:9618?addrs=188.185.213.105-9618+[2001-1458-303-1a--100-65]-9618&alias=b9p27p6580.cern.ch&noUDP&sock=startd_3422_c92d>
	SlotName: slot1_10@b9p27p6580.cern.ch
	CondorScratchDir = "/pool/condor/dir_3746970"
	Cpus = 1
	Disk = 3713
	GPUs = 0
	Memory = 3000
...
006 (13689907.000.000) 03/10 16:44:57 Image size of job updated: 33976
	1  -  MemoryUsage of job (MB)
	784  -  ResidentSetSize of job (KB)
...
006 (13689907.000.000) 03/10 16:49:58 Image size of job updated: 828292
	809  -  MemoryUsage of job (MB)
	828292  -  ResidentSetSize of job (KB)
...
006 (13689907.000.000) 03/10 16:54:59 Image size of job updated: 944920
	923  -  MemoryUsage of job (MB)
	944920  -  ResidentSetSize of job (KB)
...
006 (13689907.000.000) 03/10 16:59:59 Image size of job updated: 1047664
	1024  -  MemoryUsage of job (MB)
	1047664  -  ResidentSetSize of job (KB)
...
006 (13689907.000.000) 03/10 17:05:00 Image size of job updated: 1153996
	1127  -  MemoryUsage of job (MB)
	1153996  -  ResidentSetSize of job (KB)
...
006 (13689907.000.000) 03/10 17:10:00 Image size of job updated: 1270080
	1241  -  MemoryUsage of job (MB)
	1270080  -  ResidentSetSize of job (KB)
...
006 (13689907.000.000) 03/10 17:12:32 Image size of job updated: 1624092
	1241  -  MemoryUsage of job (MB)
	1270080  -  ResidentSetSize of job (KB)
...
040 (13689907.000.000) 03/10 17:12:32 Started transferring output files
...
040 (13689907.000.000) 03/10 17:12:32 Finished transferring output files
...
005 (13689907.000.000) 03/10 17:12:32 Job terminated.
	(1) Normal termination (return value 0)
		Usr 0 00:21:33, Sys 0 00:00:31  -  Run Remote Usage
		Usr 0 00:00:00, Sys 0 00:00:00  -  Run Local Usage
		Usr 0 00:21:33, Sys 0 00:00:31  -  Total Remote Usage
		Usr 0 00:00:00, Sys 0 00:00:00  -  Total Local Usage
	3473  -  Run Bytes Sent By Job
	11052  -  Run Bytes Received By Job
	3473  -  Total Bytes Sent By Job
	11052  -  Total Bytes Received By Job
	Partitionable Resources :     Usage  Request Allocated 
	   Cpus                 :      0.97        1         1 
	   Disk (KB)            : 234584          12      3713 
	   GPUs                 :                            0 
	   Memory (MB)          :   1241        3000      3000 

	Job terminated of its own accord at 2025-03-10T16:12:32Z with exit-code 0.
...
