000 (13689943.000.000) 03/10 16:04:18 Job submitted from host: <137.138.120.116:9618?addrs=137.138.120.116-9618+[2001-1458-d00-16--17b]-9618&alias=bigbird12.cern.ch&noUDP&sock=schedd_5055_e355>
...
040 (13689943.000.000) 03/10 16:44:54 Started transferring input files
	Transferring to host: <128.142.192.202:9618?addrs=128.142.192.202-9618+[2001-1458-301-56--100-46]-9618&alias=b9g18p7650.cern.ch&noUDP&sock=slot1_29_4073232_2cfe_39808>
...
040 (13689943.000.000) 03/10 16:44:54 Finished transferring input files
...
001 (13689943.000.000) 03/10 16:44:55 Job executing on host: <128.142.192.202:9618?addrs=128.142.192.202-9618+[2001-1458-301-56--100-46]-9618&alias=b9g18p7650.cern.ch&noUDP&sock=startd_4073194_de65>
	SlotName: slot1_29@b9g18p7650.cern.ch
	CondorScratchDir = "/pool/condor/dir_1468578"
	Cpus = 1
	Disk = 3843
	GPUs = 0
	Memory = 3000
...
006 (13689943.000.000) 03/10 16:45:04 Image size of job updated: 2988
	3  -  MemoryUsage of job (MB)
	2988  -  ResidentSetSize of job (KB)
...
006 (13689943.000.000) 03/10 16:50:05 Image size of job updated: 1871752
	1828  -  MemoryUsage of job (MB)
	1871752  -  ResidentSetSize of job (KB)
...
006 (13689943.000.000) 03/10 16:55:05 Image size of job updated: 1972088
	1926  -  MemoryUsage of job (MB)
	1972088  -  ResidentSetSize of job (KB)
...
006 (13689943.000.000) 03/10 17:00:05 Image size of job updated: 2110572
	2062  -  MemoryUsage of job (MB)
	2110572  -  ResidentSetSize of job (KB)
...
040 (13689943.000.000) 03/10 17:01:00 Started transferring output files
...
040 (13689943.000.000) 03/10 17:01:00 Finished transferring output files
...
005 (13689943.000.000) 03/10 17:01:00 Job terminated.
	(1) Normal termination (return value 0)
		Usr 0 00:12:17, Sys 0 00:00:13  -  Run Remote Usage
		Usr 0 00:00:00, Sys 0 00:00:00  -  Run Local Usage
		Usr 0 00:12:17, Sys 0 00:00:13  -  Total Remote Usage
		Usr 0 00:00:00, Sys 0 00:00:00  -  Total Local Usage
	2989  -  Run Bytes Sent By Job
	11052  -  Run Bytes Received By Job
	2989  -  Total Bytes Sent By Job
	11052  -  Total Bytes Received By Job
	Partitionable Resources :    Usage  Request Allocated 
	   Cpus                 :     0.92        1         1 
	   Disk (KB)            : 83898          12      3843 
	   GPUs                 :                           0 
	   Memory (MB)          :  2062        3000      3000 

	Job terminated of its own accord at 2025-03-10T16:01:00Z with exit-code 0.
...
