000 (13689785.000.000) 03/10 16:02:41 Job submitted from host: <137.138.120.116:9618?addrs=137.138.120.116-9618+[2001-1458-d00-16--17b]-9618&alias=bigbird12.cern.ch&noUDP&sock=schedd_5055_e355>
...
040 (13689785.000.000) 03/10 16:44:01 Started transferring input files
	Transferring to host: <188.185.211.72:9618?addrs=188.185.211.72-9618+[2001-1458-303-16--100-44]-9618&alias=b9p23p2386.cern.ch&noUDP&sock=slot1_17_3587_1dab_101927>
...
040 (13689785.000.000) 03/10 16:44:01 Finished transferring input files
...
001 (13689785.000.000) 03/10 16:44:02 Job executing on host: <188.185.211.72:9618?addrs=188.185.211.72-9618+[2001-1458-303-16--100-44]-9618&alias=b9p23p2386.cern.ch&noUDP&sock=startd_2939_7cee>
	SlotName: slot1_17@b9p23p2386.cern.ch
	CondorScratchDir = "/pool/condor/dir_2262272"
	Cpus = 1
	Disk = 3738
	GPUs = 0
	Memory = 3000
...
006 (13689785.000.000) 03/10 16:44:11 Image size of job updated: 20072
	20  -  MemoryUsage of job (MB)
	20072  -  ResidentSetSize of job (KB)
...
006 (13689785.000.000) 03/10 16:49:12 Image size of job updated: 1246568
	1218  -  MemoryUsage of job (MB)
	1246568  -  ResidentSetSize of job (KB)
...
006 (13689785.000.000) 03/10 16:54:12 Image size of job updated: 1382980
	1351  -  MemoryUsage of job (MB)
	1382980  -  ResidentSetSize of job (KB)
...
006 (13689785.000.000) 03/10 16:59:12 Image size of job updated: 1526844
	1492  -  MemoryUsage of job (MB)
	1526844  -  ResidentSetSize of job (KB)
...
006 (13689785.000.000) 03/10 17:04:13 Image size of job updated: 1663780
	1625  -  MemoryUsage of job (MB)
	1663780  -  ResidentSetSize of job (KB)
...
006 (13689785.000.000) 03/10 17:09:14 Image size of job updated: 1806928
	1765  -  MemoryUsage of job (MB)
	1806928  -  ResidentSetSize of job (KB)
...
006 (13689785.000.000) 03/10 17:14:14 Image size of job updated: 1944308
	1899  -  MemoryUsage of job (MB)
	1944308  -  ResidentSetSize of job (KB)
...
006 (13689785.000.000) 03/10 17:19:14 Image size of job updated: 2092292
	2044  -  MemoryUsage of job (MB)
	2092292  -  ResidentSetSize of job (KB)
...
006 (13689785.000.000) 03/10 17:24:15 Image size of job updated: 2228620
	2177  -  MemoryUsage of job (MB)
	2228620  -  ResidentSetSize of job (KB)
...
006 (13689785.000.000) 03/10 17:29:16 Image size of job updated: 2375604
	2320  -  MemoryUsage of job (MB)
	2375604  -  ResidentSetSize of job (KB)
...
006 (13689785.000.000) 03/10 17:34:16 Image size of job updated: 2603596
	2543  -  MemoryUsage of job (MB)
	2603596  -  ResidentSetSize of job (KB)
...
040 (13689785.000.000) 03/10 17:35:29 Started transferring output files
...
040 (13689785.000.000) 03/10 17:35:29 Finished transferring output files
...
005 (13689785.000.000) 03/10 17:35:29 Job terminated.
	(1) Normal termination (return value 0)
		Usr 0 00:40:46, Sys 0 00:00:30  -  Run Remote Usage
		Usr 0 00:00:00, Sys 0 00:00:00  -  Run Local Usage
		Usr 0 00:40:46, Sys 0 00:00:30  -  Total Remote Usage
		Usr 0 00:00:00, Sys 0 00:00:00  -  Total Local Usage
	4760  -  Run Bytes Sent By Job
	11046  -  Run Bytes Received By Job
	4760  -  Total Bytes Sent By Job
	11046  -  Total Bytes Received By Job
	Partitionable Resources :     Usage  Request Allocated 
	   Cpus                 :      0.99        1         1 
	   Disk (KB)            : 584643          12      3738 
	   GPUs                 :                            0 
	   Memory (MB)          :   2543        3000      3000 

	Job terminated of its own accord at 2025-03-10T16:35:29Z with exit-code 0.
...
