000 (13689842.000.000) 03/10 16:03:14 Job submitted from host: <137.138.120.116:9618?addrs=137.138.120.116-9618+[2001-1458-d00-16--17b]-9618&alias=bigbird12.cern.ch&noUDP&sock=schedd_5055_e355>
...
040 (13689842.000.000) 03/10 16:44:26 Started transferring input files
	Transferring to host: <188.185.211.77:9618?addrs=188.185.211.77-9618+[2001-1458-303-16--100-49]-9618&alias=b9p23p1235.cern.ch&noUDP&sock=slot1_43_5937_e74b_100531>
...
040 (13689842.000.000) 03/10 16:44:26 Finished transferring input files
...
001 (13689842.000.000) 03/10 16:44:27 Job executing on host: <188.185.211.77:9618?addrs=188.185.211.77-9618+[2001-1458-303-16--100-49]-9618&alias=b9p23p1235.cern.ch&noUDP&sock=startd_4821_622b>
	SlotName: slot1_43@b9p23p1235.cern.ch
	CondorScratchDir = "/pool/condor/dir_1363173"
	Cpus = 1
	Disk = 3825
	GPUs = 0
	Memory = 3000
...
006 (13689842.000.000) 03/10 16:44:36 Image size of job updated: 2160
	3  -  MemoryUsage of job (MB)
	2160  -  ResidentSetSize of job (KB)
...
006 (13689842.000.000) 03/10 16:49:37 Image size of job updated: 1169512
	1143  -  MemoryUsage of job (MB)
	1169512  -  ResidentSetSize of job (KB)
...
006 (13689842.000.000) 03/10 16:54:37 Image size of job updated: 1285756
	1256  -  MemoryUsage of job (MB)
	1285756  -  ResidentSetSize of job (KB)
...
006 (13689842.000.000) 03/10 16:59:37 Image size of job updated: 1382000
	1350  -  MemoryUsage of job (MB)
	1382000  -  ResidentSetSize of job (KB)
...
006 (13689842.000.000) 03/10 17:04:38 Image size of job updated: 1473992
	1440  -  MemoryUsage of job (MB)
	1473992  -  ResidentSetSize of job (KB)
...
006 (13689842.000.000) 03/10 17:09:38 Image size of job updated: 1573100
	1537  -  MemoryUsage of job (MB)
	1573100  -  ResidentSetSize of job (KB)
...
006 (13689842.000.000) 03/10 17:14:38 Image size of job updated: 1667152
	1629  -  MemoryUsage of job (MB)
	1667152  -  ResidentSetSize of job (KB)
...
006 (13689842.000.000) 03/10 17:19:39 Image size of job updated: 1756928
	1716  -  MemoryUsage of job (MB)
	1756928  -  ResidentSetSize of job (KB)
...
006 (13689842.000.000) 03/10 17:24:40 Image size of job updated: 1848768
	1806  -  MemoryUsage of job (MB)
	1848768  -  ResidentSetSize of job (KB)
...
006 (13689842.000.000) 03/10 17:29:40 Image size of job updated: 1942804
	1898  -  MemoryUsage of job (MB)
	1942804  -  ResidentSetSize of job (KB)
...
006 (13689842.000.000) 03/10 17:34:41 Image size of job updated: 2036872
	1990  -  MemoryUsage of job (MB)
	2036872  -  ResidentSetSize of job (KB)
...
006 (13689842.000.000) 03/10 17:39:42 Image size of job updated: 2141404
	2092  -  MemoryUsage of job (MB)
	2141404  -  ResidentSetSize of job (KB)
...
006 (13689842.000.000) 03/10 17:44:42 Image size of job updated: 2241092
	2189  -  MemoryUsage of job (MB)
	2241092  -  ResidentSetSize of job (KB)
...
006 (13689842.000.000) 03/10 17:49:43 Image size of job updated: 2346412
	2292  -  MemoryUsage of job (MB)
	2346412  -  ResidentSetSize of job (KB)
...
006 (13689842.000.000) 03/10 17:54:44 Image size of job updated: 2449400
	2392  -  MemoryUsage of job (MB)
	2449400  -  ResidentSetSize of job (KB)
...
006 (13689842.000.000) 03/10 17:59:44 Image size of job updated: 2562528
	2503  -  MemoryUsage of job (MB)
	2562528  -  ResidentSetSize of job (KB)
...
006 (13689842.000.000) 03/10 18:04:45 Image size of job updated: 2669036
	2607  -  MemoryUsage of job (MB)
	2669036  -  ResidentSetSize of job (KB)
...
006 (13689842.000.000) 03/10 18:09:46 Image size of job updated: 2764520
	2700  -  MemoryUsage of job (MB)
	2764520  -  ResidentSetSize of job (KB)
...
006 (13689842.000.000) 03/10 18:14:46 Image size of job updated: 2867488
	2801  -  MemoryUsage of job (MB)
	2867488  -  ResidentSetSize of job (KB)
...
006 (13689842.000.000) 03/10 18:19:47 Image size of job updated: 3212968
	3138  -  MemoryUsage of job (MB)
	3212968  -  ResidentSetSize of job (KB)
...
040 (13689842.000.000) 03/10 18:21:16 Started transferring output files
...
040 (13689842.000.000) 03/10 18:21:16 Finished transferring output files
...
005 (13689842.000.000) 03/10 18:21:16 Job terminated.
	(1) Normal termination (return value 0)
		Usr 0 01:18:30, Sys 0 00:01:47  -  Run Remote Usage
		Usr 0 00:00:00, Sys 0 00:00:00  -  Run Local Usage
		Usr 0 01:18:30, Sys 0 00:01:47  -  Total Remote Usage
		Usr 0 00:00:00, Sys 0 00:00:00  -  Total Local Usage
	5356  -  Run Bytes Sent By Job
	11046  -  Run Bytes Received By Job
	5356  -  Total Bytes Sent By Job
	11046  -  Total Bytes Received By Job
	Partitionable Resources :     Usage  Request Allocated 
	   Cpus                 :      0.93        1         1 
	   Disk (KB)            : 734885          12      3825 
	   GPUs                 :                            0 
	   Memory (MB)          :   3138        3000      3000 

	Job terminated of its own accord at 2025-03-10T17:21:16Z with exit-code 0.
...
