000 (13689973.000.000) 03/10 16:04:37 Job submitted from host: <137.138.120.116:9618?addrs=137.138.120.116-9618+[2001-1458-d00-16--17b]-9618&alias=bigbird12.cern.ch&noUDP&sock=schedd_5055_e355>
...
040 (13689973.000.000) 03/10 16:45:04 Started transferring input files
	Transferring to host: <188.185.215.176:9618?addrs=188.185.215.176-9618+[2001-1458-303-26--100-2c]-9618&alias=b9p18p7146.cern.ch&noUDP&sock=slot1_17_8537_d6b4_94766>
...
040 (13689973.000.000) 03/10 16:45:04 Finished transferring input files
...
001 (13689973.000.000) 03/10 16:45:05 Job executing on host: <188.185.215.176:9618?addrs=188.185.215.176-9618+[2001-1458-303-26--100-2c]-9618&alias=b9p18p7146.cern.ch&noUDP&sock=startd_7309_f1cd>
	SlotName: slot1_17@b9p18p7146.cern.ch
	CondorScratchDir = "/pool/condor/dir_739970"
	Cpus = 1
	Disk = 3632
	GPUs = 0
	Memory = 3000
...
006 (13689973.000.000) 03/10 16:45:14 Image size of job updated: 15420
	16  -  MemoryUsage of job (MB)
	15420  -  ResidentSetSize of job (KB)
...
006 (13689973.000.000) 03/10 16:47:52 Image size of job updated: 373124
	365  -  MemoryUsage of job (MB)
	373124  -  ResidentSetSize of job (KB)
...
040 (13689973.000.000) 03/10 16:47:52 Started transferring output files
...
040 (13689973.000.000) 03/10 16:47:52 Finished transferring output files
...
005 (13689973.000.000) 03/10 16:47:52 Job terminated.
	(1) Normal termination (return value 0)
		Usr 0 00:01:29, Sys 0 00:00:09  -  Run Remote Usage
		Usr 0 00:00:00, Sys 0 00:00:00  -  Run Local Usage
		Usr 0 00:01:29, Sys 0 00:00:09  -  Total Remote Usage
		Usr 0 00:00:00, Sys 0 00:00:00  -  Total Local Usage
	2947  -  Run Bytes Sent By Job
	11052  -  Run Bytes Received By Job
	2947  -  Total Bytes Sent By Job
	11052  -  Total Bytes Received By Job
	Partitionable Resources :    Usage  Request Allocated 
	   Cpus                 :     0.66        1         1 
	   Disk (KB)            : 20210          12      3632 
	   GPUs                 :                           0 
	   Memory (MB)          :   365        3000      3000 

	Job terminated of its own accord at 2025-03-10T15:47:52Z with exit-code 0.
...
