000 (13689927.000.000) 03/10 16:04:06 Job submitted from host: <137.138.120.116:9618?addrs=137.138.120.116-9618+[2001-1458-d00-16--17b]-9618&alias=bigbird12.cern.ch&noUDP&sock=schedd_5055_e355>
...
040 (13689927.000.000) 03/10 16:44:49 Started transferring input files
	Transferring to host: <128.142.240.17:9618?addrs=128.142.240.17-9618+[2001-1458-301-11--100-11]-9618&alias=b9g29p4029.cern.ch&noUDP&sock=slot1_21_5880_bde8_31126>
...
040 (13689927.000.000) 03/10 16:44:49 Finished transferring input files
...
001 (13689927.000.000) 03/10 16:44:50 Job executing on host: <128.142.240.17:9618?addrs=128.142.240.17-9618+[2001-1458-301-11--100-11]-9618&alias=b9g29p4029.cern.ch&noUDP&sock=startd_4771_166f>
	SlotName: slot1_21@b9g29p4029.cern.ch
	CondorScratchDir = "/pool/condor/dir_75434"
	Cpus = 1
	Disk = 3774
	GPUs = 0
	Memory = 3000
...
006 (13689927.000.000) 03/10 16:44:59 Image size of job updated: 1868
	2  -  MemoryUsage of job (MB)
	1868  -  ResidentSetSize of job (KB)
...
006 (13689927.000.000) 03/10 16:50:00 Image size of job updated: 1167264
	1140  -  MemoryUsage of job (MB)
	1167264  -  ResidentSetSize of job (KB)
...
006 (13689927.000.000) 03/10 16:55:01 Image size of job updated: 1288728
	1259  -  MemoryUsage of job (MB)
	1288728  -  ResidentSetSize of job (KB)
...
006 (13689927.000.000) 03/10 17:00:01 Image size of job updated: 1405596
	1373  -  MemoryUsage of job (MB)
	1405596  -  ResidentSetSize of job (KB)
...
006 (13689927.000.000) 03/10 17:05:02 Image size of job updated: 1524716
	1489  -  MemoryUsage of job (MB)
	1524716  -  ResidentSetSize of job (KB)
...
006 (13689927.000.000) 03/10 17:10:03 Image size of job updated: 1637124
	1599  -  MemoryUsage of job (MB)
	1637124  -  ResidentSetSize of job (KB)
...
006 (13689927.000.000) 03/10 17:15:03 Image size of job updated: 1751108
	1711  -  MemoryUsage of job (MB)
	1751108  -  ResidentSetSize of job (KB)
...
006 (13689927.000.000) 03/10 17:20:03 Image size of job updated: 1866436
	1823  -  MemoryUsage of job (MB)
	1866436  -  ResidentSetSize of job (KB)
...
006 (13689927.000.000) 03/10 17:25:04 Image size of job updated: 1962808
	1917  -  MemoryUsage of job (MB)
	1962808  -  ResidentSetSize of job (KB)
...
040 (13689927.000.000) 03/10 17:28:47 Started transferring output files
...
040 (13689927.000.000) 03/10 17:28:47 Finished transferring output files
...
005 (13689927.000.000) 03/10 17:28:47 Job terminated.
	(1) Normal termination (return value 0)
		Usr 0 00:33:48, Sys 0 00:00:39  -  Run Remote Usage
		Usr 0 00:00:00, Sys 0 00:00:00  -  Run Local Usage
		Usr 0 00:33:48, Sys 0 00:00:39  -  Total Remote Usage
		Usr 0 00:00:00, Sys 0 00:00:00  -  Total Local Usage
	4117  -  Run Bytes Sent By Job
	11052  -  Run Bytes Received By Job
	4117  -  Total Bytes Sent By Job
	11052  -  Total Bytes Received By Job
	Partitionable Resources :     Usage  Request Allocated 
	   Cpus                 :      0.97        1         1 
	   Disk (KB)            : 401869          12      3774 
	   GPUs                 :                            0 
	   Memory (MB)          :   1917        3000      3000 

	Job terminated of its own accord at 2025-03-10T16:28:47Z with exit-code 0.
...
