000 (13689939.000.000) 03/10 16:04:13 Job submitted from host: <137.138.120.116:9618?addrs=137.138.120.116-9618+[2001-1458-d00-16--17b]-9618&alias=bigbird12.cern.ch&noUDP&sock=schedd_5055_e355>
...
040 (13689939.000.000) 03/10 16:44:53 Started transferring input files
	Transferring to host: <128.142.192.198:9618?addrs=128.142.192.198-9618+[2001-1458-301-56--100-42]-9618&alias=b9g18p5254.cern.ch&noUDP&sock=slot1_21_5839_da87_25608>
...
040 (13689939.000.000) 03/10 16:44:53 Finished transferring input files
...
001 (13689939.000.000) 03/10 16:44:54 Job executing on host: <128.142.192.198:9618?addrs=128.142.192.198-9618+[2001-1458-301-56--100-42]-9618&alias=b9g18p5254.cern.ch&noUDP&sock=startd_4605_39b7>
	SlotName: slot1_21@b9g18p5254.cern.ch
	CondorScratchDir = "/pool/condor/dir_2080495"
	Cpus = 1
	Disk = 3842
	GPUs = 0
	Memory = 3000
...
006 (13689939.000.000) 03/10 16:45:08 Image size of job updated: 960
	1  -  MemoryUsage of job (MB)
	960  -  ResidentSetSize of job (KB)
...
006 (13689939.000.000) 03/10 16:50:09 Image size of job updated: 797092
	779  -  MemoryUsage of job (MB)
	797092  -  ResidentSetSize of job (KB)
...
006 (13689939.000.000) 03/10 16:52:25 Image size of job updated: 1118720
	779  -  MemoryUsage of job (MB)
	797092  -  ResidentSetSize of job (KB)
...
040 (13689939.000.000) 03/10 16:52:25 Started transferring output files
...
040 (13689939.000.000) 03/10 16:52:25 Finished transferring output files
...
005 (13689939.000.000) 03/10 16:52:25 Job terminated.
	(1) Normal termination (return value 0)
		Usr 0 00:05:47, Sys 0 00:00:09  -  Run Remote Usage
		Usr 0 00:00:00, Sys 0 00:00:00  -  Run Local Usage
		Usr 0 00:05:47, Sys 0 00:00:09  -  Total Remote Usage
		Usr 0 00:00:00, Sys 0 00:00:00  -  Total Local Usage
	2822  -  Run Bytes Sent By Job
	11052  -  Run Bytes Received By Job
	2822  -  Total Bytes Sent By Job
	11052  -  Total Bytes Received By Job
	Partitionable Resources :    Usage  Request Allocated 
	   Cpus                 :     0.99        1         1 
	   Disk (KB)            : 48275          12      3842 
	   GPUs                 :                           0 
	   Memory (MB)          :   779        3000      3000 

	Job terminated of its own accord at 2025-03-10T15:52:25Z with exit-code 0.
...
