000 (13689796.000.000) 03/10 16:02:47 Job submitted from host: <137.138.120.116:9618?addrs=137.138.120.116-9618+[2001-1458-d00-16--17b]-9618&alias=bigbird12.cern.ch&noUDP&sock=schedd_5055_e355>
...
040 (13689796.000.000) 03/10 16:44:06 Started transferring input files
	Transferring to host: <188.185.211.216:9618?addrs=188.185.211.216-9618+[2001-1458-303-17--100-54]-9618&alias=b9p24p1879.cern.ch&noUDP&sock=slot1_8_3039355_4ce3_41435>
...
040 (13689796.000.000) 03/10 16:44:06 Finished transferring input files
...
001 (13689796.000.000) 03/10 16:44:07 Job executing on host: <188.185.211.216:9618?addrs=188.185.211.216-9618+[2001-1458-303-17--100-54]-9618&alias=b9p24p1879.cern.ch&noUDP&sock=startd_3125_118c>
	SlotName: slot1_8@b9p24p1879.cern.ch
	CondorScratchDir = "/pool/condor/dir_1667777"
	Cpus = 1
	Disk = 3747
	GPUs = 0
	Memory = 3000
...
006 (13689796.000.000) 03/10 16:44:15 Image size of job updated: 19940
	20  -  MemoryUsage of job (MB)
	19940  -  ResidentSetSize of job (KB)
...
006 (13689796.000.000) 03/10 16:49:15 Image size of job updated: 1309692
	1279  -  MemoryUsage of job (MB)
	1309692  -  ResidentSetSize of job (KB)
...
006 (13689796.000.000) 03/10 16:54:15 Image size of job updated: 1431972
	1399  -  MemoryUsage of job (MB)
	1431972  -  ResidentSetSize of job (KB)
...
006 (13689796.000.000) 03/10 16:59:16 Image size of job updated: 1529936
	1495  -  MemoryUsage of job (MB)
	1529936  -  ResidentSetSize of job (KB)
...
006 (13689796.000.000) 03/10 17:04:16 Image size of job updated: 1632668
	1595  -  MemoryUsage of job (MB)
	1632668  -  ResidentSetSize of job (KB)
...
006 (13689796.000.000) 03/10 17:09:16 Image size of job updated: 1727900
	1688  -  MemoryUsage of job (MB)
	1727900  -  ResidentSetSize of job (KB)
...
006 (13689796.000.000) 03/10 17:14:17 Image size of job updated: 1818524
	1776  -  MemoryUsage of job (MB)
	1818524  -  ResidentSetSize of job (KB)
...
006 (13689796.000.000) 03/10 17:19:18 Image size of job updated: 1914652
	1870  -  MemoryUsage of job (MB)
	1914652  -  ResidentSetSize of job (KB)
...
006 (13689796.000.000) 03/10 17:24:18 Image size of job updated: 2013584
	1967  -  MemoryUsage of job (MB)
	2013584  -  ResidentSetSize of job (KB)
...
006 (13689796.000.000) 03/10 17:29:19 Image size of job updated: 2106620
	2058  -  MemoryUsage of job (MB)
	2106620  -  ResidentSetSize of job (KB)
...
006 (13689796.000.000) 03/10 17:34:20 Image size of job updated: 2200328
	2149  -  MemoryUsage of job (MB)
	2200328  -  ResidentSetSize of job (KB)
...
006 (13689796.000.000) 03/10 17:39:20 Image size of job updated: 2296708
	2243  -  MemoryUsage of job (MB)
	2296708  -  ResidentSetSize of job (KB)
...
006 (13689796.000.000) 03/10 17:44:20 Image size of job updated: 2392112
	2337  -  MemoryUsage of job (MB)
	2392112  -  ResidentSetSize of job (KB)
...
006 (13689796.000.000) 03/10 17:49:21 Image size of job updated: 2483880
	2426  -  MemoryUsage of job (MB)
	2483880  -  ResidentSetSize of job (KB)
...
006 (13689796.000.000) 03/10 17:54:21 Image size of job updated: 2586196
	2526  -  MemoryUsage of job (MB)
	2586196  -  ResidentSetSize of job (KB)
...
006 (13689796.000.000) 03/10 17:59:21 Image size of job updated: 2687668
	2625  -  MemoryUsage of job (MB)
	2687668  -  ResidentSetSize of job (KB)
...
006 (13689796.000.000) 03/10 18:04:22 Image size of job updated: 2760000
	2696  -  MemoryUsage of job (MB)
	2760000  -  ResidentSetSize of job (KB)
...
006 (13689796.000.000) 03/10 18:09:22 Image size of job updated: 2854768
	2788  -  MemoryUsage of job (MB)
	2854768  -  ResidentSetSize of job (KB)
...
006 (13689796.000.000) 03/10 18:14:22 Image size of job updated: 2952660
	2884  -  MemoryUsage of job (MB)
	2952660  -  ResidentSetSize of job (KB)
...
006 (13689796.000.000) 03/10 18:19:23 Image size of job updated: 3104980
	3033  -  MemoryUsage of job (MB)
	3104980  -  ResidentSetSize of job (KB)
...
040 (13689796.000.000) 03/10 18:20:44 Started transferring output files
...
040 (13689796.000.000) 03/10 18:20:44 Finished transferring output files
...
005 (13689796.000.000) 03/10 18:20:44 Job terminated.
	(1) Normal termination (return value 0)
		Usr 0 01:14:02, Sys 0 00:00:54  -  Run Remote Usage
		Usr 0 00:00:00, Sys 0 00:00:00  -  Run Local Usage
		Usr 0 01:14:02, Sys 0 00:00:54  -  Total Remote Usage
		Usr 0 00:00:00, Sys 0 00:00:00  -  Total Local Usage
	5242  -  Run Bytes Sent By Job
	11046  -  Run Bytes Received By Job
	5242  -  Total Bytes Sent By Job
	11046  -  Total Bytes Received By Job
	Partitionable Resources :     Usage  Request Allocated 
	   Cpus                 :      0.75        1         1 
	   Disk (KB)            : 734538          12      3747 
	   GPUs                 :                            0 
	   Memory (MB)          :   3033        3000      3000 

	Job terminated of its own accord at 2025-03-10T17:20:43Z with exit-code 0.
...
