000 (13689851.000.000) 03/10 16:03:19 Job submitted from host: <137.138.120.116:9618?addrs=137.138.120.116-9618+[2001-1458-d00-16--17b]-9618&alias=bigbird12.cern.ch&noUDP&sock=schedd_5055_e355>
...
040 (13689851.000.000) 03/10 16:44:25 Started transferring input files
	Transferring to host: <188.185.211.198:9618?addrs=188.185.211.198-9618+[2001-1458-303-17--100-42]-9618&alias=b9p24p1367.cern.ch&noUDP&sock=slot1_45_3846744_e404_100355>
...
040 (13689851.000.000) 03/10 16:44:25 Finished transferring input files
...
001 (13689851.000.000) 03/10 16:44:26 Job executing on host: <188.185.211.198:9618?addrs=188.185.211.198-9618+[2001-1458-303-17--100-42]-9618&alias=b9p24p1367.cern.ch&noUDP&sock=startd_5513_09b5>
	SlotName: slot1_45@b9p24p1367.cern.ch
	CondorScratchDir = "/pool/condor/dir_3528469"
	Cpus = 1
	Disk = 3792
	GPUs = 0
	Memory = 3000
...
006 (13689851.000.000) 03/10 16:44:35 Image size of job updated: 95388
	94  -  MemoryUsage of job (MB)
	95388  -  ResidentSetSize of job (KB)
...
006 (13689851.000.000) 03/10 16:49:36 Image size of job updated: 867912
	848  -  MemoryUsage of job (MB)
	867912  -  ResidentSetSize of job (KB)
...
006 (13689851.000.000) 03/10 16:54:36 Image size of job updated: 990544
	968  -  MemoryUsage of job (MB)
	990544  -  ResidentSetSize of job (KB)
...
006 (13689851.000.000) 03/10 16:59:37 Image size of job updated: 1104112
	1079  -  MemoryUsage of job (MB)
	1104112  -  ResidentSetSize of job (KB)
...
006 (13689851.000.000) 03/10 17:04:38 Image size of job updated: 1215612
	1188  -  MemoryUsage of job (MB)
	1215612  -  ResidentSetSize of job (KB)
...
006 (13689851.000.000) 03/10 17:09:38 Image size of job updated: 1334336
	1304  -  MemoryUsage of job (MB)
	1334336  -  ResidentSetSize of job (KB)
...
006 (13689851.000.000) 03/10 17:14:38 Image size of job updated: 1456632
	1423  -  MemoryUsage of job (MB)
	1456632  -  ResidentSetSize of job (KB)
...
006 (13689851.000.000) 03/10 17:19:39 Image size of job updated: 1577920
	1541  -  MemoryUsage of job (MB)
	1577920  -  ResidentSetSize of job (KB)
...
006 (13689851.000.000) 03/10 17:24:39 Image size of job updated: 1680920
	1642  -  MemoryUsage of job (MB)
	1680920  -  ResidentSetSize of job (KB)
...
006 (13689851.000.000) 03/10 17:29:39 Image size of job updated: 1907380
	1863  -  MemoryUsage of job (MB)
	1907380  -  ResidentSetSize of job (KB)
...
040 (13689851.000.000) 03/10 17:32:12 Started transferring output files
...
040 (13689851.000.000) 03/10 17:32:12 Finished transferring output files
...
005 (13689851.000.000) 03/10 17:32:12 Job terminated.
	(1) Normal termination (return value 0)
		Usr 0 00:38:33, Sys 0 00:00:34  -  Run Remote Usage
		Usr 0 00:00:00, Sys 0 00:00:00  -  Run Local Usage
		Usr 0 00:38:33, Sys 0 00:00:34  -  Total Remote Usage
		Usr 0 00:00:00, Sys 0 00:00:00  -  Total Local Usage
	4272  -  Run Bytes Sent By Job
	11046  -  Run Bytes Received By Job
	4272  -  Total Bytes Sent By Job
	11046  -  Total Bytes Received By Job
	Partitionable Resources :     Usage  Request Allocated 
	   Cpus                 :      0.98        1         1 
	   Disk (KB)            : 454643          12      3792 
	   GPUs                 :                            0 
	   Memory (MB)          :   1863        3000      3000 

	Job terminated of its own accord at 2025-03-10T16:32:12Z with exit-code 0.
...
