000 (13689771.000.000) 03/10 16:02:32 Job submitted from host: <137.138.120.116:9618?addrs=137.138.120.116-9618+[2001-1458-d00-16--17b]-9618&alias=bigbird12.cern.ch&noUDP&sock=schedd_5055_e355>
...
040 (13689771.000.000) 03/10 16:43:55 Started transferring input files
	Transferring to host: <128.142.33.221:9618?addrs=128.142.33.221-9618+[2001-1458-301-39--100-1a]-9618&alias=b9g24p2245.cern.ch&noUDP&sock=slot1_43_7849_1498_26277>
...
040 (13689771.000.000) 03/10 16:43:55 Finished transferring input files
...
001 (13689771.000.000) 03/10 16:43:56 Job executing on host: <128.142.33.221:9618?addrs=128.142.33.221-9618+[2001-1458-301-39--100-1a]-9618&alias=b9g24p2245.cern.ch&noUDP&sock=startd_6750_845c>
	SlotName: slot1_43@b9g24p2245.cern.ch
	CondorScratchDir = "/pool/condor/dir_1107356"
	Cpus = 1
	Disk = 3796
	GPUs = 0
	Memory = 3000
...
006 (13689771.000.000) 03/10 16:44:10 Image size of job updated: 25076
	25  -  MemoryUsage of job (MB)
	25076  -  ResidentSetSize of job (KB)
...
006 (13689771.000.000) 03/10 16:49:11 Image size of job updated: 790520
	772  -  MemoryUsage of job (MB)
	790520  -  ResidentSetSize of job (KB)
...
006 (13689771.000.000) 03/10 16:54:11 Image size of job updated: 911760
	891  -  MemoryUsage of job (MB)
	911760  -  ResidentSetSize of job (KB)
...
006 (13689771.000.000) 03/10 16:59:12 Image size of job updated: 1002688
	980  -  MemoryUsage of job (MB)
	1002688  -  ResidentSetSize of job (KB)
...
006 (13689771.000.000) 03/10 17:04:12 Image size of job updated: 1099784
	1075  -  MemoryUsage of job (MB)
	1099784  -  ResidentSetSize of job (KB)
...
006 (13689771.000.000) 03/10 17:09:12 Image size of job updated: 1197448
	1170  -  MemoryUsage of job (MB)
	1197448  -  ResidentSetSize of job (KB)
...
006 (13689771.000.000) 03/10 17:14:13 Image size of job updated: 1287532
	1258  -  MemoryUsage of job (MB)
	1287532  -  ResidentSetSize of job (KB)
...
006 (13689771.000.000) 03/10 17:19:13 Image size of job updated: 1386828
	1355  -  MemoryUsage of job (MB)
	1386828  -  ResidentSetSize of job (KB)
...
006 (13689771.000.000) 03/10 17:24:14 Image size of job updated: 1489420
	1455  -  MemoryUsage of job (MB)
	1489420  -  ResidentSetSize of job (KB)
...
006 (13689771.000.000) 03/10 17:29:15 Image size of job updated: 1681740
	1643  -  MemoryUsage of job (MB)
	1681740  -  ResidentSetSize of job (KB)
...
006 (13689771.000.000) 03/10 17:31:28 Image size of job updated: 1895096
	1643  -  MemoryUsage of job (MB)
	1681740  -  ResidentSetSize of job (KB)
...
040 (13689771.000.000) 03/10 17:31:28 Started transferring output files
...
040 (13689771.000.000) 03/10 17:31:28 Finished transferring output files
...
005 (13689771.000.000) 03/10 17:31:28 Job terminated.
	(1) Normal termination (return value 0)
		Usr 0 00:35:13, Sys 0 00:00:28  -  Run Remote Usage
		Usr 0 00:00:00, Sys 0 00:00:00  -  Run Local Usage
		Usr 0 00:35:13, Sys 0 00:00:28  -  Total Remote Usage
		Usr 0 00:00:00, Sys 0 00:00:00  -  Total Local Usage
	3950  -  Run Bytes Sent By Job
	11046  -  Run Bytes Received By Job
	3950  -  Total Bytes Sent By Job
	11046  -  Total Bytes Received By Job
	Partitionable Resources :     Usage  Request Allocated 
	   Cpus                 :      0.96        1         1 
	   Disk (KB)            : 352572          12      3796 
	   GPUs                 :                            0 
	   Memory (MB)          :   1643        3000      3000 

	Job terminated of its own accord at 2025-03-10T16:31:28Z with exit-code 0.
...
