000 (13689835.000.000) 03/10 16:03:09 Job submitted from host: <137.138.120.116:9618?addrs=137.138.120.116-9618+[2001-1458-d00-16--17b]-9618&alias=bigbird12.cern.ch&noUDP&sock=schedd_5055_e355>
...
040 (13689835.000.000) 03/10 16:44:18 Started transferring input files
	Transferring to host: <188.185.206.13:9618?addrs=188.185.206.13-9618+[2001-1458-303-b--100-a]-9618&alias=b9p05p2049.cern.ch&noUDP&sock=slot1_20_24270_2914_26705>
...
040 (13689835.000.000) 03/10 16:44:18 Finished transferring input files
...
001 (13689835.000.000) 03/10 16:44:19 Job executing on host: <188.185.206.13:9618?addrs=188.185.206.13-9618+[2001-1458-303-b--100-a]-9618&alias=b9p05p2049.cern.ch&noUDP&sock=startd_22343_049f>
	SlotName: slot1_20@b9p05p2049.cern.ch
	CondorScratchDir = "/pool/condor/dir_342663"
	Cpus = 1
	Disk = 3566
	GPUs = 0
	Memory = 3000
...
006 (13689835.000.000) 03/10 16:44:33 Image size of job updated: 4024
	4  -  MemoryUsage of job (MB)
	4024  -  ResidentSetSize of job (KB)
...
006 (13689835.000.000) 03/10 16:49:34 Image size of job updated: 881956
	862  -  MemoryUsage of job (MB)
	881956  -  ResidentSetSize of job (KB)
...
006 (13689835.000.000) 03/10 16:54:34 Image size of job updated: 1021572
	998  -  MemoryUsage of job (MB)
	1021572  -  ResidentSetSize of job (KB)
...
006 (13689835.000.000) 03/10 16:59:35 Image size of job updated: 1162468
	1136  -  MemoryUsage of job (MB)
	1162468  -  ResidentSetSize of job (KB)
...
006 (13689835.000.000) 03/10 17:04:35 Image size of job updated: 1315368
	1285  -  MemoryUsage of job (MB)
	1315368  -  ResidentSetSize of job (KB)
...
006 (13689835.000.000) 03/10 17:09:36 Image size of job updated: 1462544
	1429  -  MemoryUsage of job (MB)
	1462544  -  ResidentSetSize of job (KB)
...
006 (13689835.000.000) 03/10 17:14:36 Image size of job updated: 1607380
	1570  -  MemoryUsage of job (MB)
	1607380  -  ResidentSetSize of job (KB)
...
006 (13689835.000.000) 03/10 17:19:37 Image size of job updated: 1741616
	1701  -  MemoryUsage of job (MB)
	1741616  -  ResidentSetSize of job (KB)
...
006 (13689835.000.000) 03/10 17:24:37 Image size of job updated: 1884364
	1841  -  MemoryUsage of job (MB)
	1884364  -  ResidentSetSize of job (KB)
...
006 (13689835.000.000) 03/10 17:29:38 Image size of job updated: 2022504
	1976  -  MemoryUsage of job (MB)
	2022504  -  ResidentSetSize of job (KB)
...
006 (13689835.000.000) 03/10 17:34:38 Image size of job updated: 2163316
	2113  -  MemoryUsage of job (MB)
	2163316  -  ResidentSetSize of job (KB)
...
006 (13689835.000.000) 03/10 17:39:12 Image size of job updated: 2567912
	2113  -  MemoryUsage of job (MB)
	2163316  -  ResidentSetSize of job (KB)
...
040 (13689835.000.000) 03/10 17:39:12 Started transferring output files
...
040 (13689835.000.000) 03/10 17:39:12 Finished transferring output files
...
005 (13689835.000.000) 03/10 17:39:12 Job terminated.
	(1) Normal termination (return value 0)
		Usr 0 00:44:20, Sys 0 00:00:30  -  Run Remote Usage
		Usr 0 00:00:00, Sys 0 00:00:00  -  Run Local Usage
		Usr 0 00:44:20, Sys 0 00:00:30  -  Total Remote Usage
		Usr 0 00:00:00, Sys 0 00:00:00  -  Total Local Usage
	5031  -  Run Bytes Sent By Job
	11046  -  Run Bytes Received By Job
	5031  -  Total Bytes Sent By Job
	11046  -  Total Bytes Received By Job
	Partitionable Resources :     Usage  Request Allocated 
	   Cpus                 :      0.99        1         1 
	   Disk (KB)            : 632489          12      3566 
	   GPUs                 :                            0 
	   Memory (MB)          :   2113        3000      3000 

	Job terminated of its own accord at 2025-03-10T16:39:12Z with exit-code 0.
...
