000 (13689931.000.000) 03/10 16:04:08 Job submitted from host: <137.138.120.116:9618?addrs=137.138.120.116-9618+[2001-1458-d00-16--17b]-9618&alias=bigbird12.cern.ch&noUDP&sock=schedd_5055_e355>
...
040 (13689931.000.000) 03/10 16:44:50 Started transferring input files
	Transferring to host: <188.185.209.93:9618?addrs=188.185.209.93-9618+[2001-1458-303-11--100-5a]-9618&alias=b9p11p1092.cern.ch&noUDP&sock=slot1_18_5072_6ec7_10559>
...
040 (13689931.000.000) 03/10 16:44:50 Finished transferring input files
...
001 (13689931.000.000) 03/10 16:44:52 Job executing on host: <188.185.209.93:9618?addrs=188.185.209.93-9618+[2001-1458-303-11--100-5a]-9618&alias=b9p11p1092.cern.ch&noUDP&sock=startd_4242_3cd6>
	SlotName: slot1_18@b9p11p1092.cern.ch
	CondorScratchDir = "/pool/condor/dir_3594090"
	Cpus = 1
	Disk = 3774
	GPUs = 0
	Memory = 3000
...
006 (13689931.000.000) 03/10 16:45:05 Image size of job updated: 932
	1  -  MemoryUsage of job (MB)
	932  -  ResidentSetSize of job (KB)
...
006 (13689931.000.000) 03/10 16:50:05 Image size of job updated: 800356
	782  -  MemoryUsage of job (MB)
	800356  -  ResidentSetSize of job (KB)
...
006 (13689931.000.000) 03/10 16:54:55 Image size of job updated: 1219284
	782  -  MemoryUsage of job (MB)
	800364  -  ResidentSetSize of job (KB)
...
040 (13689931.000.000) 03/10 16:54:55 Started transferring output files
...
040 (13689931.000.000) 03/10 16:54:55 Finished transferring output files
...
005 (13689931.000.000) 03/10 16:54:55 Job terminated.
	(1) Normal termination (return value 0)
		Usr 0 00:06:43, Sys 0 00:00:16  -  Run Remote Usage
		Usr 0 00:00:00, Sys 0 00:00:00  -  Run Local Usage
		Usr 0 00:06:43, Sys 0 00:00:16  -  Total Remote Usage
		Usr 0 00:00:00, Sys 0 00:00:00  -  Total Local Usage
	2988  -  Run Bytes Sent By Job
	11052  -  Run Bytes Received By Job
	2988  -  Total Bytes Sent By Job
	11052  -  Total Bytes Received By Job
	Partitionable Resources :    Usage  Request Allocated 
	   Cpus                 :     0.98        1         1 
	   Disk (KB)            : 68827          12      3774 
	   GPUs                 :                           0 
	   Memory (MB)          :   782        3000      3000 

	Job terminated of its own accord at 2025-03-10T15:54:55Z with exit-code 0.
...
