000 (13689764.000.000) 03/10 16:02:29 Job submitted from host: <137.138.120.116:9618?addrs=137.138.120.116-9618+[2001-1458-d00-16--17b]-9618&alias=bigbird12.cern.ch&noUDP&sock=schedd_5055_e355>
...
040 (13689764.000.000) 03/10 16:43:54 Started transferring input files
	Transferring to host: <188.185.215.174:9618?addrs=188.185.215.174-9618+[2001-1458-303-26--100-2a]-9618&alias=b9p18p5029.cern.ch&noUDP&sock=slot1_11_562119_6fe3_30668>
...
040 (13689764.000.000) 03/10 16:43:54 Finished transferring input files
...
001 (13689764.000.000) 03/10 16:43:55 Job executing on host: <188.185.215.174:9618?addrs=188.185.215.174-9618+[2001-1458-303-26--100-2a]-9618&alias=b9p18p5029.cern.ch&noUDP&sock=startd_2959_34d3>
	SlotName: slot1_11@b9p18p5029.cern.ch
	CondorScratchDir = "/pool/condor/dir_166112"
	Cpus = 1
	Disk = 3712
	GPUs = 0
	Memory = 3000
...
006 (13689764.000.000) 03/10 16:44:04 Image size of job updated: 20628
	21  -  MemoryUsage of job (MB)
	20628  -  ResidentSetSize of job (KB)
...
006 (13689764.000.000) 03/10 16:49:05 Image size of job updated: 2339620
	2285  -  MemoryUsage of job (MB)
	2339620  -  ResidentSetSize of job (KB)
...
006 (13689764.000.000) 03/10 16:54:06 Image size of job updated: 2472636
	2415  -  MemoryUsage of job (MB)
	2472636  -  ResidentSetSize of job (KB)
...
006 (13689764.000.000) 03/10 16:59:06 Image size of job updated: 2580360
	2520  -  MemoryUsage of job (MB)
	2580360  -  ResidentSetSize of job (KB)
...
006 (13689764.000.000) 03/10 17:04:06 Image size of job updated: 2684964
	2623  -  MemoryUsage of job (MB)
	2684964  -  ResidentSetSize of job (KB)
...
006 (13689764.000.000) 03/10 17:09:07 Image size of job updated: 2789188
	2724  -  MemoryUsage of job (MB)
	2789188  -  ResidentSetSize of job (KB)
...
006 (13689764.000.000) 03/10 17:14:07 Image size of job updated: 2886332
	2819  -  MemoryUsage of job (MB)
	2886332  -  ResidentSetSize of job (KB)
...
006 (13689764.000.000) 03/10 17:19:07 Image size of job updated: 2979108
	2910  -  MemoryUsage of job (MB)
	2979108  -  ResidentSetSize of job (KB)
...
006 (13689764.000.000) 03/10 17:24:08 Image size of job updated: 3088104
	3016  -  MemoryUsage of job (MB)
	3088104  -  ResidentSetSize of job (KB)
...
006 (13689764.000.000) 03/10 17:29:09 Image size of job updated: 3195508
	3121  -  MemoryUsage of job (MB)
	3195508  -  ResidentSetSize of job (KB)
...
006 (13689764.000.000) 03/10 17:34:09 Image size of job updated: 3300600
	3224  -  MemoryUsage of job (MB)
	3300600  -  ResidentSetSize of job (KB)
...
006 (13689764.000.000) 03/10 17:39:10 Image size of job updated: 3404824
	3326  -  MemoryUsage of job (MB)
	3404824  -  ResidentSetSize of job (KB)
...
006 (13689764.000.000) 03/10 17:44:11 Image size of job updated: 3507896
	3426  -  MemoryUsage of job (MB)
	3507896  -  ResidentSetSize of job (KB)
...
006 (13689764.000.000) 03/10 17:49:11 Image size of job updated: 3611732
	3528  -  MemoryUsage of job (MB)
	3611732  -  ResidentSetSize of job (KB)
...
006 (13689764.000.000) 03/10 17:54:12 Image size of job updated: 3716176
	3630  -  MemoryUsage of job (MB)
	3716176  -  ResidentSetSize of job (KB)
...
006 (13689764.000.000) 03/10 17:59:13 Image size of job updated: 3825100
	3736  -  MemoryUsage of job (MB)
	3825100  -  ResidentSetSize of job (KB)
...
006 (13689764.000.000) 03/10 18:04:13 Image size of job updated: 3935640
	3844  -  MemoryUsage of job (MB)
	3935640  -  ResidentSetSize of job (KB)
...
006 (13689764.000.000) 03/10 18:09:13 Image size of job updated: 4057180
	3963  -  MemoryUsage of job (MB)
	4057180  -  ResidentSetSize of job (KB)
...
006 (13689764.000.000) 03/10 18:14:14 Image size of job updated: 4230068
	4131  -  MemoryUsage of job (MB)
	4230068  -  ResidentSetSize of job (KB)
...
040 (13689764.000.000) 03/10 18:17:09 Started transferring output files
...
040 (13689764.000.000) 03/10 18:17:09 Finished transferring output files
...
005 (13689764.000.000) 03/10 18:17:09 Job terminated.
	(1) Normal termination (return value 0)
		Usr 0 01:15:18, Sys 0 00:00:51  -  Run Remote Usage
		Usr 0 00:00:00, Sys 0 00:00:00  -  Run Local Usage
		Usr 0 01:15:18, Sys 0 00:00:51  -  Total Remote Usage
		Usr 0 00:00:00, Sys 0 00:00:00  -  Total Local Usage
	5403  -  Run Bytes Sent By Job
	11046  -  Run Bytes Received By Job
	5403  -  Total Bytes Sent By Job
	11046  -  Total Bytes Received By Job
	Partitionable Resources :     Usage  Request Allocated 
	   Cpus                 :      0.96        1         1 
	   Disk (KB)            : 787012          12      3712 
	   GPUs                 :                            0 
	   Memory (MB)          :   4131        3000      3000 

	Job terminated of its own accord at 2025-03-10T17:17:09Z with exit-code 0.
...
