000 (13689860.000.000) 03/10 16:03:25 Job submitted from host: <137.138.120.116:9618?addrs=137.138.120.116-9618+[2001-1458-d00-16--17b]-9618&alias=bigbird12.cern.ch&noUDP&sock=schedd_5055_e355>
...
040 (13689860.000.000) 03/10 16:44:25 Started transferring input files
	Transferring to host: <188.185.213.96:9618?addrs=188.185.213.96-9618+[2001-1458-303-1a--100-5c]-9618&alias=b9p27p4923.cern.ch&noUDP&sock=slot1_46_1635793_e630_9309>
...
040 (13689860.000.000) 03/10 16:44:25 Finished transferring input files
...
001 (13689860.000.000) 03/10 16:44:26 Job executing on host: <188.185.213.96:9618?addrs=188.185.213.96-9618+[2001-1458-303-1a--100-5c]-9618&alias=b9p27p4923.cern.ch&noUDP&sock=startd_7863_f145>
	SlotName: slot1_46@b9p27p4923.cern.ch
	CondorScratchDir = "/pool/condor/dir_1786217"
	Cpus = 1
	Disk = 3788
	GPUs = 0
	Memory = 3000
...
006 (13689860.000.000) 03/10 16:44:40 Image size of job updated: 968
	1  -  MemoryUsage of job (MB)
	968  -  ResidentSetSize of job (KB)
...
006 (13689860.000.000) 03/10 16:49:40 Image size of job updated: 823036
	804  -  MemoryUsage of job (MB)
	823036  -  ResidentSetSize of job (KB)
...
006 (13689860.000.000) 03/10 16:54:40 Image size of job updated: 939476
	918  -  MemoryUsage of job (MB)
	939476  -  ResidentSetSize of job (KB)
...
006 (13689860.000.000) 03/10 16:59:41 Image size of job updated: 1051860
	1028  -  MemoryUsage of job (MB)
	1051860  -  ResidentSetSize of job (KB)
...
006 (13689860.000.000) 03/10 17:04:41 Image size of job updated: 1161804
	1135  -  MemoryUsage of job (MB)
	1161804  -  ResidentSetSize of job (KB)
...
006 (13689860.000.000) 03/10 17:09:42 Image size of job updated: 1273736
	1244  -  MemoryUsage of job (MB)
	1273736  -  ResidentSetSize of job (KB)
...
006 (13689860.000.000) 03/10 17:14:42 Image size of job updated: 1386480
	1354  -  MemoryUsage of job (MB)
	1386480  -  ResidentSetSize of job (KB)
...
006 (13689860.000.000) 03/10 17:17:59 Image size of job updated: 1748096
	1354  -  MemoryUsage of job (MB)
	1386484  -  ResidentSetSize of job (KB)
...
040 (13689860.000.000) 03/10 17:17:59 Started transferring output files
...
040 (13689860.000.000) 03/10 17:17:59 Finished transferring output files
...
005 (13689860.000.000) 03/10 17:17:59 Job terminated.
	(1) Normal termination (return value 0)
		Usr 0 00:26:52, Sys 0 00:00:23  -  Run Remote Usage
		Usr 0 00:00:00, Sys 0 00:00:00  -  Run Local Usage
		Usr 0 00:26:52, Sys 0 00:00:23  -  Total Remote Usage
		Usr 0 00:00:00, Sys 0 00:00:00  -  Total Local Usage
	3997  -  Run Bytes Sent By Job
	11052  -  Run Bytes Received By Job
	3997  -  Total Bytes Sent By Job
	11052  -  Total Bytes Received By Job
	Partitionable Resources :     Usage  Request Allocated 
	   Cpus                 :      0.94        1         1 
	   Disk (KB)            : 298292          12      3788 
	   GPUs                 :                            0 
	   Memory (MB)          :   1354        3000      3000 

	Job terminated of its own accord at 2025-03-10T16:17:59Z with exit-code 0.
...
