000 (13689836.000.000) 03/10 16:03:10 Job submitted from host: <137.138.120.116:9618?addrs=137.138.120.116-9618+[2001-1458-d00-16--17b]-9618&alias=bigbird12.cern.ch&noUDP&sock=schedd_5055_e355>
...
040 (13689836.000.000) 03/10 16:44:18 Started transferring input files
	Transferring to host: <188.185.205.154:9618?addrs=188.185.205.154-9618+[2001-1458-303-a--100-17]-9618&alias=b9p04p9101.cern.ch&noUDP&sock=slot1_17_2428952_2ace_63230>
...
040 (13689836.000.000) 03/10 16:44:18 Finished transferring input files
...
001 (13689836.000.000) 03/10 16:44:19 Job executing on host: <188.185.205.154:9618?addrs=188.185.205.154-9618+[2001-1458-303-a--100-17]-9618&alias=b9p04p9101.cern.ch&noUDP&sock=startd_3307_e7c9>
	SlotName: slot1_17@b9p04p9101.cern.ch
	CondorScratchDir = "/pool/condor/dir_1233733"
	Cpus = 1
	Disk = 3479
	GPUs = 0
	Memory = 3000
...
006 (13689836.000.000) 03/10 16:44:28 Image size of job updated: 6584
	7  -  MemoryUsage of job (MB)
	6584  -  ResidentSetSize of job (KB)
...
006 (13689836.000.000) 03/10 16:49:29 Image size of job updated: 1153276
	1127  -  MemoryUsage of job (MB)
	1153276  -  ResidentSetSize of job (KB)
...
006 (13689836.000.000) 03/10 16:54:29 Image size of job updated: 1274892
	1246  -  MemoryUsage of job (MB)
	1274892  -  ResidentSetSize of job (KB)
...
006 (13689836.000.000) 03/10 16:59:29 Image size of job updated: 1385376
	1353  -  MemoryUsage of job (MB)
	1385376  -  ResidentSetSize of job (KB)
...
006 (13689836.000.000) 03/10 17:04:30 Image size of job updated: 1495656
	1461  -  MemoryUsage of job (MB)
	1495656  -  ResidentSetSize of job (KB)
...
040 (13689836.000.000) 03/10 17:09:30 Started transferring output files
...
040 (13689836.000.000) 03/10 17:09:30 Finished transferring output files
...
005 (13689836.000.000) 03/10 17:09:30 Job terminated.
	(1) Normal termination (return value 0)
		Usr 0 00:18:59, Sys 0 00:00:22  -  Run Remote Usage
		Usr 0 00:00:00, Sys 0 00:00:00  -  Run Local Usage
		Usr 0 00:18:59, Sys 0 00:00:22  -  Total Remote Usage
		Usr 0 00:00:00, Sys 0 00:00:00  -  Total Local Usage
	3465  -  Run Bytes Sent By Job
	11046  -  Run Bytes Received By Job
	3465  -  Total Bytes Sent By Job
	11046  -  Total Bytes Received By Job
	Partitionable Resources :     Usage  Request Allocated 
	   Cpus                 :      0.94        1         1 
	   Disk (KB)            : 218215          12      3479 
	   GPUs                 :                            0 
	   Memory (MB)          :   1461        3000      3000 

	Job terminated of its own accord at 2025-03-10T16:09:30Z with exit-code 0.
...
