000 (13689887.000.000) 03/10 16:03:42 Job submitted from host: <137.138.120.116:9618?addrs=137.138.120.116-9618+[2001-1458-d00-16--17b]-9618&alias=bigbird12.cern.ch&noUDP&sock=schedd_5055_e355>
...
040 (13689887.000.000) 03/10 16:44:35 Started transferring input files
	Transferring to host: <188.185.215.102:9618?addrs=188.185.215.102-9618+[2001-1458-303-1e--100-62]-9618&alias=b9p31p8607.cern.ch&noUDP&sock=slot1_10_7649_2990_95217>
...
040 (13689887.000.000) 03/10 16:44:35 Finished transferring input files
...
001 (13689887.000.000) 03/10 16:44:36 Job executing on host: <188.185.215.102:9618?addrs=188.185.215.102-9618+[2001-1458-303-1e--100-62]-9618&alias=b9p31p8607.cern.ch&noUDP&sock=startd_6546_970a>
	SlotName: slot1_10@b9p31p8607.cern.ch
	CondorScratchDir = "/pool/condor/dir_4134347"
	Cpus = 1
	Disk = 3774
	GPUs = 0
	Memory = 3000
...
006 (13689887.000.000) 03/10 16:44:45 Image size of job updated: 1780
	2  -  MemoryUsage of job (MB)
	1780  -  ResidentSetSize of job (KB)
...
006 (13689887.000.000) 03/10 16:49:46 Image size of job updated: 1117460
	1092  -  MemoryUsage of job (MB)
	1117460  -  ResidentSetSize of job (KB)
...
006 (13689887.000.000) 03/10 16:54:46 Image size of job updated: 1234428
	1206  -  MemoryUsage of job (MB)
	1234428  -  ResidentSetSize of job (KB)
...
006 (13689887.000.000) 03/10 16:59:47 Image size of job updated: 1324240
	1294  -  MemoryUsage of job (MB)
	1324240  -  ResidentSetSize of job (KB)
...
040 (13689887.000.000) 03/10 17:03:51 Started transferring output files
...
040 (13689887.000.000) 03/10 17:03:51 Finished transferring output files
...
005 (13689887.000.000) 03/10 17:03:51 Job terminated.
	(1) Normal termination (return value 0)
		Usr 0 00:14:53, Sys 0 00:00:22  -  Run Remote Usage
		Usr 0 00:00:00, Sys 0 00:00:00  -  Run Local Usage
		Usr 0 00:14:53, Sys 0 00:00:22  -  Total Remote Usage
		Usr 0 00:00:00, Sys 0 00:00:00  -  Total Local Usage
	3151  -  Run Bytes Sent By Job
	11052  -  Run Bytes Received By Job
	3151  -  Total Bytes Sent By Job
	11052  -  Total Bytes Received By Job
	Partitionable Resources :     Usage  Request Allocated 
	   Cpus                 :      0.12        1         1 
	   Disk (KB)            : 140303          12      3774 
	   GPUs                 :                            0 
	   Memory (MB)          :   1294        3000      3000 

	Job terminated of its own accord at 2025-03-10T16:03:51Z with exit-code 0.
...
