000 (13689756.000.000) 03/10 16:02:24 Job submitted from host: <137.138.120.116:9618?addrs=137.138.120.116-9618+[2001-1458-d00-16--17b]-9618&alias=bigbird12.cern.ch&noUDP&sock=schedd_5055_e355>
...
040 (13689756.000.000) 03/10 16:44:00 Started transferring input files
	Transferring to host: <188.185.210.152:9618?addrs=188.185.210.152-9618+[2001-1458-303-15--100-14]-9618&alias=b9p22p7173.cern.ch&noUDP&sock=slot1_24_1801371_943d_100833>
...
040 (13689756.000.000) 03/10 16:44:00 Finished transferring input files
...
001 (13689756.000.000) 03/10 16:44:01 Job executing on host: <188.185.210.152:9618?addrs=188.185.210.152-9618+[2001-1458-303-15--100-14]-9618&alias=b9p22p7173.cern.ch&noUDP&sock=startd_2944_eae8>
	SlotName: slot1_24@b9p22p7173.cern.ch
	CondorScratchDir = "/pool/condor/dir_3667649"
	Cpus = 1
	Disk = 3772
	GPUs = 0
	Memory = 3000
...
006 (13689756.000.000) 03/10 16:44:09 Image size of job updated: 1788
	2  -  MemoryUsage of job (MB)
	1788  -  ResidentSetSize of job (KB)
...
006 (13689756.000.000) 03/10 16:49:09 Image size of job updated: 1171916
	1145  -  MemoryUsage of job (MB)
	1171916  -  ResidentSetSize of job (KB)
...
006 (13689756.000.000) 03/10 16:54:10 Image size of job updated: 1310568
	1280  -  MemoryUsage of job (MB)
	1310568  -  ResidentSetSize of job (KB)
...
006 (13689756.000.000) 03/10 16:59:10 Image size of job updated: 1441584
	1408  -  MemoryUsage of job (MB)
	1441584  -  ResidentSetSize of job (KB)
...
006 (13689756.000.000) 03/10 17:04:10 Image size of job updated: 1579236
	1543  -  MemoryUsage of job (MB)
	1579236  -  ResidentSetSize of job (KB)
...
006 (13689756.000.000) 03/10 17:09:11 Image size of job updated: 1703024
	1664  -  MemoryUsage of job (MB)
	1703024  -  ResidentSetSize of job (KB)
...
006 (13689756.000.000) 03/10 17:14:12 Image size of job updated: 1839384
	1797  -  MemoryUsage of job (MB)
	1839384  -  ResidentSetSize of job (KB)
...
006 (13689756.000.000) 03/10 17:19:12 Image size of job updated: 1967064
	1921  -  MemoryUsage of job (MB)
	1967064  -  ResidentSetSize of job (KB)
...
006 (13689756.000.000) 03/10 17:24:12 Image size of job updated: 2089324
	2041  -  MemoryUsage of job (MB)
	2089324  -  ResidentSetSize of job (KB)
...
006 (13689756.000.000) 03/10 17:29:13 Image size of job updated: 2207576
	2156  -  MemoryUsage of job (MB)
	2207576  -  ResidentSetSize of job (KB)
...
006 (13689756.000.000) 03/10 17:34:13 Image size of job updated: 2338900
	2285  -  MemoryUsage of job (MB)
	2338900  -  ResidentSetSize of job (KB)
...
006 (13689756.000.000) 03/10 17:39:13 Image size of job updated: 2471780
	2414  -  MemoryUsage of job (MB)
	2471780  -  ResidentSetSize of job (KB)
...
006 (13689756.000.000) 03/10 17:44:14 Image size of job updated: 2590160
	2530  -  MemoryUsage of job (MB)
	2590160  -  ResidentSetSize of job (KB)
...
006 (13689756.000.000) 03/10 17:49:15 Image size of job updated: 2706144
	2643  -  MemoryUsage of job (MB)
	2706144  -  ResidentSetSize of job (KB)
...
006 (13689756.000.000) 03/10 17:54:15 Image size of job updated: 2838472
	2772  -  MemoryUsage of job (MB)
	2838472  -  ResidentSetSize of job (KB)
...
040 (13689756.000.000) 03/10 17:58:58 Started transferring output files
...
040 (13689756.000.000) 03/10 17:58:58 Finished transferring output files
...
005 (13689756.000.000) 03/10 17:58:58 Job terminated.
	(1) Normal termination (return value 0)
		Usr 0 00:59:32, Sys 0 00:00:41  -  Run Remote Usage
		Usr 0 00:00:00, Sys 0 00:00:00  -  Run Local Usage
		Usr 0 00:59:32, Sys 0 00:00:41  -  Total Remote Usage
		Usr 0 00:00:00, Sys 0 00:00:00  -  Total Local Usage
	5511  -  Run Bytes Sent By Job
	11040  -  Run Bytes Received By Job
	5511  -  Total Bytes Sent By Job
	11040  -  Total Bytes Received By Job
	Partitionable Resources :     Usage  Request Allocated 
	   Cpus                 :      0.99        1         1 
	   Disk (KB)            : 775979          12      3772 
	   GPUs                 :                            0 
	   Memory (MB)          :   2772        3000      3000 

	Job terminated of its own accord at 2025-03-10T16:58:58Z with exit-code 0.
...
