000 (13689926.000.000) 03/10 16:04:05 Job submitted from host: <137.138.120.116:9618?addrs=137.138.120.116-9618+[2001-1458-d00-16--17b]-9618&alias=bigbird12.cern.ch&noUDP&sock=schedd_5055_e355>
...
040 (13689926.000.000) 03/10 16:44:48 Started transferring input files
	Transferring to host: <188.185.213.48:9618?addrs=188.185.213.48-9618+[2001-1458-303-1a--100-2c]-9618&alias=b9p27p4287.cern.ch&noUDP&sock=slot1_4_4796_f73c_32755>
...
040 (13689926.000.000) 03/10 16:44:48 Finished transferring input files
...
001 (13689926.000.000) 03/10 16:44:49 Job executing on host: <188.185.213.48:9618?addrs=188.185.213.48-9618+[2001-1458-303-1a--100-2c]-9618&alias=b9p27p4287.cern.ch&noUDP&sock=startd_4035_40bb>
	SlotName: slot1_4@b9p27p4287.cern.ch
	CondorScratchDir = "/pool/condor/dir_3994108"
	Cpus = 1
	Disk = 3858
	GPUs = 0
	Memory = 3000
...
006 (13689926.000.000) 03/10 16:45:03 Image size of job updated: 960
	1  -  MemoryUsage of job (MB)
	960  -  ResidentSetSize of job (KB)
...
006 (13689926.000.000) 03/10 16:46:46 Image size of job updated: 753556
	1  -  MemoryUsage of job (MB)
	960  -  ResidentSetSize of job (KB)
...
040 (13689926.000.000) 03/10 16:46:46 Started transferring output files
...
040 (13689926.000.000) 03/10 16:46:46 Finished transferring output files
...
005 (13689926.000.000) 03/10 16:46:46 Job terminated.
	(1) Normal termination (return value 0)
		Usr 0 00:00:36, Sys 0 00:00:08  -  Run Remote Usage
		Usr 0 00:00:00, Sys 0 00:00:00  -  Run Local Usage
		Usr 0 00:00:36, Sys 0 00:00:08  -  Total Remote Usage
		Usr 0 00:00:00, Sys 0 00:00:00  -  Total Local Usage
	2813  -  Run Bytes Sent By Job
	11052  -  Run Bytes Received By Job
	2813  -  Total Bytes Sent By Job
	11052  -  Total Bytes Received By Job
	Partitionable Resources :    Usage  Request Allocated 
	   Cpus                 :        0        1         1 
	   Disk (KB)            :    11678       12      3858 
	   GPUs                 :                           0 
	   Memory (MB)          :        1     3000      3000 

	Job terminated of its own accord at 2025-03-10T15:46:46Z with exit-code 0.
...
