000 (13689935.000.000) 03/10 16:04:10 Job submitted from host: <137.138.120.116:9618?addrs=137.138.120.116-9618+[2001-1458-d00-16--17b]-9618&alias=bigbird12.cern.ch&noUDP&sock=schedd_5055_e355>
...
040 (13689935.000.000) 03/10 16:44:51 Started transferring input files
	Transferring to host: <188.185.214.174:9618?addrs=188.185.214.174-9618+[2001-1458-303-1d--100-2a]-9618&alias=b9p30p1572.cern.ch&noUDP&sock=slot1_18_1999178_8149_94437>
...
040 (13689935.000.000) 03/10 16:44:51 Finished transferring input files
...
001 (13689935.000.000) 03/10 16:44:52 Job executing on host: <188.185.214.174:9618?addrs=188.185.214.174-9618+[2001-1458-303-1d--100-2a]-9618&alias=b9p30p1572.cern.ch&noUDP&sock=startd_5238_692a>
	SlotName: slot1_18@b9p30p1572.cern.ch
	CondorScratchDir = "/pool/condor/dir_2440891"
	Cpus = 1
	Disk = 3806
	GPUs = 0
	Memory = 3000
...
006 (13689935.000.000) 03/10 16:45:01 Image size of job updated: 1980
	2  -  MemoryUsage of job (MB)
	1980  -  ResidentSetSize of job (KB)
...
006 (13689935.000.000) 03/10 16:49:39 Image size of job updated: 303528
	297  -  MemoryUsage of job (MB)
	303528  -  ResidentSetSize of job (KB)
...
040 (13689935.000.000) 03/10 16:49:41 Started transferring output files
...
040 (13689935.000.000) 03/10 16:49:41 Finished transferring output files
...
005 (13689935.000.000) 03/10 16:49:41 Job terminated.
	(1) Normal termination (return value 0)
		Usr 0 00:02:57, Sys 0 00:00:11  -  Run Remote Usage
		Usr 0 00:00:00, Sys 0 00:00:00  -  Run Local Usage
		Usr 0 00:02:57, Sys 0 00:00:11  -  Total Remote Usage
		Usr 0 00:00:00, Sys 0 00:00:00  -  Total Local Usage
	2822  -  Run Bytes Sent By Job
	11052  -  Run Bytes Received By Job
	2822  -  Total Bytes Sent By Job
	11052  -  Total Bytes Received By Job
	Partitionable Resources :    Usage  Request Allocated 
	   Cpus                 :     0.08        1         1 
	   Disk (KB)            : 35415          12      3806 
	   GPUs                 :                           0 
	   Memory (MB)          :   297        3000      3000 

	Job terminated of its own accord at 2025-03-10T15:49:39Z with exit-code 0.
...
