000 (13689951.000.000) 03/10 16:04:24 Job submitted from host: <137.138.120.116:9618?addrs=137.138.120.116-9618+[2001-1458-d00-16--17b]-9618&alias=bigbird12.cern.ch&noUDP&sock=schedd_5055_e355>
...
040 (13689951.000.000) 03/10 16:44:57 Started transferring input files
	Transferring to host: <188.185.215.49:9618?addrs=188.185.215.49-9618+[2001-1458-303-1e--100-2d]-9618&alias=b9p31p7979.cern.ch&noUDP&sock=slot1_18_1413467_1e9f_43755>
...
040 (13689951.000.000) 03/10 16:44:57 Finished transferring input files
...
001 (13689951.000.000) 03/10 16:44:58 Job executing on host: <188.185.215.49:9618?addrs=188.185.215.49-9618+[2001-1458-303-1e--100-2d]-9618&alias=b9p31p7979.cern.ch&noUDP&sock=startd_3921_0eef>
	SlotName: slot1_18@b9p31p7979.cern.ch
	CondorScratchDir = "/pool/condor/dir_1474433"
	Cpus = 1
	Disk = 3816
	GPUs = 0
	Memory = 3000
...
006 (13689951.000.000) 03/10 16:45:07 Image size of job updated: 1976
	2  -  MemoryUsage of job (MB)
	1976  -  ResidentSetSize of job (KB)
...
006 (13689951.000.000) 03/10 16:48:39 Image size of job updated: 310804
	304  -  MemoryUsage of job (MB)
	310804  -  ResidentSetSize of job (KB)
...
040 (13689951.000.000) 03/10 16:48:39 Started transferring output files
...
040 (13689951.000.000) 03/10 16:48:39 Finished transferring output files
...
005 (13689951.000.000) 03/10 16:48:40 Job terminated.
	(1) Normal termination (return value 0)
		Usr 0 00:00:47, Sys 0 00:00:10  -  Run Remote Usage
		Usr 0 00:00:00, Sys 0 00:00:00  -  Run Local Usage
		Usr 0 00:00:47, Sys 0 00:00:10  -  Total Remote Usage
		Usr 0 00:00:00, Sys 0 00:00:00  -  Total Local Usage
	2942  -  Run Bytes Sent By Job
	11052  -  Run Bytes Received By Job
	2942  -  Total Bytes Sent By Job
	11052  -  Total Bytes Received By Job
	Partitionable Resources :    Usage  Request Allocated 
	   Cpus                 :        0        1         1 
	   Disk (KB)            :    11792       12      3816 
	   GPUs                 :                           0 
	   Memory (MB)          :      304     3000      3000 

	Job terminated of its own accord at 2025-03-10T15:48:39Z with exit-code 0.
...
