000 (13689791.000.000) 03/10 16:02:45 Job submitted from host: <137.138.120.116:9618?addrs=137.138.120.116-9618+[2001-1458-d00-16--17b]-9618&alias=bigbird12.cern.ch&noUDP&sock=schedd_5055_e355>
...
040 (13689791.000.000) 03/10 16:44:02 Started transferring input files
	Transferring to host: <188.185.211.195:9618?addrs=188.185.211.195-9618+[2001-1458-303-17--100-3f]-9618&alias=b9p24p3473.cern.ch&noUDP&sock=slot1_19_9022_90a8_102950>
...
040 (13689791.000.000) 03/10 16:44:02 Finished transferring input files
...
001 (13689791.000.000) 03/10 16:44:03 Job executing on host: <188.185.211.195:9618?addrs=188.185.211.195-9618+[2001-1458-303-17--100-3f]-9618&alias=b9p24p3473.cern.ch&noUDP&sock=startd_7849_56f1>
	SlotName: slot1_19@b9p24p3473.cern.ch
	CondorScratchDir = "/pool/condor/dir_3268868"
	Cpus = 1
	Disk = 3844
	GPUs = 0
	Memory = 3000
...
006 (13689791.000.000) 03/10 16:44:12 Image size of job updated: 131140
	129  -  MemoryUsage of job (MB)
	131140  -  ResidentSetSize of job (KB)
...
006 (13689791.000.000) 03/10 16:49:13 Image size of job updated: 893132
	873  -  MemoryUsage of job (MB)
	893132  -  ResidentSetSize of job (KB)
...
006 (13689791.000.000) 03/10 16:54:14 Image size of job updated: 1024284
	1001  -  MemoryUsage of job (MB)
	1024284  -  ResidentSetSize of job (KB)
...
006 (13689791.000.000) 03/10 16:59:14 Image size of job updated: 1167964
	1141  -  MemoryUsage of job (MB)
	1167964  -  ResidentSetSize of job (KB)
...
006 (13689791.000.000) 03/10 17:04:14 Image size of job updated: 1316712
	1286  -  MemoryUsage of job (MB)
	1316712  -  ResidentSetSize of job (KB)
...
006 (13689791.000.000) 03/10 17:09:15 Image size of job updated: 1450052
	1417  -  MemoryUsage of job (MB)
	1450052  -  ResidentSetSize of job (KB)
...
006 (13689791.000.000) 03/10 17:14:15 Image size of job updated: 1596792
	1560  -  MemoryUsage of job (MB)
	1596792  -  ResidentSetSize of job (KB)
...
006 (13689791.000.000) 03/10 17:19:15 Image size of job updated: 1735052
	1695  -  MemoryUsage of job (MB)
	1735052  -  ResidentSetSize of job (KB)
...
006 (13689791.000.000) 03/10 17:24:16 Image size of job updated: 1868916
	1826  -  MemoryUsage of job (MB)
	1868916  -  ResidentSetSize of job (KB)
...
006 (13689791.000.000) 03/10 17:29:17 Image size of job updated: 1997480
	1951  -  MemoryUsage of job (MB)
	1997480  -  ResidentSetSize of job (KB)
...
006 (13689791.000.000) 03/10 17:34:17 Image size of job updated: 2125068
	2076  -  MemoryUsage of job (MB)
	2125068  -  ResidentSetSize of job (KB)
...
006 (13689791.000.000) 03/10 17:39:18 Image size of job updated: 2253964
	2202  -  MemoryUsage of job (MB)
	2253964  -  ResidentSetSize of job (KB)
...
006 (13689791.000.000) 03/10 17:44:19 Image size of job updated: 2380364
	2325  -  MemoryUsage of job (MB)
	2380364  -  ResidentSetSize of job (KB)
...
006 (13689791.000.000) 03/10 17:49:19 Image size of job updated: 2512272
	2454  -  MemoryUsage of job (MB)
	2512272  -  ResidentSetSize of job (KB)
...
006 (13689791.000.000) 03/10 17:54:19 Image size of job updated: 2638480
	2577  -  MemoryUsage of job (MB)
	2638480  -  ResidentSetSize of job (KB)
...
040 (13689791.000.000) 03/10 17:58:46 Started transferring output files
...
040 (13689791.000.000) 03/10 17:58:46 Finished transferring output files
...
005 (13689791.000.000) 03/10 17:58:46 Job terminated.
	(1) Normal termination (return value 0)
		Usr 0 01:00:26, Sys 0 00:00:50  -  Run Remote Usage
		Usr 0 00:00:00, Sys 0 00:00:00  -  Run Local Usage
		Usr 0 01:00:26, Sys 0 00:00:50  -  Total Remote Usage
		Usr 0 00:00:00, Sys 0 00:00:00  -  Total Local Usage
	5460  -  Run Bytes Sent By Job
	11046  -  Run Bytes Received By Job
	5460  -  Total Bytes Sent By Job
	11046  -  Total Bytes Received By Job
	Partitionable Resources :     Usage  Request Allocated 
	   Cpus                 :      0.99        1         1 
	   Disk (KB)            : 749368          12      3844 
	   GPUs                 :                            0 
	   Memory (MB)          :   2577        3000      3000 

	Job terminated of its own accord at 2025-03-10T16:58:46Z with exit-code 0.
...
