000 (13689788.000.000) 03/10 16:02:43 Job submitted from host: <137.138.120.116:9618?addrs=137.138.120.116-9618+[2001-1458-d00-16--17b]-9618&alias=bigbird12.cern.ch&noUDP&sock=schedd_5055_e355>
...
040 (13689788.000.000) 03/10 16:44:02 Started transferring input files
	Transferring to host: <188.185.210.168:9618?addrs=188.185.210.168-9618+[2001-1458-303-15--100-24]-9618&alias=b9p22p4108.cern.ch&noUDP&sock=slot1_34_5448_5bd7_103038>
...
040 (13689788.000.000) 03/10 16:44:02 Finished transferring input files
...
001 (13689788.000.000) 03/10 16:44:03 Job executing on host: <188.185.210.168:9618?addrs=188.185.210.168-9618+[2001-1458-303-15--100-24]-9618&alias=b9p22p4108.cern.ch&noUDP&sock=startd_4416_9650>
	SlotName: slot1_34@b9p22p4108.cern.ch
	CondorScratchDir = "/pool/condor/dir_1125346"
	Cpus = 1
	Disk = 3783
	GPUs = 0
	Memory = 3000
...
006 (13689788.000.000) 03/10 16:44:11 Image size of job updated: 17324
	17  -  MemoryUsage of job (MB)
	17324  -  ResidentSetSize of job (KB)
...
006 (13689788.000.000) 03/10 16:49:11 Image size of job updated: 1186316
	1159  -  MemoryUsage of job (MB)
	1186316  -  ResidentSetSize of job (KB)
...
006 (13689788.000.000) 03/10 16:54:12 Image size of job updated: 1309992
	1280  -  MemoryUsage of job (MB)
	1309992  -  ResidentSetSize of job (KB)
...
006 (13689788.000.000) 03/10 16:59:12 Image size of job updated: 1446852
	1413  -  MemoryUsage of job (MB)
	1446852  -  ResidentSetSize of job (KB)
...
006 (13689788.000.000) 03/10 17:04:12 Image size of job updated: 1577136
	1541  -  MemoryUsage of job (MB)
	1577136  -  ResidentSetSize of job (KB)
...
006 (13689788.000.000) 03/10 17:09:13 Image size of job updated: 1701952
	1663  -  MemoryUsage of job (MB)
	1701952  -  ResidentSetSize of job (KB)
...
006 (13689788.000.000) 03/10 17:14:14 Image size of job updated: 1846856
	1804  -  MemoryUsage of job (MB)
	1846856  -  ResidentSetSize of job (KB)
...
006 (13689788.000.000) 03/10 17:19:14 Image size of job updated: 1980616
	1935  -  MemoryUsage of job (MB)
	1980616  -  ResidentSetSize of job (KB)
...
006 (13689788.000.000) 03/10 17:24:15 Image size of job updated: 2115640
	2067  -  MemoryUsage of job (MB)
	2115640  -  ResidentSetSize of job (KB)
...
006 (13689788.000.000) 03/10 17:29:16 Image size of job updated: 2254860
	2203  -  MemoryUsage of job (MB)
	2254860  -  ResidentSetSize of job (KB)
...
006 (13689788.000.000) 03/10 17:34:16 Image size of job updated: 2387152
	2332  -  MemoryUsage of job (MB)
	2387152  -  ResidentSetSize of job (KB)
...
006 (13689788.000.000) 03/10 17:39:16 Image size of job updated: 2528596
	2470  -  MemoryUsage of job (MB)
	2528596  -  ResidentSetSize of job (KB)
...
006 (13689788.000.000) 03/10 17:44:18 Image size of job updated: 2659024
	2597  -  MemoryUsage of job (MB)
	2659024  -  ResidentSetSize of job (KB)
...
006 (13689788.000.000) 03/10 17:49:18 Image size of job updated: 2883640
	2817  -  MemoryUsage of job (MB)
	2883640  -  ResidentSetSize of job (KB)
...
040 (13689788.000.000) 03/10 17:50:39 Started transferring output files
...
040 (13689788.000.000) 03/10 17:50:39 Finished transferring output files
...
005 (13689788.000.000) 03/10 17:50:39 Job terminated.
	(1) Normal termination (return value 0)
		Usr 0 00:53:15, Sys 0 00:00:36  -  Run Remote Usage
		Usr 0 00:00:00, Sys 0 00:00:00  -  Run Local Usage
		Usr 0 00:53:15, Sys 0 00:00:36  -  Total Remote Usage
		Usr 0 00:00:00, Sys 0 00:00:00  -  Total Local Usage
	5241  -  Run Bytes Sent By Job
	11046  -  Run Bytes Received By Job
	5241  -  Total Bytes Sent By Job
	11046  -  Total Bytes Received By Job
	Partitionable Resources :     Usage  Request Allocated 
	   Cpus                 :      0.99        1         1 
	   Disk (KB)            : 731868          12      3783 
	   GPUs                 :                            0 
	   Memory (MB)          :   2817        3000      3000 

	Job terminated of its own accord at 2025-03-10T16:50:39Z with exit-code 0.
...
