000 (13689920.000.000) 03/10 16:04:03 Job submitted from host: <137.138.120.116:9618?addrs=137.138.120.116-9618+[2001-1458-d00-16--17b]-9618&alias=bigbird12.cern.ch&noUDP&sock=schedd_5055_e355>
...
040 (13689920.000.000) 03/10 16:44:46 Started transferring input files
	Transferring to host: <188.185.213.58:9618?addrs=188.185.213.58-9618+[2001-1458-303-1a--100-36]-9618&alias=b9p27p2430.cern.ch&noUDP&sock=slot1_14_6477_61e0_35440>
...
040 (13689920.000.000) 03/10 16:44:46 Finished transferring input files
...
001 (13689920.000.000) 03/10 16:44:47 Job executing on host: <188.185.213.58:9618?addrs=188.185.213.58-9618+[2001-1458-303-1a--100-36]-9618&alias=b9p27p2430.cern.ch&noUDP&sock=startd_5329_d448>
	SlotName: slot1_14@b9p27p2430.cern.ch
	CondorScratchDir = "/pool/condor/dir_1289683"
	Cpus = 1
	Disk = 3768
	GPUs = 0
	Memory = 3000
...
006 (13689920.000.000) 03/10 16:45:01 Image size of job updated: 964
	1  -  MemoryUsage of job (MB)
	964  -  ResidentSetSize of job (KB)
...
006 (13689920.000.000) 03/10 16:50:02 Image size of job updated: 845132
	826  -  MemoryUsage of job (MB)
	845132  -  ResidentSetSize of job (KB)
...
006 (13689920.000.000) 03/10 16:55:02 Image size of job updated: 973696
	951  -  MemoryUsage of job (MB)
	973696  -  ResidentSetSize of job (KB)
...
006 (13689920.000.000) 03/10 17:00:03 Image size of job updated: 1093944
	1069  -  MemoryUsage of job (MB)
	1093944  -  ResidentSetSize of job (KB)
...
006 (13689920.000.000) 03/10 17:05:04 Image size of job updated: 1210336
	1182  -  MemoryUsage of job (MB)
	1210336  -  ResidentSetSize of job (KB)
...
006 (13689920.000.000) 03/10 17:10:04 Image size of job updated: 1343904
	1313  -  MemoryUsage of job (MB)
	1343904  -  ResidentSetSize of job (KB)
...
006 (13689920.000.000) 03/10 17:15:05 Image size of job updated: 1487132
	1453  -  MemoryUsage of job (MB)
	1487132  -  ResidentSetSize of job (KB)
...
006 (13689920.000.000) 03/10 17:20:06 Image size of job updated: 1625764
	1588  -  MemoryUsage of job (MB)
	1625764  -  ResidentSetSize of job (KB)
...
006 (13689920.000.000) 03/10 17:25:06 Image size of job updated: 1747172
	1707  -  MemoryUsage of job (MB)
	1747172  -  ResidentSetSize of job (KB)
...
006 (13689920.000.000) 03/10 17:30:07 Image size of job updated: 1872448
	1829  -  MemoryUsage of job (MB)
	1872448  -  ResidentSetSize of job (KB)
...
006 (13689920.000.000) 03/10 17:35:08 Image size of job updated: 1994396
	1948  -  MemoryUsage of job (MB)
	1994396  -  ResidentSetSize of job (KB)
...
006 (13689920.000.000) 03/10 17:40:08 Image size of job updated: 2127460
	2078  -  MemoryUsage of job (MB)
	2127460  -  ResidentSetSize of job (KB)
...
006 (13689920.000.000) 03/10 17:45:09 Image size of job updated: 2267684
	2215  -  MemoryUsage of job (MB)
	2267684  -  ResidentSetSize of job (KB)
...
006 (13689920.000.000) 03/10 17:50:10 Image size of job updated: 2667812
	2606  -  MemoryUsage of job (MB)
	2667812  -  ResidentSetSize of job (KB)
...
040 (13689920.000.000) 03/10 17:50:19 Started transferring output files
...
040 (13689920.000.000) 03/10 17:50:19 Finished transferring output files
...
005 (13689920.000.000) 03/10 17:50:19 Job terminated.
	(1) Normal termination (return value 0)
		Usr 0 00:51:47, Sys 0 00:01:03  -  Run Remote Usage
		Usr 0 00:00:00, Sys 0 00:00:00  -  Run Local Usage
		Usr 0 00:51:47, Sys 0 00:01:03  -  Total Remote Usage
		Usr 0 00:00:00, Sys 0 00:00:00  -  Total Local Usage
	5212  -  Run Bytes Sent By Job
	11052  -  Run Bytes Received By Job
	5212  -  Total Bytes Sent By Job
	11052  -  Total Bytes Received By Job
	Partitionable Resources :     Usage  Request Allocated 
	   Cpus                 :      0.99        1         1 
	   Disk (KB)            : 687203          12      3768 
	   GPUs                 :                            0 
	   Memory (MB)          :   2606        3000      3000 

	Job terminated of its own accord at 2025-03-10T16:50:19Z with exit-code 0.
...
