Standalone environment set.
/tmp/lfavilla/ZJetsToNuNu_HT100to200_2022/file255
hadd Target file: tree.root
hadd compression setting for all output: 1
hadd Source file 1: ./9afaa42d-3bad-46f9-bffd-459599e45e47_Skim.root
hadd Sources and Target have different compression levels
hadd merging will be slower
hadd Target path: tree.root:/
Will write selected trees to .
Pre-select 48759 entries out of 48759 (100.00%)
Processed    10000/   48759 entries, 20.51% (elapsed time   305.1s, curr speed    0.033 kHz, avg speed    0.033 kHz), accepted     1528/   10001 events (15.28%)
Processed    20000/   48759 entries, 41.02% (elapsed time   571.2s, curr speed    0.038 kHz, avg speed    0.035 kHz), accepted     3065/   20001 events (15.32%)
Processed    30000/   48759 entries, 61.53% (elapsed time   758.0s, curr speed    0.054 kHz, avg speed    0.040 kHz), accepted     4637/   30001 events (15.46%)
Processed    40000/   48759 entries, 82.04% (elapsed time  1033.0s, curr speed    0.036 kHz, avg speed    0.039 kHz), accepted     6166/   40001 events (15.41%)
Processed 48759 preselected entries from root://cms-xrd-global.cern.ch//store/mc/Run3Summer22NanoAODv12/Zto2Nu-4Jets_HT-100to200_TuneCP5_13p6TeV_madgraphMLM-pythia8/NANOAODSIM/130X_mcRun3_2022_realistic_v5-v2/2520000/9afaa42d-3bad-46f9-bffd-459599e45e47.root (48759 entries). Finally selected 7507 entries
Done ./9afaa42d-3bad-46f9-bffd-459599e45e47_Skim.root
Total time 1225.3 sec. to process 48759 events. Rate = 39.8 Hz.
DONE
/tmp/lfavilla/ZJetsToNuNu_HT100to200_2022/file255
hadd Target file: tree_hadd_255.root
hadd compression setting for all output: 1
hadd Source file 1: tree.root
hadd Source file 2: hist.root
hadd Target path: tree_hadd_255.root:/
hadd Target path: tree_hadd_255.root:/plots
/tmp/lfavilla/ZJetsToNuNu_HT100to200_2022/file255
