Standalone environment set.
/tmp/lfavilla/ZJetsToNuNu_HT100to200_2022/file18
hadd Target file: tree.root
hadd compression setting for all output: 1
hadd Source file 1: ./0b6e677a-3aae-4bc0-9687-bd6996e22f3e_Skim.root
hadd Sources and Target have different compression levels
hadd merging will be slower
hadd Target path: tree.root:/
Will write selected trees to .
Pre-select 20714 entries out of 20714 (100.00%)
Processed    10000/   20714 entries, 48.28% (elapsed time   229.0s, curr speed    0.044 kHz, avg speed    0.044 kHz), accepted     1474/   10001 events (14.74%)
Processed    20000/   20714 entries, 96.55% (elapsed time   422.3s, curr speed    0.052 kHz, avg speed    0.047 kHz), accepted     2977/   20001 events (14.88%)
Processed 20714 preselected entries from root://cms-xrd-global.cern.ch//store/mc/Run3Summer22NanoAODv12/Zto2Nu-4Jets_HT-100to200_TuneCP5_13p6TeV_madgraphMLM-pythia8/NANOAODSIM/130X_mcRun3_2022_realistic_v5-v2/30000/0b6e677a-3aae-4bc0-9687-bd6996e22f3e.root (20714 entries). Finally selected 3095 entries
Done ./0b6e677a-3aae-4bc0-9687-bd6996e22f3e_Skim.root
Total time 443.4 sec. to process 20714 events. Rate = 46.7 Hz.
DONE
/tmp/lfavilla/ZJetsToNuNu_HT100to200_2022/file18
hadd Target file: tree_hadd_18.root
hadd compression setting for all output: 1
hadd Source file 1: tree.root
hadd Source file 2: hist.root
hadd Target path: tree_hadd_18.root:/
hadd Target path: tree_hadd_18.root:/plots
/tmp/lfavilla/ZJetsToNuNu_HT100to200_2022/file18
