Standalone environment set.
/tmp/lfavilla/ZJetsToNuNu_HT100to200_2022/file6
hadd Target file: tree.root
hadd compression setting for all output: 1
hadd Source file 1: ./d90d0425-5fc2-4c89-b2b8-f62e22c18803_Skim.root
hadd Sources and Target have different compression levels
hadd merging will be slower
hadd Target path: tree.root:/
Will write selected trees to .
Pre-select 52589 entries out of 52589 (100.00%)
Processed    10000/   52589 entries, 19.02% (elapsed time   233.1s, curr speed    0.043 kHz, avg speed    0.043 kHz), accepted     1548/   10001 events (15.48%)
Processed    20000/   52589 entries, 38.03% (elapsed time   433.0s, curr speed    0.050 kHz, avg speed    0.046 kHz), accepted     3030/   20001 events (15.15%)
Processed    30000/   52589 entries, 57.05% (elapsed time   586.5s, curr speed    0.065 kHz, avg speed    0.051 kHz), accepted     4621/   30001 events (15.40%)
Processed    40000/   52589 entries, 76.06% (elapsed time   798.6s, curr speed    0.047 kHz, avg speed    0.050 kHz), accepted     6180/   40001 events (15.45%)
Processed    50000/   52589 entries, 95.08% (elapsed time   962.5s, curr speed    0.061 kHz, avg speed    0.052 kHz), accepted     7763/   50001 events (15.53%)
Processed 52589 preselected entries from root://cms-xrd-global.cern.ch//store/mc/Run3Summer22NanoAODv12/Zto2Nu-4Jets_HT-100to200_TuneCP5_13p6TeV_madgraphMLM-pythia8/NANOAODSIM/130X_mcRun3_2022_realistic_v5-v2/2530000/d90d0425-5fc2-4c89-b2b8-f62e22c18803.root (52589 entries). Finally selected 8138 entries
Done ./d90d0425-5fc2-4c89-b2b8-f62e22c18803_Skim.root
Total time 1054.0 sec. to process 52589 events. Rate = 49.9 Hz.
DONE
/tmp/lfavilla/ZJetsToNuNu_HT100to200_2022/file6
hadd Target file: tree_hadd_6.root
hadd compression setting for all output: 1
hadd Source file 1: tree.root
hadd Source file 2: hist.root
hadd Target path: tree_hadd_6.root:/
hadd Target path: tree_hadd_6.root:/plots
/tmp/lfavilla/ZJetsToNuNu_HT100to200_2022/file6
