Standalone environment set.
/tmp/lfavilla/ZJetsToNuNu_HT100to200_2022/file23
hadd Target file: tree.root
hadd compression setting for all output: 1
hadd Source file 1: ./b2c2a2f8-a0c7-488e-809f-2836259eb653_Skim.root
hadd Sources and Target have different compression levels
hadd merging will be slower
hadd Target path: tree.root:/
Will write selected trees to .
Pre-select 40410 entries out of 40410 (100.00%)
Processed    10000/   40410 entries, 24.75% (elapsed time   238.2s, curr speed    0.042 kHz, avg speed    0.042 kHz), accepted     1554/   10001 events (15.54%)
Processed    20000/   40410 entries, 49.49% (elapsed time   450.9s, curr speed    0.047 kHz, avg speed    0.044 kHz), accepted     3168/   20001 events (15.84%)
Processed    30000/   40410 entries, 74.24% (elapsed time   617.3s, curr speed    0.060 kHz, avg speed    0.049 kHz), accepted     4698/   30001 events (15.66%)
Processed    40000/   40410 entries, 98.99% (elapsed time   838.5s, curr speed    0.045 kHz, avg speed    0.048 kHz), accepted     6256/   40001 events (15.64%)
Processed 40410 preselected entries from root://cms-xrd-global.cern.ch//store/mc/Run3Summer22NanoAODv12/Zto2Nu-4Jets_HT-100to200_TuneCP5_13p6TeV_madgraphMLM-pythia8/NANOAODSIM/130X_mcRun3_2022_realistic_v5-v2/2540000/b2c2a2f8-a0c7-488e-809f-2836259eb653.root (40410 entries). Finally selected 6315 entries
Done ./b2c2a2f8-a0c7-488e-809f-2836259eb653_Skim.root
Total time 864.9 sec. to process 40410 events. Rate = 46.7 Hz.
DONE
/tmp/lfavilla/ZJetsToNuNu_HT100to200_2022/file23
hadd Target file: tree_hadd_23.root
hadd compression setting for all output: 1
hadd Source file 1: tree.root
hadd Source file 2: hist.root
hadd Target path: tree_hadd_23.root:/
hadd Target path: tree_hadd_23.root:/plots
/tmp/lfavilla/ZJetsToNuNu_HT100to200_2022/file23
