Standalone environment set.
/tmp/lfavilla/ZJetsToNuNu_HT100to200_2022/file258
hadd Target file: tree.root
hadd compression setting for all output: 1
hadd Source file 1: ./a4085c96-55cc-4a33-8374-e382275a680e_Skim.root
hadd Sources and Target have different compression levels
hadd merging will be slower
hadd Target path: tree.root:/
Will write selected trees to .
Pre-select 6436 entries out of 6436 (100.00%)
Processed 6436 preselected entries from root://cms-xrd-global.cern.ch//store/mc/Run3Summer22NanoAODv12/Zto2Nu-4Jets_HT-100to200_TuneCP5_13p6TeV_madgraphMLM-pythia8/NANOAODSIM/130X_mcRun3_2022_realistic_v5-v2/50000/a4085c96-55cc-4a33-8374-e382275a680e.root (6436 entries). Finally selected 991 entries
Done ./a4085c96-55cc-4a33-8374-e382275a680e_Skim.root
Total time 216.1 sec. to process 6436 events. Rate = 29.8 Hz.
DONE
/tmp/lfavilla/ZJetsToNuNu_HT100to200_2022/file258
hadd Target file: tree_hadd_258.root
hadd compression setting for all output: 1
hadd Source file 1: tree.root
hadd Source file 2: hist.root
hadd Target path: tree_hadd_258.root:/
hadd Target path: tree_hadd_258.root:/plots
/tmp/lfavilla/ZJetsToNuNu_HT100to200_2022/file258
