Standalone environment set.
/tmp/lfavilla/ZJetsToNuNu_HT100to200_2022/file115
hadd Target file: tree.root
hadd compression setting for all output: 1
hadd Source file 1: ./aa60db46-450a-4a6f-996e-faef32c76650_Skim.root
hadd Sources and Target have different compression levels
hadd merging will be slower
hadd Target path: tree.root:/
Will write selected trees to .
Pre-select 173379 entries out of 173379 (100.00%)
Processed    10000/  173379 entries,  5.77% (elapsed time   224.3s, curr speed    0.045 kHz, avg speed    0.045 kHz), accepted     1479/   10001 events (14.79%)
Processed    20000/  173379 entries, 11.54% (elapsed time   420.6s, curr speed    0.051 kHz, avg speed    0.048 kHz), accepted     3013/   20001 events (15.06%)
Processed    30000/  173379 entries, 17.30% (elapsed time   610.1s, curr speed    0.053 kHz, avg speed    0.049 kHz), accepted     4537/   30001 events (15.12%)
Processed    40000/  173379 entries, 23.07% (elapsed time   822.3s, curr speed    0.047 kHz, avg speed    0.049 kHz), accepted     6083/   40001 events (15.21%)
Processed    50000/  173379 entries, 28.84% (elapsed time  1019.4s, curr speed    0.051 kHz, avg speed    0.049 kHz), accepted     7621/   50001 events (15.24%)
Processed    60000/  173379 entries, 34.61% (elapsed time  1216.8s, curr speed    0.051 kHz, avg speed    0.049 kHz), accepted     9173/   60001 events (15.29%)
Processed    70000/  173379 entries, 40.37% (elapsed time  1428.3s, curr speed    0.047 kHz, avg speed    0.049 kHz), accepted    10782/   70001 events (15.40%)
Processed    80000/  173379 entries, 46.14% (elapsed time  1599.8s, curr speed    0.058 kHz, avg speed    0.050 kHz), accepted    12350/   80001 events (15.44%)
Processed    90000/  173379 entries, 51.91% (elapsed time  1805.1s, curr speed    0.049 kHz, avg speed    0.050 kHz), accepted    13913/   90001 events (15.46%)
Processed   100000/  173379 entries, 57.68% (elapsed time  1977.1s, curr speed    0.058 kHz, avg speed    0.051 kHz), accepted    15408/  100001 events (15.41%)
Processed   110000/  173379 entries, 63.44% (elapsed time  2162.0s, curr speed    0.054 kHz, avg speed    0.051 kHz), accepted    16969/  110001 events (15.43%)
Processed   120000/  173379 entries, 69.21% (elapsed time  2374.3s, curr speed    0.047 kHz, avg speed    0.051 kHz), accepted    18584/  120001 events (15.49%)
Processed   130000/  173379 entries, 74.98% (elapsed time  2528.2s, curr speed    0.065 kHz, avg speed    0.051 kHz), accepted    20147/  130001 events (15.50%)
Processed   140000/  173379 entries, 80.75% (elapsed time  2748.4s, curr speed    0.045 kHz, avg speed    0.051 kHz), accepted    21686/  140001 events (15.49%)
Processed   150000/  173379 entries, 86.52% (elapsed time  2915.9s, curr speed    0.060 kHz, avg speed    0.051 kHz), accepted    23227/  150001 events (15.48%)
Processed   160000/  173379 entries, 92.28% (elapsed time  3127.6s, curr speed    0.047 kHz, avg speed    0.051 kHz), accepted    24689/  160001 events (15.43%)
Processed   170000/  173379 entries, 98.05% (elapsed time  3302.9s, curr speed    0.057 kHz, avg speed    0.051 kHz), accepted    26317/  170001 events (15.48%)
Processed 173379 preselected entries from root://cms-xrd-global.cern.ch//store/mc/Run3Summer22NanoAODv12/Zto2Nu-4Jets_HT-100to200_TuneCP5_13p6TeV_madgraphMLM-pythia8/NANOAODSIM/130X_mcRun3_2022_realistic_v5-v2/2530000/aa60db46-450a-4a6f-996e-faef32c76650.root (173379 entries). Finally selected 26842 entries
Done ./aa60db46-450a-4a6f-996e-faef32c76650_Skim.root
Total time 3448.6 sec. to process 173379 events. Rate = 50.3 Hz.
DONE
/tmp/lfavilla/ZJetsToNuNu_HT100to200_2022/file115
hadd Target file: tree_hadd_115.root
hadd compression setting for all output: 1
hadd Source file 1: tree.root
hadd Source file 2: hist.root
hadd Target path: tree_hadd_115.root:/
hadd Target path: tree_hadd_115.root:/plots
/tmp/lfavilla/ZJetsToNuNu_HT100to200_2022/file115
