Standalone environment set.
/tmp/lfavilla/ZJetsToNuNu_HT100to200_2022/file261
hadd Target file: tree.root
hadd compression setting for all output: 1
hadd Source file 1: ./2dbea182-4c9e-49d6-99dc-2e10bc872e5b_Skim.root
hadd Sources and Target have different compression levels
hadd merging will be slower
hadd Target path: tree.root:/
Will write selected trees to .
Pre-select 56104 entries out of 56104 (100.00%)
Processed    10000/   56104 entries, 17.82% (elapsed time   266.6s, curr speed    0.038 kHz, avg speed    0.038 kHz), accepted     1532/   10001 events (15.32%)
Processed    20000/   56104 entries, 35.65% (elapsed time   506.6s, curr speed    0.042 kHz, avg speed    0.039 kHz), accepted     3163/   20001 events (15.81%)
Processed    30000/   56104 entries, 53.47% (elapsed time   673.0s, curr speed    0.060 kHz, avg speed    0.045 kHz), accepted     4696/   30001 events (15.65%)
Processed    40000/   56104 entries, 71.30% (elapsed time   916.7s, curr speed    0.041 kHz, avg speed    0.044 kHz), accepted     6277/   40001 events (15.69%)
Processed    50000/   56104 entries, 89.12% (elapsed time  1087.6s, curr speed    0.058 kHz, avg speed    0.046 kHz), accepted     7799/   50001 events (15.60%)
Processed 56104 preselected entries from root://cms-xrd-global.cern.ch//store/mc/Run3Summer22NanoAODv12/Zto2Nu-4Jets_HT-100to200_TuneCP5_13p6TeV_madgraphMLM-pythia8/NANOAODSIM/130X_mcRun3_2022_realistic_v5-v2/2520000/2dbea182-4c9e-49d6-99dc-2e10bc872e5b.root (56104 entries). Finally selected 8798 entries
Done ./2dbea182-4c9e-49d6-99dc-2e10bc872e5b_Skim.root
Total time 1237.9 sec. to process 56104 events. Rate = 45.3 Hz.
DONE
/tmp/lfavilla/ZJetsToNuNu_HT100to200_2022/file261
hadd Target file: tree_hadd_261.root
hadd compression setting for all output: 1
hadd Source file 1: tree.root
hadd Source file 2: hist.root
hadd Target path: tree_hadd_261.root:/
hadd Target path: tree_hadd_261.root:/plots
/tmp/lfavilla/ZJetsToNuNu_HT100to200_2022/file261
