Standalone environment set.
/tmp/lfavilla/ZJetsToNuNu_HT100to200_2022/file25
hadd Target file: tree.root
hadd compression setting for all output: 1
hadd Source file 1: ./2ec0d4ad-ad6c-4e29-a91a-46d57864b820_Skim.root
hadd Sources and Target have different compression levels
hadd merging will be slower
hadd Target path: tree.root:/
Will write selected trees to .
Pre-select 177112 entries out of 177112 (100.00%)
Processed    10000/  177112 entries,  5.65% (elapsed time   251.6s, curr speed    0.040 kHz, avg speed    0.040 kHz), accepted     1582/   10001 events (15.82%)
Processed    20000/  177112 entries, 11.29% (elapsed time   472.4s, curr speed    0.045 kHz, avg speed    0.042 kHz), accepted     3131/   20001 events (15.65%)
Processed    30000/  177112 entries, 16.94% (elapsed time   637.3s, curr speed    0.061 kHz, avg speed    0.047 kHz), accepted     4678/   30001 events (15.59%)
Processed    40000/  177112 entries, 22.58% (elapsed time   868.2s, curr speed    0.043 kHz, avg speed    0.046 kHz), accepted     6238/   40001 events (15.59%)
Processed    50000/  177112 entries, 28.23% (elapsed time  1053.3s, curr speed    0.054 kHz, avg speed    0.047 kHz), accepted     7856/   50001 events (15.71%)
Processed    60000/  177112 entries, 33.88% (elapsed time  1267.0s, curr speed    0.047 kHz, avg speed    0.047 kHz), accepted     9444/   60001 events (15.74%)
Processed    70000/  177112 entries, 39.52% (elapsed time  1511.1s, curr speed    0.041 kHz, avg speed    0.046 kHz), accepted    11011/   70001 events (15.73%)
Processed    80000/  177112 entries, 45.17% (elapsed time  1705.7s, curr speed    0.051 kHz, avg speed    0.047 kHz), accepted    12566/   80001 events (15.71%)
Processed    90000/  177112 entries, 50.82% (elapsed time  1950.5s, curr speed    0.041 kHz, avg speed    0.046 kHz), accepted    14115/   90001 events (15.68%)
Processed   100000/  177112 entries, 56.46% (elapsed time  2166.8s, curr speed    0.046 kHz, avg speed    0.046 kHz), accepted    15676/  100001 events (15.68%)
Processed   110000/  177112 entries, 62.11% (elapsed time  2434.2s, curr speed    0.037 kHz, avg speed    0.045 kHz), accepted    17262/  110001 events (15.69%)
Processed   120000/  177112 entries, 67.75% (elapsed time  2706.9s, curr speed    0.037 kHz, avg speed    0.044 kHz), accepted    18835/  120001 events (15.70%)
Processed   130000/  177112 entries, 73.40% (elapsed time  2903.8s, curr speed    0.051 kHz, avg speed    0.045 kHz), accepted    20371/  130001 events (15.67%)
Processed   140000/  177112 entries, 79.05% (elapsed time  3181.3s, curr speed    0.036 kHz, avg speed    0.044 kHz), accepted    21899/  140001 events (15.64%)
Processed   150000/  177112 entries, 84.69% (elapsed time  3391.1s, curr speed    0.048 kHz, avg speed    0.044 kHz), accepted    23380/  150001 events (15.59%)
Processed   160000/  177112 entries, 90.34% (elapsed time  3648.2s, curr speed    0.039 kHz, avg speed    0.044 kHz), accepted    24910/  160001 events (15.57%)
Processed   170000/  177112 entries, 95.98% (elapsed time  3866.0s, curr speed    0.046 kHz, avg speed    0.044 kHz), accepted    26424/  170001 events (15.54%)
Processed 177112 preselected entries from root://cms-xrd-global.cern.ch//store/mc/Run3Summer22NanoAODv12/Zto2Nu-4Jets_HT-100to200_TuneCP5_13p6TeV_madgraphMLM-pythia8/NANOAODSIM/130X_mcRun3_2022_realistic_v5-v2/30000/2ec0d4ad-ad6c-4e29-a91a-46d57864b820.root (177112 entries). Finally selected 27543 entries
Done ./2ec0d4ad-ad6c-4e29-a91a-46d57864b820_Skim.root
Total time 4149.0 sec. to process 177112 events. Rate = 42.7 Hz.
DONE
/tmp/lfavilla/ZJetsToNuNu_HT100to200_2022/file25
hadd Target file: tree_hadd_25.root
hadd compression setting for all output: 1
hadd Source file 1: tree.root
hadd Source file 2: hist.root
hadd Target path: tree_hadd_25.root:/
hadd Target path: tree_hadd_25.root:/plots
/tmp/lfavilla/ZJetsToNuNu_HT100to200_2022/file25
