Standalone environment set.
/tmp/lfavilla/ZJetsToNuNu_HT100to200_2022/file239
hadd Target file: tree.root
hadd compression setting for all output: 1
hadd Source file 1: ./d0b14784-bb68-4765-81b1-b034286943d9_Skim.root
hadd Sources and Target have different compression levels
hadd merging will be slower
hadd Target path: tree.root:/
Will write selected trees to .
Pre-select 5639 entries out of 5639 (100.00%)
Processed 5639 preselected entries from root://cms-xrd-global.cern.ch//store/mc/Run3Summer22NanoAODv12/Zto2Nu-4Jets_HT-100to200_TuneCP5_13p6TeV_madgraphMLM-pythia8/NANOAODSIM/130X_mcRun3_2022_realistic_v5-v2/2520000/d0b14784-bb68-4765-81b1-b034286943d9.root (5639 entries). Finally selected 910 entries
Done ./d0b14784-bb68-4765-81b1-b034286943d9_Skim.root
Total time 210.4 sec. to process 5639 events. Rate = 26.8 Hz.
DONE
/tmp/lfavilla/ZJetsToNuNu_HT100to200_2022/file239
hadd Target file: tree_hadd_239.root
hadd compression setting for all output: 1
hadd Source file 1: tree.root
hadd Source file 2: hist.root
hadd Target path: tree_hadd_239.root:/
hadd Target path: tree_hadd_239.root:/plots
/tmp/lfavilla/ZJetsToNuNu_HT100to200_2022/file239
