Standalone environment set.
/tmp/lfavilla/ZJetsToNuNu_HT100to200_2022/file254
hadd Target file: tree.root
hadd compression setting for all output: 1
hadd Source file 1: ./a5022cbc-4d91-4a3e-a100-7c126e083a19_Skim.root
hadd Sources and Target have different compression levels
hadd merging will be slower
hadd Target path: tree.root:/
Will write selected trees to .
Pre-select 160976 entries out of 160976 (100.00%)
Processed    10000/  160976 entries,  6.21% (elapsed time   251.4s, curr speed    0.040 kHz, avg speed    0.040 kHz), accepted     1563/   10001 events (15.63%)
Processed    20000/  160976 entries, 12.42% (elapsed time   479.8s, curr speed    0.044 kHz, avg speed    0.042 kHz), accepted     3178/   20001 events (15.89%)
Processed    30000/  160976 entries, 18.64% (elapsed time   638.0s, curr speed    0.063 kHz, avg speed    0.047 kHz), accepted     4758/   30001 events (15.86%)
Processed    40000/  160976 entries, 24.85% (elapsed time   863.3s, curr speed    0.044 kHz, avg speed    0.046 kHz), accepted     6310/   40001 events (15.77%)
Processed    50000/  160976 entries, 31.06% (elapsed time  1036.8s, curr speed    0.058 kHz, avg speed    0.048 kHz), accepted     7859/   50001 events (15.72%)
Processed    60000/  160976 entries, 37.27% (elapsed time  1249.9s, curr speed    0.047 kHz, avg speed    0.048 kHz), accepted     9403/   60001 events (15.67%)
Processed    70000/  160976 entries, 43.48% (elapsed time  1466.6s, curr speed    0.046 kHz, avg speed    0.048 kHz), accepted    11068/   70001 events (15.81%)
Processed    80000/  160976 entries, 49.70% (elapsed time  1624.6s, curr speed    0.063 kHz, avg speed    0.049 kHz), accepted    12601/   80001 events (15.75%)
Processed    90000/  160976 entries, 55.91% (elapsed time  1850.1s, curr speed    0.044 kHz, avg speed    0.049 kHz), accepted    14150/   90001 events (15.72%)
Processed   100000/  160976 entries, 62.12% (elapsed time  2030.5s, curr speed    0.055 kHz, avg speed    0.049 kHz), accepted    15726/  100001 events (15.73%)
Processed   110000/  160976 entries, 68.33% (elapsed time  2255.6s, curr speed    0.044 kHz, avg speed    0.049 kHz), accepted    17316/  110001 events (15.74%)
Processed   120000/  160976 entries, 74.55% (elapsed time  2484.8s, curr speed    0.044 kHz, avg speed    0.048 kHz), accepted    18911/  120001 events (15.76%)
Processed   130000/  160976 entries, 80.76% (elapsed time  2652.4s, curr speed    0.060 kHz, avg speed    0.049 kHz), accepted    20472/  130001 events (15.75%)
Processed   140000/  160976 entries, 86.97% (elapsed time  2887.3s, curr speed    0.043 kHz, avg speed    0.048 kHz), accepted    21977/  140001 events (15.70%)
Processed   150000/  160976 entries, 93.18% (elapsed time  3062.3s, curr speed    0.057 kHz, avg speed    0.049 kHz), accepted    23509/  150001 events (15.67%)
Processed   160000/  160976 entries, 99.39% (elapsed time  3279.5s, curr speed    0.046 kHz, avg speed    0.049 kHz), accepted    25138/  160001 events (15.71%)
Processed 160976 preselected entries from root://cms-xrd-global.cern.ch//store/mc/Run3Summer22NanoAODv12/Zto2Nu-4Jets_HT-100to200_TuneCP5_13p6TeV_madgraphMLM-pythia8/NANOAODSIM/130X_mcRun3_2022_realistic_v5-v2/50000/a5022cbc-4d91-4a3e-a100-7c126e083a19.root (160976 entries). Finally selected 25294 entries
Done ./a5022cbc-4d91-4a3e-a100-7c126e083a19_Skim.root
Total time 3343.8 sec. to process 160976 events. Rate = 48.1 Hz.
DONE
/tmp/lfavilla/ZJetsToNuNu_HT100to200_2022/file254
hadd Target file: tree_hadd_254.root
hadd compression setting for all output: 1
hadd Source file 1: tree.root
hadd Source file 2: hist.root
hadd Target path: tree_hadd_254.root:/
hadd Target path: tree_hadd_254.root:/plots
/tmp/lfavilla/ZJetsToNuNu_HT100to200_2022/file254
