Standalone environment set.
/tmp/lfavilla/ZJetsToNuNu_HT100to200_2022/file209
hadd Target file: tree.root
hadd compression setting for all output: 1
hadd Source file 1: ./9111fc91-5441-4c86-8a51-426409eefb55_Skim.root
hadd Sources and Target have different compression levels
hadd merging will be slower
hadd Target path: tree.root:/
Will write selected trees to .
Pre-select 7010 entries out of 7010 (100.00%)
Processed 7010 preselected entries from root://cms-xrd-global.cern.ch//store/mc/Run3Summer22NanoAODv12/Zto2Nu-4Jets_HT-100to200_TuneCP5_13p6TeV_madgraphMLM-pythia8/NANOAODSIM/130X_mcRun3_2022_realistic_v5-v2/30000/9111fc91-5441-4c86-8a51-426409eefb55.root (7010 entries). Finally selected 1085 entries
Done ./9111fc91-5441-4c86-8a51-426409eefb55_Skim.root
Total time 235.6 sec. to process 7010 events. Rate = 29.7 Hz.
DONE
/tmp/lfavilla/ZJetsToNuNu_HT100to200_2022/file209
hadd Target file: tree_hadd_209.root
hadd compression setting for all output: 1
hadd Source file 1: tree.root
hadd Source file 2: hist.root
hadd Target path: tree_hadd_209.root:/
hadd Target path: tree_hadd_209.root:/plots
/tmp/lfavilla/ZJetsToNuNu_HT100to200_2022/file209
