Standalone environment set.
/tmp/lfavilla/ZJetsToNuNu_HT100to200_2022/file126
hadd Target file: tree.root
hadd compression setting for all output: 1
hadd Source file 1: ./e273f492-4eef-473e-8d76-d453c0c70661_Skim.root
hadd Sources and Target have different compression levels
hadd merging will be slower
hadd Target path: tree.root:/
Will write selected trees to .
Pre-select 85476 entries out of 85476 (100.00%)
Processed    10000/   85476 entries, 11.70% (elapsed time   231.0s, curr speed    0.043 kHz, avg speed    0.043 kHz), accepted     1514/   10001 events (15.14%)
Processed    20000/   85476 entries, 23.40% (elapsed time   428.6s, curr speed    0.051 kHz, avg speed    0.047 kHz), accepted     2995/   20001 events (14.97%)
Processed    30000/   85476 entries, 35.10% (elapsed time   578.7s, curr speed    0.067 kHz, avg speed    0.052 kHz), accepted     4587/   30001 events (15.29%)
Processed    40000/   85476 entries, 46.80% (elapsed time   788.8s, curr speed    0.048 kHz, avg speed    0.051 kHz), accepted     6157/   40001 events (15.39%)
Processed    50000/   85476 entries, 58.50% (elapsed time   953.5s, curr speed    0.061 kHz, avg speed    0.052 kHz), accepted     7743/   50001 events (15.49%)
Processed    60000/   85476 entries, 70.20% (elapsed time  1152.1s, curr speed    0.050 kHz, avg speed    0.052 kHz), accepted     9275/   60001 events (15.46%)
Processed    70000/   85476 entries, 81.89% (elapsed time  1321.3s, curr speed    0.059 kHz, avg speed    0.053 kHz), accepted    10839/   70001 events (15.48%)
Processed    80000/   85476 entries, 93.59% (elapsed time  1525.8s, curr speed    0.049 kHz, avg speed    0.052 kHz), accepted    12384/   80001 events (15.48%)
Processed 85476 preselected entries from root://cms-xrd-global.cern.ch//store/mc/Run3Summer22NanoAODv12/Zto2Nu-4Jets_HT-100to200_TuneCP5_13p6TeV_madgraphMLM-pythia8/NANOAODSIM/130X_mcRun3_2022_realistic_v5-v2/40000/e273f492-4eef-473e-8d76-d453c0c70661.root (85476 entries). Finally selected 13231 entries
Done ./e273f492-4eef-473e-8d76-d453c0c70661_Skim.root
Total time 1665.5 sec. to process 85476 events. Rate = 51.3 Hz.
DONE
/tmp/lfavilla/ZJetsToNuNu_HT100to200_2022/file126
hadd Target file: tree_hadd_126.root
hadd compression setting for all output: 1
hadd Source file 1: tree.root
hadd Source file 2: hist.root
hadd Target path: tree_hadd_126.root:/
hadd Target path: tree_hadd_126.root:/plots
/tmp/lfavilla/ZJetsToNuNu_HT100to200_2022/file126
