Standalone environment set.
/tmp/lfavilla/ZJetsToNuNu_HT100to200_2022/file47
hadd Target file: tree.root
hadd compression setting for all output: 1
hadd Source file 1: ./559c018d-dec0-4c14-b833-5b1a9885cf76_Skim.root
hadd Sources and Target have different compression levels
hadd merging will be slower
hadd Target path: tree.root:/
Will write selected trees to .
Pre-select 92642 entries out of 92642 (100.00%)
Processed    10000/   92642 entries, 10.79% (elapsed time   222.4s, curr speed    0.045 kHz, avg speed    0.045 kHz), accepted     1547/   10001 events (15.47%)
Processed    20000/   92642 entries, 21.59% (elapsed time   420.2s, curr speed    0.051 kHz, avg speed    0.048 kHz), accepted     3102/   20001 events (15.51%)
Processed    30000/   92642 entries, 32.38% (elapsed time   563.7s, curr speed    0.070 kHz, avg speed    0.053 kHz), accepted     4642/   30001 events (15.47%)
Processed    40000/   92642 entries, 43.18% (elapsed time   772.5s, curr speed    0.048 kHz, avg speed    0.052 kHz), accepted     6157/   40001 events (15.39%)
Processed    50000/   92642 entries, 53.97% (elapsed time   940.7s, curr speed    0.059 kHz, avg speed    0.053 kHz), accepted     7734/   50001 events (15.47%)
Processed    60000/   92642 entries, 64.77% (elapsed time  1144.4s, curr speed    0.049 kHz, avg speed    0.052 kHz), accepted     9283/   60001 events (15.47%)
Processed    70000/   92642 entries, 75.56% (elapsed time  1361.4s, curr speed    0.046 kHz, avg speed    0.051 kHz), accepted    10857/   70001 events (15.51%)
Processed    80000/   92642 entries, 86.35% (elapsed time  1514.8s, curr speed    0.065 kHz, avg speed    0.053 kHz), accepted    12443/   80001 events (15.55%)
Processed    90000/   92642 entries, 97.15% (elapsed time  1709.4s, curr speed    0.051 kHz, avg speed    0.053 kHz), accepted    14031/   90001 events (15.59%)
Processed 92642 preselected entries from root://cms-xrd-global.cern.ch//store/mc/Run3Summer22NanoAODv12/Zto2Nu-4Jets_HT-100to200_TuneCP5_13p6TeV_madgraphMLM-pythia8/NANOAODSIM/130X_mcRun3_2022_realistic_v5-v2/40000/559c018d-dec0-4c14-b833-5b1a9885cf76.root (92642 entries). Finally selected 14443 entries
Done ./559c018d-dec0-4c14-b833-5b1a9885cf76_Skim.root
Total time 1768.0 sec. to process 92642 events. Rate = 52.4 Hz.
DONE
/tmp/lfavilla/ZJetsToNuNu_HT100to200_2022/file47
hadd Target file: tree_hadd_47.root
hadd compression setting for all output: 1
hadd Source file 1: tree.root
hadd Source file 2: hist.root
hadd Target path: tree_hadd_47.root:/
hadd Target path: tree_hadd_47.root:/plots
/tmp/lfavilla/ZJetsToNuNu_HT100to200_2022/file47
