Standalone environment set.
/tmp/lfavilla/ZJetsToNuNu_HT100to200_2022/file157
hadd Target file: tree.root
hadd compression setting for all output: 1
hadd Source file 1: ./9713634b-aa66-4249-8c30-33b0d5662d7c_Skim.root
hadd Sources and Target have different compression levels
hadd merging will be slower
hadd Target path: tree.root:/
Will write selected trees to .
Pre-select 180153 entries out of 180153 (100.00%)
Processed    10000/  180153 entries,  5.55% (elapsed time   268.0s, curr speed    0.037 kHz, avg speed    0.037 kHz), accepted     1569/   10001 events (15.69%)
Processed    20000/  180153 entries, 11.10% (elapsed time   509.0s, curr speed    0.041 kHz, avg speed    0.039 kHz), accepted     3099/   20001 events (15.49%)
Processed    30000/  180153 entries, 16.65% (elapsed time   722.5s, curr speed    0.047 kHz, avg speed    0.042 kHz), accepted     4687/   30001 events (15.62%)
Processed    40000/  180153 entries, 22.20% (elapsed time   959.8s, curr speed    0.042 kHz, avg speed    0.042 kHz), accepted     6274/   40001 events (15.68%)
Processed    50000/  180153 entries, 27.75% (elapsed time  1183.5s, curr speed    0.045 kHz, avg speed    0.042 kHz), accepted     7842/   50001 events (15.68%)
Processed    60000/  180153 entries, 33.31% (elapsed time  1426.3s, curr speed    0.041 kHz, avg speed    0.042 kHz), accepted     9353/   60001 events (15.59%)
Processed    70000/  180153 entries, 38.86% (elapsed time  1675.0s, curr speed    0.040 kHz, avg speed    0.042 kHz), accepted    10858/   70001 events (15.51%)
Processed    80000/  180153 entries, 44.41% (elapsed time  1857.0s, curr speed    0.055 kHz, avg speed    0.043 kHz), accepted    12448/   80001 events (15.56%)
Processed    90000/  180153 entries, 49.96% (elapsed time  2119.1s, curr speed    0.038 kHz, avg speed    0.042 kHz), accepted    14025/   90001 events (15.58%)
Processed   100000/  180153 entries, 55.51% (elapsed time  2325.0s, curr speed    0.049 kHz, avg speed    0.043 kHz), accepted    15548/  100001 events (15.55%)
Processed   110000/  180153 entries, 61.06% (elapsed time  2600.2s, curr speed    0.036 kHz, avg speed    0.042 kHz), accepted    17113/  110001 events (15.56%)
Processed   120000/  180153 entries, 66.61% (elapsed time  2814.2s, curr speed    0.047 kHz, avg speed    0.043 kHz), accepted    18663/  120001 events (15.55%)
Processed   130000/  180153 entries, 72.16% (elapsed time  3110.9s, curr speed    0.034 kHz, avg speed    0.042 kHz), accepted    20165/  130001 events (15.51%)
Processed   140000/  180153 entries, 77.71% (elapsed time  3406.1s, curr speed    0.034 kHz, avg speed    0.041 kHz), accepted    21700/  140001 events (15.50%)
Processed   150000/  180153 entries, 83.26% (elapsed time  3620.2s, curr speed    0.047 kHz, avg speed    0.041 kHz), accepted    23254/  150001 events (15.50%)
Processed   160000/  180153 entries, 88.81% (elapsed time  3941.8s, curr speed    0.031 kHz, avg speed    0.041 kHz), accepted    24792/  160001 events (15.49%)
Processed   170000/  180153 entries, 94.36% (elapsed time  4183.5s, curr speed    0.041 kHz, avg speed    0.041 kHz), accepted    26339/  170001 events (15.49%)
Processed   180000/  180153 entries, 99.92% (elapsed time  4445.6s, curr speed    0.038 kHz, avg speed    0.040 kHz), accepted    27936/  180001 events (15.52%)
Processed 180153 preselected entries from root://cms-xrd-global.cern.ch//store/mc/Run3Summer22NanoAODv12/Zto2Nu-4Jets_HT-100to200_TuneCP5_13p6TeV_madgraphMLM-pythia8/NANOAODSIM/130X_mcRun3_2022_realistic_v5-v2/30000/9713634b-aa66-4249-8c30-33b0d5662d7c.root (180153 entries). Finally selected 27965 entries
Done ./9713634b-aa66-4249-8c30-33b0d5662d7c_Skim.root
Total time 4534.1 sec. to process 180153 events. Rate = 39.7 Hz.
DONE
/tmp/lfavilla/ZJetsToNuNu_HT100to200_2022/file157
hadd Target file: tree_hadd_157.root
hadd compression setting for all output: 1
hadd Source file 1: tree.root
hadd Source file 2: hist.root
hadd Target path: tree_hadd_157.root:/
hadd Target path: tree_hadd_157.root:/plots
/tmp/lfavilla/ZJetsToNuNu_HT100to200_2022/file157
