Standalone environment set.
/tmp/lfavilla/ZJetsToNuNu_HT100to200_2022/file53
hadd Target file: tree.root
hadd compression setting for all output: 1
hadd Source file 1: ./76527265-993d-42f7-81c2-5ff67275630f_Skim.root
hadd Sources and Target have different compression levels
hadd merging will be slower
hadd Target path: tree.root:/
Will write selected trees to .
Pre-select 40428 entries out of 40428 (100.00%)
Processed    10000/   40428 entries, 24.74% (elapsed time   214.5s, curr speed    0.047 kHz, avg speed    0.047 kHz), accepted     1565/   10001 events (15.65%)
Processed    20000/   40428 entries, 49.47% (elapsed time   411.0s, curr speed    0.051 kHz, avg speed    0.049 kHz), accepted     3083/   20001 events (15.41%)
Processed    30000/   40428 entries, 74.21% (elapsed time   555.8s, curr speed    0.069 kHz, avg speed    0.054 kHz), accepted     4630/   30001 events (15.43%)
Processed    40000/   40428 entries, 98.94% (elapsed time   750.5s, curr speed    0.051 kHz, avg speed    0.053 kHz), accepted     6179/   40001 events (15.45%)
Processed 40428 preselected entries from root://cms-xrd-global.cern.ch//store/mc/Run3Summer22NanoAODv12/Zto2Nu-4Jets_HT-100to200_TuneCP5_13p6TeV_madgraphMLM-pythia8/NANOAODSIM/130X_mcRun3_2022_realistic_v5-v2/2530000/76527265-993d-42f7-81c2-5ff67275630f.root (40428 entries). Finally selected 6252 entries
Done ./76527265-993d-42f7-81c2-5ff67275630f_Skim.root
Total time 774.3 sec. to process 40428 events. Rate = 52.2 Hz.
DONE
/tmp/lfavilla/ZJetsToNuNu_HT100to200_2022/file53
hadd Target file: tree_hadd_53.root
hadd compression setting for all output: 1
hadd Source file 1: tree.root
hadd Source file 2: hist.root
hadd Target path: tree_hadd_53.root:/
hadd Target path: tree_hadd_53.root:/plots
/tmp/lfavilla/ZJetsToNuNu_HT100to200_2022/file53
