Standalone environment set.
/tmp/lfavilla/ZJetsToNuNu_HT100to200_2022/file211
hadd Target file: tree.root
hadd compression setting for all output: 1
hadd Source file 1: ./fba8aa18-0660-4aa4-ad6d-40a7ef21eba0_Skim.root
hadd Sources and Target have different compression levels
hadd merging will be slower
hadd Target path: tree.root:/
Will write selected trees to .
Pre-select 86057 entries out of 86057 (100.00%)
Processed    10000/   86057 entries, 11.62% (elapsed time   228.3s, curr speed    0.044 kHz, avg speed    0.044 kHz), accepted     1584/   10001 events (15.84%)
Processed    20000/   86057 entries, 23.24% (elapsed time   437.4s, curr speed    0.048 kHz, avg speed    0.046 kHz), accepted     3094/   20001 events (15.47%)
Processed    30000/   86057 entries, 34.86% (elapsed time   591.9s, curr speed    0.065 kHz, avg speed    0.051 kHz), accepted     4677/   30001 events (15.59%)
Processed    40000/   86057 entries, 46.48% (elapsed time   810.2s, curr speed    0.046 kHz, avg speed    0.049 kHz), accepted     6221/   40001 events (15.55%)
Processed    50000/   86057 entries, 58.10% (elapsed time   973.7s, curr speed    0.061 kHz, avg speed    0.051 kHz), accepted     7787/   50001 events (15.57%)
Processed    60000/   86057 entries, 69.72% (elapsed time  1202.9s, curr speed    0.044 kHz, avg speed    0.050 kHz), accepted     9363/   60001 events (15.60%)
Processed    70000/   86057 entries, 81.34% (elapsed time  1430.1s, curr speed    0.044 kHz, avg speed    0.049 kHz), accepted    10972/   70001 events (15.67%)
Processed    80000/   86057 entries, 92.96% (elapsed time  1591.8s, curr speed    0.062 kHz, avg speed    0.050 kHz), accepted    12505/   80001 events (15.63%)
Processed 86057 preselected entries from root://cms-xrd-global.cern.ch//store/mc/Run3Summer22NanoAODv12/Zto2Nu-4Jets_HT-100to200_TuneCP5_13p6TeV_madgraphMLM-pythia8/NANOAODSIM/130X_mcRun3_2022_realistic_v5-v2/2520000/fba8aa18-0660-4aa4-ad6d-40a7ef21eba0.root (86057 entries). Finally selected 13424 entries
Done ./fba8aa18-0660-4aa4-ad6d-40a7ef21eba0_Skim.root
Total time 1737.0 sec. to process 86057 events. Rate = 49.5 Hz.
DONE
/tmp/lfavilla/ZJetsToNuNu_HT100to200_2022/file211
hadd Target file: tree_hadd_211.root
hadd compression setting for all output: 1
hadd Source file 1: tree.root
hadd Source file 2: hist.root
hadd Target path: tree_hadd_211.root:/
hadd Target path: tree_hadd_211.root:/plots
/tmp/lfavilla/ZJetsToNuNu_HT100to200_2022/file211
