Standalone environment set.
/tmp/lfavilla/ZJetsToNuNu_HT100to200_2022/file225
hadd Target file: tree.root
hadd compression setting for all output: 1
hadd Source file 1: ./4a4b70e5-2d92-4e48-9b0c-49bbe2729fab_Skim.root
hadd Sources and Target have different compression levels
hadd merging will be slower
hadd Target path: tree.root:/
Will write selected trees to .
Pre-select 41220 entries out of 41220 (100.00%)
Processed    10000/   41220 entries, 24.26% (elapsed time   282.9s, curr speed    0.035 kHz, avg speed    0.035 kHz), accepted     1570/   10001 events (15.70%)
Processed    20000/   41220 entries, 48.52% (elapsed time   514.9s, curr speed    0.043 kHz, avg speed    0.039 kHz), accepted     3094/   20001 events (15.47%)
Processed    30000/   41220 entries, 72.78% (elapsed time   687.8s, curr speed    0.058 kHz, avg speed    0.044 kHz), accepted     4604/   30001 events (15.35%)
Processed    40000/   41220 entries, 97.04% (elapsed time   933.5s, curr speed    0.041 kHz, avg speed    0.043 kHz), accepted     6184/   40001 events (15.46%)
Processed 41220 preselected entries from root://cms-xrd-global.cern.ch//store/mc/Run3Summer22NanoAODv12/Zto2Nu-4Jets_HT-100to200_TuneCP5_13p6TeV_madgraphMLM-pythia8/NANOAODSIM/130X_mcRun3_2022_realistic_v5-v2/50000/4a4b70e5-2d92-4e48-9b0c-49bbe2729fab.root (41220 entries). Finally selected 6368 entries
Done ./4a4b70e5-2d92-4e48-9b0c-49bbe2729fab_Skim.root
Total time 967.0 sec. to process 41220 events. Rate = 42.6 Hz.
DONE
/tmp/lfavilla/ZJetsToNuNu_HT100to200_2022/file225
hadd Target file: tree_hadd_225.root
hadd compression setting for all output: 1
hadd Source file 1: tree.root
hadd Source file 2: hist.root
hadd Target path: tree_hadd_225.root:/
hadd Target path: tree_hadd_225.root:/plots
/tmp/lfavilla/ZJetsToNuNu_HT100to200_2022/file225
