Standalone environment set.
/tmp/lfavilla/ZJetsToNuNu_HT100to200_2022/file62
hadd Target file: tree.root
hadd compression setting for all output: 1
hadd Source file 1: ./b48548c8-3716-4874-908d-f6c257f869f4_Skim.root
hadd Sources and Target have different compression levels
hadd merging will be slower
hadd Target path: tree.root:/
Will write selected trees to .
Pre-select 169769 entries out of 169769 (100.00%)
Processed    10000/  169769 entries,  5.89% (elapsed time   264.3s, curr speed    0.038 kHz, avg speed    0.038 kHz), accepted     1527/   10001 events (15.27%)
Processed    20000/  169769 entries, 11.78% (elapsed time   491.0s, curr speed    0.044 kHz, avg speed    0.041 kHz), accepted     3112/   20001 events (15.56%)
Processed    30000/  169769 entries, 17.67% (elapsed time   665.0s, curr speed    0.057 kHz, avg speed    0.045 kHz), accepted     4679/   30001 events (15.60%)
Processed    40000/  169769 entries, 23.56% (elapsed time   941.5s, curr speed    0.036 kHz, avg speed    0.042 kHz), accepted     6229/   40001 events (15.57%)
Processed    50000/  169769 entries, 29.45% (elapsed time  1134.8s, curr speed    0.052 kHz, avg speed    0.044 kHz), accepted     7840/   50001 events (15.68%)
Processed    60000/  169769 entries, 35.34% (elapsed time  1399.5s, curr speed    0.038 kHz, avg speed    0.043 kHz), accepted     9427/   60001 events (15.71%)
Processed    70000/  169769 entries, 41.23% (elapsed time  1639.0s, curr speed    0.042 kHz, avg speed    0.043 kHz), accepted    10930/   70001 events (15.61%)
Processed    80000/  169769 entries, 47.12% (elapsed time  1833.7s, curr speed    0.051 kHz, avg speed    0.044 kHz), accepted    12509/   80001 events (15.64%)
Processed    90000/  169769 entries, 53.01% (elapsed time  2092.1s, curr speed    0.039 kHz, avg speed    0.043 kHz), accepted    14013/   90001 events (15.57%)
Processed   100000/  169769 entries, 58.90% (elapsed time  2285.2s, curr speed    0.052 kHz, avg speed    0.044 kHz), accepted    15541/  100001 events (15.54%)
Processed   110000/  169769 entries, 64.79% (elapsed time  2546.5s, curr speed    0.038 kHz, avg speed    0.043 kHz), accepted    17056/  110001 events (15.51%)
Processed   120000/  169769 entries, 70.68% (elapsed time  2730.9s, curr speed    0.054 kHz, avg speed    0.044 kHz), accepted    18575/  120001 events (15.48%)
Processed   130000/  169769 entries, 76.57% (elapsed time  2974.0s, curr speed    0.041 kHz, avg speed    0.044 kHz), accepted    20157/  130001 events (15.51%)
Processed   140000/  169769 entries, 82.46% (elapsed time  3233.0s, curr speed    0.039 kHz, avg speed    0.043 kHz), accepted    21719/  140001 events (15.51%)
Processed   150000/  169769 entries, 88.36% (elapsed time  3418.9s, curr speed    0.054 kHz, avg speed    0.044 kHz), accepted    23262/  150001 events (15.51%)
Processed   160000/  169769 entries, 94.25% (elapsed time  3666.9s, curr speed    0.040 kHz, avg speed    0.044 kHz), accepted    24894/  160001 events (15.56%)
Processed 169769 preselected entries from root://cms-xrd-global.cern.ch//store/mc/Run3Summer22NanoAODv12/Zto2Nu-4Jets_HT-100to200_TuneCP5_13p6TeV_madgraphMLM-pythia8/NANOAODSIM/130X_mcRun3_2022_realistic_v5-v2/2520000/b48548c8-3716-4874-908d-f6c257f869f4.root (169769 entries). Finally selected 26363 entries
Done ./b48548c8-3716-4874-908d-f6c257f869f4_Skim.root
Total time 3907.0 sec. to process 169769 events. Rate = 43.5 Hz.
DONE
/tmp/lfavilla/ZJetsToNuNu_HT100to200_2022/file62
hadd Target file: tree_hadd_62.root
hadd compression setting for all output: 1
hadd Source file 1: tree.root
hadd Source file 2: hist.root
hadd Target path: tree_hadd_62.root:/
hadd Target path: tree_hadd_62.root:/plots
/tmp/lfavilla/ZJetsToNuNu_HT100to200_2022/file62
