Standalone environment set.
/tmp/lfavilla/ZJetsToNuNu_HT100to200_2022/file119
hadd Target file: tree.root
hadd compression setting for all output: 1
hadd Source file 1: ./7bb3aae9-9168-43e7-b43c-e1e0519c4454_Skim.root
hadd Sources and Target have different compression levels
hadd merging will be slower
hadd Target path: tree.root:/
Will write selected trees to .
Pre-select 1443 entries out of 1443 (100.00%)
Processed 1443 preselected entries from root://cms-xrd-global.cern.ch//store/mc/Run3Summer22NanoAODv12/Zto2Nu-4Jets_HT-100to200_TuneCP5_13p6TeV_madgraphMLM-pythia8/NANOAODSIM/130X_mcRun3_2022_realistic_v5-v2/2540000/7bb3aae9-9168-43e7-b43c-e1e0519c4454.root (1443 entries). Finally selected 249 entries
Done ./7bb3aae9-9168-43e7-b43c-e1e0519c4454_Skim.root
Total time 105.7 sec. to process 1443 events. Rate = 13.7 Hz.
DONE
/tmp/lfavilla/ZJetsToNuNu_HT100to200_2022/file119
hadd Target file: tree_hadd_119.root
hadd compression setting for all output: 1
hadd Source file 1: tree.root
hadd Source file 2: hist.root
hadd Target path: tree_hadd_119.root:/
hadd Target path: tree_hadd_119.root:/plots
/tmp/lfavilla/ZJetsToNuNu_HT100to200_2022/file119
