Standalone environment set.
/tmp/lfavilla/ZJetsToNuNu_HT100to200_2022/file174
hadd Target file: tree.root
hadd compression setting for all output: 1
hadd Source file 1: ./966e3029-247d-4170-a196-8d0ea6c27da3_Skim.root
hadd Sources and Target have different compression levels
hadd merging will be slower
hadd Target path: tree.root:/
Will write selected trees to .
Pre-select 159590 entries out of 159590 (100.00%)
Processed    10000/  159590 entries,  6.27% (elapsed time   251.8s, curr speed    0.040 kHz, avg speed    0.040 kHz), accepted     1557/   10001 events (15.57%)
Processed    20000/  159590 entries, 12.53% (elapsed time   457.8s, curr speed    0.049 kHz, avg speed    0.044 kHz), accepted     3157/   20001 events (15.78%)
Processed    30000/  159590 entries, 18.80% (elapsed time   625.9s, curr speed    0.059 kHz, avg speed    0.048 kHz), accepted     4681/   30001 events (15.60%)
Processed    40000/  159590 entries, 25.06% (elapsed time   830.2s, curr speed    0.049 kHz, avg speed    0.048 kHz), accepted     6341/   40001 events (15.85%)
Processed    50000/  159590 entries, 31.33% (elapsed time   991.2s, curr speed    0.062 kHz, avg speed    0.050 kHz), accepted     7861/   50001 events (15.72%)
Processed    60000/  159590 entries, 37.60% (elapsed time  1195.6s, curr speed    0.049 kHz, avg speed    0.050 kHz), accepted     9425/   60001 events (15.71%)
Processed    70000/  159590 entries, 43.86% (elapsed time  1400.7s, curr speed    0.049 kHz, avg speed    0.050 kHz), accepted    10902/   70001 events (15.57%)
Processed    80000/  159590 entries, 50.13% (elapsed time  1565.2s, curr speed    0.061 kHz, avg speed    0.051 kHz), accepted    12460/   80001 events (15.57%)
Processed    90000/  159590 entries, 56.39% (elapsed time  1807.3s, curr speed    0.041 kHz, avg speed    0.050 kHz), accepted    14018/   90001 events (15.58%)
Processed   100000/  159590 entries, 62.66% (elapsed time  1986.7s, curr speed    0.056 kHz, avg speed    0.050 kHz), accepted    15550/  100001 events (15.55%)
Processed   110000/  159590 entries, 68.93% (elapsed time  2212.0s, curr speed    0.044 kHz, avg speed    0.050 kHz), accepted    17120/  110001 events (15.56%)
Processed   120000/  159590 entries, 75.19% (elapsed time  2463.5s, curr speed    0.040 kHz, avg speed    0.049 kHz), accepted    18643/  120001 events (15.54%)
Processed   130000/  159590 entries, 81.46% (elapsed time  2639.2s, curr speed    0.057 kHz, avg speed    0.049 kHz), accepted    20227/  130001 events (15.56%)
Processed   140000/  159590 entries, 87.72% (elapsed time  2897.2s, curr speed    0.039 kHz, avg speed    0.048 kHz), accepted    21754/  140001 events (15.54%)
Processed   150000/  159590 entries, 93.99% (elapsed time  3073.5s, curr speed    0.057 kHz, avg speed    0.049 kHz), accepted    23267/  150001 events (15.51%)
Processed 159590 preselected entries from root://cms-xrd-global.cern.ch//store/mc/Run3Summer22NanoAODv12/Zto2Nu-4Jets_HT-100to200_TuneCP5_13p6TeV_madgraphMLM-pythia8/NANOAODSIM/130X_mcRun3_2022_realistic_v5-v2/2540000/966e3029-247d-4170-a196-8d0ea6c27da3.root (159590 entries). Finally selected 24795 entries
Done ./966e3029-247d-4170-a196-8d0ea6c27da3_Skim.root
Total time 3341.6 sec. to process 159590 events. Rate = 47.8 Hz.
DONE
/tmp/lfavilla/ZJetsToNuNu_HT100to200_2022/file174
hadd Target file: tree_hadd_174.root
hadd compression setting for all output: 1
hadd Source file 1: tree.root
hadd Source file 2: hist.root
hadd Target path: tree_hadd_174.root:/
hadd Target path: tree_hadd_174.root:/plots
/tmp/lfavilla/ZJetsToNuNu_HT100to200_2022/file174
