Standalone environment set.
/tmp/lfavilla/ZJetsToNuNu_HT100to200_2022/file238
hadd Target file: tree.root
hadd compression setting for all output: 1
hadd Source file 1: ./066d086e-72dc-4ff5-9fc8-1db5d2293136_Skim.root
hadd Sources and Target have different compression levels
hadd merging will be slower
hadd Target path: tree.root:/
Will write selected trees to .
Pre-select 7226 entries out of 7226 (100.00%)
Processed 7226 preselected entries from root://cms-xrd-global.cern.ch//store/mc/Run3Summer22NanoAODv12/Zto2Nu-4Jets_HT-100to200_TuneCP5_13p6TeV_madgraphMLM-pythia8/NANOAODSIM/130X_mcRun3_2022_realistic_v5-v2/2520000/066d086e-72dc-4ff5-9fc8-1db5d2293136.root (7226 entries). Finally selected 1114 entries
Done ./066d086e-72dc-4ff5-9fc8-1db5d2293136_Skim.root
Total time 283.7 sec. to process 7226 events. Rate = 25.5 Hz.
DONE
/tmp/lfavilla/ZJetsToNuNu_HT100to200_2022/file238
hadd Target file: tree_hadd_238.root
hadd compression setting for all output: 1
hadd Source file 1: tree.root
hadd Source file 2: hist.root
hadd Target path: tree_hadd_238.root:/
hadd Target path: tree_hadd_238.root:/plots
/tmp/lfavilla/ZJetsToNuNu_HT100to200_2022/file238
