Standalone environment set.
/tmp/lfavilla/ZJetsToNuNu_HT100to200_2022/file74
hadd Target file: tree.root
hadd compression setting for all output: 1
hadd Source file 1: ./28ac7d0b-7ad4-49ce-83cc-59bcfcb85eda_Skim.root
hadd Sources and Target have different compression levels
hadd merging will be slower
hadd Target path: tree.root:/
Will write selected trees to .
Pre-select 171013 entries out of 171013 (100.00%)
Processed    10000/  171013 entries,  5.85% (elapsed time   214.2s, curr speed    0.047 kHz, avg speed    0.047 kHz), accepted     1561/   10001 events (15.61%)
Processed    20000/  171013 entries, 11.70% (elapsed time   394.7s, curr speed    0.055 kHz, avg speed    0.051 kHz), accepted     3078/   20001 events (15.39%)
Processed    30000/  171013 entries, 17.54% (elapsed time   526.2s, curr speed    0.076 kHz, avg speed    0.057 kHz), accepted     4648/   30001 events (15.49%)
Processed    40000/  171013 entries, 23.39% (elapsed time   721.9s, curr speed    0.051 kHz, avg speed    0.055 kHz), accepted     6222/   40001 events (15.55%)
Processed    50000/  171013 entries, 29.24% (elapsed time   870.4s, curr speed    0.067 kHz, avg speed    0.057 kHz), accepted     7768/   50001 events (15.54%)
Processed    60000/  171013 entries, 35.09% (elapsed time  1070.8s, curr speed    0.050 kHz, avg speed    0.056 kHz), accepted     9381/   60001 events (15.63%)
Processed    70000/  171013 entries, 40.93% (elapsed time  1272.8s, curr speed    0.050 kHz, avg speed    0.055 kHz), accepted    10960/   70001 events (15.66%)
Processed    80000/  171013 entries, 46.78% (elapsed time  1411.0s, curr speed    0.072 kHz, avg speed    0.057 kHz), accepted    12485/   80001 events (15.61%)
Processed    90000/  171013 entries, 52.63% (elapsed time  1608.7s, curr speed    0.051 kHz, avg speed    0.056 kHz), accepted    14008/   90001 events (15.56%)
Processed   100000/  171013 entries, 58.48% (elapsed time  1757.7s, curr speed    0.067 kHz, avg speed    0.057 kHz), accepted    15552/  100001 events (15.55%)
Processed   110000/  171013 entries, 64.32% (elapsed time  1952.3s, curr speed    0.051 kHz, avg speed    0.056 kHz), accepted    17048/  110001 events (15.50%)
Processed   120000/  171013 entries, 70.17% (elapsed time  2117.2s, curr speed    0.061 kHz, avg speed    0.057 kHz), accepted    18619/  120001 events (15.52%)
Processed   130000/  171013 entries, 76.02% (elapsed time  2330.0s, curr speed    0.047 kHz, avg speed    0.056 kHz), accepted    20167/  130001 events (15.51%)
Processed   140000/  171013 entries, 81.87% (elapsed time  2540.1s, curr speed    0.048 kHz, avg speed    0.055 kHz), accepted    21694/  140001 events (15.50%)
Processed   150000/  171013 entries, 87.71% (elapsed time  2707.8s, curr speed    0.060 kHz, avg speed    0.055 kHz), accepted    23269/  150001 events (15.51%)
Processed   160000/  171013 entries, 93.56% (elapsed time  2943.9s, curr speed    0.042 kHz, avg speed    0.054 kHz), accepted    24828/  160001 events (15.52%)
Processed   170000/  171013 entries, 99.41% (elapsed time  3125.5s, curr speed    0.055 kHz, avg speed    0.054 kHz), accepted    26399/  170001 events (15.53%)
Processed 171013 preselected entries from root://cms-xrd-global.cern.ch//store/mc/Run3Summer22NanoAODv12/Zto2Nu-4Jets_HT-100to200_TuneCP5_13p6TeV_madgraphMLM-pythia8/NANOAODSIM/130X_mcRun3_2022_realistic_v5-v2/2520000/28ac7d0b-7ad4-49ce-83cc-59bcfcb85eda.root (171013 entries). Finally selected 26545 entries
Done ./28ac7d0b-7ad4-49ce-83cc-59bcfcb85eda_Skim.root
Total time 3233.1 sec. to process 171013 events. Rate = 52.9 Hz.
DONE
/tmp/lfavilla/ZJetsToNuNu_HT100to200_2022/file74
hadd Target file: tree_hadd_74.root
hadd compression setting for all output: 1
hadd Source file 1: tree.root
hadd Source file 2: hist.root
hadd Target path: tree_hadd_74.root:/
hadd Target path: tree_hadd_74.root:/plots
/tmp/lfavilla/ZJetsToNuNu_HT100to200_2022/file74
