Standalone environment set.
/tmp/lfavilla/ZJetsToNuNu_HT100to200_2022/file77
hadd Target file: tree.root
hadd compression setting for all output: 1
hadd Source file 1: ./429f96b7-d492-49c9-96b4-07b32689fc9b_Skim.root
hadd Sources and Target have different compression levels
hadd merging will be slower
hadd Target path: tree.root:/
Will write selected trees to .
Pre-select 176021 entries out of 176021 (100.00%)
Processed    10000/  176021 entries,  5.68% (elapsed time   269.7s, curr speed    0.037 kHz, avg speed    0.037 kHz), accepted     1569/   10001 events (15.69%)
Processed    20000/  176021 entries, 11.36% (elapsed time   530.1s, curr speed    0.038 kHz, avg speed    0.038 kHz), accepted     3079/   20001 events (15.39%)
Processed    30000/  176021 entries, 17.04% (elapsed time   662.4s, curr speed    0.076 kHz, avg speed    0.045 kHz), accepted     4612/   30001 events (15.37%)
Processed    40000/  176021 entries, 22.72% (elapsed time   846.7s, curr speed    0.054 kHz, avg speed    0.047 kHz), accepted     6208/   40001 events (15.52%)
Processed    50000/  176021 entries, 28.41% (elapsed time   986.2s, curr speed    0.072 kHz, avg speed    0.051 kHz), accepted     7809/   50001 events (15.62%)
Processed    60000/  176021 entries, 34.09% (elapsed time  1162.3s, curr speed    0.057 kHz, avg speed    0.052 kHz), accepted     9393/   60001 events (15.65%)
Processed    70000/  176021 entries, 39.77% (elapsed time  1361.2s, curr speed    0.050 kHz, avg speed    0.051 kHz), accepted    10946/   70001 events (15.64%)
Processed    80000/  176021 entries, 45.45% (elapsed time  1510.5s, curr speed    0.067 kHz, avg speed    0.053 kHz), accepted    12461/   80001 events (15.58%)
Processed    90000/  176021 entries, 51.13% (elapsed time  1702.2s, curr speed    0.052 kHz, avg speed    0.053 kHz), accepted    13991/   90001 events (15.55%)
Processed   100000/  176021 entries, 56.81% (elapsed time  1859.9s, curr speed    0.063 kHz, avg speed    0.054 kHz), accepted    15596/  100001 events (15.60%)
Processed   110000/  176021 entries, 62.49% (elapsed time  2043.4s, curr speed    0.054 kHz, avg speed    0.054 kHz), accepted    17118/  110001 events (15.56%)
Processed   120000/  176021 entries, 68.17% (elapsed time  2255.1s, curr speed    0.047 kHz, avg speed    0.053 kHz), accepted    18714/  120001 events (15.59%)
Processed   130000/  176021 entries, 73.85% (elapsed time  2391.2s, curr speed    0.074 kHz, avg speed    0.054 kHz), accepted    20222/  130001 events (15.56%)
Processed   140000/  176021 entries, 79.54% (elapsed time  2607.0s, curr speed    0.046 kHz, avg speed    0.054 kHz), accepted    21801/  140001 events (15.57%)
Processed   150000/  176021 entries, 85.22% (elapsed time  2782.2s, curr speed    0.057 kHz, avg speed    0.054 kHz), accepted    23321/  150001 events (15.55%)
Processed   160000/  176021 entries, 90.90% (elapsed time  3009.4s, curr speed    0.044 kHz, avg speed    0.053 kHz), accepted    24917/  160001 events (15.57%)
Processed   170000/  176021 entries, 96.58% (elapsed time  3239.4s, curr speed    0.043 kHz, avg speed    0.052 kHz), accepted    26509/  170001 events (15.59%)
Processed 176021 preselected entries from root://cms-xrd-global.cern.ch//store/mc/Run3Summer22NanoAODv12/Zto2Nu-4Jets_HT-100to200_TuneCP5_13p6TeV_madgraphMLM-pythia8/NANOAODSIM/130X_mcRun3_2022_realistic_v5-v2/40000/429f96b7-d492-49c9-96b4-07b32689fc9b.root (176021 entries). Finally selected 27426 entries
Done ./429f96b7-d492-49c9-96b4-07b32689fc9b_Skim.root
Total time 3377.7 sec. to process 176021 events. Rate = 52.1 Hz.
DONE
/tmp/lfavilla/ZJetsToNuNu_HT100to200_2022/file77
hadd Target file: tree_hadd_77.root
hadd compression setting for all output: 1
hadd Source file 1: tree.root
hadd Source file 2: hist.root
hadd Target path: tree_hadd_77.root:/
hadd Target path: tree_hadd_77.root:/plots
/tmp/lfavilla/ZJetsToNuNu_HT100to200_2022/file77
