Standalone environment set.
/tmp/lfavilla/ZJetsToNuNu_HT100to200_2022/file79
hadd Target file: tree.root
hadd compression setting for all output: 1
hadd Source file 1: ./d6bcf7f0-fa88-4719-8ce4-cabf18552923_Skim.root
hadd Sources and Target have different compression levels
hadd merging will be slower
hadd Target path: tree.root:/
Will write selected trees to .
Pre-select 145554 entries out of 145554 (100.00%)
Processed    10000/  145554 entries,  6.87% (elapsed time   221.2s, curr speed    0.045 kHz, avg speed    0.045 kHz), accepted     1572/   10001 events (15.72%)
Processed    20000/  145554 entries, 13.74% (elapsed time   422.5s, curr speed    0.050 kHz, avg speed    0.047 kHz), accepted     3116/   20001 events (15.58%)
Processed    30000/  145554 entries, 20.61% (elapsed time   564.9s, curr speed    0.070 kHz, avg speed    0.053 kHz), accepted     4650/   30001 events (15.50%)
Processed    40000/  145554 entries, 27.48% (elapsed time   760.1s, curr speed    0.051 kHz, avg speed    0.053 kHz), accepted     6220/   40001 events (15.55%)
Processed    50000/  145554 entries, 34.35% (elapsed time   918.1s, curr speed    0.063 kHz, avg speed    0.054 kHz), accepted     7768/   50001 events (15.54%)
Processed    60000/  145554 entries, 41.22% (elapsed time  1107.2s, curr speed    0.053 kHz, avg speed    0.054 kHz), accepted     9291/   60001 events (15.48%)
Processed    70000/  145554 entries, 48.09% (elapsed time  1303.3s, curr speed    0.051 kHz, avg speed    0.054 kHz), accepted    10852/   70001 events (15.50%)
Processed    80000/  145554 entries, 54.96% (elapsed time  1441.7s, curr speed    0.072 kHz, avg speed    0.055 kHz), accepted    12406/   80001 events (15.51%)
Processed    90000/  145554 entries, 61.83% (elapsed time  1635.3s, curr speed    0.052 kHz, avg speed    0.055 kHz), accepted    14017/   90001 events (15.57%)
Processed   100000/  145554 entries, 68.70% (elapsed time  1784.0s, curr speed    0.067 kHz, avg speed    0.056 kHz), accepted    15519/  100001 events (15.52%)
Processed   110000/  145554 entries, 75.57% (elapsed time  1979.0s, curr speed    0.051 kHz, avg speed    0.056 kHz), accepted    17094/  110001 events (15.54%)
Processed   120000/  145554 entries, 82.44% (elapsed time  2176.1s, curr speed    0.051 kHz, avg speed    0.055 kHz), accepted    18631/  120001 events (15.53%)
Processed   130000/  145554 entries, 89.31% (elapsed time  2312.9s, curr speed    0.073 kHz, avg speed    0.056 kHz), accepted    20230/  130001 events (15.56%)
Processed   140000/  145554 entries, 96.18% (elapsed time  2519.4s, curr speed    0.048 kHz, avg speed    0.056 kHz), accepted    21831/  140001 events (15.59%)
Processed 145554 preselected entries from root://cms-xrd-global.cern.ch//store/mc/Run3Summer22NanoAODv12/Zto2Nu-4Jets_HT-100to200_TuneCP5_13p6TeV_madgraphMLM-pythia8/NANOAODSIM/130X_mcRun3_2022_realistic_v5-v2/2530000/d6bcf7f0-fa88-4719-8ce4-cabf18552923.root (145554 entries). Finally selected 22717 entries
Done ./d6bcf7f0-fa88-4719-8ce4-cabf18552923_Skim.root
Total time 2661.8 sec. to process 145554 events. Rate = 54.7 Hz.
DONE
/tmp/lfavilla/ZJetsToNuNu_HT100to200_2022/file79
hadd Target file: tree_hadd_79.root
hadd compression setting for all output: 1
hadd Source file 1: tree.root
hadd Source file 2: hist.root
hadd Target path: tree_hadd_79.root:/
hadd Target path: tree_hadd_79.root:/plots
/tmp/lfavilla/ZJetsToNuNu_HT100to200_2022/file79
