Standalone environment set.
/tmp/lfavilla/ZJetsToNuNu_HT100to200_2022/file4
hadd Target file: tree.root
hadd compression setting for all output: 1
hadd Source file 1: ./d9f3c578-7444-4fa9-8335-4f7bb7919153_Skim.root
hadd Sources and Target have different compression levels
hadd merging will be slower
hadd Target path: tree.root:/
Will write selected trees to .
Pre-select 78719 entries out of 78719 (100.00%)
Processed    10000/   78719 entries, 12.70% (elapsed time   229.5s, curr speed    0.044 kHz, avg speed    0.044 kHz), accepted     1569/   10001 events (15.69%)
Processed    20000/   78719 entries, 25.41% (elapsed time   421.0s, curr speed    0.052 kHz, avg speed    0.048 kHz), accepted     3128/   20001 events (15.64%)
Processed    30000/   78719 entries, 38.11% (elapsed time   564.7s, curr speed    0.070 kHz, avg speed    0.053 kHz), accepted     4741/   30001 events (15.80%)
Processed    40000/   78719 entries, 50.81% (elapsed time   767.4s, curr speed    0.049 kHz, avg speed    0.052 kHz), accepted     6357/   40001 events (15.89%)
Processed    50000/   78719 entries, 63.52% (elapsed time   919.6s, curr speed    0.066 kHz, avg speed    0.054 kHz), accepted     7911/   50001 events (15.82%)
Processed    60000/   78719 entries, 76.22% (elapsed time  1109.4s, curr speed    0.053 kHz, avg speed    0.054 kHz), accepted     9461/   60001 events (15.77%)
Processed    70000/   78719 entries, 88.92% (elapsed time  1308.2s, curr speed    0.050 kHz, avg speed    0.054 kHz), accepted    11109/   70001 events (15.87%)
Processed 78719 preselected entries from root://cms-xrd-global.cern.ch//store/mc/Run3Summer22NanoAODv12/Zto2Nu-4Jets_HT-100to200_TuneCP5_13p6TeV_madgraphMLM-pythia8/NANOAODSIM/130X_mcRun3_2022_realistic_v5-v2/2530000/d9f3c578-7444-4fa9-8335-4f7bb7919153.root (78719 entries). Finally selected 12452 entries
Done ./d9f3c578-7444-4fa9-8335-4f7bb7919153_Skim.root
Total time 1462.4 sec. to process 78719 events. Rate = 53.8 Hz.
DONE
/tmp/lfavilla/ZJetsToNuNu_HT100to200_2022/file4
hadd Target file: tree_hadd_4.root
hadd compression setting for all output: 1
hadd Source file 1: tree.root
hadd Source file 2: hist.root
hadd Target path: tree_hadd_4.root:/
hadd Target path: tree_hadd_4.root:/plots
/tmp/lfavilla/ZJetsToNuNu_HT100to200_2022/file4
