Standalone environment set.
/tmp/lfavilla/ZJetsToNuNu_HT100to200_2022/file200
hadd Target file: tree.root
hadd compression setting for all output: 1
hadd Source file 1: ./41beafd6-2fdc-4e0d-b30e-720bf2d78f44_Skim.root
hadd Sources and Target have different compression levels
hadd merging will be slower
hadd Target path: tree.root:/
Will write selected trees to .
Pre-select 171524 entries out of 171524 (100.00%)
Processed    10000/  171524 entries,  5.83% (elapsed time   243.2s, curr speed    0.041 kHz, avg speed    0.041 kHz), accepted     1479/   10001 events (14.79%)
Processed    20000/  171524 entries, 11.66% (elapsed time   456.7s, curr speed    0.047 kHz, avg speed    0.044 kHz), accepted     3025/   20001 events (15.12%)
Processed    30000/  171524 entries, 17.49% (elapsed time   616.8s, curr speed    0.062 kHz, avg speed    0.049 kHz), accepted     4516/   30001 events (15.05%)
Processed    40000/  171524 entries, 23.32% (elapsed time   841.2s, curr speed    0.045 kHz, avg speed    0.048 kHz), accepted     6069/   40001 events (15.17%)
Processed    50000/  171524 entries, 29.15% (elapsed time  1019.9s, curr speed    0.056 kHz, avg speed    0.049 kHz), accepted     7638/   50001 events (15.28%)
Processed    60000/  171524 entries, 34.98% (elapsed time  1237.9s, curr speed    0.046 kHz, avg speed    0.048 kHz), accepted     9190/   60001 events (15.32%)
Processed    70000/  171524 entries, 40.81% (elapsed time  1477.7s, curr speed    0.042 kHz, avg speed    0.047 kHz), accepted    10752/   70001 events (15.36%)
Processed    80000/  171524 entries, 46.64% (elapsed time  1650.6s, curr speed    0.058 kHz, avg speed    0.048 kHz), accepted    12347/   80001 events (15.43%)
Processed    90000/  171524 entries, 52.47% (elapsed time  1882.6s, curr speed    0.043 kHz, avg speed    0.048 kHz), accepted    13897/   90001 events (15.44%)
Processed   100000/  171524 entries, 58.30% (elapsed time  2062.0s, curr speed    0.056 kHz, avg speed    0.048 kHz), accepted    15470/  100001 events (15.47%)
Processed   110000/  171524 entries, 64.13% (elapsed time  2293.5s, curr speed    0.043 kHz, avg speed    0.048 kHz), accepted    16968/  110001 events (15.43%)
Processed   120000/  171524 entries, 69.96% (elapsed time  2484.7s, curr speed    0.052 kHz, avg speed    0.048 kHz), accepted    18538/  120001 events (15.45%)
Processed   130000/  171524 entries, 75.79% (elapsed time  2717.2s, curr speed    0.043 kHz, avg speed    0.048 kHz), accepted    20108/  130001 events (15.47%)
Processed   140000/  171524 entries, 81.62% (elapsed time  2947.8s, curr speed    0.043 kHz, avg speed    0.047 kHz), accepted    21681/  140001 events (15.49%)
Processed   150000/  171524 entries, 87.45% (elapsed time  3119.3s, curr speed    0.058 kHz, avg speed    0.048 kHz), accepted    23245/  150001 events (15.50%)
Processed   160000/  171524 entries, 93.28% (elapsed time  3362.6s, curr speed    0.041 kHz, avg speed    0.048 kHz), accepted    24782/  160001 events (15.49%)
Processed   170000/  171524 entries, 99.11% (elapsed time  3564.1s, curr speed    0.050 kHz, avg speed    0.048 kHz), accepted    26336/  170001 events (15.49%)
Processed 171524 preselected entries from root://cms-xrd-global.cern.ch//store/mc/Run3Summer22NanoAODv12/Zto2Nu-4Jets_HT-100to200_TuneCP5_13p6TeV_madgraphMLM-pythia8/NANOAODSIM/130X_mcRun3_2022_realistic_v5-v2/2530000/41beafd6-2fdc-4e0d-b30e-720bf2d78f44.root (171524 entries). Finally selected 26567 entries
Done ./41beafd6-2fdc-4e0d-b30e-720bf2d78f44_Skim.root
Total time 3682.6 sec. to process 171524 events. Rate = 46.6 Hz.
DONE
/tmp/lfavilla/ZJetsToNuNu_HT100to200_2022/file200
hadd Target file: tree_hadd_200.root
hadd compression setting for all output: 1
hadd Source file 1: tree.root
hadd Source file 2: hist.root
hadd Target path: tree_hadd_200.root:/
hadd Target path: tree_hadd_200.root:/plots
/tmp/lfavilla/ZJetsToNuNu_HT100to200_2022/file200
