Standalone environment set.
/tmp/lfavilla/ZJetsToNuNu_HT100to200_2022/file222
hadd Target file: tree.root
hadd compression setting for all output: 1
hadd Source file 1: ./05055901-540f-41f3-859f-405a5b1a1421_Skim.root
hadd Sources and Target have different compression levels
hadd merging will be slower
hadd Target path: tree.root:/
Will write selected trees to .
Pre-select 179949 entries out of 179949 (100.00%)
Processed    10000/  179949 entries,  5.56% (elapsed time   279.3s, curr speed    0.036 kHz, avg speed    0.036 kHz), accepted     1548/   10001 events (15.48%)
Processed    20000/  179949 entries, 11.11% (elapsed time   539.0s, curr speed    0.039 kHz, avg speed    0.037 kHz), accepted     3085/   20001 events (15.42%)
Processed    30000/  179949 entries, 16.67% (elapsed time   716.0s, curr speed    0.056 kHz, avg speed    0.042 kHz), accepted     4598/   30001 events (15.33%)
Processed    40000/  179949 entries, 22.23% (elapsed time   981.0s, curr speed    0.038 kHz, avg speed    0.041 kHz), accepted     6163/   40001 events (15.41%)
Processed    50000/  179949 entries, 27.79% (elapsed time  1173.9s, curr speed    0.052 kHz, avg speed    0.043 kHz), accepted     7735/   50001 events (15.47%)
Processed    60000/  179949 entries, 33.34% (elapsed time  1441.4s, curr speed    0.037 kHz, avg speed    0.042 kHz), accepted     9277/   60001 events (15.46%)
Processed    70000/  179949 entries, 38.90% (elapsed time  1893.9s, curr speed    0.022 kHz, avg speed    0.037 kHz), accepted    10791/   70001 events (15.42%)
Processed    80000/  179949 entries, 44.46% (elapsed time  2244.0s, curr speed    0.029 kHz, avg speed    0.036 kHz), accepted    12292/   80001 events (15.36%)
Processed    90000/  179949 entries, 50.01% (elapsed time  2845.2s, curr speed    0.017 kHz, avg speed    0.032 kHz), accepted    13883/   90001 events (15.43%)
Processed   100000/  179949 entries, 55.57% (elapsed time  3243.9s, curr speed    0.025 kHz, avg speed    0.031 kHz), accepted    15474/  100001 events (15.47%)
Processed   110000/  179949 entries, 61.13% (elapsed time  3801.1s, curr speed    0.018 kHz, avg speed    0.029 kHz), accepted    16996/  110001 events (15.45%)
Processed   120000/  179949 entries, 66.69% (elapsed time  4411.1s, curr speed    0.016 kHz, avg speed    0.027 kHz), accepted    18607/  120001 events (15.51%)
Processed   130000/  179949 entries, 72.24% (elapsed time  4770.3s, curr speed    0.028 kHz, avg speed    0.027 kHz), accepted    20217/  130001 events (15.55%)
Processed   140000/  179949 entries, 77.80% (elapsed time  5375.2s, curr speed    0.017 kHz, avg speed    0.026 kHz), accepted    21808/  140001 events (15.58%)
Processed   150000/  179949 entries, 83.36% (elapsed time  5776.3s, curr speed    0.025 kHz, avg speed    0.026 kHz), accepted    23305/  150001 events (15.54%)
Processed   160000/  179949 entries, 88.91% (elapsed time  6327.5s, curr speed    0.018 kHz, avg speed    0.025 kHz), accepted    24836/  160001 events (15.52%)
Processed   170000/  179949 entries, 94.47% (elapsed time  6933.1s, curr speed    0.017 kHz, avg speed    0.025 kHz), accepted    26384/  170001 events (15.52%)
Processed 179949 preselected entries from root://cms-xrd-global.cern.ch//store/mc/Run3Summer22NanoAODv12/Zto2Nu-4Jets_HT-100to200_TuneCP5_13p6TeV_madgraphMLM-pythia8/NANOAODSIM/130X_mcRun3_2022_realistic_v5-v2/2520000/05055901-540f-41f3-859f-405a5b1a1421.root (179949 entries). Finally selected 27936 entries
Done ./05055901-540f-41f3-859f-405a5b1a1421_Skim.root
Total time 7349.6 sec. to process 179949 events. Rate = 24.5 Hz.
DONE
/tmp/lfavilla/ZJetsToNuNu_HT100to200_2022/file222
hadd Target file: tree_hadd_222.root
hadd compression setting for all output: 1
hadd Source file 1: tree.root
hadd Source file 2: hist.root
hadd Target path: tree_hadd_222.root:/
hadd Target path: tree_hadd_222.root:/plots
/tmp/lfavilla/ZJetsToNuNu_HT100to200_2022/file222
