Standalone environment set.
/tmp/lfavilla/ZJetsToNuNu_HT100to200_2022/file37
hadd Target file: tree.root
hadd compression setting for all output: 1
hadd Source file 1: ./93fe4640-38ef-45dc-bac2-240cb9147e28_Skim.root
hadd Sources and Target have different compression levels
hadd merging will be slower
hadd Target path: tree.root:/
Will write selected trees to .
Pre-select 36693 entries out of 36693 (100.00%)
Processed    10000/   36693 entries, 27.25% (elapsed time   223.4s, curr speed    0.045 kHz, avg speed    0.045 kHz), accepted     1610/   10001 events (16.10%)
Processed    20000/   36693 entries, 54.51% (elapsed time   415.8s, curr speed    0.052 kHz, avg speed    0.048 kHz), accepted     3132/   20001 events (15.66%)
Processed    30000/   36693 entries, 81.76% (elapsed time   559.2s, curr speed    0.070 kHz, avg speed    0.054 kHz), accepted     4634/   30001 events (15.45%)
Processed 36693 preselected entries from root://cms-xrd-global.cern.ch//store/mc/Run3Summer22NanoAODv12/Zto2Nu-4Jets_HT-100to200_TuneCP5_13p6TeV_madgraphMLM-pythia8/NANOAODSIM/130X_mcRun3_2022_realistic_v5-v2/2540000/93fe4640-38ef-45dc-bac2-240cb9147e28.root (36693 entries). Finally selected 5669 entries
Done ./93fe4640-38ef-45dc-bac2-240cb9147e28_Skim.root
Total time 689.6 sec. to process 36693 events. Rate = 53.2 Hz.
DONE
/tmp/lfavilla/ZJetsToNuNu_HT100to200_2022/file37
hadd Target file: tree_hadd_37.root
hadd compression setting for all output: 1
hadd Source file 1: tree.root
hadd Source file 2: hist.root
hadd Target path: tree_hadd_37.root:/
hadd Target path: tree_hadd_37.root:/plots
/tmp/lfavilla/ZJetsToNuNu_HT100to200_2022/file37
