Standalone environment set.
/tmp/lfavilla/ZJetsToNuNu_HT100to200_2022/file56
hadd Target file: tree.root
hadd compression setting for all output: 1
hadd Source file 1: ./516a86bd-8ae7-4e61-bf06-eb77a11bd962_Skim.root
hadd Sources and Target have different compression levels
hadd merging will be slower
hadd Target path: tree.root:/
Will write selected trees to .
Pre-select 170339 entries out of 170339 (100.00%)
Processed    10000/  170339 entries,  5.87% (elapsed time   259.0s, curr speed    0.039 kHz, avg speed    0.039 kHz), accepted     1519/   10001 events (15.19%)
Processed    20000/  170339 entries, 11.74% (elapsed time   500.2s, curr speed    0.041 kHz, avg speed    0.040 kHz), accepted     3137/   20001 events (15.68%)
Processed    30000/  170339 entries, 17.61% (elapsed time   680.9s, curr speed    0.055 kHz, avg speed    0.044 kHz), accepted     4674/   30001 events (15.58%)
Processed    40000/  170339 entries, 23.48% (elapsed time   923.2s, curr speed    0.041 kHz, avg speed    0.043 kHz), accepted     6216/   40001 events (15.54%)
Processed    50000/  170339 entries, 29.35% (elapsed time  1114.0s, curr speed    0.052 kHz, avg speed    0.045 kHz), accepted     7776/   50001 events (15.55%)
Processed    60000/  170339 entries, 35.22% (elapsed time  1342.9s, curr speed    0.044 kHz, avg speed    0.045 kHz), accepted     9297/   60001 events (15.49%)
Processed    70000/  170339 entries, 41.09% (elapsed time  1588.8s, curr speed    0.041 kHz, avg speed    0.044 kHz), accepted    10840/   70001 events (15.49%)
Processed    80000/  170339 entries, 46.97% (elapsed time  1760.3s, curr speed    0.058 kHz, avg speed    0.045 kHz), accepted    12417/   80001 events (15.52%)
Processed    90000/  170339 entries, 52.84% (elapsed time  2007.3s, curr speed    0.040 kHz, avg speed    0.045 kHz), accepted    14026/   90001 events (15.58%)
Processed   100000/  170339 entries, 58.71% (elapsed time  2202.7s, curr speed    0.051 kHz, avg speed    0.045 kHz), accepted    15564/  100001 events (15.56%)
Processed   110000/  170339 entries, 64.58% (elapsed time  2471.8s, curr speed    0.037 kHz, avg speed    0.045 kHz), accepted    17108/  110001 events (15.55%)
Processed   120000/  170339 entries, 70.45% (elapsed time  2697.3s, curr speed    0.044 kHz, avg speed    0.044 kHz), accepted    18645/  120001 events (15.54%)
Processed   130000/  170339 entries, 76.32% (elapsed time  2967.7s, curr speed    0.037 kHz, avg speed    0.044 kHz), accepted    20222/  130001 events (15.56%)
Processed   140000/  170339 entries, 82.19% (elapsed time  3258.6s, curr speed    0.034 kHz, avg speed    0.043 kHz), accepted    21853/  140001 events (15.61%)
Processed   150000/  170339 entries, 88.06% (elapsed time  3470.7s, curr speed    0.047 kHz, avg speed    0.043 kHz), accepted    23398/  150001 events (15.60%)
Processed   160000/  170339 entries, 93.93% (elapsed time  3745.8s, curr speed    0.036 kHz, avg speed    0.043 kHz), accepted    25008/  160001 events (15.63%)
Processed   170000/  170339 entries, 99.80% (elapsed time  3959.9s, curr speed    0.047 kHz, avg speed    0.043 kHz), accepted    26670/  170001 events (15.69%)
Processed 170339 preselected entries from root://cms-xrd-global.cern.ch//store/mc/Run3Summer22NanoAODv12/Zto2Nu-4Jets_HT-100to200_TuneCP5_13p6TeV_madgraphMLM-pythia8/NANOAODSIM/130X_mcRun3_2022_realistic_v5-v2/2520000/516a86bd-8ae7-4e61-bf06-eb77a11bd962.root (170339 entries). Finally selected 26721 entries
Done ./516a86bd-8ae7-4e61-bf06-eb77a11bd962_Skim.root
Total time 4044.3 sec. to process 170339 events. Rate = 42.1 Hz.
DONE
/tmp/lfavilla/ZJetsToNuNu_HT100to200_2022/file56
hadd Target file: tree_hadd_56.root
hadd compression setting for all output: 1
hadd Source file 1: tree.root
hadd Source file 2: hist.root
hadd Target path: tree_hadd_56.root:/
hadd Target path: tree_hadd_56.root:/plots
/tmp/lfavilla/ZJetsToNuNu_HT100to200_2022/file56
