Standalone environment set.
/tmp/lfavilla/ZJetsToNuNu_HT100to200_2022/file15
hadd Target file: tree.root
hadd compression setting for all output: 1
hadd Source file 1: ./f033ae79-98e5-40fb-af26-70276f096793_Skim.root
hadd Sources and Target have different compression levels
hadd merging will be slower
hadd Target path: tree.root:/
Will write selected trees to .
Pre-select 177264 entries out of 177264 (100.00%)
Processed    10000/  177264 entries,  5.64% (elapsed time   224.2s, curr speed    0.045 kHz, avg speed    0.045 kHz), accepted     1530/   10001 events (15.30%)
Processed    20000/  177264 entries, 11.28% (elapsed time   416.2s, curr speed    0.052 kHz, avg speed    0.048 kHz), accepted     3090/   20001 events (15.45%)
Processed    30000/  177264 entries, 16.92% (elapsed time   561.9s, curr speed    0.069 kHz, avg speed    0.053 kHz), accepted     4714/   30001 events (15.71%)
Processed    40000/  177264 entries, 22.57% (elapsed time   765.1s, curr speed    0.049 kHz, avg speed    0.052 kHz), accepted     6236/   40001 events (15.59%)
Processed    50000/  177264 entries, 28.21% (elapsed time   921.2s, curr speed    0.064 kHz, avg speed    0.054 kHz), accepted     7776/   50001 events (15.55%)
Processed    60000/  177264 entries, 33.85% (elapsed time  1111.3s, curr speed    0.053 kHz, avg speed    0.054 kHz), accepted     9294/   60001 events (15.49%)
Processed    70000/  177264 entries, 39.49% (elapsed time  1315.6s, curr speed    0.049 kHz, avg speed    0.053 kHz), accepted    10880/   70001 events (15.54%)
Processed    80000/  177264 entries, 45.13% (elapsed time  1463.7s, curr speed    0.067 kHz, avg speed    0.055 kHz), accepted    12441/   80001 events (15.55%)
Processed    90000/  177264 entries, 50.77% (elapsed time  1669.5s, curr speed    0.049 kHz, avg speed    0.054 kHz), accepted    14017/   90001 events (15.57%)
Processed   100000/  177264 entries, 56.41% (elapsed time  1820.6s, curr speed    0.066 kHz, avg speed    0.055 kHz), accepted    15513/  100001 events (15.51%)
Processed   110000/  177264 entries, 62.05% (elapsed time  2012.1s, curr speed    0.052 kHz, avg speed    0.055 kHz), accepted    17142/  110001 events (15.58%)
Processed   120000/  177264 entries, 67.70% (elapsed time  2216.6s, curr speed    0.049 kHz, avg speed    0.054 kHz), accepted    18677/  120001 events (15.56%)
Processed   130000/  177264 entries, 73.34% (elapsed time  2367.4s, curr speed    0.066 kHz, avg speed    0.055 kHz), accepted    20225/  130001 events (15.56%)
Processed   140000/  177264 entries, 78.98% (elapsed time  2570.6s, curr speed    0.049 kHz, avg speed    0.054 kHz), accepted    21795/  140001 events (15.57%)
Processed   150000/  177264 entries, 84.62% (elapsed time  2737.1s, curr speed    0.060 kHz, avg speed    0.055 kHz), accepted    23388/  150001 events (15.59%)
Processed   160000/  177264 entries, 90.26% (elapsed time  2937.4s, curr speed    0.050 kHz, avg speed    0.054 kHz), accepted    24974/  160001 events (15.61%)
Processed   170000/  177264 entries, 95.90% (elapsed time  3105.6s, curr speed    0.059 kHz, avg speed    0.055 kHz), accepted    26546/  170001 events (15.62%)
Processed 177264 preselected entries from root://cms-xrd-global.cern.ch//store/mc/Run3Summer22NanoAODv12/Zto2Nu-4Jets_HT-100to200_TuneCP5_13p6TeV_madgraphMLM-pythia8/NANOAODSIM/130X_mcRun3_2022_realistic_v5-v2/30000/f033ae79-98e5-40fb-af26-70276f096793.root (177264 entries). Finally selected 27658 entries
Done ./f033ae79-98e5-40fb-af26-70276f096793_Skim.root
Total time 3342.2 sec. to process 177264 events. Rate = 53.0 Hz.
DONE
/tmp/lfavilla/ZJetsToNuNu_HT100to200_2022/file15
hadd Target file: tree_hadd_15.root
hadd compression setting for all output: 1
hadd Source file 1: tree.root
hadd Source file 2: hist.root
hadd Target path: tree_hadd_15.root:/
hadd Target path: tree_hadd_15.root:/plots
/tmp/lfavilla/ZJetsToNuNu_HT100to200_2022/file15
