Standalone environment set.
/tmp/lfavilla/ZJetsToNuNu_HT100to200_2022/file192
hadd Target file: tree.root
hadd compression setting for all output: 1
hadd Source file 1: ./2b3bb0ec-a270-4173-acb7-378a24951742_Skim.root
hadd Sources and Target have different compression levels
hadd merging will be slower
hadd Target path: tree.root:/
Will write selected trees to .
Pre-select 126774 entries out of 126774 (100.00%)
Processed    10000/  126774 entries,  7.89% (elapsed time   236.1s, curr speed    0.042 kHz, avg speed    0.042 kHz), accepted     1553/   10001 events (15.53%)
Processed    20000/  126774 entries, 15.78% (elapsed time   451.0s, curr speed    0.047 kHz, avg speed    0.044 kHz), accepted     3113/   20001 events (15.56%)
Processed    30000/  126774 entries, 23.66% (elapsed time   622.4s, curr speed    0.058 kHz, avg speed    0.048 kHz), accepted     4733/   30001 events (15.78%)
Processed    40000/  126774 entries, 31.55% (elapsed time   848.9s, curr speed    0.044 kHz, avg speed    0.047 kHz), accepted     6326/   40001 events (15.81%)
Processed    50000/  126774 entries, 39.44% (elapsed time  1077.7s, curr speed    0.044 kHz, avg speed    0.046 kHz), accepted     7825/   50001 events (15.65%)
Processed    60000/  126774 entries, 47.33% (elapsed time  1258.9s, curr speed    0.055 kHz, avg speed    0.048 kHz), accepted     9449/   60001 events (15.75%)
Processed    70000/  126774 entries, 55.22% (elapsed time  1493.1s, curr speed    0.043 kHz, avg speed    0.047 kHz), accepted    10966/   70001 events (15.67%)
Processed    80000/  126774 entries, 63.10% (elapsed time  1675.0s, curr speed    0.055 kHz, avg speed    0.048 kHz), accepted    12565/   80001 events (15.71%)
Processed    90000/  126774 entries, 70.99% (elapsed time  1918.0s, curr speed    0.041 kHz, avg speed    0.047 kHz), accepted    14157/   90001 events (15.73%)
Processed   100000/  126774 entries, 78.88% (elapsed time  2175.6s, curr speed    0.039 kHz, avg speed    0.046 kHz), accepted    15635/  100001 events (15.63%)
Processed   110000/  126774 entries, 86.77% (elapsed time  2346.0s, curr speed    0.059 kHz, avg speed    0.047 kHz), accepted    17132/  110001 events (15.57%)
Processed   120000/  126774 entries, 94.66% (elapsed time  2591.8s, curr speed    0.041 kHz, avg speed    0.046 kHz), accepted    18664/  120001 events (15.55%)
Processed 126774 preselected entries from root://cms-xrd-global.cern.ch//store/mc/Run3Summer22NanoAODv12/Zto2Nu-4Jets_HT-100to200_TuneCP5_13p6TeV_madgraphMLM-pythia8/NANOAODSIM/130X_mcRun3_2022_realistic_v5-v2/40000/2b3bb0ec-a270-4173-acb7-378a24951742.root (126774 entries). Finally selected 19713 entries
Done ./2b3bb0ec-a270-4173-acb7-378a24951742_Skim.root
Total time 2774.1 sec. to process 126774 events. Rate = 45.7 Hz.
DONE
/tmp/lfavilla/ZJetsToNuNu_HT100to200_2022/file192
hadd Target file: tree_hadd_192.root
hadd compression setting for all output: 1
hadd Source file 1: tree.root
hadd Source file 2: hist.root
hadd Target path: tree_hadd_192.root:/
hadd Target path: tree_hadd_192.root:/plots
/tmp/lfavilla/ZJetsToNuNu_HT100to200_2022/file192
