Standalone environment set.
/tmp/lfavilla/ZJetsToNuNu_HT100to200_2022/file160
hadd Target file: tree.root
hadd compression setting for all output: 1
hadd Source file 1: ./8998fce6-cc2a-4ee1-b71e-a2ff09c3b181_Skim.root
hadd Sources and Target have different compression levels
hadd merging will be slower
hadd Target path: tree.root:/
Will write selected trees to .
Pre-select 175097 entries out of 175097 (100.00%)
Processed    10000/  175097 entries,  5.71% (elapsed time   220.9s, curr speed    0.045 kHz, avg speed    0.045 kHz), accepted     1530/   10001 events (15.30%)
Processed    20000/  175097 entries, 11.42% (elapsed time   412.0s, curr speed    0.052 kHz, avg speed    0.049 kHz), accepted     3115/   20001 events (15.57%)
Processed    30000/  175097 entries, 17.13% (elapsed time   550.8s, curr speed    0.072 kHz, avg speed    0.054 kHz), accepted     4735/   30001 events (15.78%)
Processed    40000/  175097 entries, 22.84% (elapsed time   749.1s, curr speed    0.050 kHz, avg speed    0.053 kHz), accepted     6255/   40001 events (15.64%)
Processed    50000/  175097 entries, 28.56% (elapsed time   897.1s, curr speed    0.068 kHz, avg speed    0.056 kHz), accepted     7793/   50001 events (15.59%)
Processed    60000/  175097 entries, 34.27% (elapsed time  1077.7s, curr speed    0.055 kHz, avg speed    0.056 kHz), accepted     9372/   60001 events (15.62%)
Processed    70000/  175097 entries, 39.98% (elapsed time  1281.3s, curr speed    0.049 kHz, avg speed    0.055 kHz), accepted    10988/   70001 events (15.70%)
Processed    80000/  175097 entries, 45.69% (elapsed time  1429.4s, curr speed    0.068 kHz, avg speed    0.056 kHz), accepted    12572/   80001 events (15.71%)
Processed    90000/  175097 entries, 51.40% (elapsed time  1636.0s, curr speed    0.048 kHz, avg speed    0.055 kHz), accepted    14162/   90001 events (15.74%)
Processed   100000/  175097 entries, 57.11% (elapsed time  1781.0s, curr speed    0.069 kHz, avg speed    0.056 kHz), accepted    15694/  100001 events (15.69%)
Processed   110000/  175097 entries, 62.82% (elapsed time  1991.8s, curr speed    0.047 kHz, avg speed    0.055 kHz), accepted    17351/  110001 events (15.77%)
Processed   120000/  175097 entries, 68.53% (elapsed time  2158.8s, curr speed    0.060 kHz, avg speed    0.056 kHz), accepted    18926/  120001 events (15.77%)
Processed   130000/  175097 entries, 74.24% (elapsed time  2367.6s, curr speed    0.048 kHz, avg speed    0.055 kHz), accepted    20493/  130001 events (15.76%)
Processed   140000/  175097 entries, 79.96% (elapsed time  2591.3s, curr speed    0.045 kHz, avg speed    0.054 kHz), accepted    21928/  140001 events (15.66%)
Processed   150000/  175097 entries, 85.67% (elapsed time  2743.2s, curr speed    0.066 kHz, avg speed    0.055 kHz), accepted    23505/  150001 events (15.67%)
Processed   160000/  175097 entries, 91.38% (elapsed time  2975.4s, curr speed    0.043 kHz, avg speed    0.054 kHz), accepted    25050/  160001 events (15.66%)
Processed   170000/  175097 entries, 97.09% (elapsed time  3142.1s, curr speed    0.060 kHz, avg speed    0.054 kHz), accepted    26561/  170001 events (15.62%)
Processed 175097 preselected entries from root://cms-xrd-global.cern.ch//store/mc/Run3Summer22NanoAODv12/Zto2Nu-4Jets_HT-100to200_TuneCP5_13p6TeV_madgraphMLM-pythia8/NANOAODSIM/130X_mcRun3_2022_realistic_v5-v2/30000/8998fce6-cc2a-4ee1-b71e-a2ff09c3b181.root (175097 entries). Finally selected 27308 entries
Done ./8998fce6-cc2a-4ee1-b71e-a2ff09c3b181_Skim.root
Total time 3291.1 sec. to process 175097 events. Rate = 53.2 Hz.
DONE
/tmp/lfavilla/ZJetsToNuNu_HT100to200_2022/file160
hadd Target file: tree_hadd_160.root
hadd compression setting for all output: 1
hadd Source file 1: tree.root
hadd Source file 2: hist.root
hadd Target path: tree_hadd_160.root:/
hadd Target path: tree_hadd_160.root:/plots
/tmp/lfavilla/ZJetsToNuNu_HT100to200_2022/file160
