Standalone environment set.
/tmp/lfavilla/ZJetsToNuNu_HT100to200_2022/file175
hadd Target file: tree.root
hadd compression setting for all output: 1
hadd Source file 1: ./acd8f04d-7212-4593-a1a1-3ef8d617b7a9_Skim.root
hadd Sources and Target have different compression levels
hadd merging will be slower
hadd Target path: tree.root:/
Will write selected trees to .
Pre-select 174933 entries out of 174933 (100.00%)
Processed    10000/  174933 entries,  5.72% (elapsed time   233.4s, curr speed    0.043 kHz, avg speed    0.043 kHz), accepted     1534/   10001 events (15.34%)
Processed    20000/  174933 entries, 11.43% (elapsed time   435.4s, curr speed    0.050 kHz, avg speed    0.046 kHz), accepted     3111/   20001 events (15.55%)
Processed    30000/  174933 entries, 17.15% (elapsed time   587.0s, curr speed    0.066 kHz, avg speed    0.051 kHz), accepted     4676/   30001 events (15.59%)
Processed    40000/  174933 entries, 22.87% (elapsed time   795.6s, curr speed    0.048 kHz, avg speed    0.050 kHz), accepted     6229/   40001 events (15.57%)
Processed    50000/  174933 entries, 28.58% (elapsed time   958.7s, curr speed    0.061 kHz, avg speed    0.052 kHz), accepted     7776/   50001 events (15.55%)
Processed    60000/  174933 entries, 34.30% (elapsed time  1162.6s, curr speed    0.049 kHz, avg speed    0.052 kHz), accepted     9346/   60001 events (15.58%)
Processed    70000/  174933 entries, 40.02% (elapsed time  1373.5s, curr speed    0.047 kHz, avg speed    0.051 kHz), accepted    10885/   70001 events (15.55%)
Processed    80000/  174933 entries, 45.73% (elapsed time  1535.7s, curr speed    0.062 kHz, avg speed    0.052 kHz), accepted    12418/   80001 events (15.52%)
Processed    90000/  174933 entries, 51.45% (elapsed time  1760.7s, curr speed    0.044 kHz, avg speed    0.051 kHz), accepted    13980/   90001 events (15.53%)
Processed   100000/  174933 entries, 57.16% (elapsed time  1928.1s, curr speed    0.060 kHz, avg speed    0.052 kHz), accepted    15551/  100001 events (15.55%)
Processed   110000/  174933 entries, 62.88% (elapsed time  2138.2s, curr speed    0.048 kHz, avg speed    0.051 kHz), accepted    17063/  110001 events (15.51%)
Processed   120000/  174933 entries, 68.60% (elapsed time  2375.9s, curr speed    0.042 kHz, avg speed    0.051 kHz), accepted    18615/  120001 events (15.51%)
Processed   130000/  174933 entries, 74.31% (elapsed time  2540.1s, curr speed    0.061 kHz, avg speed    0.051 kHz), accepted    20165/  130001 events (15.51%)
Processed   140000/  174933 entries, 80.03% (elapsed time  2764.0s, curr speed    0.045 kHz, avg speed    0.051 kHz), accepted    21723/  140001 events (15.52%)
Processed   150000/  174933 entries, 85.75% (elapsed time  2936.4s, curr speed    0.058 kHz, avg speed    0.051 kHz), accepted    23313/  150001 events (15.54%)
Processed   160000/  174933 entries, 91.46% (elapsed time  3160.0s, curr speed    0.045 kHz, avg speed    0.051 kHz), accepted    24935/  160001 events (15.58%)
Processed   170000/  174933 entries, 97.18% (elapsed time  3337.7s, curr speed    0.056 kHz, avg speed    0.051 kHz), accepted    26457/  170001 events (15.56%)
Processed 174933 preselected entries from root://cms-xrd-global.cern.ch//store/mc/Run3Summer22NanoAODv12/Zto2Nu-4Jets_HT-100to200_TuneCP5_13p6TeV_madgraphMLM-pythia8/NANOAODSIM/130X_mcRun3_2022_realistic_v5-v2/2530000/acd8f04d-7212-4593-a1a1-3ef8d617b7a9.root (174933 entries). Finally selected 27231 entries
Done ./acd8f04d-7212-4593-a1a1-3ef8d617b7a9_Skim.root
Total time 3493.5 sec. to process 174933 events. Rate = 50.1 Hz.
DONE
/tmp/lfavilla/ZJetsToNuNu_HT100to200_2022/file175
hadd Target file: tree_hadd_175.root
hadd compression setting for all output: 1
hadd Source file 1: tree.root
hadd Source file 2: hist.root
hadd Target path: tree_hadd_175.root:/
hadd Target path: tree_hadd_175.root:/plots
/tmp/lfavilla/ZJetsToNuNu_HT100to200_2022/file175
