Standalone environment set.
/tmp/lfavilla/ZJetsToNuNu_HT100to200_2022/file191
hadd Target file: tree.root
hadd compression setting for all output: 1
hadd Source file 1: ./679e9d25-e3a0-4186-b193-c8789a26498e_Skim.root
hadd Sources and Target have different compression levels
hadd merging will be slower
hadd Target path: tree.root:/
Will write selected trees to .
Pre-select 169626 entries out of 169626 (100.00%)
Processed    10000/  169626 entries,  5.90% (elapsed time   254.7s, curr speed    0.039 kHz, avg speed    0.039 kHz), accepted     1543/   10001 events (15.43%)
Processed    20000/  169626 entries, 11.79% (elapsed time   502.8s, curr speed    0.040 kHz, avg speed    0.040 kHz), accepted     3052/   20001 events (15.26%)
Processed    30000/  169626 entries, 17.69% (elapsed time   693.9s, curr speed    0.052 kHz, avg speed    0.043 kHz), accepted     4670/   30001 events (15.57%)
Processed    40000/  169626 entries, 23.58% (elapsed time   936.8s, curr speed    0.041 kHz, avg speed    0.043 kHz), accepted     6190/   40001 events (15.47%)
Processed    50000/  169626 entries, 29.48% (elapsed time  1145.4s, curr speed    0.048 kHz, avg speed    0.044 kHz), accepted     7698/   50001 events (15.40%)
Processed    60000/  169626 entries, 35.37% (elapsed time  1410.8s, curr speed    0.038 kHz, avg speed    0.043 kHz), accepted     9276/   60001 events (15.46%)
Processed    70000/  169626 entries, 41.27% (elapsed time  1679.4s, curr speed    0.037 kHz, avg speed    0.042 kHz), accepted    10763/   70001 events (15.38%)
Processed    80000/  169626 entries, 47.16% (elapsed time  1893.8s, curr speed    0.047 kHz, avg speed    0.042 kHz), accepted    12299/   80001 events (15.37%)
Processed    90000/  169626 entries, 53.06% (elapsed time  2191.9s, curr speed    0.034 kHz, avg speed    0.041 kHz), accepted    13889/   90001 events (15.43%)
Processed   100000/  169626 entries, 58.95% (elapsed time  2410.5s, curr speed    0.046 kHz, avg speed    0.041 kHz), accepted    15458/  100001 events (15.46%)
Processed   110000/  169626 entries, 64.85% (elapsed time  2688.8s, curr speed    0.036 kHz, avg speed    0.041 kHz), accepted    17039/  110001 events (15.49%)
Processed   120000/  169626 entries, 70.74% (elapsed time  2979.5s, curr speed    0.034 kHz, avg speed    0.040 kHz), accepted    18575/  120001 events (15.48%)
Processed   130000/  169626 entries, 76.64% (elapsed time  3213.6s, curr speed    0.043 kHz, avg speed    0.040 kHz), accepted    20152/  130001 events (15.50%)
Processed   140000/  169626 entries, 82.53% (elapsed time  3486.8s, curr speed    0.037 kHz, avg speed    0.040 kHz), accepted    21658/  140001 events (15.47%)
Processed   150000/  169626 entries, 88.43% (elapsed time  3725.0s, curr speed    0.042 kHz, avg speed    0.040 kHz), accepted    23182/  150001 events (15.45%)
Processed   160000/  169626 entries, 94.33% (elapsed time  4000.4s, curr speed    0.036 kHz, avg speed    0.040 kHz), accepted    24718/  160001 events (15.45%)
Processed 169626 preselected entries from root://cms-xrd-global.cern.ch//store/mc/Run3Summer22NanoAODv12/Zto2Nu-4Jets_HT-100to200_TuneCP5_13p6TeV_madgraphMLM-pythia8/NANOAODSIM/130X_mcRun3_2022_realistic_v5-v2/40000/679e9d25-e3a0-4186-b193-c8789a26498e.root (169626 entries). Finally selected 26239 entries
Done ./679e9d25-e3a0-4186-b193-c8789a26498e_Skim.root
Total time 4308.5 sec. to process 169626 events. Rate = 39.4 Hz.
DONE
/tmp/lfavilla/ZJetsToNuNu_HT100to200_2022/file191
hadd Target file: tree_hadd_191.root
hadd compression setting for all output: 1
hadd Source file 1: tree.root
hadd Source file 2: hist.root
hadd Target path: tree_hadd_191.root:/
hadd Target path: tree_hadd_191.root:/plots
/tmp/lfavilla/ZJetsToNuNu_HT100to200_2022/file191
