Standalone environment set.
/tmp/lfavilla/ZJetsToNuNu_HT100to200_2022/file38
hadd Target file: tree.root
hadd compression setting for all output: 1
hadd Source file 1: ./ad77c597-9d51-4244-9711-406046450422_Skim.root
hadd Sources and Target have different compression levels
hadd merging will be slower
hadd Target path: tree.root:/
Will write selected trees to .
Pre-select 109500 entries out of 109500 (100.00%)
Processed    10000/  109500 entries,  9.13% (elapsed time   243.6s, curr speed    0.041 kHz, avg speed    0.041 kHz), accepted     1534/   10001 events (15.34%)
Processed    20000/  109500 entries, 18.26% (elapsed time   457.7s, curr speed    0.047 kHz, avg speed    0.044 kHz), accepted     3068/   20001 events (15.34%)
Processed    30000/  109500 entries, 27.40% (elapsed time   622.1s, curr speed    0.061 kHz, avg speed    0.048 kHz), accepted     4649/   30001 events (15.50%)
Processed    40000/  109500 entries, 36.53% (elapsed time   843.1s, curr speed    0.045 kHz, avg speed    0.047 kHz), accepted     6162/   40001 events (15.40%)
Processed    50000/  109500 entries, 45.66% (elapsed time  1024.4s, curr speed    0.055 kHz, avg speed    0.049 kHz), accepted     7737/   50001 events (15.47%)
Processed    60000/  109500 entries, 54.79% (elapsed time  1240.6s, curr speed    0.046 kHz, avg speed    0.048 kHz), accepted     9269/   60001 events (15.45%)
Processed    70000/  109500 entries, 63.93% (elapsed time  1466.2s, curr speed    0.044 kHz, avg speed    0.048 kHz), accepted    10868/   70001 events (15.53%)
Processed    80000/  109500 entries, 73.06% (elapsed time  1643.4s, curr speed    0.056 kHz, avg speed    0.049 kHz), accepted    12428/   80001 events (15.53%)
Processed    90000/  109500 entries, 82.19% (elapsed time  1877.0s, curr speed    0.043 kHz, avg speed    0.048 kHz), accepted    13954/   90001 events (15.50%)
Processed   100000/  109500 entries, 91.32% (elapsed time  2068.2s, curr speed    0.052 kHz, avg speed    0.048 kHz), accepted    15479/  100001 events (15.48%)
Processed 109500 preselected entries from root://cms-xrd-global.cern.ch//store/mc/Run3Summer22NanoAODv12/Zto2Nu-4Jets_HT-100to200_TuneCP5_13p6TeV_madgraphMLM-pythia8/NANOAODSIM/130X_mcRun3_2022_realistic_v5-v2/30000/ad77c597-9d51-4244-9711-406046450422.root (109500 entries). Finally selected 16931 entries
Done ./ad77c597-9d51-4244-9711-406046450422_Skim.root
Total time 2346.5 sec. to process 109500 events. Rate = 46.7 Hz.
DONE
/tmp/lfavilla/ZJetsToNuNu_HT100to200_2022/file38
hadd Target file: tree_hadd_38.root
hadd compression setting for all output: 1
hadd Source file 1: tree.root
hadd Source file 2: hist.root
hadd Target path: tree_hadd_38.root:/
hadd Target path: tree_hadd_38.root:/plots
/tmp/lfavilla/ZJetsToNuNu_HT100to200_2022/file38
