Standalone environment set.
/tmp/lfavilla/ZJetsToNuNu_HT100to200_2022/file60
hadd Target file: tree.root
hadd compression setting for all output: 1
hadd Source file 1: ./86e32e11-0b5c-4253-bce1-f74584b7d971_Skim.root
hadd Sources and Target have different compression levels
hadd merging will be slower
hadd Target path: tree.root:/
Will write selected trees to .
Pre-select 169922 entries out of 169922 (100.00%)
Processed    10000/  169922 entries,  5.89% (elapsed time   230.2s, curr speed    0.043 kHz, avg speed    0.043 kHz), accepted     1587/   10001 events (15.87%)
Processed    20000/  169922 entries, 11.77% (elapsed time   435.7s, curr speed    0.049 kHz, avg speed    0.046 kHz), accepted     3158/   20001 events (15.79%)
Processed    30000/  169922 entries, 17.66% (elapsed time   587.6s, curr speed    0.066 kHz, avg speed    0.051 kHz), accepted     4681/   30001 events (15.60%)
Processed    40000/  169922 entries, 23.54% (elapsed time   791.5s, curr speed    0.049 kHz, avg speed    0.051 kHz), accepted     6326/   40001 events (15.81%)
Processed    50000/  169922 entries, 29.43% (elapsed time   951.3s, curr speed    0.063 kHz, avg speed    0.053 kHz), accepted     7888/   50001 events (15.78%)
Processed    60000/  169922 entries, 35.31% (elapsed time  1139.6s, curr speed    0.053 kHz, avg speed    0.053 kHz), accepted     9513/   60001 events (15.85%)
Processed    70000/  169922 entries, 41.20% (elapsed time  1353.4s, curr speed    0.047 kHz, avg speed    0.052 kHz), accepted    11017/   70001 events (15.74%)
Processed    80000/  169922 entries, 47.08% (elapsed time  1516.4s, curr speed    0.061 kHz, avg speed    0.053 kHz), accepted    12585/   80001 events (15.73%)
Processed    90000/  169922 entries, 52.97% (elapsed time  1728.3s, curr speed    0.047 kHz, avg speed    0.052 kHz), accepted    14123/   90001 events (15.69%)
Processed   100000/  169922 entries, 58.85% (elapsed time  1894.6s, curr speed    0.060 kHz, avg speed    0.053 kHz), accepted    15727/  100001 events (15.73%)
Processed   110000/  169922 entries, 64.74% (elapsed time  2104.2s, curr speed    0.048 kHz, avg speed    0.052 kHz), accepted    17237/  110001 events (15.67%)
Processed   120000/  169922 entries, 70.62% (elapsed time  2336.0s, curr speed    0.043 kHz, avg speed    0.051 kHz), accepted    18783/  120001 events (15.65%)
Processed   130000/  169922 entries, 76.51% (elapsed time  2499.2s, curr speed    0.061 kHz, avg speed    0.052 kHz), accepted    20343/  130001 events (15.65%)
Processed   140000/  169922 entries, 82.39% (elapsed time  2740.8s, curr speed    0.041 kHz, avg speed    0.051 kHz), accepted    21932/  140001 events (15.67%)
Processed   150000/  169922 entries, 88.28% (elapsed time  2926.4s, curr speed    0.054 kHz, avg speed    0.051 kHz), accepted    23468/  150001 events (15.65%)
Processed   160000/  169922 entries, 94.16% (elapsed time  3156.6s, curr speed    0.043 kHz, avg speed    0.051 kHz), accepted    25043/  160001 events (15.65%)
Processed 169922 preselected entries from root://cms-xrd-global.cern.ch//store/mc/Run3Summer22NanoAODv12/Zto2Nu-4Jets_HT-100to200_TuneCP5_13p6TeV_madgraphMLM-pythia8/NANOAODSIM/130X_mcRun3_2022_realistic_v5-v2/2530000/86e32e11-0b5c-4253-bce1-f74584b7d971.root (169922 entries). Finally selected 26588 entries
Done ./86e32e11-0b5c-4253-bce1-f74584b7d971_Skim.root
Total time 3447.0 sec. to process 169922 events. Rate = 49.3 Hz.
DONE
/tmp/lfavilla/ZJetsToNuNu_HT100to200_2022/file60
hadd Target file: tree_hadd_60.root
hadd compression setting for all output: 1
hadd Source file 1: tree.root
hadd Source file 2: hist.root
hadd Target path: tree_hadd_60.root:/
hadd Target path: tree_hadd_60.root:/plots
/tmp/lfavilla/ZJetsToNuNu_HT100to200_2022/file60
