Standalone environment set.
/tmp/lfavilla/ZJetsToNuNu_HT100to200_2022/file102
hadd Target file: tree.root
hadd compression setting for all output: 1
hadd Source file 1: ./6f1c7715-e689-4312-b172-f6eb40e148cf_Skim.root
hadd Sources and Target have different compression levels
hadd merging will be slower
hadd Target path: tree.root:/
Will write selected trees to .
Pre-select 93943 entries out of 93943 (100.00%)
Processed    10000/   93943 entries, 10.64% (elapsed time   222.7s, curr speed    0.045 kHz, avg speed    0.045 kHz), accepted     1583/   10001 events (15.83%)
Processed    20000/   93943 entries, 21.29% (elapsed time   409.4s, curr speed    0.054 kHz, avg speed    0.049 kHz), accepted     3114/   20001 events (15.57%)
Processed    30000/   93943 entries, 31.93% (elapsed time   543.6s, curr speed    0.075 kHz, avg speed    0.055 kHz), accepted     4664/   30001 events (15.55%)
Processed    40000/   93943 entries, 42.58% (elapsed time   737.9s, curr speed    0.051 kHz, avg speed    0.054 kHz), accepted     6150/   40001 events (15.37%)
Processed    50000/   93943 entries, 53.22% (elapsed time   885.7s, curr speed    0.068 kHz, avg speed    0.056 kHz), accepted     7713/   50001 events (15.43%)
Processed    60000/   93943 entries, 63.87% (elapsed time  1070.6s, curr speed    0.054 kHz, avg speed    0.056 kHz), accepted     9289/   60001 events (15.48%)
Processed    70000/   93943 entries, 74.51% (elapsed time  1267.8s, curr speed    0.051 kHz, avg speed    0.055 kHz), accepted    10814/   70001 events (15.45%)
Processed    80000/   93943 entries, 85.16% (elapsed time  1411.7s, curr speed    0.069 kHz, avg speed    0.057 kHz), accepted    12341/   80001 events (15.43%)
Processed    90000/   93943 entries, 95.80% (elapsed time  1610.5s, curr speed    0.050 kHz, avg speed    0.056 kHz), accepted    13870/   90001 events (15.41%)
Processed 93943 preselected entries from root://cms-xrd-global.cern.ch//store/mc/Run3Summer22NanoAODv12/Zto2Nu-4Jets_HT-100to200_TuneCP5_13p6TeV_madgraphMLM-pythia8/NANOAODSIM/130X_mcRun3_2022_realistic_v5-v2/30000/6f1c7715-e689-4312-b172-f6eb40e148cf.root (93943 entries). Finally selected 14482 entries
Done ./6f1c7715-e689-4312-b172-f6eb40e148cf_Skim.root
Total time 1679.4 sec. to process 93943 events. Rate = 55.9 Hz.
DONE
/tmp/lfavilla/ZJetsToNuNu_HT100to200_2022/file102
hadd Target file: tree_hadd_102.root
hadd compression setting for all output: 1
hadd Source file 1: tree.root
hadd Source file 2: hist.root
hadd Target path: tree_hadd_102.root:/
hadd Target path: tree_hadd_102.root:/plots
/tmp/lfavilla/ZJetsToNuNu_HT100to200_2022/file102
