Standalone environment set.
/tmp/lfavilla/ZJetsToNuNu_HT100to200_2022/file16
hadd Target file: tree.root
hadd compression setting for all output: 1
hadd Source file 1: ./12bdd41c-e3e4-4b65-95dc-609b38be2e2e_Skim.root
hadd Sources and Target have different compression levels
hadd merging will be slower
hadd Target path: tree.root:/
Will write selected trees to .
Pre-select 173618 entries out of 173618 (100.00%)
Processed    10000/  173618 entries,  5.76% (elapsed time   257.7s, curr speed    0.039 kHz, avg speed    0.039 kHz), accepted     1524/   10001 events (15.24%)
Processed    20000/  173618 entries, 11.52% (elapsed time   479.6s, curr speed    0.045 kHz, avg speed    0.042 kHz), accepted     3078/   20001 events (15.39%)
Processed    30000/  173618 entries, 17.28% (elapsed time   654.9s, curr speed    0.057 kHz, avg speed    0.046 kHz), accepted     4662/   30001 events (15.54%)
Processed    40000/  173618 entries, 23.04% (elapsed time   897.4s, curr speed    0.041 kHz, avg speed    0.045 kHz), accepted     6204/   40001 events (15.51%)
Processed    50000/  173618 entries, 28.80% (elapsed time  1118.3s, curr speed    0.045 kHz, avg speed    0.045 kHz), accepted     7721/   50001 events (15.44%)
Processed    60000/  173618 entries, 34.56% (elapsed time  1351.6s, curr speed    0.043 kHz, avg speed    0.044 kHz), accepted     9328/   60001 events (15.55%)
Processed    70000/  173618 entries, 40.32% (elapsed time  1589.1s, curr speed    0.042 kHz, avg speed    0.044 kHz), accepted    10792/   70001 events (15.42%)
Processed    80000/  173618 entries, 46.08% (elapsed time  1768.3s, curr speed    0.056 kHz, avg speed    0.045 kHz), accepted    12392/   80001 events (15.49%)
Processed    90000/  173618 entries, 51.84% (elapsed time  2016.2s, curr speed    0.040 kHz, avg speed    0.045 kHz), accepted    13963/   90001 events (15.51%)
Processed   100000/  173618 entries, 57.60% (elapsed time  2202.7s, curr speed    0.054 kHz, avg speed    0.045 kHz), accepted    15534/  100001 events (15.53%)
Processed   110000/  173618 entries, 63.36% (elapsed time  2463.8s, curr speed    0.038 kHz, avg speed    0.045 kHz), accepted    17117/  110001 events (15.56%)
Processed   120000/  173618 entries, 69.12% (elapsed time  2678.4s, curr speed    0.047 kHz, avg speed    0.045 kHz), accepted    18682/  120001 events (15.57%)
Processed   130000/  173618 entries, 74.88% (elapsed time  2950.5s, curr speed    0.037 kHz, avg speed    0.044 kHz), accepted    20270/  130001 events (15.59%)
Processed   140000/  173618 entries, 80.64% (elapsed time  3220.7s, curr speed    0.037 kHz, avg speed    0.043 kHz), accepted    21818/  140001 events (15.58%)
Processed   150000/  173618 entries, 86.40% (elapsed time  3417.3s, curr speed    0.051 kHz, avg speed    0.044 kHz), accepted    23399/  150001 events (15.60%)
Processed   160000/  173618 entries, 92.16% (elapsed time  3673.8s, curr speed    0.039 kHz, avg speed    0.044 kHz), accepted    24940/  160001 events (15.59%)
Processed   170000/  173618 entries, 97.92% (elapsed time  3875.9s, curr speed    0.049 kHz, avg speed    0.044 kHz), accepted    26486/  170001 events (15.58%)
Processed 173618 preselected entries from root://cms-xrd-global.cern.ch//store/mc/Run3Summer22NanoAODv12/Zto2Nu-4Jets_HT-100to200_TuneCP5_13p6TeV_madgraphMLM-pythia8/NANOAODSIM/130X_mcRun3_2022_realistic_v5-v2/30000/12bdd41c-e3e4-4b65-95dc-609b38be2e2e.root (173618 entries). Finally selected 27035 entries
Done ./12bdd41c-e3e4-4b65-95dc-609b38be2e2e_Skim.root
Total time 4053.0 sec. to process 173618 events. Rate = 42.8 Hz.
DONE
/tmp/lfavilla/ZJetsToNuNu_HT100to200_2022/file16
hadd Target file: tree_hadd_16.root
hadd compression setting for all output: 1
hadd Source file 1: tree.root
hadd Source file 2: hist.root
hadd Target path: tree_hadd_16.root:/
hadd Target path: tree_hadd_16.root:/plots
/tmp/lfavilla/ZJetsToNuNu_HT100to200_2022/file16
