Standalone environment set.
/tmp/lfavilla/ZJetsToNuNu_HT100to200_2022/file163
hadd Target file: tree.root
hadd compression setting for all output: 1
hadd Source file 1: ./1c446037-d507-4ecf-9e8a-40db4f91a4e9_Skim.root
hadd Sources and Target have different compression levels
hadd merging will be slower
hadd Target path: tree.root:/
Will write selected trees to .
Pre-select 170908 entries out of 170908 (100.00%)
Processed    10000/  170908 entries,  5.85% (elapsed time   206.6s, curr speed    0.048 kHz, avg speed    0.048 kHz), accepted     1596/   10001 events (15.96%)
Processed    20000/  170908 entries, 11.70% (elapsed time   387.6s, curr speed    0.055 kHz, avg speed    0.052 kHz), accepted     3169/   20001 events (15.84%)
Processed    30000/  170908 entries, 17.55% (elapsed time   517.2s, curr speed    0.077 kHz, avg speed    0.058 kHz), accepted     4699/   30001 events (15.66%)
Processed    40000/  170908 entries, 23.40% (elapsed time   701.0s, curr speed    0.054 kHz, avg speed    0.057 kHz), accepted     6221/   40001 events (15.55%)
Processed    50000/  170908 entries, 29.26% (elapsed time   839.7s, curr speed    0.072 kHz, avg speed    0.060 kHz), accepted     7706/   50001 events (15.41%)
Processed    60000/  170908 entries, 35.11% (elapsed time  1016.2s, curr speed    0.057 kHz, avg speed    0.059 kHz), accepted     9261/   60001 events (15.43%)
Processed    70000/  170908 entries, 40.96% (elapsed time  1207.3s, curr speed    0.052 kHz, avg speed    0.058 kHz), accepted    10805/   70001 events (15.44%)
Processed    80000/  170908 entries, 46.81% (elapsed time  1340.4s, curr speed    0.075 kHz, avg speed    0.060 kHz), accepted    12381/   80001 events (15.48%)
Processed    90000/  170908 entries, 52.66% (elapsed time  1519.3s, curr speed    0.056 kHz, avg speed    0.059 kHz), accepted    13972/   90001 events (15.52%)
Processed   100000/  170908 entries, 58.51% (elapsed time  1657.2s, curr speed    0.073 kHz, avg speed    0.060 kHz), accepted    15561/  100001 events (15.56%)
Processed   110000/  170908 entries, 64.36% (elapsed time  1835.4s, curr speed    0.056 kHz, avg speed    0.060 kHz), accepted    17180/  110001 events (15.62%)
Processed   120000/  170908 entries, 70.21% (elapsed time  2014.6s, curr speed    0.056 kHz, avg speed    0.060 kHz), accepted    18701/  120001 events (15.58%)
Processed   130000/  170908 entries, 76.06% (elapsed time  2147.6s, curr speed    0.075 kHz, avg speed    0.061 kHz), accepted    20264/  130001 events (15.59%)
Processed   140000/  170908 entries, 81.92% (elapsed time  2329.4s, curr speed    0.055 kHz, avg speed    0.060 kHz), accepted    21831/  140001 events (15.59%)
Processed   150000/  170908 entries, 87.77% (elapsed time  2463.1s, curr speed    0.075 kHz, avg speed    0.061 kHz), accepted    23390/  150001 events (15.59%)
Processed   160000/  170908 entries, 93.62% (elapsed time  2646.3s, curr speed    0.055 kHz, avg speed    0.060 kHz), accepted    25023/  160001 events (15.64%)
Processed   170000/  170908 entries, 99.47% (elapsed time  2795.3s, curr speed    0.067 kHz, avg speed    0.061 kHz), accepted    26495/  170001 events (15.59%)
Processed 170908 preselected entries from root://cms-xrd-global.cern.ch//store/mc/Run3Summer22NanoAODv12/Zto2Nu-4Jets_HT-100to200_TuneCP5_13p6TeV_madgraphMLM-pythia8/NANOAODSIM/130X_mcRun3_2022_realistic_v5-v2/30000/1c446037-d507-4ecf-9e8a-40db4f91a4e9.root (170908 entries). Finally selected 26635 entries
Done ./1c446037-d507-4ecf-9e8a-40db4f91a4e9_Skim.root
Total time 2893.4 sec. to process 170908 events. Rate = 59.1 Hz.
DONE
/tmp/lfavilla/ZJetsToNuNu_HT100to200_2022/file163
hadd Target file: tree_hadd_163.root
hadd compression setting for all output: 1
hadd Source file 1: tree.root
hadd Source file 2: hist.root
hadd Target path: tree_hadd_163.root:/
hadd Target path: tree_hadd_163.root:/plots
/tmp/lfavilla/ZJetsToNuNu_HT100to200_2022/file163
