Standalone environment set.
/tmp/lfavilla/ZJetsToNuNu_HT100to200_2022/file273
hadd Target file: tree.root
hadd compression setting for all output: 1
hadd Source file 1: ./a9c0c517-260b-4f3f-adc3-d89f1aef8837_Skim.root
hadd Sources and Target have different compression levels
hadd merging will be slower
hadd Target path: tree.root:/
Will write selected trees to .
Pre-select 86895 entries out of 86895 (100.00%)
Processed    10000/   86895 entries, 11.51% (elapsed time   213.1s, curr speed    0.047 kHz, avg speed    0.047 kHz), accepted     1525/   10001 events (15.25%)
Processed    20000/   86895 entries, 23.02% (elapsed time   402.9s, curr speed    0.053 kHz, avg speed    0.050 kHz), accepted     3077/   20001 events (15.38%)
Processed    30000/   86895 entries, 34.52% (elapsed time   536.2s, curr speed    0.075 kHz, avg speed    0.056 kHz), accepted     4651/   30001 events (15.50%)
Processed    40000/   86895 entries, 46.03% (elapsed time   728.3s, curr speed    0.052 kHz, avg speed    0.055 kHz), accepted     6180/   40001 events (15.45%)
Processed    50000/   86895 entries, 57.54% (elapsed time   876.7s, curr speed    0.067 kHz, avg speed    0.057 kHz), accepted     7806/   50001 events (15.61%)
Processed    60000/   86895 entries, 69.05% (elapsed time  1052.6s, curr speed    0.057 kHz, avg speed    0.057 kHz), accepted     9347/   60001 events (15.58%)
Processed    70000/   86895 entries, 80.56% (elapsed time  1241.4s, curr speed    0.053 kHz, avg speed    0.056 kHz), accepted    10886/   70001 events (15.55%)
Processed    80000/   86895 entries, 92.07% (elapsed time  1377.1s, curr speed    0.074 kHz, avg speed    0.058 kHz), accepted    12517/   80001 events (15.65%)
Processed 86895 preselected entries from root://cms-xrd-global.cern.ch//store/mc/Run3Summer22NanoAODv12/Zto2Nu-4Jets_HT-100to200_TuneCP5_13p6TeV_madgraphMLM-pythia8/NANOAODSIM/130X_mcRun3_2022_realistic_v5-v2/50000/a9c0c517-260b-4f3f-adc3-d89f1aef8837.root (86895 entries). Finally selected 13540 entries
Done ./a9c0c517-260b-4f3f-adc3-d89f1aef8837_Skim.root
Total time 1511.8 sec. to process 86895 events. Rate = 57.5 Hz.
DONE
/tmp/lfavilla/ZJetsToNuNu_HT100to200_2022/file273
hadd Target file: tree_hadd_273.root
hadd compression setting for all output: 1
hadd Source file 1: tree.root
hadd Source file 2: hist.root
hadd Target path: tree_hadd_273.root:/
hadd Target path: tree_hadd_273.root:/plots
/tmp/lfavilla/ZJetsToNuNu_HT100to200_2022/file273
