Standalone environment set.
/tmp/lfavilla/ZJetsToNuNu_HT100to200_2022/file178
hadd Target file: tree.root
hadd compression setting for all output: 1
hadd Source file 1: ./7a438201-2e18-4b9e-9fbd-1c57e9c432e0_Skim.root
hadd Sources and Target have different compression levels
hadd merging will be slower
hadd Target path: tree.root:/
Will write selected trees to .
Pre-select 29675 entries out of 29675 (100.00%)
Processed    10000/   29675 entries, 33.70% (elapsed time   214.0s, curr speed    0.047 kHz, avg speed    0.047 kHz), accepted     1592/   10001 events (15.92%)
Processed    20000/   29675 entries, 67.40% (elapsed time   396.3s, curr speed    0.055 kHz, avg speed    0.050 kHz), accepted     3210/   20001 events (16.05%)
Processed 29675 preselected entries from root://cms-xrd-global.cern.ch//store/mc/Run3Summer22NanoAODv12/Zto2Nu-4Jets_HT-100to200_TuneCP5_13p6TeV_madgraphMLM-pythia8/NANOAODSIM/130X_mcRun3_2022_realistic_v5-v2/2540000/7a438201-2e18-4b9e-9fbd-1c57e9c432e0.root (29675 entries). Finally selected 4728 entries
Done ./7a438201-2e18-4b9e-9fbd-1c57e9c432e0_Skim.root
Total time 537.6 sec. to process 29675 events. Rate = 55.2 Hz.
DONE
/tmp/lfavilla/ZJetsToNuNu_HT100to200_2022/file178
hadd Target file: tree_hadd_178.root
hadd compression setting for all output: 1
hadd Source file 1: tree.root
hadd Source file 2: hist.root
hadd Target path: tree_hadd_178.root:/
hadd Target path: tree_hadd_178.root:/plots
/tmp/lfavilla/ZJetsToNuNu_HT100to200_2022/file178
