Standalone environment set.
/tmp/lfavilla/ZJetsToNuNu_HT100to200_2022/file218
hadd Target file: tree.root
hadd compression setting for all output: 1
hadd Source file 1: ./571bf4f2-c9d5-4a5c-858d-e23f18fcc2de_Skim.root
hadd Sources and Target have different compression levels
hadd merging will be slower
hadd Target path: tree.root:/
Will write selected trees to .
Pre-select 61430 entries out of 61430 (100.00%)
Processed    10000/   61430 entries, 16.28% (elapsed time   272.1s, curr speed    0.037 kHz, avg speed    0.037 kHz), accepted     1582/   10001 events (15.82%)
Processed    20000/   61430 entries, 32.56% (elapsed time   516.9s, curr speed    0.041 kHz, avg speed    0.039 kHz), accepted     3168/   20001 events (15.84%)
Processed    30000/   61430 entries, 48.84% (elapsed time   698.0s, curr speed    0.055 kHz, avg speed    0.043 kHz), accepted     4765/   30001 events (15.88%)
Processed    40000/   61430 entries, 65.11% (elapsed time   962.7s, curr speed    0.038 kHz, avg speed    0.042 kHz), accepted     6288/   40001 events (15.72%)
Processed    50000/   61430 entries, 81.39% (elapsed time  1161.1s, curr speed    0.050 kHz, avg speed    0.043 kHz), accepted     7855/   50001 events (15.71%)
Processed    60000/   61430 entries, 97.67% (elapsed time  1411.9s, curr speed    0.040 kHz, avg speed    0.042 kHz), accepted     9373/   60001 events (15.62%)
Processed 61430 preselected entries from root://cms-xrd-global.cern.ch//store/mc/Run3Summer22NanoAODv12/Zto2Nu-4Jets_HT-100to200_TuneCP5_13p6TeV_madgraphMLM-pythia8/NANOAODSIM/130X_mcRun3_2022_realistic_v5-v2/50000/571bf4f2-c9d5-4a5c-858d-e23f18fcc2de.root (61430 entries). Finally selected 9574 entries
Done ./571bf4f2-c9d5-4a5c-858d-e23f18fcc2de_Skim.root
Total time 1457.5 sec. to process 61430 events. Rate = 42.1 Hz.
DONE
/tmp/lfavilla/ZJetsToNuNu_HT100to200_2022/file218
hadd Target file: tree_hadd_218.root
hadd compression setting for all output: 1
hadd Source file 1: tree.root
hadd Source file 2: hist.root
hadd Target path: tree_hadd_218.root:/
hadd Target path: tree_hadd_218.root:/plots
/tmp/lfavilla/ZJetsToNuNu_HT100to200_2022/file218
