Standalone environment set.
/tmp/lfavilla/ZJetsToNuNu_HT100to200_2022/file184
hadd Target file: tree.root
hadd compression setting for all output: 1
hadd Source file 1: ./cc335857-b93c-49b1-b792-703cd047022d_Skim.root
hadd Sources and Target have different compression levels
hadd merging will be slower
hadd Target path: tree.root:/
Will write selected trees to .
Pre-select 186422 entries out of 186422 (100.00%)
Processed    10000/  186422 entries,  5.36% (elapsed time   214.4s, curr speed    0.047 kHz, avg speed    0.047 kHz), accepted     1513/   10001 events (15.13%)
Processed    20000/  186422 entries, 10.73% (elapsed time   403.0s, curr speed    0.053 kHz, avg speed    0.050 kHz), accepted     3002/   20001 events (15.01%)
Processed    30000/  186422 entries, 16.09% (elapsed time   543.2s, curr speed    0.071 kHz, avg speed    0.055 kHz), accepted     4604/   30001 events (15.35%)
Processed    40000/  186422 entries, 21.46% (elapsed time   747.8s, curr speed    0.049 kHz, avg speed    0.053 kHz), accepted     6166/   40001 events (15.41%)
Processed    50000/  186422 entries, 26.82% (elapsed time   898.0s, curr speed    0.067 kHz, avg speed    0.056 kHz), accepted     7734/   50001 events (15.47%)
Processed    60000/  186422 entries, 32.19% (elapsed time  1081.9s, curr speed    0.054 kHz, avg speed    0.055 kHz), accepted     9258/   60001 events (15.43%)
Processed    70000/  186422 entries, 37.55% (elapsed time  1287.6s, curr speed    0.049 kHz, avg speed    0.054 kHz), accepted    10817/   70001 events (15.45%)
Processed    80000/  186422 entries, 42.91% (elapsed time  1457.9s, curr speed    0.059 kHz, avg speed    0.055 kHz), accepted    12391/   80001 events (15.49%)
Processed    90000/  186422 entries, 48.28% (elapsed time  1663.2s, curr speed    0.049 kHz, avg speed    0.054 kHz), accepted    13911/   90001 events (15.46%)
Processed   100000/  186422 entries, 53.64% (elapsed time  1830.8s, curr speed    0.060 kHz, avg speed    0.055 kHz), accepted    15536/  100001 events (15.54%)
Processed   110000/  186422 entries, 59.01% (elapsed time  2063.8s, curr speed    0.043 kHz, avg speed    0.053 kHz), accepted    17121/  110001 events (15.56%)
Processed   120000/  186422 entries, 64.37% (elapsed time  2235.4s, curr speed    0.058 kHz, avg speed    0.054 kHz), accepted    18702/  120001 events (15.58%)
Processed   130000/  186422 entries, 69.73% (elapsed time  2458.2s, curr speed    0.045 kHz, avg speed    0.053 kHz), accepted    20259/  130001 events (15.58%)
Processed   140000/  186422 entries, 75.10% (elapsed time  2691.9s, curr speed    0.043 kHz, avg speed    0.052 kHz), accepted    21774/  140001 events (15.55%)
Processed   150000/  186422 entries, 80.46% (elapsed time  2864.3s, curr speed    0.058 kHz, avg speed    0.052 kHz), accepted    23394/  150001 events (15.60%)
Processed   160000/  186422 entries, 85.83% (elapsed time  3099.5s, curr speed    0.043 kHz, avg speed    0.052 kHz), accepted    24917/  160001 events (15.57%)
Processed   170000/  186422 entries, 91.19% (elapsed time  3277.9s, curr speed    0.056 kHz, avg speed    0.052 kHz), accepted    26436/  170001 events (15.55%)
Processed   180000/  186422 entries, 96.56% (elapsed time  3497.7s, curr speed    0.045 kHz, avg speed    0.051 kHz), accepted    27958/  180001 events (15.53%)
Processed 186422 preselected entries from root://cms-xrd-global.cern.ch//store/mc/Run3Summer22NanoAODv12/Zto2Nu-4Jets_HT-100to200_TuneCP5_13p6TeV_madgraphMLM-pythia8/NANOAODSIM/130X_mcRun3_2022_realistic_v5-v2/40000/cc335857-b93c-49b1-b792-703cd047022d.root (186422 entries). Finally selected 28921 entries
Done ./cc335857-b93c-49b1-b792-703cd047022d_Skim.root
Total time 3675.8 sec. to process 186422 events. Rate = 50.7 Hz.
DONE
/tmp/lfavilla/ZJetsToNuNu_HT100to200_2022/file184
hadd Target file: tree_hadd_184.root
hadd compression setting for all output: 1
hadd Source file 1: tree.root
hadd Source file 2: hist.root
hadd Target path: tree_hadd_184.root:/
hadd Target path: tree_hadd_184.root:/plots
/tmp/lfavilla/ZJetsToNuNu_HT100to200_2022/file184
