Standalone environment set.
/tmp/lfavilla/ZJetsToNuNu_HT100to200_2022/file124
hadd Target file: tree.root
hadd compression setting for all output: 1
hadd Source file 1: ./0bc2fd21-d2a2-422c-8b74-6345f9853c40_Skim.root
hadd Sources and Target have different compression levels
hadd merging will be slower
hadd Target path: tree.root:/
Will write selected trees to .
Pre-select 2111 entries out of 2111 (100.00%)
Processed 2111 preselected entries from root://cms-xrd-global.cern.ch//store/mc/Run3Summer22NanoAODv12/Zto2Nu-4Jets_HT-100to200_TuneCP5_13p6TeV_madgraphMLM-pythia8/NANOAODSIM/130X_mcRun3_2022_realistic_v5-v2/40000/0bc2fd21-d2a2-422c-8b74-6345f9853c40.root (2111 entries). Finally selected 316 entries
Done ./0bc2fd21-d2a2-422c-8b74-6345f9853c40_Skim.root
Total time 170.7 sec. to process 2111 events. Rate = 12.4 Hz.
DONE
/tmp/lfavilla/ZJetsToNuNu_HT100to200_2022/file124
hadd Target file: tree_hadd_124.root
hadd compression setting for all output: 1
hadd Source file 1: tree.root
hadd Source file 2: hist.root
hadd Target path: tree_hadd_124.root:/
hadd Target path: tree_hadd_124.root:/plots
/tmp/lfavilla/ZJetsToNuNu_HT100to200_2022/file124
