Standalone environment set.
/tmp/lfavilla/ZJetsToNuNu_HT100to200_2022/file212
hadd Target file: tree.root
hadd compression setting for all output: 1
hadd Source file 1: ./1813b7a1-7219-4072-ae64-4cdce71f8d11_Skim.root
hadd Sources and Target have different compression levels
hadd merging will be slower
hadd Target path: tree.root:/
Will write selected trees to .
Pre-select 44502 entries out of 44502 (100.00%)
Processed    10000/   44502 entries, 22.47% (elapsed time   282.5s, curr speed    0.035 kHz, avg speed    0.035 kHz), accepted     1528/   10001 events (15.28%)
Processed    20000/   44502 entries, 44.94% (elapsed time   566.6s, curr speed    0.035 kHz, avg speed    0.035 kHz), accepted     3125/   20001 events (15.62%)
Processed    30000/   44502 entries, 67.41% (elapsed time   772.8s, curr speed    0.049 kHz, avg speed    0.039 kHz), accepted     4712/   30001 events (15.71%)
Processed    40000/   44502 entries, 89.88% (elapsed time  1043.9s, curr speed    0.037 kHz, avg speed    0.038 kHz), accepted     6231/   40001 events (15.58%)
Processed 44502 preselected entries from root://cms-xrd-global.cern.ch//store/mc/Run3Summer22NanoAODv12/Zto2Nu-4Jets_HT-100to200_TuneCP5_13p6TeV_madgraphMLM-pythia8/NANOAODSIM/130X_mcRun3_2022_realistic_v5-v2/2520000/1813b7a1-7219-4072-ae64-4cdce71f8d11.root (44502 entries). Finally selected 6929 entries
Done ./1813b7a1-7219-4072-ae64-4cdce71f8d11_Skim.root
Total time 1185.4 sec. to process 44502 events. Rate = 37.5 Hz.
DONE
/tmp/lfavilla/ZJetsToNuNu_HT100to200_2022/file212
hadd Target file: tree_hadd_212.root
hadd compression setting for all output: 1
hadd Source file 1: tree.root
hadd Source file 2: hist.root
hadd Target path: tree_hadd_212.root:/
hadd Target path: tree_hadd_212.root:/plots
/tmp/lfavilla/ZJetsToNuNu_HT100to200_2022/file212
