Standalone environment set.
/tmp/lfavilla/ZJetsToNuNu_HT100to200_2022/file7
hadd Target file: tree.root
hadd compression setting for all output: 1
hadd Source file 1: ./d386600f-4712-459d-9212-f25fd5732ca9_Skim.root
hadd Sources and Target have different compression levels
hadd merging will be slower
hadd Target path: tree.root:/
Will write selected trees to .
Pre-select 123204 entries out of 123204 (100.00%)
Processed    10000/  123204 entries,  8.12% (elapsed time   250.7s, curr speed    0.040 kHz, avg speed    0.040 kHz), accepted     1579/   10001 events (15.79%)
Processed    20000/  123204 entries, 16.23% (elapsed time   464.5s, curr speed    0.047 kHz, avg speed    0.043 kHz), accepted     3155/   20001 events (15.77%)
Processed    30000/  123204 entries, 24.35% (elapsed time   625.4s, curr speed    0.062 kHz, avg speed    0.048 kHz), accepted     4715/   30001 events (15.72%)
Processed    40000/  123204 entries, 32.47% (elapsed time   833.7s, curr speed    0.048 kHz, avg speed    0.048 kHz), accepted     6257/   40001 events (15.64%)
Processed    50000/  123204 entries, 40.58% (elapsed time  1012.0s, curr speed    0.056 kHz, avg speed    0.049 kHz), accepted     7806/   50001 events (15.61%)
Processed    60000/  123204 entries, 48.70% (elapsed time  1217.7s, curr speed    0.049 kHz, avg speed    0.049 kHz), accepted     9335/   60001 events (15.56%)
Processed    70000/  123204 entries, 56.82% (elapsed time  1432.3s, curr speed    0.047 kHz, avg speed    0.049 kHz), accepted    10869/   70001 events (15.53%)
Processed    80000/  123204 entries, 64.93% (elapsed time  1596.2s, curr speed    0.061 kHz, avg speed    0.050 kHz), accepted    12349/   80001 events (15.44%)
Processed    90000/  123204 entries, 73.05% (elapsed time  1826.2s, curr speed    0.043 kHz, avg speed    0.049 kHz), accepted    13955/   90001 events (15.51%)
Processed   100000/  123204 entries, 81.17% (elapsed time  1991.0s, curr speed    0.061 kHz, avg speed    0.050 kHz), accepted    15445/  100001 events (15.44%)
Processed   110000/  123204 entries, 89.28% (elapsed time  2221.4s, curr speed    0.043 kHz, avg speed    0.050 kHz), accepted    16974/  110001 events (15.43%)
Processed   120000/  123204 entries, 97.40% (elapsed time  2404.9s, curr speed    0.054 kHz, avg speed    0.050 kHz), accepted    18466/  120001 events (15.39%)
Processed 123204 preselected entries from root://cms-xrd-global.cern.ch//store/mc/Run3Summer22NanoAODv12/Zto2Nu-4Jets_HT-100to200_TuneCP5_13p6TeV_madgraphMLM-pythia8/NANOAODSIM/130X_mcRun3_2022_realistic_v5-v2/2530000/d386600f-4712-459d-9212-f25fd5732ca9.root (123204 entries). Finally selected 18954 entries
Done ./d386600f-4712-459d-9212-f25fd5732ca9_Skim.root
Total time 2535.2 sec. to process 123204 events. Rate = 48.6 Hz.
DONE
/tmp/lfavilla/ZJetsToNuNu_HT100to200_2022/file7
hadd Target file: tree_hadd_7.root
hadd compression setting for all output: 1
hadd Source file 1: tree.root
hadd Source file 2: hist.root
hadd Target path: tree_hadd_7.root:/
hadd Target path: tree_hadd_7.root:/plots
/tmp/lfavilla/ZJetsToNuNu_HT100to200_2022/file7
