Standalone environment set.
/tmp/lfavilla/ZJetsToNuNu_HT100to200_2022/file205
hadd Target file: tree.root
hadd compression setting for all output: 1
hadd Source file 1: ./9c9c407e-2117-46f9-9363-b27e5f1380d5_Skim.root
hadd Sources and Target have different compression levels
hadd merging will be slower
hadd Target path: tree.root:/
Will write selected trees to .
Pre-select 186263 entries out of 186263 (100.00%)
Processed    10000/  186263 entries,  5.37% (elapsed time   259.3s, curr speed    0.039 kHz, avg speed    0.039 kHz), accepted     1572/   10001 events (15.72%)
Processed    20000/  186263 entries, 10.74% (elapsed time   487.1s, curr speed    0.044 kHz, avg speed    0.041 kHz), accepted     3153/   20001 events (15.76%)
Processed    30000/  186263 entries, 16.11% (elapsed time   669.4s, curr speed    0.055 kHz, avg speed    0.045 kHz), accepted     4767/   30001 events (15.89%)
Processed    40000/  186263 entries, 21.48% (elapsed time   917.4s, curr speed    0.040 kHz, avg speed    0.044 kHz), accepted     6327/   40001 events (15.82%)
Processed    50000/  186263 entries, 26.84% (elapsed time  1114.2s, curr speed    0.051 kHz, avg speed    0.045 kHz), accepted     7880/   50001 events (15.76%)
Processed    60000/  186263 entries, 32.21% (elapsed time  1366.3s, curr speed    0.040 kHz, avg speed    0.044 kHz), accepted     9454/   60001 events (15.76%)
Processed    70000/  186263 entries, 37.58% (elapsed time  1620.8s, curr speed    0.039 kHz, avg speed    0.043 kHz), accepted    10966/   70001 events (15.67%)
Processed    80000/  186263 entries, 42.95% (elapsed time  1814.2s, curr speed    0.052 kHz, avg speed    0.044 kHz), accepted    12512/   80001 events (15.64%)
Processed    90000/  186263 entries, 48.32% (elapsed time  2070.7s, curr speed    0.039 kHz, avg speed    0.043 kHz), accepted    14108/   90001 events (15.68%)
Processed   100000/  186263 entries, 53.69% (elapsed time  2263.7s, curr speed    0.052 kHz, avg speed    0.044 kHz), accepted    15682/  100001 events (15.68%)
Processed   110000/  186263 entries, 59.06% (elapsed time  2534.6s, curr speed    0.037 kHz, avg speed    0.043 kHz), accepted    17232/  110001 events (15.67%)
Processed   120000/  186263 entries, 64.43% (elapsed time  2743.5s, curr speed    0.048 kHz, avg speed    0.044 kHz), accepted    18801/  120001 events (15.67%)
Processed   130000/  186263 entries, 69.79% (elapsed time  3002.5s, curr speed    0.039 kHz, avg speed    0.043 kHz), accepted    20357/  130001 events (15.66%)
Processed   140000/  186263 entries, 75.16% (elapsed time  3263.7s, curr speed    0.038 kHz, avg speed    0.043 kHz), accepted    21951/  140001 events (15.68%)
Processed   150000/  186263 entries, 80.53% (elapsed time  3457.7s, curr speed    0.052 kHz, avg speed    0.043 kHz), accepted    23517/  150001 events (15.68%)
Processed   160000/  186263 entries, 85.90% (elapsed time  3724.6s, curr speed    0.037 kHz, avg speed    0.043 kHz), accepted    25065/  160001 events (15.67%)
Processed   170000/  186263 entries, 91.27% (elapsed time  3922.8s, curr speed    0.050 kHz, avg speed    0.043 kHz), accepted    26657/  170001 events (15.68%)
Processed   180000/  186263 entries, 96.64% (elapsed time  4185.0s, curr speed    0.038 kHz, avg speed    0.043 kHz), accepted    28186/  180001 events (15.66%)
Processed 186263 preselected entries from root://cms-xrd-global.cern.ch//store/mc/Run3Summer22NanoAODv12/Zto2Nu-4Jets_HT-100to200_TuneCP5_13p6TeV_madgraphMLM-pythia8/NANOAODSIM/130X_mcRun3_2022_realistic_v5-v2/40000/9c9c407e-2117-46f9-9363-b27e5f1380d5.root (186263 entries). Finally selected 29146 entries
Done ./9c9c407e-2117-46f9-9363-b27e5f1380d5_Skim.root
Total time 4401.7 sec. to process 186263 events. Rate = 42.3 Hz.
DONE
/tmp/lfavilla/ZJetsToNuNu_HT100to200_2022/file205
hadd Target file: tree_hadd_205.root
hadd compression setting for all output: 1
hadd Source file 1: tree.root
hadd Source file 2: hist.root
hadd Target path: tree_hadd_205.root:/
hadd Target path: tree_hadd_205.root:/plots
/tmp/lfavilla/ZJetsToNuNu_HT100to200_2022/file205
