Standalone environment set.
/tmp/lfavilla/ZJetsToNuNu_HT100to200_2022/file151
hadd Target file: tree.root
hadd compression setting for all output: 1
hadd Source file 1: ./2a84ed9c-e44d-48cb-ad24-b3bdbf8326ff_Skim.root
hadd Sources and Target have different compression levels
hadd merging will be slower
hadd Target path: tree.root:/
Will write selected trees to .
Pre-select 174771 entries out of 174771 (100.00%)
Processed    10000/  174771 entries,  5.72% (elapsed time   321.6s, curr speed    0.031 kHz, avg speed    0.031 kHz), accepted     1598/   10001 events (15.98%)
Processed    20000/  174771 entries, 11.44% (elapsed time   592.4s, curr speed    0.037 kHz, avg speed    0.034 kHz), accepted     3207/   20001 events (16.03%)
Processed    30000/  174771 entries, 17.17% (elapsed time   805.1s, curr speed    0.047 kHz, avg speed    0.037 kHz), accepted     4728/   30001 events (15.76%)
Processed    40000/  174771 entries, 22.89% (elapsed time  1090.2s, curr speed    0.035 kHz, avg speed    0.037 kHz), accepted     6294/   40001 events (15.73%)
Processed    50000/  174771 entries, 28.61% (elapsed time  1320.1s, curr speed    0.044 kHz, avg speed    0.038 kHz), accepted     7824/   50001 events (15.65%)
Processed    60000/  174771 entries, 34.33% (elapsed time  1599.2s, curr speed    0.036 kHz, avg speed    0.038 kHz), accepted     9432/   60001 events (15.72%)
Processed    70000/  174771 entries, 40.05% (elapsed time  1890.1s, curr speed    0.034 kHz, avg speed    0.037 kHz), accepted    10973/   70001 events (15.68%)
Processed    80000/  174771 entries, 45.77% (elapsed time  2121.5s, curr speed    0.043 kHz, avg speed    0.038 kHz), accepted    12578/   80001 events (15.72%)
Processed    90000/  174771 entries, 51.50% (elapsed time  2428.9s, curr speed    0.033 kHz, avg speed    0.037 kHz), accepted    14131/   90001 events (15.70%)
Processed   100000/  174771 entries, 57.22% (elapsed time  2693.4s, curr speed    0.038 kHz, avg speed    0.037 kHz), accepted    15695/  100001 events (15.69%)
Processed   110000/  174771 entries, 62.94% (elapsed time  2992.0s, curr speed    0.033 kHz, avg speed    0.037 kHz), accepted    17264/  110001 events (15.69%)
Processed   120000/  174771 entries, 68.66% (elapsed time  3308.5s, curr speed    0.032 kHz, avg speed    0.036 kHz), accepted    18811/  120001 events (15.68%)
Processed   130000/  174771 entries, 74.38% (elapsed time  3565.7s, curr speed    0.039 kHz, avg speed    0.036 kHz), accepted    20394/  130001 events (15.69%)
Processed   140000/  174771 entries, 80.10% (elapsed time  3882.4s, curr speed    0.032 kHz, avg speed    0.036 kHz), accepted    22016/  140001 events (15.73%)
Processed   150000/  174771 entries, 85.83% (elapsed time  4109.7s, curr speed    0.044 kHz, avg speed    0.036 kHz), accepted    23557/  150001 events (15.70%)
Processed   160000/  174771 entries, 91.55% (elapsed time  4451.6s, curr speed    0.029 kHz, avg speed    0.036 kHz), accepted    25111/  160001 events (15.69%)
Processed   170000/  174771 entries, 97.27% (elapsed time  4742.1s, curr speed    0.034 kHz, avg speed    0.036 kHz), accepted    26742/  170001 events (15.73%)
Processed 174771 preselected entries from root://cms-xrd-global.cern.ch//store/mc/Run3Summer22NanoAODv12/Zto2Nu-4Jets_HT-100to200_TuneCP5_13p6TeV_madgraphMLM-pythia8/NANOAODSIM/130X_mcRun3_2022_realistic_v5-v2/2530000/2a84ed9c-e44d-48cb-ad24-b3bdbf8326ff.root (174771 entries). Finally selected 27476 entries
Done ./2a84ed9c-e44d-48cb-ad24-b3bdbf8326ff_Skim.root
Total time 4958.6 sec. to process 174771 events. Rate = 35.2 Hz.
DONE
/tmp/lfavilla/ZJetsToNuNu_HT100to200_2022/file151
hadd Target file: tree_hadd_151.root
hadd compression setting for all output: 1
hadd Source file 1: tree.root
hadd Source file 2: hist.root
hadd Target path: tree_hadd_151.root:/
hadd Target path: tree_hadd_151.root:/plots
/tmp/lfavilla/ZJetsToNuNu_HT100to200_2022/file151
