Standalone environment set.
/tmp/lfavilla/ZJetsToNuNu_HT100to200_2022/file122
hadd Target file: tree.root
hadd compression setting for all output: 1
hadd Source file 1: ./568debb8-4760-4d0b-8043-a49cfd591fd6_Skim.root
hadd Sources and Target have different compression levels
hadd merging will be slower
hadd Target path: tree.root:/
Will write selected trees to .
Pre-select 25381 entries out of 25381 (100.00%)
Processed    10000/   25381 entries, 39.40% (elapsed time   270.8s, curr speed    0.037 kHz, avg speed    0.037 kHz), accepted     1541/   10001 events (15.41%)
Processed    20000/   25381 entries, 78.80% (elapsed time   479.7s, curr speed    0.048 kHz, avg speed    0.042 kHz), accepted     3068/   20001 events (15.34%)
Processed 25381 preselected entries from root://cms-xrd-global.cern.ch//store/mc/Run3Summer22NanoAODv12/Zto2Nu-4Jets_HT-100to200_TuneCP5_13p6TeV_madgraphMLM-pythia8/NANOAODSIM/130X_mcRun3_2022_realistic_v5-v2/40000/568debb8-4760-4d0b-8043-a49cfd591fd6.root (25381 entries). Finally selected 3874 entries
Done ./568debb8-4760-4d0b-8043-a49cfd591fd6_Skim.root
Total time 604.2 sec. to process 25381 events. Rate = 42.0 Hz.
DONE
/tmp/lfavilla/ZJetsToNuNu_HT100to200_2022/file122
hadd Target file: tree_hadd_122.root
hadd compression setting for all output: 1
hadd Source file 1: tree.root
hadd Source file 2: hist.root
hadd Target path: tree_hadd_122.root:/
hadd Target path: tree_hadd_122.root:/plots
/tmp/lfavilla/ZJetsToNuNu_HT100to200_2022/file122
