Standalone environment set.
/tmp/lfavilla/ZJetsToNuNu_HT100to200_2022/file46
hadd Target file: tree.root
hadd compression setting for all output: 1
hadd Source file 1: ./8af74882-e763-481b-a8bf-adebed8f7088_Skim.root
hadd Sources and Target have different compression levels
hadd merging will be slower
hadd Target path: tree.root:/
Will write selected trees to .
Pre-select 170476 entries out of 170476 (100.00%)
Processed    10000/  170476 entries,  5.87% (elapsed time   234.1s, curr speed    0.043 kHz, avg speed    0.043 kHz), accepted     1567/   10001 events (15.67%)
Processed    20000/  170476 entries, 11.73% (elapsed time   438.9s, curr speed    0.049 kHz, avg speed    0.046 kHz), accepted     3112/   20001 events (15.56%)
Processed    30000/  170476 entries, 17.60% (elapsed time   599.0s, curr speed    0.062 kHz, avg speed    0.050 kHz), accepted     4750/   30001 events (15.83%)
Processed    40000/  170476 entries, 23.46% (elapsed time   786.6s, curr speed    0.053 kHz, avg speed    0.051 kHz), accepted     6213/   40001 events (15.53%)
Processed    50000/  170476 entries, 29.33% (elapsed time   977.4s, curr speed    0.052 kHz, avg speed    0.051 kHz), accepted     7657/   50001 events (15.31%)
Processed    60000/  170476 entries, 35.20% (elapsed time  1198.4s, curr speed    0.045 kHz, avg speed    0.050 kHz), accepted     9219/   60001 events (15.36%)
Processed    70000/  170476 entries, 41.06% (elapsed time  1413.3s, curr speed    0.047 kHz, avg speed    0.050 kHz), accepted    10772/   70001 events (15.39%)
Processed    80000/  170476 entries, 46.93% (elapsed time  1567.1s, curr speed    0.065 kHz, avg speed    0.051 kHz), accepted    12278/   80001 events (15.35%)
Processed    90000/  170476 entries, 52.79% (elapsed time  1778.5s, curr speed    0.047 kHz, avg speed    0.051 kHz), accepted    13801/   90001 events (15.33%)
Processed   100000/  170476 entries, 58.66% (elapsed time  1940.9s, curr speed    0.062 kHz, avg speed    0.052 kHz), accepted    15342/  100001 events (15.34%)
Processed   110000/  170476 entries, 64.53% (elapsed time  2146.6s, curr speed    0.049 kHz, avg speed    0.051 kHz), accepted    16853/  110001 events (15.32%)
Processed   120000/  170476 entries, 70.39% (elapsed time  2378.7s, curr speed    0.043 kHz, avg speed    0.050 kHz), accepted    18430/  120001 events (15.36%)
Processed   130000/  170476 entries, 76.26% (elapsed time  2554.7s, curr speed    0.057 kHz, avg speed    0.051 kHz), accepted    19900/  130001 events (15.31%)
Processed   140000/  170476 entries, 82.12% (elapsed time  2797.5s, curr speed    0.041 kHz, avg speed    0.050 kHz), accepted    21437/  140001 events (15.31%)
Processed   150000/  170476 entries, 87.99% (elapsed time  2977.2s, curr speed    0.056 kHz, avg speed    0.050 kHz), accepted    23020/  150001 events (15.35%)
Processed   160000/  170476 entries, 93.85% (elapsed time  3217.4s, curr speed    0.042 kHz, avg speed    0.050 kHz), accepted    24498/  160001 events (15.31%)
Processed   170000/  170476 entries, 99.72% (elapsed time  3453.0s, curr speed    0.042 kHz, avg speed    0.049 kHz), accepted    26059/  170001 events (15.33%)
Processed 170476 preselected entries from root://cms-xrd-global.cern.ch//store/mc/Run3Summer22NanoAODv12/Zto2Nu-4Jets_HT-100to200_TuneCP5_13p6TeV_madgraphMLM-pythia8/NANOAODSIM/130X_mcRun3_2022_realistic_v5-v2/2520000/8af74882-e763-481b-a8bf-adebed8f7088.root (170476 entries). Finally selected 26141 entries
Done ./8af74882-e763-481b-a8bf-adebed8f7088_Skim.root
Total time 3516.3 sec. to process 170476 events. Rate = 48.5 Hz.
DONE
/tmp/lfavilla/ZJetsToNuNu_HT100to200_2022/file46
hadd Target file: tree_hadd_46.root
hadd compression setting for all output: 1
hadd Source file 1: tree.root
hadd Source file 2: hist.root
hadd Target path: tree_hadd_46.root:/
hadd Target path: tree_hadd_46.root:/plots
/tmp/lfavilla/ZJetsToNuNu_HT100to200_2022/file46
