Standalone environment set.
/tmp/lfavilla/ZJetsToNuNu_HT100to200_2022/file50
hadd Target file: tree.root
hadd compression setting for all output: 1
hadd Source file 1: ./686f2364-fb37-430f-86a8-623e34deccde_Skim.root
hadd Sources and Target have different compression levels
hadd merging will be slower
hadd Target path: tree.root:/
Will write selected trees to .
Pre-select 172674 entries out of 172674 (100.00%)
Processed    10000/  172674 entries,  5.79% (elapsed time   227.3s, curr speed    0.044 kHz, avg speed    0.044 kHz), accepted     1555/   10001 events (15.55%)
Processed    20000/  172674 entries, 11.58% (elapsed time   431.0s, curr speed    0.049 kHz, avg speed    0.046 kHz), accepted     3097/   20001 events (15.48%)
Processed    30000/  172674 entries, 17.37% (elapsed time   575.7s, curr speed    0.069 kHz, avg speed    0.052 kHz), accepted     4573/   30001 events (15.24%)
Processed    40000/  172674 entries, 23.17% (elapsed time   774.8s, curr speed    0.050 kHz, avg speed    0.052 kHz), accepted     6062/   40001 events (15.15%)
Processed    50000/  172674 entries, 28.96% (elapsed time   932.5s, curr speed    0.063 kHz, avg speed    0.054 kHz), accepted     7616/   50001 events (15.23%)
Processed    60000/  172674 entries, 34.75% (elapsed time  1123.7s, curr speed    0.052 kHz, avg speed    0.053 kHz), accepted     9142/   60001 events (15.24%)
Processed    70000/  172674 entries, 40.54% (elapsed time  1333.0s, curr speed    0.048 kHz, avg speed    0.053 kHz), accepted    10736/   70001 events (15.34%)
Processed    80000/  172674 entries, 46.33% (elapsed time  1486.9s, curr speed    0.065 kHz, avg speed    0.054 kHz), accepted    12241/   80001 events (15.30%)
Processed    90000/  172674 entries, 52.12% (elapsed time  1694.0s, curr speed    0.048 kHz, avg speed    0.053 kHz), accepted    13783/   90001 events (15.31%)
Processed   100000/  172674 entries, 57.91% (elapsed time  1859.1s, curr speed    0.061 kHz, avg speed    0.054 kHz), accepted    15345/  100001 events (15.34%)
Processed   110000/  172674 entries, 63.70% (elapsed time  2063.5s, curr speed    0.049 kHz, avg speed    0.053 kHz), accepted    16878/  110001 events (15.34%)
Processed   120000/  172674 entries, 69.50% (elapsed time  2221.8s, curr speed    0.063 kHz, avg speed    0.054 kHz), accepted    18481/  120001 events (15.40%)
Processed   130000/  172674 entries, 75.29% (elapsed time  2413.0s, curr speed    0.052 kHz, avg speed    0.054 kHz), accepted    19991/  130001 events (15.38%)
Processed   140000/  172674 entries, 81.08% (elapsed time  2628.1s, curr speed    0.046 kHz, avg speed    0.053 kHz), accepted    21557/  140001 events (15.40%)
Processed   150000/  172674 entries, 86.87% (elapsed time  2786.6s, curr speed    0.063 kHz, avg speed    0.054 kHz), accepted    23099/  150001 events (15.40%)
Processed   160000/  172674 entries, 92.66% (elapsed time  3012.4s, curr speed    0.044 kHz, avg speed    0.053 kHz), accepted    24716/  160001 events (15.45%)
Processed   170000/  172674 entries, 98.45% (elapsed time  3184.9s, curr speed    0.058 kHz, avg speed    0.053 kHz), accepted    26267/  170001 events (15.45%)
Processed 172674 preselected entries from root://cms-xrd-global.cern.ch//store/mc/Run3Summer22NanoAODv12/Zto2Nu-4Jets_HT-100to200_TuneCP5_13p6TeV_madgraphMLM-pythia8/NANOAODSIM/130X_mcRun3_2022_realistic_v5-v2/2520000/686f2364-fb37-430f-86a8-623e34deccde.root (172674 entries). Finally selected 26686 entries
Done ./686f2364-fb37-430f-86a8-623e34deccde_Skim.root
Total time 3311.9 sec. to process 172674 events. Rate = 52.1 Hz.
DONE
/tmp/lfavilla/ZJetsToNuNu_HT100to200_2022/file50
hadd Target file: tree_hadd_50.root
hadd compression setting for all output: 1
hadd Source file 1: tree.root
hadd Source file 2: hist.root
hadd Target path: tree_hadd_50.root:/
hadd Target path: tree_hadd_50.root:/plots
/tmp/lfavilla/ZJetsToNuNu_HT100to200_2022/file50
