Standalone environment set.
/tmp/lfavilla/ZJetsToNuNu_HT100to200_2022/file268
hadd Target file: tree.root
hadd compression setting for all output: 1
hadd Source file 1: ./f66bbb86-9330-427c-907a-3e5036151d03_Skim.root
hadd Sources and Target have different compression levels
hadd merging will be slower
hadd Target path: tree.root:/
Will write selected trees to .
Pre-select 19077 entries out of 19077 (100.00%)
Processed    10000/   19077 entries, 52.42% (elapsed time   271.3s, curr speed    0.037 kHz, avg speed    0.037 kHz), accepted     1596/   10001 events (15.96%)
Processed 19077 preselected entries from root://cms-xrd-global.cern.ch//store/mc/Run3Summer22NanoAODv12/Zto2Nu-4Jets_HT-100to200_TuneCP5_13p6TeV_madgraphMLM-pythia8/NANOAODSIM/130X_mcRun3_2022_realistic_v5-v2/50000/f66bbb86-9330-427c-907a-3e5036151d03.root (19077 entries). Finally selected 3023 entries
Done ./f66bbb86-9330-427c-907a-3e5036151d03_Skim.root
Total time 527.6 sec. to process 19077 events. Rate = 36.2 Hz.
DONE
/tmp/lfavilla/ZJetsToNuNu_HT100to200_2022/file268
hadd Target file: tree_hadd_268.root
hadd compression setting for all output: 1
hadd Source file 1: tree.root
hadd Source file 2: hist.root
hadd Target path: tree_hadd_268.root:/
hadd Target path: tree_hadd_268.root:/plots
/tmp/lfavilla/ZJetsToNuNu_HT100to200_2022/file268
