Standalone environment set.
/tmp/lfavilla/ZJetsToNuNu_HT100to200_2022/file64
hadd Target file: tree.root
hadd compression setting for all output: 1
hadd Source file 1: ./55aeef19-829b-4342-b729-20a5427c522e_Skim.root
hadd Sources and Target have different compression levels
hadd merging will be slower
hadd Target path: tree.root:/
Will write selected trees to .
Pre-select 169753 entries out of 169753 (100.00%)
Processed    10000/  169753 entries,  5.89% (elapsed time   241.0s, curr speed    0.041 kHz, avg speed    0.041 kHz), accepted     1509/   10001 events (15.09%)
Processed    20000/  169753 entries, 11.78% (elapsed time   460.8s, curr speed    0.045 kHz, avg speed    0.043 kHz), accepted     3038/   20001 events (15.19%)
Processed    30000/  169753 entries, 17.67% (elapsed time   603.3s, curr speed    0.070 kHz, avg speed    0.050 kHz), accepted     4629/   30001 events (15.43%)
Processed    40000/  169753 entries, 23.56% (elapsed time   803.3s, curr speed    0.050 kHz, avg speed    0.050 kHz), accepted     6205/   40001 events (15.51%)
Processed    50000/  169753 entries, 29.45% (elapsed time   965.1s, curr speed    0.062 kHz, avg speed    0.052 kHz), accepted     7727/   50001 events (15.45%)
Processed    60000/  169753 entries, 35.35% (elapsed time  1168.5s, curr speed    0.049 kHz, avg speed    0.051 kHz), accepted     9289/   60001 events (15.48%)
Processed    70000/  169753 entries, 41.24% (elapsed time  1347.0s, curr speed    0.056 kHz, avg speed    0.052 kHz), accepted    10815/   70001 events (15.45%)
Processed    80000/  169753 entries, 47.13% (elapsed time  1550.4s, curr speed    0.049 kHz, avg speed    0.052 kHz), accepted    12293/   80001 events (15.37%)
Processed    90000/  169753 entries, 53.02% (elapsed time  1769.7s, curr speed    0.046 kHz, avg speed    0.051 kHz), accepted    13837/   90001 events (15.37%)
Processed   100000/  169753 entries, 58.91% (elapsed time  1935.0s, curr speed    0.060 kHz, avg speed    0.052 kHz), accepted    15405/  100001 events (15.40%)
Processed   110000/  169753 entries, 64.80% (elapsed time  2165.4s, curr speed    0.043 kHz, avg speed    0.051 kHz), accepted    16964/  110001 events (15.42%)
Processed   120000/  169753 entries, 70.69% (elapsed time  2330.7s, curr speed    0.061 kHz, avg speed    0.051 kHz), accepted    18610/  120001 events (15.51%)
Processed   130000/  169753 entries, 76.58% (elapsed time  2562.1s, curr speed    0.043 kHz, avg speed    0.051 kHz), accepted    20190/  130001 events (15.53%)
Processed   140000/  169753 entries, 82.47% (elapsed time  2745.3s, curr speed    0.055 kHz, avg speed    0.051 kHz), accepted    21737/  140001 events (15.53%)
Processed   150000/  169753 entries, 88.36% (elapsed time  2966.5s, curr speed    0.045 kHz, avg speed    0.051 kHz), accepted    23330/  150001 events (15.55%)
Processed   160000/  169753 entries, 94.25% (elapsed time  3191.3s, curr speed    0.044 kHz, avg speed    0.050 kHz), accepted    24880/  160001 events (15.55%)
Processed 169753 preselected entries from root://cms-xrd-global.cern.ch//store/mc/Run3Summer22NanoAODv12/Zto2Nu-4Jets_HT-100to200_TuneCP5_13p6TeV_madgraphMLM-pythia8/NANOAODSIM/130X_mcRun3_2022_realistic_v5-v2/2520000/55aeef19-829b-4342-b729-20a5427c522e.root (169753 entries). Finally selected 26431 entries
Done ./55aeef19-829b-4342-b729-20a5427c522e_Skim.root
Total time 3401.8 sec. to process 169753 events. Rate = 49.9 Hz.
DONE
/tmp/lfavilla/ZJetsToNuNu_HT100to200_2022/file64
hadd Target file: tree_hadd_64.root
hadd compression setting for all output: 1
hadd Source file 1: tree.root
hadd Source file 2: hist.root
hadd Target path: tree_hadd_64.root:/
hadd Target path: tree_hadd_64.root:/plots
/tmp/lfavilla/ZJetsToNuNu_HT100to200_2022/file64
