Standalone environment set.
/tmp/lfavilla/ZJetsToNuNu_HT100to200_2022/file158
hadd Target file: tree.root
hadd compression setting for all output: 1
hadd Source file 1: ./bd120288-1b5d-485e-87cd-daa19d8b8566_Skim.root
hadd Sources and Target have different compression levels
hadd merging will be slower
hadd Target path: tree.root:/
Will write selected trees to .
Pre-select 172084 entries out of 172084 (100.00%)
Processed    10000/  172084 entries,  5.81% (elapsed time   305.2s, curr speed    0.033 kHz, avg speed    0.033 kHz), accepted     1584/   10001 events (15.84%)
Processed    20000/  172084 entries, 11.62% (elapsed time   578.2s, curr speed    0.037 kHz, avg speed    0.035 kHz), accepted     3132/   20001 events (15.66%)
Processed    30000/  172084 entries, 17.43% (elapsed time   804.7s, curr speed    0.044 kHz, avg speed    0.037 kHz), accepted     4763/   30001 events (15.88%)
Processed    40000/  172084 entries, 23.24% (elapsed time  1083.1s, curr speed    0.036 kHz, avg speed    0.037 kHz), accepted     6349/   40001 events (15.87%)
Processed    50000/  172084 entries, 29.06% (elapsed time  1313.3s, curr speed    0.043 kHz, avg speed    0.038 kHz), accepted     7874/   50001 events (15.75%)
Processed    60000/  172084 entries, 34.87% (elapsed time  1611.0s, curr speed    0.034 kHz, avg speed    0.037 kHz), accepted     9417/   60001 events (15.69%)
Processed    70000/  172084 entries, 40.68% (elapsed time  1931.1s, curr speed    0.031 kHz, avg speed    0.036 kHz), accepted    11041/   70001 events (15.77%)
Processed    80000/  172084 entries, 46.49% (elapsed time  2178.6s, curr speed    0.040 kHz, avg speed    0.037 kHz), accepted    12518/   80001 events (15.65%)
Processed    90000/  172084 entries, 52.30% (elapsed time  2511.8s, curr speed    0.030 kHz, avg speed    0.036 kHz), accepted    14098/   90001 events (15.66%)
Processed   100000/  172084 entries, 58.11% (elapsed time  2809.3s, curr speed    0.034 kHz, avg speed    0.036 kHz), accepted    15655/  100001 events (15.65%)
Processed   110000/  172084 entries, 63.92% (elapsed time  3152.4s, curr speed    0.029 kHz, avg speed    0.035 kHz), accepted    17196/  110001 events (15.63%)
Processed   120000/  172084 entries, 69.73% (elapsed time  3486.1s, curr speed    0.030 kHz, avg speed    0.034 kHz), accepted    18732/  120001 events (15.61%)
Processed   130000/  172084 entries, 75.54% (elapsed time  3768.5s, curr speed    0.035 kHz, avg speed    0.034 kHz), accepted    20291/  130001 events (15.61%)
Processed   140000/  172084 entries, 81.36% (elapsed time  4115.8s, curr speed    0.029 kHz, avg speed    0.034 kHz), accepted    21918/  140001 events (15.66%)
Processed   150000/  172084 entries, 87.17% (elapsed time  4384.1s, curr speed    0.037 kHz, avg speed    0.034 kHz), accepted    23456/  150001 events (15.64%)
Processed   160000/  172084 entries, 92.98% (elapsed time  4695.5s, curr speed    0.032 kHz, avg speed    0.034 kHz), accepted    25018/  160001 events (15.64%)
Processed   170000/  172084 entries, 98.79% (elapsed time  5013.4s, curr speed    0.031 kHz, avg speed    0.034 kHz), accepted    26553/  170001 events (15.62%)
Processed 172084 preselected entries from root://cms-xrd-global.cern.ch//store/mc/Run3Summer22NanoAODv12/Zto2Nu-4Jets_HT-100to200_TuneCP5_13p6TeV_madgraphMLM-pythia8/NANOAODSIM/130X_mcRun3_2022_realistic_v5-v2/30000/bd120288-1b5d-485e-87cd-daa19d8b8566.root (172084 entries). Finally selected 26894 entries
Done ./bd120288-1b5d-485e-87cd-daa19d8b8566_Skim.root
Total time 5170.1 sec. to process 172084 events. Rate = 33.3 Hz.
DONE
/tmp/lfavilla/ZJetsToNuNu_HT100to200_2022/file158
hadd Target file: tree_hadd_158.root
hadd compression setting for all output: 1
hadd Source file 1: tree.root
hadd Source file 2: hist.root
hadd Target path: tree_hadd_158.root:/
hadd Target path: tree_hadd_158.root:/plots
/tmp/lfavilla/ZJetsToNuNu_HT100to200_2022/file158
