Standalone environment set.
/tmp/lfavilla/ZJetsToNuNu_HT100to200_2022/file41
hadd Target file: tree.root
hadd compression setting for all output: 1
hadd Source file 1: ./1aeaee23-6306-4784-9458-49cbb0e071da_Skim.root
hadd Sources and Target have different compression levels
hadd merging will be slower
hadd Target path: tree.root:/
Will write selected trees to .
Pre-select 56380 entries out of 56380 (100.00%)
Processed    10000/   56380 entries, 17.74% (elapsed time   313.8s, curr speed    0.032 kHz, avg speed    0.032 kHz), accepted     1496/   10001 events (14.96%)
Processed    20000/   56380 entries, 35.47% (elapsed time   601.2s, curr speed    0.035 kHz, avg speed    0.033 kHz), accepted     3070/   20001 events (15.35%)
Processed    30000/   56380 entries, 53.21% (elapsed time   822.7s, curr speed    0.045 kHz, avg speed    0.036 kHz), accepted     4677/   30001 events (15.59%)
Processed    40000/   56380 entries, 70.95% (elapsed time  1099.4s, curr speed    0.036 kHz, avg speed    0.036 kHz), accepted     6239/   40001 events (15.60%)
Processed    50000/   56380 entries, 88.68% (elapsed time  1325.2s, curr speed    0.044 kHz, avg speed    0.038 kHz), accepted     7878/   50001 events (15.76%)
Processed 56380 preselected entries from root://cms-xrd-global.cern.ch//store/mc/Run3Summer22NanoAODv12/Zto2Nu-4Jets_HT-100to200_TuneCP5_13p6TeV_madgraphMLM-pythia8/NANOAODSIM/130X_mcRun3_2022_realistic_v5-v2/30000/1aeaee23-6306-4784-9458-49cbb0e071da.root (56380 entries). Finally selected 8882 entries
Done ./1aeaee23-6306-4784-9458-49cbb0e071da_Skim.root
Total time 1534.6 sec. to process 56380 events. Rate = 36.7 Hz.
DONE
/tmp/lfavilla/ZJetsToNuNu_HT100to200_2022/file41
hadd Target file: tree_hadd_41.root
hadd compression setting for all output: 1
hadd Source file 1: tree.root
hadd Source file 2: hist.root
hadd Target path: tree_hadd_41.root:/
hadd Target path: tree_hadd_41.root:/plots
/tmp/lfavilla/ZJetsToNuNu_HT100to200_2022/file41
