Standalone environment set.
/tmp/lfavilla/ZJetsToNuNu_HT100to200_2022/file260
hadd Target file: tree.root
hadd compression setting for all output: 1
hadd Source file 1: ./1fab6d75-2921-489b-bd83-37c27549f3d6_Skim.root
hadd Sources and Target have different compression levels
hadd merging will be slower
hadd Target path: tree.root:/
Will write selected trees to .
Pre-select 4150 entries out of 4150 (100.00%)
Processed 4150 preselected entries from root://cms-xrd-global.cern.ch//store/mc/Run3Summer22NanoAODv12/Zto2Nu-4Jets_HT-100to200_TuneCP5_13p6TeV_madgraphMLM-pythia8/NANOAODSIM/130X_mcRun3_2022_realistic_v5-v2/2520000/1fab6d75-2921-489b-bd83-37c27549f3d6.root (4150 entries). Finally selected 650 entries
Done ./1fab6d75-2921-489b-bd83-37c27549f3d6_Skim.root
Total time 142.8 sec. to process 4150 events. Rate = 29.1 Hz.
DONE
/tmp/lfavilla/ZJetsToNuNu_HT100to200_2022/file260
hadd Target file: tree_hadd_260.root
hadd compression setting for all output: 1
hadd Source file 1: tree.root
hadd Source file 2: hist.root
hadd Target path: tree_hadd_260.root:/
hadd Target path: tree_hadd_260.root:/plots
/tmp/lfavilla/ZJetsToNuNu_HT100to200_2022/file260
