Standalone environment set.
/tmp/lfavilla/ZJetsToNuNu_HT100to200_2022/file75
hadd Target file: tree.root
hadd compression setting for all output: 1
hadd Source file 1: ./a3f70076-a3b9-453c-84c4-499fe9fab838_Skim.root
hadd Sources and Target have different compression levels
hadd merging will be slower
hadd Target path: tree.root:/
Will write selected trees to .
Pre-select 181186 entries out of 181186 (100.00%)
Processed    10000/  181186 entries,  5.52% (elapsed time   246.1s, curr speed    0.041 kHz, avg speed    0.041 kHz), accepted     1531/   10001 events (15.31%)
Processed    20000/  181186 entries, 11.04% (elapsed time   472.1s, curr speed    0.044 kHz, avg speed    0.042 kHz), accepted     3054/   20001 events (15.27%)
Processed    30000/  181186 entries, 16.56% (elapsed time   640.6s, curr speed    0.059 kHz, avg speed    0.047 kHz), accepted     4626/   30001 events (15.42%)
Processed    40000/  181186 entries, 22.08% (elapsed time   864.7s, curr speed    0.045 kHz, avg speed    0.046 kHz), accepted     6196/   40001 events (15.49%)
Processed    50000/  181186 entries, 27.60% (elapsed time  1045.5s, curr speed    0.055 kHz, avg speed    0.048 kHz), accepted     7746/   50001 events (15.49%)
Processed    60000/  181186 entries, 33.12% (elapsed time  1269.3s, curr speed    0.045 kHz, avg speed    0.047 kHz), accepted     9305/   60001 events (15.51%)
Processed    70000/  181186 entries, 38.63% (elapsed time  1510.4s, curr speed    0.041 kHz, avg speed    0.046 kHz), accepted    10870/   70001 events (15.53%)
Processed    80000/  181186 entries, 44.15% (elapsed time  1693.6s, curr speed    0.055 kHz, avg speed    0.047 kHz), accepted    12467/   80001 events (15.58%)
Processed    90000/  181186 entries, 49.67% (elapsed time  1927.9s, curr speed    0.043 kHz, avg speed    0.047 kHz), accepted    13991/   90001 events (15.55%)
Processed   100000/  181186 entries, 55.19% (elapsed time  2124.8s, curr speed    0.051 kHz, avg speed    0.047 kHz), accepted    15518/  100001 events (15.52%)
Processed   110000/  181186 entries, 60.71% (elapsed time  2372.8s, curr speed    0.040 kHz, avg speed    0.046 kHz), accepted    17118/  110001 events (15.56%)
Processed   120000/  181186 entries, 66.23% (elapsed time  2639.9s, curr speed    0.037 kHz, avg speed    0.045 kHz), accepted    18726/  120001 events (15.60%)
Processed   130000/  181186 entries, 71.75% (elapsed time  2830.4s, curr speed    0.052 kHz, avg speed    0.046 kHz), accepted    20286/  130001 events (15.60%)
Processed   140000/  181186 entries, 77.27% (elapsed time  3100.7s, curr speed    0.037 kHz, avg speed    0.045 kHz), accepted    21867/  140001 events (15.62%)
Processed   150000/  181186 entries, 82.79% (elapsed time  3311.0s, curr speed    0.048 kHz, avg speed    0.045 kHz), accepted    23441/  150001 events (15.63%)
Processed   160000/  181186 entries, 88.31% (elapsed time  3563.2s, curr speed    0.040 kHz, avg speed    0.045 kHz), accepted    25034/  160001 events (15.65%)
Processed   170000/  181186 entries, 93.83% (elapsed time  3830.8s, curr speed    0.037 kHz, avg speed    0.044 kHz), accepted    26549/  170001 events (15.62%)
Processed   180000/  181186 entries, 99.35% (elapsed time  4027.6s, curr speed    0.051 kHz, avg speed    0.045 kHz), accepted    28076/  180001 events (15.60%)
Processed 181186 preselected entries from root://cms-xrd-global.cern.ch//store/mc/Run3Summer22NanoAODv12/Zto2Nu-4Jets_HT-100to200_TuneCP5_13p6TeV_madgraphMLM-pythia8/NANOAODSIM/130X_mcRun3_2022_realistic_v5-v2/2520000/a3f70076-a3b9-453c-84c4-499fe9fab838.root (181186 entries). Finally selected 28236 entries
Done ./a3f70076-a3b9-453c-84c4-499fe9fab838_Skim.root
Total time 4123.5 sec. to process 181186 events. Rate = 43.9 Hz.
DONE
/tmp/lfavilla/ZJetsToNuNu_HT100to200_2022/file75
hadd Target file: tree_hadd_75.root
hadd compression setting for all output: 1
hadd Source file 1: tree.root
hadd Source file 2: hist.root
hadd Target path: tree_hadd_75.root:/
hadd Target path: tree_hadd_75.root:/plots
/tmp/lfavilla/ZJetsToNuNu_HT100to200_2022/file75
