Standalone environment set.
/tmp/lfavilla/ZJetsToNuNu_HT100to200_2022/file237
hadd Target file: tree.root
hadd compression setting for all output: 1
hadd Source file 1: ./84571f6e-186f-41cc-b7e2-360dae002b56_Skim.root
hadd Sources and Target have different compression levels
hadd merging will be slower
hadd Target path: tree.root:/
Will write selected trees to .
Pre-select 48538 entries out of 48538 (100.00%)
Processed    10000/   48538 entries, 20.60% (elapsed time   305.3s, curr speed    0.033 kHz, avg speed    0.033 kHz), accepted     1528/   10001 events (15.28%)
Processed    20000/   48538 entries, 41.20% (elapsed time   589.0s, curr speed    0.035 kHz, avg speed    0.034 kHz), accepted     3047/   20001 events (15.23%)
Processed    30000/   48538 entries, 61.81% (elapsed time   809.1s, curr speed    0.045 kHz, avg speed    0.037 kHz), accepted     4597/   30001 events (15.32%)
Processed    40000/   48538 entries, 82.41% (elapsed time  1111.2s, curr speed    0.033 kHz, avg speed    0.036 kHz), accepted     6176/   40001 events (15.44%)
Processed 48538 preselected entries from root://cms-xrd-global.cern.ch//store/mc/Run3Summer22NanoAODv12/Zto2Nu-4Jets_HT-100to200_TuneCP5_13p6TeV_madgraphMLM-pythia8/NANOAODSIM/130X_mcRun3_2022_realistic_v5-v2/2520000/84571f6e-186f-41cc-b7e2-360dae002b56.root (48538 entries). Finally selected 7446 entries
Done ./84571f6e-186f-41cc-b7e2-360dae002b56_Skim.root
Total time 1346.8 sec. to process 48538 events. Rate = 36.0 Hz.
DONE
/tmp/lfavilla/ZJetsToNuNu_HT100to200_2022/file237
hadd Target file: tree_hadd_237.root
hadd compression setting for all output: 1
hadd Source file 1: tree.root
hadd Source file 2: hist.root
hadd Target path: tree_hadd_237.root:/
hadd Target path: tree_hadd_237.root:/plots
/tmp/lfavilla/ZJetsToNuNu_HT100to200_2022/file237
