Standalone environment set.
/tmp/lfavilla/ZJetsToNuNu_HT100to200_2022/file103
hadd Target file: tree.root
hadd compression setting for all output: 1
hadd Source file 1: ./95689bd8-eaac-46a9-af31-67f9f8791b00_Skim.root
hadd Sources and Target have different compression levels
hadd merging will be slower
hadd Target path: tree.root:/
Will write selected trees to .
Pre-select 153062 entries out of 153062 (100.00%)
Processed    10000/  153062 entries,  6.53% (elapsed time   250.1s, curr speed    0.040 kHz, avg speed    0.040 kHz), accepted     1602/   10001 events (16.02%)
Processed    20000/  153062 entries, 13.07% (elapsed time   436.9s, curr speed    0.054 kHz, avg speed    0.046 kHz), accepted     3221/   20001 events (16.10%)
Processed    30000/  153062 entries, 19.60% (elapsed time   590.6s, curr speed    0.065 kHz, avg speed    0.051 kHz), accepted     4707/   30001 events (15.69%)
Processed    40000/  153062 entries, 26.13% (elapsed time   800.6s, curr speed    0.048 kHz, avg speed    0.050 kHz), accepted     6297/   40001 events (15.74%)
Processed    50000/  153062 entries, 32.67% (elapsed time   973.8s, curr speed    0.058 kHz, avg speed    0.051 kHz), accepted     7880/   50001 events (15.76%)
Processed    60000/  153062 entries, 39.20% (elapsed time  1184.1s, curr speed    0.048 kHz, avg speed    0.051 kHz), accepted     9405/   60001 events (15.67%)
Processed    70000/  153062 entries, 45.73% (elapsed time  1405.3s, curr speed    0.045 kHz, avg speed    0.050 kHz), accepted    10977/   70001 events (15.68%)
Processed    80000/  153062 entries, 52.27% (elapsed time  1566.7s, curr speed    0.062 kHz, avg speed    0.051 kHz), accepted    12574/   80001 events (15.72%)
Processed    90000/  153062 entries, 58.80% (elapsed time  1790.9s, curr speed    0.045 kHz, avg speed    0.050 kHz), accepted    14159/   90001 events (15.73%)
Processed   100000/  153062 entries, 65.33% (elapsed time  1964.7s, curr speed    0.058 kHz, avg speed    0.051 kHz), accepted    15702/  100001 events (15.70%)
Processed   110000/  153062 entries, 71.87% (elapsed time  2202.5s, curr speed    0.042 kHz, avg speed    0.050 kHz), accepted    17282/  110001 events (15.71%)
Processed   120000/  153062 entries, 78.40% (elapsed time  2443.5s, curr speed    0.041 kHz, avg speed    0.049 kHz), accepted    18825/  120001 events (15.69%)
Processed   130000/  153062 entries, 84.93% (elapsed time  2615.2s, curr speed    0.058 kHz, avg speed    0.050 kHz), accepted    20378/  130001 events (15.68%)
Processed   140000/  153062 entries, 91.47% (elapsed time  2865.1s, curr speed    0.040 kHz, avg speed    0.049 kHz), accepted    21922/  140001 events (15.66%)
Processed   150000/  153062 entries, 98.00% (elapsed time  3033.9s, curr speed    0.059 kHz, avg speed    0.049 kHz), accepted    23481/  150001 events (15.65%)
Processed 153062 preselected entries from root://cms-xrd-global.cern.ch//store/mc/Run3Summer22NanoAODv12/Zto2Nu-4Jets_HT-100to200_TuneCP5_13p6TeV_madgraphMLM-pythia8/NANOAODSIM/130X_mcRun3_2022_realistic_v5-v2/30000/95689bd8-eaac-46a9-af31-67f9f8791b00.root (153062 entries). Finally selected 23926 entries
Done ./95689bd8-eaac-46a9-af31-67f9f8791b00_Skim.root
Total time 3177.4 sec. to process 153062 events. Rate = 48.2 Hz.
DONE
/tmp/lfavilla/ZJetsToNuNu_HT100to200_2022/file103
hadd Target file: tree_hadd_103.root
hadd compression setting for all output: 1
hadd Source file 1: tree.root
hadd Source file 2: hist.root
hadd Target path: tree_hadd_103.root:/
hadd Target path: tree_hadd_103.root:/plots
/tmp/lfavilla/ZJetsToNuNu_HT100to200_2022/file103
