Standalone environment set.
/tmp/lfavilla/ZJetsToNuNu_HT100to200_2022/file229
hadd Target file: tree.root
hadd compression setting for all output: 1
hadd Source file 1: ./5ca27cbf-4f2c-42d2-b289-64a29ee472a0_Skim.root
hadd Sources and Target have different compression levels
hadd merging will be slower
hadd Target path: tree.root:/
Will write selected trees to .
Pre-select 16358 entries out of 16358 (100.00%)
Processed    10000/   16358 entries, 61.13% (elapsed time   262.5s, curr speed    0.038 kHz, avg speed    0.038 kHz), accepted     1565/   10001 events (15.65%)
Processed 16358 preselected entries from root://cms-xrd-global.cern.ch//store/mc/Run3Summer22NanoAODv12/Zto2Nu-4Jets_HT-100to200_TuneCP5_13p6TeV_madgraphMLM-pythia8/NANOAODSIM/130X_mcRun3_2022_realistic_v5-v2/50000/5ca27cbf-4f2c-42d2-b289-64a29ee472a0.root (16358 entries). Finally selected 2565 entries
Done ./5ca27cbf-4f2c-42d2-b289-64a29ee472a0_Skim.root
Total time 393.5 sec. to process 16358 events. Rate = 41.6 Hz.
DONE
/tmp/lfavilla/ZJetsToNuNu_HT100to200_2022/file229
hadd Target file: tree_hadd_229.root
hadd compression setting for all output: 1
hadd Source file 1: tree.root
hadd Source file 2: hist.root
hadd Target path: tree_hadd_229.root:/
hadd Target path: tree_hadd_229.root:/plots
/tmp/lfavilla/ZJetsToNuNu_HT100to200_2022/file229
