Standalone environment set.
/tmp/lfavilla/ZJetsToNuNu_HT100to200_2022/file142
hadd Target file: tree.root
hadd compression setting for all output: 1
hadd Source file 1: ./3ace5ae1-c4ea-4376-b138-4f0f04a6cbaa_Skim.root
hadd Sources and Target have different compression levels
hadd merging will be slower
hadd Target path: tree.root:/
Will write selected trees to .
Pre-select 170986 entries out of 170986 (100.00%)
Processed    10000/  170986 entries,  5.85% (elapsed time   241.8s, curr speed    0.041 kHz, avg speed    0.041 kHz), accepted     1547/   10001 events (15.47%)
Processed    20000/  170986 entries, 11.70% (elapsed time   462.0s, curr speed    0.045 kHz, avg speed    0.043 kHz), accepted     3137/   20001 events (15.68%)
Processed    30000/  170986 entries, 17.55% (elapsed time   631.4s, curr speed    0.059 kHz, avg speed    0.048 kHz), accepted     4682/   30001 events (15.61%)
Processed    40000/  170986 entries, 23.39% (elapsed time   893.6s, curr speed    0.038 kHz, avg speed    0.045 kHz), accepted     6291/   40001 events (15.73%)
Processed    50000/  170986 entries, 29.24% (elapsed time  1073.9s, curr speed    0.055 kHz, avg speed    0.047 kHz), accepted     7896/   50001 events (15.79%)
Processed    60000/  170986 entries, 35.09% (elapsed time  1307.1s, curr speed    0.043 kHz, avg speed    0.046 kHz), accepted     9473/   60001 events (15.79%)
Processed    70000/  170986 entries, 40.94% (elapsed time  1543.4s, curr speed    0.042 kHz, avg speed    0.045 kHz), accepted    10997/   70001 events (15.71%)
Processed    80000/  170986 entries, 46.79% (elapsed time  1713.5s, curr speed    0.059 kHz, avg speed    0.047 kHz), accepted    12554/   80001 events (15.69%)
Processed    90000/  170986 entries, 52.64% (elapsed time  1952.8s, curr speed    0.042 kHz, avg speed    0.046 kHz), accepted    14032/   90001 events (15.59%)
Processed   100000/  170986 entries, 58.48% (elapsed time  2159.5s, curr speed    0.048 kHz, avg speed    0.046 kHz), accepted    15608/  100001 events (15.61%)
Processed   110000/  170986 entries, 64.33% (elapsed time  2412.6s, curr speed    0.040 kHz, avg speed    0.046 kHz), accepted    17121/  110001 events (15.56%)
Processed   120000/  170986 entries, 70.18% (elapsed time  2681.1s, curr speed    0.037 kHz, avg speed    0.045 kHz), accepted    18672/  120001 events (15.56%)
Processed   130000/  170986 entries, 76.03% (elapsed time  2867.7s, curr speed    0.054 kHz, avg speed    0.045 kHz), accepted    20242/  130001 events (15.57%)
Processed   140000/  170986 entries, 81.88% (elapsed time  3147.1s, curr speed    0.036 kHz, avg speed    0.044 kHz), accepted    21804/  140001 events (15.57%)
Processed   150000/  170986 entries, 87.73% (elapsed time  3355.5s, curr speed    0.048 kHz, avg speed    0.045 kHz), accepted    23338/  150001 events (15.56%)
Processed   160000/  170986 entries, 93.57% (elapsed time  3630.6s, curr speed    0.036 kHz, avg speed    0.044 kHz), accepted    24864/  160001 events (15.54%)
Processed   170000/  170986 entries, 99.42% (elapsed time  3878.3s, curr speed    0.040 kHz, avg speed    0.044 kHz), accepted    26410/  170001 events (15.54%)
Processed 170986 preselected entries from root://cms-xrd-global.cern.ch//store/mc/Run3Summer22NanoAODv12/Zto2Nu-4Jets_HT-100to200_TuneCP5_13p6TeV_madgraphMLM-pythia8/NANOAODSIM/130X_mcRun3_2022_realistic_v5-v2/40000/3ace5ae1-c4ea-4376-b138-4f0f04a6cbaa.root (170986 entries). Finally selected 26568 entries
Done ./3ace5ae1-c4ea-4376-b138-4f0f04a6cbaa_Skim.root
Total time 3954.2 sec. to process 170986 events. Rate = 43.2 Hz.
DONE
/tmp/lfavilla/ZJetsToNuNu_HT100to200_2022/file142
hadd Target file: tree_hadd_142.root
hadd compression setting for all output: 1
hadd Source file 1: tree.root
hadd Source file 2: hist.root
hadd Target path: tree_hadd_142.root:/
hadd Target path: tree_hadd_142.root:/plots
/tmp/lfavilla/ZJetsToNuNu_HT100to200_2022/file142
