Standalone environment set.
/tmp/lfavilla/ZJetsToNuNu_HT100to200_2022/file145
hadd Target file: tree.root
hadd compression setting for all output: 1
hadd Source file 1: ./23b24580-79eb-41c5-ad80-de2aec538517_Skim.root
hadd Sources and Target have different compression levels
hadd merging will be slower
hadd Target path: tree.root:/
Will write selected trees to .
Pre-select 180492 entries out of 180492 (100.00%)
Processed    10000/  180492 entries,  5.54% (elapsed time   232.9s, curr speed    0.043 kHz, avg speed    0.043 kHz), accepted     1594/   10001 events (15.94%)
Processed    20000/  180492 entries, 11.08% (elapsed time   431.6s, curr speed    0.050 kHz, avg speed    0.046 kHz), accepted     3167/   20001 events (15.83%)
Processed    30000/  180492 entries, 16.62% (elapsed time   568.6s, curr speed    0.073 kHz, avg speed    0.053 kHz), accepted     4729/   30001 events (15.76%)
Processed    40000/  180492 entries, 22.16% (elapsed time   765.8s, curr speed    0.051 kHz, avg speed    0.052 kHz), accepted     6324/   40001 events (15.81%)
Processed    50000/  180492 entries, 27.70% (elapsed time   915.0s, curr speed    0.067 kHz, avg speed    0.055 kHz), accepted     7870/   50001 events (15.74%)
Processed    60000/  180492 entries, 33.24% (elapsed time  1103.6s, curr speed    0.053 kHz, avg speed    0.054 kHz), accepted     9411/   60001 events (15.68%)
Processed    70000/  180492 entries, 38.78% (elapsed time  1317.9s, curr speed    0.047 kHz, avg speed    0.053 kHz), accepted    10968/   70001 events (15.67%)
Processed    80000/  180492 entries, 44.32% (elapsed time  1471.9s, curr speed    0.065 kHz, avg speed    0.054 kHz), accepted    12528/   80001 events (15.66%)
Processed    90000/  180492 entries, 49.86% (elapsed time  1671.7s, curr speed    0.050 kHz, avg speed    0.054 kHz), accepted    14044/   90001 events (15.60%)
Processed   100000/  180492 entries, 55.40% (elapsed time  1831.8s, curr speed    0.062 kHz, avg speed    0.055 kHz), accepted    15613/  100001 events (15.61%)
Processed   110000/  180492 entries, 60.94% (elapsed time  2042.8s, curr speed    0.047 kHz, avg speed    0.054 kHz), accepted    17164/  110001 events (15.60%)
Processed   120000/  180492 entries, 66.48% (elapsed time  2268.8s, curr speed    0.044 kHz, avg speed    0.053 kHz), accepted    18760/  120001 events (15.63%)
Processed   130000/  180492 entries, 72.03% (elapsed time  2427.7s, curr speed    0.063 kHz, avg speed    0.054 kHz), accepted    20314/  130001 events (15.63%)
Processed   140000/  180492 entries, 77.57% (elapsed time  2658.9s, curr speed    0.043 kHz, avg speed    0.053 kHz), accepted    21880/  140001 events (15.63%)
Processed   150000/  180492 entries, 83.11% (elapsed time  2831.0s, curr speed    0.058 kHz, avg speed    0.053 kHz), accepted    23412/  150001 events (15.61%)
Processed   160000/  180492 entries, 88.65% (elapsed time  3055.2s, curr speed    0.045 kHz, avg speed    0.052 kHz), accepted    24955/  160001 events (15.60%)
Processed   170000/  180492 entries, 94.19% (elapsed time  3230.1s, curr speed    0.057 kHz, avg speed    0.053 kHz), accepted    26431/  170001 events (15.55%)
Processed   180000/  180492 entries, 99.73% (elapsed time  3430.0s, curr speed    0.050 kHz, avg speed    0.052 kHz), accepted    27955/  180001 events (15.53%)
Processed 180492 preselected entries from root://cms-xrd-global.cern.ch//store/mc/Run3Summer22NanoAODv12/Zto2Nu-4Jets_HT-100to200_TuneCP5_13p6TeV_madgraphMLM-pythia8/NANOAODSIM/130X_mcRun3_2022_realistic_v5-v2/50000/23b24580-79eb-41c5-ad80-de2aec538517.root (180492 entries). Finally selected 28028 entries
Done ./23b24580-79eb-41c5-ad80-de2aec538517_Skim.root
Total time 3492.5 sec. to process 180492 events. Rate = 51.7 Hz.
DONE
/tmp/lfavilla/ZJetsToNuNu_HT100to200_2022/file145
hadd Target file: tree_hadd_145.root
hadd compression setting for all output: 1
hadd Source file 1: tree.root
hadd Source file 2: hist.root
hadd Target path: tree_hadd_145.root:/
hadd Target path: tree_hadd_145.root:/plots
/tmp/lfavilla/ZJetsToNuNu_HT100to200_2022/file145
