Standalone environment set.
/tmp/lfavilla/ZJetsToNuNu_HT100to200_2022/file231
hadd Target file: tree.root
hadd compression setting for all output: 1
hadd Source file 1: ./b28e6665-6058-4184-9505-48b4e699c447_Skim.root
hadd Sources and Target have different compression levels
hadd merging will be slower
hadd Target path: tree.root:/
Will write selected trees to .
Pre-select 58109 entries out of 58109 (100.00%)
Processed    10000/   58109 entries, 17.21% (elapsed time   257.7s, curr speed    0.039 kHz, avg speed    0.039 kHz), accepted     1494/   10001 events (14.94%)
Processed    20000/   58109 entries, 34.42% (elapsed time   488.7s, curr speed    0.043 kHz, avg speed    0.041 kHz), accepted     3032/   20001 events (15.16%)
Processed    30000/   58109 entries, 51.63% (elapsed time   679.3s, curr speed    0.052 kHz, avg speed    0.044 kHz), accepted     4628/   30001 events (15.43%)
Processed    40000/   58109 entries, 68.84% (elapsed time   910.5s, curr speed    0.043 kHz, avg speed    0.044 kHz), accepted     6205/   40001 events (15.51%)
Processed    50000/   58109 entries, 86.05% (elapsed time  1097.8s, curr speed    0.053 kHz, avg speed    0.046 kHz), accepted     7817/   50001 events (15.63%)
Processed 58109 preselected entries from root://cms-xrd-global.cern.ch//store/mc/Run3Summer22NanoAODv12/Zto2Nu-4Jets_HT-100to200_TuneCP5_13p6TeV_madgraphMLM-pythia8/NANOAODSIM/130X_mcRun3_2022_realistic_v5-v2/2520000/b28e6665-6058-4184-9505-48b4e699c447.root (58109 entries). Finally selected 9010 entries
Done ./b28e6665-6058-4184-9505-48b4e699c447_Skim.root
Total time 1347.4 sec. to process 58109 events. Rate = 43.1 Hz.
DONE
/tmp/lfavilla/ZJetsToNuNu_HT100to200_2022/file231
hadd Target file: tree_hadd_231.root
hadd compression setting for all output: 1
hadd Source file 1: tree.root
hadd Source file 2: hist.root
hadd Target path: tree_hadd_231.root:/
hadd Target path: tree_hadd_231.root:/plots
/tmp/lfavilla/ZJetsToNuNu_HT100to200_2022/file231
