Standalone environment set.
/tmp/lfavilla/ZJetsToNuNu_HT100to200_2022/file85
hadd Target file: tree.root
hadd compression setting for all output: 1
hadd Source file 1: ./c7881c5b-c05b-4613-be89-27d929d5d23a_Skim.root
hadd Sources and Target have different compression levels
hadd merging will be slower
hadd Target path: tree.root:/
Will write selected trees to .
Pre-select 161745 entries out of 161745 (100.00%)
Processed    10000/  161745 entries,  6.18% (elapsed time   260.2s, curr speed    0.038 kHz, avg speed    0.038 kHz), accepted     1547/   10001 events (15.47%)
Processed    20000/  161745 entries, 12.37% (elapsed time   482.4s, curr speed    0.045 kHz, avg speed    0.041 kHz), accepted     3126/   20001 events (15.63%)
Processed    30000/  161745 entries, 18.55% (elapsed time   662.2s, curr speed    0.056 kHz, avg speed    0.045 kHz), accepted     4665/   30001 events (15.55%)
Processed    40000/  161745 entries, 24.73% (elapsed time   904.9s, curr speed    0.041 kHz, avg speed    0.044 kHz), accepted     6260/   40001 events (15.65%)
Processed    50000/  161745 entries, 30.91% (elapsed time  1083.8s, curr speed    0.056 kHz, avg speed    0.046 kHz), accepted     7839/   50001 events (15.68%)
Processed    60000/  161745 entries, 37.10% (elapsed time  1316.6s, curr speed    0.043 kHz, avg speed    0.046 kHz), accepted     9420/   60001 events (15.70%)
Processed    70000/  161745 entries, 43.28% (elapsed time  1502.5s, curr speed    0.054 kHz, avg speed    0.047 kHz), accepted    10973/   70001 events (15.68%)
Processed    80000/  161745 entries, 49.46% (elapsed time  1721.3s, curr speed    0.046 kHz, avg speed    0.046 kHz), accepted    12572/   80001 events (15.71%)
Processed    90000/  161745 entries, 55.64% (elapsed time  1944.0s, curr speed    0.045 kHz, avg speed    0.046 kHz), accepted    14149/   90001 events (15.72%)
Processed   100000/  161745 entries, 61.83% (elapsed time  2119.9s, curr speed    0.057 kHz, avg speed    0.047 kHz), accepted    15707/  100001 events (15.71%)
Processed   110000/  161745 entries, 68.01% (elapsed time  2349.0s, curr speed    0.044 kHz, avg speed    0.047 kHz), accepted    17225/  110001 events (15.66%)
Processed   120000/  161745 entries, 74.19% (elapsed time  2531.4s, curr speed    0.055 kHz, avg speed    0.047 kHz), accepted    18850/  120001 events (15.71%)
Processed   130000/  161745 entries, 80.37% (elapsed time  2759.9s, curr speed    0.044 kHz, avg speed    0.047 kHz), accepted    20359/  130001 events (15.66%)
Processed   140000/  161745 entries, 86.56% (elapsed time  2946.6s, curr speed    0.054 kHz, avg speed    0.048 kHz), accepted    21903/  140001 events (15.64%)
Processed   150000/  161745 entries, 92.74% (elapsed time  3164.5s, curr speed    0.046 kHz, avg speed    0.047 kHz), accepted    23491/  150001 events (15.66%)
Processed   160000/  161745 entries, 98.92% (elapsed time  3397.1s, curr speed    0.043 kHz, avg speed    0.047 kHz), accepted    25094/  160001 events (15.68%)
Processed 161745 preselected entries from root://cms-xrd-global.cern.ch//store/mc/Run3Summer22NanoAODv12/Zto2Nu-4Jets_HT-100to200_TuneCP5_13p6TeV_madgraphMLM-pythia8/NANOAODSIM/130X_mcRun3_2022_realistic_v5-v2/2530000/c7881c5b-c05b-4613-be89-27d929d5d23a.root (161745 entries). Finally selected 25354 entries
Done ./c7881c5b-c05b-4613-be89-27d929d5d23a_Skim.root
Total time 3484.4 sec. to process 161745 events. Rate = 46.4 Hz.
DONE
/tmp/lfavilla/ZJetsToNuNu_HT100to200_2022/file85
hadd Target file: tree_hadd_85.root
hadd compression setting for all output: 1
hadd Source file 1: tree.root
hadd Source file 2: hist.root
hadd Target path: tree_hadd_85.root:/
hadd Target path: tree_hadd_85.root:/plots
/tmp/lfavilla/ZJetsToNuNu_HT100to200_2022/file85
