Standalone environment set.
/tmp/lfavilla/ZJetsToNuNu_HT100to200_2022/file105
hadd Target file: tree.root
hadd compression setting for all output: 1
hadd Source file 1: ./2cdda209-e6a9-4d1d-90be-2a687165463c_Skim.root
hadd Sources and Target have different compression levels
hadd merging will be slower
hadd Target path: tree.root:/
Will write selected trees to .
Pre-select 172971 entries out of 172971 (100.00%)
Processed    10000/  172971 entries,  5.78% (elapsed time   219.7s, curr speed    0.046 kHz, avg speed    0.046 kHz), accepted     1548/   10001 events (15.48%)
Processed    20000/  172971 entries, 11.56% (elapsed time   433.9s, curr speed    0.047 kHz, avg speed    0.046 kHz), accepted     3073/   20001 events (15.36%)
Processed    30000/  172971 entries, 17.34% (elapsed time   609.2s, curr speed    0.057 kHz, avg speed    0.049 kHz), accepted     4724/   30001 events (15.75%)
Processed    40000/  172971 entries, 23.13% (elapsed time   835.5s, curr speed    0.044 kHz, avg speed    0.048 kHz), accepted     6251/   40001 events (15.63%)
Processed    50000/  172971 entries, 28.91% (elapsed time  1016.4s, curr speed    0.055 kHz, avg speed    0.049 kHz), accepted     7822/   50001 events (15.64%)
Processed    60000/  172971 entries, 34.69% (elapsed time  1238.3s, curr speed    0.045 kHz, avg speed    0.048 kHz), accepted     9406/   60001 events (15.68%)
Processed    70000/  172971 entries, 40.47% (elapsed time  1472.3s, curr speed    0.043 kHz, avg speed    0.048 kHz), accepted    10976/   70001 events (15.68%)
Processed    80000/  172971 entries, 46.25% (elapsed time  1653.8s, curr speed    0.055 kHz, avg speed    0.048 kHz), accepted    12531/   80001 events (15.66%)
Processed    90000/  172971 entries, 52.03% (elapsed time  1881.3s, curr speed    0.044 kHz, avg speed    0.048 kHz), accepted    14090/   90001 events (15.66%)
Processed   100000/  172971 entries, 57.81% (elapsed time  2074.4s, curr speed    0.052 kHz, avg speed    0.048 kHz), accepted    15698/  100001 events (15.70%)
Processed   110000/  172971 entries, 63.59% (elapsed time  2321.1s, curr speed    0.041 kHz, avg speed    0.047 kHz), accepted    17251/  110001 events (15.68%)
Processed   120000/  172971 entries, 69.38% (elapsed time  2573.8s, curr speed    0.040 kHz, avg speed    0.047 kHz), accepted    18819/  120001 events (15.68%)
Processed   130000/  172971 entries, 75.16% (elapsed time  2773.9s, curr speed    0.050 kHz, avg speed    0.047 kHz), accepted    20410/  130001 events (15.70%)
Processed   140000/  172971 entries, 80.94% (elapsed time  3040.9s, curr speed    0.037 kHz, avg speed    0.046 kHz), accepted    21899/  140001 events (15.64%)
Processed   150000/  172971 entries, 86.72% (elapsed time  3241.4s, curr speed    0.050 kHz, avg speed    0.046 kHz), accepted    23437/  150001 events (15.62%)
Processed   160000/  172971 entries, 92.50% (elapsed time  3510.2s, curr speed    0.037 kHz, avg speed    0.046 kHz), accepted    25079/  160001 events (15.67%)
Processed   170000/  172971 entries, 98.28% (elapsed time  3771.6s, curr speed    0.038 kHz, avg speed    0.045 kHz), accepted    26638/  170001 events (15.67%)
Processed 172971 preselected entries from root://cms-xrd-global.cern.ch//store/mc/Run3Summer22NanoAODv12/Zto2Nu-4Jets_HT-100to200_TuneCP5_13p6TeV_madgraphMLM-pythia8/NANOAODSIM/130X_mcRun3_2022_realistic_v5-v2/2530000/2cdda209-e6a9-4d1d-90be-2a687165463c.root (172971 entries). Finally selected 27055 entries
Done ./2cdda209-e6a9-4d1d-90be-2a687165463c_Skim.root
Total time 3875.3 sec. to process 172971 events. Rate = 44.6 Hz.
DONE
/tmp/lfavilla/ZJetsToNuNu_HT100to200_2022/file105
hadd Target file: tree_hadd_105.root
hadd compression setting for all output: 1
hadd Source file 1: tree.root
hadd Source file 2: hist.root
hadd Target path: tree_hadd_105.root:/
hadd Target path: tree_hadd_105.root:/plots
/tmp/lfavilla/ZJetsToNuNu_HT100to200_2022/file105
