Standalone environment set.
/tmp/lfavilla/ZJetsToNuNu_HT100to200_2022/file110
hadd Target file: tree.root
hadd compression setting for all output: 1
hadd Source file 1: ./867f8788-3908-4059-8150-5fb6d87df865_Skim.root
hadd Sources and Target have different compression levels
hadd merging will be slower
hadd Target path: tree.root:/
Will write selected trees to .
Pre-select 177467 entries out of 177467 (100.00%)
Processed    10000/  177467 entries,  5.63% (elapsed time   237.6s, curr speed    0.042 kHz, avg speed    0.042 kHz), accepted     1628/   10001 events (16.28%)
Processed    20000/  177467 entries, 11.27% (elapsed time   452.2s, curr speed    0.047 kHz, avg speed    0.044 kHz), accepted     3196/   20001 events (15.98%)
Processed    30000/  177467 entries, 16.90% (elapsed time   604.0s, curr speed    0.066 kHz, avg speed    0.050 kHz), accepted     4725/   30001 events (15.75%)
Processed    40000/  177467 entries, 22.54% (elapsed time   840.1s, curr speed    0.042 kHz, avg speed    0.048 kHz), accepted     6213/   40001 events (15.53%)
Processed    50000/  177467 entries, 28.17% (elapsed time  1001.0s, curr speed    0.062 kHz, avg speed    0.050 kHz), accepted     7713/   50001 events (15.43%)
Processed    60000/  177467 entries, 33.81% (elapsed time  1248.4s, curr speed    0.040 kHz, avg speed    0.048 kHz), accepted     9272/   60001 events (15.45%)
Processed    70000/  177467 entries, 39.44% (elapsed time  1482.0s, curr speed    0.043 kHz, avg speed    0.047 kHz), accepted    10888/   70001 events (15.55%)
Processed    80000/  177467 entries, 45.08% (elapsed time  1646.2s, curr speed    0.061 kHz, avg speed    0.049 kHz), accepted    12396/   80001 events (15.49%)
Processed    90000/  177467 entries, 50.71% (elapsed time  1867.8s, curr speed    0.045 kHz, avg speed    0.048 kHz), accepted    13972/   90001 events (15.52%)
Processed   100000/  177467 entries, 56.35% (elapsed time  2051.2s, curr speed    0.055 kHz, avg speed    0.049 kHz), accepted    15530/  100001 events (15.53%)
Processed   110000/  177467 entries, 61.98% (elapsed time  2295.3s, curr speed    0.041 kHz, avg speed    0.048 kHz), accepted    17041/  110001 events (15.49%)
Processed   120000/  177467 entries, 67.62% (elapsed time  2482.0s, curr speed    0.054 kHz, avg speed    0.048 kHz), accepted    18629/  120001 events (15.52%)
Processed   130000/  177467 entries, 73.25% (elapsed time  2719.6s, curr speed    0.042 kHz, avg speed    0.048 kHz), accepted    20190/  130001 events (15.53%)
Processed   140000/  177467 entries, 78.89% (elapsed time  2975.1s, curr speed    0.039 kHz, avg speed    0.047 kHz), accepted    21736/  140001 events (15.53%)
Processed   150000/  177467 entries, 84.52% (elapsed time  3154.9s, curr speed    0.056 kHz, avg speed    0.048 kHz), accepted    23256/  150001 events (15.50%)
Processed   160000/  177467 entries, 90.16% (elapsed time  3410.2s, curr speed    0.039 kHz, avg speed    0.047 kHz), accepted    24865/  160001 events (15.54%)
Processed   170000/  177467 entries, 95.79% (elapsed time  3597.4s, curr speed    0.053 kHz, avg speed    0.047 kHz), accepted    26415/  170001 events (15.54%)
Processed 177467 preselected entries from root://cms-xrd-global.cern.ch//store/mc/Run3Summer22NanoAODv12/Zto2Nu-4Jets_HT-100to200_TuneCP5_13p6TeV_madgraphMLM-pythia8/NANOAODSIM/130X_mcRun3_2022_realistic_v5-v2/30000/867f8788-3908-4059-8150-5fb6d87df865.root (177467 entries). Finally selected 27577 entries
Done ./867f8788-3908-4059-8150-5fb6d87df865_Skim.root
Total time 3877.1 sec. to process 177467 events. Rate = 45.8 Hz.
DONE
/tmp/lfavilla/ZJetsToNuNu_HT100to200_2022/file110
hadd Target file: tree_hadd_110.root
hadd compression setting for all output: 1
hadd Source file 1: tree.root
hadd Source file 2: hist.root
hadd Target path: tree_hadd_110.root:/
hadd Target path: tree_hadd_110.root:/plots
/tmp/lfavilla/ZJetsToNuNu_HT100to200_2022/file110
