Standalone environment set.
/tmp/lfavilla/ZJetsToNuNu_HT100to200_2022/file155
hadd Target file: tree.root
hadd compression setting for all output: 1
hadd Source file 1: ./950cd23f-72cd-4ffe-9025-945c85442ea7_Skim.root
hadd Sources and Target have different compression levels
hadd merging will be slower
hadd Target path: tree.root:/
Will write selected trees to .
Pre-select 57509 entries out of 57509 (100.00%)
Processed    10000/   57509 entries, 17.39% (elapsed time   229.1s, curr speed    0.044 kHz, avg speed    0.044 kHz), accepted     1559/   10001 events (15.59%)
Processed    20000/   57509 entries, 34.78% (elapsed time   422.3s, curr speed    0.052 kHz, avg speed    0.047 kHz), accepted     3110/   20001 events (15.55%)
Processed    30000/   57509 entries, 52.17% (elapsed time   562.5s, curr speed    0.071 kHz, avg speed    0.053 kHz), accepted     4654/   30001 events (15.51%)
Processed    40000/   57509 entries, 69.55% (elapsed time   778.9s, curr speed    0.046 kHz, avg speed    0.051 kHz), accepted     6163/   40001 events (15.41%)
Processed    50000/   57509 entries, 86.94% (elapsed time   947.7s, curr speed    0.059 kHz, avg speed    0.053 kHz), accepted     7748/   50001 events (15.50%)
Processed 57509 preselected entries from root://cms-xrd-global.cern.ch//store/mc/Run3Summer22NanoAODv12/Zto2Nu-4Jets_HT-100to200_TuneCP5_13p6TeV_madgraphMLM-pythia8/NANOAODSIM/130X_mcRun3_2022_realistic_v5-v2/2530000/950cd23f-72cd-4ffe-9025-945c85442ea7.root (57509 entries). Finally selected 8922 entries
Done ./950cd23f-72cd-4ffe-9025-945c85442ea7_Skim.root
Total time 1143.8 sec. to process 57509 events. Rate = 50.3 Hz.
DONE
/tmp/lfavilla/ZJetsToNuNu_HT100to200_2022/file155
hadd Target file: tree_hadd_155.root
hadd compression setting for all output: 1
hadd Source file 1: tree.root
hadd Source file 2: hist.root
hadd Target path: tree_hadd_155.root:/
hadd Target path: tree_hadd_155.root:/plots
/tmp/lfavilla/ZJetsToNuNu_HT100to200_2022/file155
