Standalone environment set.
/tmp/lfavilla/ZJetsToNuNu_HT100to200_2022/file61
hadd Target file: tree.root
hadd compression setting for all output: 1
hadd Source file 1: ./9cdadc86-42ff-44c5-9099-a2040cab0232_Skim.root
hadd Sources and Target have different compression levels
hadd merging will be slower
hadd Target path: tree.root:/
Will write selected trees to .
Pre-select 145496 entries out of 145496 (100.00%)
Processed    10000/  145496 entries,  6.87% (elapsed time   273.1s, curr speed    0.037 kHz, avg speed    0.037 kHz), accepted     1552/   10001 events (15.52%)
Processed    20000/  145496 entries, 13.75% (elapsed time   507.2s, curr speed    0.043 kHz, avg speed    0.039 kHz), accepted     3089/   20001 events (15.44%)
Processed    30000/  145496 entries, 20.62% (elapsed time   709.0s, curr speed    0.050 kHz, avg speed    0.042 kHz), accepted     4642/   30001 events (15.47%)
Processed    40000/  145496 entries, 27.49% (elapsed time   948.9s, curr speed    0.042 kHz, avg speed    0.042 kHz), accepted     6227/   40001 events (15.57%)
Processed    50000/  145496 entries, 34.37% (elapsed time  1153.8s, curr speed    0.049 kHz, avg speed    0.043 kHz), accepted     7870/   50001 events (15.74%)
Processed    60000/  145496 entries, 41.24% (elapsed time  1384.7s, curr speed    0.043 kHz, avg speed    0.043 kHz), accepted     9458/   60001 events (15.76%)
Processed    70000/  145496 entries, 48.11% (elapsed time  1621.9s, curr speed    0.042 kHz, avg speed    0.043 kHz), accepted    10962/   70001 events (15.66%)
Processed    80000/  145496 entries, 54.98% (elapsed time  1811.4s, curr speed    0.053 kHz, avg speed    0.044 kHz), accepted    12507/   80001 events (15.63%)
Processed    90000/  145496 entries, 61.86% (elapsed time  2063.8s, curr speed    0.040 kHz, avg speed    0.044 kHz), accepted    14046/   90001 events (15.61%)
Processed   100000/  145496 entries, 68.73% (elapsed time  2264.3s, curr speed    0.050 kHz, avg speed    0.044 kHz), accepted    15590/  100001 events (15.59%)
Processed   110000/  145496 entries, 75.60% (elapsed time  2502.8s, curr speed    0.042 kHz, avg speed    0.044 kHz), accepted    17123/  110001 events (15.57%)
Processed   120000/  145496 entries, 82.48% (elapsed time  2745.6s, curr speed    0.041 kHz, avg speed    0.044 kHz), accepted    18659/  120001 events (15.55%)
Processed   130000/  145496 entries, 89.35% (elapsed time  2938.2s, curr speed    0.052 kHz, avg speed    0.044 kHz), accepted    20232/  130001 events (15.56%)
Processed   140000/  145496 entries, 96.22% (elapsed time  3175.5s, curr speed    0.042 kHz, avg speed    0.044 kHz), accepted    21791/  140001 events (15.56%)
Processed 145496 preselected entries from root://cms-xrd-global.cern.ch//store/mc/Run3Summer22NanoAODv12/Zto2Nu-4Jets_HT-100to200_TuneCP5_13p6TeV_madgraphMLM-pythia8/NANOAODSIM/130X_mcRun3_2022_realistic_v5-v2/2530000/9cdadc86-42ff-44c5-9099-a2040cab0232.root (145496 entries). Finally selected 22644 entries
Done ./9cdadc86-42ff-44c5-9099-a2040cab0232_Skim.root
Total time 3386.7 sec. to process 145496 events. Rate = 43.0 Hz.
DONE
/tmp/lfavilla/ZJetsToNuNu_HT100to200_2022/file61
hadd Target file: tree_hadd_61.root
hadd compression setting for all output: 1
hadd Source file 1: tree.root
hadd Source file 2: hist.root
hadd Target path: tree_hadd_61.root:/
hadd Target path: tree_hadd_61.root:/plots
/tmp/lfavilla/ZJetsToNuNu_HT100to200_2022/file61
