Standalone environment set.
/tmp/lfavilla/ZJetsToNuNu_HT100to200_2022/file8
hadd Target file: tree.root
hadd compression setting for all output: 1
hadd Source file 1: ./39fdccbf-5b07-4677-a493-d9ee67fc696e_Skim.root
hadd Sources and Target have different compression levels
hadd merging will be slower
hadd Target path: tree.root:/
Will write selected trees to .
Pre-select 101087 entries out of 101087 (100.00%)
Processed    10000/  101087 entries,  9.89% (elapsed time   231.4s, curr speed    0.043 kHz, avg speed    0.043 kHz), accepted     1588/   10001 events (15.88%)
Processed    20000/  101087 entries, 19.78% (elapsed time   432.8s, curr speed    0.050 kHz, avg speed    0.046 kHz), accepted     3189/   20001 events (15.94%)
Processed    30000/  101087 entries, 29.68% (elapsed time   582.2s, curr speed    0.067 kHz, avg speed    0.052 kHz), accepted     4703/   30001 events (15.68%)
Processed    40000/  101087 entries, 39.57% (elapsed time   786.2s, curr speed    0.049 kHz, avg speed    0.051 kHz), accepted     6346/   40001 events (15.86%)
Processed    50000/  101087 entries, 49.46% (elapsed time   944.7s, curr speed    0.063 kHz, avg speed    0.053 kHz), accepted     7880/   50001 events (15.76%)
Processed    60000/  101087 entries, 59.35% (elapsed time  1143.8s, curr speed    0.050 kHz, avg speed    0.052 kHz), accepted     9408/   60001 events (15.68%)
Processed    70000/  101087 entries, 69.25% (elapsed time  1343.8s, curr speed    0.050 kHz, avg speed    0.052 kHz), accepted    10940/   70001 events (15.63%)
Processed    80000/  101087 entries, 79.14% (elapsed time  1485.4s, curr speed    0.071 kHz, avg speed    0.054 kHz), accepted    12472/   80001 events (15.59%)
Processed    90000/  101087 entries, 89.03% (elapsed time  1688.6s, curr speed    0.049 kHz, avg speed    0.053 kHz), accepted    14091/   90001 events (15.66%)
Processed   100000/  101087 entries, 98.92% (elapsed time  1859.0s, curr speed    0.059 kHz, avg speed    0.054 kHz), accepted    15671/  100001 events (15.67%)
Processed 101087 preselected entries from root://cms-xrd-global.cern.ch//store/mc/Run3Summer22NanoAODv12/Zto2Nu-4Jets_HT-100to200_TuneCP5_13p6TeV_madgraphMLM-pythia8/NANOAODSIM/130X_mcRun3_2022_realistic_v5-v2/2530000/39fdccbf-5b07-4677-a493-d9ee67fc696e.root (101087 entries). Finally selected 15817 entries
Done ./39fdccbf-5b07-4677-a493-d9ee67fc696e_Skim.root
Total time 1949.4 sec. to process 101087 events. Rate = 51.9 Hz.
DONE
/tmp/lfavilla/ZJetsToNuNu_HT100to200_2022/file8
hadd Target file: tree_hadd_8.root
hadd compression setting for all output: 1
hadd Source file 1: tree.root
hadd Source file 2: hist.root
hadd Target path: tree_hadd_8.root:/
hadd Target path: tree_hadd_8.root:/plots
/tmp/lfavilla/ZJetsToNuNu_HT100to200_2022/file8
