Standalone environment set.
/tmp/lfavilla/ZJetsToNuNu_HT100to200_2022/file132
hadd Target file: tree.root
hadd compression setting for all output: 1
hadd Source file 1: ./f22c1a6b-1f42-452d-b04e-22acaade0341_Skim.root
hadd Sources and Target have different compression levels
hadd merging will be slower
hadd Target path: tree.root:/
Will write selected trees to .
Pre-select 187513 entries out of 187513 (100.00%)
Processed    10000/  187513 entries,  5.33% (elapsed time   306.6s, curr speed    0.033 kHz, avg speed    0.033 kHz), accepted     1536/   10001 events (15.36%)
Processed    20000/  187513 entries, 10.67% (elapsed time   569.6s, curr speed    0.038 kHz, avg speed    0.035 kHz), accepted     3069/   20001 events (15.34%)
Processed    30000/  187513 entries, 16.00% (elapsed time   710.7s, curr speed    0.071 kHz, avg speed    0.042 kHz), accepted     4552/   30001 events (15.17%)
Processed    40000/  187513 entries, 21.33% (elapsed time   921.4s, curr speed    0.047 kHz, avg speed    0.043 kHz), accepted     6117/   40001 events (15.29%)
Processed    50000/  187513 entries, 26.66% (elapsed time  1079.0s, curr speed    0.063 kHz, avg speed    0.046 kHz), accepted     7681/   50001 events (15.36%)
Processed    60000/  187513 entries, 32.00% (elapsed time  1279.2s, curr speed    0.050 kHz, avg speed    0.047 kHz), accepted     9120/   60001 events (15.20%)
Processed    70000/  187513 entries, 37.33% (elapsed time  1496.9s, curr speed    0.046 kHz, avg speed    0.047 kHz), accepted    10693/   70001 events (15.28%)
Processed    80000/  187513 entries, 42.66% (elapsed time  1658.1s, curr speed    0.062 kHz, avg speed    0.048 kHz), accepted    12204/   80001 events (15.25%)
Processed    90000/  187513 entries, 48.00% (elapsed time  1875.8s, curr speed    0.046 kHz, avg speed    0.048 kHz), accepted    13771/   90001 events (15.30%)
Processed   100000/  187513 entries, 53.33% (elapsed time  2042.8s, curr speed    0.060 kHz, avg speed    0.049 kHz), accepted    15339/  100001 events (15.34%)
Processed   110000/  187513 entries, 58.66% (elapsed time  2268.3s, curr speed    0.044 kHz, avg speed    0.048 kHz), accepted    16895/  110001 events (15.36%)
Processed   120000/  187513 entries, 64.00% (elapsed time  2443.0s, curr speed    0.057 kHz, avg speed    0.049 kHz), accepted    18485/  120001 events (15.40%)
Processed   130000/  187513 entries, 69.33% (elapsed time  2665.7s, curr speed    0.045 kHz, avg speed    0.049 kHz), accepted    20076/  130001 events (15.44%)
Processed   140000/  187513 entries, 74.66% (elapsed time  2901.6s, curr speed    0.042 kHz, avg speed    0.048 kHz), accepted    21601/  140001 events (15.43%)
Processed   150000/  187513 entries, 79.99% (elapsed time  3065.7s, curr speed    0.061 kHz, avg speed    0.049 kHz), accepted    23192/  150001 events (15.46%)
Processed   160000/  187513 entries, 85.33% (elapsed time  3293.2s, curr speed    0.044 kHz, avg speed    0.049 kHz), accepted    24756/  160001 events (15.47%)
Processed   170000/  187513 entries, 90.66% (elapsed time  3471.4s, curr speed    0.056 kHz, avg speed    0.049 kHz), accepted    26353/  170001 events (15.50%)
Processed   180000/  187513 entries, 95.99% (elapsed time  3694.6s, curr speed    0.045 kHz, avg speed    0.049 kHz), accepted    27930/  180001 events (15.52%)
Processed 187513 preselected entries from root://cms-xrd-global.cern.ch//store/mc/Run3Summer22NanoAODv12/Zto2Nu-4Jets_HT-100to200_TuneCP5_13p6TeV_madgraphMLM-pythia8/NANOAODSIM/130X_mcRun3_2022_realistic_v5-v2/40000/f22c1a6b-1f42-452d-b04e-22acaade0341.root (187513 entries). Finally selected 29137 entries
Done ./f22c1a6b-1f42-452d-b04e-22acaade0341_Skim.root
Total time 3889.3 sec. to process 187513 events. Rate = 48.2 Hz.
DONE
/tmp/lfavilla/ZJetsToNuNu_HT100to200_2022/file132
hadd Target file: tree_hadd_132.root
hadd compression setting for all output: 1
hadd Source file 1: tree.root
hadd Source file 2: hist.root
hadd Target path: tree_hadd_132.root:/
hadd Target path: tree_hadd_132.root:/plots
/tmp/lfavilla/ZJetsToNuNu_HT100to200_2022/file132
