Standalone environment set.
/tmp/lfavilla/ZJetsToNuNu_HT100to200_2022/file1
hadd Target file: tree.root
hadd compression setting for all output: 1
hadd Source file 1: ./2fd8eef3-cf6c-40b8-89b8-98c5c6a9799d_Skim.root
hadd Sources and Target have different compression levels
hadd merging will be slower
hadd Target path: tree.root:/
Will write selected trees to .
Pre-select 114535 entries out of 114535 (100.00%)
Processed    10000/  114535 entries,  8.73% (elapsed time   243.4s, curr speed    0.041 kHz, avg speed    0.041 kHz), accepted     1538/   10001 events (15.38%)
Processed    20000/  114535 entries, 17.46% (elapsed time   457.5s, curr speed    0.047 kHz, avg speed    0.044 kHz), accepted     3074/   20001 events (15.37%)
Processed    30000/  114535 entries, 26.19% (elapsed time   622.4s, curr speed    0.061 kHz, avg speed    0.048 kHz), accepted     4596/   30001 events (15.32%)
Processed    40000/  114535 entries, 34.92% (elapsed time   846.8s, curr speed    0.045 kHz, avg speed    0.047 kHz), accepted     6170/   40001 events (15.42%)
Processed    50000/  114535 entries, 43.65% (elapsed time  1022.4s, curr speed    0.057 kHz, avg speed    0.049 kHz), accepted     7695/   50001 events (15.39%)
Processed    60000/  114535 entries, 52.39% (elapsed time  1229.6s, curr speed    0.048 kHz, avg speed    0.049 kHz), accepted     9270/   60001 events (15.45%)
Processed    70000/  114535 entries, 61.12% (elapsed time  1460.7s, curr speed    0.043 kHz, avg speed    0.048 kHz), accepted    10814/   70001 events (15.45%)
Processed    80000/  114535 entries, 69.85% (elapsed time  1634.9s, curr speed    0.057 kHz, avg speed    0.049 kHz), accepted    12321/   80001 events (15.40%)
Processed    90000/  114535 entries, 78.58% (elapsed time  1863.0s, curr speed    0.044 kHz, avg speed    0.048 kHz), accepted    13813/   90001 events (15.35%)
Processed   100000/  114535 entries, 87.31% (elapsed time  2053.6s, curr speed    0.052 kHz, avg speed    0.049 kHz), accepted    15393/  100001 events (15.39%)
Processed   110000/  114535 entries, 96.04% (elapsed time  2287.6s, curr speed    0.043 kHz, avg speed    0.048 kHz), accepted    16953/  110001 events (15.41%)
Processed 114535 preselected entries from root://cms-xrd-global.cern.ch//store/mc/Run3Summer22NanoAODv12/Zto2Nu-4Jets_HT-100to200_TuneCP5_13p6TeV_madgraphMLM-pythia8/NANOAODSIM/130X_mcRun3_2022_realistic_v5-v2/2540000/2fd8eef3-cf6c-40b8-89b8-98c5c6a9799d.root (114535 entries). Finally selected 17651 entries
Done ./2fd8eef3-cf6c-40b8-89b8-98c5c6a9799d_Skim.root
Total time 2449.3 sec. to process 114535 events. Rate = 46.8 Hz.
DONE
/tmp/lfavilla/ZJetsToNuNu_HT100to200_2022/file1
hadd Target file: tree_hadd_1.root
hadd compression setting for all output: 1
hadd Source file 1: tree.root
hadd Source file 2: hist.root
hadd Target path: tree_hadd_1.root:/
hadd Target path: tree_hadd_1.root:/plots
/tmp/lfavilla/ZJetsToNuNu_HT100to200_2022/file1
