Standalone environment set.
/tmp/lfavilla/ZJetsToNuNu_HT100to200_2022/file252
hadd Target file: tree.root
hadd compression setting for all output: 1
hadd Source file 1: ./534db03f-c11a-4c3b-a990-a5e3e4f14a07_Skim.root
hadd Sources and Target have different compression levels
hadd merging will be slower
hadd Target path: tree.root:/
Will write selected trees to .
Pre-select 140224 entries out of 140224 (100.00%)
Processed    10000/  140224 entries,  7.13% (elapsed time   235.8s, curr speed    0.042 kHz, avg speed    0.042 kHz), accepted     1583/   10001 events (15.83%)
Processed    20000/  140224 entries, 14.26% (elapsed time   449.5s, curr speed    0.047 kHz, avg speed    0.044 kHz), accepted     3149/   20001 events (15.74%)
Processed    30000/  140224 entries, 21.39% (elapsed time   591.7s, curr speed    0.070 kHz, avg speed    0.051 kHz), accepted     4697/   30001 events (15.66%)
Processed    40000/  140224 entries, 28.53% (elapsed time   815.0s, curr speed    0.045 kHz, avg speed    0.049 kHz), accepted     6236/   40001 events (15.59%)
Processed    50000/  140224 entries, 35.66% (elapsed time   973.8s, curr speed    0.063 kHz, avg speed    0.051 kHz), accepted     7756/   50001 events (15.51%)
Processed    60000/  140224 entries, 42.79% (elapsed time  1180.7s, curr speed    0.048 kHz, avg speed    0.051 kHz), accepted     9377/   60001 events (15.63%)
Processed    70000/  140224 entries, 49.92% (elapsed time  1399.6s, curr speed    0.046 kHz, avg speed    0.050 kHz), accepted    10856/   70001 events (15.51%)
Processed    80000/  140224 entries, 57.05% (elapsed time  1550.7s, curr speed    0.066 kHz, avg speed    0.052 kHz), accepted    12410/   80001 events (15.51%)
Processed    90000/  140224 entries, 64.18% (elapsed time  1777.8s, curr speed    0.044 kHz, avg speed    0.051 kHz), accepted    13987/   90001 events (15.54%)
Processed   100000/  140224 entries, 71.31% (elapsed time  1949.8s, curr speed    0.058 kHz, avg speed    0.051 kHz), accepted    15438/  100001 events (15.44%)
Processed   110000/  140224 entries, 78.45% (elapsed time  2169.6s, curr speed    0.046 kHz, avg speed    0.051 kHz), accepted    17068/  110001 events (15.52%)
Processed   120000/  140224 entries, 85.58% (elapsed time  2404.7s, curr speed    0.043 kHz, avg speed    0.050 kHz), accepted    18645/  120001 events (15.54%)
Processed   130000/  140224 entries, 92.71% (elapsed time  2567.4s, curr speed    0.061 kHz, avg speed    0.051 kHz), accepted    20178/  130001 events (15.52%)
Processed   140000/  140224 entries, 99.84% (elapsed time  2785.7s, curr speed    0.046 kHz, avg speed    0.050 kHz), accepted    21735/  140001 events (15.52%)
Processed 140224 preselected entries from root://cms-xrd-global.cern.ch//store/mc/Run3Summer22NanoAODv12/Zto2Nu-4Jets_HT-100to200_TuneCP5_13p6TeV_madgraphMLM-pythia8/NANOAODSIM/130X_mcRun3_2022_realistic_v5-v2/50000/534db03f-c11a-4c3b-a990-a5e3e4f14a07.root (140224 entries). Finally selected 21771 entries
Done ./534db03f-c11a-4c3b-a990-a5e3e4f14a07_Skim.root
Total time 2832.9 sec. to process 140224 events. Rate = 49.5 Hz.
DONE
/tmp/lfavilla/ZJetsToNuNu_HT100to200_2022/file252
hadd Target file: tree_hadd_252.root
hadd compression setting for all output: 1
hadd Source file 1: tree.root
hadd Source file 2: hist.root
hadd Target path: tree_hadd_252.root:/
hadd Target path: tree_hadd_252.root:/plots
/tmp/lfavilla/ZJetsToNuNu_HT100to200_2022/file252
