Standalone environment set.
/tmp/lfavilla/ZJetsToNuNu_HT100to200_2022/file206
hadd Target file: tree.root
hadd compression setting for all output: 1
hadd Source file 1: ./3be35703-29e2-4a8c-a5d2-776d5bdaa8c1_Skim.root
hadd Sources and Target have different compression levels
hadd merging will be slower
hadd Target path: tree.root:/
Will write selected trees to .
Pre-select 173151 entries out of 173151 (100.00%)
Processed    10000/  173151 entries,  5.78% (elapsed time   236.0s, curr speed    0.042 kHz, avg speed    0.042 kHz), accepted     1625/   10001 events (16.25%)
Processed    20000/  173151 entries, 11.55% (elapsed time   444.8s, curr speed    0.048 kHz, avg speed    0.045 kHz), accepted     3199/   20001 events (15.99%)
Processed    30000/  173151 entries, 17.33% (elapsed time   603.5s, curr speed    0.063 kHz, avg speed    0.050 kHz), accepted     4788/   30001 events (15.96%)
Processed    40000/  173151 entries, 23.10% (elapsed time   811.3s, curr speed    0.048 kHz, avg speed    0.049 kHz), accepted     6341/   40001 events (15.85%)
Processed    50000/  173151 entries, 28.88% (elapsed time   977.5s, curr speed    0.060 kHz, avg speed    0.051 kHz), accepted     7901/   50001 events (15.80%)
Processed    60000/  173151 entries, 34.65% (elapsed time  1191.9s, curr speed    0.047 kHz, avg speed    0.050 kHz), accepted     9426/   60001 events (15.71%)
Processed    70000/  173151 entries, 40.43% (elapsed time  1417.8s, curr speed    0.044 kHz, avg speed    0.049 kHz), accepted    10973/   70001 events (15.68%)
Processed    80000/  173151 entries, 46.20% (elapsed time  1581.0s, curr speed    0.061 kHz, avg speed    0.051 kHz), accepted    12561/   80001 events (15.70%)
Processed    90000/  173151 entries, 51.98% (elapsed time  1793.2s, curr speed    0.047 kHz, avg speed    0.050 kHz), accepted    14100/   90001 events (15.67%)
Processed   100000/  173151 entries, 57.75% (elapsed time  1953.3s, curr speed    0.062 kHz, avg speed    0.051 kHz), accepted    15638/  100001 events (15.64%)
Processed   110000/  173151 entries, 63.53% (elapsed time  2165.2s, curr speed    0.047 kHz, avg speed    0.051 kHz), accepted    17221/  110001 events (15.66%)
Processed   120000/  173151 entries, 69.30% (elapsed time  2385.7s, curr speed    0.045 kHz, avg speed    0.050 kHz), accepted    18867/  120001 events (15.72%)
Processed   130000/  173151 entries, 75.08% (elapsed time  2860.5s, curr speed    0.021 kHz, avg speed    0.045 kHz), accepted    20402/  130001 events (15.69%)
Processed   140000/  173151 entries, 80.85% (elapsed time  3469.6s, curr speed    0.016 kHz, avg speed    0.040 kHz), accepted    21976/  140001 events (15.70%)
Processed   150000/  173151 entries, 86.63% (elapsed time  3833.1s, curr speed    0.028 kHz, avg speed    0.039 kHz), accepted    23590/  150001 events (15.73%)
Processed   160000/  173151 entries, 92.40% (elapsed time  4449.1s, curr speed    0.016 kHz, avg speed    0.036 kHz), accepted    25153/  160001 events (15.72%)
Processed   170000/  173151 entries, 98.18% (elapsed time  4843.0s, curr speed    0.025 kHz, avg speed    0.035 kHz), accepted    26712/  170001 events (15.71%)
Processed 173151 preselected entries from root://cms-xrd-global.cern.ch//store/mc/Run3Summer22NanoAODv12/Zto2Nu-4Jets_HT-100to200_TuneCP5_13p6TeV_madgraphMLM-pythia8/NANOAODSIM/130X_mcRun3_2022_realistic_v5-v2/40000/3be35703-29e2-4a8c-a5d2-776d5bdaa8c1.root (173151 entries). Finally selected 27202 entries
Done ./3be35703-29e2-4a8c-a5d2-776d5bdaa8c1_Skim.root
Total time 5154.6 sec. to process 173151 events. Rate = 33.6 Hz.
DONE
/tmp/lfavilla/ZJetsToNuNu_HT100to200_2022/file206
hadd Target file: tree_hadd_206.root
hadd compression setting for all output: 1
hadd Source file 1: tree.root
hadd Source file 2: hist.root
hadd Target path: tree_hadd_206.root:/
hadd Target path: tree_hadd_206.root:/plots
/tmp/lfavilla/ZJetsToNuNu_HT100to200_2022/file206
