Standalone environment set.
/tmp/lfavilla/ZJetsToNuNu_HT100to200_2022/file42
hadd Target file: tree.root
hadd compression setting for all output: 1
hadd Source file 1: ./8ca20050-e494-4c67-99ba-566b7d9ab9b6_Skim.root
hadd Sources and Target have different compression levels
hadd merging will be slower
hadd Target path: tree.root:/
Will write selected trees to .
Pre-select 12733 entries out of 12733 (100.00%)
Processed    10000/   12733 entries, 78.54% (elapsed time   293.0s, curr speed    0.034 kHz, avg speed    0.034 kHz), accepted     1534/   10001 events (15.34%)
Processed 12733 preselected entries from root://cms-xrd-global.cern.ch//store/mc/Run3Summer22NanoAODv12/Zto2Nu-4Jets_HT-100to200_TuneCP5_13p6TeV_madgraphMLM-pythia8/NANOAODSIM/130X_mcRun3_2022_realistic_v5-v2/2540000/8ca20050-e494-4c67-99ba-566b7d9ab9b6.root (12733 entries). Finally selected 1977 entries
Done ./8ca20050-e494-4c67-99ba-566b7d9ab9b6_Skim.root
Total time 381.2 sec. to process 12733 events. Rate = 33.4 Hz.
DONE
/tmp/lfavilla/ZJetsToNuNu_HT100to200_2022/file42
hadd Target file: tree_hadd_42.root
hadd compression setting for all output: 1
hadd Source file 1: tree.root
hadd Source file 2: hist.root
hadd Target path: tree_hadd_42.root:/
hadd Target path: tree_hadd_42.root:/plots
/tmp/lfavilla/ZJetsToNuNu_HT100to200_2022/file42
