Standalone environment set.
/tmp/lfavilla/ZJetsToNuNu_HT100to200_2022/file251
hadd Target file: tree.root
hadd compression setting for all output: 1
hadd Source file 1: ./c10ccd62-a153-4910-915a-a495ae730240_Skim.root
hadd Sources and Target have different compression levels
hadd merging will be slower
hadd Target path: tree.root:/
Will write selected trees to .
Pre-select 3459 entries out of 3459 (100.00%)
Processed 3459 preselected entries from root://cms-xrd-global.cern.ch//store/mc/Run3Summer22NanoAODv12/Zto2Nu-4Jets_HT-100to200_TuneCP5_13p6TeV_madgraphMLM-pythia8/NANOAODSIM/130X_mcRun3_2022_realistic_v5-v2/2520000/c10ccd62-a153-4910-915a-a495ae730240.root (3459 entries). Finally selected 570 entries
Done ./c10ccd62-a153-4910-915a-a495ae730240_Skim.root
Total time 142.2 sec. to process 3459 events. Rate = 24.3 Hz.
DONE
/tmp/lfavilla/ZJetsToNuNu_HT100to200_2022/file251
hadd Target file: tree_hadd_251.root
hadd compression setting for all output: 1
hadd Source file 1: tree.root
hadd Source file 2: hist.root
hadd Target path: tree_hadd_251.root:/
hadd Target path: tree_hadd_251.root:/plots
/tmp/lfavilla/ZJetsToNuNu_HT100to200_2022/file251
