Standalone environment set.
/tmp/lfavilla/ZJetsToNuNu_HT100to200_2022/file135
hadd Target file: tree.root
hadd compression setting for all output: 1
hadd Source file 1: ./686e6b9f-07ea-41e5-932a-ee80cbac148f_Skim.root
hadd Sources and Target have different compression levels
hadd merging will be slower
hadd Target path: tree.root:/
Will write selected trees to .
Pre-select 171670 entries out of 171670 (100.00%)
Processed    10000/  171670 entries,  5.83% (elapsed time   276.8s, curr speed    0.036 kHz, avg speed    0.036 kHz), accepted     1606/   10001 events (16.06%)
Processed    20000/  171670 entries, 11.65% (elapsed time   470.0s, curr speed    0.052 kHz, avg speed    0.043 kHz), accepted     3203/   20001 events (16.01%)
Processed    30000/  171670 entries, 17.48% (elapsed time   611.5s, curr speed    0.071 kHz, avg speed    0.049 kHz), accepted     4828/   30001 events (16.09%)
Processed    40000/  171670 entries, 23.30% (elapsed time   802.1s, curr speed    0.052 kHz, avg speed    0.050 kHz), accepted     6352/   40001 events (15.88%)
Processed    50000/  171670 entries, 29.13% (elapsed time   953.8s, curr speed    0.066 kHz, avg speed    0.052 kHz), accepted     7893/   50001 events (15.79%)
Processed    60000/  171670 entries, 34.95% (elapsed time  1127.0s, curr speed    0.058 kHz, avg speed    0.053 kHz), accepted     9411/   60001 events (15.68%)
Processed    70000/  171670 entries, 40.78% (elapsed time  1327.6s, curr speed    0.050 kHz, avg speed    0.053 kHz), accepted    11023/   70001 events (15.75%)
Processed    80000/  171670 entries, 46.60% (elapsed time  1477.9s, curr speed    0.067 kHz, avg speed    0.054 kHz), accepted    12563/   80001 events (15.70%)
Processed    90000/  171670 entries, 52.43% (elapsed time  1682.6s, curr speed    0.049 kHz, avg speed    0.053 kHz), accepted    14144/   90001 events (15.72%)
Processed   100000/  171670 entries, 58.25% (elapsed time  1839.5s, curr speed    0.064 kHz, avg speed    0.054 kHz), accepted    15762/  100001 events (15.76%)
Processed   110000/  171670 entries, 64.08% (elapsed time  2039.3s, curr speed    0.050 kHz, avg speed    0.054 kHz), accepted    17347/  110001 events (15.77%)
Processed   120000/  171670 entries, 69.90% (elapsed time  2253.9s, curr speed    0.047 kHz, avg speed    0.053 kHz), accepted    18846/  120001 events (15.70%)
Processed   130000/  171670 entries, 75.73% (elapsed time  2409.3s, curr speed    0.064 kHz, avg speed    0.054 kHz), accepted    20367/  130001 events (15.67%)
Processed   140000/  171670 entries, 81.55% (elapsed time  2629.2s, curr speed    0.045 kHz, avg speed    0.053 kHz), accepted    21921/  140001 events (15.66%)
Processed   150000/  171670 entries, 87.38% (elapsed time  2799.9s, curr speed    0.059 kHz, avg speed    0.054 kHz), accepted    23477/  150001 events (15.65%)
Processed   160000/  171670 entries, 93.20% (elapsed time  3009.1s, curr speed    0.048 kHz, avg speed    0.053 kHz), accepted    25017/  160001 events (15.64%)
Processed   170000/  171670 entries, 99.03% (elapsed time  3221.6s, curr speed    0.047 kHz, avg speed    0.053 kHz), accepted    26524/  170001 events (15.60%)
Processed 171670 preselected entries from root://cms-xrd-global.cern.ch//store/mc/Run3Summer22NanoAODv12/Zto2Nu-4Jets_HT-100to200_TuneCP5_13p6TeV_madgraphMLM-pythia8/NANOAODSIM/130X_mcRun3_2022_realistic_v5-v2/40000/686e6b9f-07ea-41e5-932a-ee80cbac148f.root (171670 entries). Finally selected 26782 entries
Done ./686e6b9f-07ea-41e5-932a-ee80cbac148f_Skim.root
Total time 3289.9 sec. to process 171670 events. Rate = 52.2 Hz.
DONE
/tmp/lfavilla/ZJetsToNuNu_HT100to200_2022/file135
hadd Target file: tree_hadd_135.root
hadd compression setting for all output: 1
hadd Source file 1: tree.root
hadd Source file 2: hist.root
hadd Target path: tree_hadd_135.root:/
hadd Target path: tree_hadd_135.root:/plots
/tmp/lfavilla/ZJetsToNuNu_HT100to200_2022/file135
