Standalone environment set.
/tmp/lfavilla/ZJetsToNuNu_HT100to200_2022/file118
hadd Target file: tree.root
hadd compression setting for all output: 1
hadd Source file 1: ./27bd0fe4-f72c-4542-8d09-d685f6d60022_Skim.root
hadd Sources and Target have different compression levels
hadd merging will be slower
hadd Target path: tree.root:/
Will write selected trees to .
Pre-select 147124 entries out of 147124 (100.00%)
Processed    10000/  147124 entries,  6.80% (elapsed time   222.9s, curr speed    0.045 kHz, avg speed    0.045 kHz), accepted     1541/   10001 events (15.41%)
Processed    20000/  147124 entries, 13.59% (elapsed time   413.5s, curr speed    0.052 kHz, avg speed    0.048 kHz), accepted     3087/   20001 events (15.43%)
Processed    30000/  147124 entries, 20.39% (elapsed time   558.0s, curr speed    0.069 kHz, avg speed    0.054 kHz), accepted     4679/   30001 events (15.60%)
Processed    40000/  147124 entries, 27.19% (elapsed time   752.0s, curr speed    0.052 kHz, avg speed    0.053 kHz), accepted     6258/   40001 events (15.64%)
Processed    50000/  147124 entries, 33.98% (elapsed time   941.6s, curr speed    0.053 kHz, avg speed    0.053 kHz), accepted     7759/   50001 events (15.52%)
Processed    60000/  147124 entries, 40.78% (elapsed time  1133.6s, curr speed    0.052 kHz, avg speed    0.053 kHz), accepted     9320/   60001 events (15.53%)
Processed    70000/  147124 entries, 47.58% (elapsed time  1374.3s, curr speed    0.042 kHz, avg speed    0.051 kHz), accepted    10958/   70001 events (15.65%)
Processed    80000/  147124 entries, 54.38% (elapsed time  1527.2s, curr speed    0.065 kHz, avg speed    0.052 kHz), accepted    12548/   80001 events (15.68%)
Processed    90000/  147124 entries, 61.17% (elapsed time  1736.3s, curr speed    0.048 kHz, avg speed    0.052 kHz), accepted    14048/   90001 events (15.61%)
Processed   100000/  147124 entries, 67.97% (elapsed time  1886.0s, curr speed    0.067 kHz, avg speed    0.053 kHz), accepted    15629/  100001 events (15.63%)
Processed   110000/  147124 entries, 74.77% (elapsed time  2110.0s, curr speed    0.045 kHz, avg speed    0.052 kHz), accepted    17198/  110001 events (15.63%)
Processed   120000/  147124 entries, 81.56% (elapsed time  2287.3s, curr speed    0.056 kHz, avg speed    0.052 kHz), accepted    18796/  120001 events (15.66%)
Processed   130000/  147124 entries, 88.36% (elapsed time  2513.7s, curr speed    0.044 kHz, avg speed    0.052 kHz), accepted    20434/  130001 events (15.72%)
Processed   140000/  147124 entries, 95.16% (elapsed time  2744.5s, curr speed    0.043 kHz, avg speed    0.051 kHz), accepted    21970/  140001 events (15.69%)
Processed 147124 preselected entries from root://cms-xrd-global.cern.ch//store/mc/Run3Summer22NanoAODv12/Zto2Nu-4Jets_HT-100to200_TuneCP5_13p6TeV_madgraphMLM-pythia8/NANOAODSIM/130X_mcRun3_2022_realistic_v5-v2/2540000/27bd0fe4-f72c-4542-8d09-d685f6d60022.root (147124 entries). Finally selected 23109 entries
Done ./27bd0fe4-f72c-4542-8d09-d685f6d60022_Skim.root
Total time 2918.2 sec. to process 147124 events. Rate = 50.4 Hz.
DONE
/tmp/lfavilla/ZJetsToNuNu_HT100to200_2022/file118
hadd Target file: tree_hadd_118.root
hadd compression setting for all output: 1
hadd Source file 1: tree.root
hadd Source file 2: hist.root
hadd Target path: tree_hadd_118.root:/
hadd Target path: tree_hadd_118.root:/plots
/tmp/lfavilla/ZJetsToNuNu_HT100to200_2022/file118
