Standalone environment set.
/tmp/lfavilla/ZJetsToNuNu_HT100to200_2022/file32
hadd Target file: tree.root
hadd compression setting for all output: 1
hadd Source file 1: ./759cc127-7934-487c-bd9d-e741ebd85547_Skim.root
hadd Sources and Target have different compression levels
hadd merging will be slower
hadd Target path: tree.root:/
Will write selected trees to .
Pre-select 119037 entries out of 119037 (100.00%)
Processed    10000/  119037 entries,  8.40% (elapsed time   231.5s, curr speed    0.043 kHz, avg speed    0.043 kHz), accepted     1512/   10001 events (15.12%)
Processed    20000/  119037 entries, 16.80% (elapsed time   432.1s, curr speed    0.050 kHz, avg speed    0.046 kHz), accepted     3032/   20001 events (15.16%)
Processed    30000/  119037 entries, 25.20% (elapsed time   577.9s, curr speed    0.069 kHz, avg speed    0.052 kHz), accepted     4552/   30001 events (15.17%)
Processed    40000/  119037 entries, 33.60% (elapsed time   788.2s, curr speed    0.048 kHz, avg speed    0.051 kHz), accepted     6112/   40001 events (15.28%)
Processed    50000/  119037 entries, 42.00% (elapsed time   943.3s, curr speed    0.064 kHz, avg speed    0.053 kHz), accepted     7683/   50001 events (15.37%)
Processed    60000/  119037 entries, 50.40% (elapsed time  1166.4s, curr speed    0.045 kHz, avg speed    0.051 kHz), accepted     9174/   60001 events (15.29%)
Processed    70000/  119037 entries, 58.81% (elapsed time  1383.6s, curr speed    0.046 kHz, avg speed    0.051 kHz), accepted    10733/   70001 events (15.33%)
Processed    80000/  119037 entries, 67.21% (elapsed time  1548.1s, curr speed    0.061 kHz, avg speed    0.052 kHz), accepted    12368/   80001 events (15.46%)
Processed    90000/  119037 entries, 75.61% (elapsed time  1755.9s, curr speed    0.048 kHz, avg speed    0.051 kHz), accepted    13920/   90001 events (15.47%)
Processed   100000/  119037 entries, 84.01% (elapsed time  1924.1s, curr speed    0.059 kHz, avg speed    0.052 kHz), accepted    15476/  100001 events (15.48%)
Processed   110000/  119037 entries, 92.41% (elapsed time  2138.1s, curr speed    0.047 kHz, avg speed    0.051 kHz), accepted    17068/  110001 events (15.52%)
Processed 119037 preselected entries from root://cms-xrd-global.cern.ch//store/mc/Run3Summer22NanoAODv12/Zto2Nu-4Jets_HT-100to200_TuneCP5_13p6TeV_madgraphMLM-pythia8/NANOAODSIM/130X_mcRun3_2022_realistic_v5-v2/40000/759cc127-7934-487c-bd9d-e741ebd85547.root (119037 entries). Finally selected 18405 entries
Done ./759cc127-7934-487c-bd9d-e741ebd85547_Skim.root
Total time 2327.1 sec. to process 119037 events. Rate = 51.2 Hz.
DONE
/tmp/lfavilla/ZJetsToNuNu_HT100to200_2022/file32
hadd Target file: tree_hadd_32.root
hadd compression setting for all output: 1
hadd Source file 1: tree.root
hadd Source file 2: hist.root
hadd Target path: tree_hadd_32.root:/
hadd Target path: tree_hadd_32.root:/plots
/tmp/lfavilla/ZJetsToNuNu_HT100to200_2022/file32
