Standalone environment set.
/tmp/lfavilla/ZJetsToNuNu_HT100to200_2022/file148
hadd Target file: tree.root
hadd compression setting for all output: 1
hadd Source file 1: ./4fa97cae-9c69-4c02-aeb7-ab52f6fb54b7_Skim.root
hadd Sources and Target have different compression levels
hadd merging will be slower
hadd Target path: tree.root:/
Will write selected trees to .
Pre-select 184469 entries out of 184469 (100.00%)
Processed    10000/  184469 entries,  5.42% (elapsed time   224.7s, curr speed    0.045 kHz, avg speed    0.045 kHz), accepted     1609/   10001 events (16.09%)
Processed    20000/  184469 entries, 10.84% (elapsed time   430.8s, curr speed    0.049 kHz, avg speed    0.046 kHz), accepted     3202/   20001 events (16.01%)
Processed    30000/  184469 entries, 16.26% (elapsed time   570.5s, curr speed    0.072 kHz, avg speed    0.053 kHz), accepted     4766/   30001 events (15.89%)
Processed    40000/  184469 entries, 21.68% (elapsed time   776.3s, curr speed    0.049 kHz, avg speed    0.052 kHz), accepted     6370/   40001 events (15.92%)
Processed    50000/  184469 entries, 27.10% (elapsed time   936.3s, curr speed    0.063 kHz, avg speed    0.053 kHz), accepted     7929/   50001 events (15.86%)
Processed    60000/  184469 entries, 32.53% (elapsed time  1126.0s, curr speed    0.053 kHz, avg speed    0.053 kHz), accepted     9410/   60001 events (15.68%)
Processed    70000/  184469 entries, 37.95% (elapsed time  1349.7s, curr speed    0.045 kHz, avg speed    0.052 kHz), accepted    10938/   70001 events (15.63%)
Processed    80000/  184469 entries, 43.37% (elapsed time  1509.8s, curr speed    0.062 kHz, avg speed    0.053 kHz), accepted    12447/   80001 events (15.56%)
Processed    90000/  184469 entries, 48.79% (elapsed time  1722.9s, curr speed    0.047 kHz, avg speed    0.052 kHz), accepted    14031/   90001 events (15.59%)
Processed   100000/  184469 entries, 54.21% (elapsed time  1879.0s, curr speed    0.064 kHz, avg speed    0.053 kHz), accepted    15637/  100001 events (15.64%)
Processed   110000/  184469 entries, 59.63% (elapsed time  2104.7s, curr speed    0.044 kHz, avg speed    0.052 kHz), accepted    17203/  110001 events (15.64%)
Processed   120000/  184469 entries, 65.05% (elapsed time  2275.6s, curr speed    0.058 kHz, avg speed    0.053 kHz), accepted    18769/  120001 events (15.64%)
Processed   130000/  184469 entries, 70.47% (elapsed time  2514.0s, curr speed    0.042 kHz, avg speed    0.052 kHz), accepted    20277/  130001 events (15.60%)
Processed   140000/  184469 entries, 75.89% (elapsed time  2751.5s, curr speed    0.042 kHz, avg speed    0.051 kHz), accepted    21822/  140001 events (15.59%)
Processed   150000/  184469 entries, 81.31% (elapsed time  2946.0s, curr speed    0.051 kHz, avg speed    0.051 kHz), accepted    23392/  150001 events (15.59%)
Processed   160000/  184469 entries, 86.74% (elapsed time  3182.6s, curr speed    0.042 kHz, avg speed    0.050 kHz), accepted    24983/  160001 events (15.61%)
Processed   170000/  184469 entries, 92.16% (elapsed time  3372.2s, curr speed    0.053 kHz, avg speed    0.050 kHz), accepted    26582/  170001 events (15.64%)
Processed   180000/  184469 entries, 97.58% (elapsed time  3592.8s, curr speed    0.045 kHz, avg speed    0.050 kHz), accepted    28168/  180001 events (15.65%)
Processed 184469 preselected entries from root://cms-xrd-global.cern.ch//store/mc/Run3Summer22NanoAODv12/Zto2Nu-4Jets_HT-100to200_TuneCP5_13p6TeV_madgraphMLM-pythia8/NANOAODSIM/130X_mcRun3_2022_realistic_v5-v2/2530000/4fa97cae-9c69-4c02-aeb7-ab52f6fb54b7.root (184469 entries). Finally selected 28798 entries
Done ./4fa97cae-9c69-4c02-aeb7-ab52f6fb54b7_Skim.root
Total time 3789.1 sec. to process 184469 events. Rate = 48.7 Hz.
DONE
/tmp/lfavilla/ZJetsToNuNu_HT100to200_2022/file148
hadd Target file: tree_hadd_148.root
hadd compression setting for all output: 1
hadd Source file 1: tree.root
hadd Source file 2: hist.root
hadd Target path: tree_hadd_148.root:/
hadd Target path: tree_hadd_148.root:/plots
/tmp/lfavilla/ZJetsToNuNu_HT100to200_2022/file148
