Standalone environment set.
/tmp/lfavilla/ZJetsToNuNu_HT100to200_2022/file5
hadd Target file: tree.root
hadd compression setting for all output: 1
hadd Source file 1: ./65e94502-186a-43a0-8ba8-cdf830450946_Skim.root
hadd Sources and Target have different compression levels
hadd merging will be slower
hadd Target path: tree.root:/
Will write selected trees to .
Pre-select 14139 entries out of 14139 (100.00%)
Processed    10000/   14139 entries, 70.73% (elapsed time   243.0s, curr speed    0.041 kHz, avg speed    0.041 kHz), accepted     1559/   10001 events (15.59%)
Processed 14139 preselected entries from root://cms-xrd-global.cern.ch//store/mc/Run3Summer22NanoAODv12/Zto2Nu-4Jets_HT-100to200_TuneCP5_13p6TeV_madgraphMLM-pythia8/NANOAODSIM/130X_mcRun3_2022_realistic_v5-v2/2530000/65e94502-186a-43a0-8ba8-cdf830450946.root (14139 entries). Finally selected 2199 entries
Done ./65e94502-186a-43a0-8ba8-cdf830450946_Skim.root
Total time 344.1 sec. to process 14139 events. Rate = 41.1 Hz.
DONE
/tmp/lfavilla/ZJetsToNuNu_HT100to200_2022/file5
hadd Target file: tree_hadd_5.root
hadd compression setting for all output: 1
hadd Source file 1: tree.root
hadd Source file 2: hist.root
hadd Target path: tree_hadd_5.root:/
hadd Target path: tree_hadd_5.root:/plots
/tmp/lfavilla/ZJetsToNuNu_HT100to200_2022/file5
