Standalone environment set.
/tmp/lfavilla/ZJetsToNuNu_HT100to200_2022/file107
hadd Target file: tree.root
hadd compression setting for all output: 1
hadd Source file 1: ./98c23cf6-1c46-48fb-908c-c36206deb387_Skim.root
hadd Sources and Target have different compression levels
hadd merging will be slower
hadd Target path: tree.root:/
Will write selected trees to .
Pre-select 188985 entries out of 188985 (100.00%)
Processed    10000/  188985 entries,  5.29% (elapsed time   223.3s, curr speed    0.045 kHz, avg speed    0.045 kHz), accepted     1582/   10001 events (15.82%)
Processed    20000/  188985 entries, 10.58% (elapsed time   414.3s, curr speed    0.052 kHz, avg speed    0.048 kHz), accepted     3085/   20001 events (15.42%)
Processed    30000/  188985 entries, 15.87% (elapsed time   600.2s, curr speed    0.054 kHz, avg speed    0.050 kHz), accepted     4601/   30001 events (15.34%)
Processed    40000/  188985 entries, 21.17% (elapsed time   804.7s, curr speed    0.049 kHz, avg speed    0.050 kHz), accepted     6135/   40001 events (15.34%)
Processed    50000/  188985 entries, 26.46% (elapsed time  1032.5s, curr speed    0.044 kHz, avg speed    0.048 kHz), accepted     7669/   50001 events (15.34%)
Processed    60000/  188985 entries, 31.75% (elapsed time  1179.6s, curr speed    0.068 kHz, avg speed    0.051 kHz), accepted     9214/   60001 events (15.36%)
Processed    70000/  188985 entries, 37.04% (elapsed time  1375.7s, curr speed    0.051 kHz, avg speed    0.051 kHz), accepted    10742/   70001 events (15.35%)
Processed    80000/  188985 entries, 42.33% (elapsed time  1529.1s, curr speed    0.065 kHz, avg speed    0.052 kHz), accepted    12287/   80001 events (15.36%)
Processed    90000/  188985 entries, 47.62% (elapsed time  1712.7s, curr speed    0.054 kHz, avg speed    0.053 kHz), accepted    13811/   90001 events (15.35%)
Processed   100000/  188985 entries, 52.91% (elapsed time  1905.0s, curr speed    0.052 kHz, avg speed    0.052 kHz), accepted    15366/  100001 events (15.37%)
Processed   110000/  188985 entries, 58.21% (elapsed time  2056.6s, curr speed    0.066 kHz, avg speed    0.053 kHz), accepted    16918/  110001 events (15.38%)
Processed   120000/  188985 entries, 63.50% (elapsed time  2269.0s, curr speed    0.047 kHz, avg speed    0.053 kHz), accepted    18453/  120001 events (15.38%)
Processed   130000/  188985 entries, 68.79% (elapsed time  2414.3s, curr speed    0.069 kHz, avg speed    0.054 kHz), accepted    19934/  130001 events (15.33%)
Processed   140000/  188985 entries, 74.08% (elapsed time  2604.5s, curr speed    0.053 kHz, avg speed    0.054 kHz), accepted    21470/  140001 events (15.34%)
Processed   150000/  188985 entries, 79.37% (elapsed time  2801.6s, curr speed    0.051 kHz, avg speed    0.054 kHz), accepted    23026/  150001 events (15.35%)
Processed   160000/  188985 entries, 84.66% (elapsed time  2943.1s, curr speed    0.071 kHz, avg speed    0.054 kHz), accepted    24622/  160001 events (15.39%)
Processed   170000/  188985 entries, 89.95% (elapsed time  3156.2s, curr speed    0.047 kHz, avg speed    0.054 kHz), accepted    26174/  170001 events (15.40%)
Processed   180000/  188985 entries, 95.25% (elapsed time  3315.1s, curr speed    0.063 kHz, avg speed    0.054 kHz), accepted    27689/  180001 events (15.38%)
Processed 188985 preselected entries from root://cms-xrd-global.cern.ch//store/mc/Run3Summer22NanoAODv12/Zto2Nu-4Jets_HT-100to200_TuneCP5_13p6TeV_madgraphMLM-pythia8/NANOAODSIM/130X_mcRun3_2022_realistic_v5-v2/30000/98c23cf6-1c46-48fb-908c-c36206deb387.root (188985 entries). Finally selected 29022 entries
Done ./98c23cf6-1c46-48fb-908c-c36206deb387_Skim.root
Total time 3546.4 sec. to process 188985 events. Rate = 53.3 Hz.
DONE
/tmp/lfavilla/ZJetsToNuNu_HT100to200_2022/file107
hadd Target file: tree_hadd_107.root
hadd compression setting for all output: 1
hadd Source file 1: tree.root
hadd Source file 2: hist.root
hadd Target path: tree_hadd_107.root:/
hadd Target path: tree_hadd_107.root:/plots
/tmp/lfavilla/ZJetsToNuNu_HT100to200_2022/file107
