Standalone environment set.
/tmp/lfavilla/ZJetsToNuNu_HT100to200_2022/file220
hadd Target file: tree.root
hadd compression setting for all output: 1
hadd Source file 1: ./c666f709-fcb5-4643-9d9b-da2bd3534e2d_Skim.root
hadd Sources and Target have different compression levels
hadd merging will be slower
hadd Target path: tree.root:/
Will write selected trees to .
Pre-select 173291 entries out of 173291 (100.00%)
Processed    10000/  173291 entries,  5.77% (elapsed time   293.9s, curr speed    0.034 kHz, avg speed    0.034 kHz), accepted     1560/   10001 events (15.60%)
Processed    20000/  173291 entries, 11.54% (elapsed time   562.6s, curr speed    0.037 kHz, avg speed    0.036 kHz), accepted     3145/   20001 events (15.72%)
Processed    30000/  173291 entries, 17.31% (elapsed time   758.5s, curr speed    0.051 kHz, avg speed    0.040 kHz), accepted     4728/   30001 events (15.76%)
Processed    40000/  173291 entries, 23.08% (elapsed time  1048.0s, curr speed    0.035 kHz, avg speed    0.038 kHz), accepted     6266/   40001 events (15.66%)
Processed    50000/  173291 entries, 28.85% (elapsed time  1269.0s, curr speed    0.045 kHz, avg speed    0.039 kHz), accepted     7843/   50001 events (15.69%)
Processed    60000/  173291 entries, 34.62% (elapsed time  1539.6s, curr speed    0.037 kHz, avg speed    0.039 kHz), accepted     9376/   60001 events (15.63%)
Processed    70000/  173291 entries, 40.39% (elapsed time  1851.3s, curr speed    0.032 kHz, avg speed    0.038 kHz), accepted    10988/   70001 events (15.70%)
Processed    80000/  173291 entries, 46.17% (elapsed time  2079.9s, curr speed    0.044 kHz, avg speed    0.038 kHz), accepted    12535/   80001 events (15.67%)
Processed    90000/  173291 entries, 51.94% (elapsed time  2363.6s, curr speed    0.035 kHz, avg speed    0.038 kHz), accepted    14082/   90001 events (15.65%)
Processed   100000/  173291 entries, 57.71% (elapsed time  2587.5s, curr speed    0.045 kHz, avg speed    0.039 kHz), accepted    15675/  100001 events (15.67%)
Processed   110000/  173291 entries, 63.48% (elapsed time  2880.7s, curr speed    0.034 kHz, avg speed    0.038 kHz), accepted    17221/  110001 events (15.66%)
Processed   120000/  173291 entries, 69.25% (elapsed time  3133.6s, curr speed    0.040 kHz, avg speed    0.038 kHz), accepted    18712/  120001 events (15.59%)
Processed   130000/  173291 entries, 75.02% (elapsed time  3594.5s, curr speed    0.022 kHz, avg speed    0.036 kHz), accepted    20255/  130001 events (15.58%)
Processed   140000/  173291 entries, 80.79% (elapsed time  4247.3s, curr speed    0.015 kHz, avg speed    0.033 kHz), accepted    21761/  140001 events (15.54%)
Processed   150000/  173291 entries, 86.56% (elapsed time  4637.8s, curr speed    0.026 kHz, avg speed    0.032 kHz), accepted    23268/  150001 events (15.51%)
Processed   160000/  173291 entries, 92.33% (elapsed time  5285.4s, curr speed    0.015 kHz, avg speed    0.030 kHz), accepted    24858/  160001 events (15.54%)
Processed   170000/  173291 entries, 98.10% (elapsed time  5702.0s, curr speed    0.024 kHz, avg speed    0.030 kHz), accepted    26439/  170001 events (15.55%)
Processed 173291 preselected entries from root://cms-xrd-global.cern.ch//store/mc/Run3Summer22NanoAODv12/Zto2Nu-4Jets_HT-100to200_TuneCP5_13p6TeV_madgraphMLM-pythia8/NANOAODSIM/130X_mcRun3_2022_realistic_v5-v2/2520000/c666f709-fcb5-4643-9d9b-da2bd3534e2d.root (173291 entries). Finally selected 26925 entries
Done ./c666f709-fcb5-4643-9d9b-da2bd3534e2d_Skim.root
Total time 6043.5 sec. to process 173291 events. Rate = 28.7 Hz.
DONE
/tmp/lfavilla/ZJetsToNuNu_HT100to200_2022/file220
hadd Target file: tree_hadd_220.root
hadd compression setting for all output: 1
hadd Source file 1: tree.root
hadd Source file 2: hist.root
hadd Target path: tree_hadd_220.root:/
hadd Target path: tree_hadd_220.root:/plots
/tmp/lfavilla/ZJetsToNuNu_HT100to200_2022/file220
