Standalone environment set.
/tmp/lfavilla/ZJetsToNuNu_HT100to200_2022/file59
hadd Target file: tree.root
hadd compression setting for all output: 1
hadd Source file 1: ./34f65a15-2486-4afc-b920-dee6120344ff_Skim.root
hadd Sources and Target have different compression levels
hadd merging will be slower
hadd Target path: tree.root:/
Will write selected trees to .
Pre-select 177961 entries out of 177961 (100.00%)
Processed    10000/  177961 entries,  5.62% (elapsed time   214.4s, curr speed    0.047 kHz, avg speed    0.047 kHz), accepted     1590/   10001 events (15.90%)
Processed    20000/  177961 entries, 11.24% (elapsed time   398.9s, curr speed    0.054 kHz, avg speed    0.050 kHz), accepted     3183/   20001 events (15.91%)
Processed    30000/  177961 entries, 16.86% (elapsed time   530.7s, curr speed    0.076 kHz, avg speed    0.057 kHz), accepted     4754/   30001 events (15.85%)
Processed    40000/  177961 entries, 22.48% (elapsed time   718.7s, curr speed    0.053 kHz, avg speed    0.056 kHz), accepted     6323/   40001 events (15.81%)
Processed    50000/  177961 entries, 28.10% (elapsed time   856.8s, curr speed    0.072 kHz, avg speed    0.058 kHz), accepted     7884/   50001 events (15.77%)
Processed    60000/  177961 entries, 33.72% (elapsed time  1045.6s, curr speed    0.053 kHz, avg speed    0.057 kHz), accepted     9470/   60001 events (15.78%)
Processed    70000/  177961 entries, 39.33% (elapsed time  1187.7s, curr speed    0.070 kHz, avg speed    0.059 kHz), accepted    11050/   70001 events (15.79%)
Processed    80000/  177961 entries, 44.95% (elapsed time  1367.1s, curr speed    0.056 kHz, avg speed    0.059 kHz), accepted    12685/   80001 events (15.86%)
Processed    90000/  177961 entries, 50.57% (elapsed time  1553.7s, curr speed    0.054 kHz, avg speed    0.058 kHz), accepted    14263/   90001 events (15.85%)
Processed   100000/  177961 entries, 56.19% (elapsed time  1687.9s, curr speed    0.074 kHz, avg speed    0.059 kHz), accepted    15847/  100001 events (15.85%)
Processed   110000/  177961 entries, 61.81% (elapsed time  1875.2s, curr speed    0.053 kHz, avg speed    0.059 kHz), accepted    17440/  110001 events (15.85%)
Processed   120000/  177961 entries, 67.43% (elapsed time  2017.6s, curr speed    0.070 kHz, avg speed    0.059 kHz), accepted    18970/  120001 events (15.81%)
Processed   130000/  177961 entries, 73.05% (elapsed time  2188.7s, curr speed    0.058 kHz, avg speed    0.059 kHz), accepted    20508/  130001 events (15.78%)
Processed   140000/  177961 entries, 78.67% (elapsed time  2339.3s, curr speed    0.066 kHz, avg speed    0.060 kHz), accepted    22071/  140001 events (15.76%)
Processed   150000/  177961 entries, 84.29% (elapsed time  2532.8s, curr speed    0.052 kHz, avg speed    0.059 kHz), accepted    23646/  150001 events (15.76%)
Processed   160000/  177961 entries, 89.91% (elapsed time  2717.9s, curr speed    0.054 kHz, avg speed    0.059 kHz), accepted    25144/  160001 events (15.71%)
Processed   170000/  177961 entries, 95.53% (elapsed time  2866.3s, curr speed    0.067 kHz, avg speed    0.059 kHz), accepted    26710/  170001 events (15.71%)
Processed 177961 preselected entries from root://cms-xrd-global.cern.ch//store/mc/Run3Summer22NanoAODv12/Zto2Nu-4Jets_HT-100to200_TuneCP5_13p6TeV_madgraphMLM-pythia8/NANOAODSIM/130X_mcRun3_2022_realistic_v5-v2/2530000/34f65a15-2486-4afc-b920-dee6120344ff.root (177961 entries). Finally selected 27902 entries
Done ./34f65a15-2486-4afc-b920-dee6120344ff_Skim.root
Total time 3042.5 sec. to process 177961 events. Rate = 58.5 Hz.
DONE
/tmp/lfavilla/ZJetsToNuNu_HT100to200_2022/file59
hadd Target file: tree_hadd_59.root
hadd compression setting for all output: 1
hadd Source file 1: tree.root
hadd Source file 2: hist.root
hadd Target path: tree_hadd_59.root:/
hadd Target path: tree_hadd_59.root:/plots
/tmp/lfavilla/ZJetsToNuNu_HT100to200_2022/file59
