Standalone environment set.
/tmp/lfavilla/ZJetsToNuNu_HT100to200_2022/file52
hadd Target file: tree.root
hadd compression setting for all output: 1
hadd Source file 1: ./8ac1305f-29d7-4580-a57b-c5e794a9be86_Skim.root
hadd Sources and Target have different compression levels
hadd merging will be slower
hadd Target path: tree.root:/
Will write selected trees to .
Pre-select 169250 entries out of 169250 (100.00%)
Processed    10000/  169250 entries,  5.91% (elapsed time   273.9s, curr speed    0.037 kHz, avg speed    0.037 kHz), accepted     1555/   10001 events (15.55%)
Processed    20000/  169250 entries, 11.82% (elapsed time   555.8s, curr speed    0.035 kHz, avg speed    0.036 kHz), accepted     3111/   20001 events (15.55%)
Processed    30000/  169250 entries, 17.73% (elapsed time   768.0s, curr speed    0.047 kHz, avg speed    0.039 kHz), accepted     4721/   30001 events (15.74%)
Processed    40000/  169250 entries, 23.63% (elapsed time  1045.8s, curr speed    0.036 kHz, avg speed    0.038 kHz), accepted     6251/   40001 events (15.63%)
Processed    50000/  169250 entries, 29.54% (elapsed time  1233.1s, curr speed    0.053 kHz, avg speed    0.041 kHz), accepted     7752/   50001 events (15.50%)
Processed    60000/  169250 entries, 35.45% (elapsed time  1477.3s, curr speed    0.041 kHz, avg speed    0.041 kHz), accepted     9282/   60001 events (15.47%)
Processed    70000/  169250 entries, 41.36% (elapsed time  1746.0s, curr speed    0.037 kHz, avg speed    0.040 kHz), accepted    10804/   70001 events (15.43%)
Processed    80000/  169250 entries, 47.27% (elapsed time  1973.0s, curr speed    0.044 kHz, avg speed    0.041 kHz), accepted    12407/   80001 events (15.51%)
Processed    90000/  169250 entries, 53.18% (elapsed time  2246.1s, curr speed    0.037 kHz, avg speed    0.040 kHz), accepted    13988/   90001 events (15.54%)
Processed   100000/  169250 entries, 59.08% (elapsed time  2454.4s, curr speed    0.048 kHz, avg speed    0.041 kHz), accepted    15547/  100001 events (15.55%)
Processed   110000/  169250 entries, 64.99% (elapsed time  2734.7s, curr speed    0.036 kHz, avg speed    0.040 kHz), accepted    17110/  110001 events (15.55%)
Processed   120000/  169250 entries, 70.90% (elapsed time  2959.6s, curr speed    0.044 kHz, avg speed    0.041 kHz), accepted    18692/  120001 events (15.58%)
Processed   130000/  169250 entries, 76.81% (elapsed time  3251.0s, curr speed    0.034 kHz, avg speed    0.040 kHz), accepted    20310/  130001 events (15.62%)
Processed   140000/  169250 entries, 82.72% (elapsed time  3525.9s, curr speed    0.036 kHz, avg speed    0.040 kHz), accepted    21806/  140001 events (15.58%)
Processed   150000/  169250 entries, 88.63% (elapsed time  3745.5s, curr speed    0.046 kHz, avg speed    0.040 kHz), accepted    23394/  150001 events (15.60%)
Processed   160000/  169250 entries, 94.53% (elapsed time  4039.6s, curr speed    0.034 kHz, avg speed    0.040 kHz), accepted    24868/  160001 events (15.54%)
Processed 169250 preselected entries from root://cms-xrd-global.cern.ch//store/mc/Run3Summer22NanoAODv12/Zto2Nu-4Jets_HT-100to200_TuneCP5_13p6TeV_madgraphMLM-pythia8/NANOAODSIM/130X_mcRun3_2022_realistic_v5-v2/2520000/8ac1305f-29d7-4580-a57b-c5e794a9be86.root (169250 entries). Finally selected 26313 entries
Done ./8ac1305f-29d7-4580-a57b-c5e794a9be86_Skim.root
Total time 4352.4 sec. to process 169250 events. Rate = 38.9 Hz.
DONE
/tmp/lfavilla/ZJetsToNuNu_HT100to200_2022/file52
hadd Target file: tree_hadd_52.root
hadd compression setting for all output: 1
hadd Source file 1: tree.root
hadd Source file 2: hist.root
hadd Target path: tree_hadd_52.root:/
hadd Target path: tree_hadd_52.root:/plots
/tmp/lfavilla/ZJetsToNuNu_HT100to200_2022/file52
