Standalone environment set.
/tmp/lfavilla/ZJetsToNuNu_HT100to200_2022/file26
hadd Target file: tree.root
hadd compression setting for all output: 1
hadd Source file 1: ./0f67f02d-d2d3-46b9-b256-153199d89a94_Skim.root
hadd Sources and Target have different compression levels
hadd merging will be slower
hadd Target path: tree.root:/
Will write selected trees to .
Pre-select 170580 entries out of 170580 (100.00%)
Processed    10000/  170580 entries,  5.86% (elapsed time   314.5s, curr speed    0.032 kHz, avg speed    0.032 kHz), accepted     1558/   10001 events (15.58%)
Processed    20000/  170580 entries, 11.72% (elapsed time   598.0s, curr speed    0.035 kHz, avg speed    0.033 kHz), accepted     3123/   20001 events (15.61%)
Processed    30000/  170580 entries, 17.59% (elapsed time   766.1s, curr speed    0.059 kHz, avg speed    0.039 kHz), accepted     4636/   30001 events (15.45%)
Processed    40000/  170580 entries, 23.45% (elapsed time  1002.7s, curr speed    0.042 kHz, avg speed    0.040 kHz), accepted     6192/   40001 events (15.48%)
Processed    50000/  170580 entries, 29.31% (elapsed time  1175.3s, curr speed    0.058 kHz, avg speed    0.043 kHz), accepted     7704/   50001 events (15.41%)
Processed    60000/  170580 entries, 35.17% (elapsed time  1399.0s, curr speed    0.045 kHz, avg speed    0.043 kHz), accepted     9251/   60001 events (15.42%)
Processed    70000/  170580 entries, 41.04% (elapsed time  1594.3s, curr speed    0.051 kHz, avg speed    0.044 kHz), accepted    10799/   70001 events (15.43%)
Processed    80000/  170580 entries, 46.90% (elapsed time  1824.0s, curr speed    0.044 kHz, avg speed    0.044 kHz), accepted    12374/   80001 events (15.47%)
Processed    90000/  170580 entries, 52.76% (elapsed time  2055.0s, curr speed    0.043 kHz, avg speed    0.044 kHz), accepted    13908/   90001 events (15.45%)
Processed   100000/  170580 entries, 58.62% (elapsed time  2243.1s, curr speed    0.053 kHz, avg speed    0.045 kHz), accepted    15418/  100001 events (15.42%)
Processed   110000/  170580 entries, 64.49% (elapsed time  2515.9s, curr speed    0.037 kHz, avg speed    0.044 kHz), accepted    17003/  110001 events (15.46%)
Processed   120000/  170580 entries, 70.35% (elapsed time  2721.2s, curr speed    0.049 kHz, avg speed    0.044 kHz), accepted    18567/  120001 events (15.47%)
Processed   130000/  170580 entries, 76.21% (elapsed time  2981.5s, curr speed    0.038 kHz, avg speed    0.044 kHz), accepted    20078/  130001 events (15.44%)
Processed   140000/  170580 entries, 82.07% (elapsed time  3197.2s, curr speed    0.046 kHz, avg speed    0.044 kHz), accepted    21675/  140001 events (15.48%)
Processed   150000/  170580 entries, 87.94% (elapsed time  3448.2s, curr speed    0.040 kHz, avg speed    0.044 kHz), accepted    23224/  150001 events (15.48%)
Processed   160000/  170580 entries, 93.80% (elapsed time  3714.5s, curr speed    0.038 kHz, avg speed    0.043 kHz), accepted    24753/  160001 events (15.47%)
Processed   170000/  170580 entries, 99.66% (elapsed time  3908.4s, curr speed    0.052 kHz, avg speed    0.043 kHz), accepted    26285/  170001 events (15.46%)
Processed 170580 preselected entries from root://cms-xrd-global.cern.ch//store/mc/Run3Summer22NanoAODv12/Zto2Nu-4Jets_HT-100to200_TuneCP5_13p6TeV_madgraphMLM-pythia8/NANOAODSIM/130X_mcRun3_2022_realistic_v5-v2/30000/0f67f02d-d2d3-46b9-b256-153199d89a94.root (170580 entries). Finally selected 26365 entries
Done ./0f67f02d-d2d3-46b9-b256-153199d89a94_Skim.root
Total time 3985.8 sec. to process 170580 events. Rate = 42.8 Hz.
DONE
/tmp/lfavilla/ZJetsToNuNu_HT100to200_2022/file26
hadd Target file: tree_hadd_26.root
hadd compression setting for all output: 1
hadd Source file 1: tree.root
hadd Source file 2: hist.root
hadd Target path: tree_hadd_26.root:/
hadd Target path: tree_hadd_26.root:/plots
/tmp/lfavilla/ZJetsToNuNu_HT100to200_2022/file26
