Standalone environment set.
/tmp/lfavilla/ZJetsToNuNu_HT100to200_2022/file58
hadd Target file: tree.root
hadd compression setting for all output: 1
hadd Source file 1: ./9c5bdbf5-abfa-4c28-a43f-6249e45dfb9e_Skim.root
hadd Sources and Target have different compression levels
hadd merging will be slower
hadd Target path: tree.root:/
Will write selected trees to .
Pre-select 13386 entries out of 13386 (100.00%)
Processed    10000/   13386 entries, 74.70% (elapsed time   220.7s, curr speed    0.045 kHz, avg speed    0.045 kHz), accepted     1528/   10001 events (15.28%)
Processed 13386 preselected entries from root://cms-xrd-global.cern.ch//store/mc/Run3Summer22NanoAODv12/Zto2Nu-4Jets_HT-100to200_TuneCP5_13p6TeV_madgraphMLM-pythia8/NANOAODSIM/130X_mcRun3_2022_realistic_v5-v2/2530000/9c5bdbf5-abfa-4c28-a43f-6249e45dfb9e.root (13386 entries). Finally selected 2034 entries
Done ./9c5bdbf5-abfa-4c28-a43f-6249e45dfb9e_Skim.root
Total time 308.8 sec. to process 13386 events. Rate = 43.4 Hz.
DONE
/tmp/lfavilla/ZJetsToNuNu_HT100to200_2022/file58
hadd Target file: tree_hadd_58.root
hadd compression setting for all output: 1
hadd Source file 1: tree.root
hadd Source file 2: hist.root
hadd Target path: tree_hadd_58.root:/
hadd Target path: tree_hadd_58.root:/plots
/tmp/lfavilla/ZJetsToNuNu_HT100to200_2022/file58
