Standalone environment set.
/tmp/lfavilla/ZJetsToNuNu_HT100to200_2022/file256
hadd Target file: tree.root
hadd compression setting for all output: 1
hadd Source file 1: ./d8495405-bc5f-41d6-86c8-4da646e4071a_Skim.root
hadd Sources and Target have different compression levels
hadd merging will be slower
hadd Target path: tree.root:/
Will write selected trees to .
Pre-select 94837 entries out of 94837 (100.00%)
Processed    10000/   94837 entries, 10.54% (elapsed time   271.9s, curr speed    0.037 kHz, avg speed    0.037 kHz), accepted     1509/   10001 events (15.09%)
Processed    20000/   94837 entries, 21.09% (elapsed time   524.8s, curr speed    0.040 kHz, avg speed    0.038 kHz), accepted     3102/   20001 events (15.51%)
Processed    30000/   94837 entries, 31.63% (elapsed time   707.6s, curr speed    0.055 kHz, avg speed    0.042 kHz), accepted     4672/   30001 events (15.57%)
Processed    40000/   94837 entries, 42.18% (elapsed time   966.5s, curr speed    0.039 kHz, avg speed    0.041 kHz), accepted     6232/   40001 events (15.58%)
Processed    50000/   94837 entries, 52.72% (elapsed time  1154.3s, curr speed    0.053 kHz, avg speed    0.043 kHz), accepted     7788/   50001 events (15.58%)
Processed    60000/   94837 entries, 63.27% (elapsed time  1393.4s, curr speed    0.042 kHz, avg speed    0.043 kHz), accepted     9311/   60001 events (15.52%)
Processed    70000/   94837 entries, 73.81% (elapsed time  1639.2s, curr speed    0.041 kHz, avg speed    0.043 kHz), accepted    10895/   70001 events (15.56%)
Processed    80000/   94837 entries, 84.36% (elapsed time  1824.3s, curr speed    0.054 kHz, avg speed    0.044 kHz), accepted    12364/   80001 events (15.45%)
Processed    90000/   94837 entries, 94.90% (elapsed time  2069.0s, curr speed    0.041 kHz, avg speed    0.043 kHz), accepted    13885/   90001 events (15.43%)
Processed 94837 preselected entries from root://cms-xrd-global.cern.ch//store/mc/Run3Summer22NanoAODv12/Zto2Nu-4Jets_HT-100to200_TuneCP5_13p6TeV_madgraphMLM-pythia8/NANOAODSIM/130X_mcRun3_2022_realistic_v5-v2/2520000/d8495405-bc5f-41d6-86c8-4da646e4071a.root (94837 entries). Finally selected 14643 entries
Done ./d8495405-bc5f-41d6-86c8-4da646e4071a_Skim.root
Total time 2218.4 sec. to process 94837 events. Rate = 42.8 Hz.
DONE
/tmp/lfavilla/ZJetsToNuNu_HT100to200_2022/file256
hadd Target file: tree_hadd_256.root
hadd compression setting for all output: 1
hadd Source file 1: tree.root
hadd Source file 2: hist.root
hadd Target path: tree_hadd_256.root:/
hadd Target path: tree_hadd_256.root:/plots
/tmp/lfavilla/ZJetsToNuNu_HT100to200_2022/file256
