Standalone environment set.
/tmp/lfavilla/ZJetsToNuNu_HT100to200_2022/file143
hadd Target file: tree.root
hadd compression setting for all output: 1
hadd Source file 1: ./1e045bf6-b428-40da-948c-a784244e2c0c_Skim.root
hadd Sources and Target have different compression levels
hadd merging will be slower
hadd Target path: tree.root:/
Will write selected trees to .
Pre-select 171374 entries out of 171374 (100.00%)
Processed    10000/  171374 entries,  5.84% (elapsed time   215.2s, curr speed    0.046 kHz, avg speed    0.046 kHz), accepted     1549/   10001 events (15.49%)
Processed    20000/  171374 entries, 11.67% (elapsed time   403.6s, curr speed    0.053 kHz, avg speed    0.050 kHz), accepted     3119/   20001 events (15.59%)
Processed    30000/  171374 entries, 17.51% (elapsed time   552.5s, curr speed    0.067 kHz, avg speed    0.054 kHz), accepted     4703/   30001 events (15.68%)
Processed    40000/  171374 entries, 23.34% (elapsed time   747.5s, curr speed    0.051 kHz, avg speed    0.054 kHz), accepted     6236/   40001 events (15.59%)
Processed    50000/  171374 entries, 29.18% (elapsed time   938.7s, curr speed    0.052 kHz, avg speed    0.053 kHz), accepted     7733/   50001 events (15.47%)
Processed    60000/  171374 entries, 35.01% (elapsed time  1083.1s, curr speed    0.069 kHz, avg speed    0.055 kHz), accepted     9290/   60001 events (15.48%)
Processed    70000/  171374 entries, 40.85% (elapsed time  1280.4s, curr speed    0.051 kHz, avg speed    0.055 kHz), accepted    10887/   70001 events (15.55%)
Processed    80000/  171374 entries, 46.68% (elapsed time  1431.3s, curr speed    0.066 kHz, avg speed    0.056 kHz), accepted    12360/   80001 events (15.45%)
Processed    90000/  171374 entries, 52.52% (elapsed time  1631.8s, curr speed    0.050 kHz, avg speed    0.055 kHz), accepted    13931/   90001 events (15.48%)
Processed   100000/  171374 entries, 58.35% (elapsed time  1840.1s, curr speed    0.048 kHz, avg speed    0.054 kHz), accepted    15465/  100001 events (15.46%)
Processed   110000/  171374 entries, 64.19% (elapsed time  1995.1s, curr speed    0.065 kHz, avg speed    0.055 kHz), accepted    17021/  110001 events (15.47%)
Processed   120000/  171374 entries, 70.02% (elapsed time  2210.1s, curr speed    0.047 kHz, avg speed    0.054 kHz), accepted    18653/  120001 events (15.54%)
Processed   130000/  171374 entries, 75.86% (elapsed time  2370.0s, curr speed    0.063 kHz, avg speed    0.055 kHz), accepted    20213/  130001 events (15.55%)
Processed   140000/  171374 entries, 81.69% (elapsed time  2592.1s, curr speed    0.045 kHz, avg speed    0.054 kHz), accepted    21757/  140001 events (15.54%)
Processed   150000/  171374 entries, 87.53% (elapsed time  2832.4s, curr speed    0.042 kHz, avg speed    0.053 kHz), accepted    23268/  150001 events (15.51%)
Processed   160000/  171374 entries, 93.36% (elapsed time  2995.5s, curr speed    0.061 kHz, avg speed    0.053 kHz), accepted    24835/  160001 events (15.52%)
Processed   170000/  171374 entries, 99.20% (elapsed time  3216.1s, curr speed    0.045 kHz, avg speed    0.053 kHz), accepted    26418/  170001 events (15.54%)
Processed 171374 preselected entries from root://cms-xrd-global.cern.ch//store/mc/Run3Summer22NanoAODv12/Zto2Nu-4Jets_HT-100to200_TuneCP5_13p6TeV_madgraphMLM-pythia8/NANOAODSIM/130X_mcRun3_2022_realistic_v5-v2/2540000/1e045bf6-b428-40da-948c-a784244e2c0c.root (171374 entries). Finally selected 26654 entries
Done ./1e045bf6-b428-40da-948c-a784244e2c0c_Skim.root
Total time 3287.0 sec. to process 171374 events. Rate = 52.1 Hz.
DONE
/tmp/lfavilla/ZJetsToNuNu_HT100to200_2022/file143
hadd Target file: tree_hadd_143.root
hadd compression setting for all output: 1
hadd Source file 1: tree.root
hadd Source file 2: hist.root
hadd Target path: tree_hadd_143.root:/
hadd Target path: tree_hadd_143.root:/plots
/tmp/lfavilla/ZJetsToNuNu_HT100to200_2022/file143
