Standalone environment set.
/tmp/lfavilla/ZJetsToNuNu_HT100to200_2022/file154
hadd Target file: tree.root
hadd compression setting for all output: 1
hadd Source file 1: ./d9236774-d277-4cd2-bff3-bd47be7a5ab2_Skim.root
hadd Sources and Target have different compression levels
hadd merging will be slower
hadd Target path: tree.root:/
Will write selected trees to .
Pre-select 180066 entries out of 180066 (100.00%)
Processed    10000/  180066 entries,  5.55% (elapsed time   249.8s, curr speed    0.040 kHz, avg speed    0.040 kHz), accepted     1550/   10001 events (15.50%)
Processed    20000/  180066 entries, 11.11% (elapsed time   475.0s, curr speed    0.044 kHz, avg speed    0.042 kHz), accepted     3103/   20001 events (15.51%)
Processed    30000/  180066 entries, 16.66% (elapsed time   640.5s, curr speed    0.060 kHz, avg speed    0.047 kHz), accepted     4622/   30001 events (15.41%)
Processed    40000/  180066 entries, 22.21% (elapsed time   871.2s, curr speed    0.043 kHz, avg speed    0.046 kHz), accepted     6222/   40001 events (15.55%)
Processed    50000/  180066 entries, 27.77% (elapsed time  1054.7s, curr speed    0.054 kHz, avg speed    0.047 kHz), accepted     7771/   50001 events (15.54%)
Processed    60000/  180066 entries, 33.32% (elapsed time  1277.7s, curr speed    0.045 kHz, avg speed    0.047 kHz), accepted     9323/   60001 events (15.54%)
Processed    70000/  180066 entries, 38.87% (elapsed time  1522.3s, curr speed    0.041 kHz, avg speed    0.046 kHz), accepted    10916/   70001 events (15.59%)
Processed    80000/  180066 entries, 44.43% (elapsed time  1704.3s, curr speed    0.055 kHz, avg speed    0.047 kHz), accepted    12538/   80001 events (15.67%)
Processed    90000/  180066 entries, 49.98% (elapsed time  1941.0s, curr speed    0.042 kHz, avg speed    0.046 kHz), accepted    14117/   90001 events (15.69%)
Processed   100000/  180066 entries, 55.54% (elapsed time  2139.6s, curr speed    0.050 kHz, avg speed    0.047 kHz), accepted    15687/  100001 events (15.69%)
Processed   110000/  180066 entries, 61.09% (elapsed time  2385.4s, curr speed    0.041 kHz, avg speed    0.046 kHz), accepted    17267/  110001 events (15.70%)
Processed   120000/  180066 entries, 66.64% (elapsed time  2660.5s, curr speed    0.036 kHz, avg speed    0.045 kHz), accepted    18829/  120001 events (15.69%)
Processed   130000/  180066 entries, 72.20% (elapsed time  2860.4s, curr speed    0.050 kHz, avg speed    0.045 kHz), accepted    20427/  130001 events (15.71%)
Processed   140000/  180066 entries, 77.75% (elapsed time  3127.9s, curr speed    0.037 kHz, avg speed    0.045 kHz), accepted    21965/  140001 events (15.69%)
Processed   150000/  180066 entries, 83.30% (elapsed time  3328.1s, curr speed    0.050 kHz, avg speed    0.045 kHz), accepted    23575/  150001 events (15.72%)
Processed   160000/  180066 entries, 88.86% (elapsed time  3593.9s, curr speed    0.038 kHz, avg speed    0.045 kHz), accepted    25088/  160001 events (15.68%)
Processed   170000/  180066 entries, 94.41% (elapsed time  3799.0s, curr speed    0.049 kHz, avg speed    0.045 kHz), accepted    26648/  170001 events (15.68%)
Processed   180000/  180066 entries, 99.96% (elapsed time  4038.0s, curr speed    0.042 kHz, avg speed    0.045 kHz), accepted    28231/  180001 events (15.68%)
Processed 180066 preselected entries from root://cms-xrd-global.cern.ch//store/mc/Run3Summer22NanoAODv12/Zto2Nu-4Jets_HT-100to200_TuneCP5_13p6TeV_madgraphMLM-pythia8/NANOAODSIM/130X_mcRun3_2022_realistic_v5-v2/2530000/d9236774-d277-4cd2-bff3-bd47be7a5ab2.root (180066 entries). Finally selected 28235 entries
Done ./d9236774-d277-4cd2-bff3-bd47be7a5ab2_Skim.root
Total time 4111.7 sec. to process 180066 events. Rate = 43.8 Hz.
DONE
/tmp/lfavilla/ZJetsToNuNu_HT100to200_2022/file154
hadd Target file: tree_hadd_154.root
hadd compression setting for all output: 1
hadd Source file 1: tree.root
hadd Source file 2: hist.root
hadd Target path: tree_hadd_154.root:/
hadd Target path: tree_hadd_154.root:/plots
/tmp/lfavilla/ZJetsToNuNu_HT100to200_2022/file154
