Standalone environment set.
/tmp/lfavilla/ZJetsToNuNu_HT100to200_2022/file156
hadd Target file: tree.root
hadd compression setting for all output: 1
hadd Source file 1: ./6d3d7511-5fb0-4218-9242-b7a874e5ebbf_Skim.root
hadd Sources and Target have different compression levels
hadd merging will be slower
hadd Target path: tree.root:/
Will write selected trees to .
Pre-select 174431 entries out of 174431 (100.00%)
Processed    10000/  174431 entries,  5.73% (elapsed time   226.2s, curr speed    0.044 kHz, avg speed    0.044 kHz), accepted     1504/   10001 events (15.04%)
Processed    20000/  174431 entries, 11.47% (elapsed time   425.1s, curr speed    0.050 kHz, avg speed    0.047 kHz), accepted     3032/   20001 events (15.16%)
Processed    30000/  174431 entries, 17.20% (elapsed time   572.7s, curr speed    0.068 kHz, avg speed    0.052 kHz), accepted     4519/   30001 events (15.06%)
Processed    40000/  174431 entries, 22.93% (elapsed time   775.9s, curr speed    0.049 kHz, avg speed    0.052 kHz), accepted     6076/   40001 events (15.19%)
Processed    50000/  174431 entries, 28.66% (elapsed time   926.2s, curr speed    0.067 kHz, avg speed    0.054 kHz), accepted     7556/   50001 events (15.11%)
Processed    60000/  174431 entries, 34.40% (elapsed time  1115.4s, curr speed    0.053 kHz, avg speed    0.054 kHz), accepted     9067/   60001 events (15.11%)
Processed    70000/  174431 entries, 40.13% (elapsed time  1323.3s, curr speed    0.048 kHz, avg speed    0.053 kHz), accepted    10554/   70001 events (15.08%)
Processed    80000/  174431 entries, 45.86% (elapsed time  1481.2s, curr speed    0.063 kHz, avg speed    0.054 kHz), accepted    12126/   80001 events (15.16%)
Processed    90000/  174431 entries, 51.60% (elapsed time  1687.9s, curr speed    0.048 kHz, avg speed    0.053 kHz), accepted    13665/   90001 events (15.18%)
Processed   100000/  174431 entries, 57.33% (elapsed time  1853.0s, curr speed    0.061 kHz, avg speed    0.054 kHz), accepted    15227/  100001 events (15.23%)
Processed   110000/  174431 entries, 63.06% (elapsed time  2067.6s, curr speed    0.047 kHz, avg speed    0.053 kHz), accepted    16837/  110001 events (15.31%)
Processed   120000/  174431 entries, 68.80% (elapsed time  2293.1s, curr speed    0.044 kHz, avg speed    0.052 kHz), accepted    18432/  120001 events (15.36%)
Processed   130000/  174431 entries, 74.53% (elapsed time  2461.7s, curr speed    0.059 kHz, avg speed    0.053 kHz), accepted    20021/  130001 events (15.40%)
Processed   140000/  174431 entries, 80.26% (elapsed time  2700.0s, curr speed    0.042 kHz, avg speed    0.052 kHz), accepted    21566/  140001 events (15.40%)
Processed   150000/  174431 entries, 85.99% (elapsed time  2874.9s, curr speed    0.057 kHz, avg speed    0.052 kHz), accepted    23142/  150001 events (15.43%)
Processed   160000/  174431 entries, 91.73% (elapsed time  3112.3s, curr speed    0.042 kHz, avg speed    0.051 kHz), accepted    24706/  160001 events (15.44%)
Processed   170000/  174431 entries, 97.46% (elapsed time  3293.3s, curr speed    0.055 kHz, avg speed    0.052 kHz), accepted    26195/  170001 events (15.41%)
Processed 174431 preselected entries from root://cms-xrd-global.cern.ch//store/mc/Run3Summer22NanoAODv12/Zto2Nu-4Jets_HT-100to200_TuneCP5_13p6TeV_madgraphMLM-pythia8/NANOAODSIM/130X_mcRun3_2022_realistic_v5-v2/30000/6d3d7511-5fb0-4218-9242-b7a874e5ebbf.root (174431 entries). Finally selected 26876 entries
Done ./6d3d7511-5fb0-4218-9242-b7a874e5ebbf_Skim.root
Total time 3448.3 sec. to process 174431 events. Rate = 50.6 Hz.
DONE
/tmp/lfavilla/ZJetsToNuNu_HT100to200_2022/file156
hadd Target file: tree_hadd_156.root
hadd compression setting for all output: 1
hadd Source file 1: tree.root
hadd Source file 2: hist.root
hadd Target path: tree_hadd_156.root:/
hadd Target path: tree_hadd_156.root:/plots
/tmp/lfavilla/ZJetsToNuNu_HT100to200_2022/file156
