Standalone environment set.
/tmp/lfavilla/ZJetsToNuNu_HT100to200_2022/file78
hadd Target file: tree.root
hadd compression setting for all output: 1
hadd Source file 1: ./b3c56f4b-3dea-4425-af1a-455e4d8ed801_Skim.root
hadd Sources and Target have different compression levels
hadd merging will be slower
hadd Target path: tree.root:/
Will write selected trees to .
Pre-select 164436 entries out of 164436 (100.00%)
Processed    10000/  164436 entries,  6.08% (elapsed time   246.2s, curr speed    0.041 kHz, avg speed    0.041 kHz), accepted     1615/   10001 events (16.15%)
Processed    20000/  164436 entries, 12.16% (elapsed time   460.8s, curr speed    0.047 kHz, avg speed    0.043 kHz), accepted     3161/   20001 events (15.80%)
Processed    30000/  164436 entries, 18.24% (elapsed time   621.2s, curr speed    0.062 kHz, avg speed    0.048 kHz), accepted     4722/   30001 events (15.74%)
Processed    40000/  164436 entries, 24.33% (elapsed time   836.3s, curr speed    0.046 kHz, avg speed    0.048 kHz), accepted     6272/   40001 events (15.68%)
Processed    50000/  164436 entries, 30.41% (elapsed time  1058.8s, curr speed    0.045 kHz, avg speed    0.047 kHz), accepted     7843/   50001 events (15.69%)
Processed    60000/  164436 entries, 36.49% (elapsed time  1233.9s, curr speed    0.057 kHz, avg speed    0.049 kHz), accepted     9450/   60001 events (15.75%)
Processed    70000/  164436 entries, 42.57% (elapsed time  1465.0s, curr speed    0.043 kHz, avg speed    0.048 kHz), accepted    11033/   70001 events (15.76%)
Processed    80000/  164436 entries, 48.65% (elapsed time  1644.7s, curr speed    0.056 kHz, avg speed    0.049 kHz), accepted    12584/   80001 events (15.73%)
Processed    90000/  164436 entries, 54.73% (elapsed time  1875.4s, curr speed    0.043 kHz, avg speed    0.048 kHz), accepted    14149/   90001 events (15.72%)
Processed   100000/  164436 entries, 60.81% (elapsed time  2124.2s, curr speed    0.040 kHz, avg speed    0.047 kHz), accepted    15680/  100001 events (15.68%)
Processed   110000/  164436 entries, 66.90% (elapsed time  2304.8s, curr speed    0.055 kHz, avg speed    0.048 kHz), accepted    17162/  110001 events (15.60%)
Processed   120000/  164436 entries, 72.98% (elapsed time  2554.2s, curr speed    0.040 kHz, avg speed    0.047 kHz), accepted    18643/  120001 events (15.54%)
Processed   130000/  164436 entries, 79.06% (elapsed time  2743.7s, curr speed    0.053 kHz, avg speed    0.047 kHz), accepted    20245/  130001 events (15.57%)
Processed   140000/  164436 entries, 85.14% (elapsed time  3029.2s, curr speed    0.035 kHz, avg speed    0.046 kHz), accepted    21864/  140001 events (15.62%)
Processed   150000/  164436 entries, 91.22% (elapsed time  3318.3s, curr speed    0.035 kHz, avg speed    0.045 kHz), accepted    23480/  150001 events (15.65%)
Processed   160000/  164436 entries, 97.30% (elapsed time  3503.2s, curr speed    0.054 kHz, avg speed    0.046 kHz), accepted    25003/  160001 events (15.63%)
Processed 164436 preselected entries from root://cms-xrd-global.cern.ch//store/mc/Run3Summer22NanoAODv12/Zto2Nu-4Jets_HT-100to200_TuneCP5_13p6TeV_madgraphMLM-pythia8/NANOAODSIM/130X_mcRun3_2022_realistic_v5-v2/40000/b3c56f4b-3dea-4425-af1a-455e4d8ed801.root (164436 entries). Finally selected 25708 entries
Done ./b3c56f4b-3dea-4425-af1a-455e4d8ed801_Skim.root
Total time 3700.5 sec. to process 164436 events. Rate = 44.4 Hz.
DONE
/tmp/lfavilla/ZJetsToNuNu_HT100to200_2022/file78
hadd Target file: tree_hadd_78.root
hadd compression setting for all output: 1
hadd Source file 1: tree.root
hadd Source file 2: hist.root
hadd Target path: tree_hadd_78.root:/
hadd Target path: tree_hadd_78.root:/plots
/tmp/lfavilla/ZJetsToNuNu_HT100to200_2022/file78
