Standalone environment set.
/tmp/lfavilla/ZJetsToNuNu_HT100to200_2022/file14
hadd Target file: tree.root
hadd compression setting for all output: 1
hadd Source file 1: ./02edde80-75a7-4370-a936-96aae3dbdcc8_Skim.root
hadd Sources and Target have different compression levels
hadd merging will be slower
hadd Target path: tree.root:/
Will write selected trees to .
Pre-select 717 entries out of 717 (100.00%)
Processed 717 preselected entries from root://cms-xrd-global.cern.ch//store/mc/Run3Summer22NanoAODv12/Zto2Nu-4Jets_HT-100to200_TuneCP5_13p6TeV_madgraphMLM-pythia8/NANOAODSIM/130X_mcRun3_2022_realistic_v5-v2/2530000/02edde80-75a7-4370-a936-96aae3dbdcc8.root (717 entries). Finally selected 112 entries
Done ./02edde80-75a7-4370-a936-96aae3dbdcc8_Skim.root
Total time 57.4 sec. to process 717 events. Rate = 12.5 Hz.
DONE
/tmp/lfavilla/ZJetsToNuNu_HT100to200_2022/file14
hadd Target file: tree_hadd_14.root
hadd compression setting for all output: 1
hadd Source file 1: tree.root
hadd Source file 2: hist.root
hadd Target path: tree_hadd_14.root:/
hadd Target path: tree_hadd_14.root:/plots
/tmp/lfavilla/ZJetsToNuNu_HT100to200_2022/file14
