Standalone environment set.
/tmp/lfavilla/ZJetsToNuNu_HT100to200_2022/file217
hadd Target file: tree.root
hadd compression setting for all output: 1
hadd Source file 1: ./7ae5f1c9-16d9-4158-8f4d-a0a0118b6c6d_Skim.root
hadd Sources and Target have different compression levels
hadd merging will be slower
hadd Target path: tree.root:/
Will write selected trees to .
Pre-select 119972 entries out of 119972 (100.00%)
Processed    10000/  119972 entries,  8.34% (elapsed time   248.0s, curr speed    0.040 kHz, avg speed    0.040 kHz), accepted     1564/   10001 events (15.64%)
Processed    20000/  119972 entries, 16.67% (elapsed time   462.6s, curr speed    0.047 kHz, avg speed    0.043 kHz), accepted     3126/   20001 events (15.63%)
Processed    30000/  119972 entries, 25.01% (elapsed time   604.0s, curr speed    0.071 kHz, avg speed    0.050 kHz), accepted     4706/   30001 events (15.69%)
Processed    40000/  119972 entries, 33.34% (elapsed time   827.3s, curr speed    0.045 kHz, avg speed    0.048 kHz), accepted     6315/   40001 events (15.79%)
Processed    50000/  119972 entries, 41.68% (elapsed time   988.7s, curr speed    0.062 kHz, avg speed    0.051 kHz), accepted     7893/   50001 events (15.79%)
Processed    60000/  119972 entries, 50.01% (elapsed time  1187.8s, curr speed    0.050 kHz, avg speed    0.051 kHz), accepted     9430/   60001 events (15.72%)
Processed    70000/  119972 entries, 58.35% (elapsed time  1418.8s, curr speed    0.043 kHz, avg speed    0.049 kHz), accepted    10976/   70001 events (15.68%)
Processed    80000/  119972 entries, 66.68% (elapsed time  1569.2s, curr speed    0.066 kHz, avg speed    0.051 kHz), accepted    12503/   80001 events (15.63%)
Processed    90000/  119972 entries, 75.02% (elapsed time  1786.1s, curr speed    0.046 kHz, avg speed    0.050 kHz), accepted    14089/   90001 events (15.65%)
Processed   100000/  119972 entries, 83.35% (elapsed time  1941.6s, curr speed    0.064 kHz, avg speed    0.052 kHz), accepted    15629/  100001 events (15.63%)
Processed   110000/  119972 entries, 91.69% (elapsed time  2152.9s, curr speed    0.047 kHz, avg speed    0.051 kHz), accepted    17175/  110001 events (15.61%)
Processed 119972 preselected entries from root://cms-xrd-global.cern.ch//store/mc/Run3Summer22NanoAODv12/Zto2Nu-4Jets_HT-100to200_TuneCP5_13p6TeV_madgraphMLM-pythia8/NANOAODSIM/130X_mcRun3_2022_realistic_v5-v2/2520000/7ae5f1c9-16d9-4158-8f4d-a0a0118b6c6d.root (119972 entries). Finally selected 18729 entries
Done ./7ae5f1c9-16d9-4158-8f4d-a0a0118b6c6d_Skim.root
Total time 2409.6 sec. to process 119972 events. Rate = 49.8 Hz.
DONE
/tmp/lfavilla/ZJetsToNuNu_HT100to200_2022/file217
hadd Target file: tree_hadd_217.root
hadd compression setting for all output: 1
hadd Source file 1: tree.root
hadd Source file 2: hist.root
hadd Target path: tree_hadd_217.root:/
hadd Target path: tree_hadd_217.root:/plots
/tmp/lfavilla/ZJetsToNuNu_HT100to200_2022/file217
