Standalone environment set.
/tmp/lfavilla/ZJetsToNuNu_HT100to200_2022/file106
hadd Target file: tree.root
hadd compression setting for all output: 1
hadd Source file 1: ./7d20cd45-35bb-4e12-960e-a0fe55be4504_Skim.root
hadd Sources and Target have different compression levels
hadd merging will be slower
hadd Target path: tree.root:/
Will write selected trees to .
Pre-select 9979 entries out of 9979 (100.00%)
Processed 9979 preselected entries from root://cms-xrd-global.cern.ch//store/mc/Run3Summer22NanoAODv12/Zto2Nu-4Jets_HT-100to200_TuneCP5_13p6TeV_madgraphMLM-pythia8/NANOAODSIM/130X_mcRun3_2022_realistic_v5-v2/2530000/7d20cd45-35bb-4e12-960e-a0fe55be4504.root (9979 entries). Finally selected 1510 entries
Done ./7d20cd45-35bb-4e12-960e-a0fe55be4504_Skim.root
Total time 207.7 sec. to process 9979 events. Rate = 48.1 Hz.
DONE
/tmp/lfavilla/ZJetsToNuNu_HT100to200_2022/file106
hadd Target file: tree_hadd_106.root
hadd compression setting for all output: 1
hadd Source file 1: tree.root
hadd Source file 2: hist.root
hadd Target path: tree_hadd_106.root:/
hadd Target path: tree_hadd_106.root:/plots
/tmp/lfavilla/ZJetsToNuNu_HT100to200_2022/file106
