Standalone environment set.
/tmp/lfavilla/ZJetsToNuNu_HT100to200_2022/file272
hadd Target file: tree.root
hadd compression setting for all output: 1
hadd Source file 1: ./b7e1e750-e2f5-4965-a5ba-9cfc74bae100_Skim.root
hadd Sources and Target have different compression levels
hadd merging will be slower
hadd Target path: tree.root:/
Will write selected trees to .
Pre-select 31866 entries out of 31866 (100.00%)
Processed    10000/   31866 entries, 31.38% (elapsed time   260.6s, curr speed    0.038 kHz, avg speed    0.038 kHz), accepted     1583/   10001 events (15.83%)
Processed    20000/   31866 entries, 62.76% (elapsed time   500.3s, curr speed    0.042 kHz, avg speed    0.040 kHz), accepted     3128/   20001 events (15.64%)
Processed    30000/   31866 entries, 94.14% (elapsed time   666.4s, curr speed    0.060 kHz, avg speed    0.045 kHz), accepted     4680/   30001 events (15.60%)
Processed 31866 preselected entries from root://cms-xrd-global.cern.ch//store/mc/Run3Summer22NanoAODv12/Zto2Nu-4Jets_HT-100to200_TuneCP5_13p6TeV_madgraphMLM-pythia8/NANOAODSIM/130X_mcRun3_2022_realistic_v5-v2/50000/b7e1e750-e2f5-4965-a5ba-9cfc74bae100.root (31866 entries). Finally selected 4981 entries
Done ./b7e1e750-e2f5-4965-a5ba-9cfc74bae100_Skim.root
Total time 763.2 sec. to process 31866 events. Rate = 41.8 Hz.
DONE
/tmp/lfavilla/ZJetsToNuNu_HT100to200_2022/file272
hadd Target file: tree_hadd_272.root
hadd compression setting for all output: 1
hadd Source file 1: tree.root
hadd Source file 2: hist.root
hadd Target path: tree_hadd_272.root:/
hadd Target path: tree_hadd_272.root:/plots
/tmp/lfavilla/ZJetsToNuNu_HT100to200_2022/file272
