Standalone environment set.
/tmp/lfavilla/ZJetsToNuNu_HT100to200_2022/file140
hadd Target file: tree.root
hadd compression setting for all output: 1
hadd Source file 1: ./36569a08-2439-4603-bef0-3d1792dc1654_Skim.root
hadd Sources and Target have different compression levels
hadd merging will be slower
hadd Target path: tree.root:/
Will write selected trees to .
Pre-select 171155 entries out of 171155 (100.00%)
Processed    10000/  171155 entries,  5.84% (elapsed time   271.9s, curr speed    0.037 kHz, avg speed    0.037 kHz), accepted     1538/   10001 events (15.38%)
Processed    20000/  171155 entries, 11.69% (elapsed time   512.2s, curr speed    0.042 kHz, avg speed    0.039 kHz), accepted     3026/   20001 events (15.13%)
Processed    30000/  171155 entries, 17.53% (elapsed time   701.4s, curr speed    0.053 kHz, avg speed    0.043 kHz), accepted     4566/   30001 events (15.22%)
Processed    40000/  171155 entries, 23.37% (elapsed time   951.0s, curr speed    0.040 kHz, avg speed    0.042 kHz), accepted     6124/   40001 events (15.31%)
Processed    50000/  171155 entries, 29.21% (elapsed time  1148.9s, curr speed    0.051 kHz, avg speed    0.044 kHz), accepted     7671/   50001 events (15.34%)
Processed    60000/  171155 entries, 35.06% (elapsed time  1382.3s, curr speed    0.043 kHz, avg speed    0.043 kHz), accepted     9213/   60001 events (15.35%)
Processed    70000/  171155 entries, 40.90% (elapsed time  1649.4s, curr speed    0.037 kHz, avg speed    0.042 kHz), accepted    10794/   70001 events (15.42%)
Processed    80000/  171155 entries, 46.74% (elapsed time  1850.9s, curr speed    0.050 kHz, avg speed    0.043 kHz), accepted    12378/   80001 events (15.47%)
Processed    90000/  171155 entries, 52.58% (elapsed time  2098.7s, curr speed    0.040 kHz, avg speed    0.043 kHz), accepted    13907/   90001 events (15.45%)
Processed   100000/  171155 entries, 58.43% (elapsed time  2282.7s, curr speed    0.054 kHz, avg speed    0.044 kHz), accepted    15495/  100001 events (15.49%)
Processed   110000/  171155 entries, 64.27% (elapsed time  2533.8s, curr speed    0.040 kHz, avg speed    0.043 kHz), accepted    17006/  110001 events (15.46%)
Processed   120000/  171155 entries, 70.11% (elapsed time  2757.9s, curr speed    0.045 kHz, avg speed    0.044 kHz), accepted    18577/  120001 events (15.48%)
Processed   130000/  171155 entries, 75.95% (elapsed time  3028.8s, curr speed    0.037 kHz, avg speed    0.043 kHz), accepted    20166/  130001 events (15.51%)
Processed   140000/  171155 entries, 81.80% (elapsed time  3309.3s, curr speed    0.036 kHz, avg speed    0.042 kHz), accepted    21662/  140001 events (15.47%)
Processed   150000/  171155 entries, 87.64% (elapsed time  3523.7s, curr speed    0.047 kHz, avg speed    0.043 kHz), accepted    23264/  150001 events (15.51%)
Processed   160000/  171155 entries, 93.48% (elapsed time  3799.1s, curr speed    0.036 kHz, avg speed    0.042 kHz), accepted    24827/  160001 events (15.52%)
Processed   170000/  171155 entries, 99.33% (elapsed time  3989.7s, curr speed    0.052 kHz, avg speed    0.043 kHz), accepted    26447/  170001 events (15.56%)
Processed 171155 preselected entries from root://cms-xrd-global.cern.ch//store/mc/Run3Summer22NanoAODv12/Zto2Nu-4Jets_HT-100to200_TuneCP5_13p6TeV_madgraphMLM-pythia8/NANOAODSIM/130X_mcRun3_2022_realistic_v5-v2/40000/36569a08-2439-4603-bef0-3d1792dc1654.root (171155 entries). Finally selected 26626 entries
Done ./36569a08-2439-4603-bef0-3d1792dc1654_Skim.root
Total time 4088.0 sec. to process 171155 events. Rate = 41.9 Hz.
DONE
/tmp/lfavilla/ZJetsToNuNu_HT100to200_2022/file140
hadd Target file: tree_hadd_140.root
hadd compression setting for all output: 1
hadd Source file 1: tree.root
hadd Source file 2: hist.root
hadd Target path: tree_hadd_140.root:/
hadd Target path: tree_hadd_140.root:/plots
/tmp/lfavilla/ZJetsToNuNu_HT100to200_2022/file140
