Standalone environment set.
/tmp/lfavilla/ZJetsToNuNu_HT100to200_2022/file21
hadd Target file: tree.root
hadd compression setting for all output: 1
hadd Source file 1: ./36a9490d-97a8-4e80-b16f-98d9a1ee1d65_Skim.root
hadd Sources and Target have different compression levels
hadd merging will be slower
hadd Target path: tree.root:/
Will write selected trees to .
Pre-select 51106 entries out of 51106 (100.00%)
Processed    10000/   51106 entries, 19.57% (elapsed time   227.9s, curr speed    0.044 kHz, avg speed    0.044 kHz), accepted     1565/   10001 events (15.65%)
Processed    20000/   51106 entries, 39.13% (elapsed time   427.5s, curr speed    0.050 kHz, avg speed    0.047 kHz), accepted     3277/   20001 events (16.38%)
Processed    30000/   51106 entries, 58.70% (elapsed time   585.4s, curr speed    0.063 kHz, avg speed    0.051 kHz), accepted     4856/   30001 events (16.19%)
Processed    40000/   51106 entries, 78.27% (elapsed time   790.0s, curr speed    0.049 kHz, avg speed    0.051 kHz), accepted     6408/   40001 events (16.02%)
Processed    50000/   51106 entries, 97.84% (elapsed time   944.9s, curr speed    0.065 kHz, avg speed    0.053 kHz), accepted     7930/   50001 events (15.86%)
Processed 51106 preselected entries from root://cms-xrd-global.cern.ch//store/mc/Run3Summer22NanoAODv12/Zto2Nu-4Jets_HT-100to200_TuneCP5_13p6TeV_madgraphMLM-pythia8/NANOAODSIM/130X_mcRun3_2022_realistic_v5-v2/2540000/36a9490d-97a8-4e80-b16f-98d9a1ee1d65.root (51106 entries). Finally selected 8123 entries
Done ./36a9490d-97a8-4e80-b16f-98d9a1ee1d65_Skim.root
Total time 1019.8 sec. to process 51106 events. Rate = 50.1 Hz.
DONE
/tmp/lfavilla/ZJetsToNuNu_HT100to200_2022/file21
hadd Target file: tree_hadd_21.root
hadd compression setting for all output: 1
hadd Source file 1: tree.root
hadd Source file 2: hist.root
hadd Target path: tree_hadd_21.root:/
hadd Target path: tree_hadd_21.root:/plots
/tmp/lfavilla/ZJetsToNuNu_HT100to200_2022/file21
