Standalone environment set.
/tmp/lfavilla/ZJetsToNuNu_HT100to200_2022/file144
hadd Target file: tree.root
hadd compression setting for all output: 1
hadd Source file 1: ./b061d748-517d-47fc-be78-97d905c741ff_Skim.root
hadd Sources and Target have different compression levels
hadd merging will be slower
hadd Target path: tree.root:/
Will write selected trees to .
Pre-select 171970 entries out of 171970 (100.00%)
Processed    10000/  171970 entries,  5.81% (elapsed time   283.8s, curr speed    0.035 kHz, avg speed    0.035 kHz), accepted     1578/   10001 events (15.78%)
Processed    20000/  171970 entries, 11.63% (elapsed time   510.4s, curr speed    0.044 kHz, avg speed    0.039 kHz), accepted     3124/   20001 events (15.62%)
Processed    30000/  171970 entries, 17.44% (elapsed time   695.9s, curr speed    0.054 kHz, avg speed    0.043 kHz), accepted     4662/   30001 events (15.54%)
Processed    40000/  171970 entries, 23.26% (elapsed time   928.5s, curr speed    0.043 kHz, avg speed    0.043 kHz), accepted     6262/   40001 events (15.65%)
Processed    50000/  171970 entries, 29.07% (elapsed time  1171.5s, curr speed    0.041 kHz, avg speed    0.043 kHz), accepted     7844/   50001 events (15.69%)
Processed    60000/  171970 entries, 34.89% (elapsed time  1347.8s, curr speed    0.057 kHz, avg speed    0.045 kHz), accepted     9312/   60001 events (15.52%)
Processed    70000/  171970 entries, 40.70% (elapsed time  1570.1s, curr speed    0.045 kHz, avg speed    0.045 kHz), accepted    10884/   70001 events (15.55%)
Processed    80000/  171970 entries, 46.52% (elapsed time  1753.8s, curr speed    0.054 kHz, avg speed    0.046 kHz), accepted    12420/   80001 events (15.52%)
Processed    90000/  171970 entries, 52.33% (elapsed time  1994.3s, curr speed    0.042 kHz, avg speed    0.045 kHz), accepted    13898/   90001 events (15.44%)
Processed   100000/  171970 entries, 58.15% (elapsed time  2242.8s, curr speed    0.040 kHz, avg speed    0.045 kHz), accepted    15523/  100001 events (15.52%)
Processed   110000/  171970 entries, 63.96% (elapsed time  2437.8s, curr speed    0.051 kHz, avg speed    0.045 kHz), accepted    17082/  110001 events (15.53%)
Processed   120000/  171970 entries, 69.78% (elapsed time  2702.1s, curr speed    0.038 kHz, avg speed    0.044 kHz), accepted    18650/  120001 events (15.54%)
Processed   130000/  171970 entries, 75.59% (elapsed time  2896.4s, curr speed    0.051 kHz, avg speed    0.045 kHz), accepted    20201/  130001 events (15.54%)
Processed   140000/  171970 entries, 81.41% (elapsed time  3157.0s, curr speed    0.038 kHz, avg speed    0.044 kHz), accepted    21750/  140001 events (15.54%)
Processed   150000/  171970 entries, 87.22% (elapsed time  3425.8s, curr speed    0.037 kHz, avg speed    0.044 kHz), accepted    23238/  150001 events (15.49%)
Processed   160000/  171970 entries, 93.04% (elapsed time  3618.7s, curr speed    0.052 kHz, avg speed    0.044 kHz), accepted    24784/  160001 events (15.49%)
Processed   170000/  171970 entries, 98.85% (elapsed time  3876.4s, curr speed    0.039 kHz, avg speed    0.044 kHz), accepted    26326/  170001 events (15.49%)
Processed 171970 preselected entries from root://cms-xrd-global.cern.ch//store/mc/Run3Summer22NanoAODv12/Zto2Nu-4Jets_HT-100to200_TuneCP5_13p6TeV_madgraphMLM-pythia8/NANOAODSIM/130X_mcRun3_2022_realistic_v5-v2/50000/b061d748-517d-47fc-be78-97d905c741ff.root (171970 entries). Finally selected 26652 entries
Done ./b061d748-517d-47fc-be78-97d905c741ff_Skim.root
Total time 3976.9 sec. to process 171970 events. Rate = 43.2 Hz.
DONE
/tmp/lfavilla/ZJetsToNuNu_HT100to200_2022/file144
hadd Target file: tree_hadd_144.root
hadd compression setting for all output: 1
hadd Source file 1: tree.root
hadd Source file 2: hist.root
hadd Target path: tree_hadd_144.root:/
hadd Target path: tree_hadd_144.root:/plots
/tmp/lfavilla/ZJetsToNuNu_HT100to200_2022/file144
