Standalone environment set.
/tmp/lfavilla/ZJetsToNuNu_HT100to200_2022/file216
hadd Target file: tree.root
hadd compression setting for all output: 1
hadd Source file 1: ./de2bfea5-3e17-43b4-823f-1116025c37d5_Skim.root
hadd Sources and Target have different compression levels
hadd merging will be slower
hadd Target path: tree.root:/
Will write selected trees to .
Pre-select 1447 entries out of 1447 (100.00%)
Processed 1447 preselected entries from root://cms-xrd-global.cern.ch//store/mc/Run3Summer22NanoAODv12/Zto2Nu-4Jets_HT-100to200_TuneCP5_13p6TeV_madgraphMLM-pythia8/NANOAODSIM/130X_mcRun3_2022_realistic_v5-v2/2520000/de2bfea5-3e17-43b4-823f-1116025c37d5.root (1447 entries). Finally selected 223 entries
Done ./de2bfea5-3e17-43b4-823f-1116025c37d5_Skim.root
Total time 106.4 sec. to process 1447 events. Rate = 13.6 Hz.
DONE
/tmp/lfavilla/ZJetsToNuNu_HT100to200_2022/file216
hadd Target file: tree_hadd_216.root
hadd compression setting for all output: 1
hadd Source file 1: tree.root
hadd Source file 2: hist.root
hadd Target path: tree_hadd_216.root:/
hadd Target path: tree_hadd_216.root:/plots
/tmp/lfavilla/ZJetsToNuNu_HT100to200_2022/file216
