Standalone environment set.
/tmp/lfavilla/ZJetsToNuNu_HT100to200_2022/file57
hadd Target file: tree.root
hadd compression setting for all output: 1
hadd Source file 1: ./9ea64d9e-9eca-483b-92f3-dfb16ba51fa8_Skim.root
hadd Sources and Target have different compression levels
hadd merging will be slower
hadd Target path: tree.root:/
Will write selected trees to .
Pre-select 107767 entries out of 107767 (100.00%)
Processed    10000/  107767 entries,  9.28% (elapsed time   231.8s, curr speed    0.043 kHz, avg speed    0.043 kHz), accepted     1604/   10001 events (16.04%)
Processed    20000/  107767 entries, 18.56% (elapsed time   427.4s, curr speed    0.051 kHz, avg speed    0.047 kHz), accepted     3161/   20001 events (15.80%)
Processed    30000/  107767 entries, 27.84% (elapsed time   566.3s, curr speed    0.072 kHz, avg speed    0.053 kHz), accepted     4706/   30001 events (15.69%)
Processed    40000/  107767 entries, 37.12% (elapsed time   787.3s, curr speed    0.045 kHz, avg speed    0.051 kHz), accepted     6275/   40001 events (15.69%)
Processed    50000/  107767 entries, 46.40% (elapsed time   963.7s, curr speed    0.057 kHz, avg speed    0.052 kHz), accepted     7865/   50001 events (15.73%)
Processed    60000/  107767 entries, 55.68% (elapsed time  1143.7s, curr speed    0.056 kHz, avg speed    0.052 kHz), accepted     9374/   60001 events (15.62%)
Processed    70000/  107767 entries, 64.95% (elapsed time  1340.3s, curr speed    0.051 kHz, avg speed    0.052 kHz), accepted    10975/   70001 events (15.68%)
Processed    80000/  107767 entries, 74.23% (elapsed time  1480.9s, curr speed    0.071 kHz, avg speed    0.054 kHz), accepted    12549/   80001 events (15.69%)
Processed    90000/  107767 entries, 83.51% (elapsed time  1670.2s, curr speed    0.053 kHz, avg speed    0.054 kHz), accepted    14105/   90001 events (15.67%)
Processed   100000/  107767 entries, 92.79% (elapsed time  1807.5s, curr speed    0.073 kHz, avg speed    0.055 kHz), accepted    15690/  100001 events (15.69%)
Processed 107767 preselected entries from root://cms-xrd-global.cern.ch//store/mc/Run3Summer22NanoAODv12/Zto2Nu-4Jets_HT-100to200_TuneCP5_13p6TeV_madgraphMLM-pythia8/NANOAODSIM/130X_mcRun3_2022_realistic_v5-v2/2530000/9ea64d9e-9eca-483b-92f3-dfb16ba51fa8.root (107767 entries). Finally selected 16916 entries
Done ./9ea64d9e-9eca-483b-92f3-dfb16ba51fa8_Skim.root
Total time 1983.2 sec. to process 107767 events. Rate = 54.3 Hz.
DONE
/tmp/lfavilla/ZJetsToNuNu_HT100to200_2022/file57
hadd Target file: tree_hadd_57.root
hadd compression setting for all output: 1
hadd Source file 1: tree.root
hadd Source file 2: hist.root
hadd Target path: tree_hadd_57.root:/
hadd Target path: tree_hadd_57.root:/plots
/tmp/lfavilla/ZJetsToNuNu_HT100to200_2022/file57
