Standalone environment set.
/tmp/lfavilla/ZJetsToNuNu_HT100to200_2022/file197
hadd Target file: tree.root
hadd compression setting for all output: 1
hadd Source file 1: ./9173e99d-ebac-4620-b34f-5488f6bcd683_Skim.root
hadd Sources and Target have different compression levels
hadd merging will be slower
hadd Target path: tree.root:/
Will write selected trees to .
Pre-select 107587 entries out of 107587 (100.00%)
Processed    10000/  107587 entries,  9.29% (elapsed time   260.7s, curr speed    0.038 kHz, avg speed    0.038 kHz), accepted     1544/   10001 events (15.44%)
Processed    20000/  107587 entries, 18.59% (elapsed time   470.9s, curr speed    0.048 kHz, avg speed    0.042 kHz), accepted     3022/   20001 events (15.11%)
Processed    30000/  107587 entries, 27.88% (elapsed time   634.7s, curr speed    0.061 kHz, avg speed    0.047 kHz), accepted     4569/   30001 events (15.23%)
Processed    40000/  107587 entries, 37.18% (elapsed time   867.6s, curr speed    0.043 kHz, avg speed    0.046 kHz), accepted     6078/   40001 events (15.19%)
Processed    50000/  107587 entries, 46.47% (elapsed time  1057.8s, curr speed    0.053 kHz, avg speed    0.047 kHz), accepted     7671/   50001 events (15.34%)
Processed    60000/  107587 entries, 55.77% (elapsed time  1281.2s, curr speed    0.045 kHz, avg speed    0.047 kHz), accepted     9152/   60001 events (15.25%)
Processed    70000/  107587 entries, 65.06% (elapsed time  1539.5s, curr speed    0.039 kHz, avg speed    0.045 kHz), accepted    10720/   70001 events (15.31%)
Processed    80000/  107587 entries, 74.36% (elapsed time  1723.0s, curr speed    0.054 kHz, avg speed    0.046 kHz), accepted    12330/   80001 events (15.41%)
Processed    90000/  107587 entries, 83.65% (elapsed time  1971.3s, curr speed    0.040 kHz, avg speed    0.046 kHz), accepted    13891/   90001 events (15.43%)
Processed   100000/  107587 entries, 92.95% (elapsed time  2150.0s, curr speed    0.056 kHz, avg speed    0.047 kHz), accepted    15366/  100001 events (15.37%)
Processed 107587 preselected entries from root://cms-xrd-global.cern.ch//store/mc/Run3Summer22NanoAODv12/Zto2Nu-4Jets_HT-100to200_TuneCP5_13p6TeV_madgraphMLM-pythia8/NANOAODSIM/130X_mcRun3_2022_realistic_v5-v2/30000/9173e99d-ebac-4620-b34f-5488f6bcd683.root (107587 entries). Finally selected 16541 entries
Done ./9173e99d-ebac-4620-b34f-5488f6bcd683_Skim.root
Total time 2388.0 sec. to process 107587 events. Rate = 45.1 Hz.
DONE
/tmp/lfavilla/ZJetsToNuNu_HT100to200_2022/file197
hadd Target file: tree_hadd_197.root
hadd compression setting for all output: 1
hadd Source file 1: tree.root
hadd Source file 2: hist.root
hadd Target path: tree_hadd_197.root:/
hadd Target path: tree_hadd_197.root:/plots
/tmp/lfavilla/ZJetsToNuNu_HT100to200_2022/file197
