Standalone environment set.
/tmp/lfavilla/ZJetsToNuNu_HT100to200_2022/file228
hadd Target file: tree.root
hadd compression setting for all output: 1
hadd Source file 1: ./fd14efe7-7546-446e-837c-dbe0fc138e95_Skim.root
hadd Sources and Target have different compression levels
hadd merging will be slower
hadd Target path: tree.root:/
Will write selected trees to .
Pre-select 12106 entries out of 12106 (100.00%)
Processed    10000/   12106 entries, 82.60% (elapsed time   211.9s, curr speed    0.047 kHz, avg speed    0.047 kHz), accepted     1532/   10001 events (15.32%)
Processed 12106 preselected entries from root://cms-xrd-global.cern.ch//store/mc/Run3Summer22NanoAODv12/Zto2Nu-4Jets_HT-100to200_TuneCP5_13p6TeV_madgraphMLM-pythia8/NANOAODSIM/130X_mcRun3_2022_realistic_v5-v2/50000/fd14efe7-7546-446e-837c-dbe0fc138e95.root (12106 entries). Finally selected 1864 entries
Done ./fd14efe7-7546-446e-837c-dbe0fc138e95_Skim.root
Total time 250.5 sec. to process 12106 events. Rate = 48.3 Hz.
DONE
/tmp/lfavilla/ZJetsToNuNu_HT100to200_2022/file228
hadd Target file: tree_hadd_228.root
hadd compression setting for all output: 1
hadd Source file 1: tree.root
hadd Source file 2: hist.root
hadd Target path: tree_hadd_228.root:/
hadd Target path: tree_hadd_228.root:/plots
/tmp/lfavilla/ZJetsToNuNu_HT100to200_2022/file228
