Standalone environment set.
/tmp/lfavilla/ZJetsToNuNu_HT100to200_2022/file234
hadd Target file: tree.root
hadd compression setting for all output: 1
hadd Source file 1: ./fcadf2ba-1882-4943-97b3-5fab4191e51d_Skim.root
hadd Sources and Target have different compression levels
hadd merging will be slower
hadd Target path: tree.root:/
Will write selected trees to .
Pre-select 63123 entries out of 63123 (100.00%)
Processed    10000/   63123 entries, 15.84% (elapsed time   302.4s, curr speed    0.033 kHz, avg speed    0.033 kHz), accepted     1513/   10001 events (15.13%)
Processed    20000/   63123 entries, 31.68% (elapsed time   576.0s, curr speed    0.037 kHz, avg speed    0.035 kHz), accepted     3087/   20001 events (15.43%)
Processed    30000/   63123 entries, 47.53% (elapsed time   792.3s, curr speed    0.046 kHz, avg speed    0.038 kHz), accepted     4665/   30001 events (15.55%)
Processed    40000/   63123 entries, 63.37% (elapsed time  1098.6s, curr speed    0.033 kHz, avg speed    0.036 kHz), accepted     6238/   40001 events (15.59%)
Processed    50000/   63123 entries, 79.21% (elapsed time  1336.4s, curr speed    0.042 kHz, avg speed    0.037 kHz), accepted     7853/   50001 events (15.71%)
Processed    60000/   63123 entries, 95.05% (elapsed time  1649.2s, curr speed    0.032 kHz, avg speed    0.036 kHz), accepted     9404/   60001 events (15.67%)
Processed 63123 preselected entries from root://cms-xrd-global.cern.ch//store/mc/Run3Summer22NanoAODv12/Zto2Nu-4Jets_HT-100to200_TuneCP5_13p6TeV_madgraphMLM-pythia8/NANOAODSIM/130X_mcRun3_2022_realistic_v5-v2/2520000/fcadf2ba-1882-4943-97b3-5fab4191e51d.root (63123 entries). Finally selected 9877 entries
Done ./fcadf2ba-1882-4943-97b3-5fab4191e51d_Skim.root
Total time 1759.2 sec. to process 63123 events. Rate = 35.9 Hz.
DONE
/tmp/lfavilla/ZJetsToNuNu_HT100to200_2022/file234
hadd Target file: tree_hadd_234.root
hadd compression setting for all output: 1
hadd Source file 1: tree.root
hadd Source file 2: hist.root
hadd Target path: tree_hadd_234.root:/
hadd Target path: tree_hadd_234.root:/plots
/tmp/lfavilla/ZJetsToNuNu_HT100to200_2022/file234
