Standalone environment set.
/tmp/lfavilla/ZJetsToNuNu_HT100to200_2022/file133
hadd Target file: tree.root
hadd compression setting for all output: 1
hadd Source file 1: ./f122aba7-6b4f-495b-9784-cc40b63010ec_Skim.root
hadd Sources and Target have different compression levels
hadd merging will be slower
hadd Target path: tree.root:/
Will write selected trees to .
Pre-select 183466 entries out of 183466 (100.00%)
Processed    10000/  183466 entries,  5.45% (elapsed time   227.4s, curr speed    0.044 kHz, avg speed    0.044 kHz), accepted     1529/   10001 events (15.29%)
Processed    20000/  183466 entries, 10.90% (elapsed time   425.9s, curr speed    0.050 kHz, avg speed    0.047 kHz), accepted     3069/   20001 events (15.34%)
Processed    30000/  183466 entries, 16.35% (elapsed time   585.3s, curr speed    0.063 kHz, avg speed    0.051 kHz), accepted     4619/   30001 events (15.40%)
Processed    40000/  183466 entries, 21.80% (elapsed time   785.1s, curr speed    0.050 kHz, avg speed    0.051 kHz), accepted     6167/   40001 events (15.42%)
Processed    50000/  183466 entries, 27.25% (elapsed time   984.1s, curr speed    0.050 kHz, avg speed    0.051 kHz), accepted     7758/   50001 events (15.52%)
Processed    60000/  183466 entries, 32.70% (elapsed time  1204.0s, curr speed    0.045 kHz, avg speed    0.050 kHz), accepted     9379/   60001 events (15.63%)
Processed    70000/  183466 entries, 38.15% (elapsed time  1410.2s, curr speed    0.049 kHz, avg speed    0.050 kHz), accepted    10956/   70001 events (15.65%)
Processed    80000/  183466 entries, 43.60% (elapsed time  1557.2s, curr speed    0.068 kHz, avg speed    0.051 kHz), accepted    12536/   80001 events (15.67%)
Processed    90000/  183466 entries, 49.06% (elapsed time  1756.9s, curr speed    0.050 kHz, avg speed    0.051 kHz), accepted    14119/   90001 events (15.69%)
Processed   100000/  183466 entries, 54.51% (elapsed time  1923.0s, curr speed    0.060 kHz, avg speed    0.052 kHz), accepted    15702/  100001 events (15.70%)
Processed   110000/  183466 entries, 59.96% (elapsed time  2120.2s, curr speed    0.051 kHz, avg speed    0.052 kHz), accepted    17206/  110001 events (15.64%)
Processed   120000/  183466 entries, 65.41% (elapsed time  2337.8s, curr speed    0.046 kHz, avg speed    0.051 kHz), accepted    18788/  120001 events (15.66%)
Processed   130000/  183466 entries, 70.86% (elapsed time  2492.5s, curr speed    0.065 kHz, avg speed    0.052 kHz), accepted    20287/  130001 events (15.61%)
Processed   140000/  183466 entries, 76.31% (elapsed time  2700.0s, curr speed    0.048 kHz, avg speed    0.052 kHz), accepted    21894/  140001 events (15.64%)
Processed   150000/  183466 entries, 81.76% (elapsed time  2866.0s, curr speed    0.060 kHz, avg speed    0.052 kHz), accepted    23429/  150001 events (15.62%)
Processed   160000/  183466 entries, 87.21% (elapsed time  3058.6s, curr speed    0.052 kHz, avg speed    0.052 kHz), accepted    25039/  160001 events (15.65%)
Processed   170000/  183466 entries, 92.66% (elapsed time  3269.9s, curr speed    0.047 kHz, avg speed    0.052 kHz), accepted    26593/  170001 events (15.64%)
Processed   180000/  183466 entries, 98.11% (elapsed time  3416.7s, curr speed    0.068 kHz, avg speed    0.053 kHz), accepted    28094/  180001 events (15.61%)
Processed 183466 preselected entries from root://cms-xrd-global.cern.ch//store/mc/Run3Summer22NanoAODv12/Zto2Nu-4Jets_HT-100to200_TuneCP5_13p6TeV_madgraphMLM-pythia8/NANOAODSIM/130X_mcRun3_2022_realistic_v5-v2/40000/f122aba7-6b4f-495b-9784-cc40b63010ec.root (183466 entries). Finally selected 28624 entries
Done ./f122aba7-6b4f-495b-9784-cc40b63010ec_Skim.root
Total time 3563.7 sec. to process 183466 events. Rate = 51.5 Hz.
DONE
/tmp/lfavilla/ZJetsToNuNu_HT100to200_2022/file133
hadd Target file: tree_hadd_133.root
hadd compression setting for all output: 1
hadd Source file 1: tree.root
hadd Source file 2: hist.root
hadd Target path: tree_hadd_133.root:/
hadd Target path: tree_hadd_133.root:/plots
/tmp/lfavilla/ZJetsToNuNu_HT100to200_2022/file133
