Standalone environment set.
/tmp/lfavilla/ZJetsToNuNu_HT100to200_2022/file263
hadd Target file: tree.root
hadd compression setting for all output: 1
hadd Source file 1: ./4acb43c7-41ac-4c81-9ec9-44e521618bed_Skim.root
hadd Sources and Target have different compression levels
hadd merging will be slower
hadd Target path: tree.root:/
Will write selected trees to .
Pre-select 714 entries out of 714 (100.00%)
Processed 714 preselected entries from root://cms-xrd-global.cern.ch//store/mc/Run3Summer22NanoAODv12/Zto2Nu-4Jets_HT-100to200_TuneCP5_13p6TeV_madgraphMLM-pythia8/NANOAODSIM/130X_mcRun3_2022_realistic_v5-v2/50000/4acb43c7-41ac-4c81-9ec9-44e521618bed.root (714 entries). Finally selected 105 entries
Done ./4acb43c7-41ac-4c81-9ec9-44e521618bed_Skim.root
Total time 65.2 sec. to process 714 events. Rate = 10.9 Hz.
DONE
/tmp/lfavilla/ZJetsToNuNu_HT100to200_2022/file263
hadd Target file: tree_hadd_263.root
hadd compression setting for all output: 1
hadd Source file 1: tree.root
hadd Source file 2: hist.root
hadd Target path: tree_hadd_263.root:/
hadd Target path: tree_hadd_263.root:/plots
/tmp/lfavilla/ZJetsToNuNu_HT100to200_2022/file263
