Standalone environment set.
/tmp/lfavilla/ZJetsToNuNu_HT100to200_2022/file97
hadd Target file: tree.root
hadd compression setting for all output: 1
hadd Source file 1: ./c0790e23-c7f2-4dae-b3c8-f99dda6ed446_Skim.root
hadd Sources and Target have different compression levels
hadd merging will be slower
hadd Target path: tree.root:/
Will write selected trees to .
Pre-select 19050 entries out of 19050 (100.00%)
Processed    10000/   19050 entries, 52.49% (elapsed time   254.6s, curr speed    0.039 kHz, avg speed    0.039 kHz), accepted     1579/   10001 events (15.79%)
Processed 19050 preselected entries from root://cms-xrd-global.cern.ch//store/mc/Run3Summer22NanoAODv12/Zto2Nu-4Jets_HT-100to200_TuneCP5_13p6TeV_madgraphMLM-pythia8/NANOAODSIM/130X_mcRun3_2022_realistic_v5-v2/2540000/c0790e23-c7f2-4dae-b3c8-f99dda6ed446.root (19050 entries). Finally selected 2989 entries
Done ./c0790e23-c7f2-4dae-b3c8-f99dda6ed446_Skim.root
Total time 455.1 sec. to process 19050 events. Rate = 41.9 Hz.
DONE
/tmp/lfavilla/ZJetsToNuNu_HT100to200_2022/file97
hadd Target file: tree_hadd_97.root
hadd compression setting for all output: 1
hadd Source file 1: tree.root
hadd Source file 2: hist.root
hadd Target path: tree_hadd_97.root:/
hadd Target path: tree_hadd_97.root:/plots
/tmp/lfavilla/ZJetsToNuNu_HT100to200_2022/file97
