Standalone environment set.
/tmp/lfavilla/ZJetsToNuNu_HT100to200_2022/file170
hadd Target file: tree.root
hadd compression setting for all output: 1
hadd Source file 1: ./06a50616-3f5f-43be-ab8e-3411fb63d08f_Skim.root
hadd Sources and Target have different compression levels
hadd merging will be slower
hadd Target path: tree.root:/
Will write selected trees to .
Pre-select 74895 entries out of 74895 (100.00%)
Processed    10000/   74895 entries, 13.35% (elapsed time   215.2s, curr speed    0.046 kHz, avg speed    0.046 kHz), accepted     1567/   10001 events (15.67%)
Processed    20000/   74895 entries, 26.70% (elapsed time   402.2s, curr speed    0.053 kHz, avg speed    0.050 kHz), accepted     3162/   20001 events (15.81%)
Processed    30000/   74895 entries, 40.06% (elapsed time   531.5s, curr speed    0.077 kHz, avg speed    0.056 kHz), accepted     4703/   30001 events (15.68%)
Processed    40000/   74895 entries, 53.41% (elapsed time   721.4s, curr speed    0.053 kHz, avg speed    0.055 kHz), accepted     6320/   40001 events (15.80%)
Processed    50000/   74895 entries, 66.76% (elapsed time   871.3s, curr speed    0.067 kHz, avg speed    0.057 kHz), accepted     7912/   50001 events (15.82%)
Processed    60000/   74895 entries, 80.11% (elapsed time  1059.0s, curr speed    0.053 kHz, avg speed    0.057 kHz), accepted     9505/   60001 events (15.84%)
Processed    70000/   74895 entries, 93.46% (elapsed time  1256.5s, curr speed    0.051 kHz, avg speed    0.056 kHz), accepted    11104/   70001 events (15.86%)
Processed 74895 preselected entries from root://cms-xrd-global.cern.ch//store/mc/Run3Summer22NanoAODv12/Zto2Nu-4Jets_HT-100to200_TuneCP5_13p6TeV_madgraphMLM-pythia8/NANOAODSIM/130X_mcRun3_2022_realistic_v5-v2/2540000/06a50616-3f5f-43be-ab8e-3411fb63d08f.root (74895 entries). Finally selected 11873 entries
Done ./06a50616-3f5f-43be-ab8e-3411fb63d08f_Skim.root
Total time 1334.5 sec. to process 74895 events. Rate = 56.1 Hz.
DONE
/tmp/lfavilla/ZJetsToNuNu_HT100to200_2022/file170
hadd Target file: tree_hadd_170.root
hadd compression setting for all output: 1
hadd Source file 1: tree.root
hadd Source file 2: hist.root
hadd Target path: tree_hadd_170.root:/
hadd Target path: tree_hadd_170.root:/plots
/tmp/lfavilla/ZJetsToNuNu_HT100to200_2022/file170
