Standalone environment set.
/tmp/lfavilla/ZJetsToNuNu_HT100to200_2022/file233
hadd Target file: tree.root
hadd compression setting for all output: 1
hadd Source file 1: ./a1087d34-5a2a-4fc3-b8cb-274828d158ec_Skim.root
hadd Sources and Target have different compression levels
hadd merging will be slower
hadd Target path: tree.root:/
Will write selected trees to .
Pre-select 2838 entries out of 2838 (100.00%)
Processed 2838 preselected entries from root://cms-xrd-global.cern.ch//store/mc/Run3Summer22NanoAODv12/Zto2Nu-4Jets_HT-100to200_TuneCP5_13p6TeV_madgraphMLM-pythia8/NANOAODSIM/130X_mcRun3_2022_realistic_v5-v2/2520000/a1087d34-5a2a-4fc3-b8cb-274828d158ec.root (2838 entries). Finally selected 446 entries
Done ./a1087d34-5a2a-4fc3-b8cb-274828d158ec_Skim.root
Total time 171.1 sec. to process 2838 events. Rate = 16.6 Hz.
DONE
/tmp/lfavilla/ZJetsToNuNu_HT100to200_2022/file233
hadd Target file: tree_hadd_233.root
hadd compression setting for all output: 1
hadd Source file 1: tree.root
hadd Source file 2: hist.root
hadd Target path: tree_hadd_233.root:/
hadd Target path: tree_hadd_233.root:/plots
/tmp/lfavilla/ZJetsToNuNu_HT100to200_2022/file233
