Standalone environment set.
/tmp/lfavilla/ZJetsToNuNu_HT100to200_2022/file266
hadd Target file: tree.root
hadd compression setting for all output: 1
hadd Source file 1: ./68deae80-9f78-4f88-a6d7-ff21b345efb4_Skim.root
hadd Sources and Target have different compression levels
hadd merging will be slower
hadd Target path: tree.root:/
Will write selected trees to .
Pre-select 30028 entries out of 30028 (100.00%)
Processed    10000/   30028 entries, 33.30% (elapsed time   233.7s, curr speed    0.043 kHz, avg speed    0.043 kHz), accepted     1607/   10001 events (16.07%)
Processed    20000/   30028 entries, 66.60% (elapsed time   429.2s, curr speed    0.051 kHz, avg speed    0.047 kHz), accepted     3184/   20001 events (15.92%)
Processed    30000/   30028 entries, 99.91% (elapsed time   576.4s, curr speed    0.068 kHz, avg speed    0.052 kHz), accepted     4760/   30001 events (15.87%)
Processed 30028 preselected entries from root://cms-xrd-global.cern.ch//store/mc/Run3Summer22NanoAODv12/Zto2Nu-4Jets_HT-100to200_TuneCP5_13p6TeV_madgraphMLM-pythia8/NANOAODSIM/130X_mcRun3_2022_realistic_v5-v2/50000/68deae80-9f78-4f88-a6d7-ff21b345efb4.root (30028 entries). Finally selected 4764 entries
Done ./68deae80-9f78-4f88-a6d7-ff21b345efb4_Skim.root
Total time 591.5 sec. to process 30028 events. Rate = 50.8 Hz.
DONE
/tmp/lfavilla/ZJetsToNuNu_HT100to200_2022/file266
hadd Target file: tree_hadd_266.root
hadd compression setting for all output: 1
hadd Source file 1: tree.root
hadd Source file 2: hist.root
hadd Target path: tree_hadd_266.root:/
hadd Target path: tree_hadd_266.root:/plots
/tmp/lfavilla/ZJetsToNuNu_HT100to200_2022/file266
