Standalone environment set.
/tmp/lfavilla/ZJetsToNuNu_HT100to200_2022/file65
hadd Target file: tree.root
hadd compression setting for all output: 1
hadd Source file 1: ./f234dc9c-4144-4f7e-aea0-13ff47fe2c4a_Skim.root
hadd Sources and Target have different compression levels
hadd merging will be slower
hadd Target path: tree.root:/
Will write selected trees to .
Pre-select 179433 entries out of 179433 (100.00%)
Processed    10000/  179433 entries,  5.57% (elapsed time   230.2s, curr speed    0.043 kHz, avg speed    0.043 kHz), accepted     1547/   10001 events (15.47%)
Processed    20000/  179433 entries, 11.15% (elapsed time   437.6s, curr speed    0.048 kHz, avg speed    0.046 kHz), accepted     3156/   20001 events (15.78%)
Processed    30000/  179433 entries, 16.72% (elapsed time   589.9s, curr speed    0.066 kHz, avg speed    0.051 kHz), accepted     4652/   30001 events (15.51%)
Processed    40000/  179433 entries, 22.29% (elapsed time   801.5s, curr speed    0.047 kHz, avg speed    0.050 kHz), accepted     6230/   40001 events (15.57%)
Processed    50000/  179433 entries, 27.87% (elapsed time   967.0s, curr speed    0.060 kHz, avg speed    0.052 kHz), accepted     7783/   50001 events (15.57%)
Processed    60000/  179433 entries, 33.44% (elapsed time  1165.1s, curr speed    0.050 kHz, avg speed    0.051 kHz), accepted     9281/   60001 events (15.47%)
Processed    70000/  179433 entries, 39.01% (elapsed time  1380.4s, curr speed    0.046 kHz, avg speed    0.051 kHz), accepted    10791/   70001 events (15.42%)
Processed    80000/  179433 entries, 44.58% (elapsed time  1546.4s, curr speed    0.060 kHz, avg speed    0.052 kHz), accepted    12324/   80001 events (15.40%)
Processed    90000/  179433 entries, 50.16% (elapsed time  1762.0s, curr speed    0.046 kHz, avg speed    0.051 kHz), accepted    13848/   90001 events (15.39%)
Processed   100000/  179433 entries, 55.73% (elapsed time  1929.2s, curr speed    0.060 kHz, avg speed    0.052 kHz), accepted    15403/  100001 events (15.40%)
Processed   110000/  179433 entries, 61.30% (elapsed time  2179.7s, curr speed    0.040 kHz, avg speed    0.050 kHz), accepted    16954/  110001 events (15.41%)
Processed   120000/  179433 entries, 66.88% (elapsed time  2362.9s, curr speed    0.055 kHz, avg speed    0.051 kHz), accepted    18495/  120001 events (15.41%)
Processed   130000/  179433 entries, 72.45% (elapsed time  2594.2s, curr speed    0.043 kHz, avg speed    0.050 kHz), accepted    20036/  130001 events (15.41%)
Processed   140000/  179433 entries, 78.02% (elapsed time  2844.4s, curr speed    0.040 kHz, avg speed    0.049 kHz), accepted    21656/  140001 events (15.47%)
Processed   150000/  179433 entries, 83.60% (elapsed time  3020.1s, curr speed    0.057 kHz, avg speed    0.050 kHz), accepted    23250/  150001 events (15.50%)
Processed   160000/  179433 entries, 89.17% (elapsed time  3265.2s, curr speed    0.041 kHz, avg speed    0.049 kHz), accepted    24816/  160001 events (15.51%)
Processed   170000/  179433 entries, 94.74% (elapsed time  3457.4s, curr speed    0.052 kHz, avg speed    0.049 kHz), accepted    26370/  170001 events (15.51%)
Processed 179433 preselected entries from root://cms-xrd-global.cern.ch//store/mc/Run3Summer22NanoAODv12/Zto2Nu-4Jets_HT-100to200_TuneCP5_13p6TeV_madgraphMLM-pythia8/NANOAODSIM/130X_mcRun3_2022_realistic_v5-v2/40000/f234dc9c-4144-4f7e-aea0-13ff47fe2c4a.root (179433 entries). Finally selected 27770 entries
Done ./f234dc9c-4144-4f7e-aea0-13ff47fe2c4a_Skim.root
Total time 3743.1 sec. to process 179433 events. Rate = 47.9 Hz.
DONE
/tmp/lfavilla/ZJetsToNuNu_HT100to200_2022/file65
hadd Target file: tree_hadd_65.root
hadd compression setting for all output: 1
hadd Source file 1: tree.root
hadd Source file 2: hist.root
hadd Target path: tree_hadd_65.root:/
hadd Target path: tree_hadd_65.root:/plots
/tmp/lfavilla/ZJetsToNuNu_HT100to200_2022/file65
