Standalone environment set.
/tmp/lfavilla/ZJetsToNuNu_HT100to200_2022/file121
hadd Target file: tree.root
hadd compression setting for all output: 1
hadd Source file 1: ./6fb94b72-70ff-4281-b895-3ab32cb42d7b_Skim.root
hadd Sources and Target have different compression levels
hadd merging will be slower
hadd Target path: tree.root:/
Will write selected trees to .
Pre-select 93341 entries out of 93341 (100.00%)
Processed    10000/   93341 entries, 10.71% (elapsed time   247.5s, curr speed    0.040 kHz, avg speed    0.040 kHz), accepted     1559/   10001 events (15.59%)
Processed    20000/   93341 entries, 21.43% (elapsed time   436.7s, curr speed    0.053 kHz, avg speed    0.046 kHz), accepted     3140/   20001 events (15.70%)
Processed    30000/   93341 entries, 32.14% (elapsed time   590.7s, curr speed    0.065 kHz, avg speed    0.051 kHz), accepted     4710/   30001 events (15.70%)
Processed    40000/   93341 entries, 42.85% (elapsed time   791.7s, curr speed    0.050 kHz, avg speed    0.051 kHz), accepted     6260/   40001 events (15.65%)
Processed    50000/   93341 entries, 53.57% (elapsed time   957.3s, curr speed    0.060 kHz, avg speed    0.052 kHz), accepted     7764/   50001 events (15.53%)
Processed    60000/   93341 entries, 64.28% (elapsed time  1161.1s, curr speed    0.049 kHz, avg speed    0.052 kHz), accepted     9370/   60001 events (15.62%)
Processed    70000/   93341 entries, 74.99% (elapsed time  1375.6s, curr speed    0.047 kHz, avg speed    0.051 kHz), accepted    10910/   70001 events (15.59%)
Processed    80000/   93341 entries, 85.71% (elapsed time  1525.2s, curr speed    0.067 kHz, avg speed    0.052 kHz), accepted    12447/   80001 events (15.56%)
Processed    90000/   93341 entries, 96.42% (elapsed time  1740.3s, curr speed    0.046 kHz, avg speed    0.052 kHz), accepted    14025/   90001 events (15.58%)
Processed 93341 preselected entries from root://cms-xrd-global.cern.ch//store/mc/Run3Summer22NanoAODv12/Zto2Nu-4Jets_HT-100to200_TuneCP5_13p6TeV_madgraphMLM-pythia8/NANOAODSIM/130X_mcRun3_2022_realistic_v5-v2/50000/6fb94b72-70ff-4281-b895-3ab32cb42d7b.root (93341 entries). Finally selected 14548 entries
Done ./6fb94b72-70ff-4281-b895-3ab32cb42d7b_Skim.root
Total time 1800.0 sec. to process 93341 events. Rate = 51.9 Hz.
DONE
/tmp/lfavilla/ZJetsToNuNu_HT100to200_2022/file121
hadd Target file: tree_hadd_121.root
hadd compression setting for all output: 1
hadd Source file 1: tree.root
hadd Source file 2: hist.root
hadd Target path: tree_hadd_121.root:/
hadd Target path: tree_hadd_121.root:/plots
/tmp/lfavilla/ZJetsToNuNu_HT100to200_2022/file121
