Standalone environment set.
/tmp/lfavilla/ZJetsToNuNu_HT100to200_2022/file29
hadd Target file: tree.root
hadd compression setting for all output: 1
hadd Source file 1: ./10b6f1ca-172b-42a8-9ef2-3b9f3a1c70f7_Skim.root
hadd Sources and Target have different compression levels
hadd merging will be slower
hadd Target path: tree.root:/
Will write selected trees to .
Pre-select 156596 entries out of 156596 (100.00%)
Processed    10000/  156596 entries,  6.39% (elapsed time   223.8s, curr speed    0.045 kHz, avg speed    0.045 kHz), accepted     1534/   10001 events (15.34%)
Processed    20000/  156596 entries, 12.77% (elapsed time   401.1s, curr speed    0.056 kHz, avg speed    0.050 kHz), accepted     3101/   20001 events (15.50%)
Processed    30000/  156596 entries, 19.16% (elapsed time   527.4s, curr speed    0.079 kHz, avg speed    0.057 kHz), accepted     4685/   30001 events (15.62%)
Processed    40000/  156596 entries, 25.54% (elapsed time   710.5s, curr speed    0.055 kHz, avg speed    0.056 kHz), accepted     6250/   40001 events (15.62%)
Processed    50000/  156596 entries, 31.93% (elapsed time   849.0s, curr speed    0.072 kHz, avg speed    0.059 kHz), accepted     7787/   50001 events (15.57%)
Processed    60000/  156596 entries, 38.32% (elapsed time  1026.7s, curr speed    0.056 kHz, avg speed    0.058 kHz), accepted     9295/   60001 events (15.49%)
Processed    70000/  156596 entries, 44.70% (elapsed time  1212.5s, curr speed    0.054 kHz, avg speed    0.058 kHz), accepted    10874/   70001 events (15.53%)
Processed    80000/  156596 entries, 51.09% (elapsed time  1348.7s, curr speed    0.073 kHz, avg speed    0.059 kHz), accepted    12447/   80001 events (15.56%)
Processed    90000/  156596 entries, 57.47% (elapsed time  1545.7s, curr speed    0.051 kHz, avg speed    0.058 kHz), accepted    14032/   90001 events (15.59%)
Processed   100000/  156596 entries, 63.86% (elapsed time  1686.8s, curr speed    0.071 kHz, avg speed    0.059 kHz), accepted    15640/  100001 events (15.64%)
Processed   110000/  156596 entries, 70.24% (elapsed time  1856.7s, curr speed    0.059 kHz, avg speed    0.059 kHz), accepted    17155/  110001 events (15.60%)
Processed   120000/  156596 entries, 76.63% (elapsed time  2032.8s, curr speed    0.057 kHz, avg speed    0.059 kHz), accepted    18742/  120001 events (15.62%)
Processed   130000/  156596 entries, 83.02% (elapsed time  2166.2s, curr speed    0.075 kHz, avg speed    0.060 kHz), accepted    20264/  130001 events (15.59%)
Processed   140000/  156596 entries, 89.40% (elapsed time  2349.8s, curr speed    0.054 kHz, avg speed    0.060 kHz), accepted    21800/  140001 events (15.57%)
Processed   150000/  156596 entries, 95.79% (elapsed time  2486.3s, curr speed    0.073 kHz, avg speed    0.060 kHz), accepted    23332/  150001 events (15.55%)
Processed 156596 preselected entries from root://cms-xrd-global.cern.ch//store/mc/Run3Summer22NanoAODv12/Zto2Nu-4Jets_HT-100to200_TuneCP5_13p6TeV_madgraphMLM-pythia8/NANOAODSIM/130X_mcRun3_2022_realistic_v5-v2/2540000/10b6f1ca-172b-42a8-9ef2-3b9f3a1c70f7.root (156596 entries). Finally selected 24367 entries
Done ./10b6f1ca-172b-42a8-9ef2-3b9f3a1c70f7_Skim.root
Total time 2629.8 sec. to process 156596 events. Rate = 59.5 Hz.
DONE
/tmp/lfavilla/ZJetsToNuNu_HT100to200_2022/file29
hadd Target file: tree_hadd_29.root
hadd compression setting for all output: 1
hadd Source file 1: tree.root
hadd Source file 2: hist.root
hadd Target path: tree_hadd_29.root:/
hadd Target path: tree_hadd_29.root:/plots
/tmp/lfavilla/ZJetsToNuNu_HT100to200_2022/file29
