Standalone environment set.
/tmp/lfavilla/ZJetsToNuNu_HT100to200_2022/file203
hadd Target file: tree.root
hadd compression setting for all output: 1
hadd Source file 1: ./52dc8aed-0187-4625-a535-40b184c4477a_Skim.root
hadd Sources and Target have different compression levels
hadd merging will be slower
hadd Target path: tree.root:/
Will write selected trees to .
Pre-select 174339 entries out of 174339 (100.00%)
Processed    10000/  174339 entries,  5.74% (elapsed time   247.0s, curr speed    0.040 kHz, avg speed    0.040 kHz), accepted     1551/   10001 events (15.51%)
Processed    20000/  174339 entries, 11.47% (elapsed time   456.8s, curr speed    0.048 kHz, avg speed    0.044 kHz), accepted     3066/   20001 events (15.33%)
Processed    30000/  174339 entries, 17.21% (elapsed time   619.0s, curr speed    0.062 kHz, avg speed    0.048 kHz), accepted     4589/   30001 events (15.30%)
Processed    40000/  174339 entries, 22.94% (elapsed time   852.4s, curr speed    0.043 kHz, avg speed    0.047 kHz), accepted     6125/   40001 events (15.31%)
Processed    50000/  174339 entries, 28.68% (elapsed time  1028.3s, curr speed    0.057 kHz, avg speed    0.049 kHz), accepted     7684/   50001 events (15.37%)
Processed    60000/  174339 entries, 34.42% (elapsed time  1246.2s, curr speed    0.046 kHz, avg speed    0.048 kHz), accepted     9309/   60001 events (15.51%)
Processed    70000/  174339 entries, 40.15% (elapsed time  1486.2s, curr speed    0.042 kHz, avg speed    0.047 kHz), accepted    10786/   70001 events (15.41%)
Processed    80000/  174339 entries, 45.89% (elapsed time  1652.8s, curr speed    0.060 kHz, avg speed    0.048 kHz), accepted    12310/   80001 events (15.39%)
Processed    90000/  174339 entries, 51.62% (elapsed time  1891.2s, curr speed    0.042 kHz, avg speed    0.048 kHz), accepted    13861/   90001 events (15.40%)
Processed   100000/  174339 entries, 57.36% (elapsed time  2061.1s, curr speed    0.059 kHz, avg speed    0.049 kHz), accepted    15399/  100001 events (15.40%)
Processed   110000/  174339 entries, 63.10% (elapsed time  2308.4s, curr speed    0.040 kHz, avg speed    0.048 kHz), accepted    16922/  110001 events (15.38%)
Processed   120000/  174339 entries, 68.83% (elapsed time  2508.4s, curr speed    0.050 kHz, avg speed    0.048 kHz), accepted    18503/  120001 events (15.42%)
Processed   130000/  174339 entries, 74.57% (elapsed time  2752.9s, curr speed    0.041 kHz, avg speed    0.047 kHz), accepted    20046/  130001 events (15.42%)
Processed   140000/  174339 entries, 80.30% (elapsed time  3005.3s, curr speed    0.040 kHz, avg speed    0.047 kHz), accepted    21577/  140001 events (15.41%)
Processed   150000/  174339 entries, 86.04% (elapsed time  3202.5s, curr speed    0.051 kHz, avg speed    0.047 kHz), accepted    23174/  150001 events (15.45%)
Processed   160000/  174339 entries, 91.78% (elapsed time  3468.0s, curr speed    0.038 kHz, avg speed    0.046 kHz), accepted    24735/  160001 events (15.46%)
Processed   170000/  174339 entries, 97.51% (elapsed time  3663.1s, curr speed    0.051 kHz, avg speed    0.046 kHz), accepted    26298/  170001 events (15.47%)
Processed 174339 preselected entries from root://cms-xrd-global.cern.ch//store/mc/Run3Summer22NanoAODv12/Zto2Nu-4Jets_HT-100to200_TuneCP5_13p6TeV_madgraphMLM-pythia8/NANOAODSIM/130X_mcRun3_2022_realistic_v5-v2/2540000/52dc8aed-0187-4625-a535-40b184c4477a.root (174339 entries). Finally selected 27008 entries
Done ./52dc8aed-0187-4625-a535-40b184c4477a_Skim.root
Total time 3850.8 sec. to process 174339 events. Rate = 45.3 Hz.
DONE
/tmp/lfavilla/ZJetsToNuNu_HT100to200_2022/file203
hadd Target file: tree_hadd_203.root
hadd compression setting for all output: 1
hadd Source file 1: tree.root
hadd Source file 2: hist.root
hadd Target path: tree_hadd_203.root:/
hadd Target path: tree_hadd_203.root:/plots
/tmp/lfavilla/ZJetsToNuNu_HT100to200_2022/file203
