Standalone environment set.
/tmp/lfavilla/ZJetsToNuNu_HT100to200_2022/file171
hadd Target file: tree.root
hadd compression setting for all output: 1
hadd Source file 1: ./a6401b34-0c68-40f3-80bd-5e9e4ea1eb26_Skim.root
hadd Sources and Target have different compression levels
hadd merging will be slower
hadd Target path: tree.root:/
Will write selected trees to .
Pre-select 46915 entries out of 46915 (100.00%)
Processed    10000/   46915 entries, 21.32% (elapsed time   272.1s, curr speed    0.037 kHz, avg speed    0.037 kHz), accepted     1544/   10001 events (15.44%)
Processed    20000/   46915 entries, 42.63% (elapsed time   504.8s, curr speed    0.043 kHz, avg speed    0.040 kHz), accepted     3013/   20001 events (15.06%)
Processed    30000/   46915 entries, 63.95% (elapsed time   673.4s, curr speed    0.059 kHz, avg speed    0.045 kHz), accepted     4590/   30001 events (15.30%)
Processed    40000/   46915 entries, 85.26% (elapsed time   916.5s, curr speed    0.041 kHz, avg speed    0.044 kHz), accepted     6111/   40001 events (15.28%)
Processed 46915 preselected entries from root://cms-xrd-global.cern.ch//store/mc/Run3Summer22NanoAODv12/Zto2Nu-4Jets_HT-100to200_TuneCP5_13p6TeV_madgraphMLM-pythia8/NANOAODSIM/130X_mcRun3_2022_realistic_v5-v2/2540000/a6401b34-0c68-40f3-80bd-5e9e4ea1eb26.root (46915 entries). Finally selected 7178 entries
Done ./a6401b34-0c68-40f3-80bd-5e9e4ea1eb26_Skim.root
Total time 1075.2 sec. to process 46915 events. Rate = 43.6 Hz.
DONE
/tmp/lfavilla/ZJetsToNuNu_HT100to200_2022/file171
hadd Target file: tree_hadd_171.root
hadd compression setting for all output: 1
hadd Source file 1: tree.root
hadd Source file 2: hist.root
hadd Target path: tree_hadd_171.root:/
hadd Target path: tree_hadd_171.root:/plots
/tmp/lfavilla/ZJetsToNuNu_HT100to200_2022/file171
