Standalone environment set.
/tmp/lfavilla/ZJetsToNuNu_HT100to200_2022/file210
hadd Target file: tree.root
hadd compression setting for all output: 1
hadd Source file 1: ./b97d0a29-5385-4269-ac1a-1839fe6f40bc_Skim.root
hadd Sources and Target have different compression levels
hadd merging will be slower
hadd Target path: tree.root:/
Will write selected trees to .
Pre-select 91994 entries out of 91994 (100.00%)
Processed    10000/   91994 entries, 10.87% (elapsed time   230.2s, curr speed    0.043 kHz, avg speed    0.043 kHz), accepted     1595/   10001 events (15.95%)
Processed    20000/   91994 entries, 21.74% (elapsed time   435.4s, curr speed    0.049 kHz, avg speed    0.046 kHz), accepted     3153/   20001 events (15.76%)
Processed    30000/   91994 entries, 32.61% (elapsed time   584.9s, curr speed    0.067 kHz, avg speed    0.051 kHz), accepted     4680/   30001 events (15.60%)
Processed    40000/   91994 entries, 43.48% (elapsed time   808.4s, curr speed    0.045 kHz, avg speed    0.049 kHz), accepted     6241/   40001 events (15.60%)
Processed    50000/   91994 entries, 54.35% (elapsed time   973.1s, curr speed    0.061 kHz, avg speed    0.051 kHz), accepted     7780/   50001 events (15.56%)
Processed    60000/   91994 entries, 65.22% (elapsed time  1189.4s, curr speed    0.046 kHz, avg speed    0.050 kHz), accepted     9261/   60001 events (15.43%)
Processed    70000/   91994 entries, 76.09% (elapsed time  1412.0s, curr speed    0.045 kHz, avg speed    0.050 kHz), accepted    10882/   70001 events (15.55%)
Processed    80000/   91994 entries, 86.96% (elapsed time  1572.0s, curr speed    0.063 kHz, avg speed    0.051 kHz), accepted    12416/   80001 events (15.52%)
Processed    90000/   91994 entries, 97.83% (elapsed time  1802.5s, curr speed    0.043 kHz, avg speed    0.050 kHz), accepted    14000/   90001 events (15.56%)
Processed 91994 preselected entries from root://cms-xrd-global.cern.ch//store/mc/Run3Summer22NanoAODv12/Zto2Nu-4Jets_HT-100to200_TuneCP5_13p6TeV_madgraphMLM-pythia8/NANOAODSIM/130X_mcRun3_2022_realistic_v5-v2/30000/b97d0a29-5385-4269-ac1a-1839fe6f40bc.root (91994 entries). Finally selected 14294 entries
Done ./b97d0a29-5385-4269-ac1a-1839fe6f40bc_Skim.root
Total time 1852.6 sec. to process 91994 events. Rate = 49.7 Hz.
DONE
/tmp/lfavilla/ZJetsToNuNu_HT100to200_2022/file210
hadd Target file: tree_hadd_210.root
hadd compression setting for all output: 1
hadd Source file 1: tree.root
hadd Source file 2: hist.root
hadd Target path: tree_hadd_210.root:/
hadd Target path: tree_hadd_210.root:/plots
/tmp/lfavilla/ZJetsToNuNu_HT100to200_2022/file210
