Standalone environment set.
/tmp/lfavilla/ZJetsToNuNu_HT100to200_2022/file265
hadd Target file: tree.root
hadd compression setting for all output: 1
hadd Source file 1: ./9d4c9f6e-9397-410e-8c89-aab257f15e9d_Skim.root
hadd Sources and Target have different compression levels
hadd merging will be slower
hadd Target path: tree.root:/
Will write selected trees to .
Pre-select 101495 entries out of 101495 (100.00%)
Processed    10000/  101495 entries,  9.85% (elapsed time   229.4s, curr speed    0.044 kHz, avg speed    0.044 kHz), accepted     1562/   10001 events (15.62%)
Processed    20000/  101495 entries, 19.71% (elapsed time   422.0s, curr speed    0.052 kHz, avg speed    0.047 kHz), accepted     3099/   20001 events (15.49%)
Processed    30000/  101495 entries, 29.56% (elapsed time   562.0s, curr speed    0.071 kHz, avg speed    0.053 kHz), accepted     4636/   30001 events (15.45%)
Processed    40000/  101495 entries, 39.41% (elapsed time   761.7s, curr speed    0.050 kHz, avg speed    0.053 kHz), accepted     6247/   40001 events (15.62%)
Processed    50000/  101495 entries, 49.26% (elapsed time   917.5s, curr speed    0.064 kHz, avg speed    0.054 kHz), accepted     7850/   50001 events (15.70%)
Processed    60000/  101495 entries, 59.12% (elapsed time  1101.9s, curr speed    0.054 kHz, avg speed    0.054 kHz), accepted     9438/   60001 events (15.73%)
Processed    70000/  101495 entries, 68.97% (elapsed time  1256.1s, curr speed    0.065 kHz, avg speed    0.056 kHz), accepted    11021/   70001 events (15.74%)
Processed    80000/  101495 entries, 78.82% (elapsed time  1443.2s, curr speed    0.053 kHz, avg speed    0.055 kHz), accepted    12587/   80001 events (15.73%)
Processed    90000/  101495 entries, 88.67% (elapsed time  1630.5s, curr speed    0.053 kHz, avg speed    0.055 kHz), accepted    14110/   90001 events (15.68%)
Processed   100000/  101495 entries, 98.53% (elapsed time  1759.7s, curr speed    0.077 kHz, avg speed    0.057 kHz), accepted    15687/  100001 events (15.69%)
Processed 101495 preselected entries from root://cms-xrd-global.cern.ch//store/mc/Run3Summer22NanoAODv12/Zto2Nu-4Jets_HT-100to200_TuneCP5_13p6TeV_madgraphMLM-pythia8/NANOAODSIM/130X_mcRun3_2022_realistic_v5-v2/50000/9d4c9f6e-9397-410e-8c89-aab257f15e9d.root (101495 entries). Finally selected 15938 entries
Done ./9d4c9f6e-9397-410e-8c89-aab257f15e9d_Skim.root
Total time 1814.5 sec. to process 101495 events. Rate = 55.9 Hz.
DONE
/tmp/lfavilla/ZJetsToNuNu_HT100to200_2022/file265
hadd Target file: tree_hadd_265.root
hadd compression setting for all output: 1
hadd Source file 1: tree.root
hadd Source file 2: hist.root
hadd Target path: tree_hadd_265.root:/
hadd Target path: tree_hadd_265.root:/plots
/tmp/lfavilla/ZJetsToNuNu_HT100to200_2022/file265
