Standalone environment set.
/tmp/lfavilla/ZJetsToNuNu_HT100to200_2022/file241
hadd Target file: tree.root
hadd compression setting for all output: 1
hadd Source file 1: ./0597afdf-3c84-4371-b15b-3cfcccfd5c34_Skim.root
hadd Sources and Target have different compression levels
hadd merging will be slower
hadd Target path: tree.root:/
Will write selected trees to .
Pre-select 170791 entries out of 170791 (100.00%)
Processed    10000/  170791 entries,  5.86% (elapsed time   280.7s, curr speed    0.036 kHz, avg speed    0.036 kHz), accepted     1469/   10001 events (14.69%)
Processed    20000/  170791 entries, 11.71% (elapsed time   546.3s, curr speed    0.038 kHz, avg speed    0.037 kHz), accepted     3065/   20001 events (15.32%)
Processed    30000/  170791 entries, 17.57% (elapsed time   739.6s, curr speed    0.052 kHz, avg speed    0.041 kHz), accepted     4623/   30001 events (15.41%)
Processed    40000/  170791 entries, 23.42% (elapsed time  1019.9s, curr speed    0.036 kHz, avg speed    0.039 kHz), accepted     6224/   40001 events (15.56%)
Processed    50000/  170791 entries, 29.28% (elapsed time  1224.8s, curr speed    0.049 kHz, avg speed    0.041 kHz), accepted     7743/   50001 events (15.49%)
Processed    60000/  170791 entries, 35.13% (elapsed time  1508.5s, curr speed    0.035 kHz, avg speed    0.040 kHz), accepted     9358/   60001 events (15.60%)
Processed    70000/  170791 entries, 40.99% (elapsed time  1794.6s, curr speed    0.035 kHz, avg speed    0.039 kHz), accepted    10866/   70001 events (15.52%)
Processed    80000/  170791 entries, 46.84% (elapsed time  1990.1s, curr speed    0.051 kHz, avg speed    0.040 kHz), accepted    12394/   80001 events (15.49%)
Processed    90000/  170791 entries, 52.70% (elapsed time  2281.0s, curr speed    0.034 kHz, avg speed    0.039 kHz), accepted    13935/   90001 events (15.48%)
Processed   100000/  170791 entries, 58.55% (elapsed time  2494.8s, curr speed    0.047 kHz, avg speed    0.040 kHz), accepted    15488/  100001 events (15.49%)
Processed   110000/  170791 entries, 64.41% (elapsed time  2781.8s, curr speed    0.035 kHz, avg speed    0.040 kHz), accepted    17029/  110001 events (15.48%)
Processed   120000/  170791 entries, 70.26% (elapsed time  3067.0s, curr speed    0.035 kHz, avg speed    0.039 kHz), accepted    18566/  120001 events (15.47%)
Processed   130000/  170791 entries, 76.12% (elapsed time  3279.0s, curr speed    0.047 kHz, avg speed    0.040 kHz), accepted    20116/  130001 events (15.47%)
Processed   140000/  170791 entries, 81.97% (elapsed time  3561.5s, curr speed    0.035 kHz, avg speed    0.039 kHz), accepted    21633/  140001 events (15.45%)
Processed   150000/  170791 entries, 87.83% (elapsed time  3774.7s, curr speed    0.047 kHz, avg speed    0.040 kHz), accepted    23248/  150001 events (15.50%)
Processed   160000/  170791 entries, 93.68% (elapsed time  4017.5s, curr speed    0.041 kHz, avg speed    0.040 kHz), accepted    24864/  160001 events (15.54%)
Processed   170000/  170791 entries, 99.54% (elapsed time  4267.2s, curr speed    0.040 kHz, avg speed    0.040 kHz), accepted    26383/  170001 events (15.52%)
Processed 170791 preselected entries from root://cms-xrd-global.cern.ch//store/mc/Run3Summer22NanoAODv12/Zto2Nu-4Jets_HT-100to200_TuneCP5_13p6TeV_madgraphMLM-pythia8/NANOAODSIM/130X_mcRun3_2022_realistic_v5-v2/2520000/0597afdf-3c84-4371-b15b-3cfcccfd5c34.root (170791 entries). Finally selected 26500 entries
Done ./0597afdf-3c84-4371-b15b-3cfcccfd5c34_Skim.root
Total time 4361.5 sec. to process 170791 events. Rate = 39.2 Hz.
DONE
/tmp/lfavilla/ZJetsToNuNu_HT100to200_2022/file241
hadd Target file: tree_hadd_241.root
hadd compression setting for all output: 1
hadd Source file 1: tree.root
hadd Source file 2: hist.root
hadd Target path: tree_hadd_241.root:/
hadd Target path: tree_hadd_241.root:/plots
/tmp/lfavilla/ZJetsToNuNu_HT100to200_2022/file241
