Standalone environment set.
/tmp/lfavilla/ZJetsToNuNu_HT100to200_2022/file164
hadd Target file: tree.root
hadd compression setting for all output: 1
hadd Source file 1: ./12ca3033-b5c0-4ea4-9c0d-68a7e5e1cbdc_Skim.root
hadd Sources and Target have different compression levels
hadd merging will be slower
hadd Target path: tree.root:/
Will write selected trees to .
Pre-select 69680 entries out of 69680 (100.00%)
Processed    10000/   69680 entries, 14.35% (elapsed time   217.5s, curr speed    0.046 kHz, avg speed    0.046 kHz), accepted     1460/   10001 events (14.60%)
Processed    20000/   69680 entries, 28.70% (elapsed time   413.1s, curr speed    0.051 kHz, avg speed    0.048 kHz), accepted     3009/   20001 events (15.04%)
Processed    30000/   69680 entries, 43.05% (elapsed time   559.3s, curr speed    0.068 kHz, avg speed    0.054 kHz), accepted     4597/   30001 events (15.32%)
Processed    40000/   69680 entries, 57.41% (elapsed time   755.7s, curr speed    0.051 kHz, avg speed    0.053 kHz), accepted     6128/   40001 events (15.32%)
Processed    50000/   69680 entries, 71.76% (elapsed time   904.4s, curr speed    0.067 kHz, avg speed    0.055 kHz), accepted     7700/   50001 events (15.40%)
Processed    60000/   69680 entries, 86.11% (elapsed time  1092.8s, curr speed    0.053 kHz, avg speed    0.055 kHz), accepted     9218/   60001 events (15.36%)
Processed 69680 preselected entries from root://cms-xrd-global.cern.ch//store/mc/Run3Summer22NanoAODv12/Zto2Nu-4Jets_HT-100to200_TuneCP5_13p6TeV_madgraphMLM-pythia8/NANOAODSIM/130X_mcRun3_2022_realistic_v5-v2/30000/12ca3033-b5c0-4ea4-9c0d-68a7e5e1cbdc.root (69680 entries). Finally selected 10713 entries
Done ./12ca3033-b5c0-4ea4-9c0d-68a7e5e1cbdc_Skim.root
Total time 1313.6 sec. to process 69680 events. Rate = 53.0 Hz.
DONE
/tmp/lfavilla/ZJetsToNuNu_HT100to200_2022/file164
hadd Target file: tree_hadd_164.root
hadd compression setting for all output: 1
hadd Source file 1: tree.root
hadd Source file 2: hist.root
hadd Target path: tree_hadd_164.root:/
hadd Target path: tree_hadd_164.root:/plots
/tmp/lfavilla/ZJetsToNuNu_HT100to200_2022/file164
