Standalone environment set.
/tmp/lfavilla/ZJetsToNuNu_HT100to200_2022/file240
hadd Target file: tree.root
hadd compression setting for all output: 1
hadd Source file 1: ./94e0d420-52bf-4137-887a-ae79180dda06_Skim.root
hadd Sources and Target have different compression levels
hadd merging will be slower
hadd Target path: tree.root:/
Will write selected trees to .
Pre-select 6483 entries out of 6483 (100.00%)
Processed 6483 preselected entries from root://cms-xrd-global.cern.ch//store/mc/Run3Summer22NanoAODv12/Zto2Nu-4Jets_HT-100to200_TuneCP5_13p6TeV_madgraphMLM-pythia8/NANOAODSIM/130X_mcRun3_2022_realistic_v5-v2/2520000/94e0d420-52bf-4137-887a-ae79180dda06.root (6483 entries). Finally selected 1060 entries
Done ./94e0d420-52bf-4137-887a-ae79180dda06_Skim.root
Total time 236.3 sec. to process 6483 events. Rate = 27.4 Hz.
DONE
/tmp/lfavilla/ZJetsToNuNu_HT100to200_2022/file240
hadd Target file: tree_hadd_240.root
hadd compression setting for all output: 1
hadd Source file 1: tree.root
hadd Source file 2: hist.root
hadd Target path: tree_hadd_240.root:/
hadd Target path: tree_hadd_240.root:/plots
/tmp/lfavilla/ZJetsToNuNu_HT100to200_2022/file240
