Standalone environment set.
/tmp/lfavilla/ZJetsToNuNu_HT100to200_2022/file117
hadd Target file: tree.root
hadd compression setting for all output: 1
hadd Source file 1: ./d91082bf-3a44-4eef-a280-738b9eb670ed_Skim.root
hadd Sources and Target have different compression levels
hadd merging will be slower
hadd Target path: tree.root:/
Will write selected trees to .
Pre-select 23436 entries out of 23436 (100.00%)
Processed    10000/   23436 entries, 42.67% (elapsed time   220.7s, curr speed    0.045 kHz, avg speed    0.045 kHz), accepted     1571/   10001 events (15.71%)
Processed    20000/   23436 entries, 85.34% (elapsed time   411.2s, curr speed    0.053 kHz, avg speed    0.049 kHz), accepted     3098/   20001 events (15.49%)
Processed 23436 preselected entries from root://cms-xrd-global.cern.ch//store/mc/Run3Summer22NanoAODv12/Zto2Nu-4Jets_HT-100to200_TuneCP5_13p6TeV_madgraphMLM-pythia8/NANOAODSIM/130X_mcRun3_2022_realistic_v5-v2/2530000/d91082bf-3a44-4eef-a280-738b9eb670ed.root (23436 entries). Finally selected 3662 entries
Done ./d91082bf-3a44-4eef-a280-738b9eb670ed_Skim.root
Total time 453.4 sec. to process 23436 events. Rate = 51.7 Hz.
DONE
/tmp/lfavilla/ZJetsToNuNu_HT100to200_2022/file117
hadd Target file: tree_hadd_117.root
hadd compression setting for all output: 1
hadd Source file 1: tree.root
hadd Source file 2: hist.root
hadd Target path: tree_hadd_117.root:/
hadd Target path: tree_hadd_117.root:/plots
/tmp/lfavilla/ZJetsToNuNu_HT100to200_2022/file117
