Standalone environment set.
/tmp/lfavilla/ZJetsToNuNu_HT100to200_2022/file129
hadd Target file: tree.root
hadd compression setting for all output: 1
hadd Source file 1: ./7cf275e4-71d3-4353-8195-78e8b95f1b52_Skim.root
hadd Sources and Target have different compression levels
hadd merging will be slower
hadd Target path: tree.root:/
Will write selected trees to .
Pre-select 187194 entries out of 187194 (100.00%)
Processed    10000/  187194 entries,  5.34% (elapsed time   222.7s, curr speed    0.045 kHz, avg speed    0.045 kHz), accepted     1558/   10001 events (15.58%)
Processed    20000/  187194 entries, 10.68% (elapsed time   415.6s, curr speed    0.052 kHz, avg speed    0.048 kHz), accepted     3091/   20001 events (15.45%)
Processed    30000/  187194 entries, 16.03% (elapsed time   555.1s, curr speed    0.072 kHz, avg speed    0.054 kHz), accepted     4693/   30001 events (15.64%)
Processed    40000/  187194 entries, 21.37% (elapsed time   746.5s, curr speed    0.052 kHz, avg speed    0.054 kHz), accepted     6237/   40001 events (15.59%)
Processed    50000/  187194 entries, 26.71% (elapsed time   894.4s, curr speed    0.068 kHz, avg speed    0.056 kHz), accepted     7796/   50001 events (15.59%)
Processed    60000/  187194 entries, 32.05% (elapsed time  1076.3s, curr speed    0.055 kHz, avg speed    0.056 kHz), accepted     9312/   60001 events (15.52%)
Processed    70000/  187194 entries, 37.39% (elapsed time  1288.3s, curr speed    0.047 kHz, avg speed    0.054 kHz), accepted    10863/   70001 events (15.52%)
Processed    80000/  187194 entries, 42.74% (elapsed time  1435.7s, curr speed    0.068 kHz, avg speed    0.056 kHz), accepted    12401/   80001 events (15.50%)
Processed    90000/  187194 entries, 48.08% (elapsed time  1639.7s, curr speed    0.049 kHz, avg speed    0.055 kHz), accepted    13993/   90001 events (15.55%)
Processed   100000/  187194 entries, 53.42% (elapsed time  1795.1s, curr speed    0.064 kHz, avg speed    0.056 kHz), accepted    15556/  100001 events (15.56%)
Processed   110000/  187194 entries, 58.76% (elapsed time  1994.9s, curr speed    0.050 kHz, avg speed    0.055 kHz), accepted    17110/  110001 events (15.55%)
Processed   120000/  187194 entries, 64.10% (elapsed time  2211.6s, curr speed    0.046 kHz, avg speed    0.054 kHz), accepted    18670/  120001 events (15.56%)
Processed   130000/  187194 entries, 69.45% (elapsed time  2363.7s, curr speed    0.066 kHz, avg speed    0.055 kHz), accepted    20265/  130001 events (15.59%)
Processed   140000/  187194 entries, 74.79% (elapsed time  2582.9s, curr speed    0.046 kHz, avg speed    0.054 kHz), accepted    21809/  140001 events (15.58%)
Processed   150000/  187194 entries, 80.13% (elapsed time  2742.1s, curr speed    0.063 kHz, avg speed    0.055 kHz), accepted    23327/  150001 events (15.55%)
Processed   160000/  187194 entries, 85.47% (elapsed time  2959.6s, curr speed    0.046 kHz, avg speed    0.054 kHz), accepted    24811/  160001 events (15.51%)
Processed   170000/  187194 entries, 90.81% (elapsed time  3140.9s, curr speed    0.055 kHz, avg speed    0.054 kHz), accepted    26393/  170001 events (15.53%)
Processed   180000/  187194 entries, 96.16% (elapsed time  3351.6s, curr speed    0.047 kHz, avg speed    0.054 kHz), accepted    27955/  180001 events (15.53%)
Processed 187194 preselected entries from root://cms-xrd-global.cern.ch//store/mc/Run3Summer22NanoAODv12/Zto2Nu-4Jets_HT-100to200_TuneCP5_13p6TeV_madgraphMLM-pythia8/NANOAODSIM/130X_mcRun3_2022_realistic_v5-v2/40000/7cf275e4-71d3-4353-8195-78e8b95f1b52.root (187194 entries). Finally selected 29064 entries
Done ./7cf275e4-71d3-4353-8195-78e8b95f1b52_Skim.root
Total time 3542.3 sec. to process 187194 events. Rate = 52.8 Hz.
DONE
/tmp/lfavilla/ZJetsToNuNu_HT100to200_2022/file129
hadd Target file: tree_hadd_129.root
hadd compression setting for all output: 1
hadd Source file 1: tree.root
hadd Source file 2: hist.root
hadd Target path: tree_hadd_129.root:/
hadd Target path: tree_hadd_129.root:/plots
/tmp/lfavilla/ZJetsToNuNu_HT100to200_2022/file129
