Standalone environment set.
/tmp/lfavilla/ZJetsToNuNu_HT100to200_2022/file179
hadd Target file: tree.root
hadd compression setting for all output: 1
hadd Source file 1: ./c71bbb96-c379-42fc-aa22-34898ffeaa20_Skim.root
hadd Sources and Target have different compression levels
hadd merging will be slower
hadd Target path: tree.root:/
Will write selected trees to .
Pre-select 44864 entries out of 44864 (100.00%)
Processed    10000/   44864 entries, 22.29% (elapsed time   247.3s, curr speed    0.040 kHz, avg speed    0.040 kHz), accepted     1564/   10001 events (15.64%)
Processed    20000/   44864 entries, 44.58% (elapsed time   470.7s, curr speed    0.045 kHz, avg speed    0.042 kHz), accepted     3169/   20001 events (15.84%)
Processed    30000/   44864 entries, 66.87% (elapsed time   605.1s, curr speed    0.074 kHz, avg speed    0.050 kHz), accepted     4720/   30001 events (15.73%)
Processed    40000/   44864 entries, 89.16% (elapsed time   825.8s, curr speed    0.045 kHz, avg speed    0.048 kHz), accepted     6220/   40001 events (15.55%)
Processed 44864 preselected entries from root://cms-xrd-global.cern.ch//store/mc/Run3Summer22NanoAODv12/Zto2Nu-4Jets_HT-100to200_TuneCP5_13p6TeV_madgraphMLM-pythia8/NANOAODSIM/130X_mcRun3_2022_realistic_v5-v2/30000/c71bbb96-c379-42fc-aa22-34898ffeaa20.root (44864 entries). Finally selected 6986 entries
Done ./c71bbb96-c379-42fc-aa22-34898ffeaa20_Skim.root
Total time 967.2 sec. to process 44864 events. Rate = 46.4 Hz.
DONE
/tmp/lfavilla/ZJetsToNuNu_HT100to200_2022/file179
hadd Target file: tree_hadd_179.root
hadd compression setting for all output: 1
hadd Source file 1: tree.root
hadd Source file 2: hist.root
hadd Target path: tree_hadd_179.root:/
hadd Target path: tree_hadd_179.root:/plots
/tmp/lfavilla/ZJetsToNuNu_HT100to200_2022/file179
