Standalone environment set.
/tmp/lfavilla/ZJetsToNuNu_HT100to200_2022/file202
hadd Target file: tree.root
hadd compression setting for all output: 1
hadd Source file 1: ./cf8d4b53-7559-4d45-8d9a-e32822f81c2c_Skim.root
hadd Sources and Target have different compression levels
hadd merging will be slower
hadd Target path: tree.root:/
Will write selected trees to .
Pre-select 92995 entries out of 92995 (100.00%)
Processed    10000/   92995 entries, 10.75% (elapsed time   237.3s, curr speed    0.042 kHz, avg speed    0.042 kHz), accepted     1511/   10001 events (15.11%)
Processed    20000/   92995 entries, 21.51% (elapsed time   444.4s, curr speed    0.048 kHz, avg speed    0.045 kHz), accepted     3085/   20001 events (15.42%)
Processed    30000/   92995 entries, 32.26% (elapsed time   598.1s, curr speed    0.065 kHz, avg speed    0.050 kHz), accepted     4678/   30001 events (15.59%)
Processed    40000/   92995 entries, 43.01% (elapsed time   845.5s, curr speed    0.040 kHz, avg speed    0.047 kHz), accepted     6194/   40001 events (15.48%)
Processed    50000/   92995 entries, 53.77% (elapsed time  1022.9s, curr speed    0.056 kHz, avg speed    0.049 kHz), accepted     7723/   50001 events (15.45%)
Processed    60000/   92995 entries, 64.52% (elapsed time  1239.8s, curr speed    0.046 kHz, avg speed    0.048 kHz), accepted     9296/   60001 events (15.49%)
Processed    70000/   92995 entries, 75.27% (elapsed time  1474.1s, curr speed    0.043 kHz, avg speed    0.047 kHz), accepted    10919/   70001 events (15.60%)
Processed    80000/   92995 entries, 86.03% (elapsed time  1643.4s, curr speed    0.059 kHz, avg speed    0.049 kHz), accepted    12514/   80001 events (15.64%)
Processed    90000/   92995 entries, 96.78% (elapsed time  1877.5s, curr speed    0.043 kHz, avg speed    0.048 kHz), accepted    14053/   90001 events (15.61%)
Processed 92995 preselected entries from root://cms-xrd-global.cern.ch//store/mc/Run3Summer22NanoAODv12/Zto2Nu-4Jets_HT-100to200_TuneCP5_13p6TeV_madgraphMLM-pythia8/NANOAODSIM/130X_mcRun3_2022_realistic_v5-v2/2530000/cf8d4b53-7559-4d45-8d9a-e32822f81c2c.root (92995 entries). Finally selected 14531 entries
Done ./cf8d4b53-7559-4d45-8d9a-e32822f81c2c_Skim.root
Total time 1941.3 sec. to process 92995 events. Rate = 47.9 Hz.
DONE
/tmp/lfavilla/ZJetsToNuNu_HT100to200_2022/file202
hadd Target file: tree_hadd_202.root
hadd compression setting for all output: 1
hadd Source file 1: tree.root
hadd Source file 2: hist.root
hadd Target path: tree_hadd_202.root:/
hadd Target path: tree_hadd_202.root:/plots
/tmp/lfavilla/ZJetsToNuNu_HT100to200_2022/file202
