Standalone environment set.
/tmp/lfavilla/ZJetsToNuNu_HT100to200_2022/file91
hadd Target file: tree.root
hadd compression setting for all output: 1
hadd Source file 1: ./61b8d175-8924-4c53-a932-937f5b979696_Skim.root
hadd Sources and Target have different compression levels
hadd merging will be slower
hadd Target path: tree.root:/
Will write selected trees to .
Pre-select 75849 entries out of 75849 (100.00%)
Processed    10000/   75849 entries, 13.18% (elapsed time   315.5s, curr speed    0.032 kHz, avg speed    0.032 kHz), accepted     1526/   10001 events (15.26%)
Processed    20000/   75849 entries, 26.37% (elapsed time   549.1s, curr speed    0.043 kHz, avg speed    0.036 kHz), accepted     3157/   20001 events (15.78%)
Processed    30000/   75849 entries, 39.55% (elapsed time   712.0s, curr speed    0.061 kHz, avg speed    0.042 kHz), accepted     4753/   30001 events (15.84%)
Processed    40000/   75849 entries, 52.74% (elapsed time   950.4s, curr speed    0.042 kHz, avg speed    0.042 kHz), accepted     6314/   40001 events (15.78%)
Processed    50000/   75849 entries, 65.92% (elapsed time  1123.9s, curr speed    0.058 kHz, avg speed    0.044 kHz), accepted     7886/   50001 events (15.77%)
Processed    60000/   75849 entries, 79.10% (elapsed time  1349.5s, curr speed    0.044 kHz, avg speed    0.044 kHz), accepted     9431/   60001 events (15.72%)
Processed    70000/   75849 entries, 92.29% (elapsed time  1596.1s, curr speed    0.041 kHz, avg speed    0.044 kHz), accepted    11032/   70001 events (15.76%)
Processed 75849 preselected entries from root://cms-xrd-global.cern.ch//store/mc/Run3Summer22NanoAODv12/Zto2Nu-4Jets_HT-100to200_TuneCP5_13p6TeV_madgraphMLM-pythia8/NANOAODSIM/130X_mcRun3_2022_realistic_v5-v2/2530000/61b8d175-8924-4c53-a932-937f5b979696.root (75849 entries). Finally selected 11906 entries
Done ./61b8d175-8924-4c53-a932-937f5b979696_Skim.root
Total time 1742.5 sec. to process 75849 events. Rate = 43.5 Hz.
DONE
/tmp/lfavilla/ZJetsToNuNu_HT100to200_2022/file91
hadd Target file: tree_hadd_91.root
hadd compression setting for all output: 1
hadd Source file 1: tree.root
hadd Source file 2: hist.root
hadd Target path: tree_hadd_91.root:/
hadd Target path: tree_hadd_91.root:/plots
/tmp/lfavilla/ZJetsToNuNu_HT100to200_2022/file91
