Standalone environment set.
/tmp/lfavilla/ZJetsToNuNu_HT100to200_2022/file95
hadd Target file: tree.root
hadd compression setting for all output: 1
hadd Source file 1: ./75bcd394-32c4-4242-83d7-e75be52926c3_Skim.root
hadd Sources and Target have different compression levels
hadd merging will be slower
hadd Target path: tree.root:/
Will write selected trees to .
Pre-select 5048 entries out of 5048 (100.00%)
Processed 5048 preselected entries from root://cms-xrd-global.cern.ch//store/mc/Run3Summer22NanoAODv12/Zto2Nu-4Jets_HT-100to200_TuneCP5_13p6TeV_madgraphMLM-pythia8/NANOAODSIM/130X_mcRun3_2022_realistic_v5-v2/2540000/75bcd394-32c4-4242-83d7-e75be52926c3.root (5048 entries). Finally selected 812 entries
Done ./75bcd394-32c4-4242-83d7-e75be52926c3_Skim.root
Total time 135.1 sec. to process 5048 events. Rate = 37.4 Hz.
DONE
/tmp/lfavilla/ZJetsToNuNu_HT100to200_2022/file95
hadd Target file: tree_hadd_95.root
hadd compression setting for all output: 1
hadd Source file 1: tree.root
hadd Source file 2: hist.root
hadd Target path: tree_hadd_95.root:/
hadd Target path: tree_hadd_95.root:/plots
/tmp/lfavilla/ZJetsToNuNu_HT100to200_2022/file95
