Standalone environment set.
/tmp/lfavilla/ZJetsToNuNu_HT100to200_2022/file271
hadd Target file: tree.root
hadd compression setting for all output: 1
hadd Source file 1: ./dcef51d2-3697-4279-a66e-a14327489876_Skim.root
hadd Sources and Target have different compression levels
hadd merging will be slower
hadd Target path: tree.root:/
Will write selected trees to .
Pre-select 45940 entries out of 45940 (100.00%)
Processed    10000/   45940 entries, 21.77% (elapsed time   260.1s, curr speed    0.038 kHz, avg speed    0.038 kHz), accepted     1548/   10001 events (15.48%)
Processed    20000/   45940 entries, 43.54% (elapsed time   490.8s, curr speed    0.043 kHz, avg speed    0.041 kHz), accepted     3069/   20001 events (15.34%)
Processed    30000/   45940 entries, 65.30% (elapsed time   669.5s, curr speed    0.056 kHz, avg speed    0.045 kHz), accepted     4614/   30001 events (15.38%)
Processed    40000/   45940 entries, 87.07% (elapsed time   919.4s, curr speed    0.040 kHz, avg speed    0.044 kHz), accepted     6195/   40001 events (15.49%)
Processed 45940 preselected entries from root://cms-xrd-global.cern.ch//store/mc/Run3Summer22NanoAODv12/Zto2Nu-4Jets_HT-100to200_TuneCP5_13p6TeV_madgraphMLM-pythia8/NANOAODSIM/130X_mcRun3_2022_realistic_v5-v2/50000/dcef51d2-3697-4279-a66e-a14327489876.root (45940 entries). Finally selected 7126 entries
Done ./dcef51d2-3697-4279-a66e-a14327489876_Skim.root
Total time 1062.8 sec. to process 45940 events. Rate = 43.2 Hz.
DONE
/tmp/lfavilla/ZJetsToNuNu_HT100to200_2022/file271
hadd Target file: tree_hadd_271.root
hadd compression setting for all output: 1
hadd Source file 1: tree.root
hadd Source file 2: hist.root
hadd Target path: tree_hadd_271.root:/
hadd Target path: tree_hadd_271.root:/plots
/tmp/lfavilla/ZJetsToNuNu_HT100to200_2022/file271
