Standalone environment set.
/tmp/lfavilla/ZJetsToNuNu_HT100to200_2022/file230
hadd Target file: tree.root
hadd compression setting for all output: 1
hadd Source file 1: ./21e2d219-63b6-40a3-9d56-1f9f03752ff5_Skim.root
hadd Sources and Target have different compression levels
hadd merging will be slower
hadd Target path: tree.root:/
Will write selected trees to .
Pre-select 4833 entries out of 4833 (100.00%)
Processed 4833 preselected entries from root://cms-xrd-global.cern.ch//store/mc/Run3Summer22NanoAODv12/Zto2Nu-4Jets_HT-100to200_TuneCP5_13p6TeV_madgraphMLM-pythia8/NANOAODSIM/130X_mcRun3_2022_realistic_v5-v2/50000/21e2d219-63b6-40a3-9d56-1f9f03752ff5.root (4833 entries). Finally selected 780 entries
Done ./21e2d219-63b6-40a3-9d56-1f9f03752ff5_Skim.root
Total time 169.5 sec. to process 4833 events. Rate = 28.5 Hz.
DONE
/tmp/lfavilla/ZJetsToNuNu_HT100to200_2022/file230
hadd Target file: tree_hadd_230.root
hadd compression setting for all output: 1
hadd Source file 1: tree.root
hadd Source file 2: hist.root
hadd Target path: tree_hadd_230.root:/
hadd Target path: tree_hadd_230.root:/plots
/tmp/lfavilla/ZJetsToNuNu_HT100to200_2022/file230
