Standalone environment set.
/tmp/lfavilla/ZJetsToNuNu_HT100to200_2022/file54
hadd Target file: tree.root
hadd compression setting for all output: 1
hadd Source file 1: ./ca1d951d-dd85-4cff-b50e-2b6d08e08ff9_Skim.root
hadd Sources and Target have different compression levels
hadd merging will be slower
hadd Target path: tree.root:/
Will write selected trees to .
Pre-select 32572 entries out of 32572 (100.00%)
Processed    10000/   32572 entries, 30.70% (elapsed time   272.4s, curr speed    0.037 kHz, avg speed    0.037 kHz), accepted     1592/   10001 events (15.92%)
Processed    20000/   32572 entries, 61.40% (elapsed time   461.4s, curr speed    0.053 kHz, avg speed    0.043 kHz), accepted     3135/   20001 events (15.67%)
Processed    30000/   32572 entries, 92.10% (elapsed time   591.3s, curr speed    0.077 kHz, avg speed    0.051 kHz), accepted     4677/   30001 events (15.59%)
Processed 32572 preselected entries from root://cms-xrd-global.cern.ch//store/mc/Run3Summer22NanoAODv12/Zto2Nu-4Jets_HT-100to200_TuneCP5_13p6TeV_madgraphMLM-pythia8/NANOAODSIM/130X_mcRun3_2022_realistic_v5-v2/2530000/ca1d951d-dd85-4cff-b50e-2b6d08e08ff9.root (32572 entries). Finally selected 5071 entries
Done ./ca1d951d-dd85-4cff-b50e-2b6d08e08ff9_Skim.root
Total time 677.2 sec. to process 32572 events. Rate = 48.1 Hz.
DONE
/tmp/lfavilla/ZJetsToNuNu_HT100to200_2022/file54
hadd Target file: tree_hadd_54.root
hadd compression setting for all output: 1
hadd Source file 1: tree.root
hadd Source file 2: hist.root
hadd Target path: tree_hadd_54.root:/
hadd Target path: tree_hadd_54.root:/plots
/tmp/lfavilla/ZJetsToNuNu_HT100to200_2022/file54
