Standalone environment set.
/tmp/lfavilla/ZJetsToNuNu_HT100to200_2022/file149
hadd Target file: tree.root
hadd compression setting for all output: 1
hadd Source file 1: ./b1207459-b957-42b4-b504-91f008e04a6c_Skim.root
hadd Sources and Target have different compression levels
hadd merging will be slower
hadd Target path: tree.root:/
Will write selected trees to .
Pre-select 177571 entries out of 177571 (100.00%)
Processed    10000/  177571 entries,  5.63% (elapsed time   271.1s, curr speed    0.037 kHz, avg speed    0.037 kHz), accepted     1491/   10001 events (14.91%)
Processed    20000/  177571 entries, 11.26% (elapsed time   577.4s, curr speed    0.033 kHz, avg speed    0.035 kHz), accepted     3094/   20001 events (15.47%)
Processed    30000/  177571 entries, 16.89% (elapsed time   805.5s, curr speed    0.044 kHz, avg speed    0.037 kHz), accepted     4703/   30001 events (15.68%)
Processed    40000/  177571 entries, 22.53% (elapsed time  1123.5s, curr speed    0.031 kHz, avg speed    0.036 kHz), accepted     6289/   40001 events (15.72%)
Processed    50000/  177571 entries, 28.16% (elapsed time  1355.9s, curr speed    0.043 kHz, avg speed    0.037 kHz), accepted     7842/   50001 events (15.68%)
Processed    60000/  177571 entries, 33.79% (elapsed time  1623.9s, curr speed    0.037 kHz, avg speed    0.037 kHz), accepted     9315/   60001 events (15.52%)
Processed    70000/  177571 entries, 39.42% (elapsed time  1915.3s, curr speed    0.034 kHz, avg speed    0.037 kHz), accepted    10922/   70001 events (15.60%)
Processed    80000/  177571 entries, 45.05% (elapsed time  2141.3s, curr speed    0.044 kHz, avg speed    0.037 kHz), accepted    12537/   80001 events (15.67%)
Processed    90000/  177571 entries, 50.68% (elapsed time  2414.9s, curr speed    0.037 kHz, avg speed    0.037 kHz), accepted    14076/   90001 events (15.64%)
Processed   100000/  177571 entries, 56.32% (elapsed time  2639.4s, curr speed    0.045 kHz, avg speed    0.038 kHz), accepted    15682/  100001 events (15.68%)
Processed   110000/  177571 entries, 61.95% (elapsed time  2922.5s, curr speed    0.035 kHz, avg speed    0.038 kHz), accepted    17253/  110001 events (15.68%)
Processed   120000/  177571 entries, 67.58% (elapsed time  3135.7s, curr speed    0.047 kHz, avg speed    0.038 kHz), accepted    18775/  120001 events (15.65%)
Processed   130000/  177571 entries, 73.21% (elapsed time  3391.7s, curr speed    0.039 kHz, avg speed    0.038 kHz), accepted    20306/  130001 events (15.62%)
Processed   140000/  177571 entries, 78.84% (elapsed time  3669.6s, curr speed    0.036 kHz, avg speed    0.038 kHz), accepted    21845/  140001 events (15.60%)
Processed   150000/  177571 entries, 84.47% (elapsed time  3891.2s, curr speed    0.045 kHz, avg speed    0.039 kHz), accepted    23405/  150001 events (15.60%)
Processed   160000/  177571 entries, 90.10% (elapsed time  4180.7s, curr speed    0.035 kHz, avg speed    0.038 kHz), accepted    24962/  160001 events (15.60%)
Processed   170000/  177571 entries, 95.74% (elapsed time  4412.8s, curr speed    0.043 kHz, avg speed    0.039 kHz), accepted    26530/  170001 events (15.61%)
Processed 177571 preselected entries from root://cms-xrd-global.cern.ch//store/mc/Run3Summer22NanoAODv12/Zto2Nu-4Jets_HT-100to200_TuneCP5_13p6TeV_madgraphMLM-pythia8/NANOAODSIM/130X_mcRun3_2022_realistic_v5-v2/2530000/b1207459-b957-42b4-b504-91f008e04a6c.root (177571 entries). Finally selected 27682 entries
Done ./b1207459-b957-42b4-b504-91f008e04a6c_Skim.root
Total time 4770.9 sec. to process 177571 events. Rate = 37.2 Hz.
DONE
/tmp/lfavilla/ZJetsToNuNu_HT100to200_2022/file149
hadd Target file: tree_hadd_149.root
hadd compression setting for all output: 1
hadd Source file 1: tree.root
hadd Source file 2: hist.root
hadd Target path: tree_hadd_149.root:/
hadd Target path: tree_hadd_149.root:/plots
/tmp/lfavilla/ZJetsToNuNu_HT100to200_2022/file149
