Standalone environment set.
/tmp/lfavilla/ZJetsToNuNu_HT100to200_2022/file68
hadd Target file: tree.root
hadd compression setting for all output: 1
hadd Source file 1: ./fc054191-5188-4960-b03a-bb24f06e549b_Skim.root
hadd Sources and Target have different compression levels
hadd merging will be slower
hadd Target path: tree.root:/
Will write selected trees to .
Pre-select 179077 entries out of 179077 (100.00%)
Processed    10000/  179077 entries,  5.58% (elapsed time   257.7s, curr speed    0.039 kHz, avg speed    0.039 kHz), accepted     1559/   10001 events (15.59%)
Processed    20000/  179077 entries, 11.17% (elapsed time   480.3s, curr speed    0.045 kHz, avg speed    0.042 kHz), accepted     3121/   20001 events (15.60%)
Processed    30000/  179077 entries, 16.75% (elapsed time   653.6s, curr speed    0.058 kHz, avg speed    0.046 kHz), accepted     4711/   30001 events (15.70%)
Processed    40000/  179077 entries, 22.34% (elapsed time   888.7s, curr speed    0.043 kHz, avg speed    0.045 kHz), accepted     6319/   40001 events (15.80%)
Processed    50000/  179077 entries, 27.92% (elapsed time  1070.5s, curr speed    0.055 kHz, avg speed    0.047 kHz), accepted     7895/   50001 events (15.79%)
Processed    60000/  179077 entries, 33.51% (elapsed time  1287.5s, curr speed    0.046 kHz, avg speed    0.047 kHz), accepted     9511/   60001 events (15.85%)
Processed    70000/  179077 entries, 39.09% (elapsed time  1499.5s, curr speed    0.047 kHz, avg speed    0.047 kHz), accepted    11163/   70001 events (15.95%)
Processed    80000/  179077 entries, 44.67% (elapsed time  1668.8s, curr speed    0.059 kHz, avg speed    0.048 kHz), accepted    12721/   80001 events (15.90%)
Processed    90000/  179077 entries, 50.26% (elapsed time  1896.2s, curr speed    0.044 kHz, avg speed    0.047 kHz), accepted    14283/   90001 events (15.87%)
Processed   100000/  179077 entries, 55.84% (elapsed time  2084.8s, curr speed    0.053 kHz, avg speed    0.048 kHz), accepted    15853/  100001 events (15.85%)
Processed   110000/  179077 entries, 61.43% (elapsed time  2308.9s, curr speed    0.045 kHz, avg speed    0.048 kHz), accepted    17373/  110001 events (15.79%)
Processed   120000/  179077 entries, 67.01% (elapsed time  2546.1s, curr speed    0.042 kHz, avg speed    0.047 kHz), accepted    18899/  120001 events (15.75%)
Processed   130000/  179077 entries, 72.59% (elapsed time  2727.2s, curr speed    0.055 kHz, avg speed    0.048 kHz), accepted    20488/  130001 events (15.76%)
Processed   140000/  179077 entries, 78.18% (elapsed time  2955.0s, curr speed    0.044 kHz, avg speed    0.047 kHz), accepted    22039/  140001 events (15.74%)
Processed   150000/  179077 entries, 83.76% (elapsed time  3130.1s, curr speed    0.057 kHz, avg speed    0.048 kHz), accepted    23598/  150001 events (15.73%)
Processed   160000/  179077 entries, 89.35% (elapsed time  3359.7s, curr speed    0.044 kHz, avg speed    0.048 kHz), accepted    25127/  160001 events (15.70%)
Processed   170000/  179077 entries, 94.93% (elapsed time  3546.4s, curr speed    0.054 kHz, avg speed    0.048 kHz), accepted    26686/  170001 events (15.70%)
Processed 179077 preselected entries from root://cms-xrd-global.cern.ch//store/mc/Run3Summer22NanoAODv12/Zto2Nu-4Jets_HT-100to200_TuneCP5_13p6TeV_madgraphMLM-pythia8/NANOAODSIM/130X_mcRun3_2022_realistic_v5-v2/40000/fc054191-5188-4960-b03a-bb24f06e549b.root (179077 entries). Finally selected 28109 entries
Done ./fc054191-5188-4960-b03a-bb24f06e549b_Skim.root
Total time 3832.3 sec. to process 179077 events. Rate = 46.7 Hz.
DONE
/tmp/lfavilla/ZJetsToNuNu_HT100to200_2022/file68
hadd Target file: tree_hadd_68.root
hadd compression setting for all output: 1
hadd Source file 1: tree.root
hadd Source file 2: hist.root
hadd Target path: tree_hadd_68.root:/
hadd Target path: tree_hadd_68.root:/plots
/tmp/lfavilla/ZJetsToNuNu_HT100to200_2022/file68
