Standalone environment set.
/tmp/lfavilla/ZJetsToNuNu_HT100to200_2022/file114
hadd Target file: tree.root
hadd compression setting for all output: 1
hadd Source file 1: ./57ad0ae8-74c3-4fb0-8dd3-b8466e79f575_Skim.root
hadd Sources and Target have different compression levels
hadd merging will be slower
hadd Target path: tree.root:/
Will write selected trees to .
Pre-select 171190 entries out of 171190 (100.00%)
Processed    10000/  171190 entries,  5.84% (elapsed time   228.0s, curr speed    0.044 kHz, avg speed    0.044 kHz), accepted     1518/   10001 events (15.18%)
Processed    20000/  171190 entries, 11.68% (elapsed time   423.5s, curr speed    0.051 kHz, avg speed    0.047 kHz), accepted     3119/   20001 events (15.59%)
Processed    30000/  171190 entries, 17.52% (elapsed time   573.7s, curr speed    0.067 kHz, avg speed    0.052 kHz), accepted     4608/   30001 events (15.36%)
Processed    40000/  171190 entries, 23.37% (elapsed time   775.1s, curr speed    0.050 kHz, avg speed    0.052 kHz), accepted     6158/   40001 events (15.39%)
Processed    50000/  171190 entries, 29.21% (elapsed time   929.5s, curr speed    0.065 kHz, avg speed    0.054 kHz), accepted     7695/   50001 events (15.39%)
Processed    60000/  171190 entries, 35.05% (elapsed time  1125.0s, curr speed    0.051 kHz, avg speed    0.053 kHz), accepted     9202/   60001 events (15.34%)
Processed    70000/  171190 entries, 40.89% (elapsed time  1294.5s, curr speed    0.059 kHz, avg speed    0.054 kHz), accepted    10761/   70001 events (15.37%)
Processed    80000/  171190 entries, 46.73% (elapsed time  1504.8s, curr speed    0.048 kHz, avg speed    0.053 kHz), accepted    12365/   80001 events (15.46%)
Processed    90000/  171190 entries, 52.57% (elapsed time  1725.3s, curr speed    0.045 kHz, avg speed    0.052 kHz), accepted    13891/   90001 events (15.43%)
Processed   100000/  171190 entries, 58.41% (elapsed time  1889.6s, curr speed    0.061 kHz, avg speed    0.053 kHz), accepted    15443/  100001 events (15.44%)
Processed   110000/  171190 entries, 64.26% (elapsed time  2128.8s, curr speed    0.042 kHz, avg speed    0.052 kHz), accepted    17047/  110001 events (15.50%)
Processed   120000/  171190 entries, 70.10% (elapsed time  2307.0s, curr speed    0.056 kHz, avg speed    0.052 kHz), accepted    18572/  120001 events (15.48%)
Processed   130000/  171190 entries, 75.94% (elapsed time  2535.6s, curr speed    0.044 kHz, avg speed    0.051 kHz), accepted    20123/  130001 events (15.48%)
Processed   140000/  171190 entries, 81.78% (elapsed time  2720.3s, curr speed    0.054 kHz, avg speed    0.051 kHz), accepted    21649/  140001 events (15.46%)
Processed   150000/  171190 entries, 87.62% (elapsed time  2948.7s, curr speed    0.044 kHz, avg speed    0.051 kHz), accepted    23205/  150001 events (15.47%)
Processed   160000/  171190 entries, 93.46% (elapsed time  3181.0s, curr speed    0.043 kHz, avg speed    0.050 kHz), accepted    24770/  160001 events (15.48%)
Processed   170000/  171190 entries, 99.30% (elapsed time  3348.1s, curr speed    0.060 kHz, avg speed    0.051 kHz), accepted    26323/  170001 events (15.48%)
Processed 171190 preselected entries from root://cms-xrd-global.cern.ch//store/mc/Run3Summer22NanoAODv12/Zto2Nu-4Jets_HT-100to200_TuneCP5_13p6TeV_madgraphMLM-pythia8/NANOAODSIM/130X_mcRun3_2022_realistic_v5-v2/2540000/57ad0ae8-74c3-4fb0-8dd3-b8466e79f575.root (171190 entries). Finally selected 26529 entries
Done ./57ad0ae8-74c3-4fb0-8dd3-b8466e79f575_Skim.root
Total time 3428.2 sec. to process 171190 events. Rate = 49.9 Hz.
DONE
/tmp/lfavilla/ZJetsToNuNu_HT100to200_2022/file114
hadd Target file: tree_hadd_114.root
hadd compression setting for all output: 1
hadd Source file 1: tree.root
hadd Source file 2: hist.root
hadd Target path: tree_hadd_114.root:/
hadd Target path: tree_hadd_114.root:/plots
/tmp/lfavilla/ZJetsToNuNu_HT100to200_2022/file114
