Standalone environment set.
/tmp/lfavilla/ZJetsToNuNu_HT100to200_2022/file137
hadd Target file: tree.root
hadd compression setting for all output: 1
hadd Source file 1: ./06e5773d-df13-42a8-b4cf-bdbd7eab61dc_Skim.root
hadd Sources and Target have different compression levels
hadd merging will be slower
hadd Target path: tree.root:/
Will write selected trees to .
Pre-select 175471 entries out of 175471 (100.00%)
Processed    10000/  175471 entries,  5.70% (elapsed time   245.7s, curr speed    0.041 kHz, avg speed    0.041 kHz), accepted     1545/   10001 events (15.45%)
Processed    20000/  175471 entries, 11.40% (elapsed time   509.3s, curr speed    0.038 kHz, avg speed    0.039 kHz), accepted     3128/   20001 events (15.64%)
Processed    30000/  175471 entries, 17.10% (elapsed time   702.8s, curr speed    0.052 kHz, avg speed    0.043 kHz), accepted     4759/   30001 events (15.86%)
Processed    40000/  175471 entries, 22.80% (elapsed time   970.6s, curr speed    0.037 kHz, avg speed    0.041 kHz), accepted     6324/   40001 events (15.81%)
Processed    50000/  175471 entries, 28.49% (elapsed time  1157.7s, curr speed    0.053 kHz, avg speed    0.043 kHz), accepted     7915/   50001 events (15.83%)
Processed    60000/  175471 entries, 34.19% (elapsed time  1388.9s, curr speed    0.043 kHz, avg speed    0.043 kHz), accepted     9422/   60001 events (15.70%)
Processed    70000/  175471 entries, 39.89% (elapsed time  1635.4s, curr speed    0.041 kHz, avg speed    0.043 kHz), accepted    10949/   70001 events (15.64%)
Processed    80000/  175471 entries, 45.59% (elapsed time  1822.3s, curr speed    0.054 kHz, avg speed    0.044 kHz), accepted    12551/   80001 events (15.69%)
Processed    90000/  175471 entries, 51.29% (elapsed time  2072.7s, curr speed    0.040 kHz, avg speed    0.043 kHz), accepted    14138/   90001 events (15.71%)
Processed   100000/  175471 entries, 56.99% (elapsed time  2270.5s, curr speed    0.051 kHz, avg speed    0.044 kHz), accepted    15638/  100001 events (15.64%)
Processed   110000/  175471 entries, 62.69% (elapsed time  2533.9s, curr speed    0.038 kHz, avg speed    0.043 kHz), accepted    17251/  110001 events (15.68%)
Processed   120000/  175471 entries, 68.39% (elapsed time  2750.3s, curr speed    0.046 kHz, avg speed    0.044 kHz), accepted    18906/  120001 events (15.75%)
Processed   130000/  175471 entries, 74.09% (elapsed time  3005.8s, curr speed    0.039 kHz, avg speed    0.043 kHz), accepted    20412/  130001 events (15.70%)
Processed   140000/  175471 entries, 79.79% (elapsed time  3265.6s, curr speed    0.038 kHz, avg speed    0.043 kHz), accepted    21946/  140001 events (15.68%)
Processed   150000/  175471 entries, 85.48% (elapsed time  3459.5s, curr speed    0.052 kHz, avg speed    0.043 kHz), accepted    23508/  150001 events (15.67%)
Processed   160000/  175471 entries, 91.18% (elapsed time  3735.6s, curr speed    0.036 kHz, avg speed    0.043 kHz), accepted    25059/  160001 events (15.66%)
Processed   170000/  175471 entries, 96.88% (elapsed time  3949.1s, curr speed    0.047 kHz, avg speed    0.043 kHz), accepted    26657/  170001 events (15.68%)
Processed 175471 preselected entries from root://cms-xrd-global.cern.ch//store/mc/Run3Summer22NanoAODv12/Zto2Nu-4Jets_HT-100to200_TuneCP5_13p6TeV_madgraphMLM-pythia8/NANOAODSIM/130X_mcRun3_2022_realistic_v5-v2/40000/06e5773d-df13-42a8-b4cf-bdbd7eab61dc.root (175471 entries). Finally selected 27482 entries
Done ./06e5773d-df13-42a8-b4cf-bdbd7eab61dc_Skim.root
Total time 4168.5 sec. to process 175471 events. Rate = 42.1 Hz.
DONE
/tmp/lfavilla/ZJetsToNuNu_HT100to200_2022/file137
hadd Target file: tree_hadd_137.root
hadd compression setting for all output: 1
hadd Source file 1: tree.root
hadd Source file 2: hist.root
hadd Target path: tree_hadd_137.root:/
hadd Target path: tree_hadd_137.root:/plots
/tmp/lfavilla/ZJetsToNuNu_HT100to200_2022/file137
