Standalone environment set.
/tmp/lfavilla/ZJetsToNuNu_HT100to200_2022/file194
hadd Target file: tree.root
hadd compression setting for all output: 1
hadd Source file 1: ./c5672ba0-e936-4ff3-a7d3-b9bbf06e1ba8_Skim.root
hadd Sources and Target have different compression levels
hadd merging will be slower
hadd Target path: tree.root:/
Will write selected trees to .
Pre-select 9982 entries out of 9982 (100.00%)
Processed 9982 preselected entries from root://cms-xrd-global.cern.ch//store/mc/Run3Summer22NanoAODv12/Zto2Nu-4Jets_HT-100to200_TuneCP5_13p6TeV_madgraphMLM-pythia8/NANOAODSIM/130X_mcRun3_2022_realistic_v5-v2/40000/c5672ba0-e936-4ff3-a7d3-b9bbf06e1ba8.root (9982 entries). Finally selected 1513 entries
Done ./c5672ba0-e936-4ff3-a7d3-b9bbf06e1ba8_Skim.root
Total time 223.3 sec. to process 9982 events. Rate = 44.7 Hz.
DONE
/tmp/lfavilla/ZJetsToNuNu_HT100to200_2022/file194
hadd Target file: tree_hadd_194.root
hadd compression setting for all output: 1
hadd Source file 1: tree.root
hadd Source file 2: hist.root
hadd Target path: tree_hadd_194.root:/
hadd Target path: tree_hadd_194.root:/plots
/tmp/lfavilla/ZJetsToNuNu_HT100to200_2022/file194
