Standalone environment set.
/tmp/lfavilla/ZJetsToNuNu_HT100to200_2022/file67
hadd Target file: tree.root
hadd compression setting for all output: 1
hadd Source file 1: ./e6ae6b9b-7cd0-4922-ae7e-c139799a43d0_Skim.root
hadd Sources and Target have different compression levels
hadd merging will be slower
hadd Target path: tree.root:/
Will write selected trees to .
Pre-select 210569 entries out of 210569 (100.00%)
Processed    10000/  210569 entries,  4.75% (elapsed time   217.0s, curr speed    0.046 kHz, avg speed    0.046 kHz), accepted     1549/   10001 events (15.49%)
Processed    20000/  210569 entries,  9.50% (elapsed time   405.9s, curr speed    0.053 kHz, avg speed    0.049 kHz), accepted     3125/   20001 events (15.62%)
Processed    30000/  210569 entries, 14.25% (elapsed time   545.3s, curr speed    0.072 kHz, avg speed    0.055 kHz), accepted     4718/   30001 events (15.73%)
Processed    40000/  210569 entries, 19.00% (elapsed time   737.2s, curr speed    0.052 kHz, avg speed    0.054 kHz), accepted     6234/   40001 events (15.58%)
Processed    50000/  210569 entries, 23.75% (elapsed time   884.4s, curr speed    0.068 kHz, avg speed    0.057 kHz), accepted     7756/   50001 events (15.51%)
Processed    60000/  210569 entries, 28.49% (elapsed time  1064.7s, curr speed    0.055 kHz, avg speed    0.056 kHz), accepted     9370/   60001 events (15.62%)
Processed    70000/  210569 entries, 33.24% (elapsed time  1251.8s, curr speed    0.053 kHz, avg speed    0.056 kHz), accepted    10898/   70001 events (15.57%)
Processed    80000/  210569 entries, 37.99% (elapsed time  1391.0s, curr speed    0.072 kHz, avg speed    0.058 kHz), accepted    12483/   80001 events (15.60%)
Processed    90000/  210569 entries, 42.74% (elapsed time  1574.6s, curr speed    0.054 kHz, avg speed    0.057 kHz), accepted    14004/   90001 events (15.56%)
Processed   100000/  210569 entries, 47.49% (elapsed time  1722.2s, curr speed    0.068 kHz, avg speed    0.058 kHz), accepted    15559/  100001 events (15.56%)
Processed   110000/  210569 entries, 52.24% (elapsed time  1899.6s, curr speed    0.056 kHz, avg speed    0.058 kHz), accepted    17129/  110001 events (15.57%)
Processed   120000/  210569 entries, 56.99% (elapsed time  2090.7s, curr speed    0.052 kHz, avg speed    0.057 kHz), accepted    18669/  120001 events (15.56%)
Processed   130000/  210569 entries, 61.74% (elapsed time  2223.8s, curr speed    0.075 kHz, avg speed    0.058 kHz), accepted    20219/  130001 events (15.55%)
Processed   140000/  210569 entries, 66.49% (elapsed time  2406.0s, curr speed    0.055 kHz, avg speed    0.058 kHz), accepted    21740/  140001 events (15.53%)
Processed   150000/  210569 entries, 71.24% (elapsed time  2550.3s, curr speed    0.069 kHz, avg speed    0.059 kHz), accepted    23309/  150001 events (15.54%)
Processed   160000/  210569 entries, 75.98% (elapsed time  2736.8s, curr speed    0.054 kHz, avg speed    0.058 kHz), accepted    24907/  160001 events (15.57%)
Processed   170000/  210569 entries, 80.73% (elapsed time  2926.6s, curr speed    0.053 kHz, avg speed    0.058 kHz), accepted    26465/  170001 events (15.57%)
Processed   180000/  210569 entries, 85.48% (elapsed time  3072.9s, curr speed    0.068 kHz, avg speed    0.059 kHz), accepted    27992/  180001 events (15.55%)
Processed   190000/  210569 entries, 90.23% (elapsed time  3258.4s, curr speed    0.054 kHz, avg speed    0.058 kHz), accepted    29488/  190001 events (15.52%)
Processed   200000/  210569 entries, 94.98% (elapsed time  3403.7s, curr speed    0.069 kHz, avg speed    0.059 kHz), accepted    30991/  200001 events (15.50%)
Processed   210000/  210569 entries, 99.73% (elapsed time  3582.5s, curr speed    0.056 kHz, avg speed    0.059 kHz), accepted    32511/  210001 events (15.48%)
Processed 210569 preselected entries from root://cms-xrd-global.cern.ch//store/mc/Run3Summer22NanoAODv12/Zto2Nu-4Jets_HT-100to200_TuneCP5_13p6TeV_madgraphMLM-pythia8/NANOAODSIM/130X_mcRun3_2022_realistic_v5-v2/40000/e6ae6b9b-7cd0-4922-ae7e-c139799a43d0.root (210569 entries). Finally selected 32614 entries
Done ./e6ae6b9b-7cd0-4922-ae7e-c139799a43d0_Skim.root
Total time 3648.7 sec. to process 210569 events. Rate = 57.7 Hz.
DONE
/tmp/lfavilla/ZJetsToNuNu_HT100to200_2022/file67
hadd Target file: tree_hadd_67.root
hadd compression setting for all output: 1
hadd Source file 1: tree.root
hadd Source file 2: hist.root
hadd Target path: tree_hadd_67.root:/
hadd Target path: tree_hadd_67.root:/plots
/tmp/lfavilla/ZJetsToNuNu_HT100to200_2022/file67
