Standalone environment set.
/tmp/lfavilla/ZJetsToNuNu_HT100to200_2022/file141
hadd Target file: tree.root
hadd compression setting for all output: 1
hadd Source file 1: ./329e9c1d-4d27-4bb6-a4f4-9eebb1a493f9_Skim.root
hadd Sources and Target have different compression levels
hadd merging will be slower
hadd Target path: tree.root:/
Will write selected trees to .
Pre-select 26300 entries out of 26300 (100.00%)
Processed    10000/   26300 entries, 38.02% (elapsed time   270.7s, curr speed    0.037 kHz, avg speed    0.037 kHz), accepted     1609/   10001 events (16.09%)
Processed    20000/   26300 entries, 76.05% (elapsed time   570.1s, curr speed    0.033 kHz, avg speed    0.035 kHz), accepted     3135/   20001 events (15.67%)
Processed 26300 preselected entries from root://cms-xrd-global.cern.ch//store/mc/Run3Summer22NanoAODv12/Zto2Nu-4Jets_HT-100to200_TuneCP5_13p6TeV_madgraphMLM-pythia8/NANOAODSIM/130X_mcRun3_2022_realistic_v5-v2/40000/329e9c1d-4d27-4bb6-a4f4-9eebb1a493f9.root (26300 entries). Finally selected 4157 entries
Done ./329e9c1d-4d27-4bb6-a4f4-9eebb1a493f9_Skim.root
Total time 738.7 sec. to process 26300 events. Rate = 35.6 Hz.
DONE
/tmp/lfavilla/ZJetsToNuNu_HT100to200_2022/file141
hadd Target file: tree_hadd_141.root
hadd compression setting for all output: 1
hadd Source file 1: tree.root
hadd Source file 2: hist.root
hadd Target path: tree_hadd_141.root:/
hadd Target path: tree_hadd_141.root:/plots
/tmp/lfavilla/ZJetsToNuNu_HT100to200_2022/file141
