Standalone environment set.
/tmp/lfavilla/ZJetsToNuNu_HT100to200_2022/file246
hadd Target file: tree.root
hadd compression setting for all output: 1
hadd Source file 1: ./fde4d4be-ffea-44a0-999b-5a762b58e313_Skim.root
hadd Sources and Target have different compression levels
hadd merging will be slower
hadd Target path: tree.root:/
Will write selected trees to .
Pre-select 159470 entries out of 159470 (100.00%)
Processed    10000/  159470 entries,  6.27% (elapsed time   263.8s, curr speed    0.038 kHz, avg speed    0.038 kHz), accepted     1539/   10001 events (15.39%)
Processed    20000/  159470 entries, 12.54% (elapsed time   499.1s, curr speed    0.042 kHz, avg speed    0.040 kHz), accepted     3087/   20001 events (15.43%)
Processed    30000/  159470 entries, 18.81% (elapsed time   662.6s, curr speed    0.061 kHz, avg speed    0.045 kHz), accepted     4570/   30001 events (15.23%)
Processed    40000/  159470 entries, 25.08% (elapsed time   889.2s, curr speed    0.044 kHz, avg speed    0.045 kHz), accepted     6102/   40001 events (15.25%)
Processed    50000/  159470 entries, 31.35% (elapsed time  1078.0s, curr speed    0.053 kHz, avg speed    0.046 kHz), accepted     7694/   50001 events (15.39%)
Processed    60000/  159470 entries, 37.62% (elapsed time  1329.5s, curr speed    0.040 kHz, avg speed    0.045 kHz), accepted     9276/   60001 events (15.46%)
Processed    70000/  159470 entries, 43.90% (elapsed time  1562.7s, curr speed    0.043 kHz, avg speed    0.045 kHz), accepted    10808/   70001 events (15.44%)
Processed    80000/  159470 entries, 50.17% (elapsed time  2137.2s, curr speed    0.017 kHz, avg speed    0.037 kHz), accepted    12366/   80001 events (15.46%)
Processed    90000/  159470 entries, 56.44% (elapsed time  2753.5s, curr speed    0.016 kHz, avg speed    0.033 kHz), accepted    13963/   90001 events (15.51%)
Processed   100000/  159470 entries, 62.71% (elapsed time  3159.1s, curr speed    0.025 kHz, avg speed    0.032 kHz), accepted    15466/  100001 events (15.47%)
Processed   110000/  159470 entries, 68.98% (elapsed time  3731.9s, curr speed    0.017 kHz, avg speed    0.029 kHz), accepted    17018/  110001 events (15.47%)
Processed   120000/  159470 entries, 75.25% (elapsed time  4350.0s, curr speed    0.016 kHz, avg speed    0.028 kHz), accepted    18548/  120001 events (15.46%)
Processed   130000/  159470 entries, 81.52% (elapsed time  4721.0s, curr speed    0.027 kHz, avg speed    0.028 kHz), accepted    20154/  130001 events (15.50%)
Processed   140000/  159470 entries, 87.79% (elapsed time  5334.7s, curr speed    0.016 kHz, avg speed    0.026 kHz), accepted    21726/  140001 events (15.52%)
Processed   150000/  159470 entries, 94.06% (elapsed time  5721.3s, curr speed    0.026 kHz, avg speed    0.026 kHz), accepted    23246/  150001 events (15.50%)
Processed 159470 preselected entries from root://cms-xrd-global.cern.ch//store/mc/Run3Summer22NanoAODv12/Zto2Nu-4Jets_HT-100to200_TuneCP5_13p6TeV_madgraphMLM-pythia8/NANOAODSIM/130X_mcRun3_2022_realistic_v5-v2/2520000/fde4d4be-ffea-44a0-999b-5a762b58e313.root (159470 entries). Finally selected 24740 entries
Done ./fde4d4be-ffea-44a0-999b-5a762b58e313_Skim.root
Total time 6366.5 sec. to process 159470 events. Rate = 25.0 Hz.
DONE
/tmp/lfavilla/ZJetsToNuNu_HT100to200_2022/file246
hadd Target file: tree_hadd_246.root
hadd compression setting for all output: 1
hadd Source file 1: tree.root
hadd Source file 2: hist.root
hadd Target path: tree_hadd_246.root:/
hadd Target path: tree_hadd_246.root:/plots
/tmp/lfavilla/ZJetsToNuNu_HT100to200_2022/file246
