Standalone environment set.
/tmp/lfavilla/ZJetsToNuNu_HT100to200_2022/file35
hadd Target file: tree.root
hadd compression setting for all output: 1
hadd Source file 1: ./abbaaf56-2468-4bb9-b658-8befd5480b31_Skim.root
hadd Sources and Target have different compression levels
hadd merging will be slower
hadd Target path: tree.root:/
Will write selected trees to .
Pre-select 178623 entries out of 178623 (100.00%)
Processed    10000/  178623 entries,  5.60% (elapsed time   237.2s, curr speed    0.042 kHz, avg speed    0.042 kHz), accepted     1568/   10001 events (15.68%)
Processed    20000/  178623 entries, 11.20% (elapsed time   450.4s, curr speed    0.047 kHz, avg speed    0.044 kHz), accepted     3140/   20001 events (15.70%)
Processed    30000/  178623 entries, 16.80% (elapsed time   581.9s, curr speed    0.076 kHz, avg speed    0.052 kHz), accepted     4707/   30001 events (15.69%)
Processed    40000/  178623 entries, 22.39% (elapsed time   785.2s, curr speed    0.049 kHz, avg speed    0.051 kHz), accepted     6273/   40001 events (15.68%)
Processed    50000/  178623 entries, 27.99% (elapsed time   931.1s, curr speed    0.069 kHz, avg speed    0.054 kHz), accepted     7876/   50001 events (15.75%)
Processed    60000/  178623 entries, 33.59% (elapsed time  1120.5s, curr speed    0.053 kHz, avg speed    0.054 kHz), accepted     9418/   60001 events (15.70%)
Processed    70000/  178623 entries, 39.19% (elapsed time  1321.2s, curr speed    0.050 kHz, avg speed    0.053 kHz), accepted    10957/   70001 events (15.65%)
Processed    80000/  178623 entries, 44.79% (elapsed time  1470.8s, curr speed    0.067 kHz, avg speed    0.054 kHz), accepted    12468/   80001 events (15.58%)
Processed    90000/  178623 entries, 50.39% (elapsed time  1669.3s, curr speed    0.050 kHz, avg speed    0.054 kHz), accepted    13967/   90001 events (15.52%)
Processed   100000/  178623 entries, 55.98% (elapsed time  1825.0s, curr speed    0.064 kHz, avg speed    0.055 kHz), accepted    15588/  100001 events (15.59%)
Processed   110000/  178623 entries, 61.58% (elapsed time  2019.2s, curr speed    0.052 kHz, avg speed    0.054 kHz), accepted    17115/  110001 events (15.56%)
Processed   120000/  178623 entries, 67.18% (elapsed time  2190.6s, curr speed    0.058 kHz, avg speed    0.055 kHz), accepted    18694/  120001 events (15.58%)
Processed   130000/  178623 entries, 72.78% (elapsed time  2407.0s, curr speed    0.046 kHz, avg speed    0.054 kHz), accepted    20248/  130001 events (15.58%)
Processed   140000/  178623 entries, 78.38% (elapsed time  2632.8s, curr speed    0.044 kHz, avg speed    0.053 kHz), accepted    21805/  140001 events (15.57%)
Processed   150000/  178623 entries, 83.98% (elapsed time  2788.6s, curr speed    0.064 kHz, avg speed    0.054 kHz), accepted    23309/  150001 events (15.54%)
Processed   160000/  178623 entries, 89.57% (elapsed time  3030.0s, curr speed    0.041 kHz, avg speed    0.053 kHz), accepted    24782/  160001 events (15.49%)
Processed   170000/  178623 entries, 95.17% (elapsed time  3199.8s, curr speed    0.059 kHz, avg speed    0.053 kHz), accepted    26351/  170001 events (15.50%)
Processed 178623 preselected entries from root://cms-xrd-global.cern.ch//store/mc/Run3Summer22NanoAODv12/Zto2Nu-4Jets_HT-100to200_TuneCP5_13p6TeV_madgraphMLM-pythia8/NANOAODSIM/130X_mcRun3_2022_realistic_v5-v2/2540000/abbaaf56-2468-4bb9-b658-8befd5480b31.root (178623 entries). Finally selected 27668 entries
Done ./abbaaf56-2468-4bb9-b658-8befd5480b31_Skim.root
Total time 3444.8 sec. to process 178623 events. Rate = 51.9 Hz.
DONE
/tmp/lfavilla/ZJetsToNuNu_HT100to200_2022/file35
hadd Target file: tree_hadd_35.root
hadd compression setting for all output: 1
hadd Source file 1: tree.root
hadd Source file 2: hist.root
hadd Target path: tree_hadd_35.root:/
hadd Target path: tree_hadd_35.root:/plots
/tmp/lfavilla/ZJetsToNuNu_HT100to200_2022/file35
