Standalone environment set.
/tmp/lfavilla/ZJetsToNuNu_HT100to200_2022/file181
hadd Target file: tree.root
hadd compression setting for all output: 1
hadd Source file 1: ./e60d4066-75f8-40a8-b28a-3f753908f8e8_Skim.root
hadd Sources and Target have different compression levels
hadd merging will be slower
hadd Target path: tree.root:/
Will write selected trees to .
Pre-select 172669 entries out of 172669 (100.00%)
Processed    10000/  172669 entries,  5.79% (elapsed time   227.3s, curr speed    0.044 kHz, avg speed    0.044 kHz), accepted     1515/   10001 events (15.15%)
Processed    20000/  172669 entries, 11.58% (elapsed time   424.8s, curr speed    0.051 kHz, avg speed    0.047 kHz), accepted     3096/   20001 events (15.48%)
Processed    30000/  172669 entries, 17.37% (elapsed time   580.9s, curr speed    0.064 kHz, avg speed    0.052 kHz), accepted     4724/   30001 events (15.75%)
Processed    40000/  172669 entries, 23.17% (elapsed time   802.6s, curr speed    0.045 kHz, avg speed    0.050 kHz), accepted     6277/   40001 events (15.69%)
Processed    50000/  172669 entries, 28.96% (elapsed time   969.5s, curr speed    0.060 kHz, avg speed    0.052 kHz), accepted     7835/   50001 events (15.67%)
Processed    60000/  172669 entries, 34.75% (elapsed time  1168.6s, curr speed    0.050 kHz, avg speed    0.051 kHz), accepted     9440/   60001 events (15.73%)
Processed    70000/  172669 entries, 40.54% (elapsed time  1388.5s, curr speed    0.045 kHz, avg speed    0.050 kHz), accepted    10991/   70001 events (15.70%)
Processed    80000/  172669 entries, 46.33% (elapsed time  1550.6s, curr speed    0.062 kHz, avg speed    0.052 kHz), accepted    12538/   80001 events (15.67%)
Processed    90000/  172669 entries, 52.12% (elapsed time  1770.2s, curr speed    0.046 kHz, avg speed    0.051 kHz), accepted    14045/   90001 events (15.61%)
Processed   100000/  172669 entries, 57.91% (elapsed time  1933.3s, curr speed    0.061 kHz, avg speed    0.052 kHz), accepted    15710/  100001 events (15.71%)
Processed   110000/  172669 entries, 63.71% (elapsed time  2182.6s, curr speed    0.040 kHz, avg speed    0.050 kHz), accepted    17273/  110001 events (15.70%)
Processed   120000/  172669 entries, 69.50% (elapsed time  2370.8s, curr speed    0.053 kHz, avg speed    0.051 kHz), accepted    18800/  120001 events (15.67%)
Processed   130000/  172669 entries, 75.29% (elapsed time  2603.0s, curr speed    0.043 kHz, avg speed    0.050 kHz), accepted    20427/  130001 events (15.71%)
Processed   140000/  172669 entries, 81.08% (elapsed time  2836.9s, curr speed    0.043 kHz, avg speed    0.049 kHz), accepted    21960/  140001 events (15.69%)
Processed   150000/  172669 entries, 86.87% (elapsed time  3007.3s, curr speed    0.059 kHz, avg speed    0.050 kHz), accepted    23492/  150001 events (15.66%)
Processed   160000/  172669 entries, 92.66% (elapsed time  3251.6s, curr speed    0.041 kHz, avg speed    0.049 kHz), accepted    24979/  160001 events (15.61%)
Processed   170000/  172669 entries, 98.45% (elapsed time  3417.0s, curr speed    0.060 kHz, avg speed    0.050 kHz), accepted    26591/  170001 events (15.64%)
Processed 172669 preselected entries from root://cms-xrd-global.cern.ch//store/mc/Run3Summer22NanoAODv12/Zto2Nu-4Jets_HT-100to200_TuneCP5_13p6TeV_madgraphMLM-pythia8/NANOAODSIM/130X_mcRun3_2022_realistic_v5-v2/2530000/e60d4066-75f8-40a8-b28a-3f753908f8e8.root (172669 entries). Finally selected 27012 entries
Done ./e60d4066-75f8-40a8-b28a-3f753908f8e8_Skim.root
Total time 3550.8 sec. to process 172669 events. Rate = 48.6 Hz.
DONE
/tmp/lfavilla/ZJetsToNuNu_HT100to200_2022/file181
hadd Target file: tree_hadd_181.root
hadd compression setting for all output: 1
hadd Source file 1: tree.root
hadd Source file 2: hist.root
hadd Target path: tree_hadd_181.root:/
hadd Target path: tree_hadd_181.root:/plots
/tmp/lfavilla/ZJetsToNuNu_HT100to200_2022/file181
