Standalone environment set.
/tmp/lfavilla/ZJetsToNuNu_HT100to200_2022/file71
hadd Target file: tree.root
hadd compression setting for all output: 1
hadd Source file 1: ./81f3edb6-ffe7-4a57-858a-ed2e068c2760_Skim.root
hadd Sources and Target have different compression levels
hadd merging will be slower
hadd Target path: tree.root:/
Will write selected trees to .
Pre-select 211755 entries out of 211755 (100.00%)
Processed    10000/  211755 entries,  4.72% (elapsed time   248.6s, curr speed    0.040 kHz, avg speed    0.040 kHz), accepted     1554/   10001 events (15.54%)
Processed    20000/  211755 entries,  9.44% (elapsed time   480.5s, curr speed    0.043 kHz, avg speed    0.042 kHz), accepted     3147/   20001 events (15.73%)
Processed    30000/  211755 entries, 14.17% (elapsed time   647.8s, curr speed    0.060 kHz, avg speed    0.046 kHz), accepted     4635/   30001 events (15.45%)
Processed    40000/  211755 entries, 18.89% (elapsed time   891.7s, curr speed    0.041 kHz, avg speed    0.045 kHz), accepted     6233/   40001 events (15.58%)
Processed    50000/  211755 entries, 23.61% (elapsed time  1073.0s, curr speed    0.055 kHz, avg speed    0.047 kHz), accepted     7801/   50001 events (15.60%)
Processed    60000/  211755 entries, 28.33% (elapsed time  1303.8s, curr speed    0.043 kHz, avg speed    0.046 kHz), accepted     9391/   60001 events (15.65%)
Processed    70000/  211755 entries, 33.06% (elapsed time  1545.6s, curr speed    0.041 kHz, avg speed    0.045 kHz), accepted    10993/   70001 events (15.70%)
Processed    80000/  211755 entries, 37.78% (elapsed time  1707.7s, curr speed    0.062 kHz, avg speed    0.047 kHz), accepted    12532/   80001 events (15.66%)
Processed    90000/  211755 entries, 42.50% (elapsed time  1971.4s, curr speed    0.038 kHz, avg speed    0.046 kHz), accepted    14081/   90001 events (15.65%)
Processed   100000/  211755 entries, 47.22% (elapsed time  2177.8s, curr speed    0.048 kHz, avg speed    0.046 kHz), accepted    15643/  100001 events (15.64%)
Processed   110000/  211755 entries, 51.95% (elapsed time  2441.7s, curr speed    0.038 kHz, avg speed    0.045 kHz), accepted    17224/  110001 events (15.66%)
Processed   120000/  211755 entries, 56.67% (elapsed time  2710.7s, curr speed    0.037 kHz, avg speed    0.044 kHz), accepted    18718/  120001 events (15.60%)
Processed   130000/  211755 entries, 61.39% (elapsed time  2916.3s, curr speed    0.049 kHz, avg speed    0.045 kHz), accepted    20337/  130001 events (15.64%)
Processed   140000/  211755 entries, 66.11% (elapsed time  3179.9s, curr speed    0.038 kHz, avg speed    0.044 kHz), accepted    21852/  140001 events (15.61%)
Processed   150000/  211755 entries, 70.84% (elapsed time  3391.4s, curr speed    0.047 kHz, avg speed    0.044 kHz), accepted    23403/  150001 events (15.60%)
Processed   160000/  211755 entries, 75.56% (elapsed time  3687.9s, curr speed    0.034 kHz, avg speed    0.043 kHz), accepted    24927/  160001 events (15.58%)
Processed   170000/  211755 entries, 80.28% (elapsed time  3906.8s, curr speed    0.046 kHz, avg speed    0.044 kHz), accepted    26528/  170001 events (15.60%)
Processed   180000/  211755 entries, 85.00% (elapsed time  4683.9s, curr speed    0.013 kHz, avg speed    0.038 kHz), accepted    28063/  180001 events (15.59%)
Processed   190000/  211755 entries, 89.73% (elapsed time  5313.1s, curr speed    0.016 kHz, avg speed    0.036 kHz), accepted    29588/  190001 events (15.57%)
Processed   200000/  211755 entries, 94.45% (elapsed time  5695.6s, curr speed    0.026 kHz, avg speed    0.035 kHz), accepted    31180/  200001 events (15.59%)
Processed   210000/  211755 entries, 99.17% (elapsed time  6326.8s, curr speed    0.016 kHz, avg speed    0.033 kHz), accepted    32676/  210001 events (15.56%)
Processed 211755 preselected entries from root://cms-xrd-global.cern.ch//store/mc/Run3Summer22NanoAODv12/Zto2Nu-4Jets_HT-100to200_TuneCP5_13p6TeV_madgraphMLM-pythia8/NANOAODSIM/130X_mcRun3_2022_realistic_v5-v2/40000/81f3edb6-ffe7-4a57-858a-ed2e068c2760.root (211755 entries). Finally selected 32944 entries
Done ./81f3edb6-ffe7-4a57-858a-ed2e068c2760_Skim.root
Total time 6439.1 sec. to process 211755 events. Rate = 32.9 Hz.
DONE
/tmp/lfavilla/ZJetsToNuNu_HT100to200_2022/file71
hadd Target file: tree_hadd_71.root
hadd compression setting for all output: 1
hadd Source file 1: tree.root
hadd Source file 2: hist.root
hadd Target path: tree_hadd_71.root:/
hadd Target path: tree_hadd_71.root:/plots
/tmp/lfavilla/ZJetsToNuNu_HT100to200_2022/file71
