Standalone environment set.
/tmp/lfavilla/ZJetsToNuNu_HT100to200_2022/file147
hadd Target file: tree.root
hadd compression setting for all output: 1
hadd Source file 1: ./798fc708-51b1-4605-a6a5-8974b3de886a_Skim.root
hadd Sources and Target have different compression levels
hadd merging will be slower
hadd Target path: tree.root:/
Will write selected trees to .
Pre-select 50904 entries out of 50904 (100.00%)
Processed    10000/   50904 entries, 19.64% (elapsed time   236.1s, curr speed    0.042 kHz, avg speed    0.042 kHz), accepted     1505/   10001 events (15.05%)
Processed    20000/   50904 entries, 39.29% (elapsed time   446.0s, curr speed    0.048 kHz, avg speed    0.045 kHz), accepted     3055/   20001 events (15.27%)
Processed    30000/   50904 entries, 58.93% (elapsed time   610.0s, curr speed    0.061 kHz, avg speed    0.049 kHz), accepted     4603/   30001 events (15.34%)
Processed    40000/   50904 entries, 78.58% (elapsed time   832.5s, curr speed    0.045 kHz, avg speed    0.048 kHz), accepted     6146/   40001 events (15.36%)
Processed    50000/   50904 entries, 98.22% (elapsed time  1004.8s, curr speed    0.058 kHz, avg speed    0.050 kHz), accepted     7713/   50001 events (15.43%)
Processed 50904 preselected entries from root://cms-xrd-global.cern.ch//store/mc/Run3Summer22NanoAODv12/Zto2Nu-4Jets_HT-100to200_TuneCP5_13p6TeV_madgraphMLM-pythia8/NANOAODSIM/130X_mcRun3_2022_realistic_v5-v2/50000/798fc708-51b1-4605-a6a5-8974b3de886a.root (50904 entries). Finally selected 7846 entries
Done ./798fc708-51b1-4605-a6a5-8974b3de886a_Skim.root
Total time 1082.5 sec. to process 50904 events. Rate = 47.0 Hz.
DONE
/tmp/lfavilla/ZJetsToNuNu_HT100to200_2022/file147
hadd Target file: tree_hadd_147.root
hadd compression setting for all output: 1
hadd Source file 1: tree.root
hadd Source file 2: hist.root
hadd Target path: tree_hadd_147.root:/
hadd Target path: tree_hadd_147.root:/plots
/tmp/lfavilla/ZJetsToNuNu_HT100to200_2022/file147
