Standalone environment set.
/tmp/lfavilla/ZJetsToNuNu_HT100to200_2022/file207
hadd Target file: tree.root
hadd compression setting for all output: 1
hadd Source file 1: ./346a0a44-2db0-42d7-a2c5-b4057f32d96c_Skim.root
hadd Sources and Target have different compression levels
hadd merging will be slower
hadd Target path: tree.root:/
Will write selected trees to .
Pre-select 22004 entries out of 22004 (100.00%)
Processed    10000/   22004 entries, 45.45% (elapsed time   247.5s, curr speed    0.040 kHz, avg speed    0.040 kHz), accepted     1561/   10001 events (15.61%)
Processed    20000/   22004 entries, 90.89% (elapsed time   459.6s, curr speed    0.047 kHz, avg speed    0.044 kHz), accepted     3153/   20001 events (15.76%)
Processed 22004 preselected entries from root://cms-xrd-global.cern.ch//store/mc/Run3Summer22NanoAODv12/Zto2Nu-4Jets_HT-100to200_TuneCP5_13p6TeV_madgraphMLM-pythia8/NANOAODSIM/130X_mcRun3_2022_realistic_v5-v2/40000/346a0a44-2db0-42d7-a2c5-b4057f32d96c.root (22004 entries). Finally selected 3444 entries
Done ./346a0a44-2db0-42d7-a2c5-b4057f32d96c_Skim.root
Total time 493.7 sec. to process 22004 events. Rate = 44.6 Hz.
DONE
/tmp/lfavilla/ZJetsToNuNu_HT100to200_2022/file207
hadd Target file: tree_hadd_207.root
hadd compression setting for all output: 1
hadd Source file 1: tree.root
hadd Source file 2: hist.root
hadd Target path: tree_hadd_207.root:/
hadd Target path: tree_hadd_207.root:/plots
/tmp/lfavilla/ZJetsToNuNu_HT100to200_2022/file207
