Standalone environment set.
/tmp/lfavilla/ZJetsToNuNu_HT100to200_2022/file108
hadd Target file: tree.root
hadd compression setting for all output: 1
hadd Source file 1: ./dc2c53e7-36c1-4b97-92ae-f949074de614_Skim.root
hadd Sources and Target have different compression levels
hadd merging will be slower
hadd Target path: tree.root:/
Will write selected trees to .
Pre-select 184400 entries out of 184400 (100.00%)
Processed    10000/  184400 entries,  5.42% (elapsed time   228.4s, curr speed    0.044 kHz, avg speed    0.044 kHz), accepted     1668/   10001 events (16.68%)
Processed    20000/  184400 entries, 10.85% (elapsed time   416.4s, curr speed    0.053 kHz, avg speed    0.048 kHz), accepted     3221/   20001 events (16.10%)
Processed    30000/  184400 entries, 16.27% (elapsed time   563.7s, curr speed    0.068 kHz, avg speed    0.053 kHz), accepted     4802/   30001 events (16.01%)
Processed    40000/  184400 entries, 21.69% (elapsed time   759.1s, curr speed    0.051 kHz, avg speed    0.053 kHz), accepted     6282/   40001 events (15.70%)
Processed    50000/  184400 entries, 27.11% (elapsed time   922.6s, curr speed    0.061 kHz, avg speed    0.054 kHz), accepted     7849/   50001 events (15.70%)
Processed    60000/  184400 entries, 32.54% (elapsed time  1116.0s, curr speed    0.052 kHz, avg speed    0.054 kHz), accepted     9421/   60001 events (15.70%)
Processed    70000/  184400 entries, 37.96% (elapsed time  1329.5s, curr speed    0.047 kHz, avg speed    0.053 kHz), accepted    11026/   70001 events (15.75%)
Processed    80000/  184400 entries, 43.38% (elapsed time  1491.2s, curr speed    0.062 kHz, avg speed    0.054 kHz), accepted    12589/   80001 events (15.74%)
Processed    90000/  184400 entries, 48.81% (elapsed time  1697.8s, curr speed    0.048 kHz, avg speed    0.053 kHz), accepted    14140/   90001 events (15.71%)
Processed   100000/  184400 entries, 54.23% (elapsed time  1867.8s, curr speed    0.059 kHz, avg speed    0.054 kHz), accepted    15695/  100001 events (15.69%)
Processed   110000/  184400 entries, 59.65% (elapsed time  2078.6s, curr speed    0.047 kHz, avg speed    0.053 kHz), accepted    17289/  110001 events (15.72%)
Processed   120000/  184400 entries, 65.08% (elapsed time  2311.0s, curr speed    0.043 kHz, avg speed    0.052 kHz), accepted    18823/  120001 events (15.69%)
Processed   130000/  184400 entries, 70.50% (elapsed time  2485.5s, curr speed    0.057 kHz, avg speed    0.052 kHz), accepted    20396/  130001 events (15.69%)
Processed   140000/  184400 entries, 75.92% (elapsed time  2723.3s, curr speed    0.042 kHz, avg speed    0.051 kHz), accepted    21968/  140001 events (15.69%)
Processed   150000/  184400 entries, 81.34% (elapsed time  2897.0s, curr speed    0.058 kHz, avg speed    0.052 kHz), accepted    23564/  150001 events (15.71%)
Processed   160000/  184400 entries, 86.77% (elapsed time  3123.3s, curr speed    0.044 kHz, avg speed    0.051 kHz), accepted    25105/  160001 events (15.69%)
Processed   170000/  184400 entries, 92.19% (elapsed time  3356.9s, curr speed    0.043 kHz, avg speed    0.051 kHz), accepted    26633/  170001 events (15.67%)
Processed   180000/  184400 entries, 97.61% (elapsed time  3529.1s, curr speed    0.058 kHz, avg speed    0.051 kHz), accepted    28200/  180001 events (15.67%)
Processed 184400 preselected entries from root://cms-xrd-global.cern.ch//store/mc/Run3Summer22NanoAODv12/Zto2Nu-4Jets_HT-100to200_TuneCP5_13p6TeV_madgraphMLM-pythia8/NANOAODSIM/130X_mcRun3_2022_realistic_v5-v2/30000/dc2c53e7-36c1-4b97-92ae-f949074de614.root (184400 entries). Finally selected 28904 entries
Done ./dc2c53e7-36c1-4b97-92ae-f949074de614_Skim.root
Total time 3698.8 sec. to process 184400 events. Rate = 49.9 Hz.
DONE
/tmp/lfavilla/ZJetsToNuNu_HT100to200_2022/file108
hadd Target file: tree_hadd_108.root
hadd compression setting for all output: 1
hadd Source file 1: tree.root
hadd Source file 2: hist.root
hadd Target path: tree_hadd_108.root:/
hadd Target path: tree_hadd_108.root:/plots
/tmp/lfavilla/ZJetsToNuNu_HT100to200_2022/file108
