Standalone environment set.
/tmp/lfavilla/ZJetsToNuNu_HT100to200_2022/file0
hadd Target file: tree.root
hadd compression setting for all output: 1
hadd Source file 1: ./8bff395c-c876-49fc-82fd-758a153d8414_Skim.root
hadd Sources and Target have different compression levels
hadd merging will be slower
hadd Target path: tree.root:/
Will write selected trees to .
Pre-select 41122 entries out of 41122 (100.00%)
Processed    10000/   41122 entries, 24.32% (elapsed time   224.2s, curr speed    0.045 kHz, avg speed    0.045 kHz), accepted     1497/   10001 events (14.97%)
Processed    20000/   41122 entries, 48.64% (elapsed time   423.1s, curr speed    0.050 kHz, avg speed    0.047 kHz), accepted     3088/   20001 events (15.44%)
Processed    30000/   41122 entries, 72.95% (elapsed time   567.7s, curr speed    0.069 kHz, avg speed    0.053 kHz), accepted     4679/   30001 events (15.60%)
Processed    40000/   41122 entries, 97.27% (elapsed time   766.5s, curr speed    0.050 kHz, avg speed    0.052 kHz), accepted     6240/   40001 events (15.60%)
Processed 41122 preselected entries from root://cms-xrd-global.cern.ch//store/mc/Run3Summer22NanoAODv12/Zto2Nu-4Jets_HT-100to200_TuneCP5_13p6TeV_madgraphMLM-pythia8/NANOAODSIM/130X_mcRun3_2022_realistic_v5-v2/2540000/8bff395c-c876-49fc-82fd-758a153d8414.root (41122 entries). Finally selected 6434 entries
Done ./8bff395c-c876-49fc-82fd-758a153d8414_Skim.root
Total time 795.0 sec. to process 41122 events. Rate = 51.7 Hz.
DONE
/tmp/lfavilla/ZJetsToNuNu_HT100to200_2022/file0
hadd Target file: tree_hadd_0.root
hadd compression setting for all output: 1
hadd Source file 1: tree.root
hadd Source file 2: hist.root
hadd Target path: tree_hadd_0.root:/
hadd Target path: tree_hadd_0.root:/plots
/tmp/lfavilla/ZJetsToNuNu_HT100to200_2022/file0
