Standalone environment set.
/tmp/lfavilla/ZJetsToNuNu_HT100to200_2022/file275
hadd Target file: tree.root
hadd compression setting for all output: 1
hadd Source file 1: ./5990c34c-db27-408f-8d36-e010c631ad8c_Skim.root
hadd Sources and Target have different compression levels
hadd merging will be slower
hadd Target path: tree.root:/
Will write selected trees to .
Pre-select 23412 entries out of 23412 (100.00%)
Processed    10000/   23412 entries, 42.71% (elapsed time   286.8s, curr speed    0.035 kHz, avg speed    0.035 kHz), accepted     1540/   10001 events (15.40%)
Processed    20000/   23412 entries, 85.43% (elapsed time   553.1s, curr speed    0.038 kHz, avg speed    0.036 kHz), accepted     3087/   20001 events (15.43%)
Processed 23412 preselected entries from root://cms-xrd-global.cern.ch//store/mc/Run3Summer22NanoAODv12/Zto2Nu-4Jets_HT-100to200_TuneCP5_13p6TeV_madgraphMLM-pythia8/NANOAODSIM/130X_mcRun3_2022_realistic_v5-v2/50000/5990c34c-db27-408f-8d36-e010c631ad8c.root (23412 entries). Finally selected 3614 entries
Done ./5990c34c-db27-408f-8d36-e010c631ad8c_Skim.root
Total time 610.3 sec. to process 23412 events. Rate = 38.4 Hz.
DONE
/tmp/lfavilla/ZJetsToNuNu_HT100to200_2022/file275
hadd Target file: tree_hadd_275.root
hadd compression setting for all output: 1
hadd Source file 1: tree.root
hadd Source file 2: hist.root
hadd Target path: tree_hadd_275.root:/
hadd Target path: tree_hadd_275.root:/plots
/tmp/lfavilla/ZJetsToNuNu_HT100to200_2022/file275
