Standalone environment set.
/tmp/lfavilla/ZJetsToNuNu_HT100to200_2022/file131
hadd Target file: tree.root
hadd compression setting for all output: 1
hadd Source file 1: ./ceabfc38-040a-48cf-bcae-9959660fb5a9_Skim.root
hadd Sources and Target have different compression levels
hadd merging will be slower
hadd Target path: tree.root:/
Will write selected trees to .
Pre-select 33982 entries out of 33982 (100.00%)
Processed    10000/   33982 entries, 29.43% (elapsed time   247.1s, curr speed    0.040 kHz, avg speed    0.040 kHz), accepted     1527/   10001 events (15.27%)
Processed    20000/   33982 entries, 58.85% (elapsed time   466.3s, curr speed    0.046 kHz, avg speed    0.043 kHz), accepted     3089/   20001 events (15.44%)
Processed    30000/   33982 entries, 88.28% (elapsed time   635.9s, curr speed    0.059 kHz, avg speed    0.047 kHz), accepted     4623/   30001 events (15.41%)
Processed 33982 preselected entries from root://cms-xrd-global.cern.ch//store/mc/Run3Summer22NanoAODv12/Zto2Nu-4Jets_HT-100to200_TuneCP5_13p6TeV_madgraphMLM-pythia8/NANOAODSIM/130X_mcRun3_2022_realistic_v5-v2/40000/ceabfc38-040a-48cf-bcae-9959660fb5a9.root (33982 entries). Finally selected 5255 entries
Done ./ceabfc38-040a-48cf-bcae-9959660fb5a9_Skim.root
Total time 760.5 sec. to process 33982 events. Rate = 44.7 Hz.
DONE
/tmp/lfavilla/ZJetsToNuNu_HT100to200_2022/file131
hadd Target file: tree_hadd_131.root
hadd compression setting for all output: 1
hadd Source file 1: tree.root
hadd Source file 2: hist.root
hadd Target path: tree_hadd_131.root:/
hadd Target path: tree_hadd_131.root:/plots
/tmp/lfavilla/ZJetsToNuNu_HT100to200_2022/file131
