Standalone environment set.
/tmp/lfavilla/ZJetsToNuNu_HT100to200_2022/file72
hadd Target file: tree.root
hadd compression setting for all output: 1
hadd Source file 1: ./ece9f801-9e30-47db-8557-26f57a03a50c_Skim.root
hadd Sources and Target have different compression levels
hadd merging will be slower
hadd Target path: tree.root:/
Will write selected trees to .
Pre-select 183674 entries out of 183674 (100.00%)
Processed    10000/  183674 entries,  5.44% (elapsed time   220.7s, curr speed    0.045 kHz, avg speed    0.045 kHz), accepted     1580/   10001 events (15.80%)
Processed    20000/  183674 entries, 10.89% (elapsed time   421.8s, curr speed    0.050 kHz, avg speed    0.047 kHz), accepted     3169/   20001 events (15.84%)
Processed    30000/  183674 entries, 16.33% (elapsed time   561.2s, curr speed    0.072 kHz, avg speed    0.053 kHz), accepted     4714/   30001 events (15.71%)
Processed    40000/  183674 entries, 21.78% (elapsed time   763.2s, curr speed    0.050 kHz, avg speed    0.052 kHz), accepted     6297/   40001 events (15.74%)
Processed    50000/  183674 entries, 27.22% (elapsed time   925.1s, curr speed    0.062 kHz, avg speed    0.054 kHz), accepted     7840/   50001 events (15.68%)
Processed    60000/  183674 entries, 32.67% (elapsed time  1113.8s, curr speed    0.053 kHz, avg speed    0.054 kHz), accepted     9336/   60001 events (15.56%)
Processed    70000/  183674 entries, 38.11% (elapsed time  1330.0s, curr speed    0.046 kHz, avg speed    0.053 kHz), accepted    10806/   70001 events (15.44%)
Processed    80000/  183674 entries, 43.56% (elapsed time  1482.1s, curr speed    0.066 kHz, avg speed    0.054 kHz), accepted    12399/   80001 events (15.50%)
Processed    90000/  183674 entries, 49.00% (elapsed time  1695.0s, curr speed    0.047 kHz, avg speed    0.053 kHz), accepted    13973/   90001 events (15.53%)
Processed   100000/  183674 entries, 54.44% (elapsed time  1852.8s, curr speed    0.063 kHz, avg speed    0.054 kHz), accepted    15504/  100001 events (15.50%)
Processed   110000/  183674 entries, 59.89% (elapsed time  2063.7s, curr speed    0.047 kHz, avg speed    0.053 kHz), accepted    16999/  110001 events (15.45%)
Processed   120000/  183674 entries, 65.33% (elapsed time  2284.5s, curr speed    0.045 kHz, avg speed    0.053 kHz), accepted    18532/  120001 events (15.44%)
Processed   130000/  183674 entries, 70.78% (elapsed time  2436.2s, curr speed    0.066 kHz, avg speed    0.053 kHz), accepted    20086/  130001 events (15.45%)
Processed   140000/  183674 entries, 76.22% (elapsed time  2674.9s, curr speed    0.042 kHz, avg speed    0.052 kHz), accepted    21596/  140001 events (15.43%)
Processed   150000/  183674 entries, 81.67% (elapsed time  2849.7s, curr speed    0.057 kHz, avg speed    0.053 kHz), accepted    23111/  150001 events (15.41%)
Processed   160000/  183674 entries, 87.11% (elapsed time  3076.0s, curr speed    0.044 kHz, avg speed    0.052 kHz), accepted    24677/  160001 events (15.42%)
Processed   170000/  183674 entries, 92.56% (elapsed time  3313.9s, curr speed    0.042 kHz, avg speed    0.051 kHz), accepted    26235/  170001 events (15.43%)
Processed   180000/  183674 entries, 98.00% (elapsed time  3485.7s, curr speed    0.058 kHz, avg speed    0.052 kHz), accepted    27822/  180001 events (15.46%)
Processed 183674 preselected entries from root://cms-xrd-global.cern.ch//store/mc/Run3Summer22NanoAODv12/Zto2Nu-4Jets_HT-100to200_TuneCP5_13p6TeV_madgraphMLM-pythia8/NANOAODSIM/130X_mcRun3_2022_realistic_v5-v2/40000/ece9f801-9e30-47db-8557-26f57a03a50c.root (183674 entries). Finally selected 28393 entries
Done ./ece9f801-9e30-47db-8557-26f57a03a50c_Skim.root
Total time 3641.8 sec. to process 183674 events. Rate = 50.4 Hz.
DONE
/tmp/lfavilla/ZJetsToNuNu_HT100to200_2022/file72
hadd Target file: tree_hadd_72.root
hadd compression setting for all output: 1
hadd Source file 1: tree.root
hadd Source file 2: hist.root
hadd Target path: tree_hadd_72.root:/
hadd Target path: tree_hadd_72.root:/plots
/tmp/lfavilla/ZJetsToNuNu_HT100to200_2022/file72
