Standalone environment set.
/tmp/lfavilla/ZJetsToNuNu_HT100to200_2022/file112
hadd Target file: tree.root
hadd compression setting for all output: 1
hadd Source file 1: ./9b7dcd56-4da4-47d3-91e0-825755bed77c_Skim.root
hadd Sources and Target have different compression levels
hadd merging will be slower
hadd Target path: tree.root:/
Will write selected trees to .
Pre-select 60458 entries out of 60458 (100.00%)
Processed    10000/   60458 entries, 16.54% (elapsed time   220.7s, curr speed    0.045 kHz, avg speed    0.045 kHz), accepted     1580/   10001 events (15.80%)
Processed    20000/   60458 entries, 33.08% (elapsed time   410.0s, curr speed    0.053 kHz, avg speed    0.049 kHz), accepted     3140/   20001 events (15.70%)
Processed    30000/   60458 entries, 49.62% (elapsed time   552.1s, curr speed    0.070 kHz, avg speed    0.054 kHz), accepted     4722/   30001 events (15.74%)
Processed    40000/   60458 entries, 66.16% (elapsed time   751.2s, curr speed    0.050 kHz, avg speed    0.053 kHz), accepted     6273/   40001 events (15.68%)
Processed    50000/   60458 entries, 82.70% (elapsed time   905.8s, curr speed    0.065 kHz, avg speed    0.055 kHz), accepted     7903/   50001 events (15.81%)
Processed    60000/   60458 entries, 99.24% (elapsed time  1091.2s, curr speed    0.054 kHz, avg speed    0.055 kHz), accepted     9499/   60001 events (15.83%)
Processed 60458 preselected entries from root://cms-xrd-global.cern.ch//store/mc/Run3Summer22NanoAODv12/Zto2Nu-4Jets_HT-100to200_TuneCP5_13p6TeV_madgraphMLM-pythia8/NANOAODSIM/130X_mcRun3_2022_realistic_v5-v2/30000/9b7dcd56-4da4-47d3-91e0-825755bed77c.root (60458 entries). Finally selected 9570 entries
Done ./9b7dcd56-4da4-47d3-91e0-825755bed77c_Skim.root
Total time 1121.4 sec. to process 60458 events. Rate = 53.9 Hz.
DONE
/tmp/lfavilla/ZJetsToNuNu_HT100to200_2022/file112
hadd Target file: tree_hadd_112.root
hadd compression setting for all output: 1
hadd Source file 1: tree.root
hadd Source file 2: hist.root
hadd Target path: tree_hadd_112.root:/
hadd Target path: tree_hadd_112.root:/plots
/tmp/lfavilla/ZJetsToNuNu_HT100to200_2022/file112
