Standalone environment set.
/tmp/lfavilla/ZJetsToNuNu_HT100to200_2022/file125
hadd Target file: tree.root
hadd compression setting for all output: 1
hadd Source file 1: ./d24a5692-0441-4e7f-b6ed-38c34af2bf9f_Skim.root
hadd Sources and Target have different compression levels
hadd merging will be slower
hadd Target path: tree.root:/
Will write selected trees to .
Pre-select 120019 entries out of 120019 (100.00%)
Processed    10000/  120019 entries,  8.33% (elapsed time   253.9s, curr speed    0.039 kHz, avg speed    0.039 kHz), accepted     1525/   10001 events (15.25%)
Processed    20000/  120019 entries, 16.66% (elapsed time   475.9s, curr speed    0.045 kHz, avg speed    0.042 kHz), accepted     3094/   20001 events (15.47%)
Processed    30000/  120019 entries, 25.00% (elapsed time   649.3s, curr speed    0.058 kHz, avg speed    0.046 kHz), accepted     4701/   30001 events (15.67%)
Processed    40000/  120019 entries, 33.33% (elapsed time   877.1s, curr speed    0.044 kHz, avg speed    0.046 kHz), accepted     6289/   40001 events (15.72%)
Processed    50000/  120019 entries, 41.66% (elapsed time  1060.4s, curr speed    0.055 kHz, avg speed    0.047 kHz), accepted     7803/   50001 events (15.61%)
Processed    60000/  120019 entries, 49.99% (elapsed time  1283.5s, curr speed    0.045 kHz, avg speed    0.047 kHz), accepted     9331/   60001 events (15.55%)
Processed    70000/  120019 entries, 58.32% (elapsed time  1520.2s, curr speed    0.042 kHz, avg speed    0.046 kHz), accepted    10872/   70001 events (15.53%)
Processed    80000/  120019 entries, 66.66% (elapsed time  1685.6s, curr speed    0.060 kHz, avg speed    0.047 kHz), accepted    12437/   80001 events (15.55%)
Processed    90000/  120019 entries, 74.99% (elapsed time  1933.0s, curr speed    0.040 kHz, avg speed    0.047 kHz), accepted    14044/   90001 events (15.60%)
Processed   100000/  120019 entries, 83.32% (elapsed time  2129.5s, curr speed    0.051 kHz, avg speed    0.047 kHz), accepted    15575/  100001 events (15.57%)
Processed   110000/  120019 entries, 91.65% (elapsed time  2377.4s, curr speed    0.040 kHz, avg speed    0.046 kHz), accepted    17160/  110001 events (15.60%)
Processed   120000/  120019 entries, 99.98% (elapsed time  2624.1s, curr speed    0.041 kHz, avg speed    0.046 kHz), accepted    18671/  120001 events (15.56%)
Processed 120019 preselected entries from root://cms-xrd-global.cern.ch//store/mc/Run3Summer22NanoAODv12/Zto2Nu-4Jets_HT-100to200_TuneCP5_13p6TeV_madgraphMLM-pythia8/NANOAODSIM/130X_mcRun3_2022_realistic_v5-v2/40000/d24a5692-0441-4e7f-b6ed-38c34af2bf9f.root (120019 entries). Finally selected 18673 entries
Done ./d24a5692-0441-4e7f-b6ed-38c34af2bf9f_Skim.root
Total time 2676.8 sec. to process 120019 events. Rate = 44.8 Hz.
DONE
/tmp/lfavilla/ZJetsToNuNu_HT100to200_2022/file125
hadd Target file: tree_hadd_125.root
hadd compression setting for all output: 1
hadd Source file 1: tree.root
hadd Source file 2: hist.root
hadd Target path: tree_hadd_125.root:/
hadd Target path: tree_hadd_125.root:/plots
/tmp/lfavilla/ZJetsToNuNu_HT100to200_2022/file125
