Standalone environment set.
/tmp/lfavilla/ZJetsToNuNu_HT100to200_2022/file185
hadd Target file: tree.root
hadd compression setting for all output: 1
hadd Source file 1: ./56e0f2fa-8fce-4b23-a01c-6d513b10dfe3_Skim.root
hadd Sources and Target have different compression levels
hadd merging will be slower
hadd Target path: tree.root:/
Will write selected trees to .
Pre-select 180245 entries out of 180245 (100.00%)
Processed    10000/  180245 entries,  5.55% (elapsed time   282.5s, curr speed    0.035 kHz, avg speed    0.035 kHz), accepted     1549/   10001 events (15.49%)
Processed    20000/  180245 entries, 11.10% (elapsed time   534.1s, curr speed    0.040 kHz, avg speed    0.037 kHz), accepted     3133/   20001 events (15.66%)
Processed    30000/  180245 entries, 16.64% (elapsed time   702.0s, curr speed    0.060 kHz, avg speed    0.043 kHz), accepted     4745/   30001 events (15.82%)
Processed    40000/  180245 entries, 22.19% (elapsed time   938.8s, curr speed    0.042 kHz, avg speed    0.043 kHz), accepted     6312/   40001 events (15.78%)
Processed    50000/  180245 entries, 27.74% (elapsed time  1128.6s, curr speed    0.053 kHz, avg speed    0.044 kHz), accepted     7908/   50001 events (15.82%)
Processed    60000/  180245 entries, 33.29% (elapsed time  1362.6s, curr speed    0.043 kHz, avg speed    0.044 kHz), accepted     9485/   60001 events (15.81%)
Processed    70000/  180245 entries, 38.84% (elapsed time  1617.7s, curr speed    0.039 kHz, avg speed    0.043 kHz), accepted    11010/   70001 events (15.73%)
Processed    80000/  180245 entries, 44.38% (elapsed time  1814.2s, curr speed    0.051 kHz, avg speed    0.044 kHz), accepted    12583/   80001 events (15.73%)
Processed    90000/  180245 entries, 49.93% (elapsed time  2072.6s, curr speed    0.039 kHz, avg speed    0.043 kHz), accepted    14170/   90001 events (15.74%)
Processed   100000/  180245 entries, 55.48% (elapsed time  2284.9s, curr speed    0.047 kHz, avg speed    0.044 kHz), accepted    15711/  100001 events (15.71%)
Processed   110000/  180245 entries, 61.03% (elapsed time  2568.5s, curr speed    0.035 kHz, avg speed    0.043 kHz), accepted    17271/  110001 events (15.70%)
Processed   120000/  180245 entries, 66.58% (elapsed time  2797.4s, curr speed    0.044 kHz, avg speed    0.043 kHz), accepted    18814/  120001 events (15.68%)
Processed   130000/  180245 entries, 72.12% (elapsed time  3050.8s, curr speed    0.039 kHz, avg speed    0.043 kHz), accepted    20304/  130001 events (15.62%)
Processed   140000/  180245 entries, 77.67% (elapsed time  3337.1s, curr speed    0.035 kHz, avg speed    0.042 kHz), accepted    21886/  140001 events (15.63%)
Processed   150000/  180245 entries, 83.22% (elapsed time  3549.2s, curr speed    0.047 kHz, avg speed    0.042 kHz), accepted    23393/  150001 events (15.60%)
Processed   160000/  180245 entries, 88.77% (elapsed time  3815.2s, curr speed    0.038 kHz, avg speed    0.042 kHz), accepted    24923/  160001 events (15.58%)
Processed   170000/  180245 entries, 94.32% (elapsed time  4028.3s, curr speed    0.047 kHz, avg speed    0.042 kHz), accepted    26484/  170001 events (15.58%)
Processed   180000/  180245 entries, 99.86% (elapsed time  4296.1s, curr speed    0.037 kHz, avg speed    0.042 kHz), accepted    28092/  180001 events (15.61%)
Processed 180245 preselected entries from root://cms-xrd-global.cern.ch//store/mc/Run3Summer22NanoAODv12/Zto2Nu-4Jets_HT-100to200_TuneCP5_13p6TeV_madgraphMLM-pythia8/NANOAODSIM/130X_mcRun3_2022_realistic_v5-v2/40000/56e0f2fa-8fce-4b23-a01c-6d513b10dfe3.root (180245 entries). Finally selected 28135 entries
Done ./56e0f2fa-8fce-4b23-a01c-6d513b10dfe3_Skim.root
Total time 4374.0 sec. to process 180245 events. Rate = 41.2 Hz.
DONE
/tmp/lfavilla/ZJetsToNuNu_HT100to200_2022/file185
hadd Target file: tree_hadd_185.root
hadd compression setting for all output: 1
hadd Source file 1: tree.root
hadd Source file 2: hist.root
hadd Target path: tree_hadd_185.root:/
hadd Target path: tree_hadd_185.root:/plots
/tmp/lfavilla/ZJetsToNuNu_HT100to200_2022/file185
