Standalone environment set.
/tmp/lfavilla/ZJetsToNuNu_HT100to200_2022/file264
hadd Target file: tree.root
hadd compression setting for all output: 1
hadd Source file 1: ./d4464ddf-fb4b-4c34-839c-a42253b869cc_Skim.root
hadd Sources and Target have different compression levels
hadd merging will be slower
hadd Target path: tree.root:/
Will write selected trees to .
Pre-select 14841 entries out of 14841 (100.00%)
Processed    10000/   14841 entries, 67.38% (elapsed time   258.3s, curr speed    0.039 kHz, avg speed    0.039 kHz), accepted     1576/   10001 events (15.76%)
Processed 14841 preselected entries from root://cms-xrd-global.cern.ch//store/mc/Run3Summer22NanoAODv12/Zto2Nu-4Jets_HT-100to200_TuneCP5_13p6TeV_madgraphMLM-pythia8/NANOAODSIM/130X_mcRun3_2022_realistic_v5-v2/50000/d4464ddf-fb4b-4c34-839c-a42253b869cc.root (14841 entries). Finally selected 2299 entries
Done ./d4464ddf-fb4b-4c34-839c-a42253b869cc_Skim.root
Total time 381.7 sec. to process 14841 events. Rate = 38.9 Hz.
DONE
/tmp/lfavilla/ZJetsToNuNu_HT100to200_2022/file264
hadd Target file: tree_hadd_264.root
hadd compression setting for all output: 1
hadd Source file 1: tree.root
hadd Source file 2: hist.root
hadd Target path: tree_hadd_264.root:/
hadd Target path: tree_hadd_264.root:/plots
/tmp/lfavilla/ZJetsToNuNu_HT100to200_2022/file264
