Standalone environment set.
/tmp/lfavilla/ZJetsToNuNu_HT100to200_2022/file193
hadd Target file: tree.root
hadd compression setting for all output: 1
hadd Source file 1: ./37ebe36b-4134-4e18-813c-4f658ee40c7f_Skim.root
hadd Sources and Target have different compression levels
hadd merging will be slower
hadd Target path: tree.root:/
Will write selected trees to .
Pre-select 169594 entries out of 169594 (100.00%)
Processed    10000/  169594 entries,  5.90% (elapsed time   236.6s, curr speed    0.042 kHz, avg speed    0.042 kHz), accepted     1504/   10001 events (15.04%)
Processed    20000/  169594 entries, 11.79% (elapsed time   443.9s, curr speed    0.048 kHz, avg speed    0.045 kHz), accepted     3004/   20001 events (15.02%)
Processed    30000/  169594 entries, 17.69% (elapsed time   587.0s, curr speed    0.070 kHz, avg speed    0.051 kHz), accepted     4590/   30001 events (15.30%)
Processed    40000/  169594 entries, 23.59% (elapsed time   804.8s, curr speed    0.046 kHz, avg speed    0.050 kHz), accepted     6223/   40001 events (15.56%)
Processed    50000/  169594 entries, 29.48% (elapsed time   957.1s, curr speed    0.066 kHz, avg speed    0.052 kHz), accepted     7771/   50001 events (15.54%)
Processed    60000/  169594 entries, 35.38% (elapsed time  1166.2s, curr speed    0.048 kHz, avg speed    0.051 kHz), accepted     9279/   60001 events (15.46%)
Processed    70000/  169594 entries, 41.28% (elapsed time  1340.8s, curr speed    0.057 kHz, avg speed    0.052 kHz), accepted    10827/   70001 events (15.47%)
Processed    80000/  169594 entries, 47.17% (elapsed time  1567.0s, curr speed    0.044 kHz, avg speed    0.051 kHz), accepted    12358/   80001 events (15.45%)
Processed    90000/  169594 entries, 53.07% (elapsed time  1794.3s, curr speed    0.044 kHz, avg speed    0.050 kHz), accepted    13852/   90001 events (15.39%)
Processed   100000/  169594 entries, 58.96% (elapsed time  1972.3s, curr speed    0.056 kHz, avg speed    0.051 kHz), accepted    15363/  100001 events (15.36%)
Processed   110000/  169594 entries, 64.86% (elapsed time  2223.1s, curr speed    0.040 kHz, avg speed    0.049 kHz), accepted    16962/  110001 events (15.42%)
Processed   120000/  169594 entries, 70.76% (elapsed time  2404.0s, curr speed    0.055 kHz, avg speed    0.050 kHz), accepted    18545/  120001 events (15.45%)
Processed   130000/  169594 entries, 76.65% (elapsed time  2679.8s, curr speed    0.036 kHz, avg speed    0.049 kHz), accepted    20086/  130001 events (15.45%)
Processed   140000/  169594 entries, 82.55% (elapsed time  2879.2s, curr speed    0.050 kHz, avg speed    0.049 kHz), accepted    21669/  140001 events (15.48%)
Processed   150000/  169594 entries, 88.45% (elapsed time  3490.7s, curr speed    0.016 kHz, avg speed    0.043 kHz), accepted    23192/  150001 events (15.46%)
Processed   160000/  169594 entries, 94.34% (elapsed time  4068.7s, curr speed    0.017 kHz, avg speed    0.039 kHz), accepted    24734/  160001 events (15.46%)
Processed 169594 preselected entries from root://cms-xrd-global.cern.ch//store/mc/Run3Summer22NanoAODv12/Zto2Nu-4Jets_HT-100to200_TuneCP5_13p6TeV_madgraphMLM-pythia8/NANOAODSIM/130X_mcRun3_2022_realistic_v5-v2/40000/37ebe36b-4134-4e18-813c-4f658ee40c7f.root (169594 entries). Finally selected 26191 entries
Done ./37ebe36b-4134-4e18-813c-4f658ee40c7f_Skim.root
Total time 4453.8 sec. to process 169594 events. Rate = 38.1 Hz.
DONE
/tmp/lfavilla/ZJetsToNuNu_HT100to200_2022/file193
hadd Target file: tree_hadd_193.root
hadd compression setting for all output: 1
hadd Source file 1: tree.root
hadd Source file 2: hist.root
hadd Target path: tree_hadd_193.root:/
hadd Target path: tree_hadd_193.root:/plots
/tmp/lfavilla/ZJetsToNuNu_HT100to200_2022/file193
