Standalone environment set.
/tmp/lfavilla/ZJetsToNuNu_HT100to200_2022/file224
hadd Target file: tree.root
hadd compression setting for all output: 1
hadd Source file 1: ./3772bafb-3ee5-4ccc-b61c-f6c2b4271d98_Skim.root
hadd Sources and Target have different compression levels
hadd merging will be slower
hadd Target path: tree.root:/
Will write selected trees to .
Pre-select 39622 entries out of 39622 (100.00%)
Processed    10000/   39622 entries, 25.24% (elapsed time   261.5s, curr speed    0.038 kHz, avg speed    0.038 kHz), accepted     1542/   10001 events (15.42%)
Processed    20000/   39622 entries, 50.48% (elapsed time   513.5s, curr speed    0.040 kHz, avg speed    0.039 kHz), accepted     3077/   20001 events (15.38%)
Processed    30000/   39622 entries, 75.72% (elapsed time   684.9s, curr speed    0.058 kHz, avg speed    0.044 kHz), accepted     4622/   30001 events (15.41%)
Processed 39622 preselected entries from root://cms-xrd-global.cern.ch//store/mc/Run3Summer22NanoAODv12/Zto2Nu-4Jets_HT-100to200_TuneCP5_13p6TeV_madgraphMLM-pythia8/NANOAODSIM/130X_mcRun3_2022_realistic_v5-v2/50000/3772bafb-3ee5-4ccc-b61c-f6c2b4271d98.root (39622 entries). Finally selected 6099 entries
Done ./3772bafb-3ee5-4ccc-b61c-f6c2b4271d98_Skim.root
Total time 942.6 sec. to process 39622 events. Rate = 42.0 Hz.
DONE
/tmp/lfavilla/ZJetsToNuNu_HT100to200_2022/file224
hadd Target file: tree_hadd_224.root
hadd compression setting for all output: 1
hadd Source file 1: tree.root
hadd Source file 2: hist.root
hadd Target path: tree_hadd_224.root:/
hadd Target path: tree_hadd_224.root:/plots
/tmp/lfavilla/ZJetsToNuNu_HT100to200_2022/file224
