Standalone environment set.
/tmp/lfavilla/ZJetsToNuNu_HT100to200_2022/file235
hadd Target file: tree.root
hadd compression setting for all output: 1
hadd Source file 1: ./2ee90831-a789-4dcc-8085-5d89b886aade_Skim.root
hadd Sources and Target have different compression levels
hadd merging will be slower
hadd Target path: tree.root:/
Will write selected trees to .
Pre-select 79908 entries out of 79908 (100.00%)
Processed    10000/   79908 entries, 12.51% (elapsed time   279.5s, curr speed    0.036 kHz, avg speed    0.036 kHz), accepted     1598/   10001 events (15.98%)
Processed    20000/   79908 entries, 25.03% (elapsed time   517.3s, curr speed    0.042 kHz, avg speed    0.039 kHz), accepted     3245/   20001 events (16.22%)
Processed    30000/   79908 entries, 37.54% (elapsed time   681.1s, curr speed    0.061 kHz, avg speed    0.044 kHz), accepted     4784/   30001 events (15.95%)
Processed    40000/   79908 entries, 50.06% (elapsed time   907.5s, curr speed    0.044 kHz, avg speed    0.044 kHz), accepted     6291/   40001 events (15.73%)
Processed    50000/   79908 entries, 62.57% (elapsed time  1088.8s, curr speed    0.055 kHz, avg speed    0.046 kHz), accepted     7848/   50001 events (15.70%)
Processed    60000/   79908 entries, 75.09% (elapsed time  1311.6s, curr speed    0.045 kHz, avg speed    0.046 kHz), accepted     9472/   60001 events (15.79%)
Processed    70000/   79908 entries, 87.60% (elapsed time  1546.7s, curr speed    0.043 kHz, avg speed    0.045 kHz), accepted    11066/   70001 events (15.81%)
Processed 79908 preselected entries from root://cms-xrd-global.cern.ch//store/mc/Run3Summer22NanoAODv12/Zto2Nu-4Jets_HT-100to200_TuneCP5_13p6TeV_madgraphMLM-pythia8/NANOAODSIM/130X_mcRun3_2022_realistic_v5-v2/2520000/2ee90831-a789-4dcc-8085-5d89b886aade.root (79908 entries). Finally selected 12607 entries
Done ./2ee90831-a789-4dcc-8085-5d89b886aade_Skim.root
Total time 2152.2 sec. to process 79908 events. Rate = 37.1 Hz.
DONE
/tmp/lfavilla/ZJetsToNuNu_HT100to200_2022/file235
hadd Target file: tree_hadd_235.root
hadd compression setting for all output: 1
hadd Source file 1: tree.root
hadd Source file 2: hist.root
hadd Target path: tree_hadd_235.root:/
hadd Target path: tree_hadd_235.root:/plots
/tmp/lfavilla/ZJetsToNuNu_HT100to200_2022/file235
