Standalone environment set.
/tmp/lfavilla/ZJetsToNuNu_HT100to200_2022/file88
hadd Target file: tree.root
hadd compression setting for all output: 1
hadd Source file 1: ./60359b7f-7c59-4399-afb3-c9d304efea84_Skim.root
hadd Sources and Target have different compression levels
hadd merging will be slower
hadd Target path: tree.root:/
Will write selected trees to .
Pre-select 171937 entries out of 171937 (100.00%)
Processed    10000/  171937 entries,  5.82% (elapsed time   233.6s, curr speed    0.043 kHz, avg speed    0.043 kHz), accepted     1625/   10001 events (16.25%)
Processed    20000/  171937 entries, 11.63% (elapsed time   437.7s, curr speed    0.049 kHz, avg speed    0.046 kHz), accepted     3223/   20001 events (16.11%)
Processed    30000/  171937 entries, 17.45% (elapsed time   587.1s, curr speed    0.067 kHz, avg speed    0.051 kHz), accepted     4760/   30001 events (15.87%)
Processed    40000/  171937 entries, 23.26% (elapsed time   795.6s, curr speed    0.048 kHz, avg speed    0.050 kHz), accepted     6278/   40001 events (15.69%)
Processed    50000/  171937 entries, 29.08% (elapsed time   966.7s, curr speed    0.058 kHz, avg speed    0.052 kHz), accepted     7806/   50001 events (15.61%)
Processed    60000/  171937 entries, 34.90% (elapsed time  1155.3s, curr speed    0.053 kHz, avg speed    0.052 kHz), accepted     9335/   60001 events (15.56%)
Processed    70000/  171937 entries, 40.71% (elapsed time  1370.9s, curr speed    0.046 kHz, avg speed    0.051 kHz), accepted    10946/   70001 events (15.64%)
Processed    80000/  171937 entries, 46.53% (elapsed time  1516.9s, curr speed    0.068 kHz, avg speed    0.053 kHz), accepted    12452/   80001 events (15.56%)
Processed    90000/  171937 entries, 52.34% (elapsed time  1728.9s, curr speed    0.047 kHz, avg speed    0.052 kHz), accepted    14032/   90001 events (15.59%)
Processed   100000/  171937 entries, 58.16% (elapsed time  1893.6s, curr speed    0.061 kHz, avg speed    0.053 kHz), accepted    15566/  100001 events (15.57%)
Processed   110000/  171937 entries, 63.98% (elapsed time  2113.0s, curr speed    0.046 kHz, avg speed    0.052 kHz), accepted    17165/  110001 events (15.60%)
Processed   120000/  171937 entries, 69.79% (elapsed time  2343.4s, curr speed    0.043 kHz, avg speed    0.051 kHz), accepted    18748/  120001 events (15.62%)
Processed   130000/  171937 entries, 75.61% (elapsed time  2524.2s, curr speed    0.055 kHz, avg speed    0.052 kHz), accepted    20266/  130001 events (15.59%)
Processed   140000/  171937 entries, 81.43% (elapsed time  2769.7s, curr speed    0.041 kHz, avg speed    0.051 kHz), accepted    21784/  140001 events (15.56%)
Processed   150000/  171937 entries, 87.24% (elapsed time  2976.0s, curr speed    0.048 kHz, avg speed    0.050 kHz), accepted    23284/  150001 events (15.52%)
Processed   160000/  171937 entries, 93.06% (elapsed time  3215.3s, curr speed    0.042 kHz, avg speed    0.050 kHz), accepted    24817/  160001 events (15.51%)
Processed   170000/  171937 entries, 98.87% (elapsed time  3468.6s, curr speed    0.039 kHz, avg speed    0.049 kHz), accepted    26381/  170001 events (15.52%)
Processed 171937 preselected entries from root://cms-xrd-global.cern.ch//store/mc/Run3Summer22NanoAODv12/Zto2Nu-4Jets_HT-100to200_TuneCP5_13p6TeV_madgraphMLM-pythia8/NANOAODSIM/130X_mcRun3_2022_realistic_v5-v2/2530000/60359b7f-7c59-4399-afb3-c9d304efea84.root (171937 entries). Finally selected 26672 entries
Done ./60359b7f-7c59-4399-afb3-c9d304efea84_Skim.root
Total time 3531.4 sec. to process 171937 events. Rate = 48.7 Hz.
DONE
/tmp/lfavilla/ZJetsToNuNu_HT100to200_2022/file88
hadd Target file: tree_hadd_88.root
hadd compression setting for all output: 1
hadd Source file 1: tree.root
hadd Source file 2: hist.root
hadd Target path: tree_hadd_88.root:/
hadd Target path: tree_hadd_88.root:/plots
/tmp/lfavilla/ZJetsToNuNu_HT100to200_2022/file88
