Standalone environment set.
/tmp/lfavilla/ZJetsToNuNu_HT100to200_2022/file214
hadd Target file: tree.root
hadd compression setting for all output: 1
hadd Source file 1: ./6fdfac83-f0ad-47d1-a1ad-43b737b10d49_Skim.root
hadd Sources and Target have different compression levels
hadd merging will be slower
hadd Target path: tree.root:/
Will write selected trees to .
Pre-select 85948 entries out of 85948 (100.00%)
Processed    10000/   85948 entries, 11.63% (elapsed time   320.3s, curr speed    0.031 kHz, avg speed    0.031 kHz), accepted     1588/   10001 events (15.88%)
Processed    20000/   85948 entries, 23.27% (elapsed time   614.9s, curr speed    0.034 kHz, avg speed    0.033 kHz), accepted     3090/   20001 events (15.45%)
Processed    30000/   85948 entries, 34.90% (elapsed time   855.2s, curr speed    0.042 kHz, avg speed    0.035 kHz), accepted     4618/   30001 events (15.39%)
Processed    40000/   85948 entries, 46.54% (elapsed time  1180.8s, curr speed    0.031 kHz, avg speed    0.034 kHz), accepted     6137/   40001 events (15.34%)
Processed    50000/   85948 entries, 58.17% (elapsed time  1437.6s, curr speed    0.039 kHz, avg speed    0.035 kHz), accepted     7652/   50001 events (15.30%)
Processed    60000/   85948 entries, 69.81% (elapsed time  1747.4s, curr speed    0.032 kHz, avg speed    0.034 kHz), accepted     9204/   60001 events (15.34%)
Processed    70000/   85948 entries, 81.44% (elapsed time  2082.1s, curr speed    0.030 kHz, avg speed    0.034 kHz), accepted    10747/   70001 events (15.35%)
Processed    80000/   85948 entries, 93.08% (elapsed time  2350.6s, curr speed    0.037 kHz, avg speed    0.034 kHz), accepted    12301/   80001 events (15.38%)
Processed 85948 preselected entries from root://cms-xrd-global.cern.ch//store/mc/Run3Summer22NanoAODv12/Zto2Nu-4Jets_HT-100to200_TuneCP5_13p6TeV_madgraphMLM-pythia8/NANOAODSIM/130X_mcRun3_2022_realistic_v5-v2/2520000/6fdfac83-f0ad-47d1-a1ad-43b737b10d49.root (85948 entries). Finally selected 13235 entries
Done ./6fdfac83-f0ad-47d1-a1ad-43b737b10d49_Skim.root
Total time 2592.1 sec. to process 85948 events. Rate = 33.2 Hz.
DONE
/tmp/lfavilla/ZJetsToNuNu_HT100to200_2022/file214
hadd Target file: tree_hadd_214.root
hadd compression setting for all output: 1
hadd Source file 1: tree.root
hadd Source file 2: hist.root
hadd Target path: tree_hadd_214.root:/
hadd Target path: tree_hadd_214.root:/plots
/tmp/lfavilla/ZJetsToNuNu_HT100to200_2022/file214
