Standalone environment set.
/tmp/lfavilla/ZJetsToNuNu_HT100to200_2022/file130
hadd Target file: tree.root
hadd compression setting for all output: 1
hadd Source file 1: ./fed9d65a-ffb0-4166-9349-fd8e0b982e09_Skim.root
hadd Sources and Target have different compression levels
hadd merging will be slower
hadd Target path: tree.root:/
Will write selected trees to .
Pre-select 173392 entries out of 173392 (100.00%)
Processed    10000/  173392 entries,  5.77% (elapsed time   259.8s, curr speed    0.038 kHz, avg speed    0.038 kHz), accepted     1508/   10001 events (15.08%)
Processed    20000/  173392 entries, 11.53% (elapsed time   486.9s, curr speed    0.044 kHz, avg speed    0.041 kHz), accepted     3007/   20001 events (15.03%)
Processed    30000/  173392 entries, 17.30% (elapsed time   701.2s, curr speed    0.047 kHz, avg speed    0.043 kHz), accepted     4625/   30001 events (15.42%)
Processed    40000/  173392 entries, 23.07% (elapsed time   939.7s, curr speed    0.042 kHz, avg speed    0.043 kHz), accepted     6171/   40001 events (15.43%)
Processed    50000/  173392 entries, 28.84% (elapsed time  1167.5s, curr speed    0.044 kHz, avg speed    0.043 kHz), accepted     7735/   50001 events (15.47%)
Processed    60000/  173392 entries, 34.60% (elapsed time  1404.3s, curr speed    0.042 kHz, avg speed    0.043 kHz), accepted     9245/   60001 events (15.41%)
Processed    70000/  173392 entries, 40.37% (elapsed time  1656.2s, curr speed    0.040 kHz, avg speed    0.042 kHz), accepted    10830/   70001 events (15.47%)
Processed    80000/  173392 entries, 46.14% (elapsed time  1842.8s, curr speed    0.054 kHz, avg speed    0.043 kHz), accepted    12390/   80001 events (15.49%)
Processed    90000/  173392 entries, 51.91% (elapsed time  2106.8s, curr speed    0.038 kHz, avg speed    0.043 kHz), accepted    13920/   90001 events (15.47%)
Processed   100000/  173392 entries, 57.67% (elapsed time  2312.6s, curr speed    0.049 kHz, avg speed    0.043 kHz), accepted    15459/  100001 events (15.46%)
Processed   110000/  173392 entries, 63.44% (elapsed time  2597.1s, curr speed    0.035 kHz, avg speed    0.042 kHz), accepted    17049/  110001 events (15.50%)
Processed   120000/  173392 entries, 69.21% (elapsed time  2809.2s, curr speed    0.047 kHz, avg speed    0.043 kHz), accepted    18597/  120001 events (15.50%)
Processed   130000/  173392 entries, 74.97% (elapsed time  3068.3s, curr speed    0.039 kHz, avg speed    0.042 kHz), accepted    20152/  130001 events (15.50%)
Processed   140000/  173392 entries, 80.74% (elapsed time  3338.6s, curr speed    0.037 kHz, avg speed    0.042 kHz), accepted    21692/  140001 events (15.49%)
Processed   150000/  173392 entries, 86.51% (elapsed time  3531.5s, curr speed    0.052 kHz, avg speed    0.042 kHz), accepted    23243/  150001 events (15.50%)
Processed   160000/  173392 entries, 92.28% (elapsed time  3837.3s, curr speed    0.033 kHz, avg speed    0.042 kHz), accepted    24763/  160001 events (15.48%)
Processed   170000/  173392 entries, 98.04% (elapsed time  4088.5s, curr speed    0.040 kHz, avg speed    0.042 kHz), accepted    26374/  170001 events (15.51%)
Processed 173392 preselected entries from root://cms-xrd-global.cern.ch//store/mc/Run3Summer22NanoAODv12/Zto2Nu-4Jets_HT-100to200_TuneCP5_13p6TeV_madgraphMLM-pythia8/NANOAODSIM/130X_mcRun3_2022_realistic_v5-v2/40000/fed9d65a-ffb0-4166-9349-fd8e0b982e09.root (173392 entries). Finally selected 26925 entries
Done ./fed9d65a-ffb0-4166-9349-fd8e0b982e09_Skim.root
Total time 4268.7 sec. to process 173392 events. Rate = 40.6 Hz.
DONE
/tmp/lfavilla/ZJetsToNuNu_HT100to200_2022/file130
hadd Target file: tree_hadd_130.root
hadd compression setting for all output: 1
hadd Source file 1: tree.root
hadd Source file 2: hist.root
hadd Target path: tree_hadd_130.root:/
hadd Target path: tree_hadd_130.root:/plots
/tmp/lfavilla/ZJetsToNuNu_HT100to200_2022/file130
