Standalone environment set.
/tmp/lfavilla/ZJetsToNuNu_HT100to200_2022/file3
hadd Target file: tree.root
hadd compression setting for all output: 1
hadd Source file 1: ./cc87b584-67c7-495c-99ae-cf3547874bd0_Skim.root
hadd Sources and Target have different compression levels
hadd merging will be slower
hadd Target path: tree.root:/
Will write selected trees to .
Pre-select 3513 entries out of 3513 (100.00%)
Processed 3513 preselected entries from root://cms-xrd-global.cern.ch//store/mc/Run3Summer22NanoAODv12/Zto2Nu-4Jets_HT-100to200_TuneCP5_13p6TeV_madgraphMLM-pythia8/NANOAODSIM/130X_mcRun3_2022_realistic_v5-v2/2530000/cc87b584-67c7-495c-99ae-cf3547874bd0.root (3513 entries). Finally selected 572 entries
Done ./cc87b584-67c7-495c-99ae-cf3547874bd0_Skim.root
Total time 121.2 sec. to process 3513 events. Rate = 29.0 Hz.
DONE
/tmp/lfavilla/ZJetsToNuNu_HT100to200_2022/file3
hadd Target file: tree_hadd_3.root
hadd compression setting for all output: 1
hadd Source file 1: tree.root
hadd Source file 2: hist.root
hadd Target path: tree_hadd_3.root:/
hadd Target path: tree_hadd_3.root:/plots
/tmp/lfavilla/ZJetsToNuNu_HT100to200_2022/file3
