Standalone environment set.
/tmp/lfavilla/ZJetsToNuNu_HT100to200_2022/file196
hadd Target file: tree.root
hadd compression setting for all output: 1
hadd Source file 1: ./9c5c2478-6d4a-4a3c-a626-b8e3bf26d9b4_Skim.root
hadd Sources and Target have different compression levels
hadd merging will be slower
hadd Target path: tree.root:/
Will write selected trees to .
Pre-select 125218 entries out of 125218 (100.00%)
Processed    10000/  125218 entries,  7.99% (elapsed time   263.8s, curr speed    0.038 kHz, avg speed    0.038 kHz), accepted     1554/   10001 events (15.54%)
Processed    20000/  125218 entries, 15.97% (elapsed time   492.1s, curr speed    0.044 kHz, avg speed    0.041 kHz), accepted     3104/   20001 events (15.52%)
Processed    30000/  125218 entries, 23.96% (elapsed time   659.4s, curr speed    0.060 kHz, avg speed    0.045 kHz), accepted     4612/   30001 events (15.37%)
Processed    40000/  125218 entries, 31.94% (elapsed time   916.4s, curr speed    0.039 kHz, avg speed    0.044 kHz), accepted     6203/   40001 events (15.51%)
Processed    50000/  125218 entries, 39.93% (elapsed time  1112.7s, curr speed    0.051 kHz, avg speed    0.045 kHz), accepted     7754/   50001 events (15.51%)
Processed    60000/  125218 entries, 47.92% (elapsed time  1351.2s, curr speed    0.042 kHz, avg speed    0.044 kHz), accepted     9285/   60001 events (15.47%)
Processed    70000/  125218 entries, 55.90% (elapsed time  1605.6s, curr speed    0.039 kHz, avg speed    0.044 kHz), accepted    10775/   70001 events (15.39%)
Processed    80000/  125218 entries, 63.89% (elapsed time  1792.3s, curr speed    0.054 kHz, avg speed    0.045 kHz), accepted    12325/   80001 events (15.41%)
Processed    90000/  125218 entries, 71.87% (elapsed time  2037.9s, curr speed    0.041 kHz, avg speed    0.044 kHz), accepted    13875/   90001 events (15.42%)
Processed   100000/  125218 entries, 79.86% (elapsed time  2230.3s, curr speed    0.052 kHz, avg speed    0.045 kHz), accepted    15447/  100001 events (15.45%)
Processed   110000/  125218 entries, 87.85% (elapsed time  2492.5s, curr speed    0.038 kHz, avg speed    0.044 kHz), accepted    16972/  110001 events (15.43%)
Processed   120000/  125218 entries, 95.83% (elapsed time  2742.6s, curr speed    0.040 kHz, avg speed    0.044 kHz), accepted    18504/  120001 events (15.42%)
Processed 125218 preselected entries from root://cms-xrd-global.cern.ch//store/mc/Run3Summer22NanoAODv12/Zto2Nu-4Jets_HT-100to200_TuneCP5_13p6TeV_madgraphMLM-pythia8/NANOAODSIM/130X_mcRun3_2022_realistic_v5-v2/40000/9c5c2478-6d4a-4a3c-a626-b8e3bf26d9b4.root (125218 entries). Finally selected 19327 entries
Done ./9c5c2478-6d4a-4a3c-a626-b8e3bf26d9b4_Skim.root
Total time 2854.4 sec. to process 125218 events. Rate = 43.9 Hz.
DONE
/tmp/lfavilla/ZJetsToNuNu_HT100to200_2022/file196
hadd Target file: tree_hadd_196.root
hadd compression setting for all output: 1
hadd Source file 1: tree.root
hadd Source file 2: hist.root
hadd Target path: tree_hadd_196.root:/
hadd Target path: tree_hadd_196.root:/plots
/tmp/lfavilla/ZJetsToNuNu_HT100to200_2022/file196
