Standalone environment set.
/tmp/lfavilla/ZJetsToNuNu_HT100to200_2022/file152
hadd Target file: tree.root
hadd compression setting for all output: 1
hadd Source file 1: ./613d409c-9e85-4888-bb22-4e5d399a44e2_Skim.root
hadd Sources and Target have different compression levels
hadd merging will be slower
hadd Target path: tree.root:/
Will write selected trees to .
Pre-select 170424 entries out of 170424 (100.00%)
Processed    10000/  170424 entries,  5.87% (elapsed time   257.5s, curr speed    0.039 kHz, avg speed    0.039 kHz), accepted     1540/   10001 events (15.40%)
Processed    20000/  170424 entries, 11.74% (elapsed time   503.6s, curr speed    0.041 kHz, avg speed    0.040 kHz), accepted     3128/   20001 events (15.64%)
Processed    30000/  170424 entries, 17.60% (elapsed time   677.9s, curr speed    0.057 kHz, avg speed    0.044 kHz), accepted     4676/   30001 events (15.59%)
Processed    40000/  170424 entries, 23.47% (elapsed time   912.9s, curr speed    0.043 kHz, avg speed    0.044 kHz), accepted     6177/   40001 events (15.44%)
Processed    50000/  170424 entries, 29.34% (elapsed time  1104.5s, curr speed    0.052 kHz, avg speed    0.045 kHz), accepted     7764/   50001 events (15.53%)
Processed    60000/  170424 entries, 35.21% (elapsed time  1341.7s, curr speed    0.042 kHz, avg speed    0.045 kHz), accepted     9359/   60001 events (15.60%)
Processed    70000/  170424 entries, 41.07% (elapsed time  1593.3s, curr speed    0.040 kHz, avg speed    0.044 kHz), accepted    10992/   70001 events (15.70%)
Processed    80000/  170424 entries, 46.94% (elapsed time  1782.8s, curr speed    0.053 kHz, avg speed    0.045 kHz), accepted    12606/   80001 events (15.76%)
Processed    90000/  170424 entries, 52.81% (elapsed time  2018.4s, curr speed    0.042 kHz, avg speed    0.045 kHz), accepted    14140/   90001 events (15.71%)
Processed   100000/  170424 entries, 58.68% (elapsed time  2218.5s, curr speed    0.050 kHz, avg speed    0.045 kHz), accepted    15665/  100001 events (15.66%)
Processed   110000/  170424 entries, 64.54% (elapsed time  2461.7s, curr speed    0.041 kHz, avg speed    0.045 kHz), accepted    17214/  110001 events (15.65%)
Processed   120000/  170424 entries, 70.41% (elapsed time  2722.9s, curr speed    0.038 kHz, avg speed    0.044 kHz), accepted    18716/  120001 events (15.60%)
Processed   130000/  170424 entries, 76.28% (elapsed time  2917.6s, curr speed    0.051 kHz, avg speed    0.045 kHz), accepted    20269/  130001 events (15.59%)
Processed   140000/  170424 entries, 82.15% (elapsed time  3181.7s, curr speed    0.038 kHz, avg speed    0.044 kHz), accepted    21903/  140001 events (15.64%)
Processed   150000/  170424 entries, 88.02% (elapsed time  3385.1s, curr speed    0.049 kHz, avg speed    0.044 kHz), accepted    23470/  150001 events (15.65%)
Processed   160000/  170424 entries, 93.88% (elapsed time  3638.2s, curr speed    0.040 kHz, avg speed    0.044 kHz), accepted    25015/  160001 events (15.63%)
Processed   170000/  170424 entries, 99.75% (elapsed time  3895.6s, curr speed    0.039 kHz, avg speed    0.044 kHz), accepted    26571/  170001 events (15.63%)
Processed 170424 preselected entries from root://cms-xrd-global.cern.ch//store/mc/Run3Summer22NanoAODv12/Zto2Nu-4Jets_HT-100to200_TuneCP5_13p6TeV_madgraphMLM-pythia8/NANOAODSIM/130X_mcRun3_2022_realistic_v5-v2/2530000/613d409c-9e85-4888-bb22-4e5d399a44e2.root (170424 entries). Finally selected 26643 entries
Done ./613d409c-9e85-4888-bb22-4e5d399a44e2_Skim.root
Total time 3973.3 sec. to process 170424 events. Rate = 42.9 Hz.
DONE
/tmp/lfavilla/ZJetsToNuNu_HT100to200_2022/file152
hadd Target file: tree_hadd_152.root
hadd compression setting for all output: 1
hadd Source file 1: tree.root
hadd Source file 2: hist.root
hadd Target path: tree_hadd_152.root:/
hadd Target path: tree_hadd_152.root:/plots
/tmp/lfavilla/ZJetsToNuNu_HT100to200_2022/file152
