Standalone environment set.
/tmp/lfavilla/ZJetsToNuNu_HT100to200_2022/file242
hadd Target file: tree.root
hadd compression setting for all output: 1
hadd Source file 1: ./fd1f7141-b0c7-4b24-9461-627cde23354c_Skim.root
hadd Sources and Target have different compression levels
hadd merging will be slower
hadd Target path: tree.root:/
Will write selected trees to .
Pre-select 2139 entries out of 2139 (100.00%)
Processed 2139 preselected entries from root://cms-xrd-global.cern.ch//store/mc/Run3Summer22NanoAODv12/Zto2Nu-4Jets_HT-100to200_TuneCP5_13p6TeV_madgraphMLM-pythia8/NANOAODSIM/130X_mcRun3_2022_realistic_v5-v2/2520000/fd1f7141-b0c7-4b24-9461-627cde23354c.root (2139 entries). Finally selected 327 entries
Done ./fd1f7141-b0c7-4b24-9461-627cde23354c_Skim.root
Total time 113.9 sec. to process 2139 events. Rate = 18.8 Hz.
DONE
/tmp/lfavilla/ZJetsToNuNu_HT100to200_2022/file242
hadd Target file: tree_hadd_242.root
hadd compression setting for all output: 1
hadd Source file 1: tree.root
hadd Source file 2: hist.root
hadd Target path: tree_hadd_242.root:/
hadd Target path: tree_hadd_242.root:/plots
/tmp/lfavilla/ZJetsToNuNu_HT100to200_2022/file242
