Standalone environment set.
/tmp/lfavilla/ZJetsToNuNu_HT100to200_2022/file87
hadd Target file: tree.root
hadd compression setting for all output: 1
hadd Source file 1: ./72708e13-0e67-4913-8e78-23ebcda0ba30_Skim.root
hadd Sources and Target have different compression levels
hadd merging will be slower
hadd Target path: tree.root:/
Will write selected trees to .
Pre-select 172280 entries out of 172280 (100.00%)
Processed    10000/  172280 entries,  5.80% (elapsed time   282.5s, curr speed    0.035 kHz, avg speed    0.035 kHz), accepted     1600/   10001 events (16.00%)
Processed    20000/  172280 entries, 11.61% (elapsed time   487.5s, curr speed    0.049 kHz, avg speed    0.041 kHz), accepted     3115/   20001 events (15.57%)
Processed    30000/  172280 entries, 17.41% (elapsed time   636.0s, curr speed    0.067 kHz, avg speed    0.047 kHz), accepted     4646/   30001 events (15.49%)
Processed    40000/  172280 entries, 23.22% (elapsed time   832.2s, curr speed    0.051 kHz, avg speed    0.048 kHz), accepted     6257/   40001 events (15.64%)
Processed    50000/  172280 entries, 29.02% (elapsed time  1025.4s, curr speed    0.052 kHz, avg speed    0.049 kHz), accepted     7815/   50001 events (15.63%)
Processed    60000/  172280 entries, 34.83% (elapsed time  1227.7s, curr speed    0.049 kHz, avg speed    0.049 kHz), accepted     9322/   60001 events (15.54%)
Processed    70000/  172280 entries, 40.63% (elapsed time  1427.3s, curr speed    0.050 kHz, avg speed    0.049 kHz), accepted    10862/   70001 events (15.52%)
Processed    80000/  172280 entries, 46.44% (elapsed time  1569.1s, curr speed    0.071 kHz, avg speed    0.051 kHz), accepted    12396/   80001 events (15.49%)
Processed    90000/  172280 entries, 52.24% (elapsed time  1760.0s, curr speed    0.052 kHz, avg speed    0.051 kHz), accepted    13962/   90001 events (15.51%)
Processed   100000/  172280 entries, 58.05% (elapsed time  1903.6s, curr speed    0.070 kHz, avg speed    0.053 kHz), accepted    15452/  100001 events (15.45%)
Processed   110000/  172280 entries, 63.85% (elapsed time  2102.5s, curr speed    0.050 kHz, avg speed    0.052 kHz), accepted    17019/  110001 events (15.47%)
Processed   120000/  172280 entries, 69.65% (elapsed time  2253.4s, curr speed    0.066 kHz, avg speed    0.053 kHz), accepted    18596/  120001 events (15.50%)
Processed   130000/  172280 entries, 75.46% (elapsed time  2446.0s, curr speed    0.052 kHz, avg speed    0.053 kHz), accepted    20131/  130001 events (15.49%)
Processed   140000/  172280 entries, 81.26% (elapsed time  2646.1s, curr speed    0.050 kHz, avg speed    0.053 kHz), accepted    21682/  140001 events (15.49%)
Processed   150000/  172280 entries, 87.07% (elapsed time  2790.7s, curr speed    0.069 kHz, avg speed    0.054 kHz), accepted    23229/  150001 events (15.49%)
Processed   160000/  172280 entries, 92.87% (elapsed time  2984.2s, curr speed    0.052 kHz, avg speed    0.054 kHz), accepted    24782/  160001 events (15.49%)
Processed   170000/  172280 entries, 98.68% (elapsed time  3149.5s, curr speed    0.061 kHz, avg speed    0.054 kHz), accepted    26287/  170001 events (15.46%)
Processed 172280 preselected entries from root://cms-xrd-global.cern.ch//store/mc/Run3Summer22NanoAODv12/Zto2Nu-4Jets_HT-100to200_TuneCP5_13p6TeV_madgraphMLM-pythia8/NANOAODSIM/130X_mcRun3_2022_realistic_v5-v2/2530000/72708e13-0e67-4913-8e78-23ebcda0ba30.root (172280 entries). Finally selected 26675 entries
Done ./72708e13-0e67-4913-8e78-23ebcda0ba30_Skim.root
Total time 3270.6 sec. to process 172280 events. Rate = 52.7 Hz.
DONE
/tmp/lfavilla/ZJetsToNuNu_HT100to200_2022/file87
hadd Target file: tree_hadd_87.root
hadd compression setting for all output: 1
hadd Source file 1: tree.root
hadd Source file 2: hist.root
hadd Target path: tree_hadd_87.root:/
hadd Target path: tree_hadd_87.root:/plots
/tmp/lfavilla/ZJetsToNuNu_HT100to200_2022/file87
