Standalone environment set.
/tmp/lfavilla/ZJetsToNuNu_HT100to200_2022/file190
hadd Target file: tree.root
hadd compression setting for all output: 1
hadd Source file 1: ./eebef971-2993-403f-903f-d7100b0d583d_Skim.root
hadd Sources and Target have different compression levels
hadd merging will be slower
hadd Target path: tree.root:/
Will write selected trees to .
Pre-select 124391 entries out of 124391 (100.00%)
Processed    10000/  124391 entries,  8.04% (elapsed time   232.0s, curr speed    0.043 kHz, avg speed    0.043 kHz), accepted     1554/   10001 events (15.54%)
Processed    20000/  124391 entries, 16.08% (elapsed time   458.0s, curr speed    0.044 kHz, avg speed    0.044 kHz), accepted     3112/   20001 events (15.56%)
Processed    30000/  124391 entries, 24.12% (elapsed time   609.1s, curr speed    0.066 kHz, avg speed    0.049 kHz), accepted     4648/   30001 events (15.49%)
Processed    40000/  124391 entries, 32.16% (elapsed time   802.2s, curr speed    0.052 kHz, avg speed    0.050 kHz), accepted     6161/   40001 events (15.40%)
Processed    50000/  124391 entries, 40.20% (elapsed time   966.9s, curr speed    0.061 kHz, avg speed    0.052 kHz), accepted     7719/   50001 events (15.44%)
Processed    60000/  124391 entries, 48.24% (elapsed time  1160.3s, curr speed    0.052 kHz, avg speed    0.052 kHz), accepted     9287/   60001 events (15.48%)
Processed    70000/  124391 entries, 56.27% (elapsed time  1358.3s, curr speed    0.050 kHz, avg speed    0.052 kHz), accepted    10798/   70001 events (15.43%)
Processed    80000/  124391 entries, 64.31% (elapsed time  1509.4s, curr speed    0.066 kHz, avg speed    0.053 kHz), accepted    12400/   80001 events (15.50%)
Processed    90000/  124391 entries, 72.35% (elapsed time  1712.5s, curr speed    0.049 kHz, avg speed    0.053 kHz), accepted    13958/   90001 events (15.51%)
Processed   100000/  124391 entries, 80.39% (elapsed time  1866.0s, curr speed    0.065 kHz, avg speed    0.054 kHz), accepted    15516/  100001 events (15.52%)
Processed   110000/  124391 entries, 88.43% (elapsed time  2048.9s, curr speed    0.055 kHz, avg speed    0.054 kHz), accepted    17036/  110001 events (15.49%)
Processed   120000/  124391 entries, 96.47% (elapsed time  2260.0s, curr speed    0.047 kHz, avg speed    0.053 kHz), accepted    18582/  120001 events (15.48%)
Processed 124391 preselected entries from root://cms-xrd-global.cern.ch//store/mc/Run3Summer22NanoAODv12/Zto2Nu-4Jets_HT-100to200_TuneCP5_13p6TeV_madgraphMLM-pythia8/NANOAODSIM/130X_mcRun3_2022_realistic_v5-v2/40000/eebef971-2993-403f-903f-d7100b0d583d.root (124391 entries). Finally selected 19285 entries
Done ./eebef971-2993-403f-903f-d7100b0d583d_Skim.root
Total time 2346.1 sec. to process 124391 events. Rate = 53.0 Hz.
DONE
/tmp/lfavilla/ZJetsToNuNu_HT100to200_2022/file190
hadd Target file: tree_hadd_190.root
hadd compression setting for all output: 1
hadd Source file 1: tree.root
hadd Source file 2: hist.root
hadd Target path: tree_hadd_190.root:/
hadd Target path: tree_hadd_190.root:/plots
/tmp/lfavilla/ZJetsToNuNu_HT100to200_2022/file190
