000 (13690008.000.000) 03/10 16:07:38 Job submitted from host: <137.138.120.116:9618?addrs=137.138.120.116-9618+[2001-1458-d00-16--17b]-9618&alias=bigbird12.cern.ch&noUDP&sock=schedd_5055_e355>
...
040 (13690008.000.000) 03/10 16:45:15 Started transferring input files
	Transferring to host: <128.142.132.113:9618?addrs=128.142.132.113-9618+[2001-1458-301-5a--100-65]-9618&alias=b9g12p6271.cern.ch&noUDP&sock=slot1_37_1182331_e5e8_88768>
...
040 (13690008.000.000) 03/10 16:45:15 Finished transferring input files
...
001 (13690008.000.000) 03/10 16:45:16 Job executing on host: <128.142.132.113:9618?addrs=128.142.132.113-9618+[2001-1458-301-5a--100-65]-9618&alias=b9g12p6271.cern.ch&noUDP&sock=startd_2432_ba6a>
	SlotName: slot1_37@b9g12p6271.cern.ch
	CondorScratchDir = "/pool/condor/dir_364391"
	Cpus = 1
	Disk = 2711
	GPUs = 0
	Memory = 3000
...
006 (13690008.000.000) 03/10 16:45:25 Image size of job updated: 1808
	2  -  MemoryUsage of job (MB)
	1808  -  ResidentSetSize of job (KB)
...
006 (13690008.000.000) 03/10 16:50:26 Image size of job updated: 1880988
	1837  -  MemoryUsage of job (MB)
	1880988  -  ResidentSetSize of job (KB)
...
040 (13690008.000.000) 03/10 16:53:56 Started transferring output files
...
040 (13690008.000.000) 03/10 16:53:56 Finished transferring output files
...
005 (13690008.000.000) 03/10 16:53:56 Job terminated.
	(1) Normal termination (return value 0)
		Usr 0 00:06:34, Sys 0 00:00:11  -  Run Remote Usage
		Usr 0 00:00:00, Sys 0 00:00:00  -  Run Local Usage
		Usr 0 00:06:34, Sys 0 00:00:11  -  Total Remote Usage
		Usr 0 00:00:00, Sys 0 00:00:00  -  Total Local Usage
	2922  -  Run Bytes Sent By Job
	11040  -  Run Bytes Received By Job
	2922  -  Total Bytes Sent By Job
	11040  -  Total Bytes Received By Job
	Partitionable Resources :    Usage  Request Allocated 
	   Cpus                 :        0        1         1 
	   Disk (KB)            :    53751       12      2711 
	   GPUs                 :                           0 
	   Memory (MB)          :     1837     3000      3000 

	Job terminated of its own accord at 2025-03-10T15:53:56Z with exit-code 0.
...
