000 (13690072.000.000) 03/10 16:08:41 Job submitted from host: <137.138.120.116:9618?addrs=137.138.120.116-9618+[2001-1458-d00-16--17b]-9618&alias=bigbird12.cern.ch&noUDP&sock=schedd_5055_e355>
...
040 (13690072.000.000) 03/10 16:45:36 Started transferring input files
	Transferring to host: <128.142.130.33:9618?addrs=128.142.130.33-9618+[2001-1458-301-58--100-15]-9618&alias=b9g20p3833.cern.ch&noUDP&sock=slot1_26_2770_772a_24130>
...
040 (13690072.000.000) 03/10 16:45:36 Finished transferring input files
...
001 (13690072.000.000) 03/10 16:45:37 Job executing on host: <128.142.130.33:9618?addrs=128.142.130.33-9618+[2001-1458-301-58--100-15]-9618&alias=b9g20p3833.cern.ch&noUDP&sock=startd_2423_8e10>
	SlotName: slot1_26@b9g20p3833.cern.ch
	CondorScratchDir = "/pool/condor/dir_1232192"
	Cpus = 1
	Disk = 2648
	GPUs = 0
	Memory = 3000
...
006 (13690072.000.000) 03/10 16:45:51 Image size of job updated: 960
	1  -  MemoryUsage of job (MB)
	960  -  ResidentSetSize of job (KB)
...
006 (13690072.000.000) 03/10 16:50:52 Image size of job updated: 769656
	752  -  MemoryUsage of job (MB)
	769656  -  ResidentSetSize of job (KB)
...
006 (13690072.000.000) 03/10 16:55:52 Image size of job updated: 867344
	848  -  MemoryUsage of job (MB)
	867344  -  ResidentSetSize of job (KB)
...
006 (13690072.000.000) 03/10 17:00:53 Image size of job updated: 954016
	932  -  MemoryUsage of job (MB)
	954016  -  ResidentSetSize of job (KB)
...
006 (13690072.000.000) 03/10 17:05:54 Image size of job updated: 1134928
	1109  -  MemoryUsage of job (MB)
	1134928  -  ResidentSetSize of job (KB)
...
006 (13690072.000.000) 03/10 17:06:31 Image size of job updated: 1349244
	1109  -  MemoryUsage of job (MB)
	1134928  -  ResidentSetSize of job (KB)
...
040 (13690072.000.000) 03/10 17:06:31 Started transferring output files
...
040 (13690072.000.000) 03/10 17:06:31 Finished transferring output files
...
005 (13690072.000.000) 03/10 17:06:31 Job terminated.
	(1) Normal termination (return value 0)
		Usr 0 00:18:02, Sys 0 00:00:15  -  Run Remote Usage
		Usr 0 00:00:00, Sys 0 00:00:00  -  Run Local Usage
		Usr 0 00:18:02, Sys 0 00:00:15  -  Total Remote Usage
		Usr 0 00:00:00, Sys 0 00:00:00  -  Total Local Usage
	2984  -  Run Bytes Sent By Job
	11046  -  Run Bytes Received By Job
	2984  -  Total Bytes Sent By Job
	11046  -  Total Bytes Received By Job
	Partitionable Resources :     Usage  Request Allocated 
	   Cpus                 :      0.71        1         1 
	   Disk (KB)            : 153646          12      2648 
	   GPUs                 :                            0 
	   Memory (MB)          :   1109        3000      3000 

	Job terminated of its own accord at 2025-03-10T16:06:31Z with exit-code 0.
...
