000 (13690055.000.000) 03/10 16:08:27 Job submitted from host: <137.138.120.116:9618?addrs=137.138.120.116-9618+[2001-1458-d00-16--17b]-9618&alias=bigbird12.cern.ch&noUDP&sock=schedd_5055_e355>
...
040 (13690055.000.000) 03/10 16:45:31 Started transferring input files
	Transferring to host: <128.142.132.179:9618?addrs=128.142.132.179-9618+[2001-1458-301-5a--100-a7]-9618&alias=b9g12p2820.cern.ch&noUDP&sock=slot1_1_3467776_a6d1_21913>
...
040 (13690055.000.000) 03/10 16:45:31 Finished transferring input files
...
001 (13690055.000.000) 03/10 16:45:32 Job executing on host: <128.142.132.179:9618?addrs=128.142.132.179-9618+[2001-1458-301-5a--100-a7]-9618&alias=b9g12p2820.cern.ch&noUDP&sock=startd_2414_61b6>
	SlotName: slot1_1@b9g12p2820.cern.ch
	CondorScratchDir = "/pool/condor/dir_3258062"
	Cpus = 1
	Disk = 2617
	GPUs = 0
	Memory = 3000
...
006 (13690055.000.000) 03/10 16:45:41 Image size of job updated: 1804
	2  -  MemoryUsage of job (MB)
	1804  -  ResidentSetSize of job (KB)
...
006 (13690055.000.000) 03/10 16:50:41 Image size of job updated: 1022916
	999  -  MemoryUsage of job (MB)
	1022916  -  ResidentSetSize of job (KB)
...
006 (13690055.000.000) 03/10 16:55:41 Image size of job updated: 1088552
	1064  -  MemoryUsage of job (MB)
	1088552  -  ResidentSetSize of job (KB)
...
006 (13690055.000.000) 03/10 17:00:42 Image size of job updated: 1153920
	1127  -  MemoryUsage of job (MB)
	1153920  -  ResidentSetSize of job (KB)
...
006 (13690055.000.000) 03/10 17:05:43 Image size of job updated: 1199612
	1172  -  MemoryUsage of job (MB)
	1199612  -  ResidentSetSize of job (KB)
...
006 (13690055.000.000) 03/10 17:10:43 Image size of job updated: 1265504
	1236  -  MemoryUsage of job (MB)
	1265504  -  ResidentSetSize of job (KB)
...
006 (13690055.000.000) 03/10 17:15:44 Image size of job updated: 1305648
	1276  -  MemoryUsage of job (MB)
	1305648  -  ResidentSetSize of job (KB)
...
006 (13690055.000.000) 03/10 17:20:45 Image size of job updated: 1349004
	1318  -  MemoryUsage of job (MB)
	1349004  -  ResidentSetSize of job (KB)
...
006 (13690055.000.000) 03/10 17:25:45 Image size of job updated: 1412456
	1380  -  MemoryUsage of job (MB)
	1412456  -  ResidentSetSize of job (KB)
...
006 (13690055.000.000) 03/10 17:30:45 Image size of job updated: 1459300
	1426  -  MemoryUsage of job (MB)
	1459300  -  ResidentSetSize of job (KB)
...
006 (13690055.000.000) 03/10 17:35:46 Image size of job updated: 1496996
	1462  -  MemoryUsage of job (MB)
	1496996  -  ResidentSetSize of job (KB)
...
006 (13690055.000.000) 03/10 17:40:46 Image size of job updated: 1552888
	1517  -  MemoryUsage of job (MB)
	1552888  -  ResidentSetSize of job (KB)
...
006 (13690055.000.000) 03/10 17:45:46 Image size of job updated: 1605180
	1568  -  MemoryUsage of job (MB)
	1605180  -  ResidentSetSize of job (KB)
...
006 (13690055.000.000) 03/10 17:50:48 Image size of job updated: 1647296
	1609  -  MemoryUsage of job (MB)
	1647296  -  ResidentSetSize of job (KB)
...
006 (13690055.000.000) 03/10 17:55:48 Image size of job updated: 1807748
	1766  -  MemoryUsage of job (MB)
	1807748  -  ResidentSetSize of job (KB)
...
040 (13690055.000.000) 03/10 17:57:12 Started transferring output files
...
040 (13690055.000.000) 03/10 17:57:12 Finished transferring output files
...
005 (13690055.000.000) 03/10 17:57:12 Job terminated.
	(1) Normal termination (return value 0)
		Usr 0 00:46:10, Sys 0 00:00:29  -  Run Remote Usage
		Usr 0 00:00:00, Sys 0 00:00:00  -  Run Local Usage
		Usr 0 00:46:10, Sys 0 00:00:29  -  Total Remote Usage
		Usr 0 00:00:00, Sys 0 00:00:00  -  Total Local Usage
	3305  -  Run Bytes Sent By Job
	11046  -  Run Bytes Received By Job
	3305  -  Total Bytes Sent By Job
	11046  -  Total Bytes Received By Job
	Partitionable Resources :     Usage  Request Allocated 
	   Cpus                 :      0.98        1         1 
	   Disk (KB)            : 339197          12      2617 
	   GPUs                 :                            0 
	   Memory (MB)          :   1766        3000      3000 

	Job terminated of its own accord at 2025-03-10T16:57:12Z with exit-code 0.
...
