000 (13690070.000.000) 03/10 16:08:39 Job submitted from host: <137.138.120.116:9618?addrs=137.138.120.116-9618+[2001-1458-d00-16--17b]-9618&alias=bigbird12.cern.ch&noUDP&sock=schedd_5055_e355>
...
040 (13690070.000.000) 03/10 16:45:36 Started transferring input files
	Transferring to host: <128.142.131.107:9618?addrs=128.142.131.107-9618+[2001-1458-301-59--100-5f]-9618&alias=b9g11p8386.cern.ch&noUDP&sock=slot1_18_2701652_fc9f_16526>
...
040 (13690070.000.000) 03/10 16:45:36 Finished transferring input files
...
001 (13690070.000.000) 03/10 16:45:37 Job executing on host: <128.142.131.107:9618?addrs=128.142.131.107-9618+[2001-1458-301-59--100-5f]-9618&alias=b9g11p8386.cern.ch&noUDP&sock=startd_2642_c54e>
	SlotName: slot1_18@b9g11p8386.cern.ch
	CondorScratchDir = "/pool/condor/dir_973301"
	Cpus = 1
	Disk = 2678
	GPUs = 0
	Memory = 3000
...
006 (13690070.000.000) 03/10 16:45:51 Image size of job updated: 1380
	2  -  MemoryUsage of job (MB)
	1380  -  ResidentSetSize of job (KB)
...
006 (13690070.000.000) 03/10 16:50:52 Image size of job updated: 770308
	753  -  MemoryUsage of job (MB)
	770308  -  ResidentSetSize of job (KB)
...
006 (13690070.000.000) 03/10 16:55:53 Image size of job updated: 867920
	848  -  MemoryUsage of job (MB)
	867920  -  ResidentSetSize of job (KB)
...
006 (13690070.000.000) 03/10 17:00:53 Image size of job updated: 943652
	922  -  MemoryUsage of job (MB)
	943652  -  ResidentSetSize of job (KB)
...
006 (13690070.000.000) 03/10 17:05:54 Image size of job updated: 1018360
	995  -  MemoryUsage of job (MB)
	1018360  -  ResidentSetSize of job (KB)
...
006 (13690070.000.000) 03/10 17:10:55 Image size of job updated: 1092784
	1068  -  MemoryUsage of job (MB)
	1092784  -  ResidentSetSize of job (KB)
...
006 (13690070.000.000) 03/10 17:15:55 Image size of job updated: 1166032
	1139  -  MemoryUsage of job (MB)
	1166032  -  ResidentSetSize of job (KB)
...
006 (13690070.000.000) 03/10 17:20:56 Image size of job updated: 1242012
	1213  -  MemoryUsage of job (MB)
	1242012  -  ResidentSetSize of job (KB)
...
006 (13690070.000.000) 03/10 17:25:57 Image size of job updated: 1315260
	1285  -  MemoryUsage of job (MB)
	1315260  -  ResidentSetSize of job (KB)
...
006 (13690070.000.000) 03/10 17:30:57 Image size of job updated: 1385348
	1353  -  MemoryUsage of job (MB)
	1385348  -  ResidentSetSize of job (KB)
...
006 (13690070.000.000) 03/10 17:35:57 Image size of job updated: 1454912
	1421  -  MemoryUsage of job (MB)
	1454912  -  ResidentSetSize of job (KB)
...
006 (13690070.000.000) 03/10 17:40:58 Image size of job updated: 1525060
	1490  -  MemoryUsage of job (MB)
	1525060  -  ResidentSetSize of job (KB)
...
006 (13690070.000.000) 03/10 17:45:58 Image size of job updated: 1595868
	1559  -  MemoryUsage of job (MB)
	1595868  -  ResidentSetSize of job (KB)
...
006 (13690070.000.000) 03/10 17:50:58 Image size of job updated: 1668336
	1630  -  MemoryUsage of job (MB)
	1668336  -  ResidentSetSize of job (KB)
...
006 (13690070.000.000) 03/10 17:55:59 Image size of job updated: 1741252
	1701  -  MemoryUsage of job (MB)
	1741252  -  ResidentSetSize of job (KB)
...
006 (13690070.000.000) 03/10 18:01:00 Image size of job updated: 1815816
	1774  -  MemoryUsage of job (MB)
	1815816  -  ResidentSetSize of job (KB)
...
006 (13690070.000.000) 03/10 18:06:00 Image size of job updated: 1996800
	1950  -  MemoryUsage of job (MB)
	1996800  -  ResidentSetSize of job (KB)
...
006 (13690070.000.000) 03/10 18:10:01 Image size of job updated: 2211376
	1950  -  MemoryUsage of job (MB)
	1996800  -  ResidentSetSize of job (KB)
...
040 (13690070.000.000) 03/10 18:10:01 Started transferring output files
...
040 (13690070.000.000) 03/10 18:10:01 Finished transferring output files
...
005 (13690070.000.000) 03/10 18:10:01 Job terminated.
	(1) Normal termination (return value 0)
		Usr 0 01:15:15, Sys 0 00:00:33  -  Run Remote Usage
		Usr 0 00:00:00, Sys 0 00:00:00  -  Run Local Usage
		Usr 0 01:15:15, Sys 0 00:00:33  -  Total Remote Usage
		Usr 0 00:00:00, Sys 0 00:00:00  -  Total Local Usage
	3789  -  Run Bytes Sent By Job
	11046  -  Run Bytes Received By Job
	3789  -  Total Bytes Sent By Job
	11046  -  Total Bytes Received By Job
	Partitionable Resources :     Usage  Request Allocated 
	   Cpus                 :      0.71        1         1 
	   Disk (KB)            : 602915          12      2678 
	   GPUs                 :                            0 
	   Memory (MB)          :   1950        3000      3000 

	Job terminated of its own accord at 2025-03-10T17:10:01Z with exit-code 0.
...
