000 (13690015.000.000) 03/10 16:07:45 Job submitted from host: <137.138.120.116:9618?addrs=137.138.120.116-9618+[2001-1458-d00-16--17b]-9618&alias=bigbird12.cern.ch&noUDP&sock=schedd_5055_e355>
...
040 (13690015.000.000) 03/10 16:45:16 Started transferring input files
	Transferring to host: <188.185.211.228:9618?addrs=188.185.211.228-9618+[2001-1458-303-17--100-60]-9618&alias=b9p24p7251.cern.ch&noUDP&sock=slot1_37_618187_6a4b_44327>
...
040 (13690015.000.000) 03/10 16:45:16 Finished transferring input files
...
001 (13690015.000.000) 03/10 16:45:17 Job executing on host: <188.185.211.228:9618?addrs=188.185.211.228-9618+[2001-1458-303-17--100-60]-9618&alias=b9p24p7251.cern.ch&noUDP&sock=startd_4195_ffe2>
	SlotName: slot1_37@b9p24p7251.cern.ch
	CondorScratchDir = "/pool/condor/dir_1159226"
	Cpus = 1
	Disk = 3862
	GPUs = 0
	Memory = 3000
...
006 (13690015.000.000) 03/10 16:45:26 Image size of job updated: 81636
	80  -  MemoryUsage of job (MB)
	81636  -  ResidentSetSize of job (KB)
...
006 (13690015.000.000) 03/10 16:50:27 Image size of job updated: 954576
	933  -  MemoryUsage of job (MB)
	954576  -  ResidentSetSize of job (KB)
...
040 (13690015.000.000) 03/10 16:50:35 Started transferring output files
...
040 (13690015.000.000) 03/10 16:50:35 Finished transferring output files
...
005 (13690015.000.000) 03/10 16:50:35 Job terminated.
	(1) Normal termination (return value 0)
		Usr 0 00:04:04, Sys 0 00:00:10  -  Run Remote Usage
		Usr 0 00:00:00, Sys 0 00:00:00  -  Run Local Usage
		Usr 0 00:04:04, Sys 0 00:00:10  -  Total Remote Usage
		Usr 0 00:00:00, Sys 0 00:00:00  -  Total Local Usage
	2816  -  Run Bytes Sent By Job
	11046  -  Run Bytes Received By Job
	2816  -  Total Bytes Sent By Job
	11046  -  Total Bytes Received By Job
	Partitionable Resources :    Usage  Request Allocated 
	   Cpus                 :        0        1         1 
	   Disk (KB)            :    65151       12      3862 
	   GPUs                 :                           0 
	   Memory (MB)          :      933     3000      3000 

	Job terminated of its own accord at 2025-03-10T15:50:35Z with exit-code 0.
...
