000 (13690071.000.000) 03/10 16:08:40 Job submitted from host: <137.138.120.116:9618?addrs=137.138.120.116-9618+[2001-1458-d00-16--17b]-9618&alias=bigbird12.cern.ch&noUDP&sock=schedd_5055_e355>
...
040 (13690071.000.000) 03/10 16:45:36 Started transferring input files
	Transferring to host: <128.142.132.47:9618?addrs=128.142.132.47-9618+[2001-1458-301-5a--100-23]-9618&alias=b9g12p4505.cern.ch&noUDP&sock=slot1_33_2782_ebaa_16826>
...
040 (13690071.000.000) 03/10 16:45:36 Finished transferring input files
...
001 (13690071.000.000) 03/10 16:45:37 Job executing on host: <128.142.132.47:9618?addrs=128.142.132.47-9618+[2001-1458-301-5a--100-23]-9618&alias=b9g12p4505.cern.ch&noUDP&sock=startd_2407_948c>
	SlotName: slot1_33@b9g12p4505.cern.ch
	CondorScratchDir = "/pool/condor/dir_62018"
	Cpus = 1
	Disk = 2715
	GPUs = 0
	Memory = 3000
...
006 (13690071.000.000) 03/10 16:45:46 Image size of job updated: 14196
	14  -  MemoryUsage of job (MB)
	14196  -  ResidentSetSize of job (KB)
...
006 (13690071.000.000) 03/10 16:50:47 Image size of job updated: 1049164
	1025  -  MemoryUsage of job (MB)
	1049164  -  ResidentSetSize of job (KB)
...
006 (13690071.000.000) 03/10 16:55:47 Image size of job updated: 1118992
	1093  -  MemoryUsage of job (MB)
	1118992  -  ResidentSetSize of job (KB)
...
040 (13690071.000.000) 03/10 16:58:40 Started transferring output files
...
040 (13690071.000.000) 03/10 16:58:40 Finished transferring output files
...
005 (13690071.000.000) 03/10 16:58:40 Job terminated.
	(1) Normal termination (return value 0)
		Usr 0 00:06:18, Sys 0 00:00:11  -  Run Remote Usage
		Usr 0 00:00:00, Sys 0 00:00:00  -  Run Local Usage
		Usr 0 00:06:18, Sys 0 00:00:11  -  Total Remote Usage
		Usr 0 00:00:00, Sys 0 00:00:00  -  Total Local Usage
	2815  -  Run Bytes Sent By Job
	11046  -  Run Bytes Received By Job
	2815  -  Total Bytes Sent By Job
	11046  -  Total Bytes Received By Job
	Partitionable Resources :    Usage  Request Allocated 
	   Cpus                 :     0.02        1         1 
	   Disk (KB)            : 52891          12      2715 
	   GPUs                 :                           0 
	   Memory (MB)          :  1093        3000      3000 

	Job terminated of its own accord at 2025-03-10T15:58:40Z with exit-code 0.
...
