000 (13690050.000.000) 03/10 16:08:21 Job submitted from host: <137.138.120.116:9618?addrs=137.138.120.116-9618+[2001-1458-d00-16--17b]-9618&alias=bigbird12.cern.ch&noUDP&sock=schedd_5055_e355>
...
040 (13690050.000.000) 03/10 16:45:29 Started transferring input files
	Transferring to host: <128.142.131.45:9618?addrs=128.142.131.45-9618+[2001-1458-301-59--100-21]-9618&alias=b9g11p5494.cern.ch&noUDP&sock=slot1_36_2801_4ecb_22848>
...
040 (13690050.000.000) 03/10 16:45:29 Finished transferring input files
...
001 (13690050.000.000) 03/10 16:45:30 Job executing on host: <128.142.131.45:9618?addrs=128.142.131.45-9618+[2001-1458-301-59--100-21]-9618&alias=b9g11p5494.cern.ch&noUDP&sock=startd_2425_ed41>
	SlotName: slot1_36@b9g11p5494.cern.ch
	CondorScratchDir = "/pool/condor/dir_2332559"
	Cpus = 1
	Disk = 2628
	GPUs = 0
	Memory = 3000
...
006 (13690050.000.000) 03/10 16:45:44 Image size of job updated: 936
	1  -  MemoryUsage of job (MB)
	936  -  ResidentSetSize of job (KB)
...
006 (13690050.000.000) 03/10 16:50:45 Image size of job updated: 766168
	749  -  MemoryUsage of job (MB)
	766168  -  ResidentSetSize of job (KB)
...
006 (13690050.000.000) 03/10 16:55:45 Image size of job updated: 866804
	847  -  MemoryUsage of job (MB)
	866804  -  ResidentSetSize of job (KB)
...
006 (13690050.000.000) 03/10 17:00:45 Image size of job updated: 1224228
	983  -  MemoryUsage of job (MB)
	1005944  -  ResidentSetSize of job (KB)
...
040 (13690050.000.000) 03/10 17:00:50 Started transferring output files
...
040 (13690050.000.000) 03/10 17:00:50 Finished transferring output files
...
005 (13690050.000.000) 03/10 17:00:50 Job terminated.
	(1) Normal termination (return value 0)
		Usr 0 00:12:51, Sys 0 00:00:19  -  Run Remote Usage
		Usr 0 00:00:00, Sys 0 00:00:00  -  Run Local Usage
		Usr 0 00:12:51, Sys 0 00:00:19  -  Total Remote Usage
		Usr 0 00:00:00, Sys 0 00:00:00  -  Total Local Usage
	2980  -  Run Bytes Sent By Job
	11046  -  Run Bytes Received By Job
	2980  -  Total Bytes Sent By Job
	11046  -  Total Bytes Received By Job
	Partitionable Resources :     Usage  Request Allocated 
	   Cpus                 :      0.98        1         1 
	   Disk (KB)            : 102926          12      2628 
	   GPUs                 :                            0 
	   Memory (MB)          :    983        3000      3000 

	Job terminated of its own accord at 2025-03-10T16:00:50Z with exit-code 0.
...
