000 (13690060.000.000) 03/10 16:08:33 Job submitted from host: <137.138.120.116:9618?addrs=137.138.120.116-9618+[2001-1458-d00-16--17b]-9618&alias=bigbird12.cern.ch&noUDP&sock=schedd_5055_e355>
...
040 (13690060.000.000) 03/10 16:45:32 Started transferring input files
	Transferring to host: <128.142.131.25:9618?addrs=128.142.131.25-9618+[2001-1458-301-59--100-d]-9618&alias=b9g11p2275.cern.ch&noUDP&sock=slot1_12_3708915_e43f_17567>
...
040 (13690060.000.000) 03/10 16:45:33 Finished transferring input files
...
001 (13690060.000.000) 03/10 16:45:34 Job executing on host: <128.142.131.25:9618?addrs=128.142.131.25-9618+[2001-1458-301-59--100-d]-9618&alias=b9g11p2275.cern.ch&noUDP&sock=startd_2422_de78>
	SlotName: slot1_12@b9g11p2275.cern.ch
	CondorScratchDir = "/pool/condor/dir_2622298"
	Cpus = 1
	Disk = 2689
	GPUs = 0
	Memory = 3000
...
006 (13690060.000.000) 03/10 16:45:47 Image size of job updated: 952
	1  -  MemoryUsage of job (MB)
	952  -  ResidentSetSize of job (KB)
...
006 (13690060.000.000) 03/10 16:50:47 Image size of job updated: 783680
	766  -  MemoryUsage of job (MB)
	783680  -  ResidentSetSize of job (KB)
...
006 (13690060.000.000) 03/10 16:51:25 Image size of job updated: 1025340
	766  -  MemoryUsage of job (MB)
	783684  -  ResidentSetSize of job (KB)
...
040 (13690060.000.000) 03/10 16:51:25 Started transferring output files
...
040 (13690060.000.000) 03/10 16:51:25 Finished transferring output files
...
005 (13690060.000.000) 03/10 16:51:25 Job terminated.
	(1) Normal termination (return value 0)
		Usr 0 00:04:27, Sys 0 00:00:09  -  Run Remote Usage
		Usr 0 00:00:00, Sys 0 00:00:00  -  Run Local Usage
		Usr 0 00:04:27, Sys 0 00:00:09  -  Total Remote Usage
		Usr 0 00:00:00, Sys 0 00:00:00  -  Total Local Usage
	2816  -  Run Bytes Sent By Job
	11046  -  Run Bytes Received By Job
	2816  -  Total Bytes Sent By Job
	11046  -  Total Bytes Received By Job
	Partitionable Resources :    Usage  Request Allocated 
	   Cpus                 :        0        1         1 
	   Disk (KB)            :    40432       12      2689 
	   GPUs                 :                           0 
	   Memory (MB)          :      766     3000      3000 

	Job terminated of its own accord at 2025-03-10T15:51:25Z with exit-code 0.
...
