000 (13690027.000.000) 03/10 16:07:58 Job submitted from host: <137.138.120.116:9618?addrs=137.138.120.116-9618+[2001-1458-d00-16--17b]-9618&alias=bigbird12.cern.ch&noUDP&sock=schedd_5055_e355>
...
040 (13690027.000.000) 03/10 16:45:21 Started transferring input files
	Transferring to host: <128.142.131.85:9618?addrs=128.142.131.85-9618+[2001-1458-301-59--100-49]-9618&alias=b9g11p5455.cern.ch&noUDP&sock=slot1_38_1997295_c2dc_17753>
...
040 (13690027.000.000) 03/10 16:45:21 Finished transferring input files
...
001 (13690027.000.000) 03/10 16:45:22 Job executing on host: <128.142.131.85:9618?addrs=128.142.131.85-9618+[2001-1458-301-59--100-49]-9618&alias=b9g11p5455.cern.ch&noUDP&sock=startd_2394_a9d1>
	SlotName: slot1_38@b9g11p5455.cern.ch
	CondorScratchDir = "/pool/condor/dir_1317762"
	Cpus = 1
	Disk = 2685
	GPUs = 0
	Memory = 3000
...
006 (13690027.000.000) 03/10 16:45:36 Image size of job updated: 932
	1  -  MemoryUsage of job (MB)
	932  -  ResidentSetSize of job (KB)
...
006 (13690027.000.000) 03/10 16:50:37 Image size of job updated: 776716
	759  -  MemoryUsage of job (MB)
	776716  -  ResidentSetSize of job (KB)
...
006 (13690027.000.000) 03/10 16:55:38 Image size of job updated: 885820
	866  -  MemoryUsage of job (MB)
	885820  -  ResidentSetSize of job (KB)
...
006 (13690027.000.000) 03/10 16:58:44 Image size of job updated: 1211468
	866  -  MemoryUsage of job (MB)
	885820  -  ResidentSetSize of job (KB)
...
040 (13690027.000.000) 03/10 16:58:44 Started transferring output files
...
040 (13690027.000.000) 03/10 16:58:44 Finished transferring output files
...
005 (13690027.000.000) 03/10 16:58:44 Job terminated.
	(1) Normal termination (return value 0)
		Usr 0 00:10:55, Sys 0 00:00:12  -  Run Remote Usage
		Usr 0 00:00:00, Sys 0 00:00:00  -  Run Local Usage
		Usr 0 00:10:55, Sys 0 00:00:12  -  Total Remote Usage
		Usr 0 00:00:00, Sys 0 00:00:00  -  Total Local Usage
	2986  -  Run Bytes Sent By Job
	11046  -  Run Bytes Received By Job
	2986  -  Total Bytes Sent By Job
	11046  -  Total Bytes Received By Job
	Partitionable Resources :    Usage  Request Allocated 
	   Cpus                 :     0.99        1         1 
	   Disk (KB)            : 95573          12      2685 
	   GPUs                 :                           0 
	   Memory (MB)          :   866        3000      3000 

	Job terminated of its own accord at 2025-03-10T15:58:44Z with exit-code 0.
...
