000 (13690010.000.000) 03/10 16:07:41 Job submitted from host: <137.138.120.116:9618?addrs=137.138.120.116-9618+[2001-1458-d00-16--17b]-9618&alias=bigbird12.cern.ch&noUDP&sock=schedd_5055_e355>
...
040 (13690010.000.000) 03/10 16:45:15 Started transferring input files
	Transferring to host: <128.142.131.47:9618?addrs=128.142.131.47-9618+[2001-1458-301-59--100-23]-9618&alias=b9g11p8691.cern.ch&noUDP&sock=slot1_25_3021_5154_25418>
...
040 (13690010.000.000) 03/10 16:45:15 Finished transferring input files
...
001 (13690010.000.000) 03/10 16:45:16 Job executing on host: <128.142.131.47:9618?addrs=128.142.131.47-9618+[2001-1458-301-59--100-23]-9618&alias=b9g11p8691.cern.ch&noUDP&sock=startd_2724_0412>
	SlotName: slot1_25@b9g11p8691.cern.ch
	CondorScratchDir = "/pool/condor/dir_2959775"
	Cpus = 1
	Disk = 2657
	GPUs = 0
	Memory = 3000
...
006 (13690010.000.000) 03/10 16:45:30 Image size of job updated: 960
	1  -  MemoryUsage of job (MB)
	960  -  ResidentSetSize of job (KB)
...
006 (13690010.000.000) 03/10 16:50:31 Image size of job updated: 786912
	769  -  MemoryUsage of job (MB)
	786912  -  ResidentSetSize of job (KB)
...
006 (13690010.000.000) 03/10 16:55:32 Image size of job updated: 892652
	872  -  MemoryUsage of job (MB)
	892652  -  ResidentSetSize of job (KB)
...
006 (13690010.000.000) 03/10 17:00:32 Image size of job updated: 979904
	957  -  MemoryUsage of job (MB)
	979904  -  ResidentSetSize of job (KB)
...
006 (13690010.000.000) 03/10 17:05:33 Image size of job updated: 1063956
	1040  -  MemoryUsage of job (MB)
	1063956  -  ResidentSetSize of job (KB)
...
006 (13690010.000.000) 03/10 17:10:34 Image size of job updated: 1149328
	1123  -  MemoryUsage of job (MB)
	1149328  -  ResidentSetSize of job (KB)
...
006 (13690010.000.000) 03/10 17:15:34 Image size of job updated: 1225492
	1197  -  MemoryUsage of job (MB)
	1225492  -  ResidentSetSize of job (KB)
...
006 (13690010.000.000) 03/10 17:20:34 Image size of job updated: 1310488
	1280  -  MemoryUsage of job (MB)
	1310488  -  ResidentSetSize of job (KB)
...
006 (13690010.000.000) 03/10 17:25:35 Image size of job updated: 1383720
	1352  -  MemoryUsage of job (MB)
	1383720  -  ResidentSetSize of job (KB)
...
006 (13690010.000.000) 03/10 17:30:35 Image size of job updated: 1468152
	1434  -  MemoryUsage of job (MB)
	1468152  -  ResidentSetSize of job (KB)
...
006 (13690010.000.000) 03/10 17:35:35 Image size of job updated: 1546220
	1510  -  MemoryUsage of job (MB)
	1546220  -  ResidentSetSize of job (KB)
...
006 (13690010.000.000) 03/10 17:40:36 Image size of job updated: 1634736
	1597  -  MemoryUsage of job (MB)
	1634736  -  ResidentSetSize of job (KB)
...
006 (13690010.000.000) 03/10 17:45:36 Image size of job updated: 1720460
	1681  -  MemoryUsage of job (MB)
	1720460  -  ResidentSetSize of job (KB)
...
006 (13690010.000.000) 03/10 17:50:36 Image size of job updated: 1801164
	1759  -  MemoryUsage of job (MB)
	1801164  -  ResidentSetSize of job (KB)
...
006 (13690010.000.000) 03/10 17:55:37 Image size of job updated: 1885884
	1842  -  MemoryUsage of job (MB)
	1885884  -  ResidentSetSize of job (KB)
...
006 (13690010.000.000) 03/10 18:00:38 Image size of job updated: 1976116
	1930  -  MemoryUsage of job (MB)
	1976116  -  ResidentSetSize of job (KB)
...
006 (13690010.000.000) 03/10 18:05:38 Image size of job updated: 2057412
	2010  -  MemoryUsage of job (MB)
	2057412  -  ResidentSetSize of job (KB)
...
006 (13690010.000.000) 03/10 18:10:39 Image size of job updated: 2145260
	2095  -  MemoryUsage of job (MB)
	2145260  -  ResidentSetSize of job (KB)
...
006 (13690010.000.000) 03/10 18:15:40 Image size of job updated: 2292700
	2239  -  MemoryUsage of job (MB)
	2292700  -  ResidentSetSize of job (KB)
...
006 (13690010.000.000) 03/10 18:18:14 Image size of job updated: 2505684
	2239  -  MemoryUsage of job (MB)
	2292700  -  ResidentSetSize of job (KB)
...
040 (13690010.000.000) 03/10 18:18:14 Started transferring output files
...
040 (13690010.000.000) 03/10 18:18:14 Finished transferring output files
...
005 (13690010.000.000) 03/10 18:18:14 Job terminated.
	(1) Normal termination (return value 0)
		Usr 0 01:23:51, Sys 0 00:00:27  -  Run Remote Usage
		Usr 0 00:00:00, Sys 0 00:00:00  -  Run Local Usage
		Usr 0 01:23:51, Sys 0 00:00:27  -  Total Remote Usage
		Usr 0 00:00:00, Sys 0 00:00:00  -  Total Local Usage
	4105  -  Run Bytes Sent By Job
	11040  -  Run Bytes Received By Job
	4105  -  Total Bytes Sent By Job
	11040  -  Total Bytes Received By Job
	Partitionable Resources :     Usage  Request Allocated 
	   Cpus                 :      0.99        1         1 
	   Disk (KB)            : 774982          12      2657 
	   GPUs                 :                            0 
	   Memory (MB)          :   2239        3000      3000 

	Job terminated of its own accord at 2025-03-10T17:18:14Z with exit-code 0.
...
