000 (13690009.000.000) 03/10 16:07:40 Job submitted from host: <137.138.120.116:9618?addrs=137.138.120.116-9618+[2001-1458-d00-16--17b]-9618&alias=bigbird12.cern.ch&noUDP&sock=schedd_5055_e355>
...
040 (13690009.000.000) 03/10 16:45:15 Started transferring input files
	Transferring to host: <128.142.131.145:9618?addrs=128.142.131.145-9618+[2001-1458-301-59--100-85]-9618&alias=b9g11p9096.cern.ch&noUDP&sock=slot1_12_2553216_658b_22312>
...
040 (13690009.000.000) 03/10 16:45:15 Finished transferring input files
...
001 (13690009.000.000) 03/10 16:45:16 Job executing on host: <128.142.131.145:9618?addrs=128.142.131.145-9618+[2001-1458-301-59--100-85]-9618&alias=b9g11p9096.cern.ch&noUDP&sock=startd_2668_9ac4>
	SlotName: slot1_12@b9g11p9096.cern.ch
	CondorScratchDir = "/pool/condor/dir_1855356"
	Cpus = 1
	Disk = 2643
	GPUs = 0
	Memory = 3000
...
006 (13690009.000.000) 03/10 16:45:25 Image size of job updated: 15092
	15  -  MemoryUsage of job (MB)
	15092  -  ResidentSetSize of job (KB)
...
006 (13690009.000.000) 03/10 16:50:26 Image size of job updated: 1130160
	1104  -  MemoryUsage of job (MB)
	1130160  -  ResidentSetSize of job (KB)
...
006 (13690009.000.000) 03/10 16:55:27 Image size of job updated: 1240420
	1212  -  MemoryUsage of job (MB)
	1240420  -  ResidentSetSize of job (KB)
...
040 (13690009.000.000) 03/10 16:57:32 Started transferring output files
...
040 (13690009.000.000) 03/10 16:57:32 Finished transferring output files
...
005 (13690009.000.000) 03/10 16:57:32 Job terminated.
	(1) Normal termination (return value 0)
		Usr 0 00:09:48, Sys 0 00:00:13  -  Run Remote Usage
		Usr 0 00:00:00, Sys 0 00:00:00  -  Run Local Usage
		Usr 0 00:09:48, Sys 0 00:00:13  -  Total Remote Usage
		Usr 0 00:00:00, Sys 0 00:00:00  -  Total Local Usage
	2810  -  Run Bytes Sent By Job
	11040  -  Run Bytes Received By Job
	2810  -  Total Bytes Sent By Job
	11040  -  Total Bytes Received By Job
	Partitionable Resources :    Usage  Request Allocated 
	   Cpus                 :     0.98        1         1 
	   Disk (KB)            : 78804          12      2643 
	   GPUs                 :                           0 
	   Memory (MB)          :  1212        3000      3000 

	Job terminated of its own accord at 2025-03-10T15:57:32Z with exit-code 0.
...
