000 (13690066.000.000) 03/10 16:08:36 Job submitted from host: <137.138.120.116:9618?addrs=137.138.120.116-9618+[2001-1458-d00-16--17b]-9618&alias=bigbird12.cern.ch&noUDP&sock=schedd_5055_e355>
...
040 (13690066.000.000) 03/10 16:45:34 Started transferring input files
	Transferring to host: <128.142.137.128:9618?addrs=128.142.137.128-9618+[2001-1458-301-5e--100-74]-9618&alias=b9g19p5200.cern.ch&noUDP&sock=slot1_30_2803_b78b_25077>
...
040 (13690066.000.000) 03/10 16:45:34 Finished transferring input files
...
001 (13690066.000.000) 03/10 16:45:35 Job executing on host: <128.142.137.128:9618?addrs=128.142.137.128-9618+[2001-1458-301-5e--100-74]-9618&alias=b9g19p5200.cern.ch&noUDP&sock=startd_2419_cfaf>
	SlotName: slot1_30@b9g19p5200.cern.ch
	CondorScratchDir = "/pool/condor/dir_2426578"
	Cpus = 1
	Disk = 2629
	GPUs = 0
	Memory = 3000
...
006 (13690066.000.000) 03/10 16:45:49 Image size of job updated: 916
	1  -  MemoryUsage of job (MB)
	828  -  ResidentSetSize of job (KB)
...
006 (13690066.000.000) 03/10 16:49:03 Image size of job updated: 745284
	1  -  MemoryUsage of job (MB)
	828  -  ResidentSetSize of job (KB)
...
040 (13690066.000.000) 03/10 16:49:03 Started transferring output files
...
040 (13690066.000.000) 03/10 16:49:03 Finished transferring output files
...
005 (13690066.000.000) 03/10 16:49:03 Job terminated.
	(1) Normal termination (return value 0)
		Usr 0 00:01:56, Sys 0 00:00:10  -  Run Remote Usage
		Usr 0 00:00:00, Sys 0 00:00:00  -  Run Local Usage
		Usr 0 00:01:56, Sys 0 00:00:10  -  Total Remote Usage
		Usr 0 00:00:00, Sys 0 00:00:00  -  Total Local Usage
	2815  -  Run Bytes Sent By Job
	11046  -  Run Bytes Received By Job
	2815  -  Total Bytes Sent By Job
	11046  -  Total Bytes Received By Job
	Partitionable Resources :    Usage  Request Allocated 
	   Cpus                 :        0        1         1 
	   Disk (KB)            :    18505       12      2629 
	   GPUs                 :                           0 
	   Memory (MB)          :        1     3000      3000 

	Job terminated of its own accord at 2025-03-10T15:49:03Z with exit-code 0.
...
