000 (13690021.000.000) 03/10 16:07:51 Job submitted from host: <137.138.120.116:9618?addrs=137.138.120.116-9618+[2001-1458-d00-16--17b]-9618&alias=bigbird12.cern.ch&noUDP&sock=schedd_5055_e355>
...
040 (13690021.000.000) 03/10 16:45:19 Started transferring input files
	Transferring to host: <128.142.131.83:9618?addrs=128.142.131.83-9618+[2001-1458-301-59--100-47]-9618&alias=b9g11p2769.cern.ch&noUDP&sock=slot1_5_2818_492c_30731>
...
040 (13690021.000.000) 03/10 16:45:19 Finished transferring input files
...
001 (13690021.000.000) 03/10 16:45:20 Job executing on host: <128.142.131.83:9618?addrs=128.142.131.83-9618+[2001-1458-301-59--100-47]-9618&alias=b9g11p2769.cern.ch&noUDP&sock=startd_2431_0ad2>
	SlotName: slot1_5@b9g11p2769.cern.ch
	CondorScratchDir = "/pool/condor/dir_1744550"
	Cpus = 1
	Disk = 2678
	GPUs = 0
	Memory = 3000
...
006 (13690021.000.000) 03/10 16:45:33 Image size of job updated: 960
	1  -  MemoryUsage of job (MB)
	960  -  ResidentSetSize of job (KB)
...
006 (13690021.000.000) 03/10 16:50:34 Image size of job updated: 788156
	770  -  MemoryUsage of job (MB)
	788156  -  ResidentSetSize of job (KB)
...
006 (13690021.000.000) 03/10 16:55:35 Image size of job updated: 896092
	876  -  MemoryUsage of job (MB)
	896092  -  ResidentSetSize of job (KB)
...
006 (13690021.000.000) 03/10 17:00:35 Image size of job updated: 981900
	959  -  MemoryUsage of job (MB)
	981900  -  ResidentSetSize of job (KB)
...
006 (13690021.000.000) 03/10 17:05:35 Image size of job updated: 1068704
	1044  -  MemoryUsage of job (MB)
	1068704  -  ResidentSetSize of job (KB)
...
006 (13690021.000.000) 03/10 17:10:36 Image size of job updated: 1146800
	1120  -  MemoryUsage of job (MB)
	1146800  -  ResidentSetSize of job (KB)
...
006 (13690021.000.000) 03/10 17:15:36 Image size of job updated: 1222120
	1194  -  MemoryUsage of job (MB)
	1222120  -  ResidentSetSize of job (KB)
...
006 (13690021.000.000) 03/10 17:20:36 Image size of job updated: 1301248
	1271  -  MemoryUsage of job (MB)
	1301248  -  ResidentSetSize of job (KB)
...
006 (13690021.000.000) 03/10 17:25:37 Image size of job updated: 1381928
	1350  -  MemoryUsage of job (MB)
	1381928  -  ResidentSetSize of job (KB)
...
006 (13690021.000.000) 03/10 17:30:38 Image size of job updated: 1456148
	1423  -  MemoryUsage of job (MB)
	1456148  -  ResidentSetSize of job (KB)
...
006 (13690021.000.000) 03/10 17:35:38 Image size of job updated: 1529524
	1494  -  MemoryUsage of job (MB)
	1529524  -  ResidentSetSize of job (KB)
...
006 (13690021.000.000) 03/10 17:40:39 Image size of job updated: 1611624
	1574  -  MemoryUsage of job (MB)
	1611624  -  ResidentSetSize of job (KB)
...
006 (13690021.000.000) 03/10 17:45:40 Image size of job updated: 1963156
	1918  -  MemoryUsage of job (MB)
	1963156  -  ResidentSetSize of job (KB)
...
006 (13690021.000.000) 03/10 17:45:51 Image size of job updated: 1963624
	1918  -  MemoryUsage of job (MB)
	1963156  -  ResidentSetSize of job (KB)
...
040 (13690021.000.000) 03/10 17:45:51 Started transferring output files
...
040 (13690021.000.000) 03/10 17:45:51 Finished transferring output files
...
005 (13690021.000.000) 03/10 17:45:51 Job terminated.
	(1) Normal termination (return value 0)
		Usr 0 00:54:38, Sys 0 00:00:30  -  Run Remote Usage
		Usr 0 00:00:00, Sys 0 00:00:00  -  Run Local Usage
		Usr 0 00:54:38, Sys 0 00:00:30  -  Total Remote Usage
		Usr 0 00:00:00, Sys 0 00:00:00  -  Total Local Usage
	3628  -  Run Bytes Sent By Job
	11046  -  Run Bytes Received By Job
	3628  -  Total Bytes Sent By Job
	11046  -  Total Bytes Received By Job
	Partitionable Resources :     Usage  Request Allocated 
	   Cpus                 :      0.99        1         1 
	   Disk (KB)            : 480268          12      2678 
	   GPUs                 :                            0 
	   Memory (MB)          :   1918        3000      3000 

	Job terminated of its own accord at 2025-03-10T16:45:51Z with exit-code 0.
...
