000 (13690054.000.000) 03/10 16:08:25 Job submitted from host: <137.138.120.116:9618?addrs=137.138.120.116-9618+[2001-1458-d00-16--17b]-9618&alias=bigbird12.cern.ch&noUDP&sock=schedd_5055_e355>
...
040 (13690054.000.000) 03/10 16:45:30 Started transferring input files
	Transferring to host: <128.142.131.49:9618?addrs=128.142.131.49-9618+[2001-1458-301-59--100-25]-9618&alias=b9g11p7355.cern.ch&noUDP&sock=slot1_27_3013_ae54_24626>
...
040 (13690054.000.000) 03/10 16:45:30 Finished transferring input files
...
001 (13690054.000.000) 03/10 16:45:31 Job executing on host: <128.142.131.49:9618?addrs=128.142.131.49-9618+[2001-1458-301-59--100-25]-9618&alias=b9g11p7355.cern.ch&noUDP&sock=startd_2632_e95b>
	SlotName: slot1_27@b9g11p7355.cern.ch
	CondorScratchDir = "/pool/condor/dir_3561275"
	Cpus = 1
	Disk = 2623
	GPUs = 0
	Memory = 3000
...
006 (13690054.000.000) 03/10 16:45:45 Image size of job updated: 928
	1  -  MemoryUsage of job (MB)
	928  -  ResidentSetSize of job (KB)
...
006 (13690054.000.000) 03/10 16:49:43 Image size of job updated: 900292
	1  -  MemoryUsage of job (MB)
	928  -  ResidentSetSize of job (KB)
...
040 (13690054.000.000) 03/10 16:49:43 Started transferring output files
...
040 (13690054.000.000) 03/10 16:49:43 Finished transferring output files
...
005 (13690054.000.000) 03/10 16:49:43 Job terminated.
	(1) Normal termination (return value 0)
		Usr 0 00:02:45, Sys 0 00:00:09  -  Run Remote Usage
		Usr 0 00:00:00, Sys 0 00:00:00  -  Run Local Usage
		Usr 0 00:02:45, Sys 0 00:00:09  -  Total Remote Usage
		Usr 0 00:00:00, Sys 0 00:00:00  -  Total Local Usage
	2816  -  Run Bytes Sent By Job
	11046  -  Run Bytes Received By Job
	2816  -  Total Bytes Sent By Job
	11046  -  Total Bytes Received By Job
	Partitionable Resources :    Usage  Request Allocated 
	   Cpus                 :        0        1         1 
	   Disk (KB)            :    26954       12      2623 
	   GPUs                 :                           0 
	   Memory (MB)          :        1     3000      3000 

	Job terminated of its own accord at 2025-03-10T15:49:43Z with exit-code 0.
...
