000 (13690057.000.000) 03/10 16:08:29 Job submitted from host: <137.138.120.116:9618?addrs=137.138.120.116-9618+[2001-1458-d00-16--17b]-9618&alias=bigbird12.cern.ch&noUDP&sock=schedd_5055_e355>
...
040 (13690057.000.000) 03/10 16:45:31 Started transferring input files
	Transferring to host: <128.142.131.94:9618?addrs=128.142.131.94-9618+[2001-1458-301-59--100-52]-9618&alias=b9g11p7691.cern.ch&noUDP&sock=slot1_12_3012_f9f4_24024>
...
040 (13690057.000.000) 03/10 16:45:31 Finished transferring input files
...
001 (13690057.000.000) 03/10 16:45:33 Job executing on host: <128.142.131.94:9618?addrs=128.142.131.94-9618+[2001-1458-301-59--100-52]-9618&alias=b9g11p7691.cern.ch&noUDP&sock=startd_2640_661d>
	SlotName: slot1_12@b9g11p7691.cern.ch
	CondorScratchDir = "/pool/condor/dir_2033657"
	Cpus = 1
	Disk = 2609
	GPUs = 0
	Memory = 3000
...
006 (13690057.000.000) 03/10 16:45:46 Image size of job updated: 936
	1  -  MemoryUsage of job (MB)
	936  -  ResidentSetSize of job (KB)
...
006 (13690057.000.000) 03/10 16:50:46 Image size of job updated: 766448
	749  -  MemoryUsage of job (MB)
	766448  -  ResidentSetSize of job (KB)
...
006 (13690057.000.000) 03/10 16:55:46 Image size of job updated: 871544
	852  -  MemoryUsage of job (MB)
	871544  -  ResidentSetSize of job (KB)
...
006 (13690057.000.000) 03/10 17:00:47 Image size of job updated: 948132
	926  -  MemoryUsage of job (MB)
	948132  -  ResidentSetSize of job (KB)
...
006 (13690057.000.000) 03/10 17:05:47 Image size of job updated: 1023288
	1000  -  MemoryUsage of job (MB)
	1023288  -  ResidentSetSize of job (KB)
...
006 (13690057.000.000) 03/10 17:10:47 Image size of job updated: 1094524
	1069  -  MemoryUsage of job (MB)
	1094524  -  ResidentSetSize of job (KB)
...
006 (13690057.000.000) 03/10 17:15:48 Image size of job updated: 1170052
	1143  -  MemoryUsage of job (MB)
	1170052  -  ResidentSetSize of job (KB)
...
006 (13690057.000.000) 03/10 17:20:48 Image size of job updated: 1245688
	1217  -  MemoryUsage of job (MB)
	1245688  -  ResidentSetSize of job (KB)
...
006 (13690057.000.000) 03/10 17:25:48 Image size of job updated: 1320932
	1290  -  MemoryUsage of job (MB)
	1320932  -  ResidentSetSize of job (KB)
...
006 (13690057.000.000) 03/10 17:30:49 Image size of job updated: 1480564
	1446  -  MemoryUsage of job (MB)
	1480564  -  ResidentSetSize of job (KB)
...
006 (13690057.000.000) 03/10 17:32:51 Image size of job updated: 1691792
	1446  -  MemoryUsage of job (MB)
	1480564  -  ResidentSetSize of job (KB)
...
040 (13690057.000.000) 03/10 17:32:51 Started transferring output files
...
040 (13690057.000.000) 03/10 17:32:51 Finished transferring output files
...
005 (13690057.000.000) 03/10 17:32:51 Job terminated.
	(1) Normal termination (return value 0)
		Usr 0 00:41:17, Sys 0 00:00:32  -  Run Remote Usage
		Usr 0 00:00:00, Sys 0 00:00:00  -  Run Local Usage
		Usr 0 00:41:17, Sys 0 00:00:32  -  Total Remote Usage
		Usr 0 00:00:00, Sys 0 00:00:00  -  Total Local Usage
	3306  -  Run Bytes Sent By Job
	11046  -  Run Bytes Received By Job
	3306  -  Total Bytes Sent By Job
	11046  -  Total Bytes Received By Job
	Partitionable Resources :     Usage  Request Allocated 
	   Cpus                 :      0.91        1         1 
	   Disk (KB)            : 345160          12      2609 
	   GPUs                 :                            0 
	   Memory (MB)          :   1446        3000      3000 

	Job terminated of its own accord at 2025-03-10T16:32:51Z with exit-code 0.
...
