000 (13690013.000.000) 03/10 16:07:44 Job submitted from host: <137.138.120.116:9618?addrs=137.138.120.116-9618+[2001-1458-d00-16--17b]-9618&alias=bigbird12.cern.ch&noUDP&sock=schedd_5055_e355>
...
040 (13690013.000.000) 03/10 16:45:15 Started transferring input files
	Transferring to host: <188.185.205.154:9618?addrs=188.185.205.154-9618+[2001-1458-303-a--100-17]-9618&alias=b9p04p9101.cern.ch&noUDP&sock=slot1_34_2428952_2ace_63232>
...
040 (13690013.000.000) 03/10 16:45:15 Finished transferring input files
...
001 (13690013.000.000) 03/10 16:45:16 Job executing on host: <188.185.205.154:9618?addrs=188.185.205.154-9618+[2001-1458-303-a--100-17]-9618&alias=b9p04p9101.cern.ch&noUDP&sock=startd_3307_e7c9>
	SlotName: slot1_34@b9p04p9101.cern.ch
	CondorScratchDir = "/pool/condor/dir_2097537"
	Cpus = 1
	Disk = 3507
	GPUs = 0
	Memory = 3000
...
006 (13690013.000.000) 03/10 16:45:25 Image size of job updated: 4308
	5  -  MemoryUsage of job (MB)
	4308  -  ResidentSetSize of job (KB)
...
006 (13690013.000.000) 03/10 16:50:27 Image size of job updated: 851468
	832  -  MemoryUsage of job (MB)
	851468  -  ResidentSetSize of job (KB)
...
006 (13690013.000.000) 03/10 16:55:27 Image size of job updated: 980352
	958  -  MemoryUsage of job (MB)
	980352  -  ResidentSetSize of job (KB)
...
006 (13690013.000.000) 03/10 17:00:27 Image size of job updated: 1091196
	1066  -  MemoryUsage of job (MB)
	1091196  -  ResidentSetSize of job (KB)
...
006 (13690013.000.000) 03/10 17:05:28 Image size of job updated: 1203624
	1176  -  MemoryUsage of job (MB)
	1203624  -  ResidentSetSize of job (KB)
...
040 (13690013.000.000) 03/10 17:08:11 Started transferring output files
...
040 (13690013.000.000) 03/10 17:08:11 Finished transferring output files
...
005 (13690013.000.000) 03/10 17:08:11 Job terminated.
	(1) Normal termination (return value 0)
		Usr 0 00:17:59, Sys 0 00:00:25  -  Run Remote Usage
		Usr 0 00:00:00, Sys 0 00:00:00  -  Run Local Usage
		Usr 0 00:17:59, Sys 0 00:00:25  -  Total Remote Usage
		Usr 0 00:00:00, Sys 0 00:00:00  -  Total Local Usage
	3145  -  Run Bytes Sent By Job
	11046  -  Run Bytes Received By Job
	3145  -  Total Bytes Sent By Job
	11046  -  Total Bytes Received By Job
	Partitionable Resources :     Usage  Request Allocated 
	   Cpus                 :      0.09        1         1 
	   Disk (KB)            : 248686          12      3507 
	   GPUs                 :                            0 
	   Memory (MB)          :   1176        3000      3000 

	Job terminated of its own accord at 2025-03-10T16:08:11Z with exit-code 0.
...
