000 (13690029.000.000) 03/10 16:08:00 Job submitted from host: <137.138.120.116:9618?addrs=137.138.120.116-9618+[2001-1458-d00-16--17b]-9618&alias=bigbird12.cern.ch&noUDP&sock=schedd_5055_e355>
...
040 (13690029.000.000) 03/10 16:45:22 Started transferring input files
	Transferring to host: <128.142.131.190:9618?addrs=128.142.131.190-9618+[2001-1458-301-59--100-b2]-9618&alias=b9g11p6293.cern.ch&noUDP&sock=slot1_26_2788_25ea_17661>
...
040 (13690029.000.000) 03/10 16:45:22 Finished transferring input files
...
001 (13690029.000.000) 03/10 16:45:23 Job executing on host: <128.142.131.190:9618?addrs=128.142.131.190-9618+[2001-1458-301-59--100-b2]-9618&alias=b9g11p6293.cern.ch&noUDP&sock=startd_2431_0ad2>
	SlotName: slot1_26@b9g11p6293.cern.ch
	CondorScratchDir = "/pool/condor/dir_892158"
	Cpus = 1
	Disk = 2646
	GPUs = 0
	Memory = 3000
...
006 (13690029.000.000) 03/10 16:45:37 Image size of job updated: 952
	1  -  MemoryUsage of job (MB)
	952  -  ResidentSetSize of job (KB)
...
006 (13690029.000.000) 03/10 16:50:18 Image size of job updated: 995284
	1  -  MemoryUsage of job (MB)
	952  -  ResidentSetSize of job (KB)
...
040 (13690029.000.000) 03/10 16:50:19 Started transferring output files
...
040 (13690029.000.000) 03/10 16:50:19 Finished transferring output files
...
005 (13690029.000.000) 03/10 16:50:22 Job terminated.
	(1) Normal termination (return value 0)
		Usr 0 00:03:30, Sys 0 00:00:08  -  Run Remote Usage
		Usr 0 00:00:00, Sys 0 00:00:00  -  Run Local Usage
		Usr 0 00:03:30, Sys 0 00:00:08  -  Total Remote Usage
		Usr 0 00:00:00, Sys 0 00:00:00  -  Total Local Usage
	2814  -  Run Bytes Sent By Job
	11046  -  Run Bytes Received By Job
	2814  -  Total Bytes Sent By Job
	11046  -  Total Bytes Received By Job
	Partitionable Resources :    Usage  Request Allocated 
	   Cpus                 :        0        1         1 
	   Disk (KB)            :    32036       12      2646 
	   GPUs                 :                           0 
	   Memory (MB)          :        1     3000      3000 

	Job terminated of its own accord at 2025-03-10T15:50:18Z with exit-code 0.
...
