000 (13690031.000.000) 03/10 16:08:01 Job submitted from host: <137.138.120.116:9618?addrs=137.138.120.116-9618+[2001-1458-d00-16--17b]-9618&alias=bigbird12.cern.ch&noUDP&sock=schedd_5055_e355>
...
040 (13690031.000.000) 03/10 16:45:22 Started transferring input files
	Transferring to host: <128.142.131.28:9618?addrs=128.142.131.28-9618+[2001-1458-301-59--100-10]-9618&alias=b9g11p6342.cern.ch&noUDP&sock=slot1_40_3017_7fd4_30851>
...
040 (13690031.000.000) 03/10 16:45:22 Finished transferring input files
...
001 (13690031.000.000) 03/10 16:45:23 Job executing on host: <128.142.131.28:9618?addrs=128.142.131.28-9618+[2001-1458-301-59--100-10]-9618&alias=b9g11p6342.cern.ch&noUDP&sock=startd_2634_488c>
	SlotName: slot1_40@b9g11p6342.cern.ch
	CondorScratchDir = "/pool/condor/dir_366345"
	Cpus = 1
	Disk = 2705
	GPUs = 0
	Memory = 3000
...
006 (13690031.000.000) 03/10 16:45:37 Image size of job updated: 956
	1  -  MemoryUsage of job (MB)
	956  -  ResidentSetSize of job (KB)
...
006 (13690031.000.000) 03/10 16:50:38 Image size of job updated: 772876
	755  -  MemoryUsage of job (MB)
	772876  -  ResidentSetSize of job (KB)
...
006 (13690031.000.000) 03/10 16:55:38 Image size of job updated: 879668
	860  -  MemoryUsage of job (MB)
	879668  -  ResidentSetSize of job (KB)
...
006 (13690031.000.000) 03/10 17:00:38 Image size of job updated: 957760
	936  -  MemoryUsage of job (MB)
	957760  -  ResidentSetSize of job (KB)
...
006 (13690031.000.000) 03/10 17:05:39 Image size of job updated: 1037412
	1014  -  MemoryUsage of job (MB)
	1037412  -  ResidentSetSize of job (KB)
...
006 (13690031.000.000) 03/10 17:10:17 Image size of job updated: 1413088
	1014  -  MemoryUsage of job (MB)
	1037412  -  ResidentSetSize of job (KB)
...
040 (13690031.000.000) 03/10 17:10:17 Started transferring output files
...
040 (13690031.000.000) 03/10 17:10:17 Finished transferring output files
...
005 (13690031.000.000) 03/10 17:10:17 Job terminated.
	(1) Normal termination (return value 0)
		Usr 0 00:21:49, Sys 0 00:00:15  -  Run Remote Usage
		Usr 0 00:00:00, Sys 0 00:00:00  -  Run Local Usage
		Usr 0 00:21:49, Sys 0 00:00:15  -  Total Remote Usage
		Usr 0 00:00:00, Sys 0 00:00:00  -  Total Local Usage
	2982  -  Run Bytes Sent By Job
	11046  -  Run Bytes Received By Job
	2982  -  Total Bytes Sent By Job
	11046  -  Total Bytes Received By Job
	Partitionable Resources :     Usage  Request Allocated 
	   Cpus                 :      0.99        1         1 
	   Disk (KB)            : 186208          12      2705 
	   GPUs                 :                            0 
	   Memory (MB)          :   1014        3000      3000 

	Job terminated of its own accord at 2025-03-10T16:10:17Z with exit-code 0.
...
