000 (13690041.000.000) 03/10 16:08:14 Job submitted from host: <137.138.120.116:9618?addrs=137.138.120.116-9618+[2001-1458-d00-16--17b]-9618&alias=bigbird12.cern.ch&noUDP&sock=schedd_5055_e355>
...
040 (13690041.000.000) 03/10 16:45:26 Started transferring input files
	Transferring to host: <188.185.206.178:9618?addrs=188.185.206.178-9618+[2001-1458-303-c--100-2f]-9618&alias=b9p06p2822.cern.ch&noUDP&sock=slot1_12_194943_ba90_4422>
...
040 (13690041.000.000) 03/10 16:45:26 Finished transferring input files
...
001 (13690041.000.000) 03/10 16:45:27 Job executing on host: <188.185.206.178:9618?addrs=188.185.206.178-9618+[2001-1458-303-c--100-2f]-9618&alias=b9p06p2822.cern.ch&noUDP&sock=startd_194321_9f1d>
	SlotName: slot1_12@b9p06p2822.cern.ch
	CondorScratchDir = "/pool/condor/dir_15845"
	Cpus = 1
	Disk = 3781
	GPUs = 0
	Memory = 3000
...
006 (13690041.000.000) 03/10 16:45:41 Image size of job updated: 956
	1  -  MemoryUsage of job (MB)
	956  -  ResidentSetSize of job (KB)
...
006 (13690041.000.000) 03/10 16:50:42 Image size of job updated: 882492
	862  -  MemoryUsage of job (MB)
	882492  -  ResidentSetSize of job (KB)
...
006 (13690041.000.000) 03/10 16:55:42 Image size of job updated: 1120820
	1081  -  MemoryUsage of job (MB)
	1106520  -  ResidentSetSize of job (KB)
...
006 (13690041.000.000) 03/10 16:55:55 Image size of job updated: 1326668
	1081  -  MemoryUsage of job (MB)
	1106520  -  ResidentSetSize of job (KB)
...
040 (13690041.000.000) 03/10 16:55:55 Started transferring output files
...
040 (13690041.000.000) 03/10 16:55:55 Finished transferring output files
...
005 (13690041.000.000) 03/10 16:55:56 Job terminated.
	(1) Normal termination (return value 0)
		Usr 0 00:07:57, Sys 0 00:00:10  -  Run Remote Usage
		Usr 0 00:00:00, Sys 0 00:00:00  -  Run Local Usage
		Usr 0 00:07:57, Sys 0 00:00:10  -  Total Remote Usage
		Usr 0 00:00:00, Sys 0 00:00:00  -  Total Local Usage
	3559  -  Run Bytes Sent By Job
	11046  -  Run Bytes Received By Job
	3559  -  Total Bytes Sent By Job
	11046  -  Total Bytes Received By Job
	Partitionable Resources :     Usage  Request Allocated 
	   Cpus                 :      0.50        1         1 
	   Disk (KB)            : 142119          12      3781 
	   GPUs                 :                            0 
	   Memory (MB)          :   1081        3000      3000 

	Job terminated of its own accord at 2025-03-10T15:55:55Z with exit-code 0.
...
