000 (13690025.000.000) 03/10 16:07:55 Job submitted from host: <137.138.120.116:9618?addrs=137.138.120.116-9618+[2001-1458-d00-16--17b]-9618&alias=bigbird12.cern.ch&noUDP&sock=schedd_5055_e355>
...
040 (13690025.000.000) 03/10 16:45:20 Started transferring input files
	Transferring to host: <128.142.131.138:9618?addrs=128.142.131.138-9618+[2001-1458-301-59--100-7e]-9618&alias=b9g11p7233.cern.ch&noUDP&sock=slot1_21_2795_148b_25104>
...
040 (13690025.000.000) 03/10 16:45:20 Finished transferring input files
...
001 (13690025.000.000) 03/10 16:45:21 Job executing on host: <128.142.131.138:9618?addrs=128.142.131.138-9618+[2001-1458-301-59--100-7e]-9618&alias=b9g11p7233.cern.ch&noUDP&sock=startd_2410_a355>
	SlotName: slot1_21@b9g11p7233.cern.ch
	CondorScratchDir = "/pool/condor/dir_1416628"
	Cpus = 1
	Disk = 2663
	GPUs = 0
	Memory = 3000
...
006 (13690025.000.000) 03/10 16:45:35 Image size of job updated: 960
	1  -  MemoryUsage of job (MB)
	960  -  ResidentSetSize of job (KB)
...
006 (13690025.000.000) 03/10 16:50:36 Image size of job updated: 777728
	760  -  MemoryUsage of job (MB)
	777728  -  ResidentSetSize of job (KB)
...
006 (13690025.000.000) 03/10 16:55:37 Image size of job updated: 886124
	866  -  MemoryUsage of job (MB)
	886124  -  ResidentSetSize of job (KB)
...
006 (13690025.000.000) 03/10 16:57:55 Image size of job updated: 1192740
	866  -  MemoryUsage of job (MB)
	886124  -  ResidentSetSize of job (KB)
...
040 (13690025.000.000) 03/10 16:57:55 Started transferring output files
...
040 (13690025.000.000) 03/10 16:57:55 Finished transferring output files
...
005 (13690025.000.000) 03/10 16:57:55 Job terminated.
	(1) Normal termination (return value 0)
		Usr 0 00:10:25, Sys 0 00:00:11  -  Run Remote Usage
		Usr 0 00:00:00, Sys 0 00:00:00  -  Run Local Usage
		Usr 0 00:10:25, Sys 0 00:00:11  -  Total Remote Usage
		Usr 0 00:00:00, Sys 0 00:00:00  -  Total Local Usage
	2986  -  Run Bytes Sent By Job
	11046  -  Run Bytes Received By Job
	2986  -  Total Bytes Sent By Job
	11046  -  Total Bytes Received By Job
	Partitionable Resources :    Usage  Request Allocated 
	   Cpus                 :     0.82        1         1 
	   Disk (KB)            : 90604          12      2663 
	   GPUs                 :                           0 
	   Memory (MB)          :   866        3000      3000 

	Job terminated of its own accord at 2025-03-10T15:57:55Z with exit-code 0.
...
