000 (13690078.000.000) 03/10 16:08:45 Job submitted from host: <137.138.120.116:9618?addrs=137.138.120.116-9618+[2001-1458-d00-16--17b]-9618&alias=bigbird12.cern.ch&noUDP&sock=schedd_5055_e355>
...
040 (13690078.000.000) 03/10 16:45:37 Started transferring input files
	Transferring to host: <188.185.211.142:9618?addrs=188.185.211.142-9618+[2001-1458-303-17--100-a]-9618&alias=b9p24p4776.cern.ch&noUDP&sock=slot1_27_6083_c610_102379>
...
040 (13690078.000.000) 03/10 16:45:37 Finished transferring input files
...
001 (13690078.000.000) 03/10 16:45:38 Job executing on host: <188.185.211.142:9618?addrs=188.185.211.142-9618+[2001-1458-303-17--100-a]-9618&alias=b9p24p4776.cern.ch&noUDP&sock=startd_4894_7495>
	SlotName: slot1_27@b9p24p4776.cern.ch
	CondorScratchDir = "/pool/condor/dir_3709451"
	Cpus = 1
	Disk = 3739
	GPUs = 0
	Memory = 3000
...
006 (13690078.000.000) 03/10 16:45:47 Image size of job updated: 2324
	3  -  MemoryUsage of job (MB)
	2324  -  ResidentSetSize of job (KB)
...
006 (13690078.000.000) 03/10 16:49:16 Image size of job updated: 14004
	14  -  MemoryUsage of job (MB)
	14004  -  ResidentSetSize of job (KB)
...
040 (13690078.000.000) 03/10 16:49:16 Started transferring output files
...
040 (13690078.000.000) 03/10 16:49:16 Finished transferring output files
...
005 (13690078.000.000) 03/10 16:49:16 Job terminated.
	(1) Normal termination (return value 0)
		Usr 0 00:01:41, Sys 0 00:00:09  -  Run Remote Usage
		Usr 0 00:00:00, Sys 0 00:00:00  -  Run Local Usage
		Usr 0 00:01:41, Sys 0 00:00:09  -  Total Remote Usage
		Usr 0 00:00:00, Sys 0 00:00:00  -  Total Local Usage
	2988  -  Run Bytes Sent By Job
	11046  -  Run Bytes Received By Job
	2988  -  Total Bytes Sent By Job
	11046  -  Total Bytes Received By Job
	Partitionable Resources :    Usage  Request Allocated 
	   Cpus                 :        0        1         1 
	   Disk (KB)            :    22677       12      3739 
	   GPUs                 :                           0 
	   Memory (MB)          :       14     3000      3000 

	Job terminated of its own accord at 2025-03-10T15:49:16Z with exit-code 0.
...
