000 (13690005.000.000) 03/10 16:07:34 Job submitted from host: <137.138.120.116:9618?addrs=137.138.120.116-9618+[2001-1458-d00-16--17b]-9618&alias=bigbird12.cern.ch&noUDP&sock=schedd_5055_e355>
...
040 (13690005.000.000) 03/10 16:45:14 Started transferring input files
	Transferring to host: <128.142.131.173:9618?addrs=128.142.131.173-9618+[2001-1458-301-59--100-a1]-9618&alias=b9g11p1820.cern.ch&noUDP&sock=slot1_25_2997_6853_29901>
...
040 (13690005.000.000) 03/10 16:45:14 Finished transferring input files
...
001 (13690005.000.000) 03/10 16:45:15 Job executing on host: <128.142.131.173:9618?addrs=128.142.131.173-9618+[2001-1458-301-59--100-a1]-9618&alias=b9g11p1820.cern.ch&noUDP&sock=startd_2615_403f>
	SlotName: slot1_25@b9g11p1820.cern.ch
	CondorScratchDir = "/pool/condor/dir_2100834"
	Cpus = 1
	Disk = 2676
	GPUs = 0
	Memory = 3000
...
006 (13690005.000.000) 03/10 16:45:29 Image size of job updated: 956
	1  -  MemoryUsage of job (MB)
	956  -  ResidentSetSize of job (KB)
...
006 (13690005.000.000) 03/10 16:50:29 Image size of job updated: 828948
	810  -  MemoryUsage of job (MB)
	828948  -  ResidentSetSize of job (KB)
...
006 (13690005.000.000) 03/10 16:50:52 Image size of job updated: 1010200
	810  -  MemoryUsage of job (MB)
	828948  -  ResidentSetSize of job (KB)
...
040 (13690005.000.000) 03/10 16:50:52 Started transferring output files
...
040 (13690005.000.000) 03/10 16:50:52 Finished transferring output files
...
005 (13690005.000.000) 03/10 16:50:52 Job terminated.
	(1) Normal termination (return value 0)
		Usr 0 00:04:01, Sys 0 00:00:09  -  Run Remote Usage
		Usr 0 00:00:00, Sys 0 00:00:00  -  Run Local Usage
		Usr 0 00:04:01, Sys 0 00:00:09  -  Total Remote Usage
		Usr 0 00:00:00, Sys 0 00:00:00  -  Total Local Usage
	2810  -  Run Bytes Sent By Job
	11040  -  Run Bytes Received By Job
	2810  -  Total Bytes Sent By Job
	11040  -  Total Bytes Received By Job
	Partitionable Resources :    Usage  Request Allocated 
	   Cpus                 :     1.53        1         1 
	   Disk (KB)            : 36016          12      2676 
	   GPUs                 :                           0 
	   Memory (MB)          :   810        3000      3000 

	Job terminated of its own accord at 2025-03-10T15:50:52Z with exit-code 0.
...
