000 (13690024.000.000) 03/10 16:07:54 Job submitted from host: <137.138.120.116:9618?addrs=137.138.120.116-9618+[2001-1458-d00-16--17b]-9618&alias=bigbird12.cern.ch&noUDP&sock=schedd_5055_e355>
...
040 (13690024.000.000) 03/10 16:45:20 Started transferring input files
	Transferring to host: <128.142.131.160:9618?addrs=128.142.131.160-9618+[2001-1458-301-59--100-94]-9618&alias=b9g11p2391.cern.ch&noUDP&sock=slot1_31_2796_c8eb_30238>
...
040 (13690024.000.000) 03/10 16:45:20 Finished transferring input files
...
001 (13690024.000.000) 03/10 16:45:21 Job executing on host: <128.142.131.160:9618?addrs=128.142.131.160-9618+[2001-1458-301-59--100-94]-9618&alias=b9g11p2391.cern.ch&noUDP&sock=startd_2422_de78>
	SlotName: slot1_31@b9g11p2391.cern.ch
	CondorScratchDir = "/pool/condor/dir_3935565"
	Cpus = 1
	Disk = 2743
	GPUs = 0
	Memory = 3000
...
006 (13690024.000.000) 03/10 16:45:35 Image size of job updated: 1380
	2  -  MemoryUsage of job (MB)
	1380  -  ResidentSetSize of job (KB)
...
006 (13690024.000.000) 03/10 16:50:36 Image size of job updated: 795040
	777  -  MemoryUsage of job (MB)
	795040  -  ResidentSetSize of job (KB)
...
006 (13690024.000.000) 03/10 16:50:51 Image size of job updated: 938396
	777  -  MemoryUsage of job (MB)
	795040  -  ResidentSetSize of job (KB)
...
040 (13690024.000.000) 03/10 16:50:51 Started transferring output files
...
040 (13690024.000.000) 03/10 16:50:51 Finished transferring output files
...
005 (13690024.000.000) 03/10 16:50:51 Job terminated.
	(1) Normal termination (return value 0)
		Usr 0 00:03:30, Sys 0 00:00:09  -  Run Remote Usage
		Usr 0 00:00:00, Sys 0 00:00:00  -  Run Local Usage
		Usr 0 00:03:30, Sys 0 00:00:09  -  Total Remote Usage
		Usr 0 00:00:00, Sys 0 00:00:00  -  Total Local Usage
	2816  -  Run Bytes Sent By Job
	11046  -  Run Bytes Received By Job
	2816  -  Total Bytes Sent By Job
	11046  -  Total Bytes Received By Job
	Partitionable Resources :    Usage  Request Allocated 
	   Cpus                 :     0.87        1         1 
	   Disk (KB)            : 27262          12      2743 
	   GPUs                 :                           0 
	   Memory (MB)          :   777        3000      3000 

	Job terminated of its own accord at 2025-03-10T15:50:51Z with exit-code 0.
...
