000 (13690007.000.000) 03/10 16:07:37 Job submitted from host: <137.138.120.116:9618?addrs=137.138.120.116-9618+[2001-1458-d00-16--17b]-9618&alias=bigbird12.cern.ch&noUDP&sock=schedd_5055_e355>
...
040 (13690007.000.000) 03/10 16:45:14 Started transferring input files
	Transferring to host: <128.142.131.78:9618?addrs=128.142.131.78-9618+[2001-1458-301-59--100-42]-9618&alias=b9g11p1285.cern.ch&noUDP&sock=slot1_17_85170_b840_17598>
...
040 (13690007.000.000) 03/10 16:45:14 Finished transferring input files
...
001 (13690007.000.000) 03/10 16:45:15 Job executing on host: <128.142.131.78:9618?addrs=128.142.131.78-9618+[2001-1458-301-59--100-42]-9618&alias=b9g11p1285.cern.ch&noUDP&sock=startd_2577_2fa6>
	SlotName: slot1_17@b9g11p1285.cern.ch
	CondorScratchDir = "/pool/condor/dir_2325189"
	Cpus = 1
	Disk = 2621
	GPUs = 0
	Memory = 3000
...
006 (13690007.000.000) 03/10 16:45:28 Image size of job updated: 920
	1  -  MemoryUsage of job (MB)
	824  -  ResidentSetSize of job (KB)
...
006 (13690007.000.000) 03/10 16:50:28 Image size of job updated: 770912
	753  -  MemoryUsage of job (MB)
	770912  -  ResidentSetSize of job (KB)
...
006 (13690007.000.000) 03/10 16:55:28 Image size of job updated: 873148
	853  -  MemoryUsage of job (MB)
	873148  -  ResidentSetSize of job (KB)
...
006 (13690007.000.000) 03/10 17:00:29 Image size of job updated: 949032
	927  -  MemoryUsage of job (MB)
	949032  -  ResidentSetSize of job (KB)
...
006 (13690007.000.000) 03/10 17:05:30 Image size of job updated: 1020780
	997  -  MemoryUsage of job (MB)
	1020780  -  ResidentSetSize of job (KB)
...
006 (13690007.000.000) 03/10 17:07:55 Image size of job updated: 1328748
	997  -  MemoryUsage of job (MB)
	1020780  -  ResidentSetSize of job (KB)
...
040 (13690007.000.000) 03/10 17:07:55 Started transferring output files
...
040 (13690007.000.000) 03/10 17:07:55 Finished transferring output files
...
005 (13690007.000.000) 03/10 17:07:55 Job terminated.
	(1) Normal termination (return value 0)
		Usr 0 00:19:27, Sys 0 00:00:17  -  Run Remote Usage
		Usr 0 00:00:00, Sys 0 00:00:00  -  Run Local Usage
		Usr 0 00:19:27, Sys 0 00:00:17  -  Total Remote Usage
		Usr 0 00:00:00, Sys 0 00:00:00  -  Total Local Usage
	2978  -  Run Bytes Sent By Job
	11040  -  Run Bytes Received By Job
	2978  -  Total Bytes Sent By Job
	11040  -  Total Bytes Received By Job
	Partitionable Resources :     Usage  Request Allocated 
	   Cpus                 :      0.99        1         1 
	   Disk (KB)            : 158011          12      2621 
	   GPUs                 :                            0 
	   Memory (MB)          :    997        3000      3000 

	Job terminated of its own accord at 2025-03-10T16:07:55Z with exit-code 0.
...
