000 (13690014.000.000) 03/10 16:07:44 Job submitted from host: <137.138.120.116:9618?addrs=137.138.120.116-9618+[2001-1458-d00-16--17b]-9618&alias=bigbird12.cern.ch&noUDP&sock=schedd_5055_e355>
...
040 (13690014.000.000) 03/10 16:45:16 Started transferring input files
	Transferring to host: <188.185.215.12:9618?addrs=188.185.215.12-9618+[2001-1458-303-1e--100-8]-9618&alias=b9p31p4720.cern.ch&noUDP&sock=slot1_31_3901_5b78_95054>
...
040 (13690014.000.000) 03/10 16:45:16 Finished transferring input files
...
001 (13690014.000.000) 03/10 16:45:17 Job executing on host: <188.185.215.12:9618?addrs=188.185.215.12-9618+[2001-1458-303-1e--100-8]-9618&alias=b9p31p4720.cern.ch&noUDP&sock=startd_3197_745e>
	SlotName: slot1_31@b9p31p4720.cern.ch
	CondorScratchDir = "/pool/condor/dir_1979121"
	Cpus = 1
	Disk = 3800
	GPUs = 0
	Memory = 3000
...
006 (13690014.000.000) 03/10 16:45:25 Image size of job updated: 1752
	2  -  MemoryUsage of job (MB)
	1752  -  ResidentSetSize of job (KB)
...
006 (13690014.000.000) 03/10 16:50:25 Image size of job updated: 902568
	882  -  MemoryUsage of job (MB)
	902568  -  ResidentSetSize of job (KB)
...
040 (13690014.000.000) 03/10 16:50:47 Started transferring output files
...
040 (13690014.000.000) 03/10 16:50:47 Finished transferring output files
...
005 (13690014.000.000) 03/10 16:50:47 Job terminated.
	(1) Normal termination (return value 0)
		Usr 0 00:04:05, Sys 0 00:00:10  -  Run Remote Usage
		Usr 0 00:00:00, Sys 0 00:00:00  -  Run Local Usage
		Usr 0 00:04:05, Sys 0 00:00:10  -  Total Remote Usage
		Usr 0 00:00:00, Sys 0 00:00:00  -  Total Local Usage
	2816  -  Run Bytes Sent By Job
	11046  -  Run Bytes Received By Job
	2816  -  Total Bytes Sent By Job
	11046  -  Total Bytes Received By Job
	Partitionable Resources :    Usage  Request Allocated 
	   Cpus                 :     0.99        1         1 
	   Disk (KB)            : 54146          12      3800 
	   GPUs                 :                           0 
	   Memory (MB)          :   882        3000      3000 

	Job terminated of its own accord at 2025-03-10T15:50:47Z with exit-code 0.
...
