000 (13690004.000.000) 03/10 16:07:33 Job submitted from host: <137.138.120.116:9618?addrs=137.138.120.116-9618+[2001-1458-d00-16--17b]-9618&alias=bigbird12.cern.ch&noUDP&sock=schedd_5055_e355>
...
040 (13690004.000.000) 03/10 16:45:14 Started transferring input files
	Transferring to host: <188.185.209.43:9618?addrs=188.185.209.43-9618+[2001-1458-303-11--100-28]-9618&alias=b9p11p2832.cern.ch&noUDP&sock=slot1_15_3872_ec97_112507>
...
040 (13690004.000.000) 03/10 16:45:14 Finished transferring input files
...
001 (13690004.000.000) 03/10 16:45:15 Job executing on host: <188.185.209.43:9618?addrs=188.185.209.43-9618+[2001-1458-303-11--100-28]-9618&alias=b9p11p2832.cern.ch&noUDP&sock=startd_3555_0345>
	SlotName: slot1_15@b9p11p2832.cern.ch
	CondorScratchDir = "/pool/condor/dir_2270848"
	Cpus = 1
	Disk = 3572
	GPUs = 0
	Memory = 3000
...
006 (13690004.000.000) 03/10 16:45:23 Image size of job updated: 15480
	16  -  MemoryUsage of job (MB)
	15480  -  ResidentSetSize of job (KB)
...
006 (13690004.000.000) 03/10 16:50:23 Image size of job updated: 1187000
	1160  -  MemoryUsage of job (MB)
	1187000  -  ResidentSetSize of job (KB)
...
006 (13690004.000.000) 03/10 16:55:24 Image size of job updated: 1325312
	1295  -  MemoryUsage of job (MB)
	1325312  -  ResidentSetSize of job (KB)
...
006 (13690004.000.000) 03/10 17:00:25 Image size of job updated: 1458496
	1425  -  MemoryUsage of job (MB)
	1458496  -  ResidentSetSize of job (KB)
...
006 (13690004.000.000) 03/10 17:05:25 Image size of job updated: 1591464
	1555  -  MemoryUsage of job (MB)
	1591464  -  ResidentSetSize of job (KB)
...
006 (13690004.000.000) 03/10 17:10:25 Image size of job updated: 1724264
	1684  -  MemoryUsage of job (MB)
	1724264  -  ResidentSetSize of job (KB)
...
006 (13690004.000.000) 03/10 17:15:26 Image size of job updated: 1862812
	1820  -  MemoryUsage of job (MB)
	1862812  -  ResidentSetSize of job (KB)
...
006 (13690004.000.000) 03/10 17:20:26 Image size of job updated: 1984984
	1939  -  MemoryUsage of job (MB)
	1984984  -  ResidentSetSize of job (KB)
...
006 (13690004.000.000) 03/10 17:25:26 Image size of job updated: 2097204
	2049  -  MemoryUsage of job (MB)
	2097204  -  ResidentSetSize of job (KB)
...
006 (13690004.000.000) 03/10 17:30:27 Image size of job updated: 2233988
	2182  -  MemoryUsage of job (MB)
	2233988  -  ResidentSetSize of job (KB)
...
006 (13690004.000.000) 03/10 17:35:28 Image size of job updated: 2387824
	2332  -  MemoryUsage of job (MB)
	2387824  -  ResidentSetSize of job (KB)
...
006 (13690004.000.000) 03/10 17:40:28 Image size of job updated: 2539676
	2481  -  MemoryUsage of job (MB)
	2539676  -  ResidentSetSize of job (KB)
...
006 (13690004.000.000) 03/10 17:45:29 Image size of job updated: 2687144
	2625  -  MemoryUsage of job (MB)
	2687144  -  ResidentSetSize of job (KB)
...
006 (13690004.000.000) 03/10 17:50:30 Image size of job updated: 2837168
	2771  -  MemoryUsage of job (MB)
	2837168  -  ResidentSetSize of job (KB)
...
006 (13690004.000.000) 03/10 17:55:30 Image size of job updated: 2992804
	2923  -  MemoryUsage of job (MB)
	2992804  -  ResidentSetSize of job (KB)
...
006 (13690004.000.000) 03/10 18:00:31 Image size of job updated: 3141376
	3068  -  MemoryUsage of job (MB)
	3141376  -  ResidentSetSize of job (KB)
...
006 (13690004.000.000) 03/10 18:05:32 Image size of job updated: 3590532
	3507  -  MemoryUsage of job (MB)
	3590532  -  ResidentSetSize of job (KB)
...
040 (13690004.000.000) 03/10 18:09:06 Started transferring output files
...
040 (13690004.000.000) 03/10 18:09:07 Finished transferring output files
...
005 (13690004.000.000) 03/10 18:09:07 Job terminated.
	(1) Normal termination (return value 0)
		Usr 0 01:11:34, Sys 0 00:00:46  -  Run Remote Usage
		Usr 0 00:00:00, Sys 0 00:00:00  -  Run Local Usage
		Usr 0 01:11:34, Sys 0 00:00:46  -  Total Remote Usage
		Usr 0 00:00:00, Sys 0 00:00:00  -  Total Local Usage
	4594  -  Run Bytes Sent By Job
	11040  -  Run Bytes Received By Job
	4594  -  Total Bytes Sent By Job
	11040  -  Total Bytes Received By Job
	Partitionable Resources :      Usage  Request Allocated 
	   Cpus                 :       0.99        1         1 
	   Disk (KB)            : 1094735          12      3572 
	   GPUs                 :                             0 
	   Memory (MB)          :    3507        3000      3000 

	Job terminated of its own accord at 2025-03-10T17:09:06Z with exit-code 0.
...
