000 (13690063.000.000) 03/10 16:08:35 Job submitted from host: <137.138.120.116:9618?addrs=137.138.120.116-9618+[2001-1458-d00-16--17b]-9618&alias=bigbird12.cern.ch&noUDP&sock=schedd_5055_e355>
...
040 (13690063.000.000) 03/10 16:45:33 Started transferring input files
	Transferring to host: <128.142.131.50:9618?addrs=128.142.131.50-9618+[2001-1458-301-59--100-26]-9618&alias=b9g11p8090.cern.ch&noUDP&sock=slot1_10_3002_ee33_24630>
...
040 (13690063.000.000) 03/10 16:45:33 Finished transferring input files
...
001 (13690063.000.000) 03/10 16:45:35 Job executing on host: <128.142.131.50:9618?addrs=128.142.131.50-9618+[2001-1458-301-59--100-26]-9618&alias=b9g11p8090.cern.ch&noUDP&sock=startd_2623_bd01>
	SlotName: slot1_10@b9g11p8090.cern.ch
	CondorScratchDir = "/pool/condor/dir_404339"
	Cpus = 1
	Disk = 2585
	GPUs = 0
	Memory = 3000
...
006 (13690063.000.000) 03/10 16:45:48 Image size of job updated: 820
	1  -  MemoryUsage of job (MB)
	820  -  ResidentSetSize of job (KB)
...
006 (13690063.000.000) 03/10 16:50:48 Image size of job updated: 777236
	760  -  MemoryUsage of job (MB)
	777236  -  ResidentSetSize of job (KB)
...
006 (13690063.000.000) 03/10 16:55:49 Image size of job updated: 878648
	859  -  MemoryUsage of job (MB)
	878648  -  ResidentSetSize of job (KB)
...
006 (13690063.000.000) 03/10 17:00:50 Image size of job updated: 956708
	935  -  MemoryUsage of job (MB)
	956708  -  ResidentSetSize of job (KB)
...
006 (13690063.000.000) 03/10 17:05:50 Image size of job updated: 1031076
	1007  -  MemoryUsage of job (MB)
	1031076  -  ResidentSetSize of job (KB)
...
006 (13690063.000.000) 03/10 17:10:51 Image size of job updated: 1113976
	1088  -  MemoryUsage of job (MB)
	1113976  -  ResidentSetSize of job (KB)
...
006 (13690063.000.000) 03/10 17:15:52 Image size of job updated: 1188516
	1161  -  MemoryUsage of job (MB)
	1188516  -  ResidentSetSize of job (KB)
...
006 (13690063.000.000) 03/10 17:20:52 Image size of job updated: 1263496
	1234  -  MemoryUsage of job (MB)
	1263496  -  ResidentSetSize of job (KB)
...
006 (13690063.000.000) 03/10 17:25:53 Image size of job updated: 1334392
	1304  -  MemoryUsage of job (MB)
	1334392  -  ResidentSetSize of job (KB)
...
006 (13690063.000.000) 03/10 17:30:54 Image size of job updated: 1406252
	1374  -  MemoryUsage of job (MB)
	1406252  -  ResidentSetSize of job (KB)
...
006 (13690063.000.000) 03/10 17:35:54 Image size of job updated: 1759592
	1719  -  MemoryUsage of job (MB)
	1759592  -  ResidentSetSize of job (KB)
...
006 (13690063.000.000) 03/10 17:36:05 Image size of job updated: 1759880
	1719  -  MemoryUsage of job (MB)
	1759592  -  ResidentSetSize of job (KB)
...
040 (13690063.000.000) 03/10 17:36:05 Started transferring output files
...
040 (13690063.000.000) 03/10 17:36:05 Finished transferring output files
...
005 (13690063.000.000) 03/10 17:36:05 Job terminated.
	(1) Normal termination (return value 0)
		Usr 0 00:44:39, Sys 0 00:00:31  -  Run Remote Usage
		Usr 0 00:00:00, Sys 0 00:00:00  -  Run Local Usage
		Usr 0 00:44:39, Sys 0 00:00:31  -  Total Remote Usage
		Usr 0 00:00:00, Sys 0 00:00:00  -  Total Local Usage
	3306  -  Run Bytes Sent By Job
	11046  -  Run Bytes Received By Job
	3306  -  Total Bytes Sent By Job
	11046  -  Total Bytes Received By Job
	Partitionable Resources :     Usage  Request Allocated 
	   Cpus                 :      0.99        1         1 
	   Disk (KB)            : 369564          12      2585 
	   GPUs                 :                            0 
	   Memory (MB)          :   1719        3000      3000 

	Job terminated of its own accord at 2025-03-10T16:36:05Z with exit-code 0.
...
