000 (13690038.000.000) 03/10 16:08:10 Job submitted from host: <137.138.120.116:9618?addrs=137.138.120.116-9618+[2001-1458-d00-16--17b]-9618&alias=bigbird12.cern.ch&noUDP&sock=schedd_5055_e355>
...
040 (13690038.000.000) 03/10 16:45:26 Started transferring input files
	Transferring to host: <128.142.131.96:9618?addrs=128.142.131.96-9618+[2001-1458-301-59--100-54]-9618&alias=b9g11p8056.cern.ch&noUDP&sock=slot1_20_3025_22d4_108137>
...
040 (13690038.000.000) 03/10 16:45:26 Finished transferring input files
...
001 (13690038.000.000) 03/10 16:45:27 Job executing on host: <128.142.131.96:9618?addrs=128.142.131.96-9618+[2001-1458-301-59--100-54]-9618&alias=b9g11p8056.cern.ch&noUDP&sock=startd_2701_3d64>
	SlotName: slot1_20@b9g11p8056.cern.ch
	CondorScratchDir = "/pool/condor/dir_1730218"
	Cpus = 1
	Disk = 2688
	GPUs = 0
	Memory = 3000
...
006 (13690038.000.000) 03/10 16:45:36 Image size of job updated: 3580
	4  -  MemoryUsage of job (MB)
	3580  -  ResidentSetSize of job (KB)
...
006 (13690038.000.000) 03/10 16:50:37 Image size of job updated: 33104
	33  -  MemoryUsage of job (MB)
	33104  -  ResidentSetSize of job (KB)
...
006 (13690038.000.000) 03/10 16:55:37 Image size of job updated: 33164
	33  -  MemoryUsage of job (MB)
	33164  -  ResidentSetSize of job (KB)
...
006 (13690038.000.000) 03/10 17:00:37 Image size of job updated: 39700
	39  -  MemoryUsage of job (MB)
	39700  -  ResidentSetSize of job (KB)
...
006 (13690038.000.000) 03/10 17:05:38 Image size of job updated: 39720
	39  -  MemoryUsage of job (MB)
	39720  -  ResidentSetSize of job (KB)
...
006 (13690038.000.000) 03/10 17:10:39 Image size of job updated: 41696
	41  -  MemoryUsage of job (MB)
	41696  -  ResidentSetSize of job (KB)
...
006 (13690038.000.000) 03/10 17:15:39 Image size of job updated: 44828
	44  -  MemoryUsage of job (MB)
	44828  -  ResidentSetSize of job (KB)
...
006 (13690038.000.000) 03/10 17:20:40 Image size of job updated: 46728
	46  -  MemoryUsage of job (MB)
	46728  -  ResidentSetSize of job (KB)
...
006 (13690038.000.000) 03/10 17:25:41 Image size of job updated: 52836
	52  -  MemoryUsage of job (MB)
	52836  -  ResidentSetSize of job (KB)
...
006 (13690038.000.000) 03/10 17:30:41 Image size of job updated: 52836
	52  -  MemoryUsage of job (MB)
	53092  -  ResidentSetSize of job (KB)
...
006 (13690038.000.000) 03/10 17:35:41 Image size of job updated: 53184
	52  -  MemoryUsage of job (MB)
	53184  -  ResidentSetSize of job (KB)
...
006 (13690038.000.000) 03/10 17:45:42 Image size of job updated: 53576
	53  -  MemoryUsage of job (MB)
	53576  -  ResidentSetSize of job (KB)
...
006 (13690038.000.000) 03/10 17:50:42 Image size of job updated: 57268
	56  -  MemoryUsage of job (MB)
	57268  -  ResidentSetSize of job (KB)
...
040 (13690038.000.000) 03/10 17:52:23 Started transferring output files
...
040 (13690038.000.000) 03/10 17:52:23 Finished transferring output files
...
005 (13690038.000.000) 03/10 17:52:23 Job terminated.
	(1) Normal termination (return value 0)
		Usr 0 00:59:42, Sys 0 00:00:25  -  Run Remote Usage
		Usr 0 00:00:00, Sys 0 00:00:00  -  Run Local Usage
		Usr 0 00:59:42, Sys 0 00:00:25  -  Total Remote Usage
		Usr 0 00:00:00, Sys 0 00:00:00  -  Total Local Usage
	3626  -  Run Bytes Sent By Job
	11046  -  Run Bytes Received By Job
	3626  -  Total Bytes Sent By Job
	11046  -  Total Bytes Received By Job
	Partitionable Resources :     Usage  Request Allocated 
	   Cpus                 :      0.93        1         1 
	   Disk (KB)            : 472837          12      2688 
	   GPUs                 :                            0 
	   Memory (MB)          :     56        3000      3000 

	Job terminated of its own accord at 2025-03-10T16:52:23Z with exit-code 0.
...
