000 (13690049.000.000) 03/10 16:08:21 Job submitted from host: <137.138.120.116:9618?addrs=137.138.120.116-9618+[2001-1458-d00-16--17b]-9618&alias=bigbird12.cern.ch&noUDP&sock=schedd_5055_e355>
...
040 (13690049.000.000) 03/10 16:45:29 Started transferring input files
	Transferring to host: <128.142.137.213:9618?addrs=128.142.137.213-9618+[2001-1458-301-5e--100-c9]-9618&alias=b9g19p6235.cern.ch&noUDP&sock=slot1_34_2792_f76b_24319>
...
040 (13690049.000.000) 03/10 16:45:29 Finished transferring input files
...
001 (13690049.000.000) 03/10 16:45:30 Job executing on host: <128.142.137.213:9618?addrs=128.142.137.213-9618+[2001-1458-301-5e--100-c9]-9618&alias=b9g19p6235.cern.ch&noUDP&sock=startd_2421_2ee0>
	SlotName: slot1_34@b9g19p6235.cern.ch
	CondorScratchDir = "/pool/condor/dir_1395174"
	Cpus = 1
	Disk = 2692
	GPUs = 0
	Memory = 3000
...
006 (13690049.000.000) 03/10 16:45:44 Image size of job updated: 792
	1  -  MemoryUsage of job (MB)
	792  -  ResidentSetSize of job (KB)
...
006 (13690049.000.000) 03/10 16:50:45 Image size of job updated: 773540
	756  -  MemoryUsage of job (MB)
	773540  -  ResidentSetSize of job (KB)
...
006 (13690049.000.000) 03/10 16:55:45 Image size of job updated: 871676
	852  -  MemoryUsage of job (MB)
	871676  -  ResidentSetSize of job (KB)
...
006 (13690049.000.000) 03/10 17:00:45 Image size of job updated: 949524
	928  -  MemoryUsage of job (MB)
	949524  -  ResidentSetSize of job (KB)
...
006 (13690049.000.000) 03/10 17:05:46 Image size of job updated: 1022968
	999  -  MemoryUsage of job (MB)
	1022968  -  ResidentSetSize of job (KB)
...
006 (13690049.000.000) 03/10 17:10:47 Image size of job updated: 1098356
	1073  -  MemoryUsage of job (MB)
	1098356  -  ResidentSetSize of job (KB)
...
006 (13690049.000.000) 03/10 17:15:03 Image size of job updated: 1457504
	1073  -  MemoryUsage of job (MB)
	1098356  -  ResidentSetSize of job (KB)
...
040 (13690049.000.000) 03/10 17:15:03 Started transferring output files
...
040 (13690049.000.000) 03/10 17:15:03 Finished transferring output files
...
005 (13690049.000.000) 03/10 17:15:03 Job terminated.
	(1) Normal termination (return value 0)
		Usr 0 00:25:43, Sys 0 00:00:23  -  Run Remote Usage
		Usr 0 00:00:00, Sys 0 00:00:00  -  Run Local Usage
		Usr 0 00:25:43, Sys 0 00:00:23  -  Total Remote Usage
		Usr 0 00:00:00, Sys 0 00:00:00  -  Total Local Usage
	3143  -  Run Bytes Sent By Job
	11046  -  Run Bytes Received By Job
	3143  -  Total Bytes Sent By Job
	11046  -  Total Bytes Received By Job
	Partitionable Resources :     Usage  Request Allocated 
	   Cpus                 :      0.99        1         1 
	   Disk (KB)            : 213558          12      2692 
	   GPUs                 :                            0 
	   Memory (MB)          :   1073        3000      3000 

	Job terminated of its own accord at 2025-03-10T16:15:03Z with exit-code 0.
...
