000 (13690062.000.000) 03/10 16:08:35 Job submitted from host: <137.138.120.116:9618?addrs=137.138.120.116-9618+[2001-1458-d00-16--17b]-9618&alias=bigbird12.cern.ch&noUDP&sock=schedd_5055_e355>
...
040 (13690062.000.000) 03/10 16:45:34 Started transferring input files
	Transferring to host: <128.142.131.35:9618?addrs=128.142.131.35-9618+[2001-1458-301-59--100-17]-9618&alias=b9g11p0695.cern.ch&noUDP&sock=slot1_5_53527_5d1a_18467>
...
040 (13690062.000.000) 03/10 16:45:34 Finished transferring input files
...
001 (13690062.000.000) 03/10 16:45:35 Job executing on host: <128.142.131.35:9618?addrs=128.142.131.35-9618+[2001-1458-301-59--100-17]-9618&alias=b9g11p0695.cern.ch&noUDP&sock=startd_2665_8bfb>
	SlotName: slot1_5@b9g11p0695.cern.ch
	CondorScratchDir = "/pool/condor/dir_4050231"
	Cpus = 1
	Disk = 2663
	GPUs = 0
	Memory = 3000
...
006 (13690062.000.000) 03/10 16:45:43 Image size of job updated: 1792
	2  -  MemoryUsage of job (MB)
	1792  -  ResidentSetSize of job (KB)
...
006 (13690062.000.000) 03/10 16:50:43 Image size of job updated: 1091068
	1066  -  MemoryUsage of job (MB)
	1091068  -  ResidentSetSize of job (KB)
...
006 (13690062.000.000) 03/10 16:55:44 Image size of job updated: 1202108
	1174  -  MemoryUsage of job (MB)
	1202108  -  ResidentSetSize of job (KB)
...
006 (13690062.000.000) 03/10 17:00:45 Image size of job updated: 1277952
	1248  -  MemoryUsage of job (MB)
	1277952  -  ResidentSetSize of job (KB)
...
006 (13690062.000.000) 03/10 17:05:45 Image size of job updated: 1352956
	1322  -  MemoryUsage of job (MB)
	1352956  -  ResidentSetSize of job (KB)
...
006 (13690062.000.000) 03/10 17:10:45 Image size of job updated: 1427208
	1394  -  MemoryUsage of job (MB)
	1427208  -  ResidentSetSize of job (KB)
...
006 (13690062.000.000) 03/10 17:15:46 Image size of job updated: 1499268
	1465  -  MemoryUsage of job (MB)
	1499268  -  ResidentSetSize of job (KB)
...
006 (13690062.000.000) 03/10 17:20:46 Image size of job updated: 1580772
	1544  -  MemoryUsage of job (MB)
	1580772  -  ResidentSetSize of job (KB)
...
006 (13690062.000.000) 03/10 17:25:46 Image size of job updated: 1661016
	1623  -  MemoryUsage of job (MB)
	1661016  -  ResidentSetSize of job (KB)
...
006 (13690062.000.000) 03/10 17:30:47 Image size of job updated: 1740316
	1700  -  MemoryUsage of job (MB)
	1740316  -  ResidentSetSize of job (KB)
...
006 (13690062.000.000) 03/10 17:35:48 Image size of job updated: 1814376
	1772  -  MemoryUsage of job (MB)
	1814376  -  ResidentSetSize of job (KB)
...
006 (13690062.000.000) 03/10 17:40:48 Image size of job updated: 1890040
	1846  -  MemoryUsage of job (MB)
	1890040  -  ResidentSetSize of job (KB)
...
006 (13690062.000.000) 03/10 17:45:49 Image size of job updated: 1969256
	1924  -  MemoryUsage of job (MB)
	1969256  -  ResidentSetSize of job (KB)
...
006 (13690062.000.000) 03/10 17:50:50 Image size of job updated: 2048396
	2001  -  MemoryUsage of job (MB)
	2048396  -  ResidentSetSize of job (KB)
...
006 (13690062.000.000) 03/10 17:55:50 Image size of job updated: 2124208
	2075  -  MemoryUsage of job (MB)
	2124208  -  ResidentSetSize of job (KB)
...
006 (13690062.000.000) 03/10 18:00:50 Image size of job updated: 2201512
	2150  -  MemoryUsage of job (MB)
	2201512  -  ResidentSetSize of job (KB)
...
006 (13690062.000.000) 03/10 18:05:51 Image size of job updated: 2272488
	2220  -  MemoryUsage of job (MB)
	2272488  -  ResidentSetSize of job (KB)
...
006 (13690062.000.000) 03/10 18:10:52 Image size of job updated: 2399604
	2344  -  MemoryUsage of job (MB)
	2399604  -  ResidentSetSize of job (KB)
...
040 (13690062.000.000) 03/10 18:12:50 Started transferring output files
...
040 (13690062.000.000) 03/10 18:12:50 Finished transferring output files
...
005 (13690062.000.000) 03/10 18:12:50 Job terminated.
	(1) Normal termination (return value 0)
		Usr 0 01:17:35, Sys 0 00:00:27  -  Run Remote Usage
		Usr 0 00:00:00, Sys 0 00:00:00  -  Run Local Usage
		Usr 0 01:17:35, Sys 0 00:00:27  -  Total Remote Usage
		Usr 0 00:00:00, Sys 0 00:00:00  -  Total Local Usage
	3950  -  Run Bytes Sent By Job
	11046  -  Run Bytes Received By Job
	3950  -  Total Bytes Sent By Job
	11046  -  Total Bytes Received By Job
	Partitionable Resources :     Usage  Request Allocated 
	   Cpus                 :      0.99        1         1 
	   Disk (KB)            : 655779          12      2663 
	   GPUs                 :                            0 
	   Memory (MB)          :   2344        3000      3000 

	Job terminated of its own accord at 2025-03-10T17:12:50Z with exit-code 0.
...
