000 (13690045.000.000) 03/10 16:08:17 Job submitted from host: <137.138.120.116:9618?addrs=137.138.120.116-9618+[2001-1458-d00-16--17b]-9618&alias=bigbird12.cern.ch&noUDP&sock=schedd_5055_e355>
...
040 (13690045.000.000) 03/10 16:45:28 Started transferring input files
	Transferring to host: <128.142.131.33:9618?addrs=128.142.131.33-9618+[2001-1458-301-59--100-15]-9618&alias=b9g11p5603.cern.ch&noUDP&sock=slot1_38_3878620_6a94_22272>
...
040 (13690045.000.000) 03/10 16:45:28 Finished transferring input files
...
001 (13690045.000.000) 03/10 16:45:29 Job executing on host: <128.142.131.33:9618?addrs=128.142.131.33-9618+[2001-1458-301-59--100-15]-9618&alias=b9g11p5603.cern.ch&noUDP&sock=startd_2540_cea5>
	SlotName: slot1_38@b9g11p5603.cern.ch
	CondorScratchDir = "/pool/condor/dir_258542"
	Cpus = 1
	Disk = 2588
	GPUs = 0
	Memory = 3000
...
006 (13690045.000.000) 03/10 16:45:42 Image size of job updated: 928
	1  -  MemoryUsage of job (MB)
	928  -  ResidentSetSize of job (KB)
...
006 (13690045.000.000) 03/10 16:50:42 Image size of job updated: 778680
	761  -  MemoryUsage of job (MB)
	778680  -  ResidentSetSize of job (KB)
...
006 (13690045.000.000) 03/10 16:55:43 Image size of job updated: 880960
	861  -  MemoryUsage of job (MB)
	880960  -  ResidentSetSize of job (KB)
...
006 (13690045.000.000) 03/10 17:00:44 Image size of job updated: 958896
	937  -  MemoryUsage of job (MB)
	958896  -  ResidentSetSize of job (KB)
...
006 (13690045.000.000) 03/10 17:05:44 Image size of job updated: 1032980
	1009  -  MemoryUsage of job (MB)
	1032980  -  ResidentSetSize of job (KB)
...
006 (13690045.000.000) 03/10 17:10:45 Image size of job updated: 1112272
	1087  -  MemoryUsage of job (MB)
	1112272  -  ResidentSetSize of job (KB)
...
006 (13690045.000.000) 03/10 17:15:46 Image size of job updated: 1192868
	1165  -  MemoryUsage of job (MB)
	1192868  -  ResidentSetSize of job (KB)
...
006 (13690045.000.000) 03/10 17:20:46 Image size of job updated: 1272800
	1243  -  MemoryUsage of job (MB)
	1272800  -  ResidentSetSize of job (KB)
...
006 (13690045.000.000) 03/10 17:25:46 Image size of job updated: 1358864
	1328  -  MemoryUsage of job (MB)
	1358864  -  ResidentSetSize of job (KB)
...
006 (13690045.000.000) 03/10 17:30:47 Image size of job updated: 1552204
	1516  -  MemoryUsage of job (MB)
	1552204  -  ResidentSetSize of job (KB)
...
006 (13690045.000.000) 03/10 17:33:13 Image size of job updated: 1765832
	1516  -  MemoryUsage of job (MB)
	1552204  -  ResidentSetSize of job (KB)
...
040 (13690045.000.000) 03/10 17:33:13 Started transferring output files
...
040 (13690045.000.000) 03/10 17:33:13 Finished transferring output files
...
005 (13690045.000.000) 03/10 17:33:13 Job terminated.
	(1) Normal termination (return value 0)
		Usr 0 00:41:54, Sys 0 00:00:21  -  Run Remote Usage
		Usr 0 00:00:00, Sys 0 00:00:00  -  Run Local Usage
		Usr 0 00:41:54, Sys 0 00:00:21  -  Total Remote Usage
		Usr 0 00:00:00, Sys 0 00:00:00  -  Total Local Usage
	3306  -  Run Bytes Sent By Job
	11046  -  Run Bytes Received By Job
	3306  -  Total Bytes Sent By Job
	11046  -  Total Bytes Received By Job
	Partitionable Resources :     Usage  Request Allocated 
	   Cpus                 :      0.10        1         1 
	   Disk (KB)            : 370741          12      2588 
	   GPUs                 :                            0 
	   Memory (MB)          :   1516        3000      3000 

	Job terminated of its own accord at 2025-03-10T16:33:13Z with exit-code 0.
...
