000 (13690039.000.000) 03/10 16:08:10 Job submitted from host: <137.138.120.116:9618?addrs=137.138.120.116-9618+[2001-1458-d00-16--17b]-9618&alias=bigbird12.cern.ch&noUDP&sock=schedd_5055_e355>
...
040 (13690039.000.000) 03/10 16:45:26 Started transferring input files
	Transferring to host: <128.142.131.70:9618?addrs=128.142.131.70-9618+[2001-1458-301-59--100-3a]-9618&alias=b9g11p9357.cern.ch&noUDP&sock=slot1_40_3010_9133_24956>
...
040 (13690039.000.000) 03/10 16:45:26 Finished transferring input files
...
001 (13690039.000.000) 03/10 16:45:27 Job executing on host: <128.142.131.70:9618?addrs=128.142.131.70-9618+[2001-1458-301-59--100-3a]-9618&alias=b9g11p9357.cern.ch&noUDP&sock=startd_2639_b685>
	SlotName: slot1_40@b9g11p9357.cern.ch
	CondorScratchDir = "/pool/condor/dir_1541607"
	Cpus = 1
	Disk = 2626
	GPUs = 0
	Memory = 3000
...
006 (13690039.000.000) 03/10 16:45:41 Image size of job updated: 776
	1  -  MemoryUsage of job (MB)
	776  -  ResidentSetSize of job (KB)
...
006 (13690039.000.000) 03/10 16:50:42 Image size of job updated: 703512
	688  -  MemoryUsage of job (MB)
	703512  -  ResidentSetSize of job (KB)
...
006 (13690039.000.000) 03/10 16:55:42 Image size of job updated: 772440
	755  -  MemoryUsage of job (MB)
	772440  -  ResidentSetSize of job (KB)
...
006 (13690039.000.000) 03/10 17:00:42 Image size of job updated: 849556
	830  -  MemoryUsage of job (MB)
	849556  -  ResidentSetSize of job (KB)
...
006 (13690039.000.000) 03/10 17:05:43 Image size of job updated: 896152
	876  -  MemoryUsage of job (MB)
	896152  -  ResidentSetSize of job (KB)
...
006 (13690039.000.000) 03/10 17:10:43 Image size of job updated: 963936
	942  -  MemoryUsage of job (MB)
	963936  -  ResidentSetSize of job (KB)
...
006 (13690039.000.000) 03/10 17:15:43 Image size of job updated: 1009036
	986  -  MemoryUsage of job (MB)
	1009036  -  ResidentSetSize of job (KB)
...
006 (13690039.000.000) 03/10 17:20:44 Image size of job updated: 1047664
	1024  -  MemoryUsage of job (MB)
	1047664  -  ResidentSetSize of job (KB)
...
006 (13690039.000.000) 03/10 17:25:45 Image size of job updated: 1109912
	1084  -  MemoryUsage of job (MB)
	1109912  -  ResidentSetSize of job (KB)
...
006 (13690039.000.000) 03/10 17:30:45 Image size of job updated: 1156380
	1130  -  MemoryUsage of job (MB)
	1156380  -  ResidentSetSize of job (KB)
...
006 (13690039.000.000) 03/10 17:35:46 Image size of job updated: 1197028
	1169  -  MemoryUsage of job (MB)
	1197028  -  ResidentSetSize of job (KB)
...
006 (13690039.000.000) 03/10 17:40:47 Image size of job updated: 1250284
	1221  -  MemoryUsage of job (MB)
	1250284  -  ResidentSetSize of job (KB)
...
006 (13690039.000.000) 03/10 17:45:47 Image size of job updated: 1309616
	1279  -  MemoryUsage of job (MB)
	1309616  -  ResidentSetSize of job (KB)
...
006 (13690039.000.000) 03/10 17:50:48 Image size of job updated: 1351776
	1321  -  MemoryUsage of job (MB)
	1351776  -  ResidentSetSize of job (KB)
...
006 (13690039.000.000) 03/10 17:55:49 Image size of job updated: 1392052
	1360  -  MemoryUsage of job (MB)
	1392052  -  ResidentSetSize of job (KB)
...
006 (13690039.000.000) 03/10 18:00:49 Image size of job updated: 1458876
	1425  -  MemoryUsage of job (MB)
	1458876  -  ResidentSetSize of job (KB)
...
006 (13690039.000.000) 03/10 18:05:49 Image size of job updated: 1503824
	1469  -  MemoryUsage of job (MB)
	1503824  -  ResidentSetSize of job (KB)
...
006 (13690039.000.000) 03/10 18:10:50 Image size of job updated: 1544496
	1509  -  MemoryUsage of job (MB)
	1544496  -  ResidentSetSize of job (KB)
...
006 (13690039.000.000) 03/10 18:15:50 Image size of job updated: 1599960
	1563  -  MemoryUsage of job (MB)
	1599960  -  ResidentSetSize of job (KB)
...
006 (13690039.000.000) 03/10 18:20:50 Image size of job updated: 1652512
	1614  -  MemoryUsage of job (MB)
	1652512  -  ResidentSetSize of job (KB)
...
006 (13690039.000.000) 03/10 18:25:51 Image size of job updated: 1695016
	1656  -  MemoryUsage of job (MB)
	1695016  -  ResidentSetSize of job (KB)
...
006 (13690039.000.000) 03/10 18:30:52 Image size of job updated: 1739980
	1700  -  MemoryUsage of job (MB)
	1739980  -  ResidentSetSize of job (KB)
...
006 (13690039.000.000) 03/10 18:35:52 Image size of job updated: 1805372
	1764  -  MemoryUsage of job (MB)
	1805372  -  ResidentSetSize of job (KB)
...
006 (13690039.000.000) 03/10 18:40:53 Image size of job updated: 1846604
	1804  -  MemoryUsage of job (MB)
	1846604  -  ResidentSetSize of job (KB)
...
006 (13690039.000.000) 03/10 18:45:54 Image size of job updated: 1887512
	1844  -  MemoryUsage of job (MB)
	1887512  -  ResidentSetSize of job (KB)
...
006 (13690039.000.000) 03/10 18:50:54 Image size of job updated: 1949824
	1905  -  MemoryUsage of job (MB)
	1949824  -  ResidentSetSize of job (KB)
...
006 (13690039.000.000) 03/10 18:55:55 Image size of job updated: 1999936
	1954  -  MemoryUsage of job (MB)
	1999936  -  ResidentSetSize of job (KB)
...
006 (13690039.000.000) 03/10 19:00:56 Image size of job updated: 2041504
	1994  -  MemoryUsage of job (MB)
	2041504  -  ResidentSetSize of job (KB)
...
006 (13690039.000.000) 03/10 19:05:56 Image size of job updated: 2091084
	2043  -  MemoryUsage of job (MB)
	2091084  -  ResidentSetSize of job (KB)
...
006 (13690039.000.000) 03/10 19:10:56 Image size of job updated: 2152908
	2103  -  MemoryUsage of job (MB)
	2152908  -  ResidentSetSize of job (KB)
...
006 (13690039.000.000) 03/10 19:15:57 Image size of job updated: 2193432
	2143  -  MemoryUsage of job (MB)
	2193432  -  ResidentSetSize of job (KB)
...
006 (13690039.000.000) 03/10 19:20:57 Image size of job updated: 2234128
	2182  -  MemoryUsage of job (MB)
	2234128  -  ResidentSetSize of job (KB)
...
006 (13690039.000.000) 03/10 19:25:57 Image size of job updated: 2301108
	2248  -  MemoryUsage of job (MB)
	2301108  -  ResidentSetSize of job (KB)
...
006 (13690039.000.000) 03/10 19:30:58 Image size of job updated: 2346728
	2292  -  MemoryUsage of job (MB)
	2346728  -  ResidentSetSize of job (KB)
...
006 (13690039.000.000) 03/10 19:35:59 Image size of job updated: 2388748
	2333  -  MemoryUsage of job (MB)
	2388748  -  ResidentSetSize of job (KB)
...
006 (13690039.000.000) 03/10 19:40:59 Image size of job updated: 2485380
	2428  -  MemoryUsage of job (MB)
	2485380  -  ResidentSetSize of job (KB)
...
006 (13690039.000.000) 03/10 19:46:00 Image size of job updated: 2552992
	2494  -  MemoryUsage of job (MB)
	2552992  -  ResidentSetSize of job (KB)
...
006 (13690039.000.000) 03/10 19:51:01 Image size of job updated: 2600116
	2540  -  MemoryUsage of job (MB)
	2600116  -  ResidentSetSize of job (KB)
...
006 (13690039.000.000) 03/10 19:56:01 Image size of job updated: 2708496
	2646  -  MemoryUsage of job (MB)
	2708496  -  ResidentSetSize of job (KB)
...
006 (13690039.000.000) 03/10 20:01:02 Image size of job updated: 2737104
	2673  -  MemoryUsage of job (MB)
	2737104  -  ResidentSetSize of job (KB)
...
006 (13690039.000.000) 03/10 20:06:03 Image size of job updated: 2949368
	2881  -  MemoryUsage of job (MB)
	2949368  -  ResidentSetSize of job (KB)
...
006 (13690039.000.000) 03/10 20:07:43 Image size of job updated: 2951136
	2881  -  MemoryUsage of job (MB)
	2949368  -  ResidentSetSize of job (KB)
...
040 (13690039.000.000) 03/10 20:07:43 Started transferring output files
...
040 (13690039.000.000) 03/10 20:07:43 Finished transferring output files
...
005 (13690039.000.000) 03/10 20:07:43 Job terminated.
	(1) Normal termination (return value 0)
		Usr 0 02:12:13, Sys 0 00:00:54  -  Run Remote Usage
		Usr 0 00:00:00, Sys 0 00:00:00  -  Run Local Usage
		Usr 0 02:12:13, Sys 0 00:00:54  -  Total Remote Usage
		Usr 0 00:00:00, Sys 0 00:00:00  -  Total Local Usage
	4661  -  Run Bytes Sent By Job
	11046  -  Run Bytes Received By Job
	4661  -  Total Bytes Sent By Job
	11046  -  Total Bytes Received By Job
	Partitionable Resources :     Usage  Request Allocated 
	   Cpus                 :      0.80        1         1 
	   Disk (KB)            : 995731          12      2626 
	   GPUs                 :                            0 
	   Memory (MB)          :   2881        3000      3000 

	Job terminated of its own accord at 2025-03-10T19:07:43Z with exit-code 0.
...
