000 (13690030.000.000) 03/10 16:08:00 Job submitted from host: <137.138.120.116:9618?addrs=137.138.120.116-9618+[2001-1458-d00-16--17b]-9618&alias=bigbird12.cern.ch&noUDP&sock=schedd_5055_e355>
...
040 (13690030.000.000) 03/10 16:45:22 Started transferring input files
	Transferring to host: <128.142.131.59:9618?addrs=128.142.131.59-9618+[2001-1458-301-59--100-2f]-9618&alias=b9g11p7599.cern.ch&noUDP&sock=slot1_16_2769_c2ca_25178>
...
040 (13690030.000.000) 03/10 16:45:22 Finished transferring input files
...
001 (13690030.000.000) 03/10 16:45:23 Job executing on host: <128.142.131.59:9618?addrs=128.142.131.59-9618+[2001-1458-301-59--100-2f]-9618&alias=b9g11p7599.cern.ch&noUDP&sock=startd_2447_0456>
	SlotName: slot1_16@b9g11p7599.cern.ch
	CondorScratchDir = "/pool/condor/dir_2334334"
	Cpus = 1
	Disk = 2624
	GPUs = 0
	Memory = 3000
...
006 (13690030.000.000) 03/10 16:45:37 Image size of job updated: 912
	1  -  MemoryUsage of job (MB)
	832  -  ResidentSetSize of job (KB)
...
006 (13690030.000.000) 03/10 16:50:38 Image size of job updated: 785880
	768  -  MemoryUsage of job (MB)
	785880  -  ResidentSetSize of job (KB)
...
006 (13690030.000.000) 03/10 16:55:38 Image size of job updated: 888124
	868  -  MemoryUsage of job (MB)
	888124  -  ResidentSetSize of job (KB)
...
006 (13690030.000.000) 03/10 17:00:38 Image size of job updated: 970000
	948  -  MemoryUsage of job (MB)
	970000  -  ResidentSetSize of job (KB)
...
006 (13690030.000.000) 03/10 17:05:39 Image size of job updated: 1060560
	1036  -  MemoryUsage of job (MB)
	1060560  -  ResidentSetSize of job (KB)
...
006 (13690030.000.000) 03/10 17:10:40 Image size of job updated: 1141808
	1116  -  MemoryUsage of job (MB)
	1141808  -  ResidentSetSize of job (KB)
...
006 (13690030.000.000) 03/10 17:15:40 Image size of job updated: 1231252
	1203  -  MemoryUsage of job (MB)
	1231252  -  ResidentSetSize of job (KB)
...
006 (13690030.000.000) 03/10 17:20:41 Image size of job updated: 1318000
	1288  -  MemoryUsage of job (MB)
	1318000  -  ResidentSetSize of job (KB)
...
006 (13690030.000.000) 03/10 17:25:42 Image size of job updated: 1410220
	1378  -  MemoryUsage of job (MB)
	1410220  -  ResidentSetSize of job (KB)
...
006 (13690030.000.000) 03/10 17:30:09 Image size of job updated: 1780732
	1378  -  MemoryUsage of job (MB)
	1410224  -  ResidentSetSize of job (KB)
...
040 (13690030.000.000) 03/10 17:30:09 Started transferring output files
...
040 (13690030.000.000) 03/10 17:30:09 Finished transferring output files
...
005 (13690030.000.000) 03/10 17:30:09 Job terminated.
	(1) Normal termination (return value 0)
		Usr 0 00:40:17, Sys 0 00:00:17  -  Run Remote Usage
		Usr 0 00:00:00, Sys 0 00:00:00  -  Run Local Usage
		Usr 0 00:40:17, Sys 0 00:00:17  -  Total Remote Usage
		Usr 0 00:00:00, Sys 0 00:00:00  -  Total Local Usage
	3465  -  Run Bytes Sent By Job
	11046  -  Run Bytes Received By Job
	3465  -  Total Bytes Sent By Job
	11046  -  Total Bytes Received By Job
	Partitionable Resources :     Usage  Request Allocated 
	   Cpus                 :      0.99        1         1 
	   Disk (KB)            : 377678          12      2624 
	   GPUs                 :                            0 
	   Memory (MB)          :   1378        3000      3000 

	Job terminated of its own accord at 2025-03-10T16:30:09Z with exit-code 0.
...
