000 (13690017.000.000) 03/10 16:07:46 Job submitted from host: <137.138.120.116:9618?addrs=137.138.120.116-9618+[2001-1458-d00-16--17b]-9618&alias=bigbird12.cern.ch&noUDP&sock=schedd_5055_e355>
...
040 (13690017.000.000) 03/10 16:45:17 Started transferring input files
	Transferring to host: <188.185.214.174:9618?addrs=188.185.214.174-9618+[2001-1458-303-1d--100-2a]-9618&alias=b9p30p1572.cern.ch&noUDP&sock=slot1_34_1999178_8149_94438>
...
040 (13690017.000.000) 03/10 16:45:17 Finished transferring input files
...
001 (13690017.000.000) 03/10 16:45:18 Job executing on host: <188.185.214.174:9618?addrs=188.185.214.174-9618+[2001-1458-303-1d--100-2a]-9618&alias=b9p30p1572.cern.ch&noUDP&sock=startd_5238_692a>
	SlotName: slot1_34@b9p30p1572.cern.ch
	CondorScratchDir = "/pool/condor/dir_2442032"
	Cpus = 1
	Disk = 3806
	GPUs = 0
	Memory = 3000
...
006 (13690017.000.000) 03/10 16:45:27 Image size of job updated: 35460
	35  -  MemoryUsage of job (MB)
	35460  -  ResidentSetSize of job (KB)
...
006 (13690017.000.000) 03/10 16:50:28 Image size of job updated: 868264
	848  -  MemoryUsage of job (MB)
	868264  -  ResidentSetSize of job (KB)
...
040 (13690017.000.000) 03/10 16:54:44 Started transferring output files
...
040 (13690017.000.000) 03/10 16:54:44 Finished transferring output files
...
005 (13690017.000.000) 03/10 16:54:44 Job terminated.
	(1) Normal termination (return value 0)
		Usr 0 00:07:27, Sys 0 00:00:13  -  Run Remote Usage
		Usr 0 00:00:00, Sys 0 00:00:00  -  Run Local Usage
		Usr 0 00:07:27, Sys 0 00:00:13  -  Total Remote Usage
		Usr 0 00:00:00, Sys 0 00:00:00  -  Total Local Usage
	2983  -  Run Bytes Sent By Job
	11046  -  Run Bytes Received By Job
	2983  -  Total Bytes Sent By Job
	11046  -  Total Bytes Received By Job
	Partitionable Resources :     Usage  Request Allocated 
	   Cpus                 :      0.98        1         1 
	   Disk (KB)            : 112856          12      3806 
	   GPUs                 :                            0 
	   Memory (MB)          :    848        3000      3000 

	Job terminated of its own accord at 2025-03-10T15:54:44Z with exit-code 0.
...
