000 (13690056.000.000) 03/10 16:08:27 Job submitted from host: <137.138.120.116:9618?addrs=137.138.120.116-9618+[2001-1458-d00-16--17b]-9618&alias=bigbird12.cern.ch&noUDP&sock=schedd_5055_e355>
...
040 (13690056.000.000) 03/10 16:45:32 Started transferring input files
	Transferring to host: <128.142.137.46:9618?addrs=128.142.137.46-9618+[2001-1458-301-5e--100-22]-9618&alias=b9g19p9302.cern.ch&noUDP&sock=slot1_26_3420610_f013_84138>
...
040 (13690056.000.000) 03/10 16:45:32 Finished transferring input files
...
001 (13690056.000.000) 03/10 16:45:33 Job executing on host: <128.142.137.46:9618?addrs=128.142.137.46-9618+[2001-1458-301-5e--100-22]-9618&alias=b9g19p9302.cern.ch&noUDP&sock=startd_2468_6bd3>
	SlotName: slot1_26@b9g19p9302.cern.ch
	CondorScratchDir = "/pool/condor/dir_3379178"
	Cpus = 1
	Disk = 2643
	GPUs = 0
	Memory = 3000
...
006 (13690056.000.000) 03/10 16:45:42 Image size of job updated: 14272
	14  -  MemoryUsage of job (MB)
	14272  -  ResidentSetSize of job (KB)
...
006 (13690056.000.000) 03/10 16:49:27 Image size of job updated: 411416
	402  -  MemoryUsage of job (MB)
	411416  -  ResidentSetSize of job (KB)
...
040 (13690056.000.000) 03/10 16:49:28 Started transferring output files
...
040 (13690056.000.000) 03/10 16:49:29 Finished transferring output files
...
005 (13690056.000.000) 03/10 16:49:35 Job terminated.
	(1) Normal termination (return value 0)
		Usr 0 00:01:18, Sys 0 00:00:08  -  Run Remote Usage
		Usr 0 00:00:00, Sys 0 00:00:00  -  Run Local Usage
		Usr 0 00:01:18, Sys 0 00:00:08  -  Total Remote Usage
		Usr 0 00:00:00, Sys 0 00:00:00  -  Total Local Usage
	3323  -  Run Bytes Sent By Job
	11046  -  Run Bytes Received By Job
	3323  -  Total Bytes Sent By Job
	11046  -  Total Bytes Received By Job
	Partitionable Resources :    Usage  Request Allocated 
	   Cpus                 :        0        1         1 
	   Disk (KB)            :    13979       12      2643 
	   GPUs                 :                           0 
	   Memory (MB)          :      402     3000      3000 

	Job terminated of its own accord at 2025-03-10T15:49:27Z with exit-code 0.
...
