000 (13690016.000.000) 03/10 16:07:46 Job submitted from host: <137.138.120.116:9618?addrs=137.138.120.116-9618+[2001-1458-d00-16--17b]-9618&alias=bigbird12.cern.ch&noUDP&sock=schedd_5055_e355>
...
040 (13690016.000.000) 03/10 16:45:16 Started transferring input files
	Transferring to host: <188.185.208.79:9618?addrs=188.185.208.79-9618+[2001-1458-303-f--100-4c]-9618&alias=b9p09p3951.cern.ch&noUDP&sock=slot1_16_6174_e434_10199>
...
040 (13690016.000.000) 03/10 16:45:16 Finished transferring input files
...
001 (13690016.000.000) 03/10 16:45:17 Job executing on host: <188.185.208.79:9618?addrs=188.185.208.79-9618+[2001-1458-303-f--100-4c]-9618&alias=b9p09p3951.cern.ch&noUDP&sock=startd_4997_1ad7>
	SlotName: slot1_16@b9p09p3951.cern.ch
	CondorScratchDir = "/pool/condor/dir_2721626"
	Cpus = 1
	Disk = 3679
	GPUs = 0
	Memory = 3000
...
006 (13690016.000.000) 03/10 16:45:31 Image size of job updated: 130168
	128  -  MemoryUsage of job (MB)
	130168  -  ResidentSetSize of job (KB)
...
006 (13690016.000.000) 03/10 16:50:32 Image size of job updated: 811756
	793  -  MemoryUsage of job (MB)
	811756  -  ResidentSetSize of job (KB)
...
006 (13690016.000.000) 03/10 16:51:36 Image size of job updated: 1067936
	793  -  MemoryUsage of job (MB)
	811756  -  ResidentSetSize of job (KB)
...
040 (13690016.000.000) 03/10 16:51:36 Started transferring output files
...
040 (13690016.000.000) 03/10 16:51:36 Finished transferring output files
...
005 (13690016.000.000) 03/10 16:51:36 Job terminated.
	(1) Normal termination (return value 0)
		Usr 0 00:02:45, Sys 0 00:00:09  -  Run Remote Usage
		Usr 0 00:00:00, Sys 0 00:00:00  -  Run Local Usage
		Usr 0 00:02:45, Sys 0 00:00:09  -  Total Remote Usage
		Usr 0 00:00:00, Sys 0 00:00:00  -  Total Local Usage
	2816  -  Run Bytes Sent By Job
	11046  -  Run Bytes Received By Job
	2816  -  Total Bytes Sent By Job
	11046  -  Total Bytes Received By Job
	Partitionable Resources :    Usage  Request Allocated 
	   Cpus                 :        0        1         1 
	   Disk (KB)            :    46917       12      3679 
	   GPUs                 :                           0 
	   Memory (MB)          :      793     3000      3000 

	Job terminated of its own accord at 2025-03-10T15:51:36Z with exit-code 0.
...
