000 (13651984.000.000) 02/26 11:55:48 Job submitted from host: <137.138.120.116:9618?addrs=137.138.120.116-9618+[2001-1458-d00-16--17b]-9618&alias=bigbird12.cern.ch&noUDP&sock=schedd_3871_c333>
...
040 (13651984.000.000) 02/26 12:01:07 Started transferring input files
	Transferring to host: <128.142.248.28:9618?addrs=128.142.248.28-9618+[2001-1458-301-73--100-10c]-9618&alias=b9g23p6607.cern.ch&noUDP&sock=slot1_31_8592_9756_13798>
...
040 (13651984.000.000) 02/26 12:01:07 Finished transferring input files
...
001 (13651984.000.000) 02/26 12:01:08 Job executing on host: <128.142.248.28:9618?addrs=128.142.248.28-9618+[2001-1458-301-73--100-10c]-9618&alias=b9g23p6607.cern.ch&noUDP&sock=startd_7331_08e2>
	SlotName: slot1_31@b9g23p6607.cern.ch
	CondorScratchDir = "/pool/condor/dir_484010"
	Cpus = 1
	Disk = 3839
	GPUs = 0
	Memory = 3000
...
006 (13651984.000.000) 02/26 12:01:22 Image size of job updated: 118860
	117  -  MemoryUsage of job (MB)
	118860  -  ResidentSetSize of job (KB)
...
006 (13651984.000.000) 02/26 12:06:23 Image size of job updated: 759340
	742  -  MemoryUsage of job (MB)
	759340  -  ResidentSetSize of job (KB)
...
006 (13651984.000.000) 02/26 12:08:13 Image size of job updated: 1009492
	742  -  MemoryUsage of job (MB)
	759340  -  ResidentSetSize of job (KB)
...
040 (13651984.000.000) 02/26 12:08:13 Started transferring output files
...
040 (13651984.000.000) 02/26 12:08:13 Finished transferring output files
...
005 (13651984.000.000) 02/26 12:08:13 Job terminated.
	(1) Normal termination (return value 0)
		Usr 0 00:04:22, Sys 0 00:00:11  -  Run Remote Usage
		Usr 0 00:00:00, Sys 0 00:00:00  -  Run Local Usage
		Usr 0 00:04:22, Sys 0 00:00:11  -  Total Remote Usage
		Usr 0 00:00:00, Sys 0 00:00:00  -  Total Local Usage
	3450  -  Run Bytes Sent By Job
	11016  -  Run Bytes Received By Job
	3450  -  Total Bytes Sent By Job
	11016  -  Total Bytes Received By Job
	Partitionable Resources :    Usage  Request Allocated 
	   Cpus                 :     1.00        1         1 
	   Disk (KB)            : 76975          12      3839 
	   GPUs                 :                           0 
	   Memory (MB)          :   742        3000      3000 

	Job terminated of its own accord at 2025-02-26T11:08:13Z with exit-code 0.
...
000 (13689433.000.000) 03/10 12:42:26 Job submitted from host: <137.138.120.116:9618?addrs=137.138.120.116-9618+[2001-1458-d00-16--17b]-9618&alias=bigbird12.cern.ch&noUDP&sock=schedd_5055_e355>
...
040 (13689433.000.000) 03/10 12:52:20 Started transferring input files
	Transferring to host: <188.185.198.175:9618?addrs=188.185.198.175-9618+[2001-1458-303-25--100-ab]-9618&alias=b9p15p0995.cern.ch&noUDP&sock=slot1_20_11532_164e_20897>
...
040 (13689433.000.000) 03/10 12:52:20 Finished transferring input files
...
001 (13689433.000.000) 03/10 12:52:21 Job executing on host: <188.185.198.175:9618?addrs=188.185.198.175-9618+[2001-1458-303-25--100-ab]-9618&alias=b9p15p0995.cern.ch&noUDP&sock=startd_11491_72dd>
	SlotName: slot1_20@b9p15p0995.cern.ch
	CondorScratchDir = "/pool/condor/dir_19541"
	Cpus = 1
	Disk = 3813
	GPUs = 0
	Memory = 3000
...
006 (13689433.000.000) 03/10 12:52:34 Image size of job updated: 132264
	130  -  MemoryUsage of job (MB)
	132264  -  ResidentSetSize of job (KB)
...
006 (13689433.000.000) 03/10 12:57:27 Image size of job updated: 934292
	130  -  MemoryUsage of job (MB)
	132272  -  ResidentSetSize of job (KB)
...
040 (13689433.000.000) 03/10 12:57:27 Started transferring output files
...
040 (13689433.000.000) 03/10 12:57:27 Finished transferring output files
...
005 (13689433.000.000) 03/10 12:57:27 Job terminated.
	(1) Normal termination (return value 0)
		Usr 0 00:02:40, Sys 0 00:00:08  -  Run Remote Usage
		Usr 0 00:00:00, Sys 0 00:00:00  -  Run Local Usage
		Usr 0 00:02:40, Sys 0 00:00:08  -  Total Remote Usage
		Usr 0 00:00:00, Sys 0 00:00:00  -  Total Local Usage
	3096  -  Run Bytes Sent By Job
	11012  -  Run Bytes Received By Job
	3096  -  Total Bytes Sent By Job
	11012  -  Total Bytes Received By Job
	Partitionable Resources :    Usage  Request Allocated 
	   Cpus                 :     0.48        1         1 
	   Disk (KB)            : 38026          12      3813 
	   GPUs                 :                           0 
	   Memory (MB)          :   130        3000      3000 

	Job terminated of its own accord at 2025-03-10T11:57:27Z with exit-code 0.
...
