000 (13651989.000.000) 02/26 11:55:50 Job submitted from host: <137.138.120.116:9618?addrs=137.138.120.116-9618+[2001-1458-d00-16--17b]-9618&alias=bigbird12.cern.ch&noUDP&sock=schedd_3871_c333>
...
040 (13651989.000.000) 02/26 12:01:07 Started transferring input files
	Transferring to host: <188.185.195.35:9618?addrs=188.185.195.35-9618+[2001-1458-303-22--100-1f]-9618&alias=b9p17p0662.cern.ch&noUDP&sock=slot1_11_1714534_0e92_29364>
...
040 (13651989.000.000) 02/26 12:01:07 Finished transferring input files
...
001 (13651989.000.000) 02/26 12:01:08 Job executing on host: <188.185.195.35:9618?addrs=188.185.195.35-9618+[2001-1458-303-22--100-1f]-9618&alias=b9p17p0662.cern.ch&noUDP&sock=startd_3595_730f>
	SlotName: slot1_11@b9p17p0662.cern.ch
	CondorScratchDir = "/pool/condor/dir_3510924"
	Cpus = 1
	Disk = 3891
	GPUs = 0
	Memory = 3000
...
006 (13651989.000.000) 02/26 12:01:17 Image size of job updated: 21640
	22  -  MemoryUsage of job (MB)
	21640  -  ResidentSetSize of job (KB)
...
006 (13651989.000.000) 02/26 12:06:18 Image size of job updated: 2492040
	2434  -  MemoryUsage of job (MB)
	2492040  -  ResidentSetSize of job (KB)
...
006 (13651989.000.000) 02/26 12:11:19 Image size of job updated: 2537132
	2478  -  MemoryUsage of job (MB)
	2537132  -  ResidentSetSize of job (KB)
...
006 (13651989.000.000) 02/26 12:16:19 Image size of job updated: 2598888
	2538  -  MemoryUsage of job (MB)
	2598888  -  ResidentSetSize of job (KB)
...
006 (13651989.000.000) 02/26 12:21:19 Image size of job updated: 2639496
	2578  -  MemoryUsage of job (MB)
	2639496  -  ResidentSetSize of job (KB)
...
006 (13651989.000.000) 02/26 12:26:19 Image size of job updated: 2689240
	2627  -  MemoryUsage of job (MB)
	2689240  -  ResidentSetSize of job (KB)
...
040 (13651989.000.000) 02/26 12:29:24 Started transferring output files
...
040 (13651989.000.000) 02/26 12:29:24 Finished transferring output files
...
005 (13651989.000.000) 02/26 12:29:24 Job terminated.
	(1) Normal termination (return value 0)
		Usr 0 00:21:07, Sys 0 00:00:23  -  Run Remote Usage
		Usr 0 00:00:00, Sys 0 00:00:00  -  Run Local Usage
		Usr 0 00:21:07, Sys 0 00:00:23  -  Total Remote Usage
		Usr 0 00:00:00, Sys 0 00:00:00  -  Total Local Usage
	3623  -  Run Bytes Sent By Job
	11022  -  Run Bytes Received By Job
	3623  -  Total Bytes Sent By Job
	11022  -  Total Bytes Received By Job
	Partitionable Resources :     Usage  Request Allocated 
	   Cpus                 :      0.94        1         1 
	   Disk (KB)            : 329759          12      3891 
	   GPUs                 :                            0 
	   Memory (MB)          :   2627        3000      3000 

	Job terminated of its own accord at 2025-02-26T11:29:24Z with exit-code 0.
...
000 (13689437.000.000) 03/10 12:42:28 Job submitted from host: <137.138.120.116:9618?addrs=137.138.120.116-9618+[2001-1458-d00-16--17b]-9618&alias=bigbird12.cern.ch&noUDP&sock=schedd_5055_e355>
...
040 (13689437.000.000) 03/10 12:55:37 Started transferring input files
	Transferring to host: <188.185.210.45:9618?addrs=188.185.210.45-9618+[2001-1458-303-1--100-29]-9618&alias=b9p21p1686.cern.ch&noUDP&sock=slot1_12_6908_0f92_102366>
...
040 (13689437.000.000) 03/10 12:55:37 Finished transferring input files
...
001 (13689437.000.000) 03/10 12:55:38 Job executing on host: <188.185.210.45:9618?addrs=188.185.210.45-9618+[2001-1458-303-1--100-29]-9618&alias=b9p21p1686.cern.ch&noUDP&sock=startd_5772_b0bc>
	SlotName: slot1_12@b9p21p1686.cern.ch
	CondorScratchDir = "/pool/condor/dir_1576562"
	Cpus = 1
	Disk = 3928
	GPUs = 0
	Memory = 3000
...
006 (13689437.000.000) 03/10 12:55:46 Image size of job updated: 149760
	147  -  MemoryUsage of job (MB)
	149760  -  ResidentSetSize of job (KB)
...
006 (13689437.000.000) 03/10 13:00:46 Image size of job updated: 1144432
	1118  -  MemoryUsage of job (MB)
	1144432  -  ResidentSetSize of job (KB)
...
040 (13689437.000.000) 03/10 13:09:09 Started transferring output files
...
040 (13689437.000.000) 03/10 13:09:09 Finished transferring output files
...
005 (13689437.000.000) 03/10 13:09:09 Job terminated.
	(1) Normal termination (return value 0)
		Usr 0 00:07:59, Sys 0 00:00:13  -  Run Remote Usage
		Usr 0 00:00:00, Sys 0 00:00:00  -  Run Local Usage
		Usr 0 00:07:59, Sys 0 00:00:13  -  Total Remote Usage
		Usr 0 00:00:00, Sys 0 00:00:00  -  Total Local Usage
	2955  -  Run Bytes Sent By Job
	11018  -  Run Bytes Received By Job
	2955  -  Total Bytes Sent By Job
	11018  -  Total Bytes Received By Job
	Partitionable Resources :     Usage  Request Allocated 
	   Cpus                 :      0.02        1         1 
	   Disk (KB)            : 155123          12      3928 
	   GPUs                 :                            0 
	   Memory (MB)          :   1118        3000      3000 

	Job terminated of its own accord at 2025-03-10T12:09:09Z with exit-code 0.
...
