000 (13651992.000.000) 02/26 11:55:52 Job submitted from host: <137.138.120.116:9618?addrs=137.138.120.116-9618+[2001-1458-d00-16--17b]-9618&alias=bigbird12.cern.ch&noUDP&sock=schedd_3871_c333>
...
040 (13651992.000.000) 02/26 12:01:09 Started transferring input files
	Transferring to host: <188.185.196.177:9618?addrs=188.185.196.177-9618+[2001-1458-303-23--100-ad]-9618&alias=b9p16p6692.cern.ch&noUDP&sock=slot1_23_8313_02ab_7235>
...
040 (13651992.000.000) 02/26 12:01:09 Finished transferring input files
...
001 (13651992.000.000) 02/26 12:01:10 Job executing on host: <188.185.196.177:9618?addrs=188.185.196.177-9618+[2001-1458-303-23--100-ad]-9618&alias=b9p16p6692.cern.ch&noUDP&sock=startd_7097_87b9>
	SlotName: slot1_23@b9p16p6692.cern.ch
	CondorScratchDir = "/pool/condor/dir_2183146"
	Cpus = 1
	Disk = 3776
	GPUs = 0
	Memory = 3000
...
006 (13651992.000.000) 02/26 12:01:24 Image size of job updated: 113032
	111  -  MemoryUsage of job (MB)
	113032  -  ResidentSetSize of job (KB)
...
006 (13651992.000.000) 02/26 12:06:25 Image size of job updated: 749792
	733  -  MemoryUsage of job (MB)
	749792  -  ResidentSetSize of job (KB)
...
006 (13651992.000.000) 02/26 12:06:59 Image size of job updated: 935764
	733  -  MemoryUsage of job (MB)
	749792  -  ResidentSetSize of job (KB)
...
040 (13651992.000.000) 02/26 12:07:03 Started transferring output files
...
040 (13651992.000.000) 02/26 12:07:03 Finished transferring output files
...
005 (13651992.000.000) 02/26 12:07:03 Job terminated.
	(1) Normal termination (return value 0)
		Usr 0 00:03:12, Sys 0 00:00:11  -  Run Remote Usage
		Usr 0 00:00:00, Sys 0 00:00:00  -  Run Local Usage
		Usr 0 00:03:12, Sys 0 00:00:11  -  Total Remote Usage
		Usr 0 00:00:00, Sys 0 00:00:00  -  Total Local Usage
	3456  -  Run Bytes Sent By Job
	11022  -  Run Bytes Received By Job
	3456  -  Total Bytes Sent By Job
	11022  -  Total Bytes Received By Job
	Partitionable Resources :    Usage  Request Allocated 
	   Cpus                 :     0.24        1         1 
	   Disk (KB)            : 51400          12      3776 
	   GPUs                 :                           0 
	   Memory (MB)          :   733        3000      3000 

	Job terminated of its own accord at 2025-02-26T11:06:59Z with exit-code 0.
...
000 (13689440.000.000) 03/10 12:42:31 Job submitted from host: <137.138.120.116:9618?addrs=137.138.120.116-9618+[2001-1458-d00-16--17b]-9618&alias=bigbird12.cern.ch&noUDP&sock=schedd_5055_e355>
...
040 (13689440.000.000) 03/10 12:52:18 Started transferring input files
	Transferring to host: <188.185.198.18:9618?addrs=188.185.198.18-9618+[2001-1458-303-25--100-e]-9618&alias=b9p15p0252.cern.ch&noUDP&sock=slot1_13_3008139_cdee_94575>
...
040 (13689440.000.000) 03/10 12:52:18 Finished transferring input files
...
001 (13689440.000.000) 03/10 12:52:19 Job executing on host: <188.185.198.18:9618?addrs=188.185.198.18-9618+[2001-1458-303-25--100-e]-9618&alias=b9p15p0252.cern.ch&noUDP&sock=startd_7714_bda8>
	SlotName: slot1_13@b9p15p0252.cern.ch
	CondorScratchDir = "/pool/condor/dir_3080567"
	Cpus = 1
	Disk = 3758
	GPUs = 0
	Memory = 3000
...
006 (13689440.000.000) 03/10 12:52:28 Image size of job updated: 196420
	192  -  MemoryUsage of job (MB)
	196420  -  ResidentSetSize of job (KB)
...
006 (13689440.000.000) 03/10 12:57:28 Image size of job updated: 502868
	492  -  MemoryUsage of job (MB)
	502868  -  ResidentSetSize of job (KB)
...
040 (13689440.000.000) 03/10 12:57:28 Started transferring output files
...
040 (13689440.000.000) 03/10 12:57:28 Finished transferring output files
...
005 (13689440.000.000) 03/10 12:57:28 Job terminated.
	(1) Normal termination (return value 0)
		Usr 0 00:02:24, Sys 0 00:00:10  -  Run Remote Usage
		Usr 0 00:00:00, Sys 0 00:00:00  -  Run Local Usage
		Usr 0 00:02:24, Sys 0 00:00:10  -  Total Remote Usage
		Usr 0 00:00:00, Sys 0 00:00:00  -  Total Local Usage
	3102  -  Run Bytes Sent By Job
	11018  -  Run Bytes Received By Job
	3102  -  Total Bytes Sent By Job
	11018  -  Total Bytes Received By Job
	Partitionable Resources :    Usage  Request Allocated 
	   Cpus                 :     0.02        1         1 
	   Disk (KB)            : 27556          12      3758 
	   GPUs                 :                           0 
	   Memory (MB)          :   492        3000      3000 

	Job terminated of its own accord at 2025-03-10T11:57:28Z with exit-code 0.
...
