000 (13651991.000.000) 02/26 11:55:51 Job submitted from host: <137.138.120.116:9618?addrs=137.138.120.116-9618+[2001-1458-d00-16--17b]-9618&alias=bigbird12.cern.ch&noUDP&sock=schedd_3871_c333>
...
040 (13651991.000.000) 02/26 12:01:07 Started transferring input files
	Transferring to host: <188.185.196.15:9618?addrs=188.185.196.15-9618+[2001-1458-303-23--100-b]-9618&alias=b9p16p7545.cern.ch&noUDP&sock=slot1_34_4104111_3985_12912>
...
040 (13651991.000.000) 02/26 12:01:07 Finished transferring input files
...
001 (13651991.000.000) 02/26 12:01:08 Job executing on host: <188.185.196.15:9618?addrs=188.185.196.15-9618+[2001-1458-303-23--100-b]-9618&alias=b9p16p7545.cern.ch&noUDP&sock=startd_8400_47a0>
	SlotName: slot1_34@b9p16p7545.cern.ch
	CondorScratchDir = "/pool/condor/dir_3516924"
	Cpus = 1
	Disk = 3814
	GPUs = 0
	Memory = 3000
...
006 (13651991.000.000) 02/26 12:01:17 Image size of job updated: 1792
	2  -  MemoryUsage of job (MB)
	1792  -  ResidentSetSize of job (KB)
...
006 (13651991.000.000) 02/26 12:06:18 Image size of job updated: 1932976
	1888  -  MemoryUsage of job (MB)
	1932976  -  ResidentSetSize of job (KB)
...
006 (13651991.000.000) 02/26 12:11:19 Image size of job updated: 1989020
	1943  -  MemoryUsage of job (MB)
	1989020  -  ResidentSetSize of job (KB)
...
006 (13651991.000.000) 02/26 12:16:19 Image size of job updated: 2294004
	2241  -  MemoryUsage of job (MB)
	2294004  -  ResidentSetSize of job (KB)
...
040 (13651991.000.000) 02/26 12:16:36 Started transferring output files
...
040 (13651991.000.000) 02/26 12:16:36 Finished transferring output files
...
005 (13651991.000.000) 02/26 12:16:36 Job terminated.
	(1) Normal termination (return value 0)
		Usr 0 00:11:15, Sys 0 00:00:17  -  Run Remote Usage
		Usr 0 00:00:00, Sys 0 00:00:00  -  Run Local Usage
		Usr 0 00:11:15, Sys 0 00:00:17  -  Total Remote Usage
		Usr 0 00:00:00, Sys 0 00:00:00  -  Total Local Usage
	3456  -  Run Bytes Sent By Job
	11022  -  Run Bytes Received By Job
	3456  -  Total Bytes Sent By Job
	11022  -  Total Bytes Received By Job
	Partitionable Resources :     Usage  Request Allocated 
	   Cpus                 :      0.98        1         1 
	   Disk (KB)            : 168284          12      3814 
	   GPUs                 :                            0 
	   Memory (MB)          :   2241        3000      3000 

	Job terminated of its own accord at 2025-02-26T11:16:36Z with exit-code 0.
...
000 (13689439.000.000) 03/10 12:42:30 Job submitted from host: <137.138.120.116:9618?addrs=137.138.120.116-9618+[2001-1458-d00-16--17b]-9618&alias=bigbird12.cern.ch&noUDP&sock=schedd_5055_e355>
...
040 (13689439.000.000) 03/10 12:55:38 Started transferring input files
	Transferring to host: <188.185.198.44:9618?addrs=188.185.198.44-9618+[2001-1458-303-25--100-28]-9618&alias=b9p15p6545.cern.ch&noUDP&sock=slot1_14_2643349_3fbc_9162>
...
040 (13689439.000.000) 03/10 12:55:38 Finished transferring input files
...
001 (13689439.000.000) 03/10 12:55:39 Job executing on host: <188.185.198.44:9618?addrs=188.185.198.44-9618+[2001-1458-303-25--100-28]-9618&alias=b9p15p6545.cern.ch&noUDP&sock=startd_10281_7d45>
	SlotName: slot1_14@b9p15p6545.cern.ch
	CondorScratchDir = "/pool/condor/dir_2020503"
	Cpus = 1
	Disk = 3780
	GPUs = 0
	Memory = 3000
...
006 (13689439.000.000) 03/10 12:55:47 Image size of job updated: 12012
	12  -  MemoryUsage of job (MB)
	12012  -  ResidentSetSize of job (KB)
...
006 (13689439.000.000) 03/10 13:00:47 Image size of job updated: 1981200
	1935  -  MemoryUsage of job (MB)
	1981200  -  ResidentSetSize of job (KB)
...
006 (13689439.000.000) 03/10 13:05:48 Image size of job updated: 2056900
	2009  -  MemoryUsage of job (MB)
	2056900  -  ResidentSetSize of job (KB)
...
040 (13689439.000.000) 03/10 13:07:39 Started transferring output files
...
040 (13689439.000.000) 03/10 13:07:39 Finished transferring output files
...
005 (13689439.000.000) 03/10 13:07:39 Job terminated.
	(1) Normal termination (return value 0)
		Usr 0 00:07:39, Sys 0 00:00:16  -  Run Remote Usage
		Usr 0 00:00:00, Sys 0 00:00:00  -  Run Local Usage
		Usr 0 00:07:39, Sys 0 00:00:16  -  Total Remote Usage
		Usr 0 00:00:00, Sys 0 00:00:00  -  Total Local Usage
	3102  -  Run Bytes Sent By Job
	11018  -  Run Bytes Received By Job
	3102  -  Total Bytes Sent By Job
	11018  -  Total Bytes Received By Job
	Partitionable Resources :    Usage  Request Allocated 
	   Cpus                 :     0.99        1         1 
	   Disk (KB)            : 81974          12      3780 
	   GPUs                 :                           0 
	   Memory (MB)          :  2009        3000      3000 

	Job terminated of its own accord at 2025-03-10T12:07:39Z with exit-code 0.
...
