000 (13651977.000.000) 02/26 11:55:44 Job submitted from host: <137.138.120.116:9618?addrs=137.138.120.116-9618+[2001-1458-d00-16--17b]-9618&alias=bigbird12.cern.ch&noUDP&sock=schedd_3871_c333>
...
040 (13651977.000.000) 02/26 12:01:04 Started transferring input files
	Transferring to host: <188.185.192.17:9618?addrs=188.185.192.17-9618+[2001-1458-303-1f--100-d]-9618&alias=b9p13p1897.cern.ch&noUDP&sock=slot1_29_1050233_e82c_6799>
...
040 (13651977.000.000) 02/26 12:01:04 Finished transferring input files
...
001 (13651977.000.000) 02/26 12:01:05 Job executing on host: <188.185.192.17:9618?addrs=188.185.192.17-9618+[2001-1458-303-1f--100-d]-9618&alias=b9p13p1897.cern.ch&noUDP&sock=startd_7478_dd4e>
	SlotName: slot1_29@b9p13p1897.cern.ch
	CondorScratchDir = "/pool/condor/dir_1428653"
	Cpus = 1
	Disk = 3817
	GPUs = 0
	Memory = 3000
...
006 (13651977.000.000) 02/26 12:01:18 Image size of job updated: 18252
	18  -  MemoryUsage of job (MB)
	18252  -  ResidentSetSize of job (KB)
...
006 (13651977.000.000) 02/26 12:06:18 Image size of job updated: 738560
	722  -  MemoryUsage of job (MB)
	738560  -  ResidentSetSize of job (KB)
...
006 (13651977.000.000) 02/26 12:11:19 Image size of job updated: 802012
	784  -  MemoryUsage of job (MB)
	802012  -  ResidentSetSize of job (KB)
...
006 (13651977.000.000) 02/26 12:14:08 Image size of job updated: 1113828
	784  -  MemoryUsage of job (MB)
	802012  -  ResidentSetSize of job (KB)
...
040 (13651977.000.000) 02/26 12:14:08 Started transferring output files
...
040 (13651977.000.000) 02/26 12:14:08 Finished transferring output files
...
005 (13651977.000.000) 02/26 12:14:08 Job terminated.
	(1) Normal termination (return value 0)
		Usr 0 00:08:40, Sys 0 00:00:15  -  Run Remote Usage
		Usr 0 00:00:00, Sys 0 00:00:00  -  Run Local Usage
		Usr 0 00:08:40, Sys 0 00:00:15  -  Total Remote Usage
		Usr 0 00:00:00, Sys 0 00:00:00  -  Total Local Usage
	3450  -  Run Bytes Sent By Job
	11016  -  Run Bytes Received By Job
	3450  -  Total Bytes Sent By Job
	11016  -  Total Bytes Received By Job
	Partitionable Resources :     Usage  Request Allocated 
	   Cpus                 :      0.96        1         1 
	   Disk (KB)            : 128378          12      3817 
	   GPUs                 :                            0 
	   Memory (MB)          :    784        3000      3000 

	Job terminated of its own accord at 2025-02-26T11:14:08Z with exit-code 0.
...
000 (13689427.000.000) 03/10 12:42:18 Job submitted from host: <137.138.120.116:9618?addrs=137.138.120.116-9618+[2001-1458-d00-16--17b]-9618&alias=bigbird12.cern.ch&noUDP&sock=schedd_5055_e355>
...
040 (13689427.000.000) 03/10 12:52:19 Started transferring input files
	Transferring to host: <188.185.198.175:9618?addrs=188.185.198.175-9618+[2001-1458-303-25--100-ab]-9618&alias=b9p15p0995.cern.ch&noUDP&sock=slot1_11_11532_164e_20896>
...
040 (13689427.000.000) 03/10 12:52:19 Finished transferring input files
...
001 (13689427.000.000) 03/10 12:52:20 Job executing on host: <188.185.198.175:9618?addrs=188.185.198.175-9618+[2001-1458-303-25--100-ab]-9618&alias=b9p15p0995.cern.ch&noUDP&sock=startd_11491_72dd>
	SlotName: slot1_11@b9p15p0995.cern.ch
	CondorScratchDir = "/pool/condor/dir_19534"
	Cpus = 1
	Disk = 3813
	GPUs = 0
	Memory = 3000
...
006 (13689427.000.000) 03/10 12:52:33 Image size of job updated: 130840
	128  -  MemoryUsage of job (MB)
	130840  -  ResidentSetSize of job (KB)
...
006 (13689427.000.000) 03/10 12:57:33 Image size of job updated: 755624
	738  -  MemoryUsage of job (MB)
	755624  -  ResidentSetSize of job (KB)
...
006 (13689427.000.000) 03/10 13:00:10 Image size of job updated: 1035980
	738  -  MemoryUsage of job (MB)
	755624  -  ResidentSetSize of job (KB)
...
040 (13689427.000.000) 03/10 13:00:10 Started transferring output files
...
040 (13689427.000.000) 03/10 13:00:10 Finished transferring output files
...
005 (13689427.000.000) 03/10 13:00:10 Job terminated.
	(1) Normal termination (return value 0)
		Usr 0 00:04:25, Sys 0 00:00:09  -  Run Remote Usage
		Usr 0 00:00:00, Sys 0 00:00:00  -  Run Local Usage
		Usr 0 00:04:25, Sys 0 00:00:09  -  Total Remote Usage
		Usr 0 00:00:00, Sys 0 00:00:00  -  Total Local Usage
	3096  -  Run Bytes Sent By Job
	11012  -  Run Bytes Received By Job
	3096  -  Total Bytes Sent By Job
	11012  -  Total Bytes Received By Job
	Partitionable Resources :    Usage  Request Allocated 
	   Cpus                 :     0.39        1         1 
	   Disk (KB)            : 63034          12      3813 
	   GPUs                 :                           0 
	   Memory (MB)          :   738        3000      3000 

	Job terminated of its own accord at 2025-03-10T12:00:10Z with exit-code 0.
...
