000 (13651990.000.000) 02/26 11:55:51 Job submitted from host: <137.138.120.116:9618?addrs=137.138.120.116-9618+[2001-1458-d00-16--17b]-9618&alias=bigbird12.cern.ch&noUDP&sock=schedd_3871_c333>
...
040 (13651990.000.000) 02/26 12:01:07 Started transferring input files
	Transferring to host: <188.185.192.75:9618?addrs=188.185.192.75-9618+[2001-1458-303-1f--100-47]-9618&alias=b9p13p9645.cern.ch&noUDP&sock=slot1_17_1370113_4dfc_5613>
...
040 (13651990.000.000) 02/26 12:01:07 Finished transferring input files
...
001 (13651990.000.000) 02/26 12:01:08 Job executing on host: <188.185.192.75:9618?addrs=188.185.192.75-9618+[2001-1458-303-1f--100-47]-9618&alias=b9p13p9645.cern.ch&noUDP&sock=startd_7356_2ec0>
	SlotName: slot1_17@b9p13p9645.cern.ch
	CondorScratchDir = "/pool/condor/dir_3990737"
	Cpus = 1
	Disk = 3785
	GPUs = 0
	Memory = 3000
...
006 (13651990.000.000) 02/26 12:01:17 Image size of job updated: 1828
	2  -  MemoryUsage of job (MB)
	1828  -  ResidentSetSize of job (KB)
...
006 (13651990.000.000) 02/26 12:06:18 Image size of job updated: 2486752
	2429  -  MemoryUsage of job (MB)
	2486752  -  ResidentSetSize of job (KB)
...
006 (13651990.000.000) 02/26 12:11:19 Image size of job updated: 2539760
	2481  -  MemoryUsage of job (MB)
	2539760  -  ResidentSetSize of job (KB)
...
006 (13651990.000.000) 02/26 12:16:19 Image size of job updated: 2663644
	2602  -  MemoryUsage of job (MB)
	2663644  -  ResidentSetSize of job (KB)
...
040 (13651990.000.000) 02/26 12:16:49 Started transferring output files
...
040 (13651990.000.000) 02/26 12:16:49 Finished transferring output files
...
005 (13651990.000.000) 02/26 12:16:49 Job terminated.
	(1) Normal termination (return value 0)
		Usr 0 00:09:55, Sys 0 00:00:17  -  Run Remote Usage
		Usr 0 00:00:00, Sys 0 00:00:00  -  Run Local Usage
		Usr 0 00:09:55, Sys 0 00:00:17  -  Total Remote Usage
		Usr 0 00:00:00, Sys 0 00:00:00  -  Total Local Usage
	3456  -  Run Bytes Sent By Job
	11022  -  Run Bytes Received By Job
	3456  -  Total Bytes Sent By Job
	11022  -  Total Bytes Received By Job
	Partitionable Resources :     Usage  Request Allocated 
	   Cpus                 :      0.78        1         1 
	   Disk (KB)            : 145029          12      3785 
	   GPUs                 :                            0 
	   Memory (MB)          :   2602        3000      3000 

	Job terminated of its own accord at 2025-02-26T11:16:49Z with exit-code 0.
...
000 (13689438.000.000) 03/10 12:42:29 Job submitted from host: <137.138.120.116:9618?addrs=137.138.120.116-9618+[2001-1458-d00-16--17b]-9618&alias=bigbird12.cern.ch&noUDP&sock=schedd_5055_e355>
...
040 (13689438.000.000) 03/10 12:55:38 Started transferring input files
	Transferring to host: <188.185.211.161:9618?addrs=188.185.211.161-9618+[2001-1458-303-17--100-1d]-9618&alias=b9p24p8130.cern.ch&noUDP&sock=slot1_27_2676756_80aa_34189>
...
040 (13689438.000.000) 03/10 12:55:38 Finished transferring input files
...
001 (13689438.000.000) 03/10 12:55:39 Job executing on host: <188.185.211.161:9618?addrs=188.185.211.161-9618+[2001-1458-303-17--100-1d]-9618&alias=b9p24p8130.cern.ch&noUDP&sock=startd_2676081_8ebf>
	SlotName: slot1_27@b9p24p8130.cern.ch
	CondorScratchDir = "/pool/condor/dir_1244650"
	Cpus = 1
	Disk = 3718
	GPUs = 0
	Memory = 3000
...
006 (13689438.000.000) 03/10 12:55:47 Image size of job updated: 135072
	132  -  MemoryUsage of job (MB)
	135072  -  ResidentSetSize of job (KB)
...
006 (13689438.000.000) 03/10 13:00:47 Image size of job updated: 1118592
	1093  -  MemoryUsage of job (MB)
	1118592  -  ResidentSetSize of job (KB)
...
040 (13689438.000.000) 03/10 13:03:36 Started transferring output files
...
040 (13689438.000.000) 03/10 13:03:36 Finished transferring output files
...
005 (13689438.000.000) 03/10 13:03:36 Job terminated.
	(1) Normal termination (return value 0)
		Usr 0 00:04:14, Sys 0 00:00:12  -  Run Remote Usage
		Usr 0 00:00:00, Sys 0 00:00:00  -  Run Local Usage
		Usr 0 00:04:14, Sys 0 00:00:12  -  Total Remote Usage
		Usr 0 00:00:00, Sys 0 00:00:00  -  Total Local Usage
	2789  -  Run Bytes Sent By Job
	11018  -  Run Bytes Received By Job
	2789  -  Total Bytes Sent By Job
	11018  -  Total Bytes Received By Job
	Partitionable Resources :    Usage  Request Allocated 
	   Cpus                 :     0.94        1         1 
	   Disk (KB)            : 71244          12      3718 
	   GPUs                 :                           0 
	   Memory (MB)          :  1093        3000      3000 

	Job terminated of its own accord at 2025-03-10T12:03:36Z with exit-code 0.
...
