000 (13651994.000.000) 02/26 11:55:53 Job submitted from host: <137.138.120.116:9618?addrs=137.138.120.116-9618+[2001-1458-d00-16--17b]-9618&alias=bigbird12.cern.ch&noUDP&sock=schedd_3871_c333>
...
040 (13651994.000.000) 02/26 12:01:08 Started transferring input files
	Transferring to host: <188.185.194.103:9618?addrs=188.185.194.103-9618+[2001-1458-303-21--100-63]-9618&alias=b9p20p8653.cern.ch&noUDP&sock=slot1_24_3271868_be33_20104>
...
040 (13651994.000.000) 02/26 12:01:08 Finished transferring input files
...
001 (13651994.000.000) 02/26 12:01:09 Job executing on host: <188.185.194.103:9618?addrs=188.185.194.103-9618+[2001-1458-303-21--100-63]-9618&alias=b9p20p8653.cern.ch&noUDP&sock=startd_6869_2421>
	SlotName: slot1_24@b9p20p8653.cern.ch
	CondorScratchDir = "/pool/condor/dir_1170763"
	Cpus = 1
	Disk = 3826
	GPUs = 0
	Memory = 3000
...
006 (13651994.000.000) 02/26 12:01:18 Image size of job updated: 1800
	2  -  MemoryUsage of job (MB)
	1800  -  ResidentSetSize of job (KB)
...
006 (13651994.000.000) 02/26 12:06:19 Image size of job updated: 2511328
	2453  -  MemoryUsage of job (MB)
	2511328  -  ResidentSetSize of job (KB)
...
006 (13651994.000.000) 02/26 12:11:19 Image size of job updated: 2567328
	2508  -  MemoryUsage of job (MB)
	2567328  -  ResidentSetSize of job (KB)
...
006 (13651994.000.000) 02/26 12:16:20 Image size of job updated: 2616684
	2556  -  MemoryUsage of job (MB)
	2616684  -  ResidentSetSize of job (KB)
...
006 (13651994.000.000) 02/26 12:21:21 Image size of job updated: 2650856
	2589  -  MemoryUsage of job (MB)
	2650856  -  ResidentSetSize of job (KB)
...
006 (13651994.000.000) 02/26 12:26:22 Image size of job updated: 2692292
	2630  -  MemoryUsage of job (MB)
	2692292  -  ResidentSetSize of job (KB)
...
006 (13651994.000.000) 02/26 12:31:23 Image size of job updated: 2742148
	2678  -  MemoryUsage of job (MB)
	2742148  -  ResidentSetSize of job (KB)
...
006 (13651994.000.000) 02/26 12:36:23 Image size of job updated: 2774756
	2710  -  MemoryUsage of job (MB)
	2774756  -  ResidentSetSize of job (KB)
...
006 (13651994.000.000) 02/26 12:41:23 Image size of job updated: 2808032
	2743  -  MemoryUsage of job (MB)
	2808032  -  ResidentSetSize of job (KB)
...
006 (13651994.000.000) 02/26 12:46:24 Image size of job updated: 2848880
	2783  -  MemoryUsage of job (MB)
	2848880  -  ResidentSetSize of job (KB)
...
006 (13651994.000.000) 02/26 12:51:24 Image size of job updated: 2888176
	2821  -  MemoryUsage of job (MB)
	2888176  -  ResidentSetSize of job (KB)
...
006 (13651994.000.000) 02/26 12:56:24 Image size of job updated: 2921652
	2854  -  MemoryUsage of job (MB)
	2921652  -  ResidentSetSize of job (KB)
...
006 (13651994.000.000) 02/26 13:01:25 Image size of job updated: 2958624
	2890  -  MemoryUsage of job (MB)
	2958624  -  ResidentSetSize of job (KB)
...
006 (13651994.000.000) 02/26 13:06:25 Image size of job updated: 3008372
	2938  -  MemoryUsage of job (MB)
	3008372  -  ResidentSetSize of job (KB)
...
040 (13651994.000.000) 02/26 14:50:49 Entered queue to transfer output files
...
040 (13651994.000.000) 02/26 14:50:53 Started transferring output files
...
040 (13651994.000.000) 02/26 14:50:54 Finished transferring output files
...
005 (13651994.000.000) 02/26 14:50:54 Job terminated.
	(1) Normal termination (return value 0)
		Usr 0 01:08:14, Sys 0 00:01:36  -  Run Remote Usage
		Usr 0 00:00:00, Sys 0 00:00:00  -  Run Local Usage
		Usr 0 01:08:14, Sys 0 00:01:36  -  Total Remote Usage
		Usr 0 00:00:00, Sys 0 00:00:00  -  Total Local Usage
	3946  -  Run Bytes Sent By Job
	11022  -  Run Bytes Received By Job
	3946  -  Total Bytes Sent By Job
	11022  -  Total Bytes Received By Job
	Partitionable Resources :    Usage  Request Allocated 
	   Cpus                 :        0        1         1 
	   Disk (KB)            :  1074476       12      3826 
	   GPUs                 :                           0 
	   Memory (MB)          :     2938     3000      3000 

	Job terminated of its own accord at 2025-02-26T13:50:44Z with exit-code 0.
...
000 (13689442.000.000) 03/10 12:42:33 Job submitted from host: <137.138.120.116:9618?addrs=137.138.120.116-9618+[2001-1458-d00-16--17b]-9618&alias=bigbird12.cern.ch&noUDP&sock=schedd_5055_e355>
...
040 (13689442.000.000) 03/10 12:52:19 Started transferring input files
	Transferring to host: <188.185.194.104:9618?addrs=188.185.194.104-9618+[2001-1458-303-21--100-64]-9618&alias=b9p20p2266.cern.ch&noUDP&sock=slot1_11_336598_7db1_24235>
...
040 (13689442.000.000) 03/10 12:52:19 Finished transferring input files
...
001 (13689442.000.000) 03/10 12:52:20 Job executing on host: <188.185.194.104:9618?addrs=188.185.194.104-9618+[2001-1458-303-21--100-64]-9618&alias=b9p20p2266.cern.ch&noUDP&sock=startd_4689_d7ab>
	SlotName: slot1_11@b9p20p2266.cern.ch
	CondorScratchDir = "/pool/condor/dir_66412"
	Cpus = 1
	Disk = 3846
	GPUs = 0
	Memory = 3000
...
006 (13689442.000.000) 03/10 12:52:29 Image size of job updated: 177612
	174  -  MemoryUsage of job (MB)
	177612  -  ResidentSetSize of job (KB)
...
006 (13689442.000.000) 03/10 12:57:30 Image size of job updated: 515052
	503  -  MemoryUsage of job (MB)
	515052  -  ResidentSetSize of job (KB)
...
006 (13689442.000.000) 03/10 13:02:31 Image size of job updated: 702684
	687  -  MemoryUsage of job (MB)
	702684  -  ResidentSetSize of job (KB)
...
006 (13689442.000.000) 03/10 13:07:31 Image size of job updated: 761800
	744  -  MemoryUsage of job (MB)
	761800  -  ResidentSetSize of job (KB)
...
006 (13689442.000.000) 03/10 13:12:31 Image size of job updated: 815492
	797  -  MemoryUsage of job (MB)
	815492  -  ResidentSetSize of job (KB)
...
006 (13689442.000.000) 03/10 13:17:32 Image size of job updated: 870832
	851  -  MemoryUsage of job (MB)
	870832  -  ResidentSetSize of job (KB)
...
006 (13689442.000.000) 03/10 13:22:32 Image size of job updated: 942340
	921  -  MemoryUsage of job (MB)
	942340  -  ResidentSetSize of job (KB)
...
006 (13689442.000.000) 03/10 13:27:32 Image size of job updated: 1006156
	983  -  MemoryUsage of job (MB)
	1006156  -  ResidentSetSize of job (KB)
...
006 (13689442.000.000) 03/10 13:32:33 Image size of job updated: 1073176
	1049  -  MemoryUsage of job (MB)
	1073176  -  ResidentSetSize of job (KB)
...
006 (13689442.000.000) 03/10 13:37:34 Image size of job updated: 1126452
	1101  -  MemoryUsage of job (MB)
	1126452  -  ResidentSetSize of job (KB)
...
040 (13689442.000.000) 03/10 13:46:42 Started transferring output files
...
040 (13689442.000.000) 03/10 13:46:42 Finished transferring output files
...
005 (13689442.000.000) 03/10 13:46:42 Job terminated.
	(1) Normal termination (return value 0)
		Usr 0 00:40:48, Sys 0 00:00:31  -  Run Remote Usage
		Usr 0 00:00:00, Sys 0 00:00:00  -  Run Local Usage
		Usr 0 00:40:48, Sys 0 00:00:31  -  Total Remote Usage
		Usr 0 00:00:00, Sys 0 00:00:00  -  Total Local Usage
	3593  -  Run Bytes Sent By Job
	11018  -  Run Bytes Received By Job
	3593  -  Total Bytes Sent By Job
	11018  -  Total Bytes Received By Job
	Partitionable Resources :     Usage  Request Allocated 
	   Cpus                 :      0.95        1         1 
	   Disk (KB)            : 498265          12      3846 
	   GPUs                 :                            0 
	   Memory (MB)          :   1101        3000      3000 

	Job terminated of its own accord at 2025-03-10T12:46:42Z with exit-code 0.
...
