000 (13651978.000.000) 02/26 11:55:44 Job submitted from host: <137.138.120.116:9618?addrs=137.138.120.116-9618+[2001-1458-d00-16--17b]-9618&alias=bigbird12.cern.ch&noUDP&sock=schedd_3871_c333>
...
040 (13651978.000.000) 02/26 12:01:05 Started transferring input files
	Transferring to host: <188.185.193.124:9618?addrs=188.185.193.124-9618+[2001-1458-303-20--100-78]-9618&alias=b9p19p6217.cern.ch&noUDP&sock=slot1_28_3383181_d241_5709>
...
040 (13651978.000.000) 02/26 12:01:05 Finished transferring input files
...
001 (13651978.000.000) 02/26 12:01:06 Job executing on host: <188.185.193.124:9618?addrs=188.185.193.124-9618+[2001-1458-303-20--100-78]-9618&alias=b9p19p6217.cern.ch&noUDP&sock=startd_6887_7cd5>
	SlotName: slot1_28@b9p19p6217.cern.ch
	CondorScratchDir = "/pool/condor/dir_893475"
	Cpus = 1
	Disk = 3809
	GPUs = 0
	Memory = 3000
...
006 (13651978.000.000) 02/26 12:01:20 Image size of job updated: 85628
	84  -  MemoryUsage of job (MB)
	85628  -  ResidentSetSize of job (KB)
...
006 (13651978.000.000) 02/26 12:06:21 Image size of job updated: 741184
	724  -  MemoryUsage of job (MB)
	741184  -  ResidentSetSize of job (KB)
...
006 (13651978.000.000) 02/26 12:11:22 Image size of job updated: 796628
	778  -  MemoryUsage of job (MB)
	796628  -  ResidentSetSize of job (KB)
...
006 (13651978.000.000) 02/26 12:12:32 Image size of job updated: 1090200
	778  -  MemoryUsage of job (MB)
	796628  -  ResidentSetSize of job (KB)
...
040 (13651978.000.000) 02/26 12:12:32 Started transferring output files
...
040 (13651978.000.000) 02/26 12:12:32 Finished transferring output files
...
005 (13651978.000.000) 02/26 12:12:32 Job terminated.
	(1) Normal termination (return value 0)
		Usr 0 00:07:39, Sys 0 00:00:16  -  Run Remote Usage
		Usr 0 00:00:00, Sys 0 00:00:00  -  Run Local Usage
		Usr 0 00:07:39, Sys 0 00:00:16  -  Total Remote Usage
		Usr 0 00:00:00, Sys 0 00:00:00  -  Total Local Usage
	3450  -  Run Bytes Sent By Job
	11016  -  Run Bytes Received By Job
	3450  -  Total Bytes Sent By Job
	11016  -  Total Bytes Received By Job
	Partitionable Resources :     Usage  Request Allocated 
	   Cpus                 :      0.95        1         1 
	   Disk (KB)            : 114399          12      3809 
	   GPUs                 :                            0 
	   Memory (MB)          :    778        3000      3000 

	Job terminated of its own accord at 2025-02-26T11:12:32Z with exit-code 0.
...
000 (13689428.000.000) 03/10 12:42:20 Job submitted from host: <137.138.120.116:9618?addrs=137.138.120.116-9618+[2001-1458-d00-16--17b]-9618&alias=bigbird12.cern.ch&noUDP&sock=schedd_5055_e355>
...
040 (13689428.000.000) 03/10 12:52:18 Started transferring input files
	Transferring to host: <188.185.198.18:9618?addrs=188.185.198.18-9618+[2001-1458-303-25--100-e]-9618&alias=b9p15p0252.cern.ch&noUDP&sock=slot1_19_3008139_cdee_94576>
...
040 (13689428.000.000) 03/10 12:52:18 Finished transferring input files
...
001 (13689428.000.000) 03/10 12:52:19 Job executing on host: <188.185.198.18:9618?addrs=188.185.198.18-9618+[2001-1458-303-25--100-e]-9618&alias=b9p15p0252.cern.ch&noUDP&sock=startd_7714_bda8>
	SlotName: slot1_19@b9p15p0252.cern.ch
	CondorScratchDir = "/pool/condor/dir_3080666"
	Cpus = 1
	Disk = 3758
	GPUs = 0
	Memory = 3000
...
006 (13689428.000.000) 03/10 12:52:28 Image size of job updated: 185084
	181  -  MemoryUsage of job (MB)
	185084  -  ResidentSetSize of job (KB)
...
006 (13689428.000.000) 03/10 12:57:29 Image size of job updated: 1204296
	1177  -  MemoryUsage of job (MB)
	1204296  -  ResidentSetSize of job (KB)
...
040 (13689428.000.000) 03/10 13:01:11 Started transferring output files
...
040 (13689428.000.000) 03/10 13:01:11 Finished transferring output files
...
005 (13689428.000.000) 03/10 13:01:11 Job terminated.
	(1) Normal termination (return value 0)
		Usr 0 00:04:58, Sys 0 00:00:12  -  Run Remote Usage
		Usr 0 00:00:00, Sys 0 00:00:00  -  Run Local Usage
		Usr 0 00:04:58, Sys 0 00:00:12  -  Total Remote Usage
		Usr 0 00:00:00, Sys 0 00:00:00  -  Total Local Usage
	3096  -  Run Bytes Sent By Job
	11012  -  Run Bytes Received By Job
	3096  -  Total Bytes Sent By Job
	11012  -  Total Bytes Received By Job
	Partitionable Resources :    Usage  Request Allocated 
	   Cpus                 :     0.04        1         1 
	   Disk (KB)            : 55489          12      3758 
	   GPUs                 :                           0 
	   Memory (MB)          :  1177        3000      3000 

	Job terminated of its own accord at 2025-03-10T12:01:11Z with exit-code 0.
...
