000 (13651981.000.000) 02/26 11:55:46 Job submitted from host: <137.138.120.116:9618?addrs=137.138.120.116-9618+[2001-1458-d00-16--17b]-9618&alias=bigbird12.cern.ch&noUDP&sock=schedd_3871_c333>
...
040 (13651981.000.000) 02/26 12:01:08 Started transferring input files
	Transferring to host: <128.142.248.113:9618?addrs=128.142.248.113-9618+[2001-1458-301-73--100-161]-9618&alias=b9g23p8916.cern.ch&noUDP&sock=slot1_19_9220_12f0_13850>
...
040 (13651981.000.000) 02/26 12:01:08 Finished transferring input files
...
001 (13651981.000.000) 02/26 12:01:09 Job executing on host: <128.142.248.113:9618?addrs=128.142.248.113-9618+[2001-1458-301-73--100-161]-9618&alias=b9g23p8916.cern.ch&noUDP&sock=startd_8048_d64a>
	SlotName: slot1_19@b9g23p8916.cern.ch
	CondorScratchDir = "/pool/condor/dir_3078911"
	Cpus = 1
	Disk = 3821
	GPUs = 0
	Memory = 3000
...
006 (13651981.000.000) 02/26 12:01:23 Image size of job updated: 87372
	86  -  MemoryUsage of job (MB)
	87372  -  ResidentSetSize of job (KB)
...
006 (13651981.000.000) 02/26 12:06:24 Image size of job updated: 739592
	723  -  MemoryUsage of job (MB)
	739592  -  ResidentSetSize of job (KB)
...
006 (13651981.000.000) 02/26 12:07:21 Image size of job updated: 976948
	723  -  MemoryUsage of job (MB)
	739592  -  ResidentSetSize of job (KB)
...
040 (13651981.000.000) 02/26 12:07:21 Started transferring output files
...
040 (13651981.000.000) 02/26 12:07:21 Finished transferring output files
...
005 (13651981.000.000) 02/26 12:07:21 Job terminated.
	(1) Normal termination (return value 0)
		Usr 0 00:03:23, Sys 0 00:00:12  -  Run Remote Usage
		Usr 0 00:00:00, Sys 0 00:00:00  -  Run Local Usage
		Usr 0 00:03:23, Sys 0 00:00:12  -  Total Remote Usage
		Usr 0 00:00:00, Sys 0 00:00:00  -  Total Local Usage
	3450  -  Run Bytes Sent By Job
	11016  -  Run Bytes Received By Job
	3450  -  Total Bytes Sent By Job
	11016  -  Total Bytes Received By Job
	Partitionable Resources :    Usage  Request Allocated 
	   Cpus                 :        0        1         1 
	   Disk (KB)            :    51944       12      3821 
	   GPUs                 :                           0 
	   Memory (MB)          :      723     3000      3000 

	Job terminated of its own accord at 2025-02-26T11:07:21Z with exit-code 0.
...
000 (13689431.000.000) 03/10 12:42:23 Job submitted from host: <137.138.120.116:9618?addrs=137.138.120.116-9618+[2001-1458-d00-16--17b]-9618&alias=bigbird12.cern.ch&noUDP&sock=schedd_5055_e355>
...
040 (13689431.000.000) 03/10 12:52:18 Started transferring input files
	Transferring to host: <188.185.198.175:9618?addrs=188.185.198.175-9618+[2001-1458-303-25--100-ab]-9618&alias=b9p15p0995.cern.ch&noUDP&sock=slot1_8_11532_164e_20895>
...
040 (13689431.000.000) 03/10 12:52:18 Finished transferring input files
...
001 (13689431.000.000) 03/10 12:52:19 Job executing on host: <188.185.198.175:9618?addrs=188.185.198.175-9618+[2001-1458-303-25--100-ab]-9618&alias=b9p15p0995.cern.ch&noUDP&sock=startd_11491_72dd>
	SlotName: slot1_8@b9p15p0995.cern.ch
	CondorScratchDir = "/pool/condor/dir_19155"
	Cpus = 1
	Disk = 3813
	GPUs = 0
	Memory = 3000
...
006 (13689431.000.000) 03/10 12:52:32 Image size of job updated: 129508
	127  -  MemoryUsage of job (MB)
	129508  -  ResidentSetSize of job (KB)
...
006 (13689431.000.000) 03/10 12:56:48 Image size of job updated: 765680
	127  -  MemoryUsage of job (MB)
	129532  -  ResidentSetSize of job (KB)
...
040 (13689431.000.000) 03/10 12:56:48 Started transferring output files
...
040 (13689431.000.000) 03/10 12:56:48 Finished transferring output files
...
005 (13689431.000.000) 03/10 12:56:48 Job terminated.
	(1) Normal termination (return value 0)
		Usr 0 00:02:00, Sys 0 00:00:08  -  Run Remote Usage
		Usr 0 00:00:00, Sys 0 00:00:00  -  Run Local Usage
		Usr 0 00:02:00, Sys 0 00:00:08  -  Total Remote Usage
		Usr 0 00:00:00, Sys 0 00:00:00  -  Total Local Usage
	3096  -  Run Bytes Sent By Job
	11012  -  Run Bytes Received By Job
	3096  -  Total Bytes Sent By Job
	11012  -  Total Bytes Received By Job
	Partitionable Resources :    Usage  Request Allocated 
	   Cpus                 :     0.55        1         1 
	   Disk (KB)            : 27734          12      3813 
	   GPUs                 :                           0 
	   Memory (MB)          :   127        3000      3000 

	Job terminated of its own accord at 2025-03-10T11:56:48Z with exit-code 0.
...
