000 (13651985.000.000) 02/26 11:55:48 Job submitted from host: <137.138.120.116:9618?addrs=137.138.120.116-9618+[2001-1458-d00-16--17b]-9618&alias=bigbird12.cern.ch&noUDP&sock=schedd_3871_c333>
...
040 (13651985.000.000) 02/26 12:01:06 Started transferring input files
	Transferring to host: <128.142.52.10:9618?addrs=128.142.52.10-9618+[2001-1458-301-1b--100-7]-9618&alias=b9g02p4813.cern.ch&noUDP&sock=slot1_4_8590_2e96_20268>
...
040 (13651985.000.000) 02/26 12:01:06 Finished transferring input files
...
001 (13651985.000.000) 02/26 12:01:07 Job executing on host: <128.142.52.10:9618?addrs=128.142.52.10-9618+[2001-1458-301-1b--100-7]-9618&alias=b9g02p4813.cern.ch&noUDP&sock=startd_7318_1e27>
	SlotName: slot1_4@b9g02p4813.cern.ch
	CondorScratchDir = "/pool/condor/dir_436199"
	Cpus = 1
	Disk = 3839
	GPUs = 0
	Memory = 3000
...
006 (13651985.000.000) 02/26 12:01:21 Image size of job updated: 102692
	101  -  MemoryUsage of job (MB)
	102692  -  ResidentSetSize of job (KB)
...
006 (13651985.000.000) 02/26 12:04:51 Image size of job updated: 983908
	101  -  MemoryUsage of job (MB)
	102868  -  ResidentSetSize of job (KB)
...
040 (13651985.000.000) 02/26 12:04:51 Started transferring output files
...
040 (13651985.000.000) 02/26 12:04:51 Finished transferring output files
...
005 (13651985.000.000) 02/26 12:04:52 Job terminated.
	(1) Normal termination (return value 0)
		Usr 0 00:01:52, Sys 0 00:00:10  -  Run Remote Usage
		Usr 0 00:00:00, Sys 0 00:00:00  -  Run Local Usage
		Usr 0 00:01:52, Sys 0 00:00:10  -  Total Remote Usage
		Usr 0 00:00:00, Sys 0 00:00:00  -  Total Local Usage
	3444  -  Run Bytes Sent By Job
	11016  -  Run Bytes Received By Job
	3444  -  Total Bytes Sent By Job
	11016  -  Total Bytes Received By Job
	Partitionable Resources :    Usage  Request Allocated 
	   Cpus                 :        0        1         1 
	   Disk (KB)            :    29158       12      3839 
	   GPUs                 :                           0 
	   Memory (MB)          :      101     3000      3000 

	Job terminated of its own accord at 2025-02-26T11:04:51Z with exit-code 0.
...
000 (13689434.000.000) 03/10 12:42:27 Job submitted from host: <137.138.120.116:9618?addrs=137.138.120.116-9618+[2001-1458-d00-16--17b]-9618&alias=bigbird12.cern.ch&noUDP&sock=schedd_5055_e355>
...
040 (13689434.000.000) 03/10 12:55:36 Started transferring input files
	Transferring to host: <188.185.211.192:9618?addrs=188.185.211.192-9618+[2001-1458-303-17--100-3c]-9618&alias=b9p24p7757.cern.ch&noUDP&sock=slot1_6_2464956_3e06_9635>
...
040 (13689434.000.000) 03/10 12:55:36 Finished transferring input files
...
001 (13689434.000.000) 03/10 12:55:37 Job executing on host: <188.185.211.192:9618?addrs=188.185.211.192-9618+[2001-1458-303-17--100-3c]-9618&alias=b9p24p7757.cern.ch&noUDP&sock=startd_4033_e18a>
	SlotName: slot1_6@b9p24p7757.cern.ch
	CondorScratchDir = "/pool/condor/dir_1769747"
	Cpus = 1
	Disk = 3691
	GPUs = 0
	Memory = 3000
...
006 (13689434.000.000) 03/10 12:55:45 Image size of job updated: 306248
	300  -  MemoryUsage of job (MB)
	306248  -  ResidentSetSize of job (KB)
...
006 (13689434.000.000) 03/10 12:58:12 Image size of job updated: 1383312
	1351  -  MemoryUsage of job (MB)
	1383312  -  ResidentSetSize of job (KB)
...
040 (13689434.000.000) 03/10 12:58:13 Started transferring output files
...
040 (13689434.000.000) 03/10 12:58:13 Finished transferring output files
...
005 (13689434.000.000) 03/10 12:58:13 Job terminated.
	(1) Normal termination (return value 0)
		Usr 0 00:00:58, Sys 0 00:00:10  -  Run Remote Usage
		Usr 0 00:00:00, Sys 0 00:00:00  -  Run Local Usage
		Usr 0 00:00:58, Sys 0 00:00:10  -  Total Remote Usage
		Usr 0 00:00:00, Sys 0 00:00:00  -  Total Local Usage
	2776  -  Run Bytes Sent By Job
	11012  -  Run Bytes Received By Job
	2776  -  Total Bytes Sent By Job
	11012  -  Total Bytes Received By Job
	Partitionable Resources :    Usage  Request Allocated 
	   Cpus                 :     0.08        1         1 
	   Disk (KB)            : 18689          12      3691 
	   GPUs                 :                           0 
	   Memory (MB)          :  1351        3000      3000 

	Job terminated of its own accord at 2025-03-10T11:58:12Z with exit-code 0.
...
