000 (13651980.000.000) 02/26 11:55:45 Job submitted from host: <137.138.120.116:9618?addrs=137.138.120.116-9618+[2001-1458-d00-16--17b]-9618&alias=bigbird12.cern.ch&noUDP&sock=schedd_3871_c333>
...
040 (13651980.000.000) 02/26 12:01:04 Started transferring input files
	Transferring to host: <188.185.192.175:9618?addrs=188.185.192.175-9618+[2001-1458-303-1f--100-ab]-9618&alias=b9p13p2082.cern.ch&noUDP&sock=slot1_13_3671584_d331_24864>
...
040 (13651980.000.000) 02/26 12:01:04 Finished transferring input files
...
001 (13651980.000.000) 02/26 12:01:05 Job executing on host: <188.185.192.175:9618?addrs=188.185.192.175-9618+[2001-1458-303-1f--100-ab]-9618&alias=b9p13p2082.cern.ch&noUDP&sock=startd_3713_633c>
	SlotName: slot1_13@b9p13p2082.cern.ch
	CondorScratchDir = "/pool/condor/dir_1122954"
	Cpus = 1
	Disk = 3786
	GPUs = 0
	Memory = 3000
...
006 (13651980.000.000) 02/26 12:01:13 Image size of job updated: 468224
	458  -  MemoryUsage of job (MB)
	468224  -  ResidentSetSize of job (KB)
...
006 (13651980.000.000) 02/26 12:06:13 Image size of job updated: 2492716
	2435  -  MemoryUsage of job (MB)
	2492716  -  ResidentSetSize of job (KB)
...
006 (13651980.000.000) 02/26 12:11:14 Image size of job updated: 2570428
	2511  -  MemoryUsage of job (MB)
	2570428  -  ResidentSetSize of job (KB)
...
006 (13651980.000.000) 02/26 12:16:14 Image size of job updated: 2618664
	2558  -  MemoryUsage of job (MB)
	2618664  -  ResidentSetSize of job (KB)
...
040 (13651980.000.000) 02/26 12:18:33 Started transferring output files
...
040 (13651980.000.000) 02/26 12:18:33 Finished transferring output files
...
005 (13651980.000.000) 02/26 12:18:34 Job terminated.
	(1) Normal termination (return value 0)
		Usr 0 00:12:41, Sys 0 00:00:18  -  Run Remote Usage
		Usr 0 00:00:00, Sys 0 00:00:00  -  Run Local Usage
		Usr 0 00:12:41, Sys 0 00:00:18  -  Total Remote Usage
		Usr 0 00:00:00, Sys 0 00:00:00  -  Total Local Usage
	3450  -  Run Bytes Sent By Job
	11016  -  Run Bytes Received By Job
	3450  -  Total Bytes Sent By Job
	11016  -  Total Bytes Received By Job
	Partitionable Resources :     Usage  Request Allocated 
	   Cpus                 :      1.00        1         1 
	   Disk (KB)            : 230396          12      3786 
	   GPUs                 :                            0 
	   Memory (MB)          :   2558        3000      3000 

	Job terminated of its own accord at 2025-02-26T11:18:33Z with exit-code 0.
...
000 (13689430.000.000) 03/10 12:42:22 Job submitted from host: <137.138.120.116:9618?addrs=137.138.120.116-9618+[2001-1458-d00-16--17b]-9618&alias=bigbird12.cern.ch&noUDP&sock=schedd_5055_e355>
...
040 (13689430.000.000) 03/10 12:52:19 Started transferring input files
	Transferring to host: <188.185.194.104:9618?addrs=188.185.194.104-9618+[2001-1458-303-21--100-64]-9618&alias=b9p20p2266.cern.ch&noUDP&sock=slot1_17_336598_7db1_24237>
...
040 (13689430.000.000) 03/10 12:52:19 Finished transferring input files
...
001 (13689430.000.000) 03/10 12:52:20 Job executing on host: <188.185.194.104:9618?addrs=188.185.194.104-9618+[2001-1458-303-21--100-64]-9618&alias=b9p20p2266.cern.ch&noUDP&sock=startd_4689_d7ab>
	SlotName: slot1_17@b9p20p2266.cern.ch
	CondorScratchDir = "/pool/condor/dir_66512"
	Cpus = 1
	Disk = 3846
	GPUs = 0
	Memory = 3000
...
006 (13689430.000.000) 03/10 12:52:28 Image size of job updated: 149716
	147  -  MemoryUsage of job (MB)
	149716  -  ResidentSetSize of job (KB)
...
006 (13689430.000.000) 03/10 12:57:28 Image size of job updated: 1052116
	1028  -  MemoryUsage of job (MB)
	1052116  -  ResidentSetSize of job (KB)
...
040 (13689430.000.000) 03/10 13:06:26 Started transferring output files
...
040 (13689430.000.000) 03/10 13:06:26 Finished transferring output files
...
005 (13689430.000.000) 03/10 13:06:26 Job terminated.
	(1) Normal termination (return value 0)
		Usr 0 00:09:39, Sys 0 00:00:13  -  Run Remote Usage
		Usr 0 00:00:00, Sys 0 00:00:00  -  Run Local Usage
		Usr 0 00:09:39, Sys 0 00:00:13  -  Total Remote Usage
		Usr 0 00:00:00, Sys 0 00:00:00  -  Total Local Usage
	3096  -  Run Bytes Sent By Job
	11012  -  Run Bytes Received By Job
	3096  -  Total Bytes Sent By Job
	11012  -  Total Bytes Received By Job
	Partitionable Resources :     Usage  Request Allocated 
	   Cpus                 :      0.96        1         1 
	   Disk (KB)            : 109079          12      3846 
	   GPUs                 :                            0 
	   Memory (MB)          :   1028        3000      3000 

	Job terminated of its own accord at 2025-03-10T12:06:26Z with exit-code 0.
...
