000 (13651987.000.000) 02/26 11:55:49 Job submitted from host: <137.138.120.116:9618?addrs=137.138.120.116-9618+[2001-1458-d00-16--17b]-9618&alias=bigbird12.cern.ch&noUDP&sock=schedd_3871_c333>
...
040 (13651987.000.000) 02/26 12:01:06 Started transferring input files
	Transferring to host: <188.185.192.77:9618?addrs=188.185.192.77-9618+[2001-1458-303-1f--100-49]-9618&alias=b9p13p3197.cern.ch&noUDP&sock=slot1_31_479752_6f2e_6169>
...
040 (13651987.000.000) 02/26 12:01:06 Finished transferring input files
...
001 (13651987.000.000) 02/26 12:01:07 Job executing on host: <188.185.192.77:9618?addrs=188.185.192.77-9618+[2001-1458-303-1f--100-49]-9618&alias=b9p13p3197.cern.ch&noUDP&sock=startd_8671_29ca>
	SlotName: slot1_31@b9p13p3197.cern.ch
	CondorScratchDir = "/pool/condor/dir_1929038"
	Cpus = 1
	Disk = 3821
	GPUs = 0
	Memory = 3000
...
006 (13651987.000.000) 02/26 12:01:15 Image size of job updated: 1796
	2  -  MemoryUsage of job (MB)
	1796  -  ResidentSetSize of job (KB)
...
006 (13651987.000.000) 02/26 12:06:16 Image size of job updated: 2003760
	1957  -  MemoryUsage of job (MB)
	2003760  -  ResidentSetSize of job (KB)
...
006 (13651987.000.000) 02/26 12:06:25 Image size of job updated: 2003760
	1960  -  MemoryUsage of job (MB)
	2006388  -  ResidentSetSize of job (KB)
...
040 (13651987.000.000) 02/26 12:06:25 Started transferring output files
...
040 (13651987.000.000) 02/26 12:06:25 Finished transferring output files
...
005 (13651987.000.000) 02/26 12:06:25 Job terminated.
	(1) Normal termination (return value 0)
		Usr 0 00:02:00, Sys 0 00:00:10  -  Run Remote Usage
		Usr 0 00:00:00, Sys 0 00:00:00  -  Run Local Usage
		Usr 0 00:02:00, Sys 0 00:00:10  -  Total Remote Usage
		Usr 0 00:00:00, Sys 0 00:00:00  -  Total Local Usage
	3444  -  Run Bytes Sent By Job
	11016  -  Run Bytes Received By Job
	3444  -  Total Bytes Sent By Job
	11016  -  Total Bytes Received By Job
	Partitionable Resources :    Usage  Request Allocated 
	   Cpus                 :     0.30        1         1 
	   Disk (KB)            : 29697          12      3821 
	   GPUs                 :                           0 
	   Memory (MB)          :  1960        3000      3000 

	Job terminated of its own accord at 2025-02-26T11:06:25Z with exit-code 0.
...
000 (13689435.000.000) 03/10 12:42:27 Job submitted from host: <137.138.120.116:9618?addrs=137.138.120.116-9618+[2001-1458-d00-16--17b]-9618&alias=bigbird12.cern.ch&noUDP&sock=schedd_5055_e355>
...
040 (13689435.000.000) 03/10 12:55:37 Started transferring input files
	Transferring to host: <128.142.248.38:9618?addrs=128.142.248.38-9618+[2001-1458-301-73--100-116]-9618&alias=b9g23p3745.cern.ch&noUDP&sock=slot1_19_6317_a5da_24109>
...
040 (13689435.000.000) 03/10 12:55:37 Finished transferring input files
...
001 (13689435.000.000) 03/10 12:55:38 Job executing on host: <128.142.248.38:9618?addrs=128.142.248.38-9618+[2001-1458-301-73--100-116]-9618&alias=b9g23p3745.cern.ch&noUDP&sock=startd_5495_b101>
	SlotName: slot1_19@b9g23p3745.cern.ch
	CondorScratchDir = "/pool/condor/dir_1526603"
	Cpus = 1
	Disk = 3785
	GPUs = 0
	Memory = 3000
...
006 (13689435.000.000) 03/10 12:55:52 Image size of job updated: 82636
	81  -  MemoryUsage of job (MB)
	82636  -  ResidentSetSize of job (KB)
...
006 (13689435.000.000) 03/10 12:58:58 Image size of job updated: 942976
	81  -  MemoryUsage of job (MB)
	82636  -  ResidentSetSize of job (KB)
...
040 (13689435.000.000) 03/10 12:58:58 Started transferring output files
...
040 (13689435.000.000) 03/10 12:58:58 Finished transferring output files
...
005 (13689435.000.000) 03/10 12:58:58 Job terminated.
	(1) Normal termination (return value 0)
		Usr 0 00:01:32, Sys 0 00:00:12  -  Run Remote Usage
		Usr 0 00:00:00, Sys 0 00:00:00  -  Run Local Usage
		Usr 0 00:01:32, Sys 0 00:00:12  -  Total Remote Usage
		Usr 0 00:00:00, Sys 0 00:00:00  -  Total Local Usage
	3090  -  Run Bytes Sent By Job
	11012  -  Run Bytes Received By Job
	3090  -  Total Bytes Sent By Job
	11012  -  Total Bytes Received By Job
	Partitionable Resources :    Usage  Request Allocated 
	   Cpus                 :        0        1         1 
	   Disk (KB)            :    18793       12      3785 
	   GPUs                 :                           0 
	   Memory (MB)          :       81     3000      3000 

	Job terminated of its own accord at 2025-03-10T11:58:58Z with exit-code 0.
...
