000 (13651979.000.000) 02/26 11:55:45 Job submitted from host: <137.138.120.116:9618?addrs=137.138.120.116-9618+[2001-1458-d00-16--17b]-9618&alias=bigbird12.cern.ch&noUDP&sock=schedd_3871_c333>
...
040 (13651979.000.000) 02/26 12:01:04 Started transferring input files
	Transferring to host: <188.185.192.179:9618?addrs=188.185.192.179-9618+[2001-1458-303-1f--100-af]-9618&alias=b9p13p4937.cern.ch&noUDP&sock=slot1_13_8952_3e65_96890>
...
040 (13651979.000.000) 02/26 12:01:04 Finished transferring input files
...
001 (13651979.000.000) 02/26 12:01:05 Job executing on host: <188.185.192.179:9618?addrs=188.185.192.179-9618+[2001-1458-303-1f--100-af]-9618&alias=b9p13p4937.cern.ch&noUDP&sock=startd_7546_81bf>
	SlotName: slot1_13@b9p13p4937.cern.ch
	CondorScratchDir = "/pool/condor/dir_2334127"
	Cpus = 1
	Disk = 3758
	GPUs = 0
	Memory = 3000
...
006 (13651979.000.000) 02/26 12:01:14 Image size of job updated: 330436
	323  -  MemoryUsage of job (MB)
	330436  -  ResidentSetSize of job (KB)
...
006 (13651979.000.000) 02/26 12:06:15 Image size of job updated: 2123496
	2074  -  MemoryUsage of job (MB)
	2123496  -  ResidentSetSize of job (KB)
...
006 (13651979.000.000) 02/26 12:11:16 Image size of job updated: 2170828
	2120  -  MemoryUsage of job (MB)
	2170828  -  ResidentSetSize of job (KB)
...
040 (13651979.000.000) 02/26 12:12:55 Started transferring output files
...
040 (13651979.000.000) 02/26 12:12:55 Finished transferring output files
...
005 (13651979.000.000) 02/26 12:12:56 Job terminated.
	(1) Normal termination (return value 0)
		Usr 0 00:07:44, Sys 0 00:00:17  -  Run Remote Usage
		Usr 0 00:00:00, Sys 0 00:00:00  -  Run Local Usage
		Usr 0 00:07:44, Sys 0 00:00:17  -  Total Remote Usage
		Usr 0 00:00:00, Sys 0 00:00:00  -  Total Local Usage
	3450  -  Run Bytes Sent By Job
	11016  -  Run Bytes Received By Job
	3450  -  Total Bytes Sent By Job
	11016  -  Total Bytes Received By Job
	Partitionable Resources :     Usage  Request Allocated 
	   Cpus                 :      0.99        1         1 
	   Disk (KB)            : 116090          12      3758 
	   GPUs                 :                            0 
	   Memory (MB)          :   2120        3000      3000 

	Job terminated of its own accord at 2025-02-26T11:12:55Z with exit-code 0.
...
000 (13689429.000.000) 03/10 12:42:20 Job submitted from host: <137.138.120.116:9618?addrs=137.138.120.116-9618+[2001-1458-d00-16--17b]-9618&alias=bigbird12.cern.ch&noUDP&sock=schedd_5055_e355>
...
040 (13689429.000.000) 03/10 12:52:19 Started transferring input files
	Transferring to host: <188.185.194.104:9618?addrs=188.185.194.104-9618+[2001-1458-303-21--100-64]-9618&alias=b9p20p2266.cern.ch&noUDP&sock=slot1_16_336598_7db1_24236>
...
040 (13689429.000.000) 03/10 12:52:19 Finished transferring input files
...
001 (13689429.000.000) 03/10 12:52:20 Job executing on host: <188.185.194.104:9618?addrs=188.185.194.104-9618+[2001-1458-303-21--100-64]-9618&alias=b9p20p2266.cern.ch&noUDP&sock=startd_4689_d7ab>
	SlotName: slot1_16@b9p20p2266.cern.ch
	CondorScratchDir = "/pool/condor/dir_66418"
	Cpus = 1
	Disk = 3846
	GPUs = 0
	Memory = 3000
...
006 (13689429.000.000) 03/10 12:52:29 Image size of job updated: 162448
	159  -  MemoryUsage of job (MB)
	162448  -  ResidentSetSize of job (KB)
...
006 (13689429.000.000) 03/10 12:57:30 Image size of job updated: 1025560
	1002  -  MemoryUsage of job (MB)
	1025560  -  ResidentSetSize of job (KB)
...
040 (13689429.000.000) 03/10 13:00:45 Started transferring output files
...
040 (13689429.000.000) 03/10 13:00:45 Finished transferring output files
...
005 (13689429.000.000) 03/10 13:00:45 Job terminated.
	(1) Normal termination (return value 0)
		Usr 0 00:04:56, Sys 0 00:00:10  -  Run Remote Usage
		Usr 0 00:00:00, Sys 0 00:00:00  -  Run Local Usage
		Usr 0 00:04:56, Sys 0 00:00:10  -  Total Remote Usage
		Usr 0 00:00:00, Sys 0 00:00:00  -  Total Local Usage
	3096  -  Run Bytes Sent By Job
	11012  -  Run Bytes Received By Job
	3096  -  Total Bytes Sent By Job
	11012  -  Total Bytes Received By Job
	Partitionable Resources :    Usage  Request Allocated 
	   Cpus                 :     0.95        1         1 
	   Disk (KB)            : 56088          12      3846 
	   GPUs                 :                           0 
	   Memory (MB)          :  1002        3000      3000 

	Job terminated of its own accord at 2025-03-10T12:00:44Z with exit-code 0.
...
