Standalone environment set.
/tmp/lfavilla/ZJetsToNuNu_HT200to400_2022/file177
hadd Target file: tree.root
hadd compression setting for all output: 1
hadd Source file 1: ./7af9c0e0-85df-483c-ac1e-20a00ed69f6d_Skim.root
hadd Sources and Target have different compression levels
hadd merging will be slower
hadd Target path: tree.root:/
Will write selected trees to .
Pre-select 13493 entries out of 13493 (100.00%)
Processed    10000/   13493 entries, 74.11% (elapsed time   332.3s, curr speed    0.030 kHz, avg speed    0.030 kHz), accepted     6415/   10001 events (64.14%)
Processed 13493 preselected entries from root://cms-xrd-global.cern.ch//store/mc/Run3Summer22NanoAODv12/Zto2Nu-4Jets_HT-200to400_TuneCP5_13p6TeV_madgraphMLM-pythia8/NANOAODSIM/130X_mcRun3_2022_realistic_v5-v2/2540000/7af9c0e0-85df-483c-ac1e-20a00ed69f6d.root (13493 entries). Finally selected 8700 entries
Done ./7af9c0e0-85df-483c-ac1e-20a00ed69f6d_Skim.root
Total time 479.5 sec. to process 13493 events. Rate = 28.1 Hz.
DONE
/tmp/lfavilla/ZJetsToNuNu_HT200to400_2022/file177
hadd Target file: tree_hadd_177.root
hadd compression setting for all output: 1
hadd Source file 1: tree.root
hadd Source file 2: hist.root
hadd Target path: tree_hadd_177.root:/
hadd Target path: tree_hadd_177.root:/plots
/tmp/lfavilla/ZJetsToNuNu_HT200to400_2022/file177
