Standalone environment set.
/tmp/lfavilla/ZJetsToNuNu_HT200to400_2022/file200
hadd Target file: tree.root
hadd compression setting for all output: 1
hadd Source file 1: ./c9567c42-a90b-4041-827d-dc4dc925fafd_Skim.root
hadd Sources and Target have different compression levels
hadd merging will be slower
hadd Target path: tree.root:/
Will write selected trees to .
Pre-select 50259 entries out of 50259 (100.00%)
Processed    10000/   50259 entries, 19.90% (elapsed time   248.4s, curr speed    0.040 kHz, avg speed    0.040 kHz), accepted     6475/   10001 events (64.74%)
Processed    20000/   50259 entries, 39.79% (elapsed time   493.1s, curr speed    0.041 kHz, avg speed    0.041 kHz), accepted    12999/   20001 events (64.99%)
Processed    30000/   50259 entries, 59.69% (elapsed time   745.5s, curr speed    0.040 kHz, avg speed    0.040 kHz), accepted    19476/   30001 events (64.92%)
Processed    40000/   50259 entries, 79.59% (elapsed time   985.4s, curr speed    0.042 kHz, avg speed    0.041 kHz), accepted    26025/   40001 events (65.06%)
Processed    50000/   50259 entries, 99.48% (elapsed time  1250.2s, curr speed    0.038 kHz, avg speed    0.040 kHz), accepted    32505/   50001 events (65.01%)
Processed 50259 preselected entries from root://cms-xrd-global.cern.ch//store/mc/Run3Summer22NanoAODv12/Zto2Nu-4Jets_HT-200to400_TuneCP5_13p6TeV_madgraphMLM-pythia8/NANOAODSIM/130X_mcRun3_2022_realistic_v5-v2/30000/c9567c42-a90b-4041-827d-dc4dc925fafd.root (50259 entries). Finally selected 32669 entries
Done ./c9567c42-a90b-4041-827d-dc4dc925fafd_Skim.root
Total time 1334.7 sec. to process 50259 events. Rate = 37.7 Hz.
DONE
/tmp/lfavilla/ZJetsToNuNu_HT200to400_2022/file200
hadd Target file: tree_hadd_200.root
hadd compression setting for all output: 1
hadd Source file 1: tree.root
hadd Source file 2: hist.root
hadd Target path: tree_hadd_200.root:/
hadd Target path: tree_hadd_200.root:/plots
/tmp/lfavilla/ZJetsToNuNu_HT200to400_2022/file200
