Standalone environment set.
/tmp/lfavilla/ZJetsToNuNu_HT200to400_2022/file41
hadd Target file: tree.root
hadd compression setting for all output: 1
hadd Source file 1: ./0d898b36-396a-4266-a756-48bce251b951_Skim.root
hadd Sources and Target have different compression levels
hadd merging will be slower
hadd Target path: tree.root:/
Will write selected trees to .
Pre-select 115671 entries out of 115671 (100.00%)
Processed    10000/  115671 entries,  8.65% (elapsed time   293.8s, curr speed    0.034 kHz, avg speed    0.034 kHz), accepted     6442/   10001 events (64.41%)
Processed    20000/  115671 entries, 17.29% (elapsed time   587.0s, curr speed    0.034 kHz, avg speed    0.034 kHz), accepted    12927/   20001 events (64.63%)
Processed    30000/  115671 entries, 25.94% (elapsed time   874.8s, curr speed    0.035 kHz, avg speed    0.034 kHz), accepted    19390/   30001 events (64.63%)
Processed    40000/  115671 entries, 34.58% (elapsed time  1124.9s, curr speed    0.040 kHz, avg speed    0.036 kHz), accepted    25789/   40001 events (64.47%)
Processed    50000/  115671 entries, 43.23% (elapsed time  1373.5s, curr speed    0.040 kHz, avg speed    0.036 kHz), accepted    32209/   50001 events (64.42%)
Processed    60000/  115671 entries, 51.87% (elapsed time  1633.7s, curr speed    0.038 kHz, avg speed    0.037 kHz), accepted    38746/   60001 events (64.58%)
Processed    70000/  115671 entries, 60.52% (elapsed time  1885.6s, curr speed    0.040 kHz, avg speed    0.037 kHz), accepted    45133/   70001 events (64.47%)
Processed    80000/  115671 entries, 69.16% (elapsed time  2126.0s, curr speed    0.042 kHz, avg speed    0.038 kHz), accepted    51591/   80001 events (64.49%)
Processed    90000/  115671 entries, 77.81% (elapsed time  2395.4s, curr speed    0.037 kHz, avg speed    0.038 kHz), accepted    58109/   90001 events (64.56%)
Processed   100000/  115671 entries, 86.45% (elapsed time  2680.4s, curr speed    0.035 kHz, avg speed    0.037 kHz), accepted    64567/  100001 events (64.57%)
Processed   110000/  115671 entries, 95.10% (elapsed time  2988.0s, curr speed    0.033 kHz, avg speed    0.037 kHz), accepted    70978/  110001 events (64.52%)
Processed 115671 preselected entries from root://cms-xrd-global.cern.ch//store/mc/Run3Summer22NanoAODv12/Zto2Nu-4Jets_HT-200to400_TuneCP5_13p6TeV_madgraphMLM-pythia8/NANOAODSIM/130X_mcRun3_2022_realistic_v5-v2/40000/0d898b36-396a-4266-a756-48bce251b951.root (115671 entries). Finally selected 74629 entries
Done ./0d898b36-396a-4266-a756-48bce251b951_Skim.root
Total time 3298.4 sec. to process 115671 events. Rate = 35.1 Hz.
DONE
/tmp/lfavilla/ZJetsToNuNu_HT200to400_2022/file41
hadd Target file: tree_hadd_41.root
hadd compression setting for all output: 1
hadd Source file 1: tree.root
hadd Source file 2: hist.root
hadd Target path: tree_hadd_41.root:/
hadd Target path: tree_hadd_41.root:/plots
/tmp/lfavilla/ZJetsToNuNu_HT200to400_2022/file41
