Standalone environment set.
/tmp/lfavilla/ZJetsToNuNu_HT200to400_2022/file81
hadd Target file: tree.root
hadd compression setting for all output: 1
hadd Source file 1: ./d0e8649d-2874-4ebe-9b4f-cfb0d5bc6ef3_Skim.root
hadd Sources and Target have different compression levels
hadd merging will be slower
hadd Target path: tree.root:/
Will write selected trees to .
Pre-select 133055 entries out of 133055 (100.00%)
Processed    10000/  133055 entries,  7.52% (elapsed time   248.2s, curr speed    0.040 kHz, avg speed    0.040 kHz), accepted     6556/   10001 events (65.55%)
Processed    20000/  133055 entries, 15.03% (elapsed time   480.1s, curr speed    0.043 kHz, avg speed    0.042 kHz), accepted    13047/   20001 events (65.23%)
Processed    30000/  133055 entries, 22.55% (elapsed time   703.1s, curr speed    0.045 kHz, avg speed    0.043 kHz), accepted    19499/   30001 events (64.99%)
Processed    40000/  133055 entries, 30.06% (elapsed time   935.1s, curr speed    0.043 kHz, avg speed    0.043 kHz), accepted    25966/   40001 events (64.91%)
Processed    50000/  133055 entries, 37.58% (elapsed time  1149.5s, curr speed    0.047 kHz, avg speed    0.043 kHz), accepted    32453/   50001 events (64.90%)
Processed    60000/  133055 entries, 45.09% (elapsed time  1366.6s, curr speed    0.046 kHz, avg speed    0.044 kHz), accepted    38909/   60001 events (64.85%)
Processed    70000/  133055 entries, 52.61% (elapsed time  1588.2s, curr speed    0.045 kHz, avg speed    0.044 kHz), accepted    45379/   70001 events (64.83%)
Processed    80000/  133055 entries, 60.13% (elapsed time  1820.6s, curr speed    0.043 kHz, avg speed    0.044 kHz), accepted    51851/   80001 events (64.81%)
Processed    90000/  133055 entries, 67.64% (elapsed time  2060.4s, curr speed    0.042 kHz, avg speed    0.044 kHz), accepted    58367/   90001 events (64.85%)
Processed   100000/  133055 entries, 75.16% (elapsed time  2297.8s, curr speed    0.042 kHz, avg speed    0.044 kHz), accepted    64873/  100001 events (64.87%)
Processed   110000/  133055 entries, 82.67% (elapsed time  2531.1s, curr speed    0.043 kHz, avg speed    0.043 kHz), accepted    71383/  110001 events (64.89%)
Processed   120000/  133055 entries, 90.19% (elapsed time  2769.1s, curr speed    0.042 kHz, avg speed    0.043 kHz), accepted    77861/  120001 events (64.88%)
Processed   130000/  133055 entries, 97.70% (elapsed time  2997.4s, curr speed    0.044 kHz, avg speed    0.043 kHz), accepted    84286/  130001 events (64.83%)
Processed 133055 preselected entries from root://cms-xrd-global.cern.ch//store/mc/Run3Summer22NanoAODv12/Zto2Nu-4Jets_HT-200to400_TuneCP5_13p6TeV_madgraphMLM-pythia8/NANOAODSIM/130X_mcRun3_2022_realistic_v5-v2/40000/d0e8649d-2874-4ebe-9b4f-cfb0d5bc6ef3.root (133055 entries). Finally selected 86285 entries
Done ./d0e8649d-2874-4ebe-9b4f-cfb0d5bc6ef3_Skim.root
Total time 3202.4 sec. to process 133055 events. Rate = 41.5 Hz.
DONE
/tmp/lfavilla/ZJetsToNuNu_HT200to400_2022/file81
hadd Target file: tree_hadd_81.root
hadd compression setting for all output: 1
hadd Source file 1: tree.root
hadd Source file 2: hist.root
hadd Target path: tree_hadd_81.root:/
hadd Target path: tree_hadd_81.root:/plots
/tmp/lfavilla/ZJetsToNuNu_HT200to400_2022/file81
