Standalone environment set.
/tmp/lfavilla/ZJetsToNuNu_HT200to400_2022/file75
hadd Target file: tree.root
hadd compression setting for all output: 1
hadd Source file 1: ./09169ae0-0175-4135-bc7b-2d89402e20fc_Skim.root
hadd Sources and Target have different compression levels
hadd merging will be slower
hadd Target path: tree.root:/
Will write selected trees to .
Pre-select 178910 entries out of 178910 (100.00%)
Processed    10000/  178910 entries,  5.59% (elapsed time   345.6s, curr speed    0.029 kHz, avg speed    0.029 kHz), accepted     6473/   10001 events (64.72%)
Processed    20000/  178910 entries, 11.18% (elapsed time   668.4s, curr speed    0.031 kHz, avg speed    0.030 kHz), accepted    12947/   20001 events (64.73%)
Processed    30000/  178910 entries, 16.77% (elapsed time  1001.5s, curr speed    0.030 kHz, avg speed    0.030 kHz), accepted    19402/   30001 events (64.67%)
Processed    40000/  178910 entries, 22.36% (elapsed time  1338.7s, curr speed    0.030 kHz, avg speed    0.030 kHz), accepted    25855/   40001 events (64.64%)
Processed    50000/  178910 entries, 27.95% (elapsed time  1678.4s, curr speed    0.029 kHz, avg speed    0.030 kHz), accepted    32343/   50001 events (64.68%)
Processed    60000/  178910 entries, 33.54% (elapsed time  2005.8s, curr speed    0.031 kHz, avg speed    0.030 kHz), accepted    38796/   60001 events (64.66%)
Processed    70000/  178910 entries, 39.13% (elapsed time  2346.1s, curr speed    0.029 kHz, avg speed    0.030 kHz), accepted    45262/   70001 events (64.66%)
Processed    80000/  178910 entries, 44.72% (elapsed time  2677.2s, curr speed    0.030 kHz, avg speed    0.030 kHz), accepted    51708/   80001 events (64.63%)
Processed    90000/  178910 entries, 50.30% (elapsed time  3050.6s, curr speed    0.027 kHz, avg speed    0.030 kHz), accepted    58211/   90001 events (64.68%)
Processed   100000/  178910 entries, 55.89% (elapsed time  3385.3s, curr speed    0.030 kHz, avg speed    0.030 kHz), accepted    64744/  100001 events (64.74%)
Processed   110000/  178910 entries, 61.48% (elapsed time  3713.5s, curr speed    0.030 kHz, avg speed    0.030 kHz), accepted    71153/  110001 events (64.68%)
Processed   120000/  178910 entries, 67.07% (elapsed time  4043.0s, curr speed    0.030 kHz, avg speed    0.030 kHz), accepted    77695/  120001 events (64.75%)
Processed   130000/  178910 entries, 72.66% (elapsed time  4379.5s, curr speed    0.030 kHz, avg speed    0.030 kHz), accepted    84207/  130001 events (64.77%)
Processed   140000/  178910 entries, 78.25% (elapsed time  4698.4s, curr speed    0.031 kHz, avg speed    0.030 kHz), accepted    90755/  140001 events (64.82%)
Processed   150000/  178910 entries, 83.84% (elapsed time  5043.0s, curr speed    0.029 kHz, avg speed    0.030 kHz), accepted    97229/  150001 events (64.82%)
Processed   160000/  178910 entries, 89.43% (elapsed time  5377.0s, curr speed    0.030 kHz, avg speed    0.030 kHz), accepted   103686/  160001 events (64.80%)
Processed   170000/  178910 entries, 95.02% (elapsed time  5723.4s, curr speed    0.029 kHz, avg speed    0.030 kHz), accepted   110147/  170001 events (64.79%)
Processed 178910 preselected entries from root://cms-xrd-global.cern.ch//store/mc/Run3Summer22NanoAODv12/Zto2Nu-4Jets_HT-200to400_TuneCP5_13p6TeV_madgraphMLM-pythia8/NANOAODSIM/130X_mcRun3_2022_realistic_v5-v2/30000/09169ae0-0175-4135-bc7b-2d89402e20fc.root (178910 entries). Finally selected 115853 entries
Done ./09169ae0-0175-4135-bc7b-2d89402e20fc_Skim.root
Total time 6409.9 sec. to process 178910 events. Rate = 27.9 Hz.
DONE
/tmp/lfavilla/ZJetsToNuNu_HT200to400_2022/file75
hadd Target file: tree_hadd_75.root
hadd compression setting for all output: 1
hadd Source file 1: tree.root
hadd Source file 2: hist.root
hadd Target path: tree_hadd_75.root:/
hadd Target path: tree_hadd_75.root:/plots
/tmp/lfavilla/ZJetsToNuNu_HT200to400_2022/file75
