Standalone environment set.
/tmp/lfavilla/ZJetsToNuNu_HT200to400_2022/file237
hadd Target file: tree.root
hadd compression setting for all output: 1
hadd Source file 1: ./202e3be5-a824-4d78-a4dd-70e8b4f7d984_Skim.root
hadd Sources and Target have different compression levels
hadd merging will be slower
hadd Target path: tree.root:/
Will write selected trees to .
Pre-select 152969 entries out of 152969 (100.00%)
Processed    10000/  152969 entries,  6.54% (elapsed time   305.4s, curr speed    0.033 kHz, avg speed    0.033 kHz), accepted     6513/   10001 events (65.12%)
Processed    20000/  152969 entries, 13.07% (elapsed time   587.5s, curr speed    0.035 kHz, avg speed    0.034 kHz), accepted    12911/   20001 events (64.55%)
Processed    30000/  152969 entries, 19.61% (elapsed time   885.8s, curr speed    0.034 kHz, avg speed    0.034 kHz), accepted    19361/   30001 events (64.53%)
Processed    40000/  152969 entries, 26.15% (elapsed time  1180.2s, curr speed    0.034 kHz, avg speed    0.034 kHz), accepted    25731/   40001 events (64.33%)
Processed    50000/  152969 entries, 32.69% (elapsed time  1475.3s, curr speed    0.034 kHz, avg speed    0.034 kHz), accepted    32159/   50001 events (64.32%)
Processed    60000/  152969 entries, 39.22% (elapsed time  1768.9s, curr speed    0.034 kHz, avg speed    0.034 kHz), accepted    38688/   60001 events (64.48%)
Processed    70000/  152969 entries, 45.76% (elapsed time  2063.7s, curr speed    0.034 kHz, avg speed    0.034 kHz), accepted    45186/   70001 events (64.55%)
Processed    80000/  152969 entries, 52.30% (elapsed time  2355.6s, curr speed    0.034 kHz, avg speed    0.034 kHz), accepted    51619/   80001 events (64.52%)
Processed    90000/  152969 entries, 58.84% (elapsed time  2648.9s, curr speed    0.034 kHz, avg speed    0.034 kHz), accepted    58076/   90001 events (64.53%)
Processed   100000/  152969 entries, 65.37% (elapsed time  2943.6s, curr speed    0.034 kHz, avg speed    0.034 kHz), accepted    64538/  100001 events (64.54%)
Processed   110000/  152969 entries, 71.91% (elapsed time  3240.0s, curr speed    0.034 kHz, avg speed    0.034 kHz), accepted    70909/  110001 events (64.46%)
Processed   120000/  152969 entries, 78.45% (elapsed time  3542.3s, curr speed    0.033 kHz, avg speed    0.034 kHz), accepted    77347/  120001 events (64.46%)
Processed   130000/  152969 entries, 84.98% (elapsed time  3849.6s, curr speed    0.033 kHz, avg speed    0.034 kHz), accepted    83845/  130001 events (64.50%)
Processed   140000/  152969 entries, 91.52% (elapsed time  4154.3s, curr speed    0.033 kHz, avg speed    0.034 kHz), accepted    90326/  140001 events (64.52%)
Processed   150000/  152969 entries, 98.06% (elapsed time  4425.3s, curr speed    0.037 kHz, avg speed    0.034 kHz), accepted    96712/  150001 events (64.47%)
Processed 152969 preselected entries from root://cms-xrd-global.cern.ch//store/mc/Run3Summer22NanoAODv12/Zto2Nu-4Jets_HT-200to400_TuneCP5_13p6TeV_madgraphMLM-pythia8/NANOAODSIM/130X_mcRun3_2022_realistic_v5-v2/50000/202e3be5-a824-4d78-a4dd-70e8b4f7d984.root (152969 entries). Finally selected 98588 entries
Done ./202e3be5-a824-4d78-a4dd-70e8b4f7d984_Skim.root
Total time 4749.6 sec. to process 152969 events. Rate = 32.2 Hz.
DONE
/tmp/lfavilla/ZJetsToNuNu_HT200to400_2022/file237
hadd Target file: tree_hadd_237.root
hadd compression setting for all output: 1
hadd Source file 1: tree.root
hadd Source file 2: hist.root
hadd Target path: tree_hadd_237.root:/
hadd Target path: tree_hadd_237.root:/plots
/tmp/lfavilla/ZJetsToNuNu_HT200to400_2022/file237
