Standalone environment set.
/tmp/lfavilla/ZJetsToNuNu_HT200to400_2022/file28
hadd Target file: tree.root
hadd compression setting for all output: 1
hadd Source file 1: ./70bd35b8-a1b2-4b50-a37c-8c5ebb8591d5_Skim.root
hadd Sources and Target have different compression levels
hadd merging will be slower
hadd Target path: tree.root:/
Will write selected trees to .
Pre-select 91890 entries out of 91890 (100.00%)
Processed    10000/   91890 entries, 10.88% (elapsed time   315.0s, curr speed    0.032 kHz, avg speed    0.032 kHz), accepted     6440/   10001 events (64.39%)
Processed    20000/   91890 entries, 21.77% (elapsed time   626.1s, curr speed    0.032 kHz, avg speed    0.032 kHz), accepted    12980/   20001 events (64.90%)
Processed    30000/   91890 entries, 32.65% (elapsed time   935.7s, curr speed    0.032 kHz, avg speed    0.032 kHz), accepted    19382/   30001 events (64.60%)
Processed    40000/   91890 entries, 43.53% (elapsed time  1234.1s, curr speed    0.034 kHz, avg speed    0.032 kHz), accepted    25812/   40001 events (64.53%)
Processed    50000/   91890 entries, 54.41% (elapsed time  1536.7s, curr speed    0.033 kHz, avg speed    0.033 kHz), accepted    32348/   50001 events (64.69%)
Processed    60000/   91890 entries, 65.30% (elapsed time  1835.4s, curr speed    0.033 kHz, avg speed    0.033 kHz), accepted    38831/   60001 events (64.72%)
Processed    70000/   91890 entries, 76.18% (elapsed time  2131.2s, curr speed    0.034 kHz, avg speed    0.033 kHz), accepted    45310/   70001 events (64.73%)
Processed    80000/   91890 entries, 87.06% (elapsed time  2433.7s, curr speed    0.033 kHz, avg speed    0.033 kHz), accepted    51819/   80001 events (64.77%)
Processed    90000/   91890 entries, 97.94% (elapsed time  2738.7s, curr speed    0.033 kHz, avg speed    0.033 kHz), accepted    58288/   90001 events (64.76%)
Processed 91890 preselected entries from root://cms-xrd-global.cern.ch//store/mc/Run3Summer22NanoAODv12/Zto2Nu-4Jets_HT-200to400_TuneCP5_13p6TeV_madgraphMLM-pythia8/NANOAODSIM/130X_mcRun3_2022_realistic_v5-v2/2540000/70bd35b8-a1b2-4b50-a37c-8c5ebb8591d5.root (91890 entries). Finally selected 59485 entries
Done ./70bd35b8-a1b2-4b50-a37c-8c5ebb8591d5_Skim.root
Total time 2945.5 sec. to process 91890 events. Rate = 31.2 Hz.
DONE
/tmp/lfavilla/ZJetsToNuNu_HT200to400_2022/file28
hadd Target file: tree_hadd_28.root
hadd compression setting for all output: 1
hadd Source file 1: tree.root
hadd Source file 2: hist.root
hadd Target path: tree_hadd_28.root:/
hadd Target path: tree_hadd_28.root:/plots
/tmp/lfavilla/ZJetsToNuNu_HT200to400_2022/file28
