Standalone environment set.
/tmp/lfavilla/ZJetsToNuNu_HT200to400_2022/file25
hadd Target file: tree.root
hadd compression setting for all output: 1
hadd Source file 1: ./723afcf8-b4ba-45ac-a44b-f4b0198689d5_Skim.root
hadd Sources and Target have different compression levels
hadd merging will be slower
hadd Target path: tree.root:/
Will write selected trees to .
Pre-select 15090 entries out of 15090 (100.00%)
Processed    10000/   15090 entries, 66.27% (elapsed time   256.4s, curr speed    0.039 kHz, avg speed    0.039 kHz), accepted     6451/   10001 events (64.50%)
Processed 15090 preselected entries from root://cms-xrd-global.cern.ch//store/mc/Run3Summer22NanoAODv12/Zto2Nu-4Jets_HT-200to400_TuneCP5_13p6TeV_madgraphMLM-pythia8/NANOAODSIM/130X_mcRun3_2022_realistic_v5-v2/2530000/723afcf8-b4ba-45ac-a44b-f4b0198689d5.root (15090 entries). Finally selected 9703 entries
Done ./723afcf8-b4ba-45ac-a44b-f4b0198689d5_Skim.root
Total time 406.8 sec. to process 15090 events. Rate = 37.1 Hz.
DONE
/tmp/lfavilla/ZJetsToNuNu_HT200to400_2022/file25
hadd Target file: tree_hadd_25.root
hadd compression setting for all output: 1
hadd Source file 1: tree.root
hadd Source file 2: hist.root
hadd Target path: tree_hadd_25.root:/
hadd Target path: tree_hadd_25.root:/plots
/tmp/lfavilla/ZJetsToNuNu_HT200to400_2022/file25
