Standalone environment set.
/tmp/lfavilla/ZJetsToNuNu_HT200to400_2022/file138
hadd Target file: tree.root
hadd compression setting for all output: 1
hadd Source file 1: ./bbc95551-0bd6-4a78-8e63-c6c83927ce22_Skim.root
hadd Sources and Target have different compression levels
hadd merging will be slower
hadd Target path: tree.root:/
Will write selected trees to .
Pre-select 63460 entries out of 63460 (100.00%)
Processed    10000/   63460 entries, 15.76% (elapsed time   300.3s, curr speed    0.033 kHz, avg speed    0.033 kHz), accepted     6457/   10001 events (64.56%)
Processed    20000/   63460 entries, 31.52% (elapsed time   589.5s, curr speed    0.035 kHz, avg speed    0.034 kHz), accepted    12886/   20001 events (64.43%)
Processed    30000/   63460 entries, 47.27% (elapsed time   890.9s, curr speed    0.033 kHz, avg speed    0.034 kHz), accepted    19301/   30001 events (64.33%)
Processed    40000/   63460 entries, 63.03% (elapsed time  1189.4s, curr speed    0.034 kHz, avg speed    0.034 kHz), accepted    25833/   40001 events (64.58%)
Processed    50000/   63460 entries, 78.79% (elapsed time  1487.0s, curr speed    0.034 kHz, avg speed    0.034 kHz), accepted    32290/   50001 events (64.58%)
Processed    60000/   63460 entries, 94.55% (elapsed time  1784.3s, curr speed    0.034 kHz, avg speed    0.034 kHz), accepted    38755/   60001 events (64.59%)
Processed 63460 preselected entries from root://cms-xrd-global.cern.ch//store/mc/Run3Summer22NanoAODv12/Zto2Nu-4Jets_HT-200to400_TuneCP5_13p6TeV_madgraphMLM-pythia8/NANOAODSIM/130X_mcRun3_2022_realistic_v5-v2/50000/bbc95551-0bd6-4a78-8e63-c6c83927ce22.root (63460 entries). Finally selected 41002 entries
Done ./bbc95551-0bd6-4a78-8e63-c6c83927ce22_Skim.root
Total time 2000.0 sec. to process 63460 events. Rate = 31.7 Hz.
DONE
/tmp/lfavilla/ZJetsToNuNu_HT200to400_2022/file138
hadd Target file: tree_hadd_138.root
hadd compression setting for all output: 1
hadd Source file 1: tree.root
hadd Source file 2: hist.root
hadd Target path: tree_hadd_138.root:/
hadd Target path: tree_hadd_138.root:/plots
/tmp/lfavilla/ZJetsToNuNu_HT200to400_2022/file138
