Standalone environment set.
/tmp/lfavilla/ZJetsToNuNu_HT200to400_2022/file229
hadd Target file: tree.root
hadd compression setting for all output: 1
hadd Source file 1: ./f6bb21be-fc8b-4923-bf56-b36268d80196_Skim.root
hadd Sources and Target have different compression levels
hadd merging will be slower
hadd Target path: tree.root:/
Will write selected trees to .
Pre-select 55056 entries out of 55056 (100.00%)
Processed    10000/   55056 entries, 18.16% (elapsed time   343.5s, curr speed    0.029 kHz, avg speed    0.029 kHz), accepted     6443/   10001 events (64.42%)
Processed    20000/   55056 entries, 36.33% (elapsed time   671.5s, curr speed    0.030 kHz, avg speed    0.030 kHz), accepted    12902/   20001 events (64.51%)
Processed    30000/   55056 entries, 54.49% (elapsed time   990.4s, curr speed    0.031 kHz, avg speed    0.030 kHz), accepted    19366/   30001 events (64.55%)
Processed    40000/   55056 entries, 72.65% (elapsed time  1310.1s, curr speed    0.031 kHz, avg speed    0.031 kHz), accepted    25897/   40001 events (64.74%)
Processed    50000/   55056 entries, 90.82% (elapsed time  1624.5s, curr speed    0.032 kHz, avg speed    0.031 kHz), accepted    32385/   50001 events (64.77%)
Processed 55056 preselected entries from root://cms-xrd-global.cern.ch//store/mc/Run3Summer22NanoAODv12/Zto2Nu-4Jets_HT-200to400_TuneCP5_13p6TeV_madgraphMLM-pythia8/NANOAODSIM/130X_mcRun3_2022_realistic_v5-v2/2540000/f6bb21be-fc8b-4923-bf56-b36268d80196.root (55056 entries). Finally selected 35636 entries
Done ./f6bb21be-fc8b-4923-bf56-b36268d80196_Skim.root
Total time 1858.8 sec. to process 55056 events. Rate = 29.6 Hz.
DONE
/tmp/lfavilla/ZJetsToNuNu_HT200to400_2022/file229
hadd Target file: tree_hadd_229.root
hadd compression setting for all output: 1
hadd Source file 1: tree.root
hadd Source file 2: hist.root
hadd Target path: tree_hadd_229.root:/
hadd Target path: tree_hadd_229.root:/plots
/tmp/lfavilla/ZJetsToNuNu_HT200to400_2022/file229
