Standalone environment set.
/tmp/lfavilla/ZJetsToNuNu_HT200to400_2022/file164
hadd Target file: tree.root
hadd compression setting for all output: 1
hadd Source file 1: ./ab068485-18a6-4f3f-931a-a8a0ad6c6563_Skim.root
hadd Sources and Target have different compression levels
hadd merging will be slower
hadd Target path: tree.root:/
Will write selected trees to .
Pre-select 155946 entries out of 155946 (100.00%)
Processed    10000/  155946 entries,  6.41% (elapsed time   300.5s, curr speed    0.033 kHz, avg speed    0.033 kHz), accepted     6434/   10001 events (64.33%)
Processed    20000/  155946 entries, 12.82% (elapsed time   596.9s, curr speed    0.034 kHz, avg speed    0.034 kHz), accepted    12914/   20001 events (64.57%)
Processed    30000/  155946 entries, 19.24% (elapsed time   886.5s, curr speed    0.035 kHz, avg speed    0.034 kHz), accepted    19318/   30001 events (64.39%)
Processed    40000/  155946 entries, 25.65% (elapsed time  1189.7s, curr speed    0.033 kHz, avg speed    0.034 kHz), accepted    25733/   40001 events (64.33%)
Processed    50000/  155946 entries, 32.06% (elapsed time  1498.9s, curr speed    0.032 kHz, avg speed    0.033 kHz), accepted    32211/   50001 events (64.42%)
Processed    60000/  155946 entries, 38.47% (elapsed time  1791.3s, curr speed    0.034 kHz, avg speed    0.033 kHz), accepted    38618/   60001 events (64.36%)
Processed    70000/  155946 entries, 44.89% (elapsed time  2080.8s, curr speed    0.035 kHz, avg speed    0.034 kHz), accepted    45028/   70001 events (64.32%)
Processed    80000/  155946 entries, 51.30% (elapsed time  2375.6s, curr speed    0.034 kHz, avg speed    0.034 kHz), accepted    51477/   80001 events (64.35%)
Processed    90000/  155946 entries, 57.71% (elapsed time  2674.5s, curr speed    0.033 kHz, avg speed    0.034 kHz), accepted    57981/   90001 events (64.42%)
Processed   100000/  155946 entries, 64.12% (elapsed time  2968.2s, curr speed    0.034 kHz, avg speed    0.034 kHz), accepted    64412/  100001 events (64.41%)
Processed   110000/  155946 entries, 70.54% (elapsed time  3263.3s, curr speed    0.034 kHz, avg speed    0.034 kHz), accepted    70944/  110001 events (64.49%)
Processed   120000/  155946 entries, 76.95% (elapsed time  3559.5s, curr speed    0.034 kHz, avg speed    0.034 kHz), accepted    77428/  120001 events (64.52%)
Processed   130000/  155946 entries, 83.36% (elapsed time  3852.5s, curr speed    0.034 kHz, avg speed    0.034 kHz), accepted    83875/  130001 events (64.52%)
Processed   140000/  155946 entries, 89.77% (elapsed time  4142.1s, curr speed    0.035 kHz, avg speed    0.034 kHz), accepted    90310/  140001 events (64.51%)
Processed   150000/  155946 entries, 96.19% (elapsed time  4430.7s, curr speed    0.035 kHz, avg speed    0.034 kHz), accepted    96738/  150001 events (64.49%)
Processed 155946 preselected entries from root://cms-xrd-global.cern.ch//store/mc/Run3Summer22NanoAODv12/Zto2Nu-4Jets_HT-200to400_TuneCP5_13p6TeV_madgraphMLM-pythia8/NANOAODSIM/130X_mcRun3_2022_realistic_v5-v2/30000/ab068485-18a6-4f3f-931a-a8a0ad6c6563.root (155946 entries). Finally selected 100586 entries
Done ./ab068485-18a6-4f3f-931a-a8a0ad6c6563_Skim.root
Total time 4846.8 sec. to process 155946 events. Rate = 32.2 Hz.
DONE
/tmp/lfavilla/ZJetsToNuNu_HT200to400_2022/file164
hadd Target file: tree_hadd_164.root
hadd compression setting for all output: 1
hadd Source file 1: tree.root
hadd Source file 2: hist.root
hadd Target path: tree_hadd_164.root:/
hadd Target path: tree_hadd_164.root:/plots
/tmp/lfavilla/ZJetsToNuNu_HT200to400_2022/file164
