Standalone environment set.
/tmp/lfavilla/ZJetsToNuNu_HT200to400_2022/file98
hadd Target file: tree.root
hadd compression setting for all output: 1
hadd Source file 1: ./fbfd24ae-57a0-40ff-86d0-a53e92e1e228_Skim.root
hadd Sources and Target have different compression levels
hadd merging will be slower
hadd Target path: tree.root:/
Will write selected trees to .
Pre-select 26391 entries out of 26391 (100.00%)
Processed    10000/   26391 entries, 37.89% (elapsed time   324.0s, curr speed    0.031 kHz, avg speed    0.031 kHz), accepted     6447/   10001 events (64.46%)
Processed    20000/   26391 entries, 75.78% (elapsed time   631.7s, curr speed    0.032 kHz, avg speed    0.032 kHz), accepted    12947/   20001 events (64.73%)
Processed 26391 preselected entries from root://cms-xrd-global.cern.ch//store/mc/Run3Summer22NanoAODv12/Zto2Nu-4Jets_HT-200to400_TuneCP5_13p6TeV_madgraphMLM-pythia8/NANOAODSIM/130X_mcRun3_2022_realistic_v5-v2/2530000/fbfd24ae-57a0-40ff-86d0-a53e92e1e228.root (26391 entries). Finally selected 17048 entries
Done ./fbfd24ae-57a0-40ff-86d0-a53e92e1e228_Skim.root
Total time 911.6 sec. to process 26391 events. Rate = 28.9 Hz.
DONE
/tmp/lfavilla/ZJetsToNuNu_HT200to400_2022/file98
hadd Target file: tree_hadd_98.root
hadd compression setting for all output: 1
hadd Source file 1: tree.root
hadd Source file 2: hist.root
hadd Target path: tree_hadd_98.root:/
hadd Target path: tree_hadd_98.root:/plots
/tmp/lfavilla/ZJetsToNuNu_HT200to400_2022/file98
