Standalone environment set.
/tmp/lfavilla/ZJetsToNuNu_HT200to400_2022/file216
hadd Target file: tree.root
hadd compression setting for all output: 1
hadd Source file 1: ./f61a21f7-8a5f-4344-bea6-7de4fbdf21ea_Skim.root
hadd Sources and Target have different compression levels
hadd merging will be slower
hadd Target path: tree.root:/
Will write selected trees to .
Pre-select 4450 entries out of 4450 (100.00%)
Processed 4450 preselected entries from root://cms-xrd-global.cern.ch//store/mc/Run3Summer22NanoAODv12/Zto2Nu-4Jets_HT-200to400_TuneCP5_13p6TeV_madgraphMLM-pythia8/NANOAODSIM/130X_mcRun3_2022_realistic_v5-v2/50000/f61a21f7-8a5f-4344-bea6-7de4fbdf21ea.root (4450 entries). Finally selected 2894 entries
Done ./f61a21f7-8a5f-4344-bea6-7de4fbdf21ea_Skim.root
Total time 155.1 sec. to process 4450 events. Rate = 28.7 Hz.
DONE
/tmp/lfavilla/ZJetsToNuNu_HT200to400_2022/file216
hadd Target file: tree_hadd_216.root
hadd compression setting for all output: 1
hadd Source file 1: tree.root
hadd Source file 2: hist.root
hadd Target path: tree_hadd_216.root:/
hadd Target path: tree_hadd_216.root:/plots
/tmp/lfavilla/ZJetsToNuNu_HT200to400_2022/file216
