Standalone environment set.
/tmp/lfavilla/ZJetsToNuNu_HT200to400_2022/file204
hadd Target file: tree.root
hadd compression setting for all output: 1
hadd Source file 1: ./925cd788-6be3-4d81-9040-335296cf099a_Skim.root
hadd Sources and Target have different compression levels
hadd merging will be slower
hadd Target path: tree.root:/
Will write selected trees to .
Pre-select 4514 entries out of 4514 (100.00%)
Processed 4514 preselected entries from root://cms-xrd-global.cern.ch//store/mc/Run3Summer22NanoAODv12/Zto2Nu-4Jets_HT-200to400_TuneCP5_13p6TeV_madgraphMLM-pythia8/NANOAODSIM/130X_mcRun3_2022_realistic_v5-v2/2520000/925cd788-6be3-4d81-9040-335296cf099a.root (4514 entries). Finally selected 2949 entries
Done ./925cd788-6be3-4d81-9040-335296cf099a_Skim.root
Total time 143.9 sec. to process 4514 events. Rate = 31.4 Hz.
DONE
/tmp/lfavilla/ZJetsToNuNu_HT200to400_2022/file204
hadd Target file: tree_hadd_204.root
hadd compression setting for all output: 1
hadd Source file 1: tree.root
hadd Source file 2: hist.root
hadd Target path: tree_hadd_204.root:/
hadd Target path: tree_hadd_204.root:/plots
/tmp/lfavilla/ZJetsToNuNu_HT200to400_2022/file204
