Standalone environment set.
/tmp/lfavilla/ZJetsToNuNu_HT200to400_2022/file35
hadd Target file: tree.root
hadd compression setting for all output: 1
hadd Source file 1: ./761d1e29-eea4-4eeb-ad2b-f6d4214ca185_Skim.root
hadd Sources and Target have different compression levels
hadd merging will be slower
hadd Target path: tree.root:/
Will write selected trees to .
Pre-select 55115 entries out of 55115 (100.00%)
Processed    10000/   55115 entries, 18.14% (elapsed time   299.6s, curr speed    0.033 kHz, avg speed    0.033 kHz), accepted     6448/   10001 events (64.47%)
Processed    20000/   55115 entries, 36.29% (elapsed time   585.5s, curr speed    0.035 kHz, avg speed    0.034 kHz), accepted    12916/   20001 events (64.58%)
Processed    30000/   55115 entries, 54.43% (elapsed time   884.3s, curr speed    0.033 kHz, avg speed    0.034 kHz), accepted    19403/   30001 events (64.67%)
Processed    40000/   55115 entries, 72.58% (elapsed time  1179.0s, curr speed    0.034 kHz, avg speed    0.034 kHz), accepted    25905/   40001 events (64.76%)
Processed    50000/   55115 entries, 90.72% (elapsed time  1473.9s, curr speed    0.034 kHz, avg speed    0.034 kHz), accepted    32425/   50001 events (64.85%)
Processed 55115 preselected entries from root://cms-xrd-global.cern.ch//store/mc/Run3Summer22NanoAODv12/Zto2Nu-4Jets_HT-200to400_TuneCP5_13p6TeV_madgraphMLM-pythia8/NANOAODSIM/130X_mcRun3_2022_realistic_v5-v2/40000/761d1e29-eea4-4eeb-ad2b-f6d4214ca185.root (55115 entries). Finally selected 35765 entries
Done ./761d1e29-eea4-4eeb-ad2b-f6d4214ca185_Skim.root
Total time 1712.2 sec. to process 55115 events. Rate = 32.2 Hz.
DONE
/tmp/lfavilla/ZJetsToNuNu_HT200to400_2022/file35
hadd Target file: tree_hadd_35.root
hadd compression setting for all output: 1
hadd Source file 1: tree.root
hadd Source file 2: hist.root
hadd Target path: tree_hadd_35.root:/
hadd Target path: tree_hadd_35.root:/plots
/tmp/lfavilla/ZJetsToNuNu_HT200to400_2022/file35
