Standalone environment set.
/tmp/lfavilla/ZJetsToNuNu_HT200to400_2022/file146
hadd Target file: tree.root
hadd compression setting for all output: 1
hadd Source file 1: ./c5e24377-4290-426a-968f-d40b7ceefc2b_Skim.root
hadd Sources and Target have different compression levels
hadd merging will be slower
hadd Target path: tree.root:/
Will write selected trees to .
Pre-select 154560 entries out of 154560 (100.00%)
Processed    10000/  154560 entries,  6.47% (elapsed time   269.8s, curr speed    0.037 kHz, avg speed    0.037 kHz), accepted     6446/   10001 events (64.45%)
Processed    20000/  154560 entries, 12.94% (elapsed time   517.0s, curr speed    0.040 kHz, avg speed    0.039 kHz), accepted    12902/   20001 events (64.51%)
Processed    30000/  154560 entries, 19.41% (elapsed time   764.4s, curr speed    0.040 kHz, avg speed    0.039 kHz), accepted    19305/   30001 events (64.35%)
Processed    40000/  154560 entries, 25.88% (elapsed time  1003.5s, curr speed    0.042 kHz, avg speed    0.040 kHz), accepted    25776/   40001 events (64.44%)
Processed    50000/  154560 entries, 32.35% (elapsed time  1252.8s, curr speed    0.040 kHz, avg speed    0.040 kHz), accepted    32233/   50001 events (64.46%)
Processed    60000/  154560 entries, 38.82% (elapsed time  1499.3s, curr speed    0.041 kHz, avg speed    0.040 kHz), accepted    38643/   60001 events (64.40%)
Processed    70000/  154560 entries, 45.29% (elapsed time  1767.5s, curr speed    0.037 kHz, avg speed    0.040 kHz), accepted    45044/   70001 events (64.35%)
Processed    80000/  154560 entries, 51.76% (elapsed time  2043.5s, curr speed    0.036 kHz, avg speed    0.039 kHz), accepted    51462/   80001 events (64.33%)
Processed    90000/  154560 entries, 58.23% (elapsed time  2336.4s, curr speed    0.034 kHz, avg speed    0.039 kHz), accepted    57853/   90001 events (64.28%)
Processed   100000/  154560 entries, 64.70% (elapsed time  2629.0s, curr speed    0.034 kHz, avg speed    0.038 kHz), accepted    64292/  100001 events (64.29%)
Processed   110000/  154560 entries, 71.17% (elapsed time  2874.7s, curr speed    0.041 kHz, avg speed    0.038 kHz), accepted    70798/  110001 events (64.36%)
Processed   120000/  154560 entries, 77.64% (elapsed time  3116.0s, curr speed    0.041 kHz, avg speed    0.039 kHz), accepted    77290/  120001 events (64.41%)
Processed   130000/  154560 entries, 84.11% (elapsed time  3351.7s, curr speed    0.042 kHz, avg speed    0.039 kHz), accepted    83738/  130001 events (64.41%)
Processed   140000/  154560 entries, 90.58% (elapsed time  3640.4s, curr speed    0.035 kHz, avg speed    0.038 kHz), accepted    90198/  140001 events (64.43%)
Processed   150000/  154560 entries, 97.05% (elapsed time  3921.5s, curr speed    0.036 kHz, avg speed    0.038 kHz), accepted    96667/  150001 events (64.44%)
Processed 154560 preselected entries from root://cms-xrd-global.cern.ch//store/mc/Run3Summer22NanoAODv12/Zto2Nu-4Jets_HT-200to400_TuneCP5_13p6TeV_madgraphMLM-pythia8/NANOAODSIM/130X_mcRun3_2022_realistic_v5-v2/30000/c5e24377-4290-426a-968f-d40b7ceefc2b.root (154560 entries). Finally selected 99582 entries
Done ./c5e24377-4290-426a-968f-d40b7ceefc2b_Skim.root
Total time 4281.1 sec. to process 154560 events. Rate = 36.1 Hz.
DONE
/tmp/lfavilla/ZJetsToNuNu_HT200to400_2022/file146
hadd Target file: tree_hadd_146.root
hadd compression setting for all output: 1
hadd Source file 1: tree.root
hadd Source file 2: hist.root
hadd Target path: tree_hadd_146.root:/
hadd Target path: tree_hadd_146.root:/plots
/tmp/lfavilla/ZJetsToNuNu_HT200to400_2022/file146
