Standalone environment set.
/tmp/lfavilla/ZJetsToNuNu_HT200to400_2022/file9
hadd Target file: tree.root
hadd compression setting for all output: 1
hadd Source file 1: ./8beebc6b-212d-4d1b-87ea-dbfd77f1dd1e_Skim.root
hadd Sources and Target have different compression levels
hadd merging will be slower
hadd Target path: tree.root:/
Will write selected trees to .
Pre-select 167145 entries out of 167145 (100.00%)
Processed    10000/  167145 entries,  5.98% (elapsed time   299.1s, curr speed    0.033 kHz, avg speed    0.033 kHz), accepted     6407/   10001 events (64.06%)
Processed    20000/  167145 entries, 11.97% (elapsed time   581.0s, curr speed    0.035 kHz, avg speed    0.034 kHz), accepted    12846/   20001 events (64.23%)
Processed    30000/  167145 entries, 17.95% (elapsed time   876.0s, curr speed    0.034 kHz, avg speed    0.034 kHz), accepted    19342/   30001 events (64.47%)
Processed    40000/  167145 entries, 23.93% (elapsed time  1171.6s, curr speed    0.034 kHz, avg speed    0.034 kHz), accepted    25773/   40001 events (64.43%)
Processed    50000/  167145 entries, 29.91% (elapsed time  1474.0s, curr speed    0.033 kHz, avg speed    0.034 kHz), accepted    32303/   50001 events (64.60%)
Processed    60000/  167145 entries, 35.90% (elapsed time  1774.0s, curr speed    0.033 kHz, avg speed    0.034 kHz), accepted    38762/   60001 events (64.60%)
Processed    70000/  167145 entries, 41.88% (elapsed time  2068.3s, curr speed    0.034 kHz, avg speed    0.034 kHz), accepted    45212/   70001 events (64.59%)
Processed    80000/  167145 entries, 47.86% (elapsed time  2356.3s, curr speed    0.035 kHz, avg speed    0.034 kHz), accepted    51605/   80001 events (64.51%)
Processed    90000/  167145 entries, 53.85% (elapsed time  2641.2s, curr speed    0.035 kHz, avg speed    0.034 kHz), accepted    57973/   90001 events (64.41%)
Processed   100000/  167145 entries, 59.83% (elapsed time  2936.0s, curr speed    0.034 kHz, avg speed    0.034 kHz), accepted    64545/  100001 events (64.54%)
Processed   110000/  167145 entries, 65.81% (elapsed time  3216.9s, curr speed    0.036 kHz, avg speed    0.034 kHz), accepted    70967/  110001 events (64.51%)
Processed   120000/  167145 entries, 71.79% (elapsed time  3484.2s, curr speed    0.037 kHz, avg speed    0.034 kHz), accepted    77398/  120001 events (64.50%)
Processed   130000/  167145 entries, 77.78% (elapsed time  3769.4s, curr speed    0.035 kHz, avg speed    0.034 kHz), accepted    83767/  130001 events (64.44%)
Processed   140000/  167145 entries, 83.76% (elapsed time  4057.6s, curr speed    0.035 kHz, avg speed    0.035 kHz), accepted    90155/  140001 events (64.40%)
Processed   150000/  167145 entries, 89.74% (elapsed time  4348.5s, curr speed    0.034 kHz, avg speed    0.034 kHz), accepted    96735/  150001 events (64.49%)
Processed   160000/  167145 entries, 95.73% (elapsed time  4628.1s, curr speed    0.036 kHz, avg speed    0.035 kHz), accepted   103167/  160001 events (64.48%)
Processed 167145 preselected entries from root://cms-xrd-global.cern.ch//store/mc/Run3Summer22NanoAODv12/Zto2Nu-4Jets_HT-200to400_TuneCP5_13p6TeV_madgraphMLM-pythia8/NANOAODSIM/130X_mcRun3_2022_realistic_v5-v2/30000/8beebc6b-212d-4d1b-87ea-dbfd77f1dd1e.root (167145 entries). Finally selected 107788 entries
Done ./8beebc6b-212d-4d1b-87ea-dbfd77f1dd1e_Skim.root
Total time 5062.1 sec. to process 167145 events. Rate = 33.0 Hz.
DONE
/tmp/lfavilla/ZJetsToNuNu_HT200to400_2022/file9
hadd Target file: tree_hadd_9.root
hadd compression setting for all output: 1
hadd Source file 1: tree.root
hadd Source file 2: hist.root
hadd Target path: tree_hadd_9.root:/
hadd Target path: tree_hadd_9.root:/plots
/tmp/lfavilla/ZJetsToNuNu_HT200to400_2022/file9
