Standalone environment set.
/tmp/lfavilla/ZJetsToNuNu_HT200to400_2022/file133
hadd Target file: tree.root
hadd compression setting for all output: 1
hadd Source file 1: ./9c52355f-07b1-4658-b1eb-f9c19ec3e108_Skim.root
hadd Sources and Target have different compression levels
hadd merging will be slower
hadd Target path: tree.root:/
Will write selected trees to .
Pre-select 28634 entries out of 28634 (100.00%)
Processed    10000/   28634 entries, 34.92% (elapsed time   340.2s, curr speed    0.029 kHz, avg speed    0.029 kHz), accepted     6460/   10001 events (64.59%)
Processed    20000/   28634 entries, 69.85% (elapsed time   665.2s, curr speed    0.031 kHz, avg speed    0.030 kHz), accepted    12938/   20001 events (64.69%)
Processed 28634 preselected entries from root://cms-xrd-global.cern.ch//store/mc/Run3Summer22NanoAODv12/Zto2Nu-4Jets_HT-200to400_TuneCP5_13p6TeV_madgraphMLM-pythia8/NANOAODSIM/130X_mcRun3_2022_realistic_v5-v2/2520000/9c52355f-07b1-4658-b1eb-f9c19ec3e108.root (28634 entries). Finally selected 18517 entries
Done ./9c52355f-07b1-4658-b1eb-f9c19ec3e108_Skim.root
Total time 1064.2 sec. to process 28634 events. Rate = 26.9 Hz.
DONE
/tmp/lfavilla/ZJetsToNuNu_HT200to400_2022/file133
hadd Target file: tree_hadd_133.root
hadd compression setting for all output: 1
hadd Source file 1: tree.root
hadd Source file 2: hist.root
hadd Target path: tree_hadd_133.root:/
hadd Target path: tree_hadd_133.root:/plots
/tmp/lfavilla/ZJetsToNuNu_HT200to400_2022/file133
