Standalone environment set.
/tmp/lfavilla/ZJetsToNuNu_HT200to400_2022/file19
hadd Target file: tree.root
hadd compression setting for all output: 1
hadd Source file 1: ./69bdffd7-158e-4bcc-bc4b-2eff6612bd17_Skim.root
hadd Sources and Target have different compression levels
hadd merging will be slower
hadd Target path: tree.root:/
Will write selected trees to .
Pre-select 161457 entries out of 161457 (100.00%)
Processed    10000/  161457 entries,  6.19% (elapsed time   333.4s, curr speed    0.030 kHz, avg speed    0.030 kHz), accepted     6482/   10001 events (64.81%)
Processed    20000/  161457 entries, 12.39% (elapsed time   656.3s, curr speed    0.031 kHz, avg speed    0.030 kHz), accepted    12888/   20001 events (64.44%)
Processed    30000/  161457 entries, 18.58% (elapsed time   982.5s, curr speed    0.031 kHz, avg speed    0.031 kHz), accepted    19295/   30001 events (64.31%)
Processed    40000/  161457 entries, 24.77% (elapsed time  1307.3s, curr speed    0.031 kHz, avg speed    0.031 kHz), accepted    25749/   40001 events (64.37%)
Processed    50000/  161457 entries, 30.97% (elapsed time  1624.1s, curr speed    0.032 kHz, avg speed    0.031 kHz), accepted    32245/   50001 events (64.49%)
Processed    60000/  161457 entries, 37.16% (elapsed time  1903.7s, curr speed    0.036 kHz, avg speed    0.032 kHz), accepted    38674/   60001 events (64.46%)
Processed    70000/  161457 entries, 43.36% (elapsed time  2227.3s, curr speed    0.031 kHz, avg speed    0.031 kHz), accepted    45178/   70001 events (64.54%)
Processed    80000/  161457 entries, 49.55% (elapsed time  2571.9s, curr speed    0.029 kHz, avg speed    0.031 kHz), accepted    51596/   80001 events (64.49%)
Processed    90000/  161457 entries, 55.74% (elapsed time  2932.6s, curr speed    0.028 kHz, avg speed    0.031 kHz), accepted    57970/   90001 events (64.41%)
Processed   100000/  161457 entries, 61.94% (elapsed time  3292.2s, curr speed    0.028 kHz, avg speed    0.030 kHz), accepted    64436/  100001 events (64.44%)
Processed   110000/  161457 entries, 68.13% (elapsed time  3633.7s, curr speed    0.029 kHz, avg speed    0.030 kHz), accepted    70947/  110001 events (64.50%)
Processed   120000/  161457 entries, 74.32% (elapsed time  3961.4s, curr speed    0.031 kHz, avg speed    0.030 kHz), accepted    77367/  120001 events (64.47%)
Processed   130000/  161457 entries, 80.52% (elapsed time  4224.5s, curr speed    0.038 kHz, avg speed    0.031 kHz), accepted    83852/  130001 events (64.50%)
Processed   140000/  161457 entries, 86.71% (elapsed time  4552.8s, curr speed    0.030 kHz, avg speed    0.031 kHz), accepted    90356/  140001 events (64.54%)
Processed   150000/  161457 entries, 92.90% (elapsed time  4929.3s, curr speed    0.027 kHz, avg speed    0.030 kHz), accepted    96801/  150001 events (64.53%)
Processed   160000/  161457 entries, 99.10% (elapsed time  5271.5s, curr speed    0.029 kHz, avg speed    0.030 kHz), accepted   103283/  160001 events (64.55%)
Processed 161457 preselected entries from root://cms-xrd-global.cern.ch//store/mc/Run3Summer22NanoAODv12/Zto2Nu-4Jets_HT-200to400_TuneCP5_13p6TeV_madgraphMLM-pythia8/NANOAODSIM/130X_mcRun3_2022_realistic_v5-v2/30000/69bdffd7-158e-4bcc-bc4b-2eff6612bd17.root (161457 entries). Finally selected 104214 entries
Done ./69bdffd7-158e-4bcc-bc4b-2eff6612bd17_Skim.root
Total time 5598.5 sec. to process 161457 events. Rate = 28.8 Hz.
DONE
/tmp/lfavilla/ZJetsToNuNu_HT200to400_2022/file19
hadd Target file: tree_hadd_19.root
hadd compression setting for all output: 1
hadd Source file 1: tree.root
hadd Source file 2: hist.root
hadd Target path: tree_hadd_19.root:/
hadd Target path: tree_hadd_19.root:/plots
/tmp/lfavilla/ZJetsToNuNu_HT200to400_2022/file19
