Standalone environment set.
/tmp/lfavilla/ZJetsToNuNu_HT200to400_2022/file196
hadd Target file: tree.root
hadd compression setting for all output: 1
hadd Source file 1: ./50a5330a-3c12-48bf-b6aa-9fc94f9b2596_Skim.root
hadd Sources and Target have different compression levels
hadd merging will be slower
hadd Target path: tree.root:/
Will write selected trees to .
Pre-select 34554 entries out of 34554 (100.00%)
Processed    10000/   34554 entries, 28.94% (elapsed time   266.7s, curr speed    0.037 kHz, avg speed    0.037 kHz), accepted     6512/   10001 events (65.11%)
Processed    20000/   34554 entries, 57.88% (elapsed time   504.1s, curr speed    0.042 kHz, avg speed    0.040 kHz), accepted    12936/   20001 events (64.68%)
Processed    30000/   34554 entries, 86.82% (elapsed time   753.5s, curr speed    0.040 kHz, avg speed    0.040 kHz), accepted    19424/   30001 events (64.74%)
Processed 34554 preselected entries from root://cms-xrd-global.cern.ch//store/mc/Run3Summer22NanoAODv12/Zto2Nu-4Jets_HT-200to400_TuneCP5_13p6TeV_madgraphMLM-pythia8/NANOAODSIM/130X_mcRun3_2022_realistic_v5-v2/2540000/50a5330a-3c12-48bf-b6aa-9fc94f9b2596.root (34554 entries). Finally selected 22361 entries
Done ./50a5330a-3c12-48bf-b6aa-9fc94f9b2596_Skim.root
Total time 920.5 sec. to process 34554 events. Rate = 37.5 Hz.
DONE
/tmp/lfavilla/ZJetsToNuNu_HT200to400_2022/file196
hadd Target file: tree_hadd_196.root
hadd compression setting for all output: 1
hadd Source file 1: tree.root
hadd Source file 2: hist.root
hadd Target path: tree_hadd_196.root:/
hadd Target path: tree_hadd_196.root:/plots
/tmp/lfavilla/ZJetsToNuNu_HT200to400_2022/file196
