Standalone environment set.
/tmp/lfavilla/ZJetsToNuNu_HT200to400_2022/file180
hadd Target file: tree.root
hadd compression setting for all output: 1
hadd Source file 1: ./b4ff01b8-fe14-4355-ad6e-a0e45ab88647_Skim.root
hadd Sources and Target have different compression levels
hadd merging will be slower
hadd Target path: tree.root:/
Will write selected trees to .
Pre-select 5089 entries out of 5089 (100.00%)
Processed 5089 preselected entries from root://cms-xrd-global.cern.ch//store/mc/Run3Summer22NanoAODv12/Zto2Nu-4Jets_HT-200to400_TuneCP5_13p6TeV_madgraphMLM-pythia8/NANOAODSIM/130X_mcRun3_2022_realistic_v5-v2/50000/b4ff01b8-fe14-4355-ad6e-a0e45ab88647.root (5089 entries). Finally selected 3217 entries
Done ./b4ff01b8-fe14-4355-ad6e-a0e45ab88647_Skim.root
Total time 152.5 sec. to process 5089 events. Rate = 33.4 Hz.
DONE
/tmp/lfavilla/ZJetsToNuNu_HT200to400_2022/file180
hadd Target file: tree_hadd_180.root
hadd compression setting for all output: 1
hadd Source file 1: tree.root
hadd Source file 2: hist.root
hadd Target path: tree_hadd_180.root:/
hadd Target path: tree_hadd_180.root:/plots
/tmp/lfavilla/ZJetsToNuNu_HT200to400_2022/file180
