Standalone environment set.
/tmp/lfavilla/ZJetsToNuNu_HT200to400_2022/file10
hadd Target file: tree.root
hadd compression setting for all output: 1
hadd Source file 1: ./b6d0e490-92b9-48ef-a5c8-a1484ca97fab_Skim.root
hadd Sources and Target have different compression levels
hadd merging will be slower
hadd Target path: tree.root:/
Will write selected trees to .
Pre-select 166144 entries out of 166144 (100.00%)
Processed    10000/  166144 entries,  6.02% (elapsed time   301.1s, curr speed    0.033 kHz, avg speed    0.033 kHz), accepted     6480/   10001 events (64.79%)
Processed    20000/  166144 entries, 12.04% (elapsed time   600.8s, curr speed    0.033 kHz, avg speed    0.033 kHz), accepted    12941/   20001 events (64.70%)
Processed    30000/  166144 entries, 18.06% (elapsed time   915.1s, curr speed    0.032 kHz, avg speed    0.033 kHz), accepted    19370/   30001 events (64.56%)
Processed    40000/  166144 entries, 24.08% (elapsed time  1221.5s, curr speed    0.033 kHz, avg speed    0.033 kHz), accepted    25821/   40001 events (64.55%)
Processed    50000/  166144 entries, 30.09% (elapsed time  1540.7s, curr speed    0.031 kHz, avg speed    0.032 kHz), accepted    32250/   50001 events (64.50%)
Processed    60000/  166144 entries, 36.11% (elapsed time  1885.2s, curr speed    0.029 kHz, avg speed    0.032 kHz), accepted    38744/   60001 events (64.57%)
Processed    70000/  166144 entries, 42.13% (elapsed time  2207.8s, curr speed    0.031 kHz, avg speed    0.032 kHz), accepted    45233/   70001 events (64.62%)
Processed    80000/  166144 entries, 48.15% (elapsed time  2516.5s, curr speed    0.032 kHz, avg speed    0.032 kHz), accepted    51702/   80001 events (64.63%)
Processed    90000/  166144 entries, 54.17% (elapsed time  2827.5s, curr speed    0.032 kHz, avg speed    0.032 kHz), accepted    58250/   90001 events (64.72%)
Processed   100000/  166144 entries, 60.19% (elapsed time  3135.7s, curr speed    0.032 kHz, avg speed    0.032 kHz), accepted    64699/  100001 events (64.70%)
Processed   110000/  166144 entries, 66.21% (elapsed time  3449.7s, curr speed    0.032 kHz, avg speed    0.032 kHz), accepted    71201/  110001 events (64.73%)
Processed   120000/  166144 entries, 72.23% (elapsed time  3758.3s, curr speed    0.032 kHz, avg speed    0.032 kHz), accepted    77697/  120001 events (64.75%)
Processed   130000/  166144 entries, 78.25% (elapsed time  4076.0s, curr speed    0.031 kHz, avg speed    0.032 kHz), accepted    84263/  130001 events (64.82%)
Processed   140000/  166144 entries, 84.26% (elapsed time  4369.0s, curr speed    0.034 kHz, avg speed    0.032 kHz), accepted    90668/  140001 events (64.76%)
Processed   150000/  166144 entries, 90.28% (elapsed time  4649.2s, curr speed    0.036 kHz, avg speed    0.032 kHz), accepted    97089/  150001 events (64.73%)
Processed   160000/  166144 entries, 96.30% (elapsed time  4914.5s, curr speed    0.038 kHz, avg speed    0.033 kHz), accepted   103544/  160001 events (64.71%)
Processed 166144 preselected entries from root://cms-xrd-global.cern.ch//store/mc/Run3Summer22NanoAODv12/Zto2Nu-4Jets_HT-200to400_TuneCP5_13p6TeV_madgraphMLM-pythia8/NANOAODSIM/130X_mcRun3_2022_realistic_v5-v2/30000/b6d0e490-92b9-48ef-a5c8-a1484ca97fab.root (166144 entries). Finally selected 107472 entries
Done ./b6d0e490-92b9-48ef-a5c8-a1484ca97fab_Skim.root
Total time 5380.5 sec. to process 166144 events. Rate = 30.9 Hz.
DONE
/tmp/lfavilla/ZJetsToNuNu_HT200to400_2022/file10
hadd Target file: tree_hadd_10.root
hadd compression setting for all output: 1
hadd Source file 1: tree.root
hadd Source file 2: hist.root
hadd Target path: tree_hadd_10.root:/
hadd Target path: tree_hadd_10.root:/plots
/tmp/lfavilla/ZJetsToNuNu_HT200to400_2022/file10
