Standalone environment set.
/tmp/lfavilla/ZJetsToNuNu_HT200to400_2022/file40
hadd Target file: tree.root
hadd compression setting for all output: 1
hadd Source file 1: ./a4656361-8515-4e7c-a99c-a730d799917a_Skim.root
hadd Sources and Target have different compression levels
hadd merging will be slower
hadd Target path: tree.root:/
Will write selected trees to .
Pre-select 155470 entries out of 155470 (100.00%)
Processed    10000/  155470 entries,  6.43% (elapsed time   268.5s, curr speed    0.037 kHz, avg speed    0.037 kHz), accepted     6374/   10001 events (63.73%)
Processed    20000/  155470 entries, 12.86% (elapsed time   530.4s, curr speed    0.038 kHz, avg speed    0.038 kHz), accepted    12825/   20001 events (64.12%)
Processed    30000/  155470 entries, 19.30% (elapsed time   797.0s, curr speed    0.038 kHz, avg speed    0.038 kHz), accepted    19313/   30001 events (64.37%)
Processed    40000/  155470 entries, 25.73% (elapsed time  1062.5s, curr speed    0.038 kHz, avg speed    0.038 kHz), accepted    25780/   40001 events (64.45%)
Processed    50000/  155470 entries, 32.16% (elapsed time  1335.0s, curr speed    0.037 kHz, avg speed    0.037 kHz), accepted    32264/   50001 events (64.53%)
Processed    60000/  155470 entries, 38.59% (elapsed time  1603.3s, curr speed    0.037 kHz, avg speed    0.037 kHz), accepted    38775/   60001 events (64.62%)
Processed    70000/  155470 entries, 45.02% (elapsed time  1866.8s, curr speed    0.038 kHz, avg speed    0.037 kHz), accepted    45232/   70001 events (64.62%)
Processed    80000/  155470 entries, 51.46% (elapsed time  2136.6s, curr speed    0.037 kHz, avg speed    0.037 kHz), accepted    51794/   80001 events (64.74%)
Processed    90000/  155470 entries, 57.89% (elapsed time  2408.8s, curr speed    0.037 kHz, avg speed    0.037 kHz), accepted    58282/   90001 events (64.76%)
Processed   100000/  155470 entries, 64.32% (elapsed time  2693.0s, curr speed    0.035 kHz, avg speed    0.037 kHz), accepted    64774/  100001 events (64.77%)
Processed   110000/  155470 entries, 70.75% (elapsed time  2945.9s, curr speed    0.040 kHz, avg speed    0.037 kHz), accepted    71142/  110001 events (64.67%)
Processed   120000/  155470 entries, 77.19% (elapsed time  3211.4s, curr speed    0.038 kHz, avg speed    0.037 kHz), accepted    77599/  120001 events (64.67%)
Processed   130000/  155470 entries, 83.62% (elapsed time  3473.4s, curr speed    0.038 kHz, avg speed    0.037 kHz), accepted    84093/  130001 events (64.69%)
Processed   140000/  155470 entries, 90.05% (elapsed time  3735.5s, curr speed    0.038 kHz, avg speed    0.037 kHz), accepted    90560/  140001 events (64.69%)
Processed   150000/  155470 entries, 96.48% (elapsed time  3995.1s, curr speed    0.039 kHz, avg speed    0.038 kHz), accepted    96946/  150001 events (64.63%)
Processed 155470 preselected entries from root://cms-xrd-global.cern.ch//store/mc/Run3Summer22NanoAODv12/Zto2Nu-4Jets_HT-200to400_TuneCP5_13p6TeV_madgraphMLM-pythia8/NANOAODSIM/130X_mcRun3_2022_realistic_v5-v2/40000/a4656361-8515-4e7c-a99c-a730d799917a.root (155470 entries). Finally selected 100443 entries
Done ./a4656361-8515-4e7c-a99c-a730d799917a_Skim.root
Total time 4343.9 sec. to process 155470 events. Rate = 35.8 Hz.
DONE
/tmp/lfavilla/ZJetsToNuNu_HT200to400_2022/file40
hadd Target file: tree_hadd_40.root
hadd compression setting for all output: 1
hadd Source file 1: tree.root
hadd Source file 2: hist.root
hadd Target path: tree_hadd_40.root:/
hadd Target path: tree_hadd_40.root:/plots
/tmp/lfavilla/ZJetsToNuNu_HT200to400_2022/file40
