Standalone environment set.
/tmp/lfavilla/ZJetsToNuNu_HT200to400_2022/file76
hadd Target file: tree.root
hadd compression setting for all output: 1
hadd Source file 1: ./696fbf8a-cac8-4f1f-a47f-faef1b4284ae_Skim.root
hadd Sources and Target have different compression levels
hadd merging will be slower
hadd Target path: tree.root:/
Will write selected trees to .
Pre-select 212096 entries out of 212096 (100.00%)
Processed    10000/  212096 entries,  4.71% (elapsed time   257.9s, curr speed    0.039 kHz, avg speed    0.039 kHz), accepted     6476/   10001 events (64.75%)
Processed    20000/  212096 entries,  9.43% (elapsed time   505.9s, curr speed    0.040 kHz, avg speed    0.040 kHz), accepted    12969/   20001 events (64.84%)
Processed    30000/  212096 entries, 14.14% (elapsed time   761.3s, curr speed    0.039 kHz, avg speed    0.039 kHz), accepted    19472/   30001 events (64.90%)
Processed    40000/  212096 entries, 18.86% (elapsed time  1020.4s, curr speed    0.039 kHz, avg speed    0.039 kHz), accepted    25943/   40001 events (64.86%)
Processed    50000/  212096 entries, 23.57% (elapsed time  1269.2s, curr speed    0.040 kHz, avg speed    0.039 kHz), accepted    32438/   50001 events (64.87%)
Processed    60000/  212096 entries, 28.29% (elapsed time  1511.1s, curr speed    0.041 kHz, avg speed    0.040 kHz), accepted    38901/   60001 events (64.83%)
Processed    70000/  212096 entries, 33.00% (elapsed time  1757.8s, curr speed    0.041 kHz, avg speed    0.040 kHz), accepted    45356/   70001 events (64.79%)
Processed    80000/  212096 entries, 37.72% (elapsed time  2001.6s, curr speed    0.041 kHz, avg speed    0.040 kHz), accepted    51876/   80001 events (64.84%)
Processed    90000/  212096 entries, 42.43% (elapsed time  2282.3s, curr speed    0.036 kHz, avg speed    0.039 kHz), accepted    58343/   90001 events (64.82%)
Processed   100000/  212096 entries, 47.15% (elapsed time  2557.1s, curr speed    0.036 kHz, avg speed    0.039 kHz), accepted    64865/  100001 events (64.86%)
Processed   110000/  212096 entries, 51.86% (elapsed time  2830.9s, curr speed    0.037 kHz, avg speed    0.039 kHz), accepted    71346/  110001 events (64.86%)
Processed   120000/  212096 entries, 56.58% (elapsed time  3090.4s, curr speed    0.039 kHz, avg speed    0.039 kHz), accepted    77863/  120001 events (64.89%)
Processed   130000/  212096 entries, 61.29% (elapsed time  3320.0s, curr speed    0.044 kHz, avg speed    0.039 kHz), accepted    84384/  130001 events (64.91%)
Processed   140000/  212096 entries, 66.01% (elapsed time  3560.8s, curr speed    0.042 kHz, avg speed    0.039 kHz), accepted    90750/  140001 events (64.82%)
Processed   150000/  212096 entries, 70.72% (elapsed time  3807.3s, curr speed    0.041 kHz, avg speed    0.039 kHz), accepted    97175/  150001 events (64.78%)
Processed   160000/  212096 entries, 75.44% (elapsed time  4057.4s, curr speed    0.040 kHz, avg speed    0.039 kHz), accepted   103704/  160001 events (64.81%)
Processed   170000/  212096 entries, 80.15% (elapsed time  4300.9s, curr speed    0.041 kHz, avg speed    0.040 kHz), accepted   110161/  170001 events (64.80%)
Processed   180000/  212096 entries, 84.87% (elapsed time  4551.7s, curr speed    0.040 kHz, avg speed    0.040 kHz), accepted   116670/  180001 events (64.82%)
Processed   190000/  212096 entries, 89.58% (elapsed time  4936.9s, curr speed    0.026 kHz, avg speed    0.038 kHz), accepted   123082/  190001 events (64.78%)
Processed   200000/  212096 entries, 94.30% (elapsed time  5216.3s, curr speed    0.036 kHz, avg speed    0.038 kHz), accepted   129574/  200001 events (64.79%)
Processed   210000/  212096 entries, 99.01% (elapsed time  5499.8s, curr speed    0.035 kHz, avg speed    0.038 kHz), accepted   136064/  210001 events (64.79%)
Processed 212096 preselected entries from root://cms-xrd-global.cern.ch//store/mc/Run3Summer22NanoAODv12/Zto2Nu-4Jets_HT-200to400_TuneCP5_13p6TeV_madgraphMLM-pythia8/NANOAODSIM/130X_mcRun3_2022_realistic_v5-v2/30000/696fbf8a-cac8-4f1f-a47f-faef1b4284ae.root (212096 entries). Finally selected 137433 entries
Done ./696fbf8a-cac8-4f1f-a47f-faef1b4284ae_Skim.root
Total time 5836.6 sec. to process 212096 events. Rate = 36.3 Hz.
DONE
/tmp/lfavilla/ZJetsToNuNu_HT200to400_2022/file76
hadd Target file: tree_hadd_76.root
hadd compression setting for all output: 1
hadd Source file 1: tree.root
hadd Source file 2: hist.root
hadd Target path: tree_hadd_76.root:/
hadd Target path: tree_hadd_76.root:/plots
/tmp/lfavilla/ZJetsToNuNu_HT200to400_2022/file76
