Standalone environment set.
/tmp/lfavilla/ZJetsToNuNu_HT200to400_2022/file8
hadd Target file: tree.root
hadd compression setting for all output: 1
hadd Source file 1: ./9f0e6d99-3bfd-4ac5-a6f6-677c2e83e95f_Skim.root
hadd Sources and Target have different compression levels
hadd merging will be slower
hadd Target path: tree.root:/
Will write selected trees to .
Pre-select 161020 entries out of 161020 (100.00%)
Processed    10000/  161020 entries,  6.21% (elapsed time   264.7s, curr speed    0.038 kHz, avg speed    0.038 kHz), accepted     6427/   10001 events (64.26%)
Processed    20000/  161020 entries, 12.42% (elapsed time   524.3s, curr speed    0.039 kHz, avg speed    0.038 kHz), accepted    12900/   20001 events (64.50%)
Processed    30000/  161020 entries, 18.63% (elapsed time   784.2s, curr speed    0.038 kHz, avg speed    0.038 kHz), accepted    19303/   30001 events (64.34%)
Processed    40000/  161020 entries, 24.84% (elapsed time  1056.9s, curr speed    0.037 kHz, avg speed    0.038 kHz), accepted    25802/   40001 events (64.50%)
Processed    50000/  161020 entries, 31.05% (elapsed time  1340.5s, curr speed    0.035 kHz, avg speed    0.037 kHz), accepted    32299/   50001 events (64.60%)
Processed    60000/  161020 entries, 37.26% (elapsed time  1627.0s, curr speed    0.035 kHz, avg speed    0.037 kHz), accepted    38763/   60001 events (64.60%)
Processed    70000/  161020 entries, 43.47% (elapsed time  1914.1s, curr speed    0.035 kHz, avg speed    0.037 kHz), accepted    45187/   70001 events (64.55%)
Processed    80000/  161020 entries, 49.68% (elapsed time  2206.1s, curr speed    0.034 kHz, avg speed    0.036 kHz), accepted    51744/   80001 events (64.68%)
Processed    90000/  161020 entries, 55.89% (elapsed time  2493.6s, curr speed    0.035 kHz, avg speed    0.036 kHz), accepted    58181/   90001 events (64.64%)
Processed   100000/  161020 entries, 62.10% (elapsed time  2784.8s, curr speed    0.034 kHz, avg speed    0.036 kHz), accepted    64713/  100001 events (64.71%)
Processed   110000/  161020 entries, 68.31% (elapsed time  3061.5s, curr speed    0.036 kHz, avg speed    0.036 kHz), accepted    71180/  110001 events (64.71%)
Processed   120000/  161020 entries, 74.52% (elapsed time  3352.0s, curr speed    0.034 kHz, avg speed    0.036 kHz), accepted    77599/  120001 events (64.67%)
Processed   130000/  161020 entries, 80.74% (elapsed time  3633.1s, curr speed    0.036 kHz, avg speed    0.036 kHz), accepted    84029/  130001 events (64.64%)
Processed   140000/  161020 entries, 86.95% (elapsed time  3922.1s, curr speed    0.035 kHz, avg speed    0.036 kHz), accepted    90496/  140001 events (64.64%)
Processed   150000/  161020 entries, 93.16% (elapsed time  4192.6s, curr speed    0.037 kHz, avg speed    0.036 kHz), accepted    96956/  150001 events (64.64%)
Processed   160000/  161020 entries, 99.37% (elapsed time  4471.1s, curr speed    0.036 kHz, avg speed    0.036 kHz), accepted   103380/  160001 events (64.61%)
Processed 161020 preselected entries from root://cms-xrd-global.cern.ch//store/mc/Run3Summer22NanoAODv12/Zto2Nu-4Jets_HT-200to400_TuneCP5_13p6TeV_madgraphMLM-pythia8/NANOAODSIM/130X_mcRun3_2022_realistic_v5-v2/30000/9f0e6d99-3bfd-4ac5-a6f6-677c2e83e95f.root (161020 entries). Finally selected 104044 entries
Done ./9f0e6d99-3bfd-4ac5-a6f6-677c2e83e95f_Skim.root
Total time 4745.4 sec. to process 161020 events. Rate = 33.9 Hz.
DONE
/tmp/lfavilla/ZJetsToNuNu_HT200to400_2022/file8
hadd Target file: tree_hadd_8.root
hadd compression setting for all output: 1
hadd Source file 1: tree.root
hadd Source file 2: hist.root
hadd Target path: tree_hadd_8.root:/
hadd Target path: tree_hadd_8.root:/plots
/tmp/lfavilla/ZJetsToNuNu_HT200to400_2022/file8
