Standalone environment set.
/tmp/lfavilla/ZJetsToNuNu_HT200to400_2022/file150
hadd Target file: tree.root
hadd compression setting for all output: 1
hadd Source file 1: ./0fca8585-933f-41a8-9b58-9abc7fbed347_Skim.root
hadd Sources and Target have different compression levels
hadd merging will be slower
hadd Target path: tree.root:/
Will write selected trees to .
Pre-select 53768 entries out of 53768 (100.00%)
Processed    10000/   53768 entries, 18.60% (elapsed time   228.3s, curr speed    0.044 kHz, avg speed    0.044 kHz), accepted     6396/   10001 events (63.95%)
Processed    20000/   53768 entries, 37.20% (elapsed time   458.1s, curr speed    0.044 kHz, avg speed    0.044 kHz), accepted    12792/   20001 events (63.96%)
Processed    30000/   53768 entries, 55.80% (elapsed time   695.9s, curr speed    0.042 kHz, avg speed    0.043 kHz), accepted    19297/   30001 events (64.32%)
Processed    40000/   53768 entries, 74.39% (elapsed time   930.2s, curr speed    0.043 kHz, avg speed    0.043 kHz), accepted    25809/   40001 events (64.52%)
Processed    50000/   53768 entries, 92.99% (elapsed time  1170.1s, curr speed    0.042 kHz, avg speed    0.043 kHz), accepted    32263/   50001 events (64.52%)
Processed 53768 preselected entries from root://cms-xrd-global.cern.ch//store/mc/Run3Summer22NanoAODv12/Zto2Nu-4Jets_HT-200to400_TuneCP5_13p6TeV_madgraphMLM-pythia8/NANOAODSIM/130X_mcRun3_2022_realistic_v5-v2/50000/0fca8585-933f-41a8-9b58-9abc7fbed347.root (53768 entries). Finally selected 34717 entries
Done ./0fca8585-933f-41a8-9b58-9abc7fbed347_Skim.root
Total time 1338.5 sec. to process 53768 events. Rate = 40.2 Hz.
DONE
/tmp/lfavilla/ZJetsToNuNu_HT200to400_2022/file150
hadd Target file: tree_hadd_150.root
hadd compression setting for all output: 1
hadd Source file 1: tree.root
hadd Source file 2: hist.root
hadd Target path: tree_hadd_150.root:/
hadd Target path: tree_hadd_150.root:/plots
/tmp/lfavilla/ZJetsToNuNu_HT200to400_2022/file150
