Standalone environment set.
/tmp/lfavilla/ZJetsToNuNu_HT200to400_2022/file45
hadd Target file: tree.root
hadd compression setting for all output: 1
hadd Source file 1: ./35d719b7-785d-4780-8ff1-580ab4377b20_Skim.root
hadd Sources and Target have different compression levels
hadd merging will be slower
hadd Target path: tree.root:/
Will write selected trees to .
Pre-select 67779 entries out of 67779 (100.00%)
Processed    10000/   67779 entries, 14.75% (elapsed time   330.0s, curr speed    0.030 kHz, avg speed    0.030 kHz), accepted     6478/   10001 events (64.77%)
Processed    20000/   67779 entries, 29.51% (elapsed time  1239.4s, curr speed    0.011 kHz, avg speed    0.016 kHz), accepted    12962/   20001 events (64.81%)
Processed    30000/   67779 entries, 44.26% (elapsed time  3306.2s, curr speed    0.005 kHz, avg speed    0.009 kHz), accepted    19447/   30001 events (64.82%)
Processed    40000/   67779 entries, 59.02% (elapsed time  5535.1s, curr speed    0.004 kHz, avg speed    0.007 kHz), accepted    25864/   40001 events (64.66%)
Processed    50000/   67779 entries, 73.77% (elapsed time  7528.2s, curr speed    0.005 kHz, avg speed    0.007 kHz), accepted    32323/   50001 events (64.64%)
Processed    60000/   67779 entries, 88.52% (elapsed time  9445.4s, curr speed    0.005 kHz, avg speed    0.006 kHz), accepted    38698/   60001 events (64.50%)
Processed 67779 preselected entries from root://cms-xrd-global.cern.ch//store/mc/Run3Summer22NanoAODv12/Zto2Nu-4Jets_HT-200to400_TuneCP5_13p6TeV_madgraphMLM-pythia8/NANOAODSIM/130X_mcRun3_2022_realistic_v5-v2/40000/35d719b7-785d-4780-8ff1-580ab4377b20.root (67779 entries). Finally selected 43733 entries
Done ./35d719b7-785d-4780-8ff1-580ab4377b20_Skim.root
Total time 11643.2 sec. to process 67779 events. Rate = 5.8 Hz.
DONE
/tmp/lfavilla/ZJetsToNuNu_HT200to400_2022/file45
hadd Target file: tree_hadd_45.root
hadd compression setting for all output: 1
hadd Source file 1: tree.root
hadd Source file 2: hist.root
hadd Target path: tree_hadd_45.root:/
hadd Target path: tree_hadd_45.root:/plots
/tmp/lfavilla/ZJetsToNuNu_HT200to400_2022/file45
