Standalone environment set.
/tmp/lfavilla/ZJetsToNuNu_HT200to400_2022/file42
hadd Target file: tree.root
hadd compression setting for all output: 1
hadd Source file 1: ./1ea283ef-6d27-4dc0-954a-5c580c1cf9c5_Skim.root
hadd Sources and Target have different compression levels
hadd merging will be slower
hadd Target path: tree.root:/
Will write selected trees to .
Pre-select 154886 entries out of 154886 (100.00%)
Processed    10000/  154886 entries,  6.46% (elapsed time   346.2s, curr speed    0.029 kHz, avg speed    0.029 kHz), accepted     6470/   10001 events (64.69%)
Processed    20000/  154886 entries, 12.91% (elapsed time   676.0s, curr speed    0.030 kHz, avg speed    0.030 kHz), accepted    12981/   20001 events (64.90%)
Processed    30000/  154886 entries, 19.37% (elapsed time  1009.0s, curr speed    0.030 kHz, avg speed    0.030 kHz), accepted    19446/   30001 events (64.82%)
Processed    40000/  154886 entries, 25.83% (elapsed time  1349.1s, curr speed    0.029 kHz, avg speed    0.030 kHz), accepted    25942/   40001 events (64.85%)
Processed    50000/  154886 entries, 32.28% (elapsed time  1694.3s, curr speed    0.029 kHz, avg speed    0.030 kHz), accepted    32414/   50001 events (64.83%)
Processed    60000/  154886 entries, 38.74% (elapsed time  2041.9s, curr speed    0.029 kHz, avg speed    0.029 kHz), accepted    38968/   60001 events (64.95%)
Processed    70000/  154886 entries, 45.19% (elapsed time  2387.0s, curr speed    0.029 kHz, avg speed    0.029 kHz), accepted    45487/   70001 events (64.98%)
Processed    80000/  154886 entries, 51.65% (elapsed time  2731.9s, curr speed    0.029 kHz, avg speed    0.029 kHz), accepted    52034/   80001 events (65.04%)
Processed    90000/  154886 entries, 58.11% (elapsed time  3084.7s, curr speed    0.028 kHz, avg speed    0.029 kHz), accepted    58472/   90001 events (64.97%)
Processed   100000/  154886 entries, 64.56% (elapsed time  3423.6s, curr speed    0.030 kHz, avg speed    0.029 kHz), accepted    64942/  100001 events (64.94%)
Processed   110000/  154886 entries, 71.02% (elapsed time  3764.1s, curr speed    0.029 kHz, avg speed    0.029 kHz), accepted    71414/  110001 events (64.92%)
Processed   120000/  154886 entries, 77.48% (elapsed time  4098.8s, curr speed    0.030 kHz, avg speed    0.029 kHz), accepted    77842/  120001 events (64.87%)
Processed   130000/  154886 entries, 83.93% (elapsed time  4402.3s, curr speed    0.033 kHz, avg speed    0.030 kHz), accepted    84188/  130001 events (64.76%)
Processed   140000/  154886 entries, 90.39% (elapsed time  4801.5s, curr speed    0.025 kHz, avg speed    0.029 kHz), accepted    90620/  140001 events (64.73%)
Processed   150000/  154886 entries, 96.85% (elapsed time  5142.9s, curr speed    0.029 kHz, avg speed    0.029 kHz), accepted    97079/  150001 events (64.72%)
Processed 154886 preselected entries from root://cms-xrd-global.cern.ch//store/mc/Run3Summer22NanoAODv12/Zto2Nu-4Jets_HT-200to400_TuneCP5_13p6TeV_madgraphMLM-pythia8/NANOAODSIM/130X_mcRun3_2022_realistic_v5-v2/40000/1ea283ef-6d27-4dc0-954a-5c580c1cf9c5.root (154886 entries). Finally selected 100280 entries
Done ./1ea283ef-6d27-4dc0-954a-5c580c1cf9c5_Skim.root
Total time 5575.8 sec. to process 154886 events. Rate = 27.8 Hz.
DONE
/tmp/lfavilla/ZJetsToNuNu_HT200to400_2022/file42
hadd Target file: tree_hadd_42.root
hadd compression setting for all output: 1
hadd Source file 1: tree.root
hadd Source file 2: hist.root
hadd Target path: tree_hadd_42.root:/
hadd Target path: tree_hadd_42.root:/plots
/tmp/lfavilla/ZJetsToNuNu_HT200to400_2022/file42
