Standalone environment set.
/tmp/lfavilla/ZJetsToNuNu_HT200to400_2022/file43
hadd Target file: tree.root
hadd compression setting for all output: 1
hadd Source file 1: ./80bc687b-a2b0-437b-ae0d-75c6c31116c4_Skim.root
hadd Sources and Target have different compression levels
hadd merging will be slower
hadd Target path: tree.root:/
Will write selected trees to .
Pre-select 25622 entries out of 25622 (100.00%)
Processed    10000/   25622 entries, 39.03% (elapsed time   300.0s, curr speed    0.033 kHz, avg speed    0.033 kHz), accepted     6489/   10001 events (64.88%)
Processed    20000/   25622 entries, 78.06% (elapsed time   593.5s, curr speed    0.034 kHz, avg speed    0.034 kHz), accepted    13031/   20001 events (65.15%)
Processed 25622 preselected entries from root://cms-xrd-global.cern.ch//store/mc/Run3Summer22NanoAODv12/Zto2Nu-4Jets_HT-200to400_TuneCP5_13p6TeV_madgraphMLM-pythia8/NANOAODSIM/130X_mcRun3_2022_realistic_v5-v2/40000/80bc687b-a2b0-437b-ae0d-75c6c31116c4.root (25622 entries). Finally selected 16681 entries
Done ./80bc687b-a2b0-437b-ae0d-75c6c31116c4_Skim.root
Total time 797.1 sec. to process 25622 events. Rate = 32.1 Hz.
DONE
/tmp/lfavilla/ZJetsToNuNu_HT200to400_2022/file43
hadd Target file: tree_hadd_43.root
hadd compression setting for all output: 1
hadd Source file 1: tree.root
hadd Source file 2: hist.root
hadd Target path: tree_hadd_43.root:/
hadd Target path: tree_hadd_43.root:/plots
/tmp/lfavilla/ZJetsToNuNu_HT200to400_2022/file43
