Standalone environment set.
/tmp/lfavilla/ZJetsToNuNu_HT200to400_2022/file231
hadd Target file: tree.root
hadd compression setting for all output: 1
hadd Source file 1: ./2ee71aab-410d-4771-baec-f8869e030fdb_Skim.root
hadd Sources and Target have different compression levels
hadd merging will be slower
hadd Target path: tree.root:/
Will write selected trees to .
Pre-select 16441 entries out of 16441 (100.00%)
Processed    10000/   16441 entries, 60.82% (elapsed time   286.0s, curr speed    0.035 kHz, avg speed    0.035 kHz), accepted     6533/   10001 events (65.32%)
Processed 16441 preselected entries from root://cms-xrd-global.cern.ch//store/mc/Run3Summer22NanoAODv12/Zto2Nu-4Jets_HT-200to400_TuneCP5_13p6TeV_madgraphMLM-pythia8/NANOAODSIM/130X_mcRun3_2022_realistic_v5-v2/2540000/2ee71aab-410d-4771-baec-f8869e030fdb.root (16441 entries). Finally selected 10746 entries
Done ./2ee71aab-410d-4771-baec-f8869e030fdb_Skim.root
Total time 507.2 sec. to process 16441 events. Rate = 32.4 Hz.
DONE
/tmp/lfavilla/ZJetsToNuNu_HT200to400_2022/file231
hadd Target file: tree_hadd_231.root
hadd compression setting for all output: 1
hadd Source file 1: tree.root
hadd Source file 2: hist.root
hadd Target path: tree_hadd_231.root:/
hadd Target path: tree_hadd_231.root:/plots
/tmp/lfavilla/ZJetsToNuNu_HT200to400_2022/file231
