Standalone environment set.
/tmp/lfavilla/ZJetsToNuNu_HT200to400_2022/file60
hadd Target file: tree.root
hadd compression setting for all output: 1
hadd Source file 1: ./a4ef93e0-a703-4f68-8398-4c24b315f1ed_Skim.root
hadd Sources and Target have different compression levels
hadd merging will be slower
hadd Target path: tree.root:/
Will write selected trees to .
Pre-select 43153 entries out of 43153 (100.00%)
Processed    10000/   43153 entries, 23.17% (elapsed time   253.6s, curr speed    0.039 kHz, avg speed    0.039 kHz), accepted     6462/   10001 events (64.61%)
Processed    20000/   43153 entries, 46.35% (elapsed time   497.1s, curr speed    0.041 kHz, avg speed    0.040 kHz), accepted    12943/   20001 events (64.71%)
Processed    30000/   43153 entries, 69.52% (elapsed time   741.4s, curr speed    0.041 kHz, avg speed    0.040 kHz), accepted    19340/   30001 events (64.46%)
Processed    40000/   43153 entries, 92.69% (elapsed time   985.2s, curr speed    0.041 kHz, avg speed    0.041 kHz), accepted    25766/   40001 events (64.41%)
Processed 43153 preselected entries from root://cms-xrd-global.cern.ch//store/mc/Run3Summer22NanoAODv12/Zto2Nu-4Jets_HT-200to400_TuneCP5_13p6TeV_madgraphMLM-pythia8/NANOAODSIM/130X_mcRun3_2022_realistic_v5-v2/2530000/a4ef93e0-a703-4f68-8398-4c24b315f1ed.root (43153 entries). Finally selected 27822 entries
Done ./a4ef93e0-a703-4f68-8398-4c24b315f1ed_Skim.root
Total time 1124.5 sec. to process 43153 events. Rate = 38.4 Hz.
DONE
/tmp/lfavilla/ZJetsToNuNu_HT200to400_2022/file60
hadd Target file: tree_hadd_60.root
hadd compression setting for all output: 1
hadd Source file 1: tree.root
hadd Source file 2: hist.root
hadd Target path: tree_hadd_60.root:/
hadd Target path: tree_hadd_60.root:/plots
/tmp/lfavilla/ZJetsToNuNu_HT200to400_2022/file60
