Standalone environment set.
/tmp/lfavilla/ZJetsToNuNu_HT200to400_2022/file113
hadd Target file: tree.root
hadd compression setting for all output: 1
hadd Source file 1: ./f5a83d46-79d9-46a5-90e9-b158516388fd_Skim.root
hadd Sources and Target have different compression levels
hadd merging will be slower
hadd Target path: tree.root:/
Will write selected trees to .
Pre-select 160072 entries out of 160072 (100.00%)
Processed    10000/  160072 entries,  6.25% (elapsed time   296.5s, curr speed    0.034 kHz, avg speed    0.034 kHz), accepted     6484/   10001 events (64.83%)
Processed    20000/  160072 entries, 12.49% (elapsed time   573.4s, curr speed    0.036 kHz, avg speed    0.035 kHz), accepted    12998/   20001 events (64.99%)
Processed    30000/  160072 entries, 18.74% (elapsed time   862.5s, curr speed    0.035 kHz, avg speed    0.035 kHz), accepted    19555/   30001 events (65.18%)
Processed    40000/  160072 entries, 24.99% (elapsed time  1153.0s, curr speed    0.034 kHz, avg speed    0.035 kHz), accepted    26116/   40001 events (65.29%)
Processed    50000/  160072 entries, 31.24% (elapsed time  1436.8s, curr speed    0.035 kHz, avg speed    0.035 kHz), accepted    32625/   50001 events (65.25%)
Processed    60000/  160072 entries, 37.48% (elapsed time  1721.9s, curr speed    0.035 kHz, avg speed    0.035 kHz), accepted    39031/   60001 events (65.05%)
Processed    70000/  160072 entries, 43.73% (elapsed time  2020.3s, curr speed    0.034 kHz, avg speed    0.035 kHz), accepted    45531/   70001 events (65.04%)
Processed    80000/  160072 entries, 49.98% (elapsed time  2327.9s, curr speed    0.033 kHz, avg speed    0.034 kHz), accepted    52068/   80001 events (65.08%)
Processed    90000/  160072 entries, 56.22% (elapsed time  2636.7s, curr speed    0.032 kHz, avg speed    0.034 kHz), accepted    58599/   90001 events (65.11%)
Processed   100000/  160072 entries, 62.47% (elapsed time  2943.9s, curr speed    0.033 kHz, avg speed    0.034 kHz), accepted    65092/  100001 events (65.09%)
Processed   110000/  160072 entries, 68.72% (elapsed time  3229.0s, curr speed    0.035 kHz, avg speed    0.034 kHz), accepted    71513/  110001 events (65.01%)
Processed   120000/  160072 entries, 74.97% (elapsed time  3507.4s, curr speed    0.036 kHz, avg speed    0.034 kHz), accepted    78048/  120001 events (65.04%)
Processed   130000/  160072 entries, 81.21% (elapsed time  3782.3s, curr speed    0.036 kHz, avg speed    0.034 kHz), accepted    84451/  130001 events (64.96%)
Processed   140000/  160072 entries, 87.46% (elapsed time  4086.6s, curr speed    0.033 kHz, avg speed    0.034 kHz), accepted    90944/  140001 events (64.96%)
Processed   150000/  160072 entries, 93.71% (elapsed time  4382.2s, curr speed    0.034 kHz, avg speed    0.034 kHz), accepted    97449/  150001 events (64.97%)
Processed   160000/  160072 entries, 99.96% (elapsed time  4794.3s, curr speed    0.024 kHz, avg speed    0.033 kHz), accepted   103968/  160001 events (64.98%)
Processed 160072 preselected entries from root://cms-xrd-global.cern.ch//store/mc/Run3Summer22NanoAODv12/Zto2Nu-4Jets_HT-200to400_TuneCP5_13p6TeV_madgraphMLM-pythia8/NANOAODSIM/130X_mcRun3_2022_realistic_v5-v2/40000/f5a83d46-79d9-46a5-90e9-b158516388fd.root (160072 entries). Finally selected 104011 entries
Done ./f5a83d46-79d9-46a5-90e9-b158516388fd_Skim.root
Total time 5036.7 sec. to process 160072 events. Rate = 31.8 Hz.
DONE
/tmp/lfavilla/ZJetsToNuNu_HT200to400_2022/file113
hadd Target file: tree_hadd_113.root
hadd compression setting for all output: 1
hadd Source file 1: tree.root
hadd Source file 2: hist.root
hadd Target path: tree_hadd_113.root:/
hadd Target path: tree_hadd_113.root:/plots
/tmp/lfavilla/ZJetsToNuNu_HT200to400_2022/file113
