Standalone environment set.
/tmp/lfavilla/ZJetsToNuNu_HT200to400_2022/file84
hadd Target file: tree.root
hadd compression setting for all output: 1
hadd Source file 1: ./e61b0a50-5ec7-414a-97bb-1bda73fe5f74_Skim.root
hadd Sources and Target have different compression levels
hadd merging will be slower
hadd Target path: tree.root:/
Will write selected trees to .
Pre-select 30313 entries out of 30313 (100.00%)
Processed    10000/   30313 entries, 32.99% (elapsed time   301.7s, curr speed    0.033 kHz, avg speed    0.033 kHz), accepted     6416/   10001 events (64.15%)
Processed    20000/   30313 entries, 65.98% (elapsed time   589.3s, curr speed    0.035 kHz, avg speed    0.034 kHz), accepted    12910/   20001 events (64.55%)
Processed    30000/   30313 entries, 98.97% (elapsed time   878.5s, curr speed    0.035 kHz, avg speed    0.034 kHz), accepted    19318/   30001 events (64.39%)
Processed 30313 preselected entries from root://cms-xrd-global.cern.ch//store/mc/Run3Summer22NanoAODv12/Zto2Nu-4Jets_HT-200to400_TuneCP5_13p6TeV_madgraphMLM-pythia8/NANOAODSIM/130X_mcRun3_2022_realistic_v5-v2/40000/e61b0a50-5ec7-414a-97bb-1bda73fe5f74.root (30313 entries). Finally selected 19529 entries
Done ./e61b0a50-5ec7-414a-97bb-1bda73fe5f74_Skim.root
Total time 941.3 sec. to process 30313 events. Rate = 32.2 Hz.
DONE
/tmp/lfavilla/ZJetsToNuNu_HT200to400_2022/file84
hadd Target file: tree_hadd_84.root
hadd compression setting for all output: 1
hadd Source file 1: tree.root
hadd Source file 2: hist.root
hadd Target path: tree_hadd_84.root:/
hadd Target path: tree_hadd_84.root:/plots
/tmp/lfavilla/ZJetsToNuNu_HT200to400_2022/file84
