Standalone environment set.
/tmp/lfavilla/ZJetsToNuNu_HT200to400_2022/file143
hadd Target file: tree.root
hadd compression setting for all output: 1
hadd Source file 1: ./0d0cf785-4ec1-4bad-b1ce-d5c25d86b4a4_Skim.root
hadd Sources and Target have different compression levels
hadd merging will be slower
hadd Target path: tree.root:/
Will write selected trees to .
Pre-select 24055 entries out of 24055 (100.00%)
Processed    10000/   24055 entries, 41.57% (elapsed time   270.6s, curr speed    0.037 kHz, avg speed    0.037 kHz), accepted     6480/   10001 events (64.79%)
Processed    20000/   24055 entries, 83.14% (elapsed time   530.2s, curr speed    0.039 kHz, avg speed    0.038 kHz), accepted    12957/   20001 events (64.78%)
Processed 24055 preselected entries from root://cms-xrd-global.cern.ch//store/mc/Run3Summer22NanoAODv12/Zto2Nu-4Jets_HT-200to400_TuneCP5_13p6TeV_madgraphMLM-pythia8/NANOAODSIM/130X_mcRun3_2022_realistic_v5-v2/2540000/0d0cf785-4ec1-4bad-b1ce-d5c25d86b4a4.root (24055 entries). Finally selected 15559 entries
Done ./0d0cf785-4ec1-4bad-b1ce-d5c25d86b4a4_Skim.root
Total time 673.3 sec. to process 24055 events. Rate = 35.7 Hz.
DONE
/tmp/lfavilla/ZJetsToNuNu_HT200to400_2022/file143
hadd Target file: tree_hadd_143.root
hadd compression setting for all output: 1
hadd Source file 1: tree.root
hadd Source file 2: hist.root
hadd Target path: tree_hadd_143.root:/
hadd Target path: tree_hadd_143.root:/plots
/tmp/lfavilla/ZJetsToNuNu_HT200to400_2022/file143
