Standalone environment set.
/tmp/lfavilla/ZJetsToNuNu_HT200to400_2022/file161
hadd Target file: tree.root
hadd compression setting for all output: 1
hadd Source file 1: ./72ba4eb5-3886-4fcb-ab34-53ddd0f60a32_Skim.root
hadd Sources and Target have different compression levels
hadd merging will be slower
hadd Target path: tree.root:/
Will write selected trees to .
Pre-select 3845 entries out of 3845 (100.00%)
Processed 3845 preselected entries from root://cms-xrd-global.cern.ch//store/mc/Run3Summer22NanoAODv12/Zto2Nu-4Jets_HT-200to400_TuneCP5_13p6TeV_madgraphMLM-pythia8/NANOAODSIM/130X_mcRun3_2022_realistic_v5-v2/2520000/72ba4eb5-3886-4fcb-ab34-53ddd0f60a32.root (3845 entries). Finally selected 2483 entries
Done ./72ba4eb5-3886-4fcb-ab34-53ddd0f60a32_Skim.root
Total time 145.4 sec. to process 3845 events. Rate = 26.4 Hz.
DONE
/tmp/lfavilla/ZJetsToNuNu_HT200to400_2022/file161
hadd Target file: tree_hadd_161.root
hadd compression setting for all output: 1
hadd Source file 1: tree.root
hadd Source file 2: hist.root
hadd Target path: tree_hadd_161.root:/
hadd Target path: tree_hadd_161.root:/plots
/tmp/lfavilla/ZJetsToNuNu_HT200to400_2022/file161
