Standalone environment set.
/tmp/lfavilla/ZJetsToNuNu_HT200to400_2022/file209
hadd Target file: tree.root
hadd compression setting for all output: 1
hadd Source file 1: ./20cae2fd-d98a-4af8-805b-b39fe8af8945_Skim.root
hadd Sources and Target have different compression levels
hadd merging will be slower
hadd Target path: tree.root:/
Will write selected trees to .
Pre-select 22937 entries out of 22937 (100.00%)
Processed    10000/   22937 entries, 43.60% (elapsed time   336.8s, curr speed    0.030 kHz, avg speed    0.030 kHz), accepted     6382/   10001 events (63.81%)
Processed    20000/   22937 entries, 87.20% (elapsed time   657.7s, curr speed    0.031 kHz, avg speed    0.030 kHz), accepted    12840/   20001 events (64.20%)
Processed 22937 preselected entries from root://cms-xrd-global.cern.ch//store/mc/Run3Summer22NanoAODv12/Zto2Nu-4Jets_HT-200to400_TuneCP5_13p6TeV_madgraphMLM-pythia8/NANOAODSIM/130X_mcRun3_2022_realistic_v5-v2/30000/20cae2fd-d98a-4af8-805b-b39fe8af8945.root (22937 entries). Finally selected 14712 entries
Done ./20cae2fd-d98a-4af8-805b-b39fe8af8945_Skim.root
Total time 807.7 sec. to process 22937 events. Rate = 28.4 Hz.
DONE
/tmp/lfavilla/ZJetsToNuNu_HT200to400_2022/file209
hadd Target file: tree_hadd_209.root
hadd compression setting for all output: 1
hadd Source file 1: tree.root
hadd Source file 2: hist.root
hadd Target path: tree_hadd_209.root:/
hadd Target path: tree_hadd_209.root:/plots
/tmp/lfavilla/ZJetsToNuNu_HT200to400_2022/file209
