Standalone environment set.
/tmp/lfavilla/ZJetsToNuNu_HT200to400_2022/file208
hadd Target file: tree.root
hadd compression setting for all output: 1
hadd Source file 1: ./367e07f4-b676-4c3c-acf6-092c3fef9e74_Skim.root
hadd Sources and Target have different compression levels
hadd merging will be slower
hadd Target path: tree.root:/
Will write selected trees to .
Pre-select 31415 entries out of 31415 (100.00%)
Processed    10000/   31415 entries, 31.83% (elapsed time   280.2s, curr speed    0.036 kHz, avg speed    0.036 kHz), accepted     6488/   10001 events (64.87%)
Processed    20000/   31415 entries, 63.66% (elapsed time   556.6s, curr speed    0.036 kHz, avg speed    0.036 kHz), accepted    12895/   20001 events (64.47%)
Processed    30000/   31415 entries, 95.50% (elapsed time   833.7s, curr speed    0.036 kHz, avg speed    0.036 kHz), accepted    19306/   30001 events (64.35%)
Processed 31415 preselected entries from root://cms-xrd-global.cern.ch//store/mc/Run3Summer22NanoAODv12/Zto2Nu-4Jets_HT-200to400_TuneCP5_13p6TeV_madgraphMLM-pythia8/NANOAODSIM/130X_mcRun3_2022_realistic_v5-v2/30000/367e07f4-b676-4c3c-acf6-092c3fef9e74.root (31415 entries). Finally selected 20182 entries
Done ./367e07f4-b676-4c3c-acf6-092c3fef9e74_Skim.root
Total time 936.8 sec. to process 31415 events. Rate = 33.5 Hz.
DONE
/tmp/lfavilla/ZJetsToNuNu_HT200to400_2022/file208
hadd Target file: tree_hadd_208.root
hadd compression setting for all output: 1
hadd Source file 1: tree.root
hadd Source file 2: hist.root
hadd Target path: tree_hadd_208.root:/
hadd Target path: tree_hadd_208.root:/plots
/tmp/lfavilla/ZJetsToNuNu_HT200to400_2022/file208
