Standalone environment set.
/tmp/lfavilla/ZJetsToNuNu_HT200to400_2022/file234
hadd Target file: tree.root
hadd compression setting for all output: 1
hadd Source file 1: ./196d75f1-e06e-4aa6-91cb-fb20c29b076b_Skim.root
hadd Sources and Target have different compression levels
hadd merging will be slower
hadd Target path: tree.root:/
Will write selected trees to .
Pre-select 3390 entries out of 3390 (100.00%)
Processed 3390 preselected entries from root://cms-xrd-global.cern.ch//store/mc/Run3Summer22NanoAODv12/Zto2Nu-4Jets_HT-200to400_TuneCP5_13p6TeV_madgraphMLM-pythia8/NANOAODSIM/130X_mcRun3_2022_realistic_v5-v2/30000/196d75f1-e06e-4aa6-91cb-fb20c29b076b.root (3390 entries). Finally selected 2181 entries
Done ./196d75f1-e06e-4aa6-91cb-fb20c29b076b_Skim.root
Total time 129.6 sec. to process 3390 events. Rate = 26.2 Hz.
DONE
/tmp/lfavilla/ZJetsToNuNu_HT200to400_2022/file234
hadd Target file: tree_hadd_234.root
hadd compression setting for all output: 1
hadd Source file 1: tree.root
hadd Source file 2: hist.root
hadd Target path: tree_hadd_234.root:/
hadd Target path: tree_hadd_234.root:/plots
/tmp/lfavilla/ZJetsToNuNu_HT200to400_2022/file234
