Standalone environment set.
/tmp/lfavilla/ZJetsToNuNu_HT200to400_2022/file155
hadd Target file: tree.root
hadd compression setting for all output: 1
hadd Source file 1: ./2d3ddc42-d7cf-4362-a3c8-efbb64abe3ef_Skim.root
hadd Sources and Target have different compression levels
hadd merging will be slower
hadd Target path: tree.root:/
Will write selected trees to .
Pre-select 12793 entries out of 12793 (100.00%)
Processed    10000/   12793 entries, 78.17% (elapsed time   312.1s, curr speed    0.032 kHz, avg speed    0.032 kHz), accepted     6495/   10001 events (64.94%)
Processed 12793 preselected entries from root://cms-xrd-global.cern.ch//store/mc/Run3Summer22NanoAODv12/Zto2Nu-4Jets_HT-200to400_TuneCP5_13p6TeV_madgraphMLM-pythia8/NANOAODSIM/130X_mcRun3_2022_realistic_v5-v2/2540000/2d3ddc42-d7cf-4362-a3c8-efbb64abe3ef.root (12793 entries). Finally selected 8296 entries
Done ./2d3ddc42-d7cf-4362-a3c8-efbb64abe3ef_Skim.root
Total time 432.4 sec. to process 12793 events. Rate = 29.6 Hz.
DONE
/tmp/lfavilla/ZJetsToNuNu_HT200to400_2022/file155
hadd Target file: tree_hadd_155.root
hadd compression setting for all output: 1
hadd Source file 1: tree.root
hadd Source file 2: hist.root
hadd Target path: tree_hadd_155.root:/
hadd Target path: tree_hadd_155.root:/plots
/tmp/lfavilla/ZJetsToNuNu_HT200to400_2022/file155
