Standalone environment set.
/tmp/lfavilla/ZJetsToNuNu_HT200to400_2022/file241
hadd Target file: tree.root
hadd compression setting for all output: 1
hadd Source file 1: ./7c3f9114-fd13-4438-9502-428e78ebda56_Skim.root
hadd Sources and Target have different compression levels
hadd merging will be slower
hadd Target path: tree.root:/
Will write selected trees to .
Pre-select 25650 entries out of 25650 (100.00%)
Processed    10000/   25650 entries, 38.99% (elapsed time   269.9s, curr speed    0.037 kHz, avg speed    0.037 kHz), accepted     6478/   10001 events (64.77%)
Processed    20000/   25650 entries, 77.97% (elapsed time   509.4s, curr speed    0.042 kHz, avg speed    0.039 kHz), accepted    12949/   20001 events (64.74%)
Processed 25650 preselected entries from root://cms-xrd-global.cern.ch//store/mc/Run3Summer22NanoAODv12/Zto2Nu-4Jets_HT-200to400_TuneCP5_13p6TeV_madgraphMLM-pythia8/NANOAODSIM/130X_mcRun3_2022_realistic_v5-v2/30000/7c3f9114-fd13-4438-9502-428e78ebda56.root (25650 entries). Finally selected 16614 entries
Done ./7c3f9114-fd13-4438-9502-428e78ebda56_Skim.root
Total time 692.3 sec. to process 25650 events. Rate = 37.1 Hz.
DONE
/tmp/lfavilla/ZJetsToNuNu_HT200to400_2022/file241
hadd Target file: tree_hadd_241.root
hadd compression setting for all output: 1
hadd Source file 1: tree.root
hadd Source file 2: hist.root
hadd Target path: tree_hadd_241.root:/
hadd Target path: tree_hadd_241.root:/plots
/tmp/lfavilla/ZJetsToNuNu_HT200to400_2022/file241
