Standalone environment set.
/tmp/lfavilla/ZJetsToNuNu_HT200to400_2022/file179
hadd Target file: tree.root
hadd compression setting for all output: 1
hadd Source file 1: ./1d8b973c-40ab-4d64-9a8e-cc12daac59d0_Skim.root
hadd Sources and Target have different compression levels
hadd merging will be slower
hadd Target path: tree.root:/
Will write selected trees to .
Pre-select 65150 entries out of 65150 (100.00%)
Processed    10000/   65150 entries, 15.35% (elapsed time   274.5s, curr speed    0.036 kHz, avg speed    0.036 kHz), accepted     6541/   10001 events (65.40%)
Processed    20000/   65150 entries, 30.70% (elapsed time   533.1s, curr speed    0.039 kHz, avg speed    0.038 kHz), accepted    13055/   20001 events (65.27%)
Processed    30000/   65150 entries, 46.05% (elapsed time   787.0s, curr speed    0.039 kHz, avg speed    0.038 kHz), accepted    19521/   30001 events (65.07%)
Processed    40000/   65150 entries, 61.40% (elapsed time  1039.4s, curr speed    0.040 kHz, avg speed    0.038 kHz), accepted    25946/   40001 events (64.86%)
Processed    50000/   65150 entries, 76.75% (elapsed time  1298.4s, curr speed    0.039 kHz, avg speed    0.039 kHz), accepted    32343/   50001 events (64.68%)
Processed    60000/   65150 entries, 92.10% (elapsed time  1557.0s, curr speed    0.039 kHz, avg speed    0.039 kHz), accepted    38778/   60001 events (64.63%)
Processed 65150 preselected entries from root://cms-xrd-global.cern.ch//store/mc/Run3Summer22NanoAODv12/Zto2Nu-4Jets_HT-200to400_TuneCP5_13p6TeV_madgraphMLM-pythia8/NANOAODSIM/130X_mcRun3_2022_realistic_v5-v2/30000/1d8b973c-40ab-4d64-9a8e-cc12daac59d0.root (65150 entries). Finally selected 42139 entries
Done ./1d8b973c-40ab-4d64-9a8e-cc12daac59d0_Skim.root
Total time 1776.4 sec. to process 65150 events. Rate = 36.7 Hz.
DONE
/tmp/lfavilla/ZJetsToNuNu_HT200to400_2022/file179
hadd Target file: tree_hadd_179.root
hadd compression setting for all output: 1
hadd Source file 1: tree.root
hadd Source file 2: hist.root
hadd Target path: tree_hadd_179.root:/
hadd Target path: tree_hadd_179.root:/plots
/tmp/lfavilla/ZJetsToNuNu_HT200to400_2022/file179
