Standalone environment set.
/tmp/lfavilla/ZJetsToNuNu_HT200to400_2022/file171
hadd Target file: tree.root
hadd compression setting for all output: 1
hadd Source file 1: ./4e60a085-4364-4ab1-ad07-c91fee008383_Skim.root
hadd Sources and Target have different compression levels
hadd merging will be slower
hadd Target path: tree.root:/
Will write selected trees to .
Pre-select 31256 entries out of 31256 (100.00%)
Processed    10000/   31256 entries, 31.99% (elapsed time   249.0s, curr speed    0.040 kHz, avg speed    0.040 kHz), accepted     6488/   10001 events (64.87%)
Processed    20000/   31256 entries, 63.99% (elapsed time   479.2s, curr speed    0.043 kHz, avg speed    0.042 kHz), accepted    12950/   20001 events (64.75%)
Processed    30000/   31256 entries, 95.98% (elapsed time   714.6s, curr speed    0.042 kHz, avg speed    0.042 kHz), accepted    19407/   30001 events (64.69%)
Processed 31256 preselected entries from root://cms-xrd-global.cern.ch//store/mc/Run3Summer22NanoAODv12/Zto2Nu-4Jets_HT-200to400_TuneCP5_13p6TeV_madgraphMLM-pythia8/NANOAODSIM/130X_mcRun3_2022_realistic_v5-v2/2540000/4e60a085-4364-4ab1-ad07-c91fee008383.root (31256 entries). Finally selected 20202 entries
Done ./4e60a085-4364-4ab1-ad07-c91fee008383_Skim.root
Total time 805.0 sec. to process 31256 events. Rate = 38.8 Hz.
DONE
/tmp/lfavilla/ZJetsToNuNu_HT200to400_2022/file171
hadd Target file: tree_hadd_171.root
hadd compression setting for all output: 1
hadd Source file 1: tree.root
hadd Source file 2: hist.root
hadd Target path: tree_hadd_171.root:/
hadd Target path: tree_hadd_171.root:/plots
/tmp/lfavilla/ZJetsToNuNu_HT200to400_2022/file171
