Standalone environment set.
/tmp/lfavilla/ZJetsToNuNu_HT200to400_2022/file86
hadd Target file: tree.root
hadd compression setting for all output: 1
hadd Source file 1: ./6e5e123d-4930-4094-b06c-a0a90dd3ce0f_Skim.root
hadd Sources and Target have different compression levels
hadd merging will be slower
hadd Target path: tree.root:/
Will write selected trees to .
Pre-select 113057 entries out of 113057 (100.00%)
Processed    10000/  113057 entries,  8.85% (elapsed time   275.0s, curr speed    0.036 kHz, avg speed    0.036 kHz), accepted     6510/   10001 events (65.09%)
Processed    20000/  113057 entries, 17.69% (elapsed time   538.4s, curr speed    0.038 kHz, avg speed    0.037 kHz), accepted    13018/   20001 events (65.09%)
Processed    30000/  113057 entries, 26.54% (elapsed time   813.4s, curr speed    0.036 kHz, avg speed    0.037 kHz), accepted    19464/   30001 events (64.88%)
Processed    40000/  113057 entries, 35.38% (elapsed time  1080.5s, curr speed    0.037 kHz, avg speed    0.037 kHz), accepted    25923/   40001 events (64.81%)
Processed    50000/  113057 entries, 44.23% (elapsed time  1370.1s, curr speed    0.035 kHz, avg speed    0.036 kHz), accepted    32420/   50001 events (64.84%)
Processed    60000/  113057 entries, 53.07% (elapsed time  1641.6s, curr speed    0.037 kHz, avg speed    0.037 kHz), accepted    38792/   60001 events (64.65%)
Processed    70000/  113057 entries, 61.92% (elapsed time  1917.8s, curr speed    0.036 kHz, avg speed    0.036 kHz), accepted    45309/   70001 events (64.73%)
Processed    80000/  113057 entries, 70.76% (elapsed time  2183.6s, curr speed    0.038 kHz, avg speed    0.037 kHz), accepted    51818/   80001 events (64.77%)
Processed    90000/  113057 entries, 79.61% (elapsed time  2456.3s, curr speed    0.037 kHz, avg speed    0.037 kHz), accepted    58256/   90001 events (64.73%)
Processed   100000/  113057 entries, 88.45% (elapsed time  2716.7s, curr speed    0.038 kHz, avg speed    0.037 kHz), accepted    64818/  100001 events (64.82%)
Processed   110000/  113057 entries, 97.30% (elapsed time  2975.1s, curr speed    0.039 kHz, avg speed    0.037 kHz), accepted    71327/  110001 events (64.84%)
Processed 113057 preselected entries from root://cms-xrd-global.cern.ch//store/mc/Run3Summer22NanoAODv12/Zto2Nu-4Jets_HT-200to400_TuneCP5_13p6TeV_madgraphMLM-pythia8/NANOAODSIM/130X_mcRun3_2022_realistic_v5-v2/40000/6e5e123d-4930-4094-b06c-a0a90dd3ce0f.root (113057 entries). Finally selected 73323 entries
Done ./6e5e123d-4930-4094-b06c-a0a90dd3ce0f_Skim.root
Total time 3195.8 sec. to process 113057 events. Rate = 35.4 Hz.
DONE
/tmp/lfavilla/ZJetsToNuNu_HT200to400_2022/file86
hadd Target file: tree_hadd_86.root
hadd compression setting for all output: 1
hadd Source file 1: tree.root
hadd Source file 2: hist.root
hadd Target path: tree_hadd_86.root:/
hadd Target path: tree_hadd_86.root:/plots
/tmp/lfavilla/ZJetsToNuNu_HT200to400_2022/file86
