Standalone environment set.
/tmp/lfavilla/ZJetsToNuNu_HT200to400_2022/file79
hadd Target file: tree.root
hadd compression setting for all output: 1
hadd Source file 1: ./b63c6390-d9e1-45a6-bc8d-4c0a5bf16eb6_Skim.root
hadd Sources and Target have different compression levels
hadd merging will be slower
hadd Target path: tree.root:/
Will write selected trees to .
Pre-select 68856 entries out of 68856 (100.00%)
Processed    10000/   68856 entries, 14.52% (elapsed time   298.1s, curr speed    0.034 kHz, avg speed    0.034 kHz), accepted     6367/   10001 events (63.66%)
Processed    20000/   68856 entries, 29.05% (elapsed time   578.3s, curr speed    0.036 kHz, avg speed    0.035 kHz), accepted    12860/   20001 events (64.30%)
Processed    30000/   68856 entries, 43.57% (elapsed time   855.9s, curr speed    0.036 kHz, avg speed    0.035 kHz), accepted    19272/   30001 events (64.24%)
Processed    40000/   68856 entries, 58.09% (elapsed time  1137.6s, curr speed    0.036 kHz, avg speed    0.035 kHz), accepted    25703/   40001 events (64.26%)
Processed    50000/   68856 entries, 72.62% (elapsed time  1415.9s, curr speed    0.036 kHz, avg speed    0.035 kHz), accepted    32109/   50001 events (64.22%)
Processed    60000/   68856 entries, 87.14% (elapsed time  1698.2s, curr speed    0.035 kHz, avg speed    0.035 kHz), accepted    38513/   60001 events (64.19%)
Processed 68856 preselected entries from root://cms-xrd-global.cern.ch//store/mc/Run3Summer22NanoAODv12/Zto2Nu-4Jets_HT-200to400_TuneCP5_13p6TeV_madgraphMLM-pythia8/NANOAODSIM/130X_mcRun3_2022_realistic_v5-v2/2530000/b63c6390-d9e1-45a6-bc8d-4c0a5bf16eb6.root (68856 entries). Finally selected 44345 entries
Done ./b63c6390-d9e1-45a6-bc8d-4c0a5bf16eb6_Skim.root
Total time 2067.3 sec. to process 68856 events. Rate = 33.3 Hz.
DONE
/tmp/lfavilla/ZJetsToNuNu_HT200to400_2022/file79
hadd Target file: tree_hadd_79.root
hadd compression setting for all output: 1
hadd Source file 1: tree.root
hadd Source file 2: hist.root
hadd Target path: tree_hadd_79.root:/
hadd Target path: tree_hadd_79.root:/plots
/tmp/lfavilla/ZJetsToNuNu_HT200to400_2022/file79
