Standalone environment set.
/tmp/lfavilla/ZJetsToNuNu_HT200to400_2022/file186
hadd Target file: tree.root
hadd compression setting for all output: 1
hadd Source file 1: ./ab707272-ed64-44ef-9bbf-9b2e17e7fca6_Skim.root
hadd Sources and Target have different compression levels
hadd merging will be slower
hadd Target path: tree.root:/
Will write selected trees to .
Pre-select 1647 entries out of 1647 (100.00%)
Processed 1647 preselected entries from root://cms-xrd-global.cern.ch//store/mc/Run3Summer22NanoAODv12/Zto2Nu-4Jets_HT-200to400_TuneCP5_13p6TeV_madgraphMLM-pythia8/NANOAODSIM/130X_mcRun3_2022_realistic_v5-v2/2520000/ab707272-ed64-44ef-9bbf-9b2e17e7fca6.root (1647 entries). Finally selected 1105 entries
Done ./ab707272-ed64-44ef-9bbf-9b2e17e7fca6_Skim.root
Total time 87.5 sec. to process 1647 events. Rate = 18.8 Hz.
DONE
/tmp/lfavilla/ZJetsToNuNu_HT200to400_2022/file186
hadd Target file: tree_hadd_186.root
hadd compression setting for all output: 1
hadd Source file 1: tree.root
hadd Source file 2: hist.root
hadd Target path: tree_hadd_186.root:/
hadd Target path: tree_hadd_186.root:/plots
/tmp/lfavilla/ZJetsToNuNu_HT200to400_2022/file186
