Standalone environment set.
/tmp/lfavilla/ZJetsToNuNu_HT200to400_2022/file206
hadd Target file: tree.root
hadd compression setting for all output: 1
hadd Source file 1: ./378f26aa-6a68-4144-808d-992c7b47da2c_Skim.root
hadd Sources and Target have different compression levels
hadd merging will be slower
hadd Target path: tree.root:/
Will write selected trees to .
Pre-select 145195 entries out of 145195 (100.00%)
Processed    10000/  145195 entries,  6.89% (elapsed time   255.4s, curr speed    0.039 kHz, avg speed    0.039 kHz), accepted     6447/   10001 events (64.46%)
Processed    20000/  145195 entries, 13.77% (elapsed time   504.7s, curr speed    0.040 kHz, avg speed    0.040 kHz), accepted    12861/   20001 events (64.30%)
Processed    30000/  145195 entries, 20.66% (elapsed time   752.1s, curr speed    0.040 kHz, avg speed    0.040 kHz), accepted    19313/   30001 events (64.37%)
Processed    40000/  145195 entries, 27.55% (elapsed time  1007.1s, curr speed    0.039 kHz, avg speed    0.040 kHz), accepted    25709/   40001 events (64.27%)
Processed    50000/  145195 entries, 34.44% (elapsed time  1265.9s, curr speed    0.039 kHz, avg speed    0.039 kHz), accepted    32132/   50001 events (64.26%)
Processed    60000/  145195 entries, 41.32% (elapsed time  1533.3s, curr speed    0.037 kHz, avg speed    0.039 kHz), accepted    38604/   60001 events (64.34%)
Processed    70000/  145195 entries, 48.21% (elapsed time  1775.4s, curr speed    0.041 kHz, avg speed    0.039 kHz), accepted    45082/   70001 events (64.40%)
Processed    80000/  145195 entries, 55.10% (elapsed time  2032.8s, curr speed    0.039 kHz, avg speed    0.039 kHz), accepted    51546/   80001 events (64.43%)
Processed    90000/  145195 entries, 61.99% (elapsed time  2284.1s, curr speed    0.040 kHz, avg speed    0.039 kHz), accepted    58004/   90001 events (64.45%)
Processed   100000/  145195 entries, 68.87% (elapsed time  2557.5s, curr speed    0.037 kHz, avg speed    0.039 kHz), accepted    64505/  100001 events (64.50%)
Processed   110000/  145195 entries, 75.76% (elapsed time  2833.3s, curr speed    0.036 kHz, avg speed    0.039 kHz), accepted    71006/  110001 events (64.55%)
Processed   120000/  145195 entries, 82.65% (elapsed time  3102.4s, curr speed    0.037 kHz, avg speed    0.039 kHz), accepted    77425/  120001 events (64.52%)
Processed   130000/  145195 entries, 89.53% (elapsed time  3340.0s, curr speed    0.042 kHz, avg speed    0.039 kHz), accepted    83889/  130001 events (64.53%)
Processed   140000/  145195 entries, 96.42% (elapsed time  3619.4s, curr speed    0.036 kHz, avg speed    0.039 kHz), accepted    90410/  140001 events (64.58%)
Processed 145195 preselected entries from root://cms-xrd-global.cern.ch//store/mc/Run3Summer22NanoAODv12/Zto2Nu-4Jets_HT-200to400_TuneCP5_13p6TeV_madgraphMLM-pythia8/NANOAODSIM/130X_mcRun3_2022_realistic_v5-v2/2540000/378f26aa-6a68-4144-808d-992c7b47da2c.root (145195 entries). Finally selected 93826 entries
Done ./378f26aa-6a68-4144-808d-992c7b47da2c_Skim.root
Total time 3937.5 sec. to process 145195 events. Rate = 36.9 Hz.
DONE
/tmp/lfavilla/ZJetsToNuNu_HT200to400_2022/file206
hadd Target file: tree_hadd_206.root
hadd compression setting for all output: 1
hadd Source file 1: tree.root
hadd Source file 2: hist.root
hadd Target path: tree_hadd_206.root:/
hadd Target path: tree_hadd_206.root:/plots
/tmp/lfavilla/ZJetsToNuNu_HT200to400_2022/file206
