Standalone environment set.
/tmp/lfavilla/ZJetsToNuNu_HT200to400_2022/file95
hadd Target file: tree.root
hadd compression setting for all output: 1
hadd Source file 1: ./4920d29b-6c69-4427-8e8e-f9cf19b5865e_Skim.root
hadd Sources and Target have different compression levels
hadd merging will be slower
hadd Target path: tree.root:/
Will write selected trees to .
Pre-select 36419 entries out of 36419 (100.00%)
Processed    10000/   36419 entries, 27.46% (elapsed time   333.1s, curr speed    0.030 kHz, avg speed    0.030 kHz), accepted     6499/   10001 events (64.98%)
Processed    20000/   36419 entries, 54.92% (elapsed time   657.6s, curr speed    0.031 kHz, avg speed    0.030 kHz), accepted    12962/   20001 events (64.81%)
Processed    30000/   36419 entries, 82.37% (elapsed time   987.0s, curr speed    0.030 kHz, avg speed    0.030 kHz), accepted    19378/   30001 events (64.59%)
Processed 36419 preselected entries from root://cms-xrd-global.cern.ch//store/mc/Run3Summer22NanoAODv12/Zto2Nu-4Jets_HT-200to400_TuneCP5_13p6TeV_madgraphMLM-pythia8/NANOAODSIM/130X_mcRun3_2022_realistic_v5-v2/2530000/4920d29b-6c69-4427-8e8e-f9cf19b5865e.root (36419 entries). Finally selected 23551 entries
Done ./4920d29b-6c69-4427-8e8e-f9cf19b5865e_Skim.root
Total time 1286.8 sec. to process 36419 events. Rate = 28.3 Hz.
DONE
/tmp/lfavilla/ZJetsToNuNu_HT200to400_2022/file95
hadd Target file: tree_hadd_95.root
hadd compression setting for all output: 1
hadd Source file 1: tree.root
hadd Source file 2: hist.root
hadd Target path: tree_hadd_95.root:/
hadd Target path: tree_hadd_95.root:/plots
/tmp/lfavilla/ZJetsToNuNu_HT200to400_2022/file95
