Standalone environment set.
/tmp/lfavilla/ZJetsToNuNu_HT200to400_2022/file153
hadd Target file: tree.root
hadd compression setting for all output: 1
hadd Source file 1: ./8c704ba7-724d-4756-8068-16daddb9bd4e_Skim.root
hadd Sources and Target have different compression levels
hadd merging will be slower
hadd Target path: tree.root:/
Will write selected trees to .
Pre-select 48621 entries out of 48621 (100.00%)
Processed    10000/   48621 entries, 20.57% (elapsed time   311.8s, curr speed    0.032 kHz, avg speed    0.032 kHz), accepted     6527/   10001 events (65.26%)
Processed    20000/   48621 entries, 41.13% (elapsed time   612.6s, curr speed    0.033 kHz, avg speed    0.033 kHz), accepted    13009/   20001 events (65.04%)
Processed    30000/   48621 entries, 61.70% (elapsed time   925.9s, curr speed    0.032 kHz, avg speed    0.032 kHz), accepted    19468/   30001 events (64.89%)
Processed    40000/   48621 entries, 82.27% (elapsed time  1229.2s, curr speed    0.033 kHz, avg speed    0.033 kHz), accepted    25976/   40001 events (64.94%)
Processed 48621 preselected entries from root://cms-xrd-global.cern.ch//store/mc/Run3Summer22NanoAODv12/Zto2Nu-4Jets_HT-200to400_TuneCP5_13p6TeV_madgraphMLM-pythia8/NANOAODSIM/130X_mcRun3_2022_realistic_v5-v2/2540000/8c704ba7-724d-4756-8068-16daddb9bd4e.root (48621 entries). Finally selected 31560 entries
Done ./8c704ba7-724d-4756-8068-16daddb9bd4e_Skim.root
Total time 1573.2 sec. to process 48621 events. Rate = 30.9 Hz.
DONE
/tmp/lfavilla/ZJetsToNuNu_HT200to400_2022/file153
hadd Target file: tree_hadd_153.root
hadd compression setting for all output: 1
hadd Source file 1: tree.root
hadd Source file 2: hist.root
hadd Target path: tree_hadd_153.root:/
hadd Target path: tree_hadd_153.root:/plots
/tmp/lfavilla/ZJetsToNuNu_HT200to400_2022/file153
