Standalone environment set.
/tmp/lfavilla/ZJetsToNuNu_HT200to400_2022/file115
hadd Target file: tree.root
hadd compression setting for all output: 1
hadd Source file 1: ./54aa1df5-c955-40e6-a94e-407e586b1141_Skim.root
hadd Sources and Target have different compression levels
hadd merging will be slower
hadd Target path: tree.root:/
Will write selected trees to .
Pre-select 155454 entries out of 155454 (100.00%)
Processed    10000/  155454 entries,  6.43% (elapsed time   298.7s, curr speed    0.033 kHz, avg speed    0.033 kHz), accepted     6463/   10001 events (64.62%)
Processed    20000/  155454 entries, 12.87% (elapsed time   592.3s, curr speed    0.034 kHz, avg speed    0.034 kHz), accepted    12879/   20001 events (64.39%)
Processed    30000/  155454 entries, 19.30% (elapsed time   906.4s, curr speed    0.032 kHz, avg speed    0.033 kHz), accepted    19280/   30001 events (64.26%)
Processed    40000/  155454 entries, 25.73% (elapsed time  1197.0s, curr speed    0.034 kHz, avg speed    0.033 kHz), accepted    25663/   40001 events (64.16%)
Processed    50000/  155454 entries, 32.16% (elapsed time  1495.8s, curr speed    0.033 kHz, avg speed    0.033 kHz), accepted    32182/   50001 events (64.36%)
Processed    60000/  155454 entries, 38.60% (elapsed time  1789.4s, curr speed    0.034 kHz, avg speed    0.034 kHz), accepted    38663/   60001 events (64.44%)
Processed    70000/  155454 entries, 45.03% (elapsed time  2084.3s, curr speed    0.034 kHz, avg speed    0.034 kHz), accepted    45131/   70001 events (64.47%)
Processed    80000/  155454 entries, 51.46% (elapsed time  2370.0s, curr speed    0.035 kHz, avg speed    0.034 kHz), accepted    51569/   80001 events (64.46%)
Processed    90000/  155454 entries, 57.89% (elapsed time  2683.0s, curr speed    0.032 kHz, avg speed    0.034 kHz), accepted    57983/   90001 events (64.42%)
Processed   100000/  155454 entries, 64.33% (elapsed time  2972.7s, curr speed    0.035 kHz, avg speed    0.034 kHz), accepted    64428/  100001 events (64.43%)
Processed   110000/  155454 entries, 70.76% (elapsed time  3262.3s, curr speed    0.035 kHz, avg speed    0.034 kHz), accepted    70905/  110001 events (64.46%)
Processed   120000/  155454 entries, 77.19% (elapsed time  3546.4s, curr speed    0.035 kHz, avg speed    0.034 kHz), accepted    77419/  120001 events (64.52%)
Processed   130000/  155454 entries, 83.63% (elapsed time  3829.6s, curr speed    0.035 kHz, avg speed    0.034 kHz), accepted    83816/  130001 events (64.47%)
Processed   140000/  155454 entries, 90.06% (elapsed time  4112.1s, curr speed    0.035 kHz, avg speed    0.034 kHz), accepted    90359/  140001 events (64.54%)
Processed   150000/  155454 entries, 96.49% (elapsed time  4394.0s, curr speed    0.035 kHz, avg speed    0.034 kHz), accepted    96827/  150001 events (64.55%)
Processed 155454 preselected entries from root://cms-xrd-global.cern.ch//store/mc/Run3Summer22NanoAODv12/Zto2Nu-4Jets_HT-200to400_TuneCP5_13p6TeV_madgraphMLM-pythia8/NANOAODSIM/130X_mcRun3_2022_realistic_v5-v2/40000/54aa1df5-c955-40e6-a94e-407e586b1141.root (155454 entries). Finally selected 100284 entries
Done ./54aa1df5-c955-40e6-a94e-407e586b1141_Skim.root
Total time 4789.8 sec. to process 155454 events. Rate = 32.5 Hz.
DONE
/tmp/lfavilla/ZJetsToNuNu_HT200to400_2022/file115
hadd Target file: tree_hadd_115.root
hadd compression setting for all output: 1
hadd Source file 1: tree.root
hadd Source file 2: hist.root
hadd Target path: tree_hadd_115.root:/
hadd Target path: tree_hadd_115.root:/plots
/tmp/lfavilla/ZJetsToNuNu_HT200to400_2022/file115
