Standalone environment set.
/tmp/lfavilla/ZJetsToNuNu_HT200to400_2022/file56
hadd Target file: tree.root
hadd compression setting for all output: 1
hadd Source file 1: ./7eac65b5-615a-4511-8d37-a548948d6317_Skim.root
hadd Sources and Target have different compression levels
hadd merging will be slower
hadd Target path: tree.root:/
Will write selected trees to .
Pre-select 151223 entries out of 151223 (100.00%)
Processed    10000/  151223 entries,  6.61% (elapsed time   273.6s, curr speed    0.037 kHz, avg speed    0.037 kHz), accepted     6508/   10001 events (65.07%)
Processed    20000/  151223 entries, 13.23% (elapsed time   534.8s, curr speed    0.038 kHz, avg speed    0.037 kHz), accepted    12994/   20001 events (64.97%)
Processed    30000/  151223 entries, 19.84% (elapsed time   809.9s, curr speed    0.036 kHz, avg speed    0.037 kHz), accepted    19497/   30001 events (64.99%)
Processed    40000/  151223 entries, 26.45% (elapsed time  1085.0s, curr speed    0.036 kHz, avg speed    0.037 kHz), accepted    25946/   40001 events (64.86%)
Processed    50000/  151223 entries, 33.06% (elapsed time  1372.3s, curr speed    0.035 kHz, avg speed    0.036 kHz), accepted    32411/   50001 events (64.82%)
Processed    60000/  151223 entries, 39.68% (elapsed time  1656.6s, curr speed    0.035 kHz, avg speed    0.036 kHz), accepted    38933/   60001 events (64.89%)
Processed    70000/  151223 entries, 46.29% (elapsed time  1948.3s, curr speed    0.034 kHz, avg speed    0.036 kHz), accepted    45450/   70001 events (64.93%)
Processed    80000/  151223 entries, 52.90% (elapsed time  2230.7s, curr speed    0.035 kHz, avg speed    0.036 kHz), accepted    51871/   80001 events (64.84%)
Processed    90000/  151223 entries, 59.51% (elapsed time  2520.2s, curr speed    0.035 kHz, avg speed    0.036 kHz), accepted    58433/   90001 events (64.92%)
Processed   100000/  151223 entries, 66.13% (elapsed time  2812.1s, curr speed    0.034 kHz, avg speed    0.036 kHz), accepted    64935/  100001 events (64.93%)
Processed   110000/  151223 entries, 72.74% (elapsed time  3094.3s, curr speed    0.035 kHz, avg speed    0.036 kHz), accepted    71423/  110001 events (64.93%)
Processed   120000/  151223 entries, 79.35% (elapsed time  3359.8s, curr speed    0.038 kHz, avg speed    0.036 kHz), accepted    77911/  120001 events (64.93%)
Processed   130000/  151223 entries, 85.97% (elapsed time  3631.7s, curr speed    0.037 kHz, avg speed    0.036 kHz), accepted    84399/  130001 events (64.92%)
Processed   140000/  151223 entries, 92.58% (elapsed time  3909.9s, curr speed    0.036 kHz, avg speed    0.036 kHz), accepted    90870/  140001 events (64.91%)
Processed   150000/  151223 entries, 99.19% (elapsed time  4178.9s, curr speed    0.037 kHz, avg speed    0.036 kHz), accepted    97304/  150001 events (64.87%)
Processed 151223 preselected entries from root://cms-xrd-global.cern.ch//store/mc/Run3Summer22NanoAODv12/Zto2Nu-4Jets_HT-200to400_TuneCP5_13p6TeV_madgraphMLM-pythia8/NANOAODSIM/130X_mcRun3_2022_realistic_v5-v2/2540000/7eac65b5-615a-4511-8d37-a548948d6317.root (151223 entries). Finally selected 98076 entries
Done ./7eac65b5-615a-4511-8d37-a548948d6317_Skim.root
Total time 4415.7 sec. to process 151223 events. Rate = 34.2 Hz.
DONE
/tmp/lfavilla/ZJetsToNuNu_HT200to400_2022/file56
hadd Target file: tree_hadd_56.root
hadd compression setting for all output: 1
hadd Source file 1: tree.root
hadd Source file 2: hist.root
hadd Target path: tree_hadd_56.root:/
hadd Target path: tree_hadd_56.root:/plots
/tmp/lfavilla/ZJetsToNuNu_HT200to400_2022/file56
