Standalone environment set.
/tmp/lfavilla/ZJetsToNuNu_HT200to400_2022/file172
hadd Target file: tree.root
hadd compression setting for all output: 1
hadd Source file 1: ./da4617c0-2edb-4eb5-8a32-0baac9de89de_Skim.root
hadd Sources and Target have different compression levels
hadd merging will be slower
hadd Target path: tree.root:/
Will write selected trees to .
Pre-select 541 entries out of 541 (100.00%)
Processed 541 preselected entries from root://cms-xrd-global.cern.ch//store/mc/Run3Summer22NanoAODv12/Zto2Nu-4Jets_HT-200to400_TuneCP5_13p6TeV_madgraphMLM-pythia8/NANOAODSIM/130X_mcRun3_2022_realistic_v5-v2/50000/da4617c0-2edb-4eb5-8a32-0baac9de89de.root (541 entries). Finally selected 354 entries
Done ./da4617c0-2edb-4eb5-8a32-0baac9de89de_Skim.root
Total time 43.3 sec. to process 541 events. Rate = 12.5 Hz.
DONE
/tmp/lfavilla/ZJetsToNuNu_HT200to400_2022/file172
hadd Target file: tree_hadd_172.root
hadd compression setting for all output: 1
hadd Source file 1: tree.root
hadd Source file 2: hist.root
hadd Target path: tree_hadd_172.root:/
hadd Target path: tree_hadd_172.root:/plots
/tmp/lfavilla/ZJetsToNuNu_HT200to400_2022/file172
