Standalone environment set.
/tmp/lfavilla/ZJetsToNuNu_HT200to400_2022/file63
hadd Target file: tree.root
hadd compression setting for all output: 1
hadd Source file 1: ./5d40df45-2731-4832-9ac4-d3f348d3c2a0_Skim.root
hadd Sources and Target have different compression levels
hadd merging will be slower
hadd Target path: tree.root:/
Will write selected trees to .
Pre-select 151534 entries out of 151534 (100.00%)
Processed    10000/  151534 entries,  6.60% (elapsed time   268.7s, curr speed    0.037 kHz, avg speed    0.037 kHz), accepted     6390/   10001 events (63.89%)
Processed    20000/  151534 entries, 13.20% (elapsed time   527.9s, curr speed    0.039 kHz, avg speed    0.038 kHz), accepted    12878/   20001 events (64.39%)
Processed    30000/  151534 entries, 19.80% (elapsed time   788.6s, curr speed    0.038 kHz, avg speed    0.038 kHz), accepted    19332/   30001 events (64.44%)
Processed    40000/  151534 entries, 26.40% (elapsed time  1069.2s, curr speed    0.036 kHz, avg speed    0.037 kHz), accepted    25837/   40001 events (64.59%)
Processed    50000/  151534 entries, 33.00% (elapsed time  1359.3s, curr speed    0.034 kHz, avg speed    0.037 kHz), accepted    32312/   50001 events (64.62%)
Processed    60000/  151534 entries, 39.60% (elapsed time  1640.2s, curr speed    0.036 kHz, avg speed    0.037 kHz), accepted    38783/   60001 events (64.64%)
Processed    70000/  151534 entries, 46.19% (elapsed time  1924.9s, curr speed    0.035 kHz, avg speed    0.036 kHz), accepted    45305/   70001 events (64.72%)
Processed    80000/  151534 entries, 52.79% (elapsed time  2206.4s, curr speed    0.036 kHz, avg speed    0.036 kHz), accepted    51733/   80001 events (64.67%)
Processed    90000/  151534 entries, 59.39% (elapsed time  2501.6s, curr speed    0.034 kHz, avg speed    0.036 kHz), accepted    58258/   90001 events (64.73%)
Processed   100000/  151534 entries, 65.99% (elapsed time  2790.3s, curr speed    0.035 kHz, avg speed    0.036 kHz), accepted    64688/  100001 events (64.69%)
Processed   110000/  151534 entries, 72.59% (elapsed time  3076.3s, curr speed    0.035 kHz, avg speed    0.036 kHz), accepted    71188/  110001 events (64.72%)
Processed   120000/  151534 entries, 79.19% (elapsed time  3371.7s, curr speed    0.034 kHz, avg speed    0.036 kHz), accepted    77652/  120001 events (64.71%)
Processed   130000/  151534 entries, 85.79% (elapsed time  3654.6s, curr speed    0.035 kHz, avg speed    0.036 kHz), accepted    84118/  130001 events (64.71%)
Processed   140000/  151534 entries, 92.39% (elapsed time  3912.9s, curr speed    0.039 kHz, avg speed    0.036 kHz), accepted    90625/  140001 events (64.73%)
Processed   150000/  151534 entries, 98.99% (elapsed time  4190.4s, curr speed    0.036 kHz, avg speed    0.036 kHz), accepted    97124/  150001 events (64.75%)
Processed 151534 preselected entries from root://cms-xrd-global.cern.ch//store/mc/Run3Summer22NanoAODv12/Zto2Nu-4Jets_HT-200to400_TuneCP5_13p6TeV_madgraphMLM-pythia8/NANOAODSIM/130X_mcRun3_2022_realistic_v5-v2/2540000/5d40df45-2731-4832-9ac4-d3f348d3c2a0.root (151534 entries). Finally selected 98128 entries
Done ./5d40df45-2731-4832-9ac4-d3f348d3c2a0_Skim.root
Total time 4452.2 sec. to process 151534 events. Rate = 34.0 Hz.
DONE
/tmp/lfavilla/ZJetsToNuNu_HT200to400_2022/file63
hadd Target file: tree_hadd_63.root
hadd compression setting for all output: 1
hadd Source file 1: tree.root
hadd Source file 2: hist.root
hadd Target path: tree_hadd_63.root:/
hadd Target path: tree_hadd_63.root:/plots
/tmp/lfavilla/ZJetsToNuNu_HT200to400_2022/file63
