Standalone environment set.
/tmp/lfavilla/ZJetsToNuNu_HT200to400_2022/file62
hadd Target file: tree.root
hadd compression setting for all output: 1
hadd Source file 1: ./d495890d-58dd-439c-8298-e5fe13906118_Skim.root
hadd Sources and Target have different compression levels
hadd merging will be slower
hadd Target path: tree.root:/
Will write selected trees to .
Pre-select 98733 entries out of 98733 (100.00%)
Processed    10000/   98733 entries, 10.13% (elapsed time   266.8s, curr speed    0.037 kHz, avg speed    0.037 kHz), accepted     6455/   10001 events (64.54%)
Processed    20000/   98733 entries, 20.26% (elapsed time   527.9s, curr speed    0.038 kHz, avg speed    0.038 kHz), accepted    12989/   20001 events (64.94%)
Processed    30000/   98733 entries, 30.38% (elapsed time   811.2s, curr speed    0.035 kHz, avg speed    0.037 kHz), accepted    19446/   30001 events (64.82%)
Processed    40000/   98733 entries, 40.51% (elapsed time  1091.8s, curr speed    0.036 kHz, avg speed    0.037 kHz), accepted    25930/   40001 events (64.82%)
Processed    50000/   98733 entries, 50.64% (elapsed time  1373.3s, curr speed    0.036 kHz, avg speed    0.036 kHz), accepted    32417/   50001 events (64.83%)
Processed    60000/   98733 entries, 60.77% (elapsed time  1655.2s, curr speed    0.035 kHz, avg speed    0.036 kHz), accepted    38775/   60001 events (64.62%)
Processed    70000/   98733 entries, 70.90% (elapsed time  1943.2s, curr speed    0.035 kHz, avg speed    0.036 kHz), accepted    45208/   70001 events (64.58%)
Processed    80000/   98733 entries, 81.03% (elapsed time  2232.0s, curr speed    0.035 kHz, avg speed    0.036 kHz), accepted    51809/   80001 events (64.76%)
Processed    90000/   98733 entries, 91.15% (elapsed time  2559.7s, curr speed    0.031 kHz, avg speed    0.035 kHz), accepted    58284/   90001 events (64.76%)
Processed 98733 preselected entries from root://cms-xrd-global.cern.ch//store/mc/Run3Summer22NanoAODv12/Zto2Nu-4Jets_HT-200to400_TuneCP5_13p6TeV_madgraphMLM-pythia8/NANOAODSIM/130X_mcRun3_2022_realistic_v5-v2/30000/d495890d-58dd-439c-8298-e5fe13906118.root (98733 entries). Finally selected 63960 entries
Done ./d495890d-58dd-439c-8298-e5fe13906118_Skim.root
Total time 2933.2 sec. to process 98733 events. Rate = 33.7 Hz.
DONE
/tmp/lfavilla/ZJetsToNuNu_HT200to400_2022/file62
hadd Target file: tree_hadd_62.root
hadd compression setting for all output: 1
hadd Source file 1: tree.root
hadd Source file 2: hist.root
hadd Target path: tree_hadd_62.root:/
hadd Target path: tree_hadd_62.root:/plots
/tmp/lfavilla/ZJetsToNuNu_HT200to400_2022/file62
