Standalone environment set.
/tmp/lfavilla/ZJetsToNuNu_HT200to400_2022/file39
hadd Target file: tree.root
hadd compression setting for all output: 1
hadd Source file 1: ./4dc83bd7-e052-46e7-9710-583ba0dcf56e_Skim.root
hadd Sources and Target have different compression levels
hadd merging will be slower
hadd Target path: tree.root:/
Will write selected trees to .
Pre-select 117025 entries out of 117025 (100.00%)
Processed    10000/  117025 entries,  8.55% (elapsed time   318.2s, curr speed    0.031 kHz, avg speed    0.031 kHz), accepted     6519/   10001 events (65.18%)
Processed    20000/  117025 entries, 17.09% (elapsed time   682.7s, curr speed    0.027 kHz, avg speed    0.029 kHz), accepted    13013/   20001 events (65.06%)
Processed    30000/  117025 entries, 25.64% (elapsed time  1035.6s, curr speed    0.028 kHz, avg speed    0.029 kHz), accepted    19511/   30001 events (65.03%)
Processed    40000/  117025 entries, 34.18% (elapsed time  1413.1s, curr speed    0.026 kHz, avg speed    0.028 kHz), accepted    25951/   40001 events (64.88%)
Processed    50000/  117025 entries, 42.73% (elapsed time  1794.3s, curr speed    0.026 kHz, avg speed    0.028 kHz), accepted    32390/   50001 events (64.78%)
Processed    60000/  117025 entries, 51.27% (elapsed time  2102.1s, curr speed    0.032 kHz, avg speed    0.029 kHz), accepted    38813/   60001 events (64.69%)
Processed    70000/  117025 entries, 59.82% (elapsed time  2399.8s, curr speed    0.034 kHz, avg speed    0.029 kHz), accepted    45224/   70001 events (64.60%)
Processed    80000/  117025 entries, 68.36% (elapsed time  2696.0s, curr speed    0.034 kHz, avg speed    0.030 kHz), accepted    51803/   80001 events (64.75%)
Processed    90000/  117025 entries, 76.91% (elapsed time  2998.3s, curr speed    0.033 kHz, avg speed    0.030 kHz), accepted    58295/   90001 events (64.77%)
Processed   100000/  117025 entries, 85.45% (elapsed time  3292.7s, curr speed    0.034 kHz, avg speed    0.030 kHz), accepted    64714/  100001 events (64.71%)
Processed   110000/  117025 entries, 94.00% (elapsed time  3588.2s, curr speed    0.034 kHz, avg speed    0.031 kHz), accepted    71248/  110001 events (64.77%)
Processed 117025 preselected entries from root://cms-xrd-global.cern.ch//store/mc/Run3Summer22NanoAODv12/Zto2Nu-4Jets_HT-200to400_TuneCP5_13p6TeV_madgraphMLM-pythia8/NANOAODSIM/130X_mcRun3_2022_realistic_v5-v2/40000/4dc83bd7-e052-46e7-9710-583ba0dcf56e.root (117025 entries). Finally selected 75785 entries
Done ./4dc83bd7-e052-46e7-9710-583ba0dcf56e_Skim.root
Total time 3956.6 sec. to process 117025 events. Rate = 29.6 Hz.
DONE
/tmp/lfavilla/ZJetsToNuNu_HT200to400_2022/file39
hadd Target file: tree_hadd_39.root
hadd compression setting for all output: 1
hadd Source file 1: tree.root
hadd Source file 2: hist.root
hadd Target path: tree_hadd_39.root:/
hadd Target path: tree_hadd_39.root:/plots
/tmp/lfavilla/ZJetsToNuNu_HT200to400_2022/file39
