Standalone environment set.
/tmp/lfavilla/ZJetsToNuNu_HT200to400_2022/file192
hadd Target file: tree.root
hadd compression setting for all output: 1
hadd Source file 1: ./88f9c140-e71b-4cd8-ae0f-40ed2ad69059_Skim.root
hadd Sources and Target have different compression levels
hadd merging will be slower
hadd Target path: tree.root:/
Will write selected trees to .
Pre-select 59602 entries out of 59602 (100.00%)
Processed    10000/   59602 entries, 16.78% (elapsed time   263.8s, curr speed    0.038 kHz, avg speed    0.038 kHz), accepted     6406/   10001 events (64.05%)
Processed    20000/   59602 entries, 33.56% (elapsed time   520.0s, curr speed    0.039 kHz, avg speed    0.038 kHz), accepted    12842/   20001 events (64.21%)
Processed    30000/   59602 entries, 50.33% (elapsed time   782.1s, curr speed    0.038 kHz, avg speed    0.038 kHz), accepted    19332/   30001 events (64.44%)
Processed    40000/   59602 entries, 67.11% (elapsed time  1051.0s, curr speed    0.037 kHz, avg speed    0.038 kHz), accepted    25794/   40001 events (64.48%)
Processed    50000/   59602 entries, 83.89% (elapsed time  1311.9s, curr speed    0.038 kHz, avg speed    0.038 kHz), accepted    32261/   50001 events (64.52%)
Processed 59602 preselected entries from root://cms-xrd-global.cern.ch//store/mc/Run3Summer22NanoAODv12/Zto2Nu-4Jets_HT-200to400_TuneCP5_13p6TeV_madgraphMLM-pythia8/NANOAODSIM/130X_mcRun3_2022_realistic_v5-v2/30000/88f9c140-e71b-4cd8-ae0f-40ed2ad69059.root (59602 entries). Finally selected 38400 entries
Done ./88f9c140-e71b-4cd8-ae0f-40ed2ad69059_Skim.root
Total time 1636.2 sec. to process 59602 events. Rate = 36.4 Hz.
DONE
/tmp/lfavilla/ZJetsToNuNu_HT200to400_2022/file192
hadd Target file: tree_hadd_192.root
hadd compression setting for all output: 1
hadd Source file 1: tree.root
hadd Source file 2: hist.root
hadd Target path: tree_hadd_192.root:/
hadd Target path: tree_hadd_192.root:/plots
/tmp/lfavilla/ZJetsToNuNu_HT200to400_2022/file192
