Standalone environment set.
/tmp/lfavilla/ZJetsToNuNu_HT200to400_2022/file158
hadd Target file: tree.root
hadd compression setting for all output: 1
hadd Source file 1: ./1da5a711-69e6-482a-8058-2ed6fd68bc80_Skim.root
hadd Sources and Target have different compression levels
hadd merging will be slower
hadd Target path: tree.root:/
Will write selected trees to .
Pre-select 120292 entries out of 120292 (100.00%)
Processed    10000/  120292 entries,  8.31% (elapsed time   258.1s, curr speed    0.039 kHz, avg speed    0.039 kHz), accepted     6438/   10001 events (64.37%)
Processed    20000/  120292 entries, 16.63% (elapsed time   494.5s, curr speed    0.042 kHz, avg speed    0.040 kHz), accepted    12843/   20001 events (64.21%)
Processed    30000/  120292 entries, 24.94% (elapsed time   754.4s, curr speed    0.038 kHz, avg speed    0.040 kHz), accepted    19303/   30001 events (64.34%)
Processed    40000/  120292 entries, 33.25% (elapsed time  1005.5s, curr speed    0.040 kHz, avg speed    0.040 kHz), accepted    25779/   40001 events (64.45%)
Processed    50000/  120292 entries, 41.57% (elapsed time  1255.3s, curr speed    0.040 kHz, avg speed    0.040 kHz), accepted    32152/   50001 events (64.30%)
Processed    60000/  120292 entries, 49.88% (elapsed time  1510.2s, curr speed    0.039 kHz, avg speed    0.040 kHz), accepted    38635/   60001 events (64.39%)
Processed    70000/  120292 entries, 58.19% (elapsed time  1756.2s, curr speed    0.041 kHz, avg speed    0.040 kHz), accepted    45233/   70001 events (64.62%)
Processed    80000/  120292 entries, 66.50% (elapsed time  1990.0s, curr speed    0.043 kHz, avg speed    0.040 kHz), accepted    51775/   80001 events (64.72%)
Processed    90000/  120292 entries, 74.82% (elapsed time  2232.4s, curr speed    0.041 kHz, avg speed    0.040 kHz), accepted    58243/   90001 events (64.71%)
Processed   100000/  120292 entries, 83.13% (elapsed time  2479.6s, curr speed    0.040 kHz, avg speed    0.040 kHz), accepted    64784/  100001 events (64.78%)
Processed   110000/  120292 entries, 91.44% (elapsed time  2723.6s, curr speed    0.041 kHz, avg speed    0.040 kHz), accepted    71237/  110001 events (64.76%)
Processed   120000/  120292 entries, 99.76% (elapsed time  2947.5s, curr speed    0.045 kHz, avg speed    0.041 kHz), accepted    77661/  120001 events (64.72%)
Processed 120292 preselected entries from root://cms-xrd-global.cern.ch//store/mc/Run3Summer22NanoAODv12/Zto2Nu-4Jets_HT-200to400_TuneCP5_13p6TeV_madgraphMLM-pythia8/NANOAODSIM/130X_mcRun3_2022_realistic_v5-v2/30000/1da5a711-69e6-482a-8058-2ed6fd68bc80.root (120292 entries). Finally selected 77849 entries
Done ./1da5a711-69e6-482a-8058-2ed6fd68bc80_Skim.root
Total time 3095.4 sec. to process 120292 events. Rate = 38.9 Hz.
DONE
/tmp/lfavilla/ZJetsToNuNu_HT200to400_2022/file158
hadd Target file: tree_hadd_158.root
hadd compression setting for all output: 1
hadd Source file 1: tree.root
hadd Source file 2: hist.root
hadd Target path: tree_hadd_158.root:/
hadd Target path: tree_hadd_158.root:/plots
/tmp/lfavilla/ZJetsToNuNu_HT200to400_2022/file158
