Standalone environment set.
/tmp/lfavilla/ZJetsToNuNu_HT200to400_2022/file18
hadd Target file: tree.root
hadd compression setting for all output: 1
hadd Source file 1: ./38821f8a-2b3e-485a-b9f3-d608932488fc_Skim.root
hadd Sources and Target have different compression levels
hadd merging will be slower
hadd Target path: tree.root:/
Will write selected trees to .
Pre-select 157169 entries out of 157169 (100.00%)
Processed    10000/  157169 entries,  6.36% (elapsed time   270.4s, curr speed    0.037 kHz, avg speed    0.037 kHz), accepted     6300/   10001 events (62.99%)
Processed    20000/  157169 entries, 12.73% (elapsed time   538.3s, curr speed    0.037 kHz, avg speed    0.037 kHz), accepted    12783/   20001 events (63.91%)
Processed    30000/  157169 entries, 19.09% (elapsed time   809.6s, curr speed    0.037 kHz, avg speed    0.037 kHz), accepted    19225/   30001 events (64.08%)
Processed    40000/  157169 entries, 25.45% (elapsed time  1075.8s, curr speed    0.038 kHz, avg speed    0.037 kHz), accepted    25706/   40001 events (64.26%)
Processed    50000/  157169 entries, 31.81% (elapsed time  1365.2s, curr speed    0.035 kHz, avg speed    0.037 kHz), accepted    32159/   50001 events (64.32%)
Processed    60000/  157169 entries, 38.18% (elapsed time  1629.0s, curr speed    0.038 kHz, avg speed    0.037 kHz), accepted    38564/   60001 events (64.27%)
Processed    70000/  157169 entries, 44.54% (elapsed time  1895.6s, curr speed    0.038 kHz, avg speed    0.037 kHz), accepted    45041/   70001 events (64.34%)
Processed    80000/  157169 entries, 50.90% (elapsed time  2160.7s, curr speed    0.038 kHz, avg speed    0.037 kHz), accepted    51473/   80001 events (64.34%)
Processed    90000/  157169 entries, 57.26% (elapsed time  2432.4s, curr speed    0.037 kHz, avg speed    0.037 kHz), accepted    57909/   90001 events (64.34%)
Processed   100000/  157169 entries, 63.63% (elapsed time  2701.1s, curr speed    0.037 kHz, avg speed    0.037 kHz), accepted    64428/  100001 events (64.43%)
Processed   110000/  157169 entries, 69.99% (elapsed time  2961.6s, curr speed    0.038 kHz, avg speed    0.037 kHz), accepted    70870/  110001 events (64.43%)
Processed   120000/  157169 entries, 76.35% (elapsed time  3216.5s, curr speed    0.039 kHz, avg speed    0.037 kHz), accepted    77301/  120001 events (64.42%)
Processed   130000/  157169 entries, 82.71% (elapsed time  3468.4s, curr speed    0.040 kHz, avg speed    0.037 kHz), accepted    83787/  130001 events (64.45%)
Processed   140000/  157169 entries, 89.08% (elapsed time  3720.5s, curr speed    0.040 kHz, avg speed    0.038 kHz), accepted    90161/  140001 events (64.40%)
Processed   150000/  157169 entries, 95.44% (elapsed time  3934.1s, curr speed    0.047 kHz, avg speed    0.038 kHz), accepted    96654/  150001 events (64.44%)
Processed 157169 preselected entries from root://cms-xrd-global.cern.ch//store/mc/Run3Summer22NanoAODv12/Zto2Nu-4Jets_HT-200to400_TuneCP5_13p6TeV_madgraphMLM-pythia8/NANOAODSIM/130X_mcRun3_2022_realistic_v5-v2/30000/38821f8a-2b3e-485a-b9f3-d608932488fc.root (157169 entries). Finally selected 101291 entries
Done ./38821f8a-2b3e-485a-b9f3-d608932488fc_Skim.root
Total time 4320.7 sec. to process 157169 events. Rate = 36.4 Hz.
DONE
/tmp/lfavilla/ZJetsToNuNu_HT200to400_2022/file18
hadd Target file: tree_hadd_18.root
hadd compression setting for all output: 1
hadd Source file 1: tree.root
hadd Source file 2: hist.root
hadd Target path: tree_hadd_18.root:/
hadd Target path: tree_hadd_18.root:/plots
/tmp/lfavilla/ZJetsToNuNu_HT200to400_2022/file18
