Standalone environment set.
/tmp/lfavilla/ZJetsToNuNu_HT200to400_2022/file220
hadd Target file: tree.root
hadd compression setting for all output: 1
hadd Source file 1: ./2499d1df-d07a-4c34-acce-2a0935dd86ea_Skim.root
hadd Sources and Target have different compression levels
hadd merging will be slower
hadd Target path: tree.root:/
Will write selected trees to .
Pre-select 6685 entries out of 6685 (100.00%)
Processed 6685 preselected entries from root://cms-xrd-global.cern.ch//store/mc/Run3Summer22NanoAODv12/Zto2Nu-4Jets_HT-200to400_TuneCP5_13p6TeV_madgraphMLM-pythia8/NANOAODSIM/130X_mcRun3_2022_realistic_v5-v2/2520000/2499d1df-d07a-4c34-acce-2a0935dd86ea.root (6685 entries). Finally selected 4358 entries
Done ./2499d1df-d07a-4c34-acce-2a0935dd86ea_Skim.root
Total time 237.8 sec. to process 6685 events. Rate = 28.1 Hz.
DONE
/tmp/lfavilla/ZJetsToNuNu_HT200to400_2022/file220
hadd Target file: tree_hadd_220.root
hadd compression setting for all output: 1
hadd Source file 1: tree.root
hadd Source file 2: hist.root
hadd Target path: tree_hadd_220.root:/
hadd Target path: tree_hadd_220.root:/plots
/tmp/lfavilla/ZJetsToNuNu_HT200to400_2022/file220
