Standalone environment set.
/tmp/lfavilla/ZJetsToNuNu_HT200to400_2022/file205
hadd Target file: tree.root
hadd compression setting for all output: 1
hadd Source file 1: ./2e0423c7-53d2-4696-9c3c-e2b9dd5f23d3_Skim.root
hadd Sources and Target have different compression levels
hadd merging will be slower
hadd Target path: tree.root:/
Will write selected trees to .
Pre-select 155362 entries out of 155362 (100.00%)
Processed    10000/  155362 entries,  6.44% (elapsed time   289.6s, curr speed    0.035 kHz, avg speed    0.035 kHz), accepted     6453/   10001 events (64.52%)
Processed    20000/  155362 entries, 12.87% (elapsed time   560.9s, curr speed    0.037 kHz, avg speed    0.036 kHz), accepted    12951/   20001 events (64.75%)
Processed    30000/  155362 entries, 19.31% (elapsed time   856.7s, curr speed    0.034 kHz, avg speed    0.035 kHz), accepted    19504/   30001 events (65.01%)
Processed    40000/  155362 entries, 25.75% (elapsed time  1137.3s, curr speed    0.036 kHz, avg speed    0.035 kHz), accepted    25993/   40001 events (64.98%)
Processed    50000/  155362 entries, 32.18% (elapsed time  1408.3s, curr speed    0.037 kHz, avg speed    0.036 kHz), accepted    32435/   50001 events (64.87%)
Processed    60000/  155362 entries, 38.62% (elapsed time  1676.8s, curr speed    0.037 kHz, avg speed    0.036 kHz), accepted    38878/   60001 events (64.80%)
Processed    70000/  155362 entries, 45.06% (elapsed time  1948.9s, curr speed    0.037 kHz, avg speed    0.036 kHz), accepted    45367/   70001 events (64.81%)
Processed    80000/  155362 entries, 51.49% (elapsed time  2231.5s, curr speed    0.035 kHz, avg speed    0.036 kHz), accepted    51826/   80001 events (64.78%)
Processed    90000/  155362 entries, 57.93% (elapsed time  2499.8s, curr speed    0.037 kHz, avg speed    0.036 kHz), accepted    58278/   90001 events (64.75%)
Processed   100000/  155362 entries, 64.37% (elapsed time  2783.6s, curr speed    0.035 kHz, avg speed    0.036 kHz), accepted    64653/  100001 events (64.65%)
Processed   110000/  155362 entries, 70.80% (elapsed time  3051.3s, curr speed    0.037 kHz, avg speed    0.036 kHz), accepted    71140/  110001 events (64.67%)
Processed   120000/  155362 entries, 77.24% (elapsed time  3323.4s, curr speed    0.037 kHz, avg speed    0.036 kHz), accepted    77489/  120001 events (64.57%)
Processed   130000/  155362 entries, 83.68% (elapsed time  3596.7s, curr speed    0.037 kHz, avg speed    0.036 kHz), accepted    83950/  130001 events (64.58%)
Processed   140000/  155362 entries, 90.11% (elapsed time  3865.0s, curr speed    0.037 kHz, avg speed    0.036 kHz), accepted    90465/  140001 events (64.62%)
Processed   150000/  155362 entries, 96.55% (elapsed time  4150.7s, curr speed    0.035 kHz, avg speed    0.036 kHz), accepted    96966/  150001 events (64.64%)
Processed 155362 preselected entries from root://cms-xrd-global.cern.ch//store/mc/Run3Summer22NanoAODv12/Zto2Nu-4Jets_HT-200to400_TuneCP5_13p6TeV_madgraphMLM-pythia8/NANOAODSIM/130X_mcRun3_2022_realistic_v5-v2/2540000/2e0423c7-53d2-4696-9c3c-e2b9dd5f23d3.root (155362 entries). Finally selected 100404 entries
Done ./2e0423c7-53d2-4696-9c3c-e2b9dd5f23d3_Skim.root
Total time 4544.7 sec. to process 155362 events. Rate = 34.2 Hz.
DONE
/tmp/lfavilla/ZJetsToNuNu_HT200to400_2022/file205
hadd Target file: tree_hadd_205.root
hadd compression setting for all output: 1
hadd Source file 1: tree.root
hadd Source file 2: hist.root
hadd Target path: tree_hadd_205.root:/
hadd Target path: tree_hadd_205.root:/plots
/tmp/lfavilla/ZJetsToNuNu_HT200to400_2022/file205
