Standalone environment set.
/tmp/lfavilla/ZJetsToNuNu_HT200to400_2022/file141
hadd Target file: tree.root
hadd compression setting for all output: 1
hadd Source file 1: ./f70eac72-008a-4b51-913f-3feab0a731c9_Skim.root
hadd Sources and Target have different compression levels
hadd merging will be slower
hadd Target path: tree.root:/
Will write selected trees to .
Pre-select 29050 entries out of 29050 (100.00%)
Processed    10000/   29050 entries, 34.42% (elapsed time   289.9s, curr speed    0.034 kHz, avg speed    0.034 kHz), accepted     6495/   10001 events (64.94%)
Processed    20000/   29050 entries, 68.85% (elapsed time   564.0s, curr speed    0.036 kHz, avg speed    0.035 kHz), accepted    12923/   20001 events (64.61%)
Processed 29050 preselected entries from root://cms-xrd-global.cern.ch//store/mc/Run3Summer22NanoAODv12/Zto2Nu-4Jets_HT-200to400_TuneCP5_13p6TeV_madgraphMLM-pythia8/NANOAODSIM/130X_mcRun3_2022_realistic_v5-v2/50000/f70eac72-008a-4b51-913f-3feab0a731c9.root (29050 entries). Finally selected 18737 entries
Done ./f70eac72-008a-4b51-913f-3feab0a731c9_Skim.root
Total time 859.4 sec. to process 29050 events. Rate = 33.8 Hz.
DONE
/tmp/lfavilla/ZJetsToNuNu_HT200to400_2022/file141
hadd Target file: tree_hadd_141.root
hadd compression setting for all output: 1
hadd Source file 1: tree.root
hadd Source file 2: hist.root
hadd Target path: tree_hadd_141.root:/
hadd Target path: tree_hadd_141.root:/plots
/tmp/lfavilla/ZJetsToNuNu_HT200to400_2022/file141
