Standalone environment set.
/tmp/lfavilla/ZJetsToNuNu_HT200to400_2022/file23
hadd Target file: tree.root
hadd compression setting for all output: 1
hadd Source file 1: ./4c781979-37fe-4971-a6c5-15c101a8f76b_Skim.root
hadd Sources and Target have different compression levels
hadd merging will be slower
hadd Target path: tree.root:/
Will write selected trees to .
Pre-select 33213 entries out of 33213 (100.00%)
Processed    10000/   33213 entries, 30.11% (elapsed time   289.4s, curr speed    0.035 kHz, avg speed    0.035 kHz), accepted     6438/   10001 events (64.37%)
Processed    20000/   33213 entries, 60.22% (elapsed time   568.6s, curr speed    0.036 kHz, avg speed    0.035 kHz), accepted    12954/   20001 events (64.77%)
Processed    30000/   33213 entries, 90.33% (elapsed time   853.8s, curr speed    0.035 kHz, avg speed    0.035 kHz), accepted    19360/   30001 events (64.53%)
Processed 33213 preselected entries from root://cms-xrd-global.cern.ch//store/mc/Run3Summer22NanoAODv12/Zto2Nu-4Jets_HT-200to400_TuneCP5_13p6TeV_madgraphMLM-pythia8/NANOAODSIM/130X_mcRun3_2022_realistic_v5-v2/2530000/4c781979-37fe-4971-a6c5-15c101a8f76b.root (33213 entries). Finally selected 21475 entries
Done ./4c781979-37fe-4971-a6c5-15c101a8f76b_Skim.root
Total time 1010.7 sec. to process 33213 events. Rate = 32.9 Hz.
DONE
/tmp/lfavilla/ZJetsToNuNu_HT200to400_2022/file23
hadd Target file: tree_hadd_23.root
hadd compression setting for all output: 1
hadd Source file 1: tree.root
hadd Source file 2: hist.root
hadd Target path: tree_hadd_23.root:/
hadd Target path: tree_hadd_23.root:/plots
/tmp/lfavilla/ZJetsToNuNu_HT200to400_2022/file23
