Standalone environment set.
/tmp/lfavilla/ZJetsToNuNu_HT200to400_2022/file243
hadd Target file: tree.root
hadd compression setting for all output: 1
hadd Source file 1: ./e80ffa78-730a-4216-a97f-5541908c3bac_Skim.root
hadd Sources and Target have different compression levels
hadd merging will be slower
hadd Target path: tree.root:/
Will write selected trees to .
Pre-select 12105 entries out of 12105 (100.00%)
Processed    10000/   12105 entries, 82.61% (elapsed time   280.7s, curr speed    0.036 kHz, avg speed    0.036 kHz), accepted     6412/   10001 events (64.11%)
Processed 12105 preselected entries from root://cms-xrd-global.cern.ch//store/mc/Run3Summer22NanoAODv12/Zto2Nu-4Jets_HT-200to400_TuneCP5_13p6TeV_madgraphMLM-pythia8/NANOAODSIM/130X_mcRun3_2022_realistic_v5-v2/2520000/e80ffa78-730a-4216-a97f-5541908c3bac.root (12105 entries). Finally selected 7776 entries
Done ./e80ffa78-730a-4216-a97f-5541908c3bac_Skim.root
Total time 370.4 sec. to process 12105 events. Rate = 32.7 Hz.
DONE
/tmp/lfavilla/ZJetsToNuNu_HT200to400_2022/file243
hadd Target file: tree_hadd_243.root
hadd compression setting for all output: 1
hadd Source file 1: tree.root
hadd Source file 2: hist.root
hadd Target path: tree_hadd_243.root:/
hadd Target path: tree_hadd_243.root:/plots
/tmp/lfavilla/ZJetsToNuNu_HT200to400_2022/file243
