Standalone environment set.
/tmp/lfavilla/ZJetsToNuNu_HT200to400_2022/file227
hadd Target file: tree.root
hadd compression setting for all output: 1
hadd Source file 1: ./b3cc58c0-46ed-4f32-b026-fe108f53cb6c_Skim.root
hadd Sources and Target have different compression levels
hadd merging will be slower
hadd Target path: tree.root:/
Will write selected trees to .
Pre-select 18869 entries out of 18869 (100.00%)
Processed    10000/   18869 entries, 53.00% (elapsed time   260.9s, curr speed    0.038 kHz, avg speed    0.038 kHz), accepted     6498/   10001 events (64.97%)
Processed 18869 preselected entries from root://cms-xrd-global.cern.ch//store/mc/Run3Summer22NanoAODv12/Zto2Nu-4Jets_HT-200to400_TuneCP5_13p6TeV_madgraphMLM-pythia8/NANOAODSIM/130X_mcRun3_2022_realistic_v5-v2/2540000/b3cc58c0-46ed-4f32-b026-fe108f53cb6c.root (18869 entries). Finally selected 12200 entries
Done ./b3cc58c0-46ed-4f32-b026-fe108f53cb6c_Skim.root
Total time 507.3 sec. to process 18869 events. Rate = 37.2 Hz.
DONE
/tmp/lfavilla/ZJetsToNuNu_HT200to400_2022/file227
hadd Target file: tree_hadd_227.root
hadd compression setting for all output: 1
hadd Source file 1: tree.root
hadd Source file 2: hist.root
hadd Target path: tree_hadd_227.root:/
hadd Target path: tree_hadd_227.root:/plots
/tmp/lfavilla/ZJetsToNuNu_HT200to400_2022/file227
