Standalone environment set.
/tmp/lfavilla/ZJetsToNuNu_HT200to400_2022/file33
hadd Target file: tree.root
hadd compression setting for all output: 1
hadd Source file 1: ./c7db238c-f907-42dc-be29-e411fdd2fd5d_Skim.root
hadd Sources and Target have different compression levels
hadd merging will be slower
hadd Target path: tree.root:/
Will write selected trees to .
Pre-select 155018 entries out of 155018 (100.00%)
Processed    10000/  155018 entries,  6.45% (elapsed time   251.4s, curr speed    0.040 kHz, avg speed    0.040 kHz), accepted     6462/   10001 events (64.61%)
Processed    20000/  155018 entries, 12.90% (elapsed time   478.4s, curr speed    0.044 kHz, avg speed    0.042 kHz), accepted    12917/   20001 events (64.58%)
Processed    30000/  155018 entries, 19.35% (elapsed time   702.2s, curr speed    0.045 kHz, avg speed    0.043 kHz), accepted    19362/   30001 events (64.54%)
Processed    40000/  155018 entries, 25.80% (elapsed time   920.2s, curr speed    0.046 kHz, avg speed    0.043 kHz), accepted    25811/   40001 events (64.53%)
Processed    50000/  155018 entries, 32.25% (elapsed time  1145.4s, curr speed    0.044 kHz, avg speed    0.044 kHz), accepted    32289/   50001 events (64.58%)
Processed    60000/  155018 entries, 38.71% (elapsed time  1372.5s, curr speed    0.044 kHz, avg speed    0.044 kHz), accepted    38766/   60001 events (64.61%)
Processed    70000/  155018 entries, 45.16% (elapsed time  1600.5s, curr speed    0.044 kHz, avg speed    0.044 kHz), accepted    45240/   70001 events (64.63%)
Processed    80000/  155018 entries, 51.61% (elapsed time  1827.3s, curr speed    0.044 kHz, avg speed    0.044 kHz), accepted    51705/   80001 events (64.63%)
Processed    90000/  155018 entries, 58.06% (elapsed time  2058.4s, curr speed    0.043 kHz, avg speed    0.044 kHz), accepted    58168/   90001 events (64.63%)
Processed   100000/  155018 entries, 64.51% (elapsed time  2284.1s, curr speed    0.044 kHz, avg speed    0.044 kHz), accepted    64618/  100001 events (64.62%)
Processed   110000/  155018 entries, 70.96% (elapsed time  2510.6s, curr speed    0.044 kHz, avg speed    0.044 kHz), accepted    71185/  110001 events (64.71%)
Processed   120000/  155018 entries, 77.41% (elapsed time  2740.7s, curr speed    0.043 kHz, avg speed    0.044 kHz), accepted    77566/  120001 events (64.64%)
Processed   130000/  155018 entries, 83.86% (elapsed time  2949.5s, curr speed    0.048 kHz, avg speed    0.044 kHz), accepted    83977/  130001 events (64.60%)
Processed   140000/  155018 entries, 90.31% (elapsed time  3168.9s, curr speed    0.046 kHz, avg speed    0.044 kHz), accepted    90428/  140001 events (64.59%)
Processed   150000/  155018 entries, 96.76% (elapsed time  3384.9s, curr speed    0.046 kHz, avg speed    0.044 kHz), accepted    96832/  150001 events (64.55%)
Processed 155018 preselected entries from root://cms-xrd-global.cern.ch//store/mc/Run3Summer22NanoAODv12/Zto2Nu-4Jets_HT-200to400_TuneCP5_13p6TeV_madgraphMLM-pythia8/NANOAODSIM/130X_mcRun3_2022_realistic_v5-v2/2540000/c7db238c-f907-42dc-be29-e411fdd2fd5d.root (155018 entries). Finally selected 100051 entries
Done ./c7db238c-f907-42dc-be29-e411fdd2fd5d_Skim.root
Total time 3664.8 sec. to process 155018 events. Rate = 42.3 Hz.
DONE
/tmp/lfavilla/ZJetsToNuNu_HT200to400_2022/file33
hadd Target file: tree_hadd_33.root
hadd compression setting for all output: 1
hadd Source file 1: tree.root
hadd Source file 2: hist.root
hadd Target path: tree_hadd_33.root:/
hadd Target path: tree_hadd_33.root:/plots
/tmp/lfavilla/ZJetsToNuNu_HT200to400_2022/file33
