Standalone environment set.
/tmp/lfavilla/ZJetsToNuNu_HT200to400_2022/file26
hadd Target file: tree.root
hadd compression setting for all output: 1
hadd Source file 1: ./216602b3-967b-4f29-a75f-5c255de2b762_Skim.root
hadd Sources and Target have different compression levels
hadd merging will be slower
hadd Target path: tree.root:/
Will write selected trees to .
Pre-select 177723 entries out of 177723 (100.00%)
Processed    10000/  177723 entries,  5.63% (elapsed time   288.6s, curr speed    0.035 kHz, avg speed    0.035 kHz), accepted     6382/   10001 events (63.81%)
Processed    20000/  177723 entries, 11.25% (elapsed time   567.4s, curr speed    0.036 kHz, avg speed    0.035 kHz), accepted    12802/   20001 events (64.01%)
Processed    30000/  177723 entries, 16.88% (elapsed time   847.6s, curr speed    0.036 kHz, avg speed    0.035 kHz), accepted    19277/   30001 events (64.25%)
Processed    40000/  177723 entries, 22.51% (elapsed time  1144.4s, curr speed    0.034 kHz, avg speed    0.035 kHz), accepted    25775/   40001 events (64.44%)
Processed    50000/  177723 entries, 28.13% (elapsed time  1443.8s, curr speed    0.033 kHz, avg speed    0.035 kHz), accepted    32280/   50001 events (64.56%)
Processed    60000/  177723 entries, 33.76% (elapsed time  1707.1s, curr speed    0.038 kHz, avg speed    0.035 kHz), accepted    38661/   60001 events (64.43%)
Processed    70000/  177723 entries, 39.39% (elapsed time  1988.1s, curr speed    0.036 kHz, avg speed    0.035 kHz), accepted    45040/   70001 events (64.34%)
Processed    80000/  177723 entries, 45.01% (elapsed time  2274.8s, curr speed    0.035 kHz, avg speed    0.035 kHz), accepted    51491/   80001 events (64.36%)
Processed    90000/  177723 entries, 50.64% (elapsed time  2563.2s, curr speed    0.035 kHz, avg speed    0.035 kHz), accepted    58002/   90001 events (64.45%)
Processed   100000/  177723 entries, 56.27% (elapsed time  2842.8s, curr speed    0.036 kHz, avg speed    0.035 kHz), accepted    64433/  100001 events (64.43%)
Processed   110000/  177723 entries, 61.89% (elapsed time  3119.3s, curr speed    0.036 kHz, avg speed    0.035 kHz), accepted    70828/  110001 events (64.39%)
Processed   120000/  177723 entries, 67.52% (elapsed time  3396.6s, curr speed    0.036 kHz, avg speed    0.035 kHz), accepted    77368/  120001 events (64.47%)
Processed   130000/  177723 entries, 73.15% (elapsed time  3647.2s, curr speed    0.040 kHz, avg speed    0.036 kHz), accepted    83779/  130001 events (64.44%)
Processed   140000/  177723 entries, 78.77% (elapsed time  3934.2s, curr speed    0.035 kHz, avg speed    0.036 kHz), accepted    90294/  140001 events (64.50%)
Processed   150000/  177723 entries, 84.40% (elapsed time  4233.3s, curr speed    0.033 kHz, avg speed    0.035 kHz), accepted    96738/  150001 events (64.49%)
Processed   160000/  177723 entries, 90.03% (elapsed time  4542.0s, curr speed    0.032 kHz, avg speed    0.035 kHz), accepted   103329/  160001 events (64.58%)
Processed   170000/  177723 entries, 95.65% (elapsed time  4824.4s, curr speed    0.035 kHz, avg speed    0.035 kHz), accepted   109829/  170001 events (64.60%)
Processed 177723 preselected entries from root://cms-xrd-global.cern.ch//store/mc/Run3Summer22NanoAODv12/Zto2Nu-4Jets_HT-200to400_TuneCP5_13p6TeV_madgraphMLM-pythia8/NANOAODSIM/130X_mcRun3_2022_realistic_v5-v2/2540000/216602b3-967b-4f29-a75f-5c255de2b762.root (177723 entries). Finally selected 114803 entries
Done ./216602b3-967b-4f29-a75f-5c255de2b762_Skim.root
Total time 5306.8 sec. to process 177723 events. Rate = 33.5 Hz.
DONE
/tmp/lfavilla/ZJetsToNuNu_HT200to400_2022/file26
hadd Target file: tree_hadd_26.root
hadd compression setting for all output: 1
hadd Source file 1: tree.root
hadd Source file 2: hist.root
hadd Target path: tree_hadd_26.root:/
hadd Target path: tree_hadd_26.root:/plots
/tmp/lfavilla/ZJetsToNuNu_HT200to400_2022/file26
