Standalone environment set.
/tmp/lfavilla/ZJetsToNuNu_HT200to400_2022/file134
hadd Target file: tree.root
hadd compression setting for all output: 1
hadd Source file 1: ./68e21df4-a34c-4274-8635-00976cf99a12_Skim.root
hadd Sources and Target have different compression levels
hadd merging will be slower
hadd Target path: tree.root:/
Will write selected trees to .
Pre-select 136515 entries out of 136515 (100.00%)
Processed    10000/  136515 entries,  7.33% (elapsed time   276.4s, curr speed    0.036 kHz, avg speed    0.036 kHz), accepted     6370/   10001 events (63.69%)
Processed    20000/  136515 entries, 14.65% (elapsed time   546.9s, curr speed    0.037 kHz, avg speed    0.037 kHz), accepted    12832/   20001 events (64.16%)
Processed    30000/  136515 entries, 21.98% (elapsed time   833.2s, curr speed    0.035 kHz, avg speed    0.036 kHz), accepted    19261/   30001 events (64.20%)
Processed    40000/  136515 entries, 29.30% (elapsed time  1113.3s, curr speed    0.036 kHz, avg speed    0.036 kHz), accepted    25692/   40001 events (64.23%)
Processed    50000/  136515 entries, 36.63% (elapsed time  1384.7s, curr speed    0.037 kHz, avg speed    0.036 kHz), accepted    32076/   50001 events (64.15%)
Processed    60000/  136515 entries, 43.95% (elapsed time  1655.1s, curr speed    0.037 kHz, avg speed    0.036 kHz), accepted    38576/   60001 events (64.29%)
Processed    70000/  136515 entries, 51.28% (elapsed time  1929.1s, curr speed    0.036 kHz, avg speed    0.036 kHz), accepted    45024/   70001 events (64.32%)
Processed    80000/  136515 entries, 58.60% (elapsed time  2200.6s, curr speed    0.037 kHz, avg speed    0.036 kHz), accepted    51490/   80001 events (64.36%)
Processed    90000/  136515 entries, 65.93% (elapsed time  2479.7s, curr speed    0.036 kHz, avg speed    0.036 kHz), accepted    57977/   90001 events (64.42%)
Processed   100000/  136515 entries, 73.25% (elapsed time  2786.2s, curr speed    0.033 kHz, avg speed    0.036 kHz), accepted    64493/  100001 events (64.49%)
Processed   110000/  136515 entries, 80.58% (elapsed time  3070.8s, curr speed    0.035 kHz, avg speed    0.036 kHz), accepted    70888/  110001 events (64.44%)
Processed   120000/  136515 entries, 87.90% (elapsed time  3352.0s, curr speed    0.036 kHz, avg speed    0.036 kHz), accepted    77389/  120001 events (64.49%)
Processed   130000/  136515 entries, 95.23% (elapsed time  3609.4s, curr speed    0.039 kHz, avg speed    0.036 kHz), accepted    83796/  130001 events (64.46%)
Processed 136515 preselected entries from root://cms-xrd-global.cern.ch//store/mc/Run3Summer22NanoAODv12/Zto2Nu-4Jets_HT-200to400_TuneCP5_13p6TeV_madgraphMLM-pythia8/NANOAODSIM/130X_mcRun3_2022_realistic_v5-v2/2520000/68e21df4-a34c-4274-8635-00976cf99a12.root (136515 entries). Finally selected 88011 entries
Done ./68e21df4-a34c-4274-8635-00976cf99a12_Skim.root
Total time 3990.9 sec. to process 136515 events. Rate = 34.2 Hz.
DONE
/tmp/lfavilla/ZJetsToNuNu_HT200to400_2022/file134
hadd Target file: tree_hadd_134.root
hadd compression setting for all output: 1
hadd Source file 1: tree.root
hadd Source file 2: hist.root
hadd Target path: tree_hadd_134.root:/
hadd Target path: tree_hadd_134.root:/plots
/tmp/lfavilla/ZJetsToNuNu_HT200to400_2022/file134
