Standalone environment set.
/tmp/lfavilla/ZJetsToNuNu_HT200to400_2022/file124
hadd Target file: tree.root
hadd compression setting for all output: 1
hadd Source file 1: ./ce782648-f423-4c87-a37f-e1c14732d858_Skim.root
hadd Sources and Target have different compression levels
hadd merging will be slower
hadd Target path: tree.root:/
Will write selected trees to .
Pre-select 87240 entries out of 87240 (100.00%)
Processed    10000/   87240 entries, 11.46% (elapsed time   286.3s, curr speed    0.035 kHz, avg speed    0.035 kHz), accepted     6502/   10001 events (65.01%)
Processed    20000/   87240 entries, 22.93% (elapsed time   560.2s, curr speed    0.036 kHz, avg speed    0.036 kHz), accepted    12980/   20001 events (64.90%)
Processed    30000/   87240 entries, 34.39% (elapsed time   845.1s, curr speed    0.035 kHz, avg speed    0.035 kHz), accepted    19444/   30001 events (64.81%)
Processed    40000/   87240 entries, 45.85% (elapsed time  1130.8s, curr speed    0.035 kHz, avg speed    0.035 kHz), accepted    25809/   40001 events (64.52%)
Processed    50000/   87240 entries, 57.31% (elapsed time  1424.1s, curr speed    0.034 kHz, avg speed    0.035 kHz), accepted    32352/   50001 events (64.70%)
Processed    60000/   87240 entries, 68.78% (elapsed time  1712.5s, curr speed    0.035 kHz, avg speed    0.035 kHz), accepted    38759/   60001 events (64.60%)
Processed    70000/   87240 entries, 80.24% (elapsed time  1992.1s, curr speed    0.036 kHz, avg speed    0.035 kHz), accepted    45274/   70001 events (64.68%)
Processed    80000/   87240 entries, 91.70% (elapsed time  2277.7s, curr speed    0.035 kHz, avg speed    0.035 kHz), accepted    51809/   80001 events (64.76%)
Processed 87240 preselected entries from root://cms-xrd-global.cern.ch//store/mc/Run3Summer22NanoAODv12/Zto2Nu-4Jets_HT-200to400_TuneCP5_13p6TeV_madgraphMLM-pythia8/NANOAODSIM/130X_mcRun3_2022_realistic_v5-v2/50000/ce782648-f423-4c87-a37f-e1c14732d858.root (87240 entries). Finally selected 56480 entries
Done ./ce782648-f423-4c87-a37f-e1c14732d858_Skim.root
Total time 2607.3 sec. to process 87240 events. Rate = 33.5 Hz.
DONE
/tmp/lfavilla/ZJetsToNuNu_HT200to400_2022/file124
hadd Target file: tree_hadd_124.root
hadd compression setting for all output: 1
hadd Source file 1: tree.root
hadd Source file 2: hist.root
hadd Target path: tree_hadd_124.root:/
hadd Target path: tree_hadd_124.root:/plots
/tmp/lfavilla/ZJetsToNuNu_HT200to400_2022/file124
