Standalone environment set.
/tmp/lfavilla/ZJetsToNuNu_HT200to400_2022/file128
hadd Target file: tree.root
hadd compression setting for all output: 1
hadd Source file 1: ./1136cdd9-4769-4bed-8e6c-4fda1597a50f_Skim.root
hadd Sources and Target have different compression levels
hadd merging will be slower
hadd Target path: tree.root:/
Will write selected trees to .
Pre-select 1614 entries out of 1614 (100.00%)
Processed 1614 preselected entries from root://cms-xrd-global.cern.ch//store/mc/Run3Summer22NanoAODv12/Zto2Nu-4Jets_HT-200to400_TuneCP5_13p6TeV_madgraphMLM-pythia8/NANOAODSIM/130X_mcRun3_2022_realistic_v5-v2/2520000/1136cdd9-4769-4bed-8e6c-4fda1597a50f.root (1614 entries). Finally selected 1048 entries
Done ./1136cdd9-4769-4bed-8e6c-4fda1597a50f_Skim.root
Total time 83.9 sec. to process 1614 events. Rate = 19.2 Hz.
DONE
/tmp/lfavilla/ZJetsToNuNu_HT200to400_2022/file128
hadd Target file: tree_hadd_128.root
hadd compression setting for all output: 1
hadd Source file 1: tree.root
hadd Source file 2: hist.root
hadd Target path: tree_hadd_128.root:/
hadd Target path: tree_hadd_128.root:/plots
/tmp/lfavilla/ZJetsToNuNu_HT200to400_2022/file128
