Standalone environment set.
/tmp/lfavilla/ZJetsToNuNu_HT200to400_2022/file49
hadd Target file: tree.root
hadd compression setting for all output: 1
hadd Source file 1: ./7dcd74c6-9e3e-4102-a989-dbb24575de7d_Skim.root
hadd Sources and Target have different compression levels
hadd merging will be slower
hadd Target path: tree.root:/
Will write selected trees to .
Pre-select 1124 entries out of 1124 (100.00%)
Processed 1124 preselected entries from root://cms-xrd-global.cern.ch//store/mc/Run3Summer22NanoAODv12/Zto2Nu-4Jets_HT-200to400_TuneCP5_13p6TeV_madgraphMLM-pythia8/NANOAODSIM/130X_mcRun3_2022_realistic_v5-v2/2530000/7dcd74c6-9e3e-4102-a989-dbb24575de7d.root (1124 entries). Finally selected 730 entries
Done ./7dcd74c6-9e3e-4102-a989-dbb24575de7d_Skim.root
Total time 76.9 sec. to process 1124 events. Rate = 14.6 Hz.
DONE
/tmp/lfavilla/ZJetsToNuNu_HT200to400_2022/file49
hadd Target file: tree_hadd_49.root
hadd compression setting for all output: 1
hadd Source file 1: tree.root
hadd Source file 2: hist.root
hadd Target path: tree_hadd_49.root:/
hadd Target path: tree_hadd_49.root:/plots
/tmp/lfavilla/ZJetsToNuNu_HT200to400_2022/file49
