Standalone environment set.
/tmp/lfavilla/ZJetsToNuNu_HT200to400_2022/file207
hadd Target file: tree.root
hadd compression setting for all output: 1
hadd Source file 1: ./1077489d-d8fa-40a8-b1ed-c3c817ec2da4_Skim.root
hadd Sources and Target have different compression levels
hadd merging will be slower
hadd Target path: tree.root:/
Will write selected trees to .
Pre-select 38801 entries out of 38801 (100.00%)
Processed    10000/   38801 entries, 25.77% (elapsed time   284.2s, curr speed    0.035 kHz, avg speed    0.035 kHz), accepted     6478/   10001 events (64.77%)
Processed    20000/   38801 entries, 51.55% (elapsed time   564.2s, curr speed    0.036 kHz, avg speed    0.035 kHz), accepted    12888/   20001 events (64.44%)
Processed    30000/   38801 entries, 77.32% (elapsed time   837.7s, curr speed    0.037 kHz, avg speed    0.036 kHz), accepted    19351/   30001 events (64.50%)
Processed 38801 preselected entries from root://cms-xrd-global.cern.ch//store/mc/Run3Summer22NanoAODv12/Zto2Nu-4Jets_HT-200to400_TuneCP5_13p6TeV_madgraphMLM-pythia8/NANOAODSIM/130X_mcRun3_2022_realistic_v5-v2/30000/1077489d-d8fa-40a8-b1ed-c3c817ec2da4.root (38801 entries). Finally selected 25030 entries
Done ./1077489d-d8fa-40a8-b1ed-c3c817ec2da4_Skim.root
Total time 1155.0 sec. to process 38801 events. Rate = 33.6 Hz.
DONE
/tmp/lfavilla/ZJetsToNuNu_HT200to400_2022/file207
hadd Target file: tree_hadd_207.root
hadd compression setting for all output: 1
hadd Source file 1: tree.root
hadd Source file 2: hist.root
hadd Target path: tree_hadd_207.root:/
hadd Target path: tree_hadd_207.root:/plots
/tmp/lfavilla/ZJetsToNuNu_HT200to400_2022/file207
