Standalone environment set.
/tmp/lfavilla/ZJetsToNuNu_HT200to400_2022/file167
hadd Target file: tree.root
hadd compression setting for all output: 1
hadd Source file 1: ./27ba780a-eb1f-4bd1-ada9-70e7421b3449_Skim.root
hadd Sources and Target have different compression levels
hadd merging will be slower
hadd Target path: tree.root:/
Will write selected trees to .
Pre-select 11575 entries out of 11575 (100.00%)
Processed    10000/   11575 entries, 86.39% (elapsed time   276.1s, curr speed    0.036 kHz, avg speed    0.036 kHz), accepted     6490/   10001 events (64.89%)
Processed 11575 preselected entries from root://cms-xrd-global.cern.ch//store/mc/Run3Summer22NanoAODv12/Zto2Nu-4Jets_HT-200to400_TuneCP5_13p6TeV_madgraphMLM-pythia8/NANOAODSIM/130X_mcRun3_2022_realistic_v5-v2/2540000/27ba780a-eb1f-4bd1-ada9-70e7421b3449.root (11575 entries). Finally selected 7516 entries
Done ./27ba780a-eb1f-4bd1-ada9-70e7421b3449_Skim.root
Total time 359.9 sec. to process 11575 events. Rate = 32.2 Hz.
DONE
/tmp/lfavilla/ZJetsToNuNu_HT200to400_2022/file167
hadd Target file: tree_hadd_167.root
hadd compression setting for all output: 1
hadd Source file 1: tree.root
hadd Source file 2: hist.root
hadd Target path: tree_hadd_167.root:/
hadd Target path: tree_hadd_167.root:/plots
/tmp/lfavilla/ZJetsToNuNu_HT200to400_2022/file167
