Standalone environment set.
/tmp/lfavilla/ZJetsToNuNu_HT200to400_2022/file110
hadd Target file: tree.root
hadd compression setting for all output: 1
hadd Source file 1: ./c919561d-fe48-44be-8738-e370c2917bac_Skim.root
hadd Sources and Target have different compression levels
hadd merging will be slower
hadd Target path: tree.root:/
Will write selected trees to .
Pre-select 58638 entries out of 58638 (100.00%)
Processed    10000/   58638 entries, 17.05% (elapsed time   281.0s, curr speed    0.036 kHz, avg speed    0.036 kHz), accepted     6468/   10001 events (64.67%)
Processed    20000/   58638 entries, 34.11% (elapsed time   551.9s, curr speed    0.037 kHz, avg speed    0.036 kHz), accepted    12919/   20001 events (64.59%)
Processed    30000/   58638 entries, 51.16% (elapsed time   824.8s, curr speed    0.037 kHz, avg speed    0.036 kHz), accepted    19339/   30001 events (64.46%)
Processed    40000/   58638 entries, 68.22% (elapsed time  1092.3s, curr speed    0.037 kHz, avg speed    0.037 kHz), accepted    25836/   40001 events (64.59%)
Processed    50000/   58638 entries, 85.27% (elapsed time  1354.2s, curr speed    0.038 kHz, avg speed    0.037 kHz), accepted    32287/   50001 events (64.57%)
Processed 58638 preselected entries from root://cms-xrd-global.cern.ch//store/mc/Run3Summer22NanoAODv12/Zto2Nu-4Jets_HT-200to400_TuneCP5_13p6TeV_madgraphMLM-pythia8/NANOAODSIM/130X_mcRun3_2022_realistic_v5-v2/40000/c919561d-fe48-44be-8738-e370c2917bac.root (58638 entries). Finally selected 37922 entries
Done ./c919561d-fe48-44be-8738-e370c2917bac_Skim.root
Total time 1678.7 sec. to process 58638 events. Rate = 34.9 Hz.
DONE
/tmp/lfavilla/ZJetsToNuNu_HT200to400_2022/file110
hadd Target file: tree_hadd_110.root
hadd compression setting for all output: 1
hadd Source file 1: tree.root
hadd Source file 2: hist.root
hadd Target path: tree_hadd_110.root:/
hadd Target path: tree_hadd_110.root:/plots
/tmp/lfavilla/ZJetsToNuNu_HT200to400_2022/file110
