Standalone environment set.
/tmp/lfavilla/ZJetsToNuNu_HT200to400_2022/file97
hadd Target file: tree.root
hadd compression setting for all output: 1
hadd Source file 1: ./7d316eba-2df4-4e01-9788-13fd134139f4_Skim.root
hadd Sources and Target have different compression levels
hadd merging will be slower
hadd Target path: tree.root:/
Will write selected trees to .
Pre-select 95745 entries out of 95745 (100.00%)
Processed    10000/   95745 entries, 10.44% (elapsed time   287.4s, curr speed    0.035 kHz, avg speed    0.035 kHz), accepted     6484/   10001 events (64.83%)
Processed    20000/   95745 entries, 20.89% (elapsed time   556.5s, curr speed    0.037 kHz, avg speed    0.036 kHz), accepted    12919/   20001 events (64.59%)
Processed    30000/   95745 entries, 31.33% (elapsed time   829.1s, curr speed    0.037 kHz, avg speed    0.036 kHz), accepted    19417/   30001 events (64.72%)
Processed    40000/   95745 entries, 41.78% (elapsed time  1116.4s, curr speed    0.035 kHz, avg speed    0.036 kHz), accepted    25880/   40001 events (64.70%)
Processed    50000/   95745 entries, 52.22% (elapsed time  1392.7s, curr speed    0.036 kHz, avg speed    0.036 kHz), accepted    32227/   50001 events (64.45%)
Processed    60000/   95745 entries, 62.67% (elapsed time  1664.2s, curr speed    0.037 kHz, avg speed    0.036 kHz), accepted    38750/   60001 events (64.58%)
Processed    70000/   95745 entries, 73.11% (elapsed time  1935.2s, curr speed    0.037 kHz, avg speed    0.036 kHz), accepted    45187/   70001 events (64.55%)
Processed    80000/   95745 entries, 83.56% (elapsed time  2245.8s, curr speed    0.032 kHz, avg speed    0.036 kHz), accepted    51617/   80001 events (64.52%)
Processed    90000/   95745 entries, 94.00% (elapsed time  2515.8s, curr speed    0.037 kHz, avg speed    0.036 kHz), accepted    58031/   90001 events (64.48%)
Processed 95745 preselected entries from root://cms-xrd-global.cern.ch//store/mc/Run3Summer22NanoAODv12/Zto2Nu-4Jets_HT-200to400_TuneCP5_13p6TeV_madgraphMLM-pythia8/NANOAODSIM/130X_mcRun3_2022_realistic_v5-v2/2530000/7d316eba-2df4-4e01-9788-13fd134139f4.root (95745 entries). Finally selected 61766 entries
Done ./7d316eba-2df4-4e01-9788-13fd134139f4_Skim.root
Total time 2799.9 sec. to process 95745 events. Rate = 34.2 Hz.
DONE
/tmp/lfavilla/ZJetsToNuNu_HT200to400_2022/file97
hadd Target file: tree_hadd_97.root
hadd compression setting for all output: 1
hadd Source file 1: tree.root
hadd Source file 2: hist.root
hadd Target path: tree_hadd_97.root:/
hadd Target path: tree_hadd_97.root:/plots
/tmp/lfavilla/ZJetsToNuNu_HT200to400_2022/file97
