Standalone environment set.
/tmp/lfavilla/ZJetsToNuNu_HT200to400_2022/file58
hadd Target file: tree.root
hadd compression setting for all output: 1
hadd Source file 1: ./f244bd22-394f-4938-83a7-e7484061f467_Skim.root
hadd Sources and Target have different compression levels
hadd merging will be slower
hadd Target path: tree.root:/
Will write selected trees to .
Pre-select 37517 entries out of 37517 (100.00%)
Processed    10000/   37517 entries, 26.65% (elapsed time   279.9s, curr speed    0.036 kHz, avg speed    0.036 kHz), accepted     6417/   10001 events (64.16%)
Processed    20000/   37517 entries, 53.31% (elapsed time   563.9s, curr speed    0.035 kHz, avg speed    0.035 kHz), accepted    12914/   20001 events (64.57%)
Processed    30000/   37517 entries, 79.96% (elapsed time   846.7s, curr speed    0.035 kHz, avg speed    0.035 kHz), accepted    19298/   30001 events (64.32%)
Processed 37517 preselected entries from root://cms-xrd-global.cern.ch//store/mc/Run3Summer22NanoAODv12/Zto2Nu-4Jets_HT-200to400_TuneCP5_13p6TeV_madgraphMLM-pythia8/NANOAODSIM/130X_mcRun3_2022_realistic_v5-v2/2540000/f244bd22-394f-4938-83a7-e7484061f467.root (37517 entries). Finally selected 24080 entries
Done ./f244bd22-394f-4938-83a7-e7484061f467_Skim.root
Total time 1143.9 sec. to process 37517 events. Rate = 32.8 Hz.
DONE
/tmp/lfavilla/ZJetsToNuNu_HT200to400_2022/file58
hadd Target file: tree_hadd_58.root
hadd compression setting for all output: 1
hadd Source file 1: tree.root
hadd Source file 2: hist.root
hadd Target path: tree_hadd_58.root:/
hadd Target path: tree_hadd_58.root:/plots
/tmp/lfavilla/ZJetsToNuNu_HT200to400_2022/file58
