Standalone environment set.
/tmp/lfavilla/ZJetsToNuNu_HT200to400_2022/file182
hadd Target file: tree.root
hadd compression setting for all output: 1
hadd Source file 1: ./e1bdc3c8-df11-46f4-aa58-86db9e16b28a_Skim.root
hadd Sources and Target have different compression levels
hadd merging will be slower
hadd Target path: tree.root:/
Will write selected trees to .
Pre-select 50244 entries out of 50244 (100.00%)
Processed    10000/   50244 entries, 19.90% (elapsed time   317.0s, curr speed    0.032 kHz, avg speed    0.032 kHz), accepted     6546/   10001 events (65.45%)
Processed    20000/   50244 entries, 39.81% (elapsed time   608.3s, curr speed    0.034 kHz, avg speed    0.033 kHz), accepted    13089/   20001 events (65.44%)
Processed    30000/   50244 entries, 59.71% (elapsed time   896.0s, curr speed    0.035 kHz, avg speed    0.033 kHz), accepted    19569/   30001 events (65.23%)
Processed    40000/   50244 entries, 79.61% (elapsed time  1190.4s, curr speed    0.034 kHz, avg speed    0.034 kHz), accepted    25998/   40001 events (64.99%)
Processed    50000/   50244 entries, 99.51% (elapsed time  1479.6s, curr speed    0.035 kHz, avg speed    0.034 kHz), accepted    32463/   50001 events (64.92%)
Processed 50244 preselected entries from root://cms-xrd-global.cern.ch//store/mc/Run3Summer22NanoAODv12/Zto2Nu-4Jets_HT-200to400_TuneCP5_13p6TeV_madgraphMLM-pythia8/NANOAODSIM/130X_mcRun3_2022_realistic_v5-v2/30000/e1bdc3c8-df11-46f4-aa58-86db9e16b28a.root (50244 entries). Finally selected 32619 entries
Done ./e1bdc3c8-df11-46f4-aa58-86db9e16b28a_Skim.root
Total time 1569.0 sec. to process 50244 events. Rate = 32.0 Hz.
DONE
/tmp/lfavilla/ZJetsToNuNu_HT200to400_2022/file182
hadd Target file: tree_hadd_182.root
hadd compression setting for all output: 1
hadd Source file 1: tree.root
hadd Source file 2: hist.root
hadd Target path: tree_hadd_182.root:/
hadd Target path: tree_hadd_182.root:/plots
/tmp/lfavilla/ZJetsToNuNu_HT200to400_2022/file182
