Standalone environment set.
/tmp/lfavilla/ZJetsToNuNu_HT200to400_2022/file117
hadd Target file: tree.root
hadd compression setting for all output: 1
hadd Source file 1: ./013760fb-6bb5-4dff-82d7-b8bdf142efee_Skim.root
hadd Sources and Target have different compression levels
hadd merging will be slower
hadd Target path: tree.root:/
Will write selected trees to .
Pre-select 164555 entries out of 164555 (100.00%)
Processed    10000/  164555 entries,  6.08% (elapsed time   357.6s, curr speed    0.028 kHz, avg speed    0.028 kHz), accepted     6485/   10001 events (64.84%)
Processed    20000/  164555 entries, 12.15% (elapsed time   775.2s, curr speed    0.024 kHz, avg speed    0.026 kHz), accepted    12998/   20001 events (64.99%)
Processed    30000/  164555 entries, 18.23% (elapsed time  1101.5s, curr speed    0.031 kHz, avg speed    0.027 kHz), accepted    19461/   30001 events (64.87%)
Processed    40000/  164555 entries, 24.31% (elapsed time  1444.1s, curr speed    0.029 kHz, avg speed    0.028 kHz), accepted    26003/   40001 events (65.01%)
Processed    50000/  164555 entries, 30.38% (elapsed time  1809.8s, curr speed    0.027 kHz, avg speed    0.028 kHz), accepted    32432/   50001 events (64.86%)
Processed    60000/  164555 entries, 36.46% (elapsed time  2167.7s, curr speed    0.028 kHz, avg speed    0.028 kHz), accepted    38910/   60001 events (64.85%)
Processed    70000/  164555 entries, 42.54% (elapsed time  2522.9s, curr speed    0.028 kHz, avg speed    0.028 kHz), accepted    45342/   70001 events (64.77%)
Processed    80000/  164555 entries, 48.62% (elapsed time  2878.2s, curr speed    0.028 kHz, avg speed    0.028 kHz), accepted    51790/   80001 events (64.74%)
Processed    90000/  164555 entries, 54.69% (elapsed time  3232.7s, curr speed    0.028 kHz, avg speed    0.028 kHz), accepted    58309/   90001 events (64.79%)
Processed   100000/  164555 entries, 60.77% (elapsed time  3581.8s, curr speed    0.029 kHz, avg speed    0.028 kHz), accepted    64789/  100001 events (64.79%)
Processed   110000/  164555 entries, 66.85% (elapsed time  3919.0s, curr speed    0.030 kHz, avg speed    0.028 kHz), accepted    71199/  110001 events (64.73%)
Processed   120000/  164555 entries, 72.92% (elapsed time  4278.4s, curr speed    0.028 kHz, avg speed    0.028 kHz), accepted    77626/  120001 events (64.69%)
Processed   130000/  164555 entries, 79.00% (elapsed time  4670.3s, curr speed    0.026 kHz, avg speed    0.028 kHz), accepted    84122/  130001 events (64.71%)
Processed   140000/  164555 entries, 85.08% (elapsed time  5026.1s, curr speed    0.028 kHz, avg speed    0.028 kHz), accepted    90653/  140001 events (64.75%)
Processed   150000/  164555 entries, 91.15% (elapsed time  5388.6s, curr speed    0.028 kHz, avg speed    0.028 kHz), accepted    97138/  150001 events (64.76%)
Processed   160000/  164555 entries, 97.23% (elapsed time  5748.6s, curr speed    0.028 kHz, avg speed    0.028 kHz), accepted   103578/  160001 events (64.74%)
Processed 164555 preselected entries from root://cms-xrd-global.cern.ch//store/mc/Run3Summer22NanoAODv12/Zto2Nu-4Jets_HT-200to400_TuneCP5_13p6TeV_madgraphMLM-pythia8/NANOAODSIM/130X_mcRun3_2022_realistic_v5-v2/40000/013760fb-6bb5-4dff-82d7-b8bdf142efee.root (164555 entries). Finally selected 106509 entries
Done ./013760fb-6bb5-4dff-82d7-b8bdf142efee_Skim.root
Total time 6174.9 sec. to process 164555 events. Rate = 26.6 Hz.
DONE
/tmp/lfavilla/ZJetsToNuNu_HT200to400_2022/file117
hadd Target file: tree_hadd_117.root
hadd compression setting for all output: 1
hadd Source file 1: tree.root
hadd Source file 2: hist.root
hadd Target path: tree_hadd_117.root:/
hadd Target path: tree_hadd_117.root:/plots
/tmp/lfavilla/ZJetsToNuNu_HT200to400_2022/file117
