Standalone environment set.
/tmp/lfavilla/ZJetsToNuNu_HT200to400_2022/file83
hadd Target file: tree.root
hadd compression setting for all output: 1
hadd Source file 1: ./11b358c5-5193-49cc-9757-a705205b947d_Skim.root
hadd Sources and Target have different compression levels
hadd merging will be slower
hadd Target path: tree.root:/
Will write selected trees to .
Pre-select 29210 entries out of 29210 (100.00%)
Processed    10000/   29210 entries, 34.23% (elapsed time   284.0s, curr speed    0.035 kHz, avg speed    0.035 kHz), accepted     6434/   10001 events (64.33%)
Processed    20000/   29210 entries, 68.47% (elapsed time   546.2s, curr speed    0.038 kHz, avg speed    0.037 kHz), accepted    12940/   20001 events (64.70%)
Processed 29210 preselected entries from root://cms-xrd-global.cern.ch//store/mc/Run3Summer22NanoAODv12/Zto2Nu-4Jets_HT-200to400_TuneCP5_13p6TeV_madgraphMLM-pythia8/NANOAODSIM/130X_mcRun3_2022_realistic_v5-v2/40000/11b358c5-5193-49cc-9757-a705205b947d.root (29210 entries). Finally selected 18889 entries
Done ./11b358c5-5193-49cc-9757-a705205b947d_Skim.root
Total time 834.2 sec. to process 29210 events. Rate = 35.0 Hz.
DONE
/tmp/lfavilla/ZJetsToNuNu_HT200to400_2022/file83
hadd Target file: tree_hadd_83.root
hadd compression setting for all output: 1
hadd Source file 1: tree.root
hadd Source file 2: hist.root
hadd Target path: tree_hadd_83.root:/
hadd Target path: tree_hadd_83.root:/plots
/tmp/lfavilla/ZJetsToNuNu_HT200to400_2022/file83
