Standalone environment set.
/tmp/lfavilla/ZJetsToNuNu_HT200to400_2022/file5
hadd Target file: tree.root
hadd compression setting for all output: 1
hadd Source file 1: ./a857cfb9-983c-4987-a85c-b698c45f6ac9_Skim.root
hadd Sources and Target have different compression levels
hadd merging will be slower
hadd Target path: tree.root:/
Will write selected trees to .
Pre-select 154806 entries out of 154806 (100.00%)
Processed    10000/  154806 entries,  6.46% (elapsed time   292.4s, curr speed    0.034 kHz, avg speed    0.034 kHz), accepted     6461/   10001 events (64.60%)
Processed    20000/  154806 entries, 12.92% (elapsed time   556.9s, curr speed    0.038 kHz, avg speed    0.036 kHz), accepted    13021/   20001 events (65.10%)
Processed    30000/  154806 entries, 19.38% (elapsed time   826.9s, curr speed    0.037 kHz, avg speed    0.036 kHz), accepted    19543/   30001 events (65.14%)
Processed    40000/  154806 entries, 25.84% (elapsed time  1095.7s, curr speed    0.037 kHz, avg speed    0.037 kHz), accepted    26076/   40001 events (65.19%)
Processed    50000/  154806 entries, 32.30% (elapsed time  1376.3s, curr speed    0.036 kHz, avg speed    0.036 kHz), accepted    32598/   50001 events (65.19%)
Processed    60000/  154806 entries, 38.76% (elapsed time  1644.8s, curr speed    0.037 kHz, avg speed    0.036 kHz), accepted    39014/   60001 events (65.02%)
Processed    70000/  154806 entries, 45.22% (elapsed time  1912.6s, curr speed    0.037 kHz, avg speed    0.037 kHz), accepted    45531/   70001 events (65.04%)
Processed    80000/  154806 entries, 51.68% (elapsed time  2194.9s, curr speed    0.035 kHz, avg speed    0.036 kHz), accepted    52004/   80001 events (65.00%)
Processed    90000/  154806 entries, 58.14% (elapsed time  2472.7s, curr speed    0.036 kHz, avg speed    0.036 kHz), accepted    58487/   90001 events (64.98%)
Processed   100000/  154806 entries, 64.60% (elapsed time  2765.3s, curr speed    0.034 kHz, avg speed    0.036 kHz), accepted    64913/  100001 events (64.91%)
Processed   110000/  154806 entries, 71.06% (elapsed time  3033.6s, curr speed    0.037 kHz, avg speed    0.036 kHz), accepted    71417/  110001 events (64.92%)
Processed   120000/  154806 entries, 77.52% (elapsed time  3285.0s, curr speed    0.040 kHz, avg speed    0.037 kHz), accepted    77869/  120001 events (64.89%)
Processed   130000/  154806 entries, 83.98% (elapsed time  3568.1s, curr speed    0.035 kHz, avg speed    0.036 kHz), accepted    84404/  130001 events (64.93%)
Processed   140000/  154806 entries, 90.44% (elapsed time  3838.8s, curr speed    0.037 kHz, avg speed    0.036 kHz), accepted    90845/  140001 events (64.89%)
Processed   150000/  154806 entries, 96.90% (elapsed time  4105.3s, curr speed    0.038 kHz, avg speed    0.037 kHz), accepted    97333/  150001 events (64.89%)
Processed 154806 preselected entries from root://cms-xrd-global.cern.ch//store/mc/Run3Summer22NanoAODv12/Zto2Nu-4Jets_HT-200to400_TuneCP5_13p6TeV_madgraphMLM-pythia8/NANOAODSIM/130X_mcRun3_2022_realistic_v5-v2/50000/a857cfb9-983c-4987-a85c-b698c45f6ac9.root (154806 entries). Finally selected 100483 entries
Done ./a857cfb9-983c-4987-a85c-b698c45f6ac9_Skim.root
Total time 4432.2 sec. to process 154806 events. Rate = 34.9 Hz.
DONE
/tmp/lfavilla/ZJetsToNuNu_HT200to400_2022/file5
hadd Target file: tree_hadd_5.root
hadd compression setting for all output: 1
hadd Source file 1: tree.root
hadd Source file 2: hist.root
hadd Target path: tree_hadd_5.root:/
hadd Target path: tree_hadd_5.root:/plots
/tmp/lfavilla/ZJetsToNuNu_HT200to400_2022/file5
