Standalone environment set.
/tmp/lfavilla/ZJetsToNuNu_HT200to400_2022/file244
hadd Target file: tree.root
hadd compression setting for all output: 1
hadd Source file 1: ./251f5d51-8bf8-4e14-ab0b-631e179ca144_Skim.root
hadd Sources and Target have different compression levels
hadd merging will be slower
hadd Target path: tree.root:/
Will write selected trees to .
Pre-select 12452 entries out of 12452 (100.00%)
Processed    10000/   12452 entries, 80.31% (elapsed time   271.2s, curr speed    0.037 kHz, avg speed    0.037 kHz), accepted     6484/   10001 events (64.83%)
Processed 12452 preselected entries from root://cms-xrd-global.cern.ch//store/mc/Run3Summer22NanoAODv12/Zto2Nu-4Jets_HT-200to400_TuneCP5_13p6TeV_madgraphMLM-pythia8/NANOAODSIM/130X_mcRun3_2022_realistic_v5-v2/2520000/251f5d51-8bf8-4e14-ab0b-631e179ca144.root (12452 entries). Finally selected 8081 entries
Done ./251f5d51-8bf8-4e14-ab0b-631e179ca144_Skim.root
Total time 365.9 sec. to process 12452 events. Rate = 34.0 Hz.
DONE
/tmp/lfavilla/ZJetsToNuNu_HT200to400_2022/file244
hadd Target file: tree_hadd_244.root
hadd compression setting for all output: 1
hadd Source file 1: tree.root
hadd Source file 2: hist.root
hadd Target path: tree_hadd_244.root:/
hadd Target path: tree_hadd_244.root:/plots
/tmp/lfavilla/ZJetsToNuNu_HT200to400_2022/file244
