Standalone environment set.
/tmp/lfavilla/ZJetsToNuNu_HT200to400_2022/file30
hadd Target file: tree.root
hadd compression setting for all output: 1
hadd Source file 1: ./80309a2a-1428-4f9e-8c3b-30af35673cce_Skim.root
hadd Sources and Target have different compression levels
hadd merging will be slower
hadd Target path: tree.root:/
Will write selected trees to .
Pre-select 55328 entries out of 55328 (100.00%)
Processed    10000/   55328 entries, 18.07% (elapsed time   270.6s, curr speed    0.037 kHz, avg speed    0.037 kHz), accepted     6462/   10001 events (64.61%)
Processed    20000/   55328 entries, 36.15% (elapsed time   520.9s, curr speed    0.040 kHz, avg speed    0.038 kHz), accepted    12896/   20001 events (64.48%)
Processed    30000/   55328 entries, 54.22% (elapsed time   792.1s, curr speed    0.037 kHz, avg speed    0.038 kHz), accepted    19439/   30001 events (64.79%)
Processed    40000/   55328 entries, 72.30% (elapsed time  1068.2s, curr speed    0.036 kHz, avg speed    0.037 kHz), accepted    25862/   40001 events (64.65%)
Processed    50000/   55328 entries, 90.37% (elapsed time  1346.1s, curr speed    0.036 kHz, avg speed    0.037 kHz), accepted    32308/   50001 events (64.61%)
Processed 55328 preselected entries from root://cms-xrd-global.cern.ch//store/mc/Run3Summer22NanoAODv12/Zto2Nu-4Jets_HT-200to400_TuneCP5_13p6TeV_madgraphMLM-pythia8/NANOAODSIM/130X_mcRun3_2022_realistic_v5-v2/40000/80309a2a-1428-4f9e-8c3b-30af35673cce.root (55328 entries). Finally selected 35759 entries
Done ./80309a2a-1428-4f9e-8c3b-30af35673cce_Skim.root
Total time 1564.0 sec. to process 55328 events. Rate = 35.4 Hz.
DONE
/tmp/lfavilla/ZJetsToNuNu_HT200to400_2022/file30
hadd Target file: tree_hadd_30.root
hadd compression setting for all output: 1
hadd Source file 1: tree.root
hadd Source file 2: hist.root
hadd Target path: tree_hadd_30.root:/
hadd Target path: tree_hadd_30.root:/plots
/tmp/lfavilla/ZJetsToNuNu_HT200to400_2022/file30
