Standalone environment set.
/tmp/lfavilla/ZJetsToNuNu_HT200to400_2022/file101
hadd Target file: tree.root
hadd compression setting for all output: 1
hadd Source file 1: ./94eb0187-64f1-411c-8c26-e4a45d638a2c_Skim.root
hadd Sources and Target have different compression levels
hadd merging will be slower
hadd Target path: tree.root:/
Will write selected trees to .
Pre-select 72905 entries out of 72905 (100.00%)
Processed    10000/   72905 entries, 13.72% (elapsed time   308.1s, curr speed    0.032 kHz, avg speed    0.032 kHz), accepted     6491/   10001 events (64.90%)
Processed    20000/   72905 entries, 27.43% (elapsed time   595.6s, curr speed    0.035 kHz, avg speed    0.034 kHz), accepted    12956/   20001 events (64.78%)
Processed    30000/   72905 entries, 41.15% (elapsed time   873.6s, curr speed    0.036 kHz, avg speed    0.034 kHz), accepted    19372/   30001 events (64.57%)
Processed    40000/   72905 entries, 54.87% (elapsed time  1165.7s, curr speed    0.034 kHz, avg speed    0.034 kHz), accepted    25827/   40001 events (64.57%)
Processed    50000/   72905 entries, 68.58% (elapsed time  1452.5s, curr speed    0.035 kHz, avg speed    0.034 kHz), accepted    32287/   50001 events (64.57%)
Processed    60000/   72905 entries, 82.30% (elapsed time  1721.8s, curr speed    0.037 kHz, avg speed    0.035 kHz), accepted    38778/   60001 events (64.63%)
Processed    70000/   72905 entries, 96.02% (elapsed time  1986.2s, curr speed    0.038 kHz, avg speed    0.035 kHz), accepted    45257/   70001 events (64.65%)
Processed 72905 preselected entries from root://cms-xrd-global.cern.ch//store/mc/Run3Summer22NanoAODv12/Zto2Nu-4Jets_HT-200to400_TuneCP5_13p6TeV_madgraphMLM-pythia8/NANOAODSIM/130X_mcRun3_2022_realistic_v5-v2/2530000/94eb0187-64f1-411c-8c26-e4a45d638a2c.root (72905 entries). Finally selected 47131 entries
Done ./94eb0187-64f1-411c-8c26-e4a45d638a2c_Skim.root
Total time 2171.6 sec. to process 72905 events. Rate = 33.6 Hz.
DONE
/tmp/lfavilla/ZJetsToNuNu_HT200to400_2022/file101
hadd Target file: tree_hadd_101.root
hadd compression setting for all output: 1
hadd Source file 1: tree.root
hadd Source file 2: hist.root
hadd Target path: tree_hadd_101.root:/
hadd Target path: tree_hadd_101.root:/plots
/tmp/lfavilla/ZJetsToNuNu_HT200to400_2022/file101
