Standalone environment set.
/tmp/lfavilla/ZJetsToNuNu_HT200to400_2022/file77
hadd Target file: tree.root
hadd compression setting for all output: 1
hadd Source file 1: ./dd17ccb9-eb0c-4bab-a0e7-47680cb5cce5_Skim.root
hadd Sources and Target have different compression levels
hadd merging will be slower
hadd Target path: tree.root:/
Will write selected trees to .
Pre-select 163368 entries out of 163368 (100.00%)
Processed    10000/  163368 entries,  6.12% (elapsed time   280.8s, curr speed    0.036 kHz, avg speed    0.036 kHz), accepted     6526/   10001 events (65.25%)
Processed    20000/  163368 entries, 12.24% (elapsed time   532.9s, curr speed    0.040 kHz, avg speed    0.038 kHz), accepted    12987/   20001 events (64.93%)
Processed    30000/  163368 entries, 18.36% (elapsed time   802.8s, curr speed    0.037 kHz, avg speed    0.037 kHz), accepted    19473/   30001 events (64.91%)
Processed    40000/  163368 entries, 24.48% (elapsed time  1064.0s, curr speed    0.038 kHz, avg speed    0.038 kHz), accepted    25904/   40001 events (64.76%)
Processed    50000/  163368 entries, 30.61% (elapsed time  1322.6s, curr speed    0.039 kHz, avg speed    0.038 kHz), accepted    32299/   50001 events (64.60%)
Processed    60000/  163368 entries, 36.73% (elapsed time  1584.0s, curr speed    0.038 kHz, avg speed    0.038 kHz), accepted    38777/   60001 events (64.63%)
Processed    70000/  163368 entries, 42.85% (elapsed time  1855.3s, curr speed    0.037 kHz, avg speed    0.038 kHz), accepted    45176/   70001 events (64.54%)
Processed    80000/  163368 entries, 48.97% (elapsed time  2135.1s, curr speed    0.036 kHz, avg speed    0.037 kHz), accepted    51636/   80001 events (64.54%)
Processed    90000/  163368 entries, 55.09% (elapsed time  2406.2s, curr speed    0.037 kHz, avg speed    0.037 kHz), accepted    58178/   90001 events (64.64%)
Processed   100000/  163368 entries, 61.21% (elapsed time  2695.4s, curr speed    0.035 kHz, avg speed    0.037 kHz), accepted    64596/  100001 events (64.60%)
Processed   110000/  163368 entries, 67.33% (elapsed time  2978.9s, curr speed    0.035 kHz, avg speed    0.037 kHz), accepted    71034/  110001 events (64.58%)
Processed   120000/  163368 entries, 73.45% (elapsed time  3234.9s, curr speed    0.039 kHz, avg speed    0.037 kHz), accepted    77505/  120001 events (64.59%)
Processed   130000/  163368 entries, 79.57% (elapsed time  3485.2s, curr speed    0.040 kHz, avg speed    0.037 kHz), accepted    83960/  130001 events (64.58%)
Processed   140000/  163368 entries, 85.70% (elapsed time  3752.0s, curr speed    0.037 kHz, avg speed    0.037 kHz), accepted    90416/  140001 events (64.58%)
Processed   150000/  163368 entries, 91.82% (elapsed time  4015.0s, curr speed    0.038 kHz, avg speed    0.037 kHz), accepted    96823/  150001 events (64.55%)
Processed   160000/  163368 entries, 97.94% (elapsed time  4280.8s, curr speed    0.038 kHz, avg speed    0.037 kHz), accepted   103337/  160001 events (64.59%)
Processed 163368 preselected entries from root://cms-xrd-global.cern.ch//store/mc/Run3Summer22NanoAODv12/Zto2Nu-4Jets_HT-200to400_TuneCP5_13p6TeV_madgraphMLM-pythia8/NANOAODSIM/130X_mcRun3_2022_realistic_v5-v2/30000/dd17ccb9-eb0c-4bab-a0e7-47680cb5cce5.root (163368 entries). Finally selected 105511 entries
Done ./dd17ccb9-eb0c-4bab-a0e7-47680cb5cce5_Skim.root
Total time 4577.5 sec. to process 163368 events. Rate = 35.7 Hz.
DONE
/tmp/lfavilla/ZJetsToNuNu_HT200to400_2022/file77
hadd Target file: tree_hadd_77.root
hadd compression setting for all output: 1
hadd Source file 1: tree.root
hadd Source file 2: hist.root
hadd Target path: tree_hadd_77.root:/
hadd Target path: tree_hadd_77.root:/plots
/tmp/lfavilla/ZJetsToNuNu_HT200to400_2022/file77
