Standalone environment set.
/tmp/lfavilla/ZJetsToNuNu_HT200to400_2022/file106
hadd Target file: tree.root
hadd compression setting for all output: 1
hadd Source file 1: ./1b64e88b-888b-420a-9ed6-a8a84c745644_Skim.root
hadd Sources and Target have different compression levels
hadd merging will be slower
hadd Target path: tree.root:/
Will write selected trees to .
Pre-select 62052 entries out of 62052 (100.00%)
Processed    10000/   62052 entries, 16.12% (elapsed time   298.2s, curr speed    0.034 kHz, avg speed    0.034 kHz), accepted     6484/   10001 events (64.83%)
Processed    20000/   62052 entries, 32.23% (elapsed time   584.0s, curr speed    0.035 kHz, avg speed    0.034 kHz), accepted    12931/   20001 events (64.65%)
Processed    30000/   62052 entries, 48.35% (elapsed time   875.4s, curr speed    0.034 kHz, avg speed    0.034 kHz), accepted    19411/   30001 events (64.70%)
Processed    40000/   62052 entries, 64.46% (elapsed time  1171.1s, curr speed    0.034 kHz, avg speed    0.034 kHz), accepted    25875/   40001 events (64.69%)
Processed    50000/   62052 entries, 80.58% (elapsed time  1465.2s, curr speed    0.034 kHz, avg speed    0.034 kHz), accepted    32424/   50001 events (64.85%)
Processed    60000/   62052 entries, 96.69% (elapsed time  1765.4s, curr speed    0.033 kHz, avg speed    0.034 kHz), accepted    38946/   60001 events (64.91%)
Processed 62052 preselected entries from root://cms-xrd-global.cern.ch//store/mc/Run3Summer22NanoAODv12/Zto2Nu-4Jets_HT-200to400_TuneCP5_13p6TeV_madgraphMLM-pythia8/NANOAODSIM/130X_mcRun3_2022_realistic_v5-v2/2530000/1b64e88b-888b-420a-9ed6-a8a84c745644.root (62052 entries). Finally selected 40253 entries
Done ./1b64e88b-888b-420a-9ed6-a8a84c745644_Skim.root
Total time 1924.9 sec. to process 62052 events. Rate = 32.2 Hz.
DONE
/tmp/lfavilla/ZJetsToNuNu_HT200to400_2022/file106
hadd Target file: tree_hadd_106.root
hadd compression setting for all output: 1
hadd Source file 1: tree.root
hadd Source file 2: hist.root
hadd Target path: tree_hadd_106.root:/
hadd Target path: tree_hadd_106.root:/plots
/tmp/lfavilla/ZJetsToNuNu_HT200to400_2022/file106
