Standalone environment set.
/tmp/lfavilla/ZJetsToNuNu_HT200to400_2022/file90
hadd Target file: tree.root
hadd compression setting for all output: 1
hadd Source file 1: ./dc86eaaa-ed90-4f97-8e96-0e6514ed4210_Skim.root
hadd Sources and Target have different compression levels
hadd merging will be slower
hadd Target path: tree.root:/
Will write selected trees to .
Pre-select 156140 entries out of 156140 (100.00%)
Processed    10000/  156140 entries,  6.40% (elapsed time   257.2s, curr speed    0.039 kHz, avg speed    0.039 kHz), accepted     6525/   10001 events (65.24%)
Processed    20000/  156140 entries, 12.81% (elapsed time   491.6s, curr speed    0.043 kHz, avg speed    0.041 kHz), accepted    12973/   20001 events (64.86%)
Processed    30000/  156140 entries, 19.21% (elapsed time   726.2s, curr speed    0.043 kHz, avg speed    0.041 kHz), accepted    19448/   30001 events (64.82%)
Processed    40000/  156140 entries, 25.62% (elapsed time   951.4s, curr speed    0.044 kHz, avg speed    0.042 kHz), accepted    25895/   40001 events (64.74%)
Processed    50000/  156140 entries, 32.02% (elapsed time  1190.2s, curr speed    0.042 kHz, avg speed    0.042 kHz), accepted    32319/   50001 events (64.64%)
Processed    60000/  156140 entries, 38.43% (elapsed time  1424.5s, curr speed    0.043 kHz, avg speed    0.042 kHz), accepted    38828/   60001 events (64.71%)
Processed    70000/  156140 entries, 44.83% (elapsed time  1665.6s, curr speed    0.041 kHz, avg speed    0.042 kHz), accepted    45324/   70001 events (64.75%)
Processed    80000/  156140 entries, 51.24% (elapsed time  1891.2s, curr speed    0.044 kHz, avg speed    0.042 kHz), accepted    51861/   80001 events (64.83%)
Processed    90000/  156140 entries, 57.64% (elapsed time  2121.0s, curr speed    0.044 kHz, avg speed    0.042 kHz), accepted    58302/   90001 events (64.78%)
Processed   100000/  156140 entries, 64.05% (elapsed time  2357.0s, curr speed    0.042 kHz, avg speed    0.042 kHz), accepted    64670/  100001 events (64.67%)
Processed   110000/  156140 entries, 70.45% (elapsed time  2597.6s, curr speed    0.042 kHz, avg speed    0.042 kHz), accepted    71096/  110001 events (64.63%)
Processed   120000/  156140 entries, 76.85% (elapsed time  2843.1s, curr speed    0.041 kHz, avg speed    0.042 kHz), accepted    77520/  120001 events (64.60%)
Processed   130000/  156140 entries, 83.26% (elapsed time  3073.3s, curr speed    0.043 kHz, avg speed    0.042 kHz), accepted    83934/  130001 events (64.56%)
Processed   140000/  156140 entries, 89.66% (elapsed time  3303.9s, curr speed    0.043 kHz, avg speed    0.042 kHz), accepted    90433/  140001 events (64.59%)
Processed   150000/  156140 entries, 96.07% (elapsed time  3545.0s, curr speed    0.041 kHz, avg speed    0.042 kHz), accepted    96947/  150001 events (64.63%)
Processed 156140 preselected entries from root://cms-xrd-global.cern.ch//store/mc/Run3Summer22NanoAODv12/Zto2Nu-4Jets_HT-200to400_TuneCP5_13p6TeV_madgraphMLM-pythia8/NANOAODSIM/130X_mcRun3_2022_realistic_v5-v2/2540000/dc86eaaa-ed90-4f97-8e96-0e6514ed4210.root (156140 entries). Finally selected 100866 entries
Done ./dc86eaaa-ed90-4f97-8e96-0e6514ed4210_Skim.root
Total time 3883.4 sec. to process 156140 events. Rate = 40.2 Hz.
DONE
/tmp/lfavilla/ZJetsToNuNu_HT200to400_2022/file90
hadd Target file: tree_hadd_90.root
hadd compression setting for all output: 1
hadd Source file 1: tree.root
hadd Source file 2: hist.root
hadd Target path: tree_hadd_90.root:/
hadd Target path: tree_hadd_90.root:/plots
/tmp/lfavilla/ZJetsToNuNu_HT200to400_2022/file90
