Standalone environment set.
/tmp/lfavilla/ZJetsToNuNu_HT200to400_2022/file159
hadd Target file: tree.root
hadd compression setting for all output: 1
hadd Source file 1: ./f9fb568e-2b4a-4052-b7b1-20bb479b71ed_Skim.root
hadd Sources and Target have different compression levels
hadd merging will be slower
hadd Target path: tree.root:/
Will write selected trees to .
Pre-select 17433 entries out of 17433 (100.00%)
Processed    10000/   17433 entries, 57.36% (elapsed time   345.2s, curr speed    0.029 kHz, avg speed    0.029 kHz), accepted     6552/   10001 events (65.51%)
Processed 17433 preselected entries from root://cms-xrd-global.cern.ch//store/mc/Run3Summer22NanoAODv12/Zto2Nu-4Jets_HT-200to400_TuneCP5_13p6TeV_madgraphMLM-pythia8/NANOAODSIM/130X_mcRun3_2022_realistic_v5-v2/2540000/f9fb568e-2b4a-4052-b7b1-20bb479b71ed.root (17433 entries). Finally selected 11409 entries
Done ./f9fb568e-2b4a-4052-b7b1-20bb479b71ed_Skim.root
Total time 637.3 sec. to process 17433 events. Rate = 27.4 Hz.
DONE
/tmp/lfavilla/ZJetsToNuNu_HT200to400_2022/file159
hadd Target file: tree_hadd_159.root
hadd compression setting for all output: 1
hadd Source file 1: tree.root
hadd Source file 2: hist.root
hadd Target path: tree_hadd_159.root:/
hadd Target path: tree_hadd_159.root:/plots
/tmp/lfavilla/ZJetsToNuNu_HT200to400_2022/file159
