Standalone environment set.
/tmp/lfavilla/ZJetsToNuNu_HT200to400_2022/file104
hadd Target file: tree.root
hadd compression setting for all output: 1
hadd Source file 1: ./a11a01a9-6a21-4d35-bbf8-6e0c9625d10b_Skim.root
hadd Sources and Target have different compression levels
hadd merging will be slower
hadd Target path: tree.root:/
Will write selected trees to .
Pre-select 152929 entries out of 152929 (100.00%)
Processed    10000/  152929 entries,  6.54% (elapsed time   286.2s, curr speed    0.035 kHz, avg speed    0.035 kHz), accepted     6548/   10001 events (65.47%)
Processed    20000/  152929 entries, 13.08% (elapsed time   556.4s, curr speed    0.037 kHz, avg speed    0.036 kHz), accepted    13050/   20001 events (65.25%)
Processed    30000/  152929 entries, 19.62% (elapsed time   833.0s, curr speed    0.036 kHz, avg speed    0.036 kHz), accepted    19513/   30001 events (65.04%)
Processed    40000/  152929 entries, 26.16% (elapsed time  1103.7s, curr speed    0.037 kHz, avg speed    0.036 kHz), accepted    25955/   40001 events (64.89%)
Processed    50000/  152929 entries, 32.69% (elapsed time  1373.9s, curr speed    0.037 kHz, avg speed    0.036 kHz), accepted    32484/   50001 events (64.97%)
Processed    60000/  152929 entries, 39.23% (elapsed time  1648.4s, curr speed    0.036 kHz, avg speed    0.036 kHz), accepted    38987/   60001 events (64.98%)
Processed    70000/  152929 entries, 45.77% (elapsed time  1926.8s, curr speed    0.036 kHz, avg speed    0.036 kHz), accepted    45421/   70001 events (64.89%)
Processed    80000/  152929 entries, 52.31% (elapsed time  2221.2s, curr speed    0.034 kHz, avg speed    0.036 kHz), accepted    51850/   80001 events (64.81%)
Processed    90000/  152929 entries, 58.85% (elapsed time  2529.7s, curr speed    0.032 kHz, avg speed    0.036 kHz), accepted    58314/   90001 events (64.79%)
Processed   100000/  152929 entries, 65.39% (elapsed time  2822.5s, curr speed    0.034 kHz, avg speed    0.035 kHz), accepted    64832/  100001 events (64.83%)
Processed   110000/  152929 entries, 71.93% (elapsed time  3101.9s, curr speed    0.036 kHz, avg speed    0.035 kHz), accepted    71371/  110001 events (64.88%)
Processed   120000/  152929 entries, 78.47% (elapsed time  3378.5s, curr speed    0.036 kHz, avg speed    0.036 kHz), accepted    77794/  120001 events (64.83%)
Processed   130000/  152929 entries, 85.01% (elapsed time  3646.8s, curr speed    0.037 kHz, avg speed    0.036 kHz), accepted    84209/  130001 events (64.78%)
Processed   140000/  152929 entries, 91.55% (elapsed time  3919.8s, curr speed    0.037 kHz, avg speed    0.036 kHz), accepted    90672/  140001 events (64.77%)
Processed   150000/  152929 entries, 98.08% (elapsed time  4196.0s, curr speed    0.036 kHz, avg speed    0.036 kHz), accepted    97145/  150001 events (64.76%)
Processed 152929 preselected entries from root://cms-xrd-global.cern.ch//store/mc/Run3Summer22NanoAODv12/Zto2Nu-4Jets_HT-200to400_TuneCP5_13p6TeV_madgraphMLM-pythia8/NANOAODSIM/130X_mcRun3_2022_realistic_v5-v2/2540000/a11a01a9-6a21-4d35-bbf8-6e0c9625d10b.root (152929 entries). Finally selected 99090 entries
Done ./a11a01a9-6a21-4d35-bbf8-6e0c9625d10b_Skim.root
Total time 4480.8 sec. to process 152929 events. Rate = 34.1 Hz.
DONE
/tmp/lfavilla/ZJetsToNuNu_HT200to400_2022/file104
hadd Target file: tree_hadd_104.root
hadd compression setting for all output: 1
hadd Source file 1: tree.root
hadd Source file 2: hist.root
hadd Target path: tree_hadd_104.root:/
hadd Target path: tree_hadd_104.root:/plots
/tmp/lfavilla/ZJetsToNuNu_HT200to400_2022/file104
