Standalone environment set.
/tmp/lfavilla/ZJetsToNuNu_HT200to400_2022/file53
hadd Target file: tree.root
hadd compression setting for all output: 1
hadd Source file 1: ./5e86cad2-6338-4de6-8513-bceef42c73b3_Skim.root
hadd Sources and Target have different compression levels
hadd merging will be slower
hadd Target path: tree.root:/
Will write selected trees to .
Pre-select 154115 entries out of 154115 (100.00%)
Processed    10000/  154115 entries,  6.49% (elapsed time   300.9s, curr speed    0.033 kHz, avg speed    0.033 kHz), accepted     6503/   10001 events (65.02%)
Processed    20000/  154115 entries, 12.98% (elapsed time   588.2s, curr speed    0.035 kHz, avg speed    0.034 kHz), accepted    12988/   20001 events (64.94%)
Processed    30000/  154115 entries, 19.47% (elapsed time   881.2s, curr speed    0.034 kHz, avg speed    0.034 kHz), accepted    19433/   30001 events (64.77%)
Processed    40000/  154115 entries, 25.95% (elapsed time  1182.6s, curr speed    0.033 kHz, avg speed    0.034 kHz), accepted    25839/   40001 events (64.60%)
Processed    50000/  154115 entries, 32.44% (elapsed time  1483.5s, curr speed    0.033 kHz, avg speed    0.034 kHz), accepted    32290/   50001 events (64.58%)
Processed    60000/  154115 entries, 38.93% (elapsed time  1793.2s, curr speed    0.032 kHz, avg speed    0.033 kHz), accepted    38823/   60001 events (64.70%)
Processed    70000/  154115 entries, 45.42% (elapsed time  2113.1s, curr speed    0.031 kHz, avg speed    0.033 kHz), accepted    45357/   70001 events (64.79%)
Processed    80000/  154115 entries, 51.91% (elapsed time  2425.0s, curr speed    0.032 kHz, avg speed    0.033 kHz), accepted    51869/   80001 events (64.84%)
Processed    90000/  154115 entries, 58.40% (elapsed time  2744.5s, curr speed    0.031 kHz, avg speed    0.033 kHz), accepted    58414/   90001 events (64.90%)
Processed   100000/  154115 entries, 64.89% (elapsed time  3104.9s, curr speed    0.028 kHz, avg speed    0.032 kHz), accepted    64812/  100001 events (64.81%)
Processed   110000/  154115 entries, 71.38% (elapsed time  3401.5s, curr speed    0.034 kHz, avg speed    0.032 kHz), accepted    71238/  110001 events (64.76%)
Processed   120000/  154115 entries, 77.86% (elapsed time  3688.5s, curr speed    0.035 kHz, avg speed    0.033 kHz), accepted    77724/  120001 events (64.77%)
Processed   130000/  154115 entries, 84.35% (elapsed time  3982.3s, curr speed    0.034 kHz, avg speed    0.033 kHz), accepted    84163/  130001 events (64.74%)
Processed   140000/  154115 entries, 90.84% (elapsed time  4272.7s, curr speed    0.034 kHz, avg speed    0.033 kHz), accepted    90773/  140001 events (64.84%)
Processed   150000/  154115 entries, 97.33% (elapsed time  4563.9s, curr speed    0.034 kHz, avg speed    0.033 kHz), accepted    97323/  150001 events (64.88%)
Processed 154115 preselected entries from root://cms-xrd-global.cern.ch//store/mc/Run3Summer22NanoAODv12/Zto2Nu-4Jets_HT-200to400_TuneCP5_13p6TeV_madgraphMLM-pythia8/NANOAODSIM/130X_mcRun3_2022_realistic_v5-v2/2540000/5e86cad2-6338-4de6-8513-bceef42c73b3.root (154115 entries). Finally selected 99989 entries
Done ./5e86cad2-6338-4de6-8513-bceef42c73b3_Skim.root
Total time 4946.8 sec. to process 154115 events. Rate = 31.2 Hz.
DONE
/tmp/lfavilla/ZJetsToNuNu_HT200to400_2022/file53
hadd Target file: tree_hadd_53.root
hadd compression setting for all output: 1
hadd Source file 1: tree.root
hadd Source file 2: hist.root
hadd Target path: tree_hadd_53.root:/
hadd Target path: tree_hadd_53.root:/plots
/tmp/lfavilla/ZJetsToNuNu_HT200to400_2022/file53
