Standalone environment set.
/tmp/lfavilla/ZJetsToNuNu_HT200to400_2022/file184
hadd Target file: tree.root
hadd compression setting for all output: 1
hadd Source file 1: ./bc04bb0a-a773-4d6e-b52d-0028bdc13dd2_Skim.root
hadd Sources and Target have different compression levels
hadd merging will be slower
hadd Target path: tree.root:/
Will write selected trees to .
Pre-select 36549 entries out of 36549 (100.00%)
Processed    10000/   36549 entries, 27.36% (elapsed time   355.1s, curr speed    0.028 kHz, avg speed    0.028 kHz), accepted     6456/   10001 events (64.55%)
Processed    20000/   36549 entries, 54.72% (elapsed time   692.8s, curr speed    0.030 kHz, avg speed    0.029 kHz), accepted    12856/   20001 events (64.28%)
Processed    30000/   36549 entries, 82.08% (elapsed time  1038.6s, curr speed    0.029 kHz, avg speed    0.029 kHz), accepted    19258/   30001 events (64.19%)
Processed 36549 preselected entries from root://cms-xrd-global.cern.ch//store/mc/Run3Summer22NanoAODv12/Zto2Nu-4Jets_HT-200to400_TuneCP5_13p6TeV_madgraphMLM-pythia8/NANOAODSIM/130X_mcRun3_2022_realistic_v5-v2/2520000/bc04bb0a-a773-4d6e-b52d-0028bdc13dd2.root (36549 entries). Finally selected 23563 entries
Done ./bc04bb0a-a773-4d6e-b52d-0028bdc13dd2_Skim.root
Total time 1358.7 sec. to process 36549 events. Rate = 26.9 Hz.
DONE
/tmp/lfavilla/ZJetsToNuNu_HT200to400_2022/file184
hadd Target file: tree_hadd_184.root
hadd compression setting for all output: 1
hadd Source file 1: tree.root
hadd Source file 2: hist.root
hadd Target path: tree_hadd_184.root:/
hadd Target path: tree_hadd_184.root:/plots
/tmp/lfavilla/ZJetsToNuNu_HT200to400_2022/file184
