Standalone environment set.
/tmp/lfavilla/ZJetsToNuNu_HT200to400_2022/file36
hadd Target file: tree.root
hadd compression setting for all output: 1
hadd Source file 1: ./a2ea02c1-b41d-4fc7-858e-a1233707fd49_Skim.root
hadd Sources and Target have different compression levels
hadd merging will be slower
hadd Target path: tree.root:/
Will write selected trees to .
Pre-select 6162 entries out of 6162 (100.00%)
Processed 6162 preselected entries from root://cms-xrd-global.cern.ch//store/mc/Run3Summer22NanoAODv12/Zto2Nu-4Jets_HT-200to400_TuneCP5_13p6TeV_madgraphMLM-pythia8/NANOAODSIM/130X_mcRun3_2022_realistic_v5-v2/40000/a2ea02c1-b41d-4fc7-858e-a1233707fd49.root (6162 entries). Finally selected 3957 entries
Done ./a2ea02c1-b41d-4fc7-858e-a1233707fd49_Skim.root
Total time 189.2 sec. to process 6162 events. Rate = 32.6 Hz.
DONE
/tmp/lfavilla/ZJetsToNuNu_HT200to400_2022/file36
hadd Target file: tree_hadd_36.root
hadd compression setting for all output: 1
hadd Source file 1: tree.root
hadd Source file 2: hist.root
hadd Target path: tree_hadd_36.root:/
hadd Target path: tree_hadd_36.root:/plots
/tmp/lfavilla/ZJetsToNuNu_HT200to400_2022/file36
