Standalone environment set.
/tmp/lfavilla/ZJetsToNuNu_HT200to400_2022/file130
hadd Target file: tree.root
hadd compression setting for all output: 1
hadd Source file 1: ./1739d0c9-97d3-4fbc-92ac-a8b76f47836a_Skim.root
hadd Sources and Target have different compression levels
hadd merging will be slower
hadd Target path: tree.root:/
Will write selected trees to .
Pre-select 45284 entries out of 45284 (100.00%)
Processed    10000/   45284 entries, 22.08% (elapsed time   278.9s, curr speed    0.036 kHz, avg speed    0.036 kHz), accepted     6484/   10001 events (64.83%)
Processed    20000/   45284 entries, 44.17% (elapsed time   556.7s, curr speed    0.036 kHz, avg speed    0.036 kHz), accepted    12894/   20001 events (64.47%)
Processed    30000/   45284 entries, 66.25% (elapsed time   829.1s, curr speed    0.037 kHz, avg speed    0.036 kHz), accepted    19349/   30001 events (64.49%)
Processed    40000/   45284 entries, 88.33% (elapsed time  1097.6s, curr speed    0.037 kHz, avg speed    0.036 kHz), accepted    25737/   40001 events (64.34%)
Processed 45284 preselected entries from root://cms-xrd-global.cern.ch//store/mc/Run3Summer22NanoAODv12/Zto2Nu-4Jets_HT-200to400_TuneCP5_13p6TeV_madgraphMLM-pythia8/NANOAODSIM/130X_mcRun3_2022_realistic_v5-v2/2520000/1739d0c9-97d3-4fbc-92ac-a8b76f47836a.root (45284 entries). Finally selected 29175 entries
Done ./1739d0c9-97d3-4fbc-92ac-a8b76f47836a_Skim.root
Total time 1300.6 sec. to process 45284 events. Rate = 34.8 Hz.
DONE
/tmp/lfavilla/ZJetsToNuNu_HT200to400_2022/file130
hadd Target file: tree_hadd_130.root
hadd compression setting for all output: 1
hadd Source file 1: tree.root
hadd Source file 2: hist.root
hadd Target path: tree_hadd_130.root:/
hadd Target path: tree_hadd_130.root:/plots
/tmp/lfavilla/ZJetsToNuNu_HT200to400_2022/file130
