Standalone environment set.
/tmp/lfavilla/ZJetsToNuNu_HT200to400_2022/file236
hadd Target file: tree.root
hadd compression setting for all output: 1
hadd Source file 1: ./0b18d46f-d9cc-4851-90b5-ae9f6aae0e1b_Skim.root
hadd Sources and Target have different compression levels
hadd merging will be slower
hadd Target path: tree.root:/
Will write selected trees to .
Pre-select 31125 entries out of 31125 (100.00%)
Processed    10000/   31125 entries, 32.13% (elapsed time   284.4s, curr speed    0.035 kHz, avg speed    0.035 kHz), accepted     6406/   10001 events (64.05%)
Processed    20000/   31125 entries, 64.26% (elapsed time   551.5s, curr speed    0.037 kHz, avg speed    0.036 kHz), accepted    12836/   20001 events (64.18%)
Processed    30000/   31125 entries, 96.39% (elapsed time   824.6s, curr speed    0.037 kHz, avg speed    0.036 kHz), accepted    19255/   30001 events (64.18%)
Processed 31125 preselected entries from root://cms-xrd-global.cern.ch//store/mc/Run3Summer22NanoAODv12/Zto2Nu-4Jets_HT-200to400_TuneCP5_13p6TeV_madgraphMLM-pythia8/NANOAODSIM/130X_mcRun3_2022_realistic_v5-v2/50000/0b18d46f-d9cc-4851-90b5-ae9f6aae0e1b.root (31125 entries). Finally selected 19991 entries
Done ./0b18d46f-d9cc-4851-90b5-ae9f6aae0e1b_Skim.root
Total time 922.8 sec. to process 31125 events. Rate = 33.7 Hz.
DONE
/tmp/lfavilla/ZJetsToNuNu_HT200to400_2022/file236
hadd Target file: tree_hadd_236.root
hadd compression setting for all output: 1
hadd Source file 1: tree.root
hadd Source file 2: hist.root
hadd Target path: tree_hadd_236.root:/
hadd Target path: tree_hadd_236.root:/plots
/tmp/lfavilla/ZJetsToNuNu_HT200to400_2022/file236
