Standalone environment set.
/tmp/lfavilla/ZJetsToNuNu_HT200to400_2022/file144
hadd Target file: tree.root
hadd compression setting for all output: 1
hadd Source file 1: ./4df431f1-711a-4500-8c51-9d7c13a3a58a_Skim.root
hadd Sources and Target have different compression levels
hadd merging will be slower
hadd Target path: tree.root:/
Will write selected trees to .
Pre-select 562 entries out of 562 (100.00%)
Processed 562 preselected entries from root://cms-xrd-global.cern.ch//store/mc/Run3Summer22NanoAODv12/Zto2Nu-4Jets_HT-200to400_TuneCP5_13p6TeV_madgraphMLM-pythia8/NANOAODSIM/130X_mcRun3_2022_realistic_v5-v2/2540000/4df431f1-711a-4500-8c51-9d7c13a3a58a.root (562 entries). Finally selected 363 entries
Done ./4df431f1-711a-4500-8c51-9d7c13a3a58a_Skim.root
Total time 41.5 sec. to process 562 events. Rate = 13.5 Hz.
DONE
/tmp/lfavilla/ZJetsToNuNu_HT200to400_2022/file144
hadd Target file: tree_hadd_144.root
hadd compression setting for all output: 1
hadd Source file 1: tree.root
hadd Source file 2: hist.root
hadd Target path: tree_hadd_144.root:/
hadd Target path: tree_hadd_144.root:/plots
/tmp/lfavilla/ZJetsToNuNu_HT200to400_2022/file144
