Standalone environment set.
/tmp/lfavilla/ZJetsToNuNu_HT200to400_2022/file24
hadd Target file: tree.root
hadd compression setting for all output: 1
hadd Source file 1: ./890e6b8e-a158-43f7-b1d4-89659dfa2eb3_Skim.root
hadd Sources and Target have different compression levels
hadd merging will be slower
hadd Target path: tree.root:/
Will write selected trees to .
Pre-select 79057 entries out of 79057 (100.00%)
Processed    10000/   79057 entries, 12.65% (elapsed time   278.6s, curr speed    0.036 kHz, avg speed    0.036 kHz), accepted     6482/   10001 events (64.81%)
Processed    20000/   79057 entries, 25.30% (elapsed time   524.0s, curr speed    0.041 kHz, avg speed    0.038 kHz), accepted    12847/   20001 events (64.23%)
Processed    30000/   79057 entries, 37.95% (elapsed time   789.8s, curr speed    0.038 kHz, avg speed    0.038 kHz), accepted    19380/   30001 events (64.60%)
Processed    40000/   79057 entries, 50.60% (elapsed time  1054.2s, curr speed    0.038 kHz, avg speed    0.038 kHz), accepted    25773/   40001 events (64.43%)
Processed    50000/   79057 entries, 63.25% (elapsed time  1307.8s, curr speed    0.039 kHz, avg speed    0.038 kHz), accepted    32184/   50001 events (64.37%)
Processed    60000/   79057 entries, 75.89% (elapsed time  1562.7s, curr speed    0.039 kHz, avg speed    0.038 kHz), accepted    38688/   60001 events (64.48%)
Processed    70000/   79057 entries, 88.54% (elapsed time  1836.6s, curr speed    0.037 kHz, avg speed    0.038 kHz), accepted    45097/   70001 events (64.42%)
Processed 79057 preselected entries from root://cms-xrd-global.cern.ch//store/mc/Run3Summer22NanoAODv12/Zto2Nu-4Jets_HT-200to400_TuneCP5_13p6TeV_madgraphMLM-pythia8/NANOAODSIM/130X_mcRun3_2022_realistic_v5-v2/2530000/890e6b8e-a158-43f7-b1d4-89659dfa2eb3.root (79057 entries). Finally selected 50979 entries
Done ./890e6b8e-a158-43f7-b1d4-89659dfa2eb3_Skim.root
Total time 2196.5 sec. to process 79057 events. Rate = 36.0 Hz.
DONE
/tmp/lfavilla/ZJetsToNuNu_HT200to400_2022/file24
hadd Target file: tree_hadd_24.root
hadd compression setting for all output: 1
hadd Source file 1: tree.root
hadd Source file 2: hist.root
hadd Target path: tree_hadd_24.root:/
hadd Target path: tree_hadd_24.root:/plots
/tmp/lfavilla/ZJetsToNuNu_HT200to400_2022/file24
