Standalone environment set.
/tmp/lfavilla/ZJetsToNuNu_HT200to400_2022/file111
hadd Target file: tree.root
hadd compression setting for all output: 1
hadd Source file 1: ./c9a9a212-e5c3-4019-9c14-ca8149b8e960_Skim.root
hadd Sources and Target have different compression levels
hadd merging will be slower
hadd Target path: tree.root:/
Will write selected trees to .
Pre-select 29491 entries out of 29491 (100.00%)
Processed    10000/   29491 entries, 33.91% (elapsed time   277.0s, curr speed    0.036 kHz, avg speed    0.036 kHz), accepted     6492/   10001 events (64.91%)
Processed    20000/   29491 entries, 67.82% (elapsed time   538.4s, curr speed    0.038 kHz, avg speed    0.037 kHz), accepted    12975/   20001 events (64.87%)
Processed 29491 preselected entries from root://cms-xrd-global.cern.ch//store/mc/Run3Summer22NanoAODv12/Zto2Nu-4Jets_HT-200to400_TuneCP5_13p6TeV_madgraphMLM-pythia8/NANOAODSIM/130X_mcRun3_2022_realistic_v5-v2/40000/c9a9a212-e5c3-4019-9c14-ca8149b8e960.root (29491 entries). Finally selected 19142 entries
Done ./c9a9a212-e5c3-4019-9c14-ca8149b8e960_Skim.root
Total time 830.0 sec. to process 29491 events. Rate = 35.5 Hz.
DONE
/tmp/lfavilla/ZJetsToNuNu_HT200to400_2022/file111
hadd Target file: tree_hadd_111.root
hadd compression setting for all output: 1
hadd Source file 1: tree.root
hadd Source file 2: hist.root
hadd Target path: tree_hadd_111.root:/
hadd Target path: tree_hadd_111.root:/plots
/tmp/lfavilla/ZJetsToNuNu_HT200to400_2022/file111
