Standalone environment set.
/tmp/lfavilla/ZJetsToNuNu_HT200to400_2022/file136
hadd Target file: tree.root
hadd compression setting for all output: 1
hadd Source file 1: ./d9acd97f-8455-4fbc-b776-3d81a382206a_Skim.root
hadd Sources and Target have different compression levels
hadd merging will be slower
hadd Target path: tree.root:/
Will write selected trees to .
Pre-select 56033 entries out of 56033 (100.00%)
Processed    10000/   56033 entries, 17.85% (elapsed time   225.4s, curr speed    0.044 kHz, avg speed    0.044 kHz), accepted     6471/   10001 events (64.70%)
Processed    20000/   56033 entries, 35.69% (elapsed time   448.1s, curr speed    0.045 kHz, avg speed    0.045 kHz), accepted    12939/   20001 events (64.69%)
Processed    30000/   56033 entries, 53.54% (elapsed time   677.3s, curr speed    0.044 kHz, avg speed    0.044 kHz), accepted    19480/   30001 events (64.93%)
Processed    40000/   56033 entries, 71.39% (elapsed time   902.9s, curr speed    0.044 kHz, avg speed    0.044 kHz), accepted    25905/   40001 events (64.76%)
Processed    50000/   56033 entries, 89.23% (elapsed time  1134.8s, curr speed    0.043 kHz, avg speed    0.044 kHz), accepted    32413/   50001 events (64.82%)
Processed 56033 preselected entries from root://cms-xrd-global.cern.ch//store/mc/Run3Summer22NanoAODv12/Zto2Nu-4Jets_HT-200to400_TuneCP5_13p6TeV_madgraphMLM-pythia8/NANOAODSIM/130X_mcRun3_2022_realistic_v5-v2/30000/d9acd97f-8455-4fbc-b776-3d81a382206a.root (56033 entries). Finally selected 36304 entries
Done ./d9acd97f-8455-4fbc-b776-3d81a382206a_Skim.root
Total time 1339.6 sec. to process 56033 events. Rate = 41.8 Hz.
DONE
/tmp/lfavilla/ZJetsToNuNu_HT200to400_2022/file136
hadd Target file: tree_hadd_136.root
hadd compression setting for all output: 1
hadd Source file 1: tree.root
hadd Source file 2: hist.root
hadd Target path: tree_hadd_136.root:/
hadd Target path: tree_hadd_136.root:/plots
/tmp/lfavilla/ZJetsToNuNu_HT200to400_2022/file136
