Standalone environment set.
/tmp/lfavilla/ZJetsToNuNu_HT200to400_2022/file140
hadd Target file: tree.root
hadd compression setting for all output: 1
hadd Source file 1: ./08a6b17c-7c2d-4a91-b479-d67ab3deddc8_Skim.root
hadd Sources and Target have different compression levels
hadd merging will be slower
hadd Target path: tree.root:/
Will write selected trees to .
Pre-select 7370 entries out of 7370 (100.00%)
Processed 7370 preselected entries from root://cms-xrd-global.cern.ch//store/mc/Run3Summer22NanoAODv12/Zto2Nu-4Jets_HT-200to400_TuneCP5_13p6TeV_madgraphMLM-pythia8/NANOAODSIM/130X_mcRun3_2022_realistic_v5-v2/50000/08a6b17c-7c2d-4a91-b479-d67ab3deddc8.root (7370 entries). Finally selected 4743 entries
Done ./08a6b17c-7c2d-4a91-b479-d67ab3deddc8_Skim.root
Total time 220.3 sec. to process 7370 events. Rate = 33.5 Hz.
DONE
/tmp/lfavilla/ZJetsToNuNu_HT200to400_2022/file140
hadd Target file: tree_hadd_140.root
hadd compression setting for all output: 1
hadd Source file 1: tree.root
hadd Source file 2: hist.root
hadd Target path: tree_hadd_140.root:/
hadd Target path: tree_hadd_140.root:/plots
/tmp/lfavilla/ZJetsToNuNu_HT200to400_2022/file140
