Standalone environment set.
/tmp/lfavilla/ZJetsToNuNu_HT200to400_2022/file201
hadd Target file: tree.root
hadd compression setting for all output: 1
hadd Source file 1: ./15960956-3670-436b-ab76-889d6e768033_Skim.root
hadd Sources and Target have different compression levels
hadd merging will be slower
hadd Target path: tree.root:/
Will write selected trees to .
Pre-select 145599 entries out of 145599 (100.00%)
Processed    10000/  145599 entries,  6.87% (elapsed time   241.6s, curr speed    0.041 kHz, avg speed    0.041 kHz), accepted     6547/   10001 events (65.46%)
Processed    20000/  145599 entries, 13.74% (elapsed time   460.8s, curr speed    0.046 kHz, avg speed    0.043 kHz), accepted    12931/   20001 events (64.65%)
Processed    30000/  145599 entries, 20.60% (elapsed time   691.4s, curr speed    0.043 kHz, avg speed    0.043 kHz), accepted    19412/   30001 events (64.70%)
Processed    40000/  145599 entries, 27.47% (elapsed time   929.3s, curr speed    0.042 kHz, avg speed    0.043 kHz), accepted    25889/   40001 events (64.72%)
Processed    50000/  145599 entries, 34.34% (elapsed time  1167.6s, curr speed    0.042 kHz, avg speed    0.043 kHz), accepted    32401/   50001 events (64.80%)
Processed    60000/  145599 entries, 41.21% (elapsed time  1424.3s, curr speed    0.039 kHz, avg speed    0.042 kHz), accepted    38933/   60001 events (64.89%)
Processed    70000/  145599 entries, 48.08% (elapsed time  1656.8s, curr speed    0.043 kHz, avg speed    0.042 kHz), accepted    45366/   70001 events (64.81%)
Processed    80000/  145599 entries, 54.95% (elapsed time  1898.9s, curr speed    0.041 kHz, avg speed    0.042 kHz), accepted    51772/   80001 events (64.71%)
Processed    90000/  145599 entries, 61.81% (elapsed time  2169.7s, curr speed    0.037 kHz, avg speed    0.041 kHz), accepted    58269/   90001 events (64.74%)
Processed   100000/  145599 entries, 68.68% (elapsed time  2448.9s, curr speed    0.036 kHz, avg speed    0.041 kHz), accepted    64728/  100001 events (64.73%)
Processed   110000/  145599 entries, 75.55% (elapsed time  2707.8s, curr speed    0.039 kHz, avg speed    0.041 kHz), accepted    71127/  110001 events (64.66%)
Processed   120000/  145599 entries, 82.42% (elapsed time  2953.1s, curr speed    0.041 kHz, avg speed    0.041 kHz), accepted    77583/  120001 events (64.65%)
Processed   130000/  145599 entries, 89.29% (elapsed time  3219.8s, curr speed    0.037 kHz, avg speed    0.040 kHz), accepted    84075/  130001 events (64.67%)
Processed   140000/  145599 entries, 96.15% (elapsed time  3489.4s, curr speed    0.037 kHz, avg speed    0.040 kHz), accepted    90495/  140001 events (64.64%)
Processed 145599 preselected entries from root://cms-xrd-global.cern.ch//store/mc/Run3Summer22NanoAODv12/Zto2Nu-4Jets_HT-200to400_TuneCP5_13p6TeV_madgraphMLM-pythia8/NANOAODSIM/130X_mcRun3_2022_realistic_v5-v2/50000/15960956-3670-436b-ab76-889d6e768033.root (145599 entries). Finally selected 94105 entries
Done ./15960956-3670-436b-ab76-889d6e768033_Skim.root
Total time 3825.3 sec. to process 145599 events. Rate = 38.1 Hz.
DONE
/tmp/lfavilla/ZJetsToNuNu_HT200to400_2022/file201
hadd Target file: tree_hadd_201.root
hadd compression setting for all output: 1
hadd Source file 1: tree.root
hadd Source file 2: hist.root
hadd Target path: tree_hadd_201.root:/
hadd Target path: tree_hadd_201.root:/plots
/tmp/lfavilla/ZJetsToNuNu_HT200to400_2022/file201
