Standalone environment set.
/tmp/lfavilla/ZJetsToNuNu_HT200to400_2022/file89
hadd Target file: tree.root
hadd compression setting for all output: 1
hadd Source file 1: ./8b639a7b-7d31-48c7-a4db-894674819d3a_Skim.root
hadd Sources and Target have different compression levels
hadd merging will be slower
hadd Target path: tree.root:/
Will write selected trees to .
Pre-select 96634 entries out of 96634 (100.00%)
Processed    10000/   96634 entries, 10.35% (elapsed time   320.5s, curr speed    0.031 kHz, avg speed    0.031 kHz), accepted     6496/   10001 events (64.95%)
Processed    20000/   96634 entries, 20.70% (elapsed time   615.2s, curr speed    0.034 kHz, avg speed    0.033 kHz), accepted    12911/   20001 events (64.55%)
Processed    30000/   96634 entries, 31.04% (elapsed time   868.0s, curr speed    0.040 kHz, avg speed    0.035 kHz), accepted    19330/   30001 events (64.43%)
Processed    40000/   96634 entries, 41.39% (elapsed time  1124.1s, curr speed    0.039 kHz, avg speed    0.036 kHz), accepted    25786/   40001 events (64.46%)
Processed    50000/   96634 entries, 51.74% (elapsed time  1388.2s, curr speed    0.038 kHz, avg speed    0.036 kHz), accepted    32363/   50001 events (64.72%)
Processed    60000/   96634 entries, 62.09% (elapsed time  1655.4s, curr speed    0.037 kHz, avg speed    0.036 kHz), accepted    38859/   60001 events (64.76%)
Processed    70000/   96634 entries, 72.44% (elapsed time  1909.0s, curr speed    0.039 kHz, avg speed    0.037 kHz), accepted    45285/   70001 events (64.69%)
Processed    80000/   96634 entries, 82.79% (elapsed time  2177.5s, curr speed    0.037 kHz, avg speed    0.037 kHz), accepted    51741/   80001 events (64.68%)
Processed    90000/   96634 entries, 93.13% (elapsed time  2459.0s, curr speed    0.036 kHz, avg speed    0.037 kHz), accepted    58286/   90001 events (64.76%)
Processed 96634 preselected entries from root://cms-xrd-global.cern.ch//store/mc/Run3Summer22NanoAODv12/Zto2Nu-4Jets_HT-200to400_TuneCP5_13p6TeV_madgraphMLM-pythia8/NANOAODSIM/130X_mcRun3_2022_realistic_v5-v2/2540000/8b639a7b-7d31-48c7-a4db-894674819d3a.root (96634 entries). Finally selected 62599 entries
Done ./8b639a7b-7d31-48c7-a4db-894674819d3a_Skim.root
Total time 2767.1 sec. to process 96634 events. Rate = 34.9 Hz.
DONE
/tmp/lfavilla/ZJetsToNuNu_HT200to400_2022/file89
hadd Target file: tree_hadd_89.root
hadd compression setting for all output: 1
hadd Source file 1: tree.root
hadd Source file 2: hist.root
hadd Target path: tree_hadd_89.root:/
hadd Target path: tree_hadd_89.root:/plots
/tmp/lfavilla/ZJetsToNuNu_HT200to400_2022/file89
