Standalone environment set.
/tmp/lfavilla/ZJetsToNuNu_HT200to400_2022/file7
hadd Target file: tree.root
hadd compression setting for all output: 1
hadd Source file 1: ./806ff04f-d3d3-4a02-82da-ace9cf5b4d58_Skim.root
hadd Sources and Target have different compression levels
hadd merging will be slower
hadd Target path: tree.root:/
Will write selected trees to .
Pre-select 191284 entries out of 191284 (100.00%)
Processed    10000/  191284 entries,  5.23% (elapsed time   367.2s, curr speed    0.027 kHz, avg speed    0.027 kHz), accepted     6504/   10001 events (65.03%)
Processed    20000/  191284 entries, 10.46% (elapsed time   704.2s, curr speed    0.030 kHz, avg speed    0.028 kHz), accepted    12921/   20001 events (64.60%)
Processed    30000/  191284 entries, 15.68% (elapsed time  1044.1s, curr speed    0.029 kHz, avg speed    0.029 kHz), accepted    19310/   30001 events (64.36%)
Processed    40000/  191284 entries, 20.91% (elapsed time  1379.3s, curr speed    0.030 kHz, avg speed    0.029 kHz), accepted    25765/   40001 events (64.41%)
Processed    50000/  191284 entries, 26.14% (elapsed time  1718.2s, curr speed    0.030 kHz, avg speed    0.029 kHz), accepted    32180/   50001 events (64.36%)
Processed    60000/  191284 entries, 31.37% (elapsed time  2063.6s, curr speed    0.029 kHz, avg speed    0.029 kHz), accepted    38604/   60001 events (64.34%)
Processed    70000/  191284 entries, 36.59% (elapsed time  2414.5s, curr speed    0.028 kHz, avg speed    0.029 kHz), accepted    45072/   70001 events (64.39%)
Processed    80000/  191284 entries, 41.82% (elapsed time  2749.6s, curr speed    0.030 kHz, avg speed    0.029 kHz), accepted    51526/   80001 events (64.41%)
Processed    90000/  191284 entries, 47.05% (elapsed time  3092.6s, curr speed    0.029 kHz, avg speed    0.029 kHz), accepted    57976/   90001 events (64.42%)
Processed   100000/  191284 entries, 52.28% (elapsed time  3436.1s, curr speed    0.029 kHz, avg speed    0.029 kHz), accepted    64395/  100001 events (64.39%)
Processed   110000/  191284 entries, 57.51% (elapsed time  3783.0s, curr speed    0.029 kHz, avg speed    0.029 kHz), accepted    70893/  110001 events (64.45%)
Processed   120000/  191284 entries, 62.73% (elapsed time  4123.2s, curr speed    0.029 kHz, avg speed    0.029 kHz), accepted    77285/  120001 events (64.40%)
Processed   130000/  191284 entries, 67.96% (elapsed time  4437.8s, curr speed    0.032 kHz, avg speed    0.029 kHz), accepted    83734/  130001 events (64.41%)
Processed   140000/  191284 entries, 73.19% (elapsed time  4768.6s, curr speed    0.030 kHz, avg speed    0.029 kHz), accepted    90165/  140001 events (64.40%)
Processed   150000/  191284 entries, 78.42% (elapsed time  5116.2s, curr speed    0.029 kHz, avg speed    0.029 kHz), accepted    96618/  150001 events (64.41%)
Processed   160000/  191284 entries, 83.65% (elapsed time  5470.2s, curr speed    0.028 kHz, avg speed    0.029 kHz), accepted   103140/  160001 events (64.46%)
Processed   170000/  191284 entries, 88.87% (elapsed time  5813.8s, curr speed    0.029 kHz, avg speed    0.029 kHz), accepted   109559/  170001 events (64.45%)
Processed   180000/  191284 entries, 94.10% (elapsed time  6142.6s, curr speed    0.030 kHz, avg speed    0.029 kHz), accepted   116002/  180001 events (64.45%)
Processed   190000/  191284 entries, 99.33% (elapsed time  6490.1s, curr speed    0.029 kHz, avg speed    0.029 kHz), accepted   122383/  190001 events (64.41%)
Processed 191284 preselected entries from root://cms-xrd-global.cern.ch//store/mc/Run3Summer22NanoAODv12/Zto2Nu-4Jets_HT-200to400_TuneCP5_13p6TeV_madgraphMLM-pythia8/NANOAODSIM/130X_mcRun3_2022_realistic_v5-v2/30000/806ff04f-d3d3-4a02-82da-ace9cf5b4d58.root (191284 entries). Finally selected 123222 entries
Done ./806ff04f-d3d3-4a02-82da-ace9cf5b4d58_Skim.root
Total time 6866.5 sec. to process 191284 events. Rate = 27.9 Hz.
DONE
/tmp/lfavilla/ZJetsToNuNu_HT200to400_2022/file7
hadd Target file: tree_hadd_7.root
hadd compression setting for all output: 1
hadd Source file 1: tree.root
hadd Source file 2: hist.root
hadd Target path: tree_hadd_7.root:/
hadd Target path: tree_hadd_7.root:/plots
/tmp/lfavilla/ZJetsToNuNu_HT200to400_2022/file7
