Standalone environment set.
/tmp/lfavilla/ZJetsToNuNu_HT200to400_2022/file190
hadd Target file: tree.root
hadd compression setting for all output: 1
hadd Source file 1: ./ec21e06e-dae9-48dd-8257-1d47b408356a_Skim.root
hadd Sources and Target have different compression levels
hadd merging will be slower
hadd Target path: tree.root:/
Will write selected trees to .
Pre-select 72075 entries out of 72075 (100.00%)
Processed    10000/   72075 entries, 13.87% (elapsed time   297.2s, curr speed    0.034 kHz, avg speed    0.034 kHz), accepted     6428/   10001 events (64.27%)
Processed    20000/   72075 entries, 27.75% (elapsed time   585.5s, curr speed    0.035 kHz, avg speed    0.034 kHz), accepted    12846/   20001 events (64.23%)
Processed    30000/   72075 entries, 41.62% (elapsed time   857.7s, curr speed    0.037 kHz, avg speed    0.035 kHz), accepted    19172/   30001 events (63.90%)
Processed    40000/   72075 entries, 55.50% (elapsed time  1128.5s, curr speed    0.037 kHz, avg speed    0.035 kHz), accepted    25618/   40001 events (64.04%)
Processed    50000/   72075 entries, 69.37% (elapsed time  1410.9s, curr speed    0.035 kHz, avg speed    0.035 kHz), accepted    32069/   50001 events (64.14%)
Processed    60000/   72075 entries, 83.25% (elapsed time  1697.5s, curr speed    0.035 kHz, avg speed    0.035 kHz), accepted    38535/   60001 events (64.22%)
Processed    70000/   72075 entries, 97.12% (elapsed time  1996.2s, curr speed    0.033 kHz, avg speed    0.035 kHz), accepted    45121/   70001 events (64.46%)
Processed 72075 preselected entries from root://cms-xrd-global.cern.ch//store/mc/Run3Summer22NanoAODv12/Zto2Nu-4Jets_HT-200to400_TuneCP5_13p6TeV_madgraphMLM-pythia8/NANOAODSIM/130X_mcRun3_2022_realistic_v5-v2/2520000/ec21e06e-dae9-48dd-8257-1d47b408356a.root (72075 entries). Finally selected 46448 entries
Done ./ec21e06e-dae9-48dd-8257-1d47b408356a_Skim.root
Total time 2150.8 sec. to process 72075 events. Rate = 33.5 Hz.
DONE
/tmp/lfavilla/ZJetsToNuNu_HT200to400_2022/file190
hadd Target file: tree_hadd_190.root
hadd compression setting for all output: 1
hadd Source file 1: tree.root
hadd Source file 2: hist.root
hadd Target path: tree_hadd_190.root:/
hadd Target path: tree_hadd_190.root:/plots
/tmp/lfavilla/ZJetsToNuNu_HT200to400_2022/file190
