Standalone environment set.
/tmp/lfavilla/ZJetsToNuNu_HT200to400_2022/file31
hadd Target file: tree.root
hadd compression setting for all output: 1
hadd Source file 1: ./84a4e451-0b50-4f21-8dd3-84120cbe0ef9_Skim.root
hadd Sources and Target have different compression levels
hadd merging will be slower
hadd Target path: tree.root:/
Will write selected trees to .
Pre-select 122845 entries out of 122845 (100.00%)
Processed    10000/  122845 entries,  8.14% (elapsed time   241.7s, curr speed    0.041 kHz, avg speed    0.041 kHz), accepted     6479/   10001 events (64.78%)
Processed    20000/  122845 entries, 16.28% (elapsed time   477.6s, curr speed    0.042 kHz, avg speed    0.042 kHz), accepted    12938/   20001 events (64.69%)
Processed    30000/  122845 entries, 24.42% (elapsed time   709.7s, curr speed    0.043 kHz, avg speed    0.042 kHz), accepted    19466/   30001 events (64.88%)
Processed    40000/  122845 entries, 32.56% (elapsed time   941.7s, curr speed    0.043 kHz, avg speed    0.042 kHz), accepted    25865/   40001 events (64.66%)
Processed    50000/  122845 entries, 40.70% (elapsed time  1176.9s, curr speed    0.043 kHz, avg speed    0.042 kHz), accepted    32375/   50001 events (64.75%)
Processed    60000/  122845 entries, 48.84% (elapsed time  1415.3s, curr speed    0.042 kHz, avg speed    0.042 kHz), accepted    38855/   60001 events (64.76%)
Processed    70000/  122845 entries, 56.98% (elapsed time  1646.1s, curr speed    0.043 kHz, avg speed    0.043 kHz), accepted    45319/   70001 events (64.74%)
Processed    80000/  122845 entries, 65.12% (elapsed time  1877.4s, curr speed    0.043 kHz, avg speed    0.043 kHz), accepted    51820/   80001 events (64.77%)
Processed    90000/  122845 entries, 73.26% (elapsed time  2107.4s, curr speed    0.043 kHz, avg speed    0.043 kHz), accepted    58354/   90001 events (64.84%)
Processed   100000/  122845 entries, 81.40% (elapsed time  2339.6s, curr speed    0.043 kHz, avg speed    0.043 kHz), accepted    64805/  100001 events (64.80%)
Processed   110000/  122845 entries, 89.54% (elapsed time  2570.5s, curr speed    0.043 kHz, avg speed    0.043 kHz), accepted    71282/  110001 events (64.80%)
Processed   120000/  122845 entries, 97.68% (elapsed time  2801.7s, curr speed    0.043 kHz, avg speed    0.043 kHz), accepted    77792/  120001 events (64.83%)
Processed 122845 preselected entries from root://cms-xrd-global.cern.ch//store/mc/Run3Summer22NanoAODv12/Zto2Nu-4Jets_HT-200to400_TuneCP5_13p6TeV_madgraphMLM-pythia8/NANOAODSIM/130X_mcRun3_2022_realistic_v5-v2/2530000/84a4e451-0b50-4f21-8dd3-84120cbe0ef9.root (122845 entries). Finally selected 79622 entries
Done ./84a4e451-0b50-4f21-8dd3-84120cbe0ef9_Skim.root
Total time 2995.4 sec. to process 122845 events. Rate = 41.0 Hz.
DONE
/tmp/lfavilla/ZJetsToNuNu_HT200to400_2022/file31
hadd Target file: tree_hadd_31.root
hadd compression setting for all output: 1
hadd Source file 1: tree.root
hadd Source file 2: hist.root
hadd Target path: tree_hadd_31.root:/
hadd Target path: tree_hadd_31.root:/plots
/tmp/lfavilla/ZJetsToNuNu_HT200to400_2022/file31
