Standalone environment set.
/tmp/lfavilla/ZJetsToNuNu_HT200to400_2022/file145
hadd Target file: tree.root
hadd compression setting for all output: 1
hadd Source file 1: ./7f7a5412-9c89-47d7-9c38-9f6b039b912c_Skim.root
hadd Sources and Target have different compression levels
hadd merging will be slower
hadd Target path: tree.root:/
Will write selected trees to .
Pre-select 11097 entries out of 11097 (100.00%)
Processed    10000/   11097 entries, 90.11% (elapsed time   306.2s, curr speed    0.033 kHz, avg speed    0.033 kHz), accepted     6454/   10001 events (64.53%)
Processed 11097 preselected entries from root://cms-xrd-global.cern.ch//store/mc/Run3Summer22NanoAODv12/Zto2Nu-4Jets_HT-200to400_TuneCP5_13p6TeV_madgraphMLM-pythia8/NANOAODSIM/130X_mcRun3_2022_realistic_v5-v2/2520000/7f7a5412-9c89-47d7-9c38-9f6b039b912c.root (11097 entries). Finally selected 7161 entries
Done ./7f7a5412-9c89-47d7-9c38-9f6b039b912c_Skim.root
Total time 379.1 sec. to process 11097 events. Rate = 29.3 Hz.
DONE
/tmp/lfavilla/ZJetsToNuNu_HT200to400_2022/file145
hadd Target file: tree_hadd_145.root
hadd compression setting for all output: 1
hadd Source file 1: tree.root
hadd Source file 2: hist.root
hadd Target path: tree_hadd_145.root:/
hadd Target path: tree_hadd_145.root:/plots
/tmp/lfavilla/ZJetsToNuNu_HT200to400_2022/file145
