Standalone environment set.
/tmp/lfavilla/ZJetsToNuNu_HT200to400_2022/file29
hadd Target file: tree.root
hadd compression setting for all output: 1
hadd Source file 1: ./657bb501-26f9-4059-87c9-e3edc03b6dc8_Skim.root
hadd Sources and Target have different compression levels
hadd merging will be slower
hadd Target path: tree.root:/
Will write selected trees to .
Pre-select 158400 entries out of 158400 (100.00%)
Processed    10000/  158400 entries,  6.31% (elapsed time   303.4s, curr speed    0.033 kHz, avg speed    0.033 kHz), accepted     6493/   10001 events (64.92%)
Processed    20000/  158400 entries, 12.63% (elapsed time   581.7s, curr speed    0.036 kHz, avg speed    0.034 kHz), accepted    12938/   20001 events (64.69%)
Processed    30000/  158400 entries, 18.94% (elapsed time   869.3s, curr speed    0.035 kHz, avg speed    0.035 kHz), accepted    19400/   30001 events (64.66%)
Processed    40000/  158400 entries, 25.25% (elapsed time  1158.2s, curr speed    0.035 kHz, avg speed    0.035 kHz), accepted    25830/   40001 events (64.57%)
Processed    50000/  158400 entries, 31.57% (elapsed time  1445.2s, curr speed    0.035 kHz, avg speed    0.035 kHz), accepted    32280/   50001 events (64.56%)
Processed    60000/  158400 entries, 37.88% (elapsed time  1734.7s, curr speed    0.035 kHz, avg speed    0.035 kHz), accepted    38778/   60001 events (64.63%)
Processed    70000/  158400 entries, 44.19% (elapsed time  2018.7s, curr speed    0.035 kHz, avg speed    0.035 kHz), accepted    45281/   70001 events (64.69%)
Processed    80000/  158400 entries, 50.51% (elapsed time  2314.3s, curr speed    0.034 kHz, avg speed    0.035 kHz), accepted    51788/   80001 events (64.73%)
Processed    90000/  158400 entries, 56.82% (elapsed time  2628.0s, curr speed    0.032 kHz, avg speed    0.034 kHz), accepted    58272/   90001 events (64.75%)
Processed   100000/  158400 entries, 63.13% (elapsed time  2905.6s, curr speed    0.036 kHz, avg speed    0.034 kHz), accepted    64775/  100001 events (64.77%)
Processed   110000/  158400 entries, 69.44% (elapsed time  3192.3s, curr speed    0.035 kHz, avg speed    0.034 kHz), accepted    71263/  110001 events (64.78%)
Processed   120000/  158400 entries, 75.76% (elapsed time  3473.5s, curr speed    0.036 kHz, avg speed    0.035 kHz), accepted    77729/  120001 events (64.77%)
Processed   130000/  158400 entries, 82.07% (elapsed time  3748.5s, curr speed    0.036 kHz, avg speed    0.035 kHz), accepted    84119/  130001 events (64.71%)
Processed   140000/  158400 entries, 88.38% (elapsed time  4022.8s, curr speed    0.036 kHz, avg speed    0.035 kHz), accepted    90525/  140001 events (64.66%)
Processed   150000/  158400 entries, 94.70% (elapsed time  4313.1s, curr speed    0.034 kHz, avg speed    0.035 kHz), accepted    97035/  150001 events (64.69%)
Processed 158400 preselected entries from root://cms-xrd-global.cern.ch//store/mc/Run3Summer22NanoAODv12/Zto2Nu-4Jets_HT-200to400_TuneCP5_13p6TeV_madgraphMLM-pythia8/NANOAODSIM/130X_mcRun3_2022_realistic_v5-v2/2540000/657bb501-26f9-4059-87c9-e3edc03b6dc8.root (158400 entries). Finally selected 102459 entries
Done ./657bb501-26f9-4059-87c9-e3edc03b6dc8_Skim.root
Total time 4750.1 sec. to process 158400 events. Rate = 33.3 Hz.
DONE
/tmp/lfavilla/ZJetsToNuNu_HT200to400_2022/file29
hadd Target file: tree_hadd_29.root
hadd compression setting for all output: 1
hadd Source file 1: tree.root
hadd Source file 2: hist.root
hadd Target path: tree_hadd_29.root:/
hadd Target path: tree_hadd_29.root:/plots
/tmp/lfavilla/ZJetsToNuNu_HT200to400_2022/file29
