Standalone environment set.
/tmp/lfavilla/ZJetsToNuNu_HT200to400_2022/file239
hadd Target file: tree.root
hadd compression setting for all output: 1
hadd Source file 1: ./7484874d-7a5d-4f97-838d-6aca497381af_Skim.root
hadd Sources and Target have different compression levels
hadd merging will be slower
hadd Target path: tree.root:/
Will write selected trees to .
Pre-select 39735 entries out of 39735 (100.00%)
Processed    10000/   39735 entries, 25.17% (elapsed time   293.0s, curr speed    0.034 kHz, avg speed    0.034 kHz), accepted     6474/   10001 events (64.73%)
Processed    20000/   39735 entries, 50.33% (elapsed time   592.8s, curr speed    0.033 kHz, avg speed    0.034 kHz), accepted    13004/   20001 events (65.02%)
Processed    30000/   39735 entries, 75.50% (elapsed time   900.9s, curr speed    0.032 kHz, avg speed    0.033 kHz), accepted    19518/   30001 events (65.06%)
Processed 39735 preselected entries from root://cms-xrd-global.cern.ch//store/mc/Run3Summer22NanoAODv12/Zto2Nu-4Jets_HT-200to400_TuneCP5_13p6TeV_madgraphMLM-pythia8/NANOAODSIM/130X_mcRun3_2022_realistic_v5-v2/50000/7484874d-7a5d-4f97-838d-6aca497381af.root (39735 entries). Finally selected 25706 entries
Done ./7484874d-7a5d-4f97-838d-6aca497381af_Skim.root
Total time 1260.2 sec. to process 39735 events. Rate = 31.5 Hz.
DONE
/tmp/lfavilla/ZJetsToNuNu_HT200to400_2022/file239
hadd Target file: tree_hadd_239.root
hadd compression setting for all output: 1
hadd Source file 1: tree.root
hadd Source file 2: hist.root
hadd Target path: tree_hadd_239.root:/
hadd Target path: tree_hadd_239.root:/plots
/tmp/lfavilla/ZJetsToNuNu_HT200to400_2022/file239
