Standalone environment set.
/tmp/lfavilla/ZJetsToNuNu_HT200to400_2022/file48
hadd Target file: tree.root
hadd compression setting for all output: 1
hadd Source file 1: ./4edf8213-9016-406f-ba05-d22dcbe1b74f_Skim.root
hadd Sources and Target have different compression levels
hadd merging will be slower
hadd Target path: tree.root:/
Will write selected trees to .
Pre-select 48466 entries out of 48466 (100.00%)
Processed    10000/   48466 entries, 20.63% (elapsed time   256.5s, curr speed    0.039 kHz, avg speed    0.039 kHz), accepted     6468/   10001 events (64.67%)
Processed    20000/   48466 entries, 41.27% (elapsed time   493.9s, curr speed    0.042 kHz, avg speed    0.040 kHz), accepted    12980/   20001 events (64.90%)
Processed    30000/   48466 entries, 61.90% (elapsed time   743.2s, curr speed    0.040 kHz, avg speed    0.040 kHz), accepted    19407/   30001 events (64.69%)
Processed    40000/   48466 entries, 82.53% (elapsed time   989.9s, curr speed    0.041 kHz, avg speed    0.040 kHz), accepted    25805/   40001 events (64.51%)
Processed 48466 preselected entries from root://cms-xrd-global.cern.ch//store/mc/Run3Summer22NanoAODv12/Zto2Nu-4Jets_HT-200to400_TuneCP5_13p6TeV_madgraphMLM-pythia8/NANOAODSIM/130X_mcRun3_2022_realistic_v5-v2/40000/4edf8213-9016-406f-ba05-d22dcbe1b74f.root (48466 entries). Finally selected 31371 entries
Done ./4edf8213-9016-406f-ba05-d22dcbe1b74f_Skim.root
Total time 1285.8 sec. to process 48466 events. Rate = 37.7 Hz.
DONE
/tmp/lfavilla/ZJetsToNuNu_HT200to400_2022/file48
hadd Target file: tree_hadd_48.root
hadd compression setting for all output: 1
hadd Source file 1: tree.root
hadd Source file 2: hist.root
hadd Target path: tree_hadd_48.root:/
hadd Target path: tree_hadd_48.root:/plots
/tmp/lfavilla/ZJetsToNuNu_HT200to400_2022/file48
