Standalone environment set.
/tmp/lfavilla/ZJetsToNuNu_HT200to400_2022/file233
hadd Target file: tree.root
hadd compression setting for all output: 1
hadd Source file 1: ./733d3dcc-475f-4e38-8385-80c187a3193f_Skim.root
hadd Sources and Target have different compression levels
hadd merging will be slower
hadd Target path: tree.root:/
Will write selected trees to .
Pre-select 99992 entries out of 99992 (100.00%)
Processed    10000/   99992 entries, 10.00% (elapsed time   295.0s, curr speed    0.034 kHz, avg speed    0.034 kHz), accepted     6410/   10001 events (64.09%)
Processed    20000/   99992 entries, 20.00% (elapsed time   559.1s, curr speed    0.038 kHz, avg speed    0.036 kHz), accepted    12864/   20001 events (64.32%)
Processed    30000/   99992 entries, 30.00% (elapsed time   833.4s, curr speed    0.036 kHz, avg speed    0.036 kHz), accepted    19313/   30001 events (64.37%)
Processed    40000/   99992 entries, 40.00% (elapsed time  1114.5s, curr speed    0.036 kHz, avg speed    0.036 kHz), accepted    25760/   40001 events (64.40%)
Processed    50000/   99992 entries, 50.00% (elapsed time  1398.8s, curr speed    0.035 kHz, avg speed    0.036 kHz), accepted    32256/   50001 events (64.51%)
Processed    60000/   99992 entries, 60.00% (elapsed time  1688.7s, curr speed    0.034 kHz, avg speed    0.036 kHz), accepted    38685/   60001 events (64.47%)
Processed    70000/   99992 entries, 70.01% (elapsed time  1967.2s, curr speed    0.036 kHz, avg speed    0.036 kHz), accepted    45172/   70001 events (64.53%)
Processed    80000/   99992 entries, 80.01% (elapsed time  2241.2s, curr speed    0.036 kHz, avg speed    0.036 kHz), accepted    51533/   80001 events (64.42%)
Processed    90000/   99992 entries, 90.01% (elapsed time  2509.2s, curr speed    0.037 kHz, avg speed    0.036 kHz), accepted    58083/   90001 events (64.54%)
Processed 99992 preselected entries from root://cms-xrd-global.cern.ch//store/mc/Run3Summer22NanoAODv12/Zto2Nu-4Jets_HT-200to400_TuneCP5_13p6TeV_madgraphMLM-pythia8/NANOAODSIM/130X_mcRun3_2022_realistic_v5-v2/30000/733d3dcc-475f-4e38-8385-80c187a3193f.root (99992 entries). Finally selected 64642 entries
Done ./733d3dcc-475f-4e38-8385-80c187a3193f_Skim.root
Total time 2903.3 sec. to process 99992 events. Rate = 34.4 Hz.
DONE
/tmp/lfavilla/ZJetsToNuNu_HT200to400_2022/file233
hadd Target file: tree_hadd_233.root
hadd compression setting for all output: 1
hadd Source file 1: tree.root
hadd Source file 2: hist.root
hadd Target path: tree_hadd_233.root:/
hadd Target path: tree_hadd_233.root:/plots
/tmp/lfavilla/ZJetsToNuNu_HT200to400_2022/file233
