Standalone environment set.
/tmp/lfavilla/ZJetsToNuNu_HT200to400_2022/file46
hadd Target file: tree.root
hadd compression setting for all output: 1
hadd Source file 1: ./e6507d4f-c766-4d5d-9f02-f0a9201d7abd_Skim.root
hadd Sources and Target have different compression levels
hadd merging will be slower
hadd Target path: tree.root:/
Will write selected trees to .
Pre-select 106906 entries out of 106906 (100.00%)
Processed    10000/  106906 entries,  9.35% (elapsed time   275.0s, curr speed    0.036 kHz, avg speed    0.036 kHz), accepted     6487/   10001 events (64.86%)
Processed    20000/  106906 entries, 18.71% (elapsed time   526.3s, curr speed    0.040 kHz, avg speed    0.038 kHz), accepted    12902/   20001 events (64.51%)
Processed    30000/  106906 entries, 28.06% (elapsed time   799.7s, curr speed    0.037 kHz, avg speed    0.038 kHz), accepted    19367/   30001 events (64.55%)
Processed    40000/  106906 entries, 37.42% (elapsed time  1064.8s, curr speed    0.038 kHz, avg speed    0.038 kHz), accepted    25848/   40001 events (64.62%)
Processed    50000/  106906 entries, 46.77% (elapsed time  1337.4s, curr speed    0.037 kHz, avg speed    0.037 kHz), accepted    32334/   50001 events (64.67%)
Processed    60000/  106906 entries, 56.12% (elapsed time  1601.2s, curr speed    0.038 kHz, avg speed    0.037 kHz), accepted    38852/   60001 events (64.75%)
Processed    70000/  106906 entries, 65.48% (elapsed time  1873.4s, curr speed    0.037 kHz, avg speed    0.037 kHz), accepted    45338/   70001 events (64.77%)
Processed    80000/  106906 entries, 74.83% (elapsed time  2148.5s, curr speed    0.036 kHz, avg speed    0.037 kHz), accepted    51819/   80001 events (64.77%)
Processed    90000/  106906 entries, 84.19% (elapsed time  2416.6s, curr speed    0.037 kHz, avg speed    0.037 kHz), accepted    58238/   90001 events (64.71%)
Processed   100000/  106906 entries, 93.54% (elapsed time  2680.8s, curr speed    0.038 kHz, avg speed    0.037 kHz), accepted    64691/  100001 events (64.69%)
Processed 106906 preselected entries from root://cms-xrd-global.cern.ch//store/mc/Run3Summer22NanoAODv12/Zto2Nu-4Jets_HT-200to400_TuneCP5_13p6TeV_madgraphMLM-pythia8/NANOAODSIM/130X_mcRun3_2022_realistic_v5-v2/40000/e6507d4f-c766-4d5d-9f02-f0a9201d7abd.root (106906 entries). Finally selected 69111 entries
Done ./e6507d4f-c766-4d5d-9f02-f0a9201d7abd_Skim.root
Total time 2980.1 sec. to process 106906 events. Rate = 35.9 Hz.
DONE
/tmp/lfavilla/ZJetsToNuNu_HT200to400_2022/file46
hadd Target file: tree_hadd_46.root
hadd compression setting for all output: 1
hadd Source file 1: tree.root
hadd Source file 2: hist.root
hadd Target path: tree_hadd_46.root:/
hadd Target path: tree_hadd_46.root:/plots
/tmp/lfavilla/ZJetsToNuNu_HT200to400_2022/file46
