Standalone environment set.
/tmp/lfavilla/ZJetsToNuNu_HT200to400_2022/file226
hadd Target file: tree.root
hadd compression setting for all output: 1
hadd Source file 1: ./5c13d243-6075-419b-a93a-b907acc63dfe_Skim.root
hadd Sources and Target have different compression levels
hadd merging will be slower
hadd Target path: tree.root:/
Will write selected trees to .
Pre-select 106074 entries out of 106074 (100.00%)
Processed    10000/  106074 entries,  9.43% (elapsed time   258.7s, curr speed    0.039 kHz, avg speed    0.039 kHz), accepted     6535/   10001 events (65.34%)
Processed    20000/  106074 entries, 18.85% (elapsed time   510.2s, curr speed    0.040 kHz, avg speed    0.039 kHz), accepted    13058/   20001 events (65.29%)
Processed    30000/  106074 entries, 28.28% (elapsed time   757.6s, curr speed    0.040 kHz, avg speed    0.040 kHz), accepted    19532/   30001 events (65.10%)
Processed    40000/  106074 entries, 37.71% (elapsed time  1010.5s, curr speed    0.040 kHz, avg speed    0.040 kHz), accepted    26039/   40001 events (65.10%)
Processed    50000/  106074 entries, 47.14% (elapsed time  1272.1s, curr speed    0.038 kHz, avg speed    0.039 kHz), accepted    32505/   50001 events (65.01%)
Processed    60000/  106074 entries, 56.56% (elapsed time  1532.6s, curr speed    0.038 kHz, avg speed    0.039 kHz), accepted    38945/   60001 events (64.91%)
Processed    70000/  106074 entries, 65.99% (elapsed time  1798.5s, curr speed    0.038 kHz, avg speed    0.039 kHz), accepted    45389/   70001 events (64.84%)
Processed    80000/  106074 entries, 75.42% (elapsed time  2061.4s, curr speed    0.038 kHz, avg speed    0.039 kHz), accepted    51927/   80001 events (64.91%)
Processed    90000/  106074 entries, 84.85% (elapsed time  2322.1s, curr speed    0.038 kHz, avg speed    0.039 kHz), accepted    58401/   90001 events (64.89%)
Processed   100000/  106074 entries, 94.27% (elapsed time  2605.4s, curr speed    0.035 kHz, avg speed    0.038 kHz), accepted    64836/  100001 events (64.84%)
Processed 106074 preselected entries from root://cms-xrd-global.cern.ch//store/mc/Run3Summer22NanoAODv12/Zto2Nu-4Jets_HT-200to400_TuneCP5_13p6TeV_madgraphMLM-pythia8/NANOAODSIM/130X_mcRun3_2022_realistic_v5-v2/2540000/5c13d243-6075-419b-a93a-b907acc63dfe.root (106074 entries). Finally selected 68771 entries
Done ./5c13d243-6075-419b-a93a-b907acc63dfe_Skim.root
Total time 2900.5 sec. to process 106074 events. Rate = 36.6 Hz.
DONE
/tmp/lfavilla/ZJetsToNuNu_HT200to400_2022/file226
hadd Target file: tree_hadd_226.root
hadd compression setting for all output: 1
hadd Source file 1: tree.root
hadd Source file 2: hist.root
hadd Target path: tree_hadd_226.root:/
hadd Target path: tree_hadd_226.root:/plots
/tmp/lfavilla/ZJetsToNuNu_HT200to400_2022/file226
