Standalone environment set.
/tmp/lfavilla/ZJetsToNuNu_HT200to400_2022/file52
hadd Target file: tree.root
hadd compression setting for all output: 1
hadd Source file 1: ./1dc62510-e2de-4766-9610-302bdb029974_Skim.root
hadd Sources and Target have different compression levels
hadd merging will be slower
hadd Target path: tree.root:/
Will write selected trees to .
Pre-select 151749 entries out of 151749 (100.00%)
Processed    10000/  151749 entries,  6.59% (elapsed time   265.9s, curr speed    0.038 kHz, avg speed    0.038 kHz), accepted     6436/   10001 events (64.35%)
Processed    20000/  151749 entries, 13.18% (elapsed time   509.4s, curr speed    0.041 kHz, avg speed    0.039 kHz), accepted    12928/   20001 events (64.64%)
Processed    30000/  151749 entries, 19.77% (elapsed time   758.6s, curr speed    0.040 kHz, avg speed    0.040 kHz), accepted    19505/   30001 events (65.01%)
Processed    40000/  151749 entries, 26.36% (elapsed time  1006.0s, curr speed    0.040 kHz, avg speed    0.040 kHz), accepted    25989/   40001 events (64.97%)
Processed    50000/  151749 entries, 32.95% (elapsed time  1254.9s, curr speed    0.040 kHz, avg speed    0.040 kHz), accepted    32393/   50001 events (64.78%)
Processed    60000/  151749 entries, 39.54% (elapsed time  1519.5s, curr speed    0.038 kHz, avg speed    0.039 kHz), accepted    38881/   60001 events (64.80%)
Processed    70000/  151749 entries, 46.13% (elapsed time  1773.1s, curr speed    0.039 kHz, avg speed    0.039 kHz), accepted    45362/   70001 events (64.80%)
Processed    80000/  151749 entries, 52.72% (elapsed time  2019.1s, curr speed    0.041 kHz, avg speed    0.040 kHz), accepted    51814/   80001 events (64.77%)
Processed    90000/  151749 entries, 59.31% (elapsed time  2265.5s, curr speed    0.041 kHz, avg speed    0.040 kHz), accepted    58261/   90001 events (64.73%)
Processed   100000/  151749 entries, 65.90% (elapsed time  2526.9s, curr speed    0.038 kHz, avg speed    0.040 kHz), accepted    64761/  100001 events (64.76%)
Processed   110000/  151749 entries, 72.49% (elapsed time  2794.3s, curr speed    0.037 kHz, avg speed    0.039 kHz), accepted    71249/  110001 events (64.77%)
Processed   120000/  151749 entries, 79.08% (elapsed time  3050.2s, curr speed    0.039 kHz, avg speed    0.039 kHz), accepted    77753/  120001 events (64.79%)
Processed   130000/  151749 entries, 85.67% (elapsed time  3290.3s, curr speed    0.042 kHz, avg speed    0.040 kHz), accepted    84112/  130001 events (64.70%)
Processed   140000/  151749 entries, 92.26% (elapsed time  3558.7s, curr speed    0.037 kHz, avg speed    0.039 kHz), accepted    90549/  140001 events (64.68%)
Processed   150000/  151749 entries, 98.85% (elapsed time  3813.3s, curr speed    0.039 kHz, avg speed    0.039 kHz), accepted    97091/  150001 events (64.73%)
Processed 151749 preselected entries from root://cms-xrd-global.cern.ch//store/mc/Run3Summer22NanoAODv12/Zto2Nu-4Jets_HT-200to400_TuneCP5_13p6TeV_madgraphMLM-pythia8/NANOAODSIM/130X_mcRun3_2022_realistic_v5-v2/30000/1dc62510-e2de-4766-9610-302bdb029974.root (151749 entries). Finally selected 98256 entries
Done ./1dc62510-e2de-4766-9610-302bdb029974_Skim.root
Total time 4052.4 sec. to process 151749 events. Rate = 37.4 Hz.
DONE
/tmp/lfavilla/ZJetsToNuNu_HT200to400_2022/file52
hadd Target file: tree_hadd_52.root
hadd compression setting for all output: 1
hadd Source file 1: tree.root
hadd Source file 2: hist.root
hadd Target path: tree_hadd_52.root:/
hadd Target path: tree_hadd_52.root:/plots
/tmp/lfavilla/ZJetsToNuNu_HT200to400_2022/file52
