Standalone environment set.
/tmp/lfavilla/ZJetsToNuNu_HT200to400_2022/file54
hadd Target file: tree.root
hadd compression setting for all output: 1
hadd Source file 1: ./7bcd73df-9b15-4d7d-80ee-469d520bebc4_Skim.root
hadd Sources and Target have different compression levels
hadd merging will be slower
hadd Target path: tree.root:/
Will write selected trees to .
Pre-select 152463 entries out of 152463 (100.00%)
Processed    10000/  152463 entries,  6.56% (elapsed time   260.2s, curr speed    0.038 kHz, avg speed    0.038 kHz), accepted     6409/   10001 events (64.08%)
Processed    20000/  152463 entries, 13.12% (elapsed time   516.1s, curr speed    0.039 kHz, avg speed    0.039 kHz), accepted    12860/   20001 events (64.30%)
Processed    30000/  152463 entries, 19.68% (elapsed time   782.1s, curr speed    0.038 kHz, avg speed    0.038 kHz), accepted    19374/   30001 events (64.58%)
Processed    40000/  152463 entries, 26.24% (elapsed time  1038.2s, curr speed    0.039 kHz, avg speed    0.039 kHz), accepted    25886/   40001 events (64.71%)
Processed    50000/  152463 entries, 32.79% (elapsed time  1303.9s, curr speed    0.038 kHz, avg speed    0.038 kHz), accepted    32341/   50001 events (64.68%)
Processed    60000/  152463 entries, 39.35% (elapsed time  1567.2s, curr speed    0.038 kHz, avg speed    0.038 kHz), accepted    38874/   60001 events (64.79%)
Processed    70000/  152463 entries, 45.91% (elapsed time  1815.2s, curr speed    0.040 kHz, avg speed    0.039 kHz), accepted    45288/   70001 events (64.70%)
Processed    80000/  152463 entries, 52.47% (elapsed time  2078.3s, curr speed    0.038 kHz, avg speed    0.038 kHz), accepted    51712/   80001 events (64.64%)
Processed    90000/  152463 entries, 59.03% (elapsed time  2341.8s, curr speed    0.038 kHz, avg speed    0.038 kHz), accepted    58102/   90001 events (64.56%)
Processed   100000/  152463 entries, 65.59% (elapsed time  2608.3s, curr speed    0.038 kHz, avg speed    0.038 kHz), accepted    64611/  100001 events (64.61%)
Processed   110000/  152463 entries, 72.15% (elapsed time  2866.7s, curr speed    0.039 kHz, avg speed    0.038 kHz), accepted    71007/  110001 events (64.55%)
Processed   120000/  152463 entries, 78.71% (elapsed time  3100.7s, curr speed    0.043 kHz, avg speed    0.039 kHz), accepted    77533/  120001 events (64.61%)
Processed   130000/  152463 entries, 85.27% (elapsed time  3364.0s, curr speed    0.038 kHz, avg speed    0.039 kHz), accepted    84014/  130001 events (64.63%)
Processed   140000/  152463 entries, 91.83% (elapsed time  3611.3s, curr speed    0.040 kHz, avg speed    0.039 kHz), accepted    90484/  140001 events (64.63%)
Processed   150000/  152463 entries, 98.38% (elapsed time  3876.4s, curr speed    0.038 kHz, avg speed    0.039 kHz), accepted    96975/  150001 events (64.65%)
Processed 152463 preselected entries from root://cms-xrd-global.cern.ch//store/mc/Run3Summer22NanoAODv12/Zto2Nu-4Jets_HT-200to400_TuneCP5_13p6TeV_madgraphMLM-pythia8/NANOAODSIM/130X_mcRun3_2022_realistic_v5-v2/2540000/7bcd73df-9b15-4d7d-80ee-469d520bebc4.root (152463 entries). Finally selected 98573 entries
Done ./7bcd73df-9b15-4d7d-80ee-469d520bebc4_Skim.root
Total time 4156.7 sec. to process 152463 events. Rate = 36.7 Hz.
DONE
/tmp/lfavilla/ZJetsToNuNu_HT200to400_2022/file54
hadd Target file: tree_hadd_54.root
hadd compression setting for all output: 1
hadd Source file 1: tree.root
hadd Source file 2: hist.root
hadd Target path: tree_hadd_54.root:/
hadd Target path: tree_hadd_54.root:/plots
/tmp/lfavilla/ZJetsToNuNu_HT200to400_2022/file54
