Standalone environment set.
/tmp/lfavilla/ZJetsToNuNu_HT200to400_2022/file118
hadd Target file: tree.root
hadd compression setting for all output: 1
hadd Source file 1: ./7260fd5d-540f-4d2d-b330-ef0e0b4c6afe_Skim.root
hadd Sources and Target have different compression levels
hadd merging will be slower
hadd Target path: tree.root:/
Will write selected trees to .
Pre-select 123800 entries out of 123800 (100.00%)
Processed    10000/  123800 entries,  8.08% (elapsed time   296.0s, curr speed    0.034 kHz, avg speed    0.034 kHz), accepted     6436/   10001 events (64.35%)
Processed    20000/  123800 entries, 16.16% (elapsed time   559.5s, curr speed    0.038 kHz, avg speed    0.036 kHz), accepted    12874/   20001 events (64.37%)
Processed    30000/  123800 entries, 24.23% (elapsed time   814.2s, curr speed    0.039 kHz, avg speed    0.037 kHz), accepted    19368/   30001 events (64.56%)
Processed    40000/  123800 entries, 32.31% (elapsed time  1082.2s, curr speed    0.037 kHz, avg speed    0.037 kHz), accepted    25854/   40001 events (64.63%)
Processed    50000/  123800 entries, 40.39% (elapsed time  1367.7s, curr speed    0.035 kHz, avg speed    0.037 kHz), accepted    32309/   50001 events (64.62%)
Processed    60000/  123800 entries, 48.47% (elapsed time  1651.5s, curr speed    0.035 kHz, avg speed    0.036 kHz), accepted    38694/   60001 events (64.49%)
Processed    70000/  123800 entries, 56.54% (elapsed time  1931.0s, curr speed    0.036 kHz, avg speed    0.036 kHz), accepted    45125/   70001 events (64.46%)
Processed    80000/  123800 entries, 64.62% (elapsed time  2217.3s, curr speed    0.035 kHz, avg speed    0.036 kHz), accepted    51555/   80001 events (64.44%)
Processed    90000/  123800 entries, 72.70% (elapsed time  2516.8s, curr speed    0.033 kHz, avg speed    0.036 kHz), accepted    57972/   90001 events (64.41%)
Processed   100000/  123800 entries, 80.78% (elapsed time  2839.4s, curr speed    0.031 kHz, avg speed    0.035 kHz), accepted    64523/  100001 events (64.52%)
Processed   110000/  123800 entries, 88.85% (elapsed time  3142.1s, curr speed    0.033 kHz, avg speed    0.035 kHz), accepted    70929/  110001 events (64.48%)
Processed   120000/  123800 entries, 96.93% (elapsed time  3439.4s, curr speed    0.034 kHz, avg speed    0.035 kHz), accepted    77394/  120001 events (64.49%)
Processed 123800 preselected entries from root://cms-xrd-global.cern.ch//store/mc/Run3Summer22NanoAODv12/Zto2Nu-4Jets_HT-200to400_TuneCP5_13p6TeV_madgraphMLM-pythia8/NANOAODSIM/130X_mcRun3_2022_realistic_v5-v2/40000/7260fd5d-540f-4d2d-b330-ef0e0b4c6afe.root (123800 entries). Finally selected 79903 entries
Done ./7260fd5d-540f-4d2d-b330-ef0e0b4c6afe_Skim.root
Total time 3724.8 sec. to process 123800 events. Rate = 33.2 Hz.
DONE
/tmp/lfavilla/ZJetsToNuNu_HT200to400_2022/file118
hadd Target file: tree_hadd_118.root
hadd compression setting for all output: 1
hadd Source file 1: tree.root
hadd Source file 2: hist.root
hadd Target path: tree_hadd_118.root:/
hadd Target path: tree_hadd_118.root:/plots
/tmp/lfavilla/ZJetsToNuNu_HT200to400_2022/file118
