Standalone environment set.
/tmp/lfavilla/ZJetsToNuNu_HT200to400_2022/file15
hadd Target file: tree.root
hadd compression setting for all output: 1
hadd Source file 1: ./a39d68cf-410c-4f1e-85a7-b1b21393230c_Skim.root
hadd Sources and Target have different compression levels
hadd merging will be slower
hadd Target path: tree.root:/
Will write selected trees to .
Pre-select 27509 entries out of 27509 (100.00%)
Processed    10000/   27509 entries, 36.35% (elapsed time   256.6s, curr speed    0.039 kHz, avg speed    0.039 kHz), accepted     6453/   10001 events (64.52%)
Processed    20000/   27509 entries, 72.70% (elapsed time   503.1s, curr speed    0.041 kHz, avg speed    0.040 kHz), accepted    12913/   20001 events (64.56%)
Processed 27509 preselected entries from root://cms-xrd-global.cern.ch//store/mc/Run3Summer22NanoAODv12/Zto2Nu-4Jets_HT-200to400_TuneCP5_13p6TeV_madgraphMLM-pythia8/NANOAODSIM/130X_mcRun3_2022_realistic_v5-v2/2530000/a39d68cf-410c-4f1e-85a7-b1b21393230c.root (27509 entries). Finally selected 17836 entries
Done ./a39d68cf-410c-4f1e-85a7-b1b21393230c_Skim.root
Total time 751.4 sec. to process 27509 events. Rate = 36.6 Hz.
DONE
/tmp/lfavilla/ZJetsToNuNu_HT200to400_2022/file15
hadd Target file: tree_hadd_15.root
hadd compression setting for all output: 1
hadd Source file 1: tree.root
hadd Source file 2: hist.root
hadd Target path: tree_hadd_15.root:/
hadd Target path: tree_hadd_15.root:/plots
/tmp/lfavilla/ZJetsToNuNu_HT200to400_2022/file15
