Standalone environment set.
/tmp/lfavilla/ZJetsToNuNu_HT200to400_2022/file166
hadd Target file: tree.root
hadd compression setting for all output: 1
hadd Source file 1: ./51e24a32-c045-412f-8e69-d4c931673656_Skim.root
hadd Sources and Target have different compression levels
hadd merging will be slower
hadd Target path: tree.root:/
Will write selected trees to .
Pre-select 144956 entries out of 144956 (100.00%)
Processed    10000/  144956 entries,  6.90% (elapsed time   288.1s, curr speed    0.035 kHz, avg speed    0.035 kHz), accepted     6526/   10001 events (65.25%)
Processed    20000/  144956 entries, 13.80% (elapsed time   550.5s, curr speed    0.038 kHz, avg speed    0.036 kHz), accepted    12939/   20001 events (64.69%)
Processed    30000/  144956 entries, 20.70% (elapsed time   814.7s, curr speed    0.038 kHz, avg speed    0.037 kHz), accepted    19318/   30001 events (64.39%)
Processed    40000/  144956 entries, 27.59% (elapsed time  1080.9s, curr speed    0.038 kHz, avg speed    0.037 kHz), accepted    25757/   40001 events (64.39%)
Processed    50000/  144956 entries, 34.49% (elapsed time  1339.1s, curr speed    0.039 kHz, avg speed    0.037 kHz), accepted    32306/   50001 events (64.61%)
Processed    60000/  144956 entries, 41.39% (elapsed time  1582.5s, curr speed    0.041 kHz, avg speed    0.038 kHz), accepted    38810/   60001 events (64.68%)
Processed    70000/  144956 entries, 48.29% (elapsed time  1812.1s, curr speed    0.044 kHz, avg speed    0.039 kHz), accepted    45229/   70001 events (64.61%)
Processed    80000/  144956 entries, 55.19% (elapsed time  2045.6s, curr speed    0.043 kHz, avg speed    0.039 kHz), accepted    51715/   80001 events (64.64%)
Processed    90000/  144956 entries, 62.09% (elapsed time  2317.7s, curr speed    0.037 kHz, avg speed    0.039 kHz), accepted    58184/   90001 events (64.65%)
Processed   100000/  144956 entries, 68.99% (elapsed time  2582.5s, curr speed    0.038 kHz, avg speed    0.039 kHz), accepted    64625/  100001 events (64.62%)
Processed   110000/  144956 entries, 75.89% (elapsed time  2838.2s, curr speed    0.039 kHz, avg speed    0.039 kHz), accepted    71050/  110001 events (64.59%)
Processed   120000/  144956 entries, 82.78% (elapsed time  3090.2s, curr speed    0.040 kHz, avg speed    0.039 kHz), accepted    77597/  120001 events (64.66%)
Processed   130000/  144956 entries, 89.68% (elapsed time  3345.6s, curr speed    0.039 kHz, avg speed    0.039 kHz), accepted    84067/  130001 events (64.67%)
Processed   140000/  144956 entries, 96.58% (elapsed time  3578.0s, curr speed    0.043 kHz, avg speed    0.039 kHz), accepted    90498/  140001 events (64.64%)
Processed 144956 preselected entries from root://cms-xrd-global.cern.ch//store/mc/Run3Summer22NanoAODv12/Zto2Nu-4Jets_HT-200to400_TuneCP5_13p6TeV_madgraphMLM-pythia8/NANOAODSIM/130X_mcRun3_2022_realistic_v5-v2/2540000/51e24a32-c045-412f-8e69-d4c931673656.root (144956 entries). Finally selected 93670 entries
Done ./51e24a32-c045-412f-8e69-d4c931673656_Skim.root
Total time 3827.9 sec. to process 144956 events. Rate = 37.9 Hz.
DONE
/tmp/lfavilla/ZJetsToNuNu_HT200to400_2022/file166
hadd Target file: tree_hadd_166.root
hadd compression setting for all output: 1
hadd Source file 1: tree.root
hadd Source file 2: hist.root
hadd Target path: tree_hadd_166.root:/
hadd Target path: tree_hadd_166.root:/plots
/tmp/lfavilla/ZJetsToNuNu_HT200to400_2022/file166
