Standalone environment set.
/tmp/lfavilla/ZJetsToNuNu_HT200to400_2022/file88
hadd Target file: tree.root
hadd compression setting for all output: 1
hadd Source file 1: ./f6d4aa9b-e500-4641-9f86-25a4c9ae30b5_Skim.root
hadd Sources and Target have different compression levels
hadd merging will be slower
hadd Target path: tree.root:/
Will write selected trees to .
Pre-select 154718 entries out of 154718 (100.00%)
Processed    10000/  154718 entries,  6.46% (elapsed time   345.3s, curr speed    0.029 kHz, avg speed    0.029 kHz), accepted     6516/   10001 events (65.15%)
Processed    20000/  154718 entries, 12.93% (elapsed time   684.7s, curr speed    0.029 kHz, avg speed    0.029 kHz), accepted    12995/   20001 events (64.97%)
Processed    30000/  154718 entries, 19.39% (elapsed time  1029.0s, curr speed    0.029 kHz, avg speed    0.029 kHz), accepted    19503/   30001 events (65.01%)
Processed    40000/  154718 entries, 25.85% (elapsed time  1372.5s, curr speed    0.029 kHz, avg speed    0.029 kHz), accepted    25959/   40001 events (64.90%)
Processed    50000/  154718 entries, 32.32% (elapsed time  1716.1s, curr speed    0.029 kHz, avg speed    0.029 kHz), accepted    32395/   50001 events (64.79%)
Processed    60000/  154718 entries, 38.78% (elapsed time  2071.7s, curr speed    0.028 kHz, avg speed    0.029 kHz), accepted    38841/   60001 events (64.73%)
Processed    70000/  154718 entries, 45.24% (elapsed time  2433.2s, curr speed    0.028 kHz, avg speed    0.029 kHz), accepted    45328/   70001 events (64.75%)
Processed    80000/  154718 entries, 51.71% (elapsed time  2768.7s, curr speed    0.030 kHz, avg speed    0.029 kHz), accepted    51730/   80001 events (64.66%)
Processed    90000/  154718 entries, 58.17% (elapsed time  3128.7s, curr speed    0.028 kHz, avg speed    0.029 kHz), accepted    58179/   90001 events (64.64%)
Processed   100000/  154718 entries, 64.63% (elapsed time  3487.3s, curr speed    0.028 kHz, avg speed    0.029 kHz), accepted    64681/  100001 events (64.68%)
Processed   110000/  154718 entries, 71.10% (elapsed time  3819.4s, curr speed    0.030 kHz, avg speed    0.029 kHz), accepted    71163/  110001 events (64.69%)
Processed   120000/  154718 entries, 77.56% (elapsed time  4146.8s, curr speed    0.031 kHz, avg speed    0.029 kHz), accepted    77634/  120001 events (64.69%)
Processed   130000/  154718 entries, 84.02% (elapsed time  4482.4s, curr speed    0.030 kHz, avg speed    0.029 kHz), accepted    84158/  130001 events (64.74%)
Processed   140000/  154718 entries, 90.49% (elapsed time  4817.1s, curr speed    0.030 kHz, avg speed    0.029 kHz), accepted    90647/  140001 events (64.75%)
Processed   150000/  154718 entries, 96.95% (elapsed time  5183.6s, curr speed    0.027 kHz, avg speed    0.029 kHz), accepted    97090/  150001 events (64.73%)
Processed 154718 preselected entries from root://cms-xrd-global.cern.ch//store/mc/Run3Summer22NanoAODv12/Zto2Nu-4Jets_HT-200to400_TuneCP5_13p6TeV_madgraphMLM-pythia8/NANOAODSIM/130X_mcRun3_2022_realistic_v5-v2/2540000/f6d4aa9b-e500-4641-9f86-25a4c9ae30b5.root (154718 entries). Finally selected 100164 entries
Done ./f6d4aa9b-e500-4641-9f86-25a4c9ae30b5_Skim.root
Total time 5646.1 sec. to process 154718 events. Rate = 27.4 Hz.
DONE
/tmp/lfavilla/ZJetsToNuNu_HT200to400_2022/file88
hadd Target file: tree_hadd_88.root
hadd compression setting for all output: 1
hadd Source file 1: tree.root
hadd Source file 2: hist.root
hadd Target path: tree_hadd_88.root:/
hadd Target path: tree_hadd_88.root:/plots
/tmp/lfavilla/ZJetsToNuNu_HT200to400_2022/file88
