Standalone environment set.
/tmp/lfavilla/ZJetsToNuNu_HT200to400_2022/file223
hadd Target file: tree.root
hadd compression setting for all output: 1
hadd Source file 1: ./78221563-ee72-4ad7-bdfe-cce030fd5fba_Skim.root
hadd Sources and Target have different compression levels
hadd merging will be slower
hadd Target path: tree.root:/
Will write selected trees to .
Pre-select 36822 entries out of 36822 (100.00%)
Processed    10000/   36822 entries, 27.16% (elapsed time   260.3s, curr speed    0.038 kHz, avg speed    0.038 kHz), accepted     6516/   10001 events (65.15%)
Processed    20000/   36822 entries, 54.32% (elapsed time   490.9s, curr speed    0.043 kHz, avg speed    0.041 kHz), accepted    12921/   20001 events (64.60%)
Processed    30000/   36822 entries, 81.47% (elapsed time   732.1s, curr speed    0.041 kHz, avg speed    0.041 kHz), accepted    19390/   30001 events (64.63%)
Processed 36822 preselected entries from root://cms-xrd-global.cern.ch//store/mc/Run3Summer22NanoAODv12/Zto2Nu-4Jets_HT-200to400_TuneCP5_13p6TeV_madgraphMLM-pythia8/NANOAODSIM/130X_mcRun3_2022_realistic_v5-v2/2540000/78221563-ee72-4ad7-bdfe-cce030fd5fba.root (36822 entries). Finally selected 23844 entries
Done ./78221563-ee72-4ad7-bdfe-cce030fd5fba_Skim.root
Total time 967.0 sec. to process 36822 events. Rate = 38.1 Hz.
DONE
/tmp/lfavilla/ZJetsToNuNu_HT200to400_2022/file223
hadd Target file: tree_hadd_223.root
hadd compression setting for all output: 1
hadd Source file 1: tree.root
hadd Source file 2: hist.root
hadd Target path: tree_hadd_223.root:/
hadd Target path: tree_hadd_223.root:/plots
/tmp/lfavilla/ZJetsToNuNu_HT200to400_2022/file223
