Standalone environment set.
/tmp/lfavilla/ZJetsToNuNu_HT200to400_2022/file213
hadd Target file: tree.root
hadd compression setting for all output: 1
hadd Source file 1: ./e56d80a5-7708-4d4e-87ae-f6bf0b2141e4_Skim.root
hadd Sources and Target have different compression levels
hadd merging will be slower
hadd Target path: tree.root:/
Will write selected trees to .
Pre-select 37155 entries out of 37155 (100.00%)
Processed    10000/   37155 entries, 26.91% (elapsed time   330.4s, curr speed    0.030 kHz, avg speed    0.030 kHz), accepted     6405/   10001 events (64.04%)
Processed    20000/   37155 entries, 53.83% (elapsed time   685.2s, curr speed    0.028 kHz, avg speed    0.029 kHz), accepted    12804/   20001 events (64.02%)
Processed    30000/   37155 entries, 80.74% (elapsed time  1017.8s, curr speed    0.030 kHz, avg speed    0.029 kHz), accepted    19317/   30001 events (64.39%)
Processed 37155 preselected entries from root://cms-xrd-global.cern.ch//store/mc/Run3Summer22NanoAODv12/Zto2Nu-4Jets_HT-200to400_TuneCP5_13p6TeV_madgraphMLM-pythia8/NANOAODSIM/130X_mcRun3_2022_realistic_v5-v2/2540000/e56d80a5-7708-4d4e-87ae-f6bf0b2141e4.root (37155 entries). Finally selected 23936 entries
Done ./e56d80a5-7708-4d4e-87ae-f6bf0b2141e4_Skim.root
Total time 1384.0 sec. to process 37155 events. Rate = 26.8 Hz.
DONE
/tmp/lfavilla/ZJetsToNuNu_HT200to400_2022/file213
hadd Target file: tree_hadd_213.root
hadd compression setting for all output: 1
hadd Source file 1: tree.root
hadd Source file 2: hist.root
hadd Target path: tree_hadd_213.root:/
hadd Target path: tree_hadd_213.root:/plots
/tmp/lfavilla/ZJetsToNuNu_HT200to400_2022/file213
