Standalone environment set.
/tmp/lfavilla/ZJetsToNuNu_HT200to400_2022/file149
hadd Target file: tree.root
hadd compression setting for all output: 1
hadd Source file 1: ./e703724a-8a68-431c-b4bc-bd4a1da9418d_Skim.root
hadd Sources and Target have different compression levels
hadd merging will be slower
hadd Target path: tree.root:/
Will write selected trees to .
Pre-select 92942 entries out of 92942 (100.00%)
Processed    10000/   92942 entries, 10.76% (elapsed time   267.0s, curr speed    0.037 kHz, avg speed    0.037 kHz), accepted     6422/   10001 events (64.21%)
Processed    20000/   92942 entries, 21.52% (elapsed time   524.7s, curr speed    0.039 kHz, avg speed    0.038 kHz), accepted    12911/   20001 events (64.55%)
Processed    30000/   92942 entries, 32.28% (elapsed time   792.5s, curr speed    0.037 kHz, avg speed    0.038 kHz), accepted    19466/   30001 events (64.88%)
Processed    40000/   92942 entries, 43.04% (elapsed time  1074.6s, curr speed    0.035 kHz, avg speed    0.037 kHz), accepted    25888/   40001 events (64.72%)
Processed    50000/   92942 entries, 53.80% (elapsed time  1358.0s, curr speed    0.035 kHz, avg speed    0.037 kHz), accepted    32377/   50001 events (64.75%)
Processed    60000/   92942 entries, 64.56% (elapsed time  1639.6s, curr speed    0.036 kHz, avg speed    0.037 kHz), accepted    38867/   60001 events (64.78%)
Processed    70000/   92942 entries, 75.32% (elapsed time  1922.0s, curr speed    0.035 kHz, avg speed    0.036 kHz), accepted    45276/   70001 events (64.68%)
Processed    80000/   92942 entries, 86.08% (elapsed time  2204.6s, curr speed    0.035 kHz, avg speed    0.036 kHz), accepted    51807/   80001 events (64.76%)
Processed    90000/   92942 entries, 96.83% (elapsed time  2492.0s, curr speed    0.035 kHz, avg speed    0.036 kHz), accepted    58273/   90001 events (64.75%)
Processed 92942 preselected entries from root://cms-xrd-global.cern.ch//store/mc/Run3Summer22NanoAODv12/Zto2Nu-4Jets_HT-200to400_TuneCP5_13p6TeV_madgraphMLM-pythia8/NANOAODSIM/130X_mcRun3_2022_realistic_v5-v2/50000/e703724a-8a68-431c-b4bc-bd4a1da9418d.root (92942 entries). Finally selected 60155 entries
Done ./e703724a-8a68-431c-b4bc-bd4a1da9418d_Skim.root
Total time 2695.2 sec. to process 92942 events. Rate = 34.5 Hz.
DONE
/tmp/lfavilla/ZJetsToNuNu_HT200to400_2022/file149
hadd Target file: tree_hadd_149.root
hadd compression setting for all output: 1
hadd Source file 1: tree.root
hadd Source file 2: hist.root
hadd Target path: tree_hadd_149.root:/
hadd Target path: tree_hadd_149.root:/plots
/tmp/lfavilla/ZJetsToNuNu_HT200to400_2022/file149
