Standalone environment set.
/tmp/lfavilla/ZJetsToNuNu_HT200to400_2022/file189
hadd Target file: tree.root
hadd compression setting for all output: 1
hadd Source file 1: ./dfb6edf8-0fb8-415e-9b01-c6cdb91313e8_Skim.root
hadd Sources and Target have different compression levels
hadd merging will be slower
hadd Target path: tree.root:/
Will write selected trees to .
Pre-select 16723 entries out of 16723 (100.00%)
Processed    10000/   16723 entries, 59.80% (elapsed time   494.1s, curr speed    0.020 kHz, avg speed    0.020 kHz), accepted     6436/   10001 events (64.35%)
Processed 16723 preselected entries from root://cms-xrd-global.cern.ch//store/mc/Run3Summer22NanoAODv12/Zto2Nu-4Jets_HT-200to400_TuneCP5_13p6TeV_madgraphMLM-pythia8/NANOAODSIM/130X_mcRun3_2022_realistic_v5-v2/2520000/dfb6edf8-0fb8-415e-9b01-c6cdb91313e8.root (16723 entries). Finally selected 10786 entries
Done ./dfb6edf8-0fb8-415e-9b01-c6cdb91313e8_Skim.root
Total time 875.8 sec. to process 16723 events. Rate = 19.1 Hz.
DONE
/tmp/lfavilla/ZJetsToNuNu_HT200to400_2022/file189
hadd Target file: tree_hadd_189.root
hadd compression setting for all output: 1
hadd Source file 1: tree.root
hadd Source file 2: hist.root
hadd Target path: tree_hadd_189.root:/
hadd Target path: tree_hadd_189.root:/plots
/tmp/lfavilla/ZJetsToNuNu_HT200to400_2022/file189
