Standalone environment set.
/tmp/lfavilla/ZJetsToNuNu_HT200to400_2022/file6
hadd Target file: tree.root
hadd compression setting for all output: 1
hadd Source file 1: ./c47cc37b-e00d-468e-b342-206bcaf4d30e_Skim.root
hadd Sources and Target have different compression levels
hadd merging will be slower
hadd Target path: tree.root:/
Will write selected trees to .
Pre-select 233720 entries out of 233720 (100.00%)
Processed    10000/  233720 entries,  4.28% (elapsed time   255.8s, curr speed    0.039 kHz, avg speed    0.039 kHz), accepted     6431/   10001 events (64.30%)
Processed    20000/  233720 entries,  8.56% (elapsed time   518.8s, curr speed    0.038 kHz, avg speed    0.039 kHz), accepted    12880/   20001 events (64.40%)
Processed    30000/  233720 entries, 12.84% (elapsed time   769.5s, curr speed    0.040 kHz, avg speed    0.039 kHz), accepted    19321/   30001 events (64.40%)
Processed    40000/  233720 entries, 17.11% (elapsed time  1023.7s, curr speed    0.039 kHz, avg speed    0.039 kHz), accepted    25836/   40001 events (64.59%)
Processed    50000/  233720 entries, 21.39% (elapsed time  1286.2s, curr speed    0.038 kHz, avg speed    0.039 kHz), accepted    32294/   50001 events (64.59%)
Processed    60000/  233720 entries, 25.67% (elapsed time  1565.8s, curr speed    0.036 kHz, avg speed    0.038 kHz), accepted    38769/   60001 events (64.61%)
Processed    70000/  233720 entries, 29.95% (elapsed time  1829.5s, curr speed    0.038 kHz, avg speed    0.038 kHz), accepted    45271/   70001 events (64.67%)
Processed    80000/  233720 entries, 34.23% (elapsed time  2096.6s, curr speed    0.037 kHz, avg speed    0.038 kHz), accepted    51681/   80001 events (64.60%)
Processed    90000/  233720 entries, 38.51% (elapsed time  2346.3s, curr speed    0.040 kHz, avg speed    0.038 kHz), accepted    58115/   90001 events (64.57%)
Processed   100000/  233720 entries, 42.79% (elapsed time  2617.5s, curr speed    0.037 kHz, avg speed    0.038 kHz), accepted    64643/  100001 events (64.64%)
Processed   110000/  233720 entries, 47.06% (elapsed time  2895.0s, curr speed    0.036 kHz, avg speed    0.038 kHz), accepted    71156/  110001 events (64.69%)
Processed   120000/  233720 entries, 51.34% (elapsed time  3158.1s, curr speed    0.038 kHz, avg speed    0.038 kHz), accepted    77595/  120001 events (64.66%)
Processed   130000/  233720 entries, 55.62% (elapsed time  3411.0s, curr speed    0.040 kHz, avg speed    0.038 kHz), accepted    84039/  130001 events (64.64%)
Processed   140000/  233720 entries, 59.90% (elapsed time  3655.8s, curr speed    0.041 kHz, avg speed    0.038 kHz), accepted    90494/  140001 events (64.64%)
Processed   150000/  233720 entries, 64.18% (elapsed time  3904.6s, curr speed    0.040 kHz, avg speed    0.038 kHz), accepted    96904/  150001 events (64.60%)
Processed   160000/  233720 entries, 68.46% (elapsed time  4157.9s, curr speed    0.039 kHz, avg speed    0.038 kHz), accepted   103301/  160001 events (64.56%)
Processed   170000/  233720 entries, 72.74% (elapsed time  4411.3s, curr speed    0.039 kHz, avg speed    0.039 kHz), accepted   109766/  170001 events (64.57%)
Processed   180000/  233720 entries, 77.02% (elapsed time  4671.3s, curr speed    0.038 kHz, avg speed    0.039 kHz), accepted   116293/  180001 events (64.61%)
Processed   190000/  233720 entries, 81.29% (elapsed time  4937.2s, curr speed    0.038 kHz, avg speed    0.038 kHz), accepted   122780/  190001 events (64.62%)
Processed   200000/  233720 entries, 85.57% (elapsed time  5193.4s, curr speed    0.039 kHz, avg speed    0.039 kHz), accepted   129235/  200001 events (64.62%)
Processed   210000/  233720 entries, 89.85% (elapsed time  5448.1s, curr speed    0.039 kHz, avg speed    0.039 kHz), accepted   135686/  210001 events (64.61%)
Processed   220000/  233720 entries, 94.13% (elapsed time  5695.5s, curr speed    0.040 kHz, avg speed    0.039 kHz), accepted   142141/  220001 events (64.61%)
Processed   230000/  233720 entries, 98.41% (elapsed time  5956.6s, curr speed    0.038 kHz, avg speed    0.039 kHz), accepted   148609/  230001 events (64.61%)
Processed 233720 preselected entries from root://cms-xrd-global.cern.ch//store/mc/Run3Summer22NanoAODv12/Zto2Nu-4Jets_HT-200to400_TuneCP5_13p6TeV_madgraphMLM-pythia8/NANOAODSIM/130X_mcRun3_2022_realistic_v5-v2/30000/c47cc37b-e00d-468e-b342-206bcaf4d30e.root (233720 entries). Finally selected 150998 entries
Done ./c47cc37b-e00d-468e-b342-206bcaf4d30e_Skim.root
Total time 6320.6 sec. to process 233720 events. Rate = 37.0 Hz.
DONE
/tmp/lfavilla/ZJetsToNuNu_HT200to400_2022/file6
hadd Target file: tree_hadd_6.root
hadd compression setting for all output: 1
hadd Source file 1: tree.root
hadd Source file 2: hist.root
hadd Target path: tree_hadd_6.root:/
hadd Target path: tree_hadd_6.root:/plots
/tmp/lfavilla/ZJetsToNuNu_HT200to400_2022/file6
