Standalone environment set.
/tmp/lfavilla/ZJetsToNuNu_HT200to400_2022/file16
hadd Target file: tree.root
hadd compression setting for all output: 1
hadd Source file 1: ./7f891966-9255-4293-85fd-6ba2083001fb_Skim.root
hadd Sources and Target have different compression levels
hadd merging will be slower
hadd Target path: tree.root:/
Will write selected trees to .
Pre-select 157701 entries out of 157701 (100.00%)
Processed    10000/  157701 entries,  6.34% (elapsed time   316.2s, curr speed    0.032 kHz, avg speed    0.032 kHz), accepted     6535/   10001 events (65.34%)
Processed    20000/  157701 entries, 12.68% (elapsed time   611.0s, curr speed    0.034 kHz, avg speed    0.033 kHz), accepted    12957/   20001 events (64.78%)
Processed    30000/  157701 entries, 19.02% (elapsed time   919.2s, curr speed    0.032 kHz, avg speed    0.033 kHz), accepted    19440/   30001 events (64.80%)
Processed    40000/  157701 entries, 25.36% (elapsed time  1228.6s, curr speed    0.032 kHz, avg speed    0.033 kHz), accepted    25933/   40001 events (64.83%)
Processed    50000/  157701 entries, 31.71% (elapsed time  1533.1s, curr speed    0.033 kHz, avg speed    0.033 kHz), accepted    32416/   50001 events (64.83%)
Processed    60000/  157701 entries, 38.05% (elapsed time  1835.3s, curr speed    0.033 kHz, avg speed    0.033 kHz), accepted    38869/   60001 events (64.78%)
Processed    70000/  157701 entries, 44.39% (elapsed time  2133.6s, curr speed    0.034 kHz, avg speed    0.033 kHz), accepted    45333/   70001 events (64.76%)
Processed    80000/  157701 entries, 50.73% (elapsed time  2468.0s, curr speed    0.030 kHz, avg speed    0.032 kHz), accepted    51761/   80001 events (64.70%)
Processed    90000/  157701 entries, 57.07% (elapsed time  2782.6s, curr speed    0.032 kHz, avg speed    0.032 kHz), accepted    58240/   90001 events (64.71%)
Processed   100000/  157701 entries, 63.41% (elapsed time  3097.1s, curr speed    0.032 kHz, avg speed    0.032 kHz), accepted    64742/  100001 events (64.74%)
Processed   110000/  157701 entries, 69.75% (elapsed time  3408.0s, curr speed    0.032 kHz, avg speed    0.032 kHz), accepted    71180/  110001 events (64.71%)
Processed   120000/  157701 entries, 76.09% (elapsed time  3723.7s, curr speed    0.032 kHz, avg speed    0.032 kHz), accepted    77748/  120001 events (64.79%)
Processed   130000/  157701 entries, 82.43% (elapsed time  4038.4s, curr speed    0.032 kHz, avg speed    0.032 kHz), accepted    84074/  130001 events (64.67%)
Processed   140000/  157701 entries, 88.78% (elapsed time  4326.9s, curr speed    0.035 kHz, avg speed    0.032 kHz), accepted    90551/  140001 events (64.68%)
Processed   150000/  157701 entries, 95.12% (elapsed time  4635.7s, curr speed    0.032 kHz, avg speed    0.032 kHz), accepted    96955/  150001 events (64.64%)
Processed 157701 preselected entries from root://cms-xrd-global.cern.ch//store/mc/Run3Summer22NanoAODv12/Zto2Nu-4Jets_HT-200to400_TuneCP5_13p6TeV_madgraphMLM-pythia8/NANOAODSIM/130X_mcRun3_2022_realistic_v5-v2/2530000/7f891966-9255-4293-85fd-6ba2083001fb.root (157701 entries). Finally selected 101947 entries
Done ./7f891966-9255-4293-85fd-6ba2083001fb_Skim.root
Total time 5132.9 sec. to process 157701 events. Rate = 30.7 Hz.
DONE
/tmp/lfavilla/ZJetsToNuNu_HT200to400_2022/file16
hadd Target file: tree_hadd_16.root
hadd compression setting for all output: 1
hadd Source file 1: tree.root
hadd Source file 2: hist.root
hadd Target path: tree_hadd_16.root:/
hadd Target path: tree_hadd_16.root:/plots
/tmp/lfavilla/ZJetsToNuNu_HT200to400_2022/file16
