Standalone environment set.
/tmp/lfavilla/ZJetsToNuNu_HT200to400_2022/file119
hadd Target file: tree.root
hadd compression setting for all output: 1
hadd Source file 1: ./6eb5726a-3c7f-4bd4-aee5-89e37ad67b24_Skim.root
hadd Sources and Target have different compression levels
hadd merging will be slower
hadd Target path: tree.root:/
Will write selected trees to .
Pre-select 169574 entries out of 169574 (100.00%)
Processed    10000/  169574 entries,  5.90% (elapsed time   349.0s, curr speed    0.029 kHz, avg speed    0.029 kHz), accepted     6411/   10001 events (64.10%)
Processed    20000/  169574 entries, 11.79% (elapsed time   685.0s, curr speed    0.030 kHz, avg speed    0.029 kHz), accepted    12908/   20001 events (64.54%)
Processed    30000/  169574 entries, 17.69% (elapsed time  1013.6s, curr speed    0.030 kHz, avg speed    0.030 kHz), accepted    19349/   30001 events (64.49%)
Processed    40000/  169574 entries, 23.59% (elapsed time  1353.5s, curr speed    0.029 kHz, avg speed    0.030 kHz), accepted    25841/   40001 events (64.60%)
Processed    50000/  169574 entries, 29.49% (elapsed time  1693.9s, curr speed    0.029 kHz, avg speed    0.030 kHz), accepted    32282/   50001 events (64.56%)
Processed    60000/  169574 entries, 35.38% (elapsed time  2038.8s, curr speed    0.029 kHz, avg speed    0.029 kHz), accepted    38781/   60001 events (64.63%)
Processed    70000/  169574 entries, 41.28% (elapsed time  2378.3s, curr speed    0.029 kHz, avg speed    0.029 kHz), accepted    45312/   70001 events (64.73%)
Processed    80000/  169574 entries, 47.18% (elapsed time  2715.7s, curr speed    0.030 kHz, avg speed    0.029 kHz), accepted    51772/   80001 events (64.71%)
Processed    90000/  169574 entries, 53.07% (elapsed time  3032.5s, curr speed    0.032 kHz, avg speed    0.030 kHz), accepted    58282/   90001 events (64.76%)
Processed   100000/  169574 entries, 58.97% (elapsed time  3380.6s, curr speed    0.029 kHz, avg speed    0.030 kHz), accepted    64784/  100001 events (64.78%)
Processed   110000/  169574 entries, 64.87% (elapsed time  3725.3s, curr speed    0.029 kHz, avg speed    0.030 kHz), accepted    71259/  110001 events (64.78%)
Processed   120000/  169574 entries, 70.77% (elapsed time  4072.0s, curr speed    0.029 kHz, avg speed    0.029 kHz), accepted    77683/  120001 events (64.74%)
Processed   130000/  169574 entries, 76.66% (elapsed time  4422.8s, curr speed    0.029 kHz, avg speed    0.029 kHz), accepted    84239/  130001 events (64.80%)
Processed   140000/  169574 entries, 82.56% (elapsed time  4791.4s, curr speed    0.027 kHz, avg speed    0.029 kHz), accepted    90675/  140001 events (64.77%)
Processed   150000/  169574 entries, 88.46% (elapsed time  5182.3s, curr speed    0.026 kHz, avg speed    0.029 kHz), accepted    97097/  150001 events (64.73%)
Processed   160000/  169574 entries, 94.35% (elapsed time  5492.6s, curr speed    0.032 kHz, avg speed    0.029 kHz), accepted   103531/  160001 events (64.71%)
Processed 169574 preselected entries from root://cms-xrd-global.cern.ch//store/mc/Run3Summer22NanoAODv12/Zto2Nu-4Jets_HT-200to400_TuneCP5_13p6TeV_madgraphMLM-pythia8/NANOAODSIM/130X_mcRun3_2022_realistic_v5-v2/40000/6eb5726a-3c7f-4bd4-aee5-89e37ad67b24.root (169574 entries). Finally selected 109751 entries
Done ./6eb5726a-3c7f-4bd4-aee5-89e37ad67b24_Skim.root
Total time 6095.5 sec. to process 169574 events. Rate = 27.8 Hz.
DONE
/tmp/lfavilla/ZJetsToNuNu_HT200to400_2022/file119
hadd Target file: tree_hadd_119.root
hadd compression setting for all output: 1
hadd Source file 1: tree.root
hadd Source file 2: hist.root
hadd Target path: tree_hadd_119.root:/
hadd Target path: tree_hadd_119.root:/plots
/tmp/lfavilla/ZJetsToNuNu_HT200to400_2022/file119
