Standalone environment set.
/tmp/lfavilla/ZJetsToNuNu_HT200to400_2022/file219
hadd Target file: tree.root
hadd compression setting for all output: 1
hadd Source file 1: ./09fcbe12-6730-47e7-b261-6343f17c14ef_Skim.root
hadd Sources and Target have different compression levels
hadd merging will be slower
hadd Target path: tree.root:/
Will write selected trees to .
Pre-select 2828 entries out of 2828 (100.00%)
Processed 2828 preselected entries from root://cms-xrd-global.cern.ch//store/mc/Run3Summer22NanoAODv12/Zto2Nu-4Jets_HT-200to400_TuneCP5_13p6TeV_madgraphMLM-pythia8/NANOAODSIM/130X_mcRun3_2022_realistic_v5-v2/50000/09fcbe12-6730-47e7-b261-6343f17c14ef.root (2828 entries). Finally selected 1818 entries
Done ./09fcbe12-6730-47e7-b261-6343f17c14ef_Skim.root
Total time 108.2 sec. to process 2828 events. Rate = 26.1 Hz.
DONE
/tmp/lfavilla/ZJetsToNuNu_HT200to400_2022/file219
hadd Target file: tree_hadd_219.root
hadd compression setting for all output: 1
hadd Source file 1: tree.root
hadd Source file 2: hist.root
hadd Target path: tree_hadd_219.root:/
hadd Target path: tree_hadd_219.root:/plots
/tmp/lfavilla/ZJetsToNuNu_HT200to400_2022/file219
