Standalone environment set.
/tmp/lfavilla/ZJetsToNuNu_HT200to400_2022/file194
hadd Target file: tree.root
hadd compression setting for all output: 1
hadd Source file 1: ./547c9c7b-3532-4501-9c2a-3414ed2edd83_Skim.root
hadd Sources and Target have different compression levels
hadd merging will be slower
hadd Target path: tree.root:/
Will write selected trees to .
Pre-select 157886 entries out of 157886 (100.00%)
Processed    10000/  157886 entries,  6.33% (elapsed time   296.4s, curr speed    0.034 kHz, avg speed    0.034 kHz), accepted     6440/   10001 events (64.39%)
Processed    20000/  157886 entries, 12.67% (elapsed time   578.5s, curr speed    0.035 kHz, avg speed    0.035 kHz), accepted    12846/   20001 events (64.23%)
Processed    30000/  157886 entries, 19.00% (elapsed time   868.6s, curr speed    0.034 kHz, avg speed    0.035 kHz), accepted    19308/   30001 events (64.36%)
Processed    40000/  157886 entries, 25.33% (elapsed time  1155.1s, curr speed    0.035 kHz, avg speed    0.035 kHz), accepted    25830/   40001 events (64.57%)
Processed    50000/  157886 entries, 31.67% (elapsed time  1443.5s, curr speed    0.035 kHz, avg speed    0.035 kHz), accepted    32275/   50001 events (64.55%)
Processed    60000/  157886 entries, 38.00% (elapsed time  1727.1s, curr speed    0.035 kHz, avg speed    0.035 kHz), accepted    38750/   60001 events (64.58%)
Processed    70000/  157886 entries, 44.34% (elapsed time  2008.8s, curr speed    0.036 kHz, avg speed    0.035 kHz), accepted    45154/   70001 events (64.50%)
Processed    80000/  157886 entries, 50.67% (elapsed time  2293.0s, curr speed    0.035 kHz, avg speed    0.035 kHz), accepted    51652/   80001 events (64.56%)
Processed    90000/  157886 entries, 57.00% (elapsed time  2587.5s, curr speed    0.034 kHz, avg speed    0.035 kHz), accepted    58084/   90001 events (64.54%)
Processed   100000/  157886 entries, 63.34% (elapsed time  2865.6s, curr speed    0.036 kHz, avg speed    0.035 kHz), accepted    64579/  100001 events (64.58%)
Processed   110000/  157886 entries, 69.67% (elapsed time  3131.1s, curr speed    0.038 kHz, avg speed    0.035 kHz), accepted    71047/  110001 events (64.59%)
Processed   120000/  157886 entries, 76.00% (elapsed time  3374.2s, curr speed    0.041 kHz, avg speed    0.036 kHz), accepted    77550/  120001 events (64.62%)
Processed   130000/  157886 entries, 82.34% (elapsed time  3639.8s, curr speed    0.038 kHz, avg speed    0.036 kHz), accepted    84092/  130001 events (64.69%)
Processed   140000/  157886 entries, 88.67% (elapsed time  3905.3s, curr speed    0.038 kHz, avg speed    0.036 kHz), accepted    90601/  140001 events (64.71%)
Processed   150000/  157886 entries, 95.01% (elapsed time  4181.6s, curr speed    0.036 kHz, avg speed    0.036 kHz), accepted    96988/  150001 events (64.66%)
Processed 157886 preselected entries from root://cms-xrd-global.cern.ch//store/mc/Run3Summer22NanoAODv12/Zto2Nu-4Jets_HT-200to400_TuneCP5_13p6TeV_madgraphMLM-pythia8/NANOAODSIM/130X_mcRun3_2022_realistic_v5-v2/2540000/547c9c7b-3532-4501-9c2a-3414ed2edd83.root (157886 entries). Finally selected 102065 entries
Done ./547c9c7b-3532-4501-9c2a-3414ed2edd83_Skim.root
Total time 4644.7 sec. to process 157886 events. Rate = 34.0 Hz.
DONE
/tmp/lfavilla/ZJetsToNuNu_HT200to400_2022/file194
hadd Target file: tree_hadd_194.root
hadd compression setting for all output: 1
hadd Source file 1: tree.root
hadd Source file 2: hist.root
hadd Target path: tree_hadd_194.root:/
hadd Target path: tree_hadd_194.root:/plots
/tmp/lfavilla/ZJetsToNuNu_HT200to400_2022/file194
