Standalone environment set.
/tmp/lfavilla/ZJetsToNuNu_HT200to400_2022/file37
hadd Target file: tree.root
hadd compression setting for all output: 1
hadd Source file 1: ./de3df6b5-976b-44d8-817e-6641d0b9db7a_Skim.root
hadd Sources and Target have different compression levels
hadd merging will be slower
hadd Target path: tree.root:/
Will write selected trees to .
Pre-select 157927 entries out of 157927 (100.00%)
Processed    10000/  157927 entries,  6.33% (elapsed time   268.9s, curr speed    0.037 kHz, avg speed    0.037 kHz), accepted     6433/   10001 events (64.32%)
Processed    20000/  157927 entries, 12.66% (elapsed time   525.3s, curr speed    0.039 kHz, avg speed    0.038 kHz), accepted    12943/   20001 events (64.71%)
Processed    30000/  157927 entries, 19.00% (elapsed time   781.4s, curr speed    0.039 kHz, avg speed    0.038 kHz), accepted    19373/   30001 events (64.57%)
Processed    40000/  157927 entries, 25.33% (elapsed time  1032.1s, curr speed    0.040 kHz, avg speed    0.039 kHz), accepted    25841/   40001 events (64.60%)
Processed    50000/  157927 entries, 31.66% (elapsed time  1278.6s, curr speed    0.041 kHz, avg speed    0.039 kHz), accepted    32290/   50001 events (64.58%)
Processed    60000/  157927 entries, 37.99% (elapsed time  1531.3s, curr speed    0.040 kHz, avg speed    0.039 kHz), accepted    38773/   60001 events (64.62%)
Processed    70000/  157927 entries, 44.32% (elapsed time  1786.9s, curr speed    0.039 kHz, avg speed    0.039 kHz), accepted    45296/   70001 events (64.71%)
Processed    80000/  157927 entries, 50.66% (elapsed time  2050.8s, curr speed    0.038 kHz, avg speed    0.039 kHz), accepted    51762/   80001 events (64.70%)
Processed    90000/  157927 entries, 56.99% (elapsed time  2322.8s, curr speed    0.037 kHz, avg speed    0.039 kHz), accepted    58197/   90001 events (64.66%)
Processed   100000/  157927 entries, 63.32% (elapsed time  2593.4s, curr speed    0.037 kHz, avg speed    0.039 kHz), accepted    64611/  100001 events (64.61%)
Processed   110000/  157927 entries, 69.65% (elapsed time  2884.1s, curr speed    0.034 kHz, avg speed    0.038 kHz), accepted    71098/  110001 events (64.63%)
Processed   120000/  157927 entries, 75.98% (elapsed time  3159.6s, curr speed    0.036 kHz, avg speed    0.038 kHz), accepted    77673/  120001 events (64.73%)
Processed   130000/  157927 entries, 82.32% (elapsed time  3431.4s, curr speed    0.037 kHz, avg speed    0.038 kHz), accepted    84156/  130001 events (64.73%)
Processed   140000/  157927 entries, 88.65% (elapsed time  3690.1s, curr speed    0.039 kHz, avg speed    0.038 kHz), accepted    90642/  140001 events (64.74%)
Processed   150000/  157927 entries, 94.98% (elapsed time  3960.8s, curr speed    0.037 kHz, avg speed    0.038 kHz), accepted    97105/  150001 events (64.74%)
Processed 157927 preselected entries from root://cms-xrd-global.cern.ch//store/mc/Run3Summer22NanoAODv12/Zto2Nu-4Jets_HT-200to400_TuneCP5_13p6TeV_madgraphMLM-pythia8/NANOAODSIM/130X_mcRun3_2022_realistic_v5-v2/40000/de3df6b5-976b-44d8-817e-6641d0b9db7a.root (157927 entries). Finally selected 102254 entries
Done ./de3df6b5-976b-44d8-817e-6641d0b9db7a_Skim.root
Total time 4397.2 sec. to process 157927 events. Rate = 35.9 Hz.
DONE
/tmp/lfavilla/ZJetsToNuNu_HT200to400_2022/file37
hadd Target file: tree_hadd_37.root
hadd compression setting for all output: 1
hadd Source file 1: tree.root
hadd Source file 2: hist.root
hadd Target path: tree_hadd_37.root:/
hadd Target path: tree_hadd_37.root:/plots
/tmp/lfavilla/ZJetsToNuNu_HT200to400_2022/file37
