Standalone environment set.
/tmp/lfavilla/ZJetsToNuNu_HT200to400_2022/file221
hadd Target file: tree.root
hadd compression setting for all output: 1
hadd Source file 1: ./cfcdf66a-f572-4b9e-9e32-46c866b66e1f_Skim.root
hadd Sources and Target have different compression levels
hadd merging will be slower
hadd Target path: tree.root:/
Will write selected trees to .
Pre-select 11803 entries out of 11803 (100.00%)
Processed    10000/   11803 entries, 84.72% (elapsed time   280.5s, curr speed    0.036 kHz, avg speed    0.036 kHz), accepted     6429/   10001 events (64.28%)
Processed 11803 preselected entries from root://cms-xrd-global.cern.ch//store/mc/Run3Summer22NanoAODv12/Zto2Nu-4Jets_HT-200to400_TuneCP5_13p6TeV_madgraphMLM-pythia8/NANOAODSIM/130X_mcRun3_2022_realistic_v5-v2/2520000/cfcdf66a-f572-4b9e-9e32-46c866b66e1f.root (11803 entries). Finally selected 7595 entries
Done ./cfcdf66a-f572-4b9e-9e32-46c866b66e1f_Skim.root
Total time 365.2 sec. to process 11803 events. Rate = 32.3 Hz.
DONE
/tmp/lfavilla/ZJetsToNuNu_HT200to400_2022/file221
hadd Target file: tree_hadd_221.root
hadd compression setting for all output: 1
hadd Source file 1: tree.root
hadd Source file 2: hist.root
hadd Target path: tree_hadd_221.root:/
hadd Target path: tree_hadd_221.root:/plots
/tmp/lfavilla/ZJetsToNuNu_HT200to400_2022/file221
