Standalone environment set.
/tmp/lfavilla/ZJetsToNuNu_HT200to400_2022/file57
hadd Target file: tree.root
hadd compression setting for all output: 1
hadd Source file 1: ./d049a53d-6010-430b-8bc6-ce9f0c61fdef_Skim.root
hadd Sources and Target have different compression levels
hadd merging will be slower
hadd Target path: tree.root:/
Will write selected trees to .
Pre-select 153040 entries out of 153040 (100.00%)
Processed    10000/  153040 entries,  6.53% (elapsed time   271.1s, curr speed    0.037 kHz, avg speed    0.037 kHz), accepted     6494/   10001 events (64.93%)
Processed    20000/  153040 entries, 13.07% (elapsed time   515.4s, curr speed    0.041 kHz, avg speed    0.039 kHz), accepted    12940/   20001 events (64.70%)
Processed    30000/  153040 entries, 19.60% (elapsed time   775.1s, curr speed    0.039 kHz, avg speed    0.039 kHz), accepted    19431/   30001 events (64.77%)
Processed    40000/  153040 entries, 26.14% (elapsed time  1038.7s, curr speed    0.038 kHz, avg speed    0.039 kHz), accepted    25833/   40001 events (64.58%)
Processed    50000/  153040 entries, 32.67% (elapsed time  1277.1s, curr speed    0.042 kHz, avg speed    0.039 kHz), accepted    32302/   50001 events (64.60%)
Processed    60000/  153040 entries, 39.21% (elapsed time  1525.8s, curr speed    0.040 kHz, avg speed    0.039 kHz), accepted    38834/   60001 events (64.72%)
Processed    70000/  153040 entries, 45.74% (elapsed time  1788.7s, curr speed    0.038 kHz, avg speed    0.039 kHz), accepted    45314/   70001 events (64.73%)
Processed    80000/  153040 entries, 52.27% (elapsed time  2067.6s, curr speed    0.036 kHz, avg speed    0.039 kHz), accepted    51740/   80001 events (64.67%)
Processed    90000/  153040 entries, 58.81% (elapsed time  2357.2s, curr speed    0.035 kHz, avg speed    0.038 kHz), accepted    58256/   90001 events (64.73%)
Processed   100000/  153040 entries, 65.34% (elapsed time  2654.6s, curr speed    0.034 kHz, avg speed    0.038 kHz), accepted    64695/  100001 events (64.69%)
Processed   110000/  153040 entries, 71.88% (elapsed time  2903.7s, curr speed    0.040 kHz, avg speed    0.038 kHz), accepted    71050/  110001 events (64.59%)
Processed   120000/  153040 entries, 78.41% (elapsed time  3160.8s, curr speed    0.039 kHz, avg speed    0.038 kHz), accepted    77554/  120001 events (64.63%)
Processed   130000/  153040 entries, 84.95% (elapsed time  3402.4s, curr speed    0.041 kHz, avg speed    0.038 kHz), accepted    83974/  130001 events (64.59%)
Processed   140000/  153040 entries, 91.48% (elapsed time  3621.1s, curr speed    0.046 kHz, avg speed    0.039 kHz), accepted    90474/  140001 events (64.62%)
Processed   150000/  153040 entries, 98.01% (elapsed time  3858.7s, curr speed    0.042 kHz, avg speed    0.039 kHz), accepted    96964/  150001 events (64.64%)
Processed 153040 preselected entries from root://cms-xrd-global.cern.ch//store/mc/Run3Summer22NanoAODv12/Zto2Nu-4Jets_HT-200to400_TuneCP5_13p6TeV_madgraphMLM-pythia8/NANOAODSIM/130X_mcRun3_2022_realistic_v5-v2/2540000/d049a53d-6010-430b-8bc6-ce9f0c61fdef.root (153040 entries). Finally selected 98895 entries
Done ./d049a53d-6010-430b-8bc6-ce9f0c61fdef_Skim.root
Total time 4109.9 sec. to process 153040 events. Rate = 37.2 Hz.
DONE
/tmp/lfavilla/ZJetsToNuNu_HT200to400_2022/file57
hadd Target file: tree_hadd_57.root
hadd compression setting for all output: 1
hadd Source file 1: tree.root
hadd Source file 2: hist.root
hadd Target path: tree_hadd_57.root:/
hadd Target path: tree_hadd_57.root:/plots
/tmp/lfavilla/ZJetsToNuNu_HT200to400_2022/file57
