Standalone environment set.
/tmp/lfavilla/ZJetsToNuNu_HT200to400_2022/file224
hadd Target file: tree.root
hadd compression setting for all output: 1
hadd Source file 1: ./b84d6bb0-57f4-4896-bd9e-9220a1389b5c_Skim.root
hadd Sources and Target have different compression levels
hadd merging will be slower
hadd Target path: tree.root:/
Will write selected trees to .
Pre-select 151895 entries out of 151895 (100.00%)
Processed    10000/  151895 entries,  6.58% (elapsed time   284.2s, curr speed    0.035 kHz, avg speed    0.035 kHz), accepted     6486/   10001 events (64.85%)
Processed    20000/  151895 entries, 13.17% (elapsed time   547.9s, curr speed    0.038 kHz, avg speed    0.037 kHz), accepted    12964/   20001 events (64.82%)
Processed    30000/  151895 entries, 19.75% (elapsed time   819.1s, curr speed    0.037 kHz, avg speed    0.037 kHz), accepted    19407/   30001 events (64.69%)
Processed    40000/  151895 entries, 26.33% (elapsed time  1091.6s, curr speed    0.037 kHz, avg speed    0.037 kHz), accepted    25825/   40001 events (64.56%)
Processed    50000/  151895 entries, 32.92% (elapsed time  1364.3s, curr speed    0.037 kHz, avg speed    0.037 kHz), accepted    32366/   50001 events (64.73%)
Processed    60000/  151895 entries, 39.50% (elapsed time  1628.9s, curr speed    0.038 kHz, avg speed    0.037 kHz), accepted    38852/   60001 events (64.75%)
Processed    70000/  151895 entries, 46.08% (elapsed time  1889.7s, curr speed    0.038 kHz, avg speed    0.037 kHz), accepted    45269/   70001 events (64.67%)
Processed    80000/  151895 entries, 52.67% (elapsed time  2160.4s, curr speed    0.037 kHz, avg speed    0.037 kHz), accepted    51765/   80001 events (64.71%)
Processed    90000/  151895 entries, 59.25% (elapsed time  2427.6s, curr speed    0.037 kHz, avg speed    0.037 kHz), accepted    58229/   90001 events (64.70%)
Processed   100000/  151895 entries, 65.83% (elapsed time  2685.5s, curr speed    0.039 kHz, avg speed    0.037 kHz), accepted    64739/  100001 events (64.74%)
Processed   110000/  151895 entries, 72.42% (elapsed time  2923.0s, curr speed    0.042 kHz, avg speed    0.038 kHz), accepted    71315/  110001 events (64.83%)
Processed   120000/  151895 entries, 79.00% (elapsed time  3163.5s, curr speed    0.042 kHz, avg speed    0.038 kHz), accepted    77754/  120001 events (64.79%)
Processed   130000/  151895 entries, 85.59% (elapsed time  3407.8s, curr speed    0.041 kHz, avg speed    0.038 kHz), accepted    84236/  130001 events (64.80%)
Processed   140000/  151895 entries, 92.17% (elapsed time  3621.6s, curr speed    0.047 kHz, avg speed    0.039 kHz), accepted    90661/  140001 events (64.76%)
Processed   150000/  151895 entries, 98.75% (elapsed time  3852.3s, curr speed    0.043 kHz, avg speed    0.039 kHz), accepted    97193/  150001 events (64.79%)
Processed 151895 preselected entries from root://cms-xrd-global.cern.ch//store/mc/Run3Summer22NanoAODv12/Zto2Nu-4Jets_HT-200to400_TuneCP5_13p6TeV_madgraphMLM-pythia8/NANOAODSIM/130X_mcRun3_2022_realistic_v5-v2/2540000/b84d6bb0-57f4-4896-bd9e-9220a1389b5c.root (151895 entries). Finally selected 98383 entries
Done ./b84d6bb0-57f4-4896-bd9e-9220a1389b5c_Skim.root
Total time 4083.2 sec. to process 151895 events. Rate = 37.2 Hz.
DONE
/tmp/lfavilla/ZJetsToNuNu_HT200to400_2022/file224
hadd Target file: tree_hadd_224.root
hadd compression setting for all output: 1
hadd Source file 1: tree.root
hadd Source file 2: hist.root
hadd Target path: tree_hadd_224.root:/
hadd Target path: tree_hadd_224.root:/plots
/tmp/lfavilla/ZJetsToNuNu_HT200to400_2022/file224
