Standalone environment set.
/tmp/lfavilla/ZJetsToNuNu_HT200to400_2022/file27
hadd Target file: tree.root
hadd compression setting for all output: 1
hadd Source file 1: ./4782a3de-6249-477d-a21a-f5dbf435be3b_Skim.root
hadd Sources and Target have different compression levels
hadd merging will be slower
hadd Target path: tree.root:/
Will write selected trees to .
Pre-select 153527 entries out of 153527 (100.00%)
Processed    10000/  153527 entries,  6.51% (elapsed time   245.1s, curr speed    0.041 kHz, avg speed    0.041 kHz), accepted     6369/   10001 events (63.68%)
Processed    20000/  153527 entries, 13.03% (elapsed time   475.0s, curr speed    0.043 kHz, avg speed    0.042 kHz), accepted    12825/   20001 events (64.12%)
Processed    30000/  153527 entries, 19.54% (elapsed time   718.3s, curr speed    0.041 kHz, avg speed    0.042 kHz), accepted    19281/   30001 events (64.27%)
Processed    40000/  153527 entries, 26.05% (elapsed time   959.7s, curr speed    0.041 kHz, avg speed    0.042 kHz), accepted    25616/   40001 events (64.04%)
Processed    50000/  153527 entries, 32.57% (elapsed time  1214.0s, curr speed    0.039 kHz, avg speed    0.041 kHz), accepted    32084/   50001 events (64.17%)
Processed    60000/  153527 entries, 39.08% (elapsed time  1464.6s, curr speed    0.040 kHz, avg speed    0.041 kHz), accepted    38560/   60001 events (64.27%)
Processed    70000/  153527 entries, 45.59% (elapsed time  1717.7s, curr speed    0.040 kHz, avg speed    0.041 kHz), accepted    45134/   70001 events (64.48%)
Processed    80000/  153527 entries, 52.11% (elapsed time  1964.4s, curr speed    0.041 kHz, avg speed    0.041 kHz), accepted    51586/   80001 events (64.48%)
Processed    90000/  153527 entries, 58.62% (elapsed time  2210.2s, curr speed    0.041 kHz, avg speed    0.041 kHz), accepted    58018/   90001 events (64.46%)
Processed   100000/  153527 entries, 65.14% (elapsed time  2459.0s, curr speed    0.040 kHz, avg speed    0.041 kHz), accepted    64433/  100001 events (64.43%)
Processed   110000/  153527 entries, 71.65% (elapsed time  2719.8s, curr speed    0.038 kHz, avg speed    0.040 kHz), accepted    70914/  110001 events (64.47%)
Processed   120000/  153527 entries, 78.16% (elapsed time  2967.8s, curr speed    0.040 kHz, avg speed    0.040 kHz), accepted    77409/  120001 events (64.51%)
Processed   130000/  153527 entries, 84.68% (elapsed time  3190.8s, curr speed    0.045 kHz, avg speed    0.041 kHz), accepted    83862/  130001 events (64.51%)
Processed   140000/  153527 entries, 91.19% (elapsed time  3448.7s, curr speed    0.039 kHz, avg speed    0.041 kHz), accepted    90358/  140001 events (64.54%)
Processed   150000/  153527 entries, 97.70% (elapsed time  3709.5s, curr speed    0.038 kHz, avg speed    0.040 kHz), accepted    96803/  150001 events (64.53%)
Processed 153527 preselected entries from root://cms-xrd-global.cern.ch//store/mc/Run3Summer22NanoAODv12/Zto2Nu-4Jets_HT-200to400_TuneCP5_13p6TeV_madgraphMLM-pythia8/NANOAODSIM/130X_mcRun3_2022_realistic_v5-v2/2540000/4782a3de-6249-477d-a21a-f5dbf435be3b.root (153527 entries). Finally selected 99075 entries
Done ./4782a3de-6249-477d-a21a-f5dbf435be3b_Skim.root
Total time 3991.2 sec. to process 153527 events. Rate = 38.5 Hz.
DONE
/tmp/lfavilla/ZJetsToNuNu_HT200to400_2022/file27
hadd Target file: tree_hadd_27.root
hadd compression setting for all output: 1
hadd Source file 1: tree.root
hadd Source file 2: hist.root
hadd Target path: tree_hadd_27.root:/
hadd Target path: tree_hadd_27.root:/plots
/tmp/lfavilla/ZJetsToNuNu_HT200to400_2022/file27
