Standalone environment set.
/tmp/lfavilla/ZJetsToNuNu_HT200to400_2022/file82
hadd Target file: tree.root
hadd compression setting for all output: 1
hadd Source file 1: ./15f959a7-6512-4051-b17c-7958b7bf4033_Skim.root
hadd Sources and Target have different compression levels
hadd merging will be slower
hadd Target path: tree.root:/
Will write selected trees to .
Pre-select 45100 entries out of 45100 (100.00%)
Processed    10000/   45100 entries, 22.17% (elapsed time   310.3s, curr speed    0.032 kHz, avg speed    0.032 kHz), accepted     6483/   10001 events (64.82%)
Processed    20000/   45100 entries, 44.35% (elapsed time   603.3s, curr speed    0.034 kHz, avg speed    0.033 kHz), accepted    12933/   20001 events (64.66%)
Processed    30000/   45100 entries, 66.52% (elapsed time   894.7s, curr speed    0.034 kHz, avg speed    0.034 kHz), accepted    19410/   30001 events (64.70%)
Processed    40000/   45100 entries, 88.69% (elapsed time  1188.2s, curr speed    0.034 kHz, avg speed    0.034 kHz), accepted    25792/   40001 events (64.48%)
Processed 45100 preselected entries from root://cms-xrd-global.cern.ch//store/mc/Run3Summer22NanoAODv12/Zto2Nu-4Jets_HT-200to400_TuneCP5_13p6TeV_madgraphMLM-pythia8/NANOAODSIM/130X_mcRun3_2022_realistic_v5-v2/40000/15f959a7-6512-4051-b17c-7958b7bf4033.root (45100 entries). Finally selected 29126 entries
Done ./15f959a7-6512-4051-b17c-7958b7bf4033_Skim.root
Total time 1415.7 sec. to process 45100 events. Rate = 31.9 Hz.
DONE
/tmp/lfavilla/ZJetsToNuNu_HT200to400_2022/file82
hadd Target file: tree_hadd_82.root
hadd compression setting for all output: 1
hadd Source file 1: tree.root
hadd Source file 2: hist.root
hadd Target path: tree_hadd_82.root:/
hadd Target path: tree_hadd_82.root:/plots
/tmp/lfavilla/ZJetsToNuNu_HT200to400_2022/file82
