Standalone environment set.
/tmp/lfavilla/ZJetsToNuNu_HT200to400_2022/file44
hadd Target file: tree.root
hadd compression setting for all output: 1
hadd Source file 1: ./0c9d624f-b92c-470e-9c2c-1971c3639241_Skim.root
hadd Sources and Target have different compression levels
hadd merging will be slower
hadd Target path: tree.root:/
Will write selected trees to .
Pre-select 20111 entries out of 20111 (100.00%)
Processed    10000/   20111 entries, 49.72% (elapsed time   334.9s, curr speed    0.030 kHz, avg speed    0.030 kHz), accepted     6411/   10001 events (64.10%)
Processed    20000/   20111 entries, 99.45% (elapsed time   649.2s, curr speed    0.032 kHz, avg speed    0.031 kHz), accepted    12914/   20001 events (64.57%)
Processed 20111 preselected entries from root://cms-xrd-global.cern.ch//store/mc/Run3Summer22NanoAODv12/Zto2Nu-4Jets_HT-200to400_TuneCP5_13p6TeV_madgraphMLM-pythia8/NANOAODSIM/130X_mcRun3_2022_realistic_v5-v2/40000/0c9d624f-b92c-470e-9c2c-1971c3639241.root (20111 entries). Finally selected 12989 entries
Done ./0c9d624f-b92c-470e-9c2c-1971c3639241_Skim.root
Total time 696.2 sec. to process 20111 events. Rate = 28.9 Hz.
DONE
/tmp/lfavilla/ZJetsToNuNu_HT200to400_2022/file44
hadd Target file: tree_hadd_44.root
hadd compression setting for all output: 1
hadd Source file 1: tree.root
hadd Source file 2: hist.root
hadd Target path: tree_hadd_44.root:/
hadd Target path: tree_hadd_44.root:/plots
/tmp/lfavilla/ZJetsToNuNu_HT200to400_2022/file44
