000 (13690176.000.000) 03/10 16:09:42 Job submitted from host: <137.138.120.116:9618?addrs=137.138.120.116-9618+[2001-1458-d00-16--17b]-9618&alias=bigbird12.cern.ch&noUDP&sock=schedd_5055_e355>
...
040 (13690176.000.000) 03/10 16:46:47 Started transferring input files
	Transferring to host: <188.185.215.143:9618?addrs=188.185.215.143-9618+[2001-1458-303-26--100-b]-9618&alias=b9p18p1249.cern.ch&noUDP&sock=slot1_7_347655_25d2_17749>
...
040 (13690176.000.000) 03/10 16:46:47 Finished transferring input files
...
001 (13690176.000.000) 03/10 16:46:48 Job executing on host: <188.185.215.143:9618?addrs=188.185.215.143-9618+[2001-1458-303-26--100-b]-9618&alias=b9p18p1249.cern.ch&noUDP&sock=startd_4461_7413>
	SlotName: slot1_7@b9p18p1249.cern.ch
	CondorScratchDir = "/pool/condor/dir_3512332"
	Cpus = 1
	Disk = 3917
	GPUs = 0
	Memory = 3000
...
006 (13690176.000.000) 03/10 16:46:56 Image size of job updated: 4512
	5  -  MemoryUsage of job (MB)
	4512  -  ResidentSetSize of job (KB)
...
006 (13690176.000.000) 03/10 16:49:32 Image size of job updated: 4588
	5  -  MemoryUsage of job (MB)
	4588  -  ResidentSetSize of job (KB)
...
040 (13690176.000.000) 03/10 16:49:36 Started transferring output files
...
040 (13690176.000.000) 03/10 16:49:38 Finished transferring output files
...
005 (13690176.000.000) 03/10 16:49:41 Job terminated.
	(1) Normal termination (return value 0)
		Usr 0 00:01:21, Sys 0 00:00:07  -  Run Remote Usage
		Usr 0 00:00:00, Sys 0 00:00:00  -  Run Local Usage
		Usr 0 00:01:21, Sys 0 00:00:07  -  Total Remote Usage
		Usr 0 00:00:00, Sys 0 00:00:00  -  Total Local Usage
	3107  -  Run Bytes Sent By Job
	11030  -  Run Bytes Received By Job
	3107  -  Total Bytes Sent By Job
	11030  -  Total Bytes Received By Job
	Partitionable Resources :    Usage  Request Allocated 
	   Cpus                 :        0        1         1 
	   Disk (KB)            :    15871       12      3917 
	   GPUs                 :                           0 
	   Memory (MB)          :        5     3000      3000 

	Job terminated of its own accord at 2025-03-10T15:49:32Z with exit-code 0.
...
