000 (13690173.000.000) 03/10 16:09:40 Job submitted from host: <137.138.120.116:9618?addrs=137.138.120.116-9618+[2001-1458-d00-16--17b]-9618&alias=bigbird12.cern.ch&noUDP&sock=schedd_5055_e355>
...
040 (13690173.000.000) 03/10 16:46:45 Started transferring input files
	Transferring to host: <188.185.210.99:9618?addrs=188.185.210.99-9618+[2001-1458-303-1--100-5f]-9618&alias=b9p21p4631.cern.ch&noUDP&sock=slot1_16_5155_e9eb_103599>
...
040 (13690173.000.000) 03/10 16:46:45 Finished transferring input files
...
001 (13690173.000.000) 03/10 16:46:47 Job executing on host: <188.185.210.99:9618?addrs=188.185.210.99-9618+[2001-1458-303-1--100-5f]-9618&alias=b9p21p4631.cern.ch&noUDP&sock=startd_4228_a282>
	SlotName: slot1_16@b9p21p4631.cern.ch
	CondorScratchDir = "/pool/condor/dir_476996"
	Cpus = 1
	Disk = 3801
	GPUs = 0
	Memory = 3000
...
006 (13690173.000.000) 03/10 16:46:56 Image size of job updated: 20700
	21  -  MemoryUsage of job (MB)
	20700  -  ResidentSetSize of job (KB)
...
006 (13690173.000.000) 03/10 16:51:57 Image size of job updated: 858268
	839  -  MemoryUsage of job (MB)
	858268  -  ResidentSetSize of job (KB)
...
006 (13690173.000.000) 03/10 16:56:58 Image size of job updated: 978420
	956  -  MemoryUsage of job (MB)
	978420  -  ResidentSetSize of job (KB)
...
006 (13690173.000.000) 03/10 17:01:58 Image size of job updated: 1091608
	1067  -  MemoryUsage of job (MB)
	1091608  -  ResidentSetSize of job (KB)
...
006 (13690173.000.000) 03/10 17:06:58 Image size of job updated: 1214324
	1186  -  MemoryUsage of job (MB)
	1214324  -  ResidentSetSize of job (KB)
...
040 (13690173.000.000) 03/10 17:09:14 Started transferring output files
...
040 (13690173.000.000) 03/10 17:09:14 Finished transferring output files
...
005 (13690173.000.000) 03/10 17:09:14 Job terminated.
	(1) Normal termination (return value 0)
		Usr 0 00:21:18, Sys 0 00:00:22  -  Run Remote Usage
		Usr 0 00:00:00, Sys 0 00:00:00  -  Run Local Usage
		Usr 0 00:21:18, Sys 0 00:00:22  -  Total Remote Usage
		Usr 0 00:00:00, Sys 0 00:00:00  -  Total Local Usage
	9121  -  Run Bytes Sent By Job
	11030  -  Run Bytes Received By Job
	9121  -  Total Bytes Sent By Job
	11030  -  Total Bytes Received By Job
	Partitionable Resources :     Usage  Request Allocated 
	   Cpus                 :      0.99        1         1 
	   Disk (KB)            : 406731          12      3801 
	   GPUs                 :                            0 
	   Memory (MB)          :   1186        3000      3000 

	Job terminated of its own accord at 2025-03-10T16:09:14Z with exit-code 0.
...
