000 (13690165.000.000) 03/10 16:09:36 Job submitted from host: <137.138.120.116:9618?addrs=137.138.120.116-9618+[2001-1458-d00-16--17b]-9618&alias=bigbird12.cern.ch&noUDP&sock=schedd_5055_e355>
...
040 (13690165.000.000) 03/10 16:46:41 Started transferring input files
	Transferring to host: <188.185.205.59:9618?addrs=188.185.205.59-9618+[2001-1458-303-9--100-af]-9618&alias=b9p03p3911.cern.ch&noUDP&sock=slot1_21_3738_8251_10693>
...
040 (13690165.000.000) 03/10 16:46:41 Finished transferring input files
...
001 (13690165.000.000) 03/10 16:46:42 Job executing on host: <188.185.205.59:9618?addrs=188.185.205.59-9618+[2001-1458-303-9--100-af]-9618&alias=b9p03p3911.cern.ch&noUDP&sock=startd_3401_61b0>
	SlotName: slot1_21@b9p03p3911.cern.ch
	CondorScratchDir = "/pool/condor/dir_125278"
	Cpus = 1
	Disk = 3574
	GPUs = 0
	Memory = 3000
...
006 (13690165.000.000) 03/10 16:46:56 Image size of job updated: 956
	1  -  MemoryUsage of job (MB)
	956  -  ResidentSetSize of job (KB)
...
006 (13690165.000.000) 03/10 16:51:57 Image size of job updated: 763284
	746  -  MemoryUsage of job (MB)
	763284  -  ResidentSetSize of job (KB)
...
006 (13690165.000.000) 03/10 16:53:56 Image size of job updated: 1026388
	746  -  MemoryUsage of job (MB)
	763284  -  ResidentSetSize of job (KB)
...
040 (13690165.000.000) 03/10 16:53:56 Started transferring output files
...
040 (13690165.000.000) 03/10 16:53:56 Finished transferring output files
...
005 (13690165.000.000) 03/10 16:53:56 Job terminated.
	(1) Normal termination (return value 0)
		Usr 0 00:03:10, Sys 0 00:00:12  -  Run Remote Usage
		Usr 0 00:00:00, Sys 0 00:00:00  -  Run Local Usage
		Usr 0 00:03:10, Sys 0 00:00:12  -  Total Remote Usage
		Usr 0 00:00:00, Sys 0 00:00:00  -  Total Local Usage
	2791  -  Run Bytes Sent By Job
	11024  -  Run Bytes Received By Job
	2791  -  Total Bytes Sent By Job
	11024  -  Total Bytes Received By Job
	Partitionable Resources :    Usage  Request Allocated 
	   Cpus                 :        0        1         1 
	   Disk (KB)            :    51057       12      3574 
	   GPUs                 :                           0 
	   Memory (MB)          :      746     3000      3000 

	Job terminated of its own accord at 2025-03-10T15:53:56Z with exit-code 0.
...
