000 (13690183.000.000) 03/10 16:09:45 Job submitted from host: <137.138.120.116:9618?addrs=137.138.120.116-9618+[2001-1458-d00-16--17b]-9618&alias=bigbird12.cern.ch&noUDP&sock=schedd_5055_e355>
...
040 (13690183.000.000) 03/10 16:46:48 Started transferring input files
	Transferring to host: <188.185.198.156:9618?addrs=188.185.198.156-9618+[2001-1458-303-25--100-98]-9618&alias=b9p15p2930.cern.ch&noUDP&sock=slot1_24_11510_960d_20311>
...
040 (13690183.000.000) 03/10 16:46:48 Finished transferring input files
...
001 (13690183.000.000) 03/10 16:46:49 Job executing on host: <188.185.198.156:9618?addrs=188.185.198.156-9618+[2001-1458-303-25--100-98]-9618&alias=b9p15p2930.cern.ch&noUDP&sock=startd_11379_a042>
	SlotName: slot1_24@b9p15p2930.cern.ch
	CondorScratchDir = "/pool/condor/dir_3749250"
	Cpus = 1
	Disk = 3811
	GPUs = 0
	Memory = 3000
...
006 (13690183.000.000) 03/10 16:47:03 Image size of job updated: 72944
	72  -  MemoryUsage of job (MB)
	72944  -  ResidentSetSize of job (KB)
...
006 (13690183.000.000) 03/10 16:49:05 Image size of job updated: 849800
	72  -  MemoryUsage of job (MB)
	73140  -  ResidentSetSize of job (KB)
...
040 (13690183.000.000) 03/10 16:49:05 Started transferring output files
...
040 (13690183.000.000) 03/10 16:49:05 Finished transferring output files
...
005 (13690183.000.000) 03/10 16:49:05 Job terminated.
	(1) Normal termination (return value 0)
		Usr 0 00:01:49, Sys 0 00:00:07  -  Run Remote Usage
		Usr 0 00:00:00, Sys 0 00:00:00  -  Run Local Usage
		Usr 0 00:01:49, Sys 0 00:00:07  -  Total Remote Usage
		Usr 0 00:00:00, Sys 0 00:00:00  -  Total Local Usage
	9217  -  Run Bytes Sent By Job
	11030  -  Run Bytes Received By Job
	9217  -  Total Bytes Sent By Job
	11030  -  Total Bytes Received By Job
	Partitionable Resources :    Usage  Request Allocated 
	   Cpus                 :        0        1         1 
	   Disk (KB)            :    25799       12      3811 
	   GPUs                 :                           0 
	   Memory (MB)          :       72     3000      3000 

	Job terminated of its own accord at 2025-03-10T15:49:05Z with exit-code 0.
...
