000 (13690174.000.000) 03/10 16:09:41 Job submitted from host: <137.138.120.116:9618?addrs=137.138.120.116-9618+[2001-1458-d00-16--17b]-9618&alias=bigbird12.cern.ch&noUDP&sock=schedd_5055_e355>
...
040 (13690174.000.000) 03/10 16:46:44 Started transferring input files
	Transferring to host: <188.185.213.235:9618?addrs=188.185.213.235-9618+[2001-1458-303-1b--100-67]-9618&alias=b9p28p1439.cern.ch&noUDP&sock=slot1_13_735953_3740_9635>
...
040 (13690174.000.000) 03/10 16:46:44 Finished transferring input files
...
001 (13690174.000.000) 03/10 16:46:45 Job executing on host: <188.185.213.235:9618?addrs=188.185.213.235-9618+[2001-1458-303-1b--100-67]-9618&alias=b9p28p1439.cern.ch&noUDP&sock=startd_2901_6c55>
	SlotName: slot1_13@b9p28p1439.cern.ch
	CondorScratchDir = "/pool/condor/dir_1566209"
	Cpus = 1
	Disk = 3778
	GPUs = 0
	Memory = 3000
...
006 (13690174.000.000) 03/10 16:46:54 Image size of job updated: 4460
	5  -  MemoryUsage of job (MB)
	4460  -  ResidentSetSize of job (KB)
...
006 (13690174.000.000) 03/10 16:49:45 Image size of job updated: 14392
	15  -  MemoryUsage of job (MB)
	14392  -  ResidentSetSize of job (KB)
...
040 (13690174.000.000) 03/10 16:49:45 Started transferring output files
...
040 (13690174.000.000) 03/10 16:49:45 Finished transferring output files
...
005 (13690174.000.000) 03/10 16:49:45 Job terminated.
	(1) Normal termination (return value 0)
		Usr 0 00:02:19, Sys 0 00:00:09  -  Run Remote Usage
		Usr 0 00:00:00, Sys 0 00:00:00  -  Run Local Usage
		Usr 0 00:02:19, Sys 0 00:00:09  -  Total Remote Usage
		Usr 0 00:00:00, Sys 0 00:00:00  -  Total Local Usage
	8792  -  Run Bytes Sent By Job
	11030  -  Run Bytes Received By Job
	8792  -  Total Bytes Sent By Job
	11030  -  Total Bytes Received By Job
	Partitionable Resources :    Usage  Request Allocated 
	   Cpus                 :        0        1         1 
	   Disk (KB)            :    39121       12      3778 
	   GPUs                 :                           0 
	   Memory (MB)          :       15     3000      3000 

	Job terminated of its own accord at 2025-03-10T15:49:45Z with exit-code 0.
...
