000 (13690188.000.000) 03/10 16:09:48 Job submitted from host: <137.138.120.116:9618?addrs=137.138.120.116-9618+[2001-1458-d00-16--17b]-9618&alias=bigbird12.cern.ch&noUDP&sock=schedd_5055_e355>
...
040 (13690188.000.000) 03/10 16:46:50 Started transferring input files
	Transferring to host: <188.185.211.32:9618?addrs=188.185.211.32-9618+[2001-1458-303-16--100-1c]-9618&alias=b9p23p8411.cern.ch&noUDP&sock=slot1_25_4120_a9a1_102468>
...
040 (13690188.000.000) 03/10 16:46:50 Finished transferring input files
...
001 (13690188.000.000) 03/10 16:46:51 Job executing on host: <188.185.211.32:9618?addrs=188.185.211.32-9618+[2001-1458-303-16--100-1c]-9618&alias=b9p23p8411.cern.ch&noUDP&sock=startd_3370_1e40>
	SlotName: slot1_25@b9p23p8411.cern.ch
	CondorScratchDir = "/pool/condor/dir_1516865"
	Cpus = 1
	Disk = 3775
	GPUs = 0
	Memory = 3000
...
006 (13690188.000.000) 03/10 16:47:00 Image size of job updated: 19616
	20  -  MemoryUsage of job (MB)
	19616  -  ResidentSetSize of job (KB)
...
006 (13690188.000.000) 03/10 16:52:01 Image size of job updated: 883596
	863  -  MemoryUsage of job (MB)
	883596  -  ResidentSetSize of job (KB)
...
006 (13690188.000.000) 03/10 16:57:02 Image size of job updated: 1011776
	989  -  MemoryUsage of job (MB)
	1011776  -  ResidentSetSize of job (KB)
...
006 (13690188.000.000) 03/10 17:02:02 Image size of job updated: 1135760
	1110  -  MemoryUsage of job (MB)
	1135760  -  ResidentSetSize of job (KB)
...
006 (13690188.000.000) 03/10 17:07:03 Image size of job updated: 1263380
	1234  -  MemoryUsage of job (MB)
	1263380  -  ResidentSetSize of job (KB)
...
006 (13690188.000.000) 03/10 17:12:04 Image size of job updated: 1387720
	1356  -  MemoryUsage of job (MB)
	1387720  -  ResidentSetSize of job (KB)
...
006 (13690188.000.000) 03/10 17:17:04 Image size of job updated: 1515748
	1481  -  MemoryUsage of job (MB)
	1515748  -  ResidentSetSize of job (KB)
...
040 (13690188.000.000) 03/10 17:21:21 Started transferring output files
...
040 (13690188.000.000) 03/10 17:21:21 Finished transferring output files
...
005 (13690188.000.000) 03/10 17:21:21 Job terminated.
	(1) Normal termination (return value 0)
		Usr 0 00:33:11, Sys 0 00:00:19  -  Run Remote Usage
		Usr 0 00:00:00, Sys 0 00:00:00  -  Run Local Usage
		Usr 0 00:33:11, Sys 0 00:00:19  -  Total Remote Usage
		Usr 0 00:00:00, Sys 0 00:00:00  -  Total Local Usage
	9443  -  Run Bytes Sent By Job
	11030  -  Run Bytes Received By Job
	9443  -  Total Bytes Sent By Job
	11030  -  Total Bytes Received By Job
	Partitionable Resources :     Usage  Request Allocated 
	   Cpus                 :      0.98        1         1 
	   Disk (KB)            : 673096          12      3775 
	   GPUs                 :                            0 
	   Memory (MB)          :   1481        3000      3000 

	Job terminated of its own accord at 2025-03-10T16:21:21Z with exit-code 0.
...
