000 (13690172.000.000) 03/10 16:09:40 Job submitted from host: <137.138.120.116:9618?addrs=137.138.120.116-9618+[2001-1458-d00-16--17b]-9618&alias=bigbird12.cern.ch&noUDP&sock=schedd_5055_e355>
...
040 (13690172.000.000) 03/10 16:46:44 Started transferring input files
	Transferring to host: <188.185.213.11:9618?addrs=188.185.213.11-9618+[2001-1458-303-1a--100-7]-9618&alias=b9p27p9682.cern.ch&noUDP&sock=slot1_8_3442_f345_93281>
...
040 (13690172.000.000) 03/10 16:46:44 Finished transferring input files
...
001 (13690172.000.000) 03/10 16:46:45 Job executing on host: <188.185.213.11:9618?addrs=188.185.213.11-9618+[2001-1458-303-1a--100-7]-9618&alias=b9p27p9682.cern.ch&noUDP&sock=startd_3052_ff22>
	SlotName: slot1_8@b9p27p9682.cern.ch
	CondorScratchDir = "/pool/condor/dir_2394379"
	Cpus = 1
	Disk = 3902
	GPUs = 0
	Memory = 3000
...
006 (13690172.000.000) 03/10 16:46:54 Image size of job updated: 2412
	3  -  MemoryUsage of job (MB)
	2412  -  ResidentSetSize of job (KB)
...
006 (13690172.000.000) 03/10 16:51:55 Image size of job updated: 1062920
	1039  -  MemoryUsage of job (MB)
	1062920  -  ResidentSetSize of job (KB)
...
040 (13690172.000.000) 03/10 16:52:08 Started transferring output files
...
040 (13690172.000.000) 03/10 16:52:08 Finished transferring output files
...
005 (13690172.000.000) 03/10 16:52:08 Job terminated.
	(1) Normal termination (return value 0)
		Usr 0 00:02:47, Sys 0 00:00:08  -  Run Remote Usage
		Usr 0 00:00:00, Sys 0 00:00:00  -  Run Local Usage
		Usr 0 00:02:47, Sys 0 00:00:08  -  Total Remote Usage
		Usr 0 00:00:00, Sys 0 00:00:00  -  Total Local Usage
	8988  -  Run Bytes Sent By Job
	11024  -  Run Bytes Received By Job
	8988  -  Total Bytes Sent By Job
	11024  -  Total Bytes Received By Job
	Partitionable Resources :    Usage  Request Allocated 
	   Cpus                 :        0        1         1 
	   Disk (KB)            :    40605       12      3902 
	   GPUs                 :                           0 
	   Memory (MB)          :     1039     3000      3000 

	Job terminated of its own accord at 2025-03-10T15:52:08Z with exit-code 0.
...
