000 (13690189.000.000) 03/10 16:09:48 Job submitted from host: <137.138.120.116:9618?addrs=137.138.120.116-9618+[2001-1458-d00-16--17b]-9618&alias=bigbird12.cern.ch&noUDP&sock=schedd_5055_e355>
...
040 (13690189.000.000) 03/10 16:46:51 Started transferring input files
	Transferring to host: <188.185.196.38:9618?addrs=188.185.196.38-9618+[2001-1458-303-23--100-22]-9618&alias=b9p16p0146.cern.ch&noUDP&sock=slot1_12_2856130_b669_17488>
...
040 (13690189.000.000) 03/10 16:46:51 Finished transferring input files
...
001 (13690189.000.000) 03/10 16:46:52 Job executing on host: <188.185.196.38:9618?addrs=188.185.196.38-9618+[2001-1458-303-23--100-22]-9618&alias=b9p16p0146.cern.ch&noUDP&sock=startd_5738_5e84>
	SlotName: slot1_12@b9p16p0146.cern.ch
	CondorScratchDir = "/pool/condor/dir_2783713"
	Cpus = 1
	Disk = 3777
	GPUs = 0
	Memory = 3000
...
006 (13690189.000.000) 03/10 16:47:01 Image size of job updated: 1800
	2  -  MemoryUsage of job (MB)
	1800  -  ResidentSetSize of job (KB)
...
006 (13690189.000.000) 03/10 16:52:02 Image size of job updated: 801232
	783  -  MemoryUsage of job (MB)
	801232  -  ResidentSetSize of job (KB)
...
006 (13690189.000.000) 03/10 16:57:02 Image size of job updated: 891884
	871  -  MemoryUsage of job (MB)
	891884  -  ResidentSetSize of job (KB)
...
006 (13690189.000.000) 03/10 17:02:02 Image size of job updated: 966824
	945  -  MemoryUsage of job (MB)
	966824  -  ResidentSetSize of job (KB)
...
006 (13690189.000.000) 03/10 17:07:03 Image size of job updated: 1041076
	1017  -  MemoryUsage of job (MB)
	1041076  -  ResidentSetSize of job (KB)
...
006 (13690189.000.000) 03/10 17:12:04 Image size of job updated: 1107116
	1082  -  MemoryUsage of job (MB)
	1107116  -  ResidentSetSize of job (KB)
...
006 (13690189.000.000) 03/10 17:17:04 Image size of job updated: 1177732
	1151  -  MemoryUsage of job (MB)
	1177732  -  ResidentSetSize of job (KB)
...
006 (13690189.000.000) 03/10 17:22:05 Image size of job updated: 1244648
	1216  -  MemoryUsage of job (MB)
	1244648  -  ResidentSetSize of job (KB)
...
006 (13690189.000.000) 03/10 17:27:06 Image size of job updated: 1317152
	1287  -  MemoryUsage of job (MB)
	1317152  -  ResidentSetSize of job (KB)
...
006 (13690189.000.000) 03/10 17:32:06 Image size of job updated: 1388976
	1357  -  MemoryUsage of job (MB)
	1388976  -  ResidentSetSize of job (KB)
...
006 (13690189.000.000) 03/10 17:37:06 Image size of job updated: 1466304
	1432  -  MemoryUsage of job (MB)
	1466304  -  ResidentSetSize of job (KB)
...
006 (13690189.000.000) 03/10 17:42:07 Image size of job updated: 1541524
	1506  -  MemoryUsage of job (MB)
	1541524  -  ResidentSetSize of job (KB)
...
006 (13690189.000.000) 03/10 17:47:07 Image size of job updated: 1619716
	1582  -  MemoryUsage of job (MB)
	1619716  -  ResidentSetSize of job (KB)
...
006 (13690189.000.000) 03/10 17:52:07 Image size of job updated: 1702980
	1664  -  MemoryUsage of job (MB)
	1702980  -  ResidentSetSize of job (KB)
...
006 (13690189.000.000) 03/10 17:57:08 Image size of job updated: 1774884
	1734  -  MemoryUsage of job (MB)
	1774884  -  ResidentSetSize of job (KB)
...
006 (13690189.000.000) 03/10 18:02:08 Image size of job updated: 1845760
	1803  -  MemoryUsage of job (MB)
	1845760  -  ResidentSetSize of job (KB)
...
006 (13690189.000.000) 03/10 18:07:08 Image size of job updated: 1922092
	1878  -  MemoryUsage of job (MB)
	1922092  -  ResidentSetSize of job (KB)
...
006 (13690189.000.000) 03/10 18:12:09 Image size of job updated: 2000528
	1954  -  MemoryUsage of job (MB)
	2000528  -  ResidentSetSize of job (KB)
...
006 (13690189.000.000) 03/10 18:17:10 Image size of job updated: 2075192
	2027  -  MemoryUsage of job (MB)
	2075192  -  ResidentSetSize of job (KB)
...
006 (13690189.000.000) 03/10 18:22:10 Image size of job updated: 2148920
	2099  -  MemoryUsage of job (MB)
	2148920  -  ResidentSetSize of job (KB)
...
006 (13690189.000.000) 03/10 18:27:11 Image size of job updated: 2222964
	2171  -  MemoryUsage of job (MB)
	2222964  -  ResidentSetSize of job (KB)
...
006 (13690189.000.000) 03/10 18:32:12 Image size of job updated: 2297320
	2244  -  MemoryUsage of job (MB)
	2297320  -  ResidentSetSize of job (KB)
...
006 (13690189.000.000) 03/10 18:47:13 Image size of job updated: 2303932
	2250  -  MemoryUsage of job (MB)
	2303932  -  ResidentSetSize of job (KB)
...
006 (13690189.000.000) 03/10 18:52:13 Image size of job updated: 2387280
	2332  -  MemoryUsage of job (MB)
	2387280  -  ResidentSetSize of job (KB)
...
006 (13690189.000.000) 03/10 18:57:13 Image size of job updated: 2464716
	2407  -  MemoryUsage of job (MB)
	2464716  -  ResidentSetSize of job (KB)
...
006 (13690189.000.000) 03/10 19:02:14 Image size of job updated: 2549156
	2490  -  MemoryUsage of job (MB)
	2549156  -  ResidentSetSize of job (KB)
...
006 (13690189.000.000) 03/10 19:07:15 Image size of job updated: 2638328
	2577  -  MemoryUsage of job (MB)
	2638328  -  ResidentSetSize of job (KB)
...
006 (13690189.000.000) 03/10 19:12:15 Image size of job updated: 2717840
	2655  -  MemoryUsage of job (MB)
	2717840  -  ResidentSetSize of job (KB)
...
006 (13690189.000.000) 03/10 19:17:16 Image size of job updated: 2796956
	2732  -  MemoryUsage of job (MB)
	2796956  -  ResidentSetSize of job (KB)
...
006 (13690189.000.000) 03/10 19:22:17 Image size of job updated: 2881960
	2815  -  MemoryUsage of job (MB)
	2881960  -  ResidentSetSize of job (KB)
...
006 (13690189.000.000) 03/10 19:27:17 Image size of job updated: 3063020
	2992  -  MemoryUsage of job (MB)
	3063020  -  ResidentSetSize of job (KB)
...
006 (13690189.000.000) 03/10 19:32:18 Image size of job updated: 3063492
	2992  -  MemoryUsage of job (MB)
	3063492  -  ResidentSetSize of job (KB)
...
006 (13690189.000.000) 03/10 19:37:19 Image size of job updated: 3164212
	3091  -  MemoryUsage of job (MB)
	3164212  -  ResidentSetSize of job (KB)
...
006 (13690189.000.000) 03/10 19:40:18 Image size of job updated: 3164212
	3091  -  MemoryUsage of job (MB)
	3164724  -  ResidentSetSize of job (KB)
...
040 (13690189.000.000) 03/10 19:40:18 Started transferring output files
...
040 (13690189.000.000) 03/10 19:40:18 Finished transferring output files
...
005 (13690189.000.000) 03/10 19:40:18 Job terminated.
	(1) Normal termination (return value 0)
		Usr 0 02:49:00, Sys 0 00:02:02  -  Run Remote Usage
		Usr 0 00:00:00, Sys 0 00:00:00  -  Run Local Usage
		Usr 0 02:49:00, Sys 0 00:02:02  -  Total Remote Usage
		Usr 0 00:00:00, Sys 0 00:00:00  -  Total Local Usage
	11050  -  Run Bytes Sent By Job
	11030  -  Run Bytes Received By Job
	11050  -  Total Bytes Sent By Job
	11030  -  Total Bytes Received By Job
	Partitionable Resources :      Usage  Request Allocated 
	   Cpus                 :       0.99        1         1 
	   Disk (KB)            : 2058781          12      3777 
	   GPUs                 :                             0 
	   Memory (MB)          :    3091        3000      3000 

	Job terminated of its own accord at 2025-03-10T18:40:18Z with exit-code 0.
...
