000 (13690185.000.000) 03/10 16:09:46 Job submitted from host: <137.138.120.116:9618?addrs=137.138.120.116-9618+[2001-1458-d00-16--17b]-9618&alias=bigbird12.cern.ch&noUDP&sock=schedd_5055_e355>
...
040 (13690185.000.000) 03/10 16:46:49 Started transferring input files
	Transferring to host: <188.185.195.60:9618?addrs=188.185.195.60-9618+[2001-1458-303-22--100-38]-9618&alias=b9p17p5404.cern.ch&noUDP&sock=slot1_21_7732_a4b3_20701>
...
040 (13690185.000.000) 03/10 16:46:49 Finished transferring input files
...
001 (13690185.000.000) 03/10 16:46:50 Job executing on host: <188.185.195.60:9618?addrs=188.185.195.60-9618+[2001-1458-303-22--100-38]-9618&alias=b9p17p5404.cern.ch&noUDP&sock=startd_6363_1135>
	SlotName: slot1_21@b9p17p5404.cern.ch
	CondorScratchDir = "/pool/condor/dir_3654793"
	Cpus = 1
	Disk = 3864
	GPUs = 0
	Memory = 3000
...
006 (13690185.000.000) 03/10 16:47:04 Image size of job updated: 97152
	95  -  MemoryUsage of job (MB)
	97152  -  ResidentSetSize of job (KB)
...
006 (13690185.000.000) 03/10 16:51:51 Image size of job updated: 916108
	96  -  MemoryUsage of job (MB)
	97292  -  ResidentSetSize of job (KB)
...
040 (13690185.000.000) 03/10 16:51:51 Started transferring output files
...
040 (13690185.000.000) 03/10 16:51:51 Finished transferring output files
...
005 (13690185.000.000) 03/10 16:51:51 Job terminated.
	(1) Normal termination (return value 0)
		Usr 0 00:02:23, Sys 0 00:00:08  -  Run Remote Usage
		Usr 0 00:00:00, Sys 0 00:00:00  -  Run Local Usage
		Usr 0 00:02:23, Sys 0 00:00:08  -  Total Remote Usage
		Usr 0 00:00:00, Sys 0 00:00:00  -  Total Local Usage
	3335  -  Run Bytes Sent By Job
	11030  -  Run Bytes Received By Job
	3335  -  Total Bytes Sent By Job
	11030  -  Total Bytes Received By Job
	Partitionable Resources :    Usage  Request Allocated 
	   Cpus                 :        0        1         1 
	   Disk (KB)            :    28003       12      3864 
	   GPUs                 :                           0 
	   Memory (MB)          :       96     3000      3000 

	Job terminated of its own accord at 2025-03-10T15:51:51Z with exit-code 0.
...
