000 (13690175.000.000) 03/10 16:09:42 Job submitted from host: <137.138.120.116:9618?addrs=137.138.120.116-9618+[2001-1458-d00-16--17b]-9618&alias=bigbird12.cern.ch&noUDP&sock=schedd_5055_e355>
...
040 (13690175.000.000) 03/10 16:46:45 Started transferring input files
	Transferring to host: <188.185.212.61:9618?addrs=188.185.212.61-9618+[2001-1458-303-18--100-39]-9618&alias=b9p25p4435.cern.ch&noUDP&sock=slot1_13_4442_8a6e_33854>
...
040 (13690175.000.000) 03/10 16:46:45 Finished transferring input files
...
001 (13690175.000.000) 03/10 16:46:47 Job executing on host: <188.185.212.61:9618?addrs=188.185.212.61-9618+[2001-1458-303-18--100-39]-9618&alias=b9p25p4435.cern.ch&noUDP&sock=startd_3745_5644>
	SlotName: slot1_13@b9p25p4435.cern.ch
	CondorScratchDir = "/pool/condor/dir_1636572"
	Cpus = 1
	Disk = 3808
	GPUs = 0
	Memory = 3000
...
006 (13690175.000.000) 03/10 16:47:01 Image size of job updated: 21092
	21  -  MemoryUsage of job (MB)
	21092  -  ResidentSetSize of job (KB)
...
006 (13690175.000.000) 03/10 16:48:43 Image size of job updated: 753944
	21  -  MemoryUsage of job (MB)
	21184  -  ResidentSetSize of job (KB)
...
040 (13690175.000.000) 03/10 16:48:43 Started transferring output files
...
040 (13690175.000.000) 03/10 16:48:43 Finished transferring output files
...
005 (13690175.000.000) 03/10 16:48:43 Job terminated.
	(1) Normal termination (return value 0)
		Usr 0 00:01:21, Sys 0 00:00:08  -  Run Remote Usage
		Usr 0 00:00:00, Sys 0 00:00:00  -  Run Local Usage
		Usr 0 00:01:21, Sys 0 00:00:08  -  Total Remote Usage
		Usr 0 00:00:00, Sys 0 00:00:00  -  Total Local Usage
	9013  -  Run Bytes Sent By Job
	11030  -  Run Bytes Received By Job
	9013  -  Total Bytes Sent By Job
	11030  -  Total Bytes Received By Job
	Partitionable Resources :    Usage  Request Allocated 
	   Cpus                 :        0        1         1 
	   Disk (KB)            :    27144       12      3808 
	   GPUs                 :                           0 
	   Memory (MB)          :       21     3000      3000 

	Job terminated of its own accord at 2025-03-10T15:48:43Z with exit-code 0.
...
