000 (13690163.000.000) 03/10 16:09:34 Job submitted from host: <137.138.120.116:9618?addrs=137.138.120.116-9618+[2001-1458-d00-16--17b]-9618&alias=bigbird12.cern.ch&noUDP&sock=schedd_5055_e355>
...
040 (13690163.000.000) 03/10 16:46:40 Started transferring input files
	Transferring to host: <188.185.209.64:9618?addrs=188.185.209.64-9618+[2001-1458-303-11--100-3d]-9618&alias=b9p11p9443.cern.ch&noUDP&sock=slot1_1_12753_6460_19398>
...
040 (13690163.000.000) 03/10 16:46:40 Finished transferring input files
...
001 (13690163.000.000) 03/10 16:46:41 Job executing on host: <188.185.209.64:9618?addrs=188.185.209.64-9618+[2001-1458-303-11--100-3d]-9618&alias=b9p11p9443.cern.ch&noUDP&sock=startd_11373_82b0>
	SlotName: slot1_1@b9p11p9443.cern.ch
	CondorScratchDir = "/pool/condor/dir_3981662"
	Cpus = 1
	Disk = 3585
	GPUs = 0
	Memory = 3000
...
006 (13690163.000.000) 03/10 16:46:55 Image size of job updated: 960
	1  -  MemoryUsage of job (MB)
	960  -  ResidentSetSize of job (KB)
...
006 (13690163.000.000) 03/10 16:51:56 Image size of job updated: 773020
	755  -  MemoryUsage of job (MB)
	773020  -  ResidentSetSize of job (KB)
...
006 (13690163.000.000) 03/10 16:56:56 Image size of job updated: 864304
	845  -  MemoryUsage of job (MB)
	864304  -  ResidentSetSize of job (KB)
...
006 (13690163.000.000) 03/10 17:01:57 Image size of job updated: 963628
	942  -  MemoryUsage of job (MB)
	963628  -  ResidentSetSize of job (KB)
...
006 (13690163.000.000) 03/10 17:06:10 Image size of job updated: 1336884
	942  -  MemoryUsage of job (MB)
	963628  -  ResidentSetSize of job (KB)
...
040 (13690163.000.000) 03/10 17:06:10 Started transferring output files
...
040 (13690163.000.000) 03/10 17:06:10 Finished transferring output files
...
005 (13690163.000.000) 03/10 17:06:10 Job terminated.
	(1) Normal termination (return value 0)
		Usr 0 00:12:07, Sys 0 00:00:17  -  Run Remote Usage
		Usr 0 00:00:00, Sys 0 00:00:00  -  Run Local Usage
		Usr 0 00:12:07, Sys 0 00:00:17  -  Total Remote Usage
		Usr 0 00:00:00, Sys 0 00:00:00  -  Total Local Usage
	2962  -  Run Bytes Sent By Job
	11024  -  Run Bytes Received By Job
	2962  -  Total Bytes Sent By Job
	11024  -  Total Bytes Received By Job
	Partitionable Resources :     Usage  Request Allocated 
	   Cpus                 :      0.97        1         1 
	   Disk (KB)            : 230280          12      3585 
	   GPUs                 :                            0 
	   Memory (MB)          :    942        3000      3000 

	Job terminated of its own accord at 2025-03-10T16:06:10Z with exit-code 0.
...
