000 (13690192.000.000) 03/10 16:09:50 Job submitted from host: <137.138.120.116:9618?addrs=137.138.120.116-9618+[2001-1458-d00-16--17b]-9618&alias=bigbird12.cern.ch&noUDP&sock=schedd_5055_e355>
...
040 (13690192.000.000) 03/10 16:46:44 Started transferring input files
	Transferring to host: <188.185.210.166:9618?addrs=188.185.210.166-9618+[2001-1458-303-15--100-22]-9618&alias=b9p22p8829.cern.ch&noUDP&sock=slot1_21_3120_1278_101812>
...
040 (13690192.000.000) 03/10 16:46:44 Finished transferring input files
...
001 (13690192.000.000) 03/10 16:46:45 Job executing on host: <188.185.210.166:9618?addrs=188.185.210.166-9618+[2001-1458-303-15--100-22]-9618&alias=b9p22p8829.cern.ch&noUDP&sock=startd_3070_57d7>
	SlotName: slot1_21@b9p22p8829.cern.ch
	CondorScratchDir = "/pool/condor/dir_3825395"
	Cpus = 1
	Disk = 3903
	GPUs = 0
	Memory = 3000
...
006 (13690192.000.000) 03/10 16:46:54 Image size of job updated: 4728
	5  -  MemoryUsage of job (MB)
	4728  -  ResidentSetSize of job (KB)
...
006 (13690192.000.000) 03/10 16:51:55 Image size of job updated: 867532
	848  -  MemoryUsage of job (MB)
	867532  -  ResidentSetSize of job (KB)
...
006 (13690192.000.000) 03/10 16:56:55 Image size of job updated: 986388
	964  -  MemoryUsage of job (MB)
	986388  -  ResidentSetSize of job (KB)
...
006 (13690192.000.000) 03/10 17:01:55 Image size of job updated: 1212304
	1184  -  MemoryUsage of job (MB)
	1212304  -  ResidentSetSize of job (KB)
...
040 (13690192.000.000) 03/10 17:02:42 Started transferring output files
...
040 (13690192.000.000) 03/10 17:02:42 Finished transferring output files
...
005 (13690192.000.000) 03/10 17:02:42 Job terminated.
	(1) Normal termination (return value 0)
		Usr 0 00:14:55, Sys 0 00:00:18  -  Run Remote Usage
		Usr 0 00:00:00, Sys 0 00:00:00  -  Run Local Usage
		Usr 0 00:14:55, Sys 0 00:00:18  -  Total Remote Usage
		Usr 0 00:00:00, Sys 0 00:00:00  -  Total Local Usage
	8957  -  Run Bytes Sent By Job
	11030  -  Run Bytes Received By Job
	8957  -  Total Bytes Sent By Job
	11030  -  Total Bytes Received By Job
	Partitionable Resources :     Usage  Request Allocated 
	   Cpus                 :      0.98        1         1 
	   Disk (KB)            : 281568          12      3903 
	   GPUs                 :                            0 
	   Memory (MB)          :   1184        3000      3000 

	Job terminated of its own accord at 2025-03-10T16:02:42Z with exit-code 0.
...
