000 (13690190.000.000) 03/10 16:09:49 Job submitted from host: <137.138.120.116:9618?addrs=137.138.120.116-9618+[2001-1458-d00-16--17b]-9618&alias=bigbird12.cern.ch&noUDP&sock=schedd_5055_e355>
...
040 (13690190.000.000) 03/10 16:46:44 Started transferring input files
	Transferring to host: <188.185.195.134:9618?addrs=188.185.195.134-9618+[2001-1458-303-22--100-82]-9618&alias=b9p17p8202.cern.ch&noUDP&sock=slot1_23_10756_532e_20609>
...
040 (13690190.000.000) 03/10 16:46:44 Finished transferring input files
...
001 (13690190.000.000) 03/10 16:46:45 Job executing on host: <188.185.195.134:9618?addrs=188.185.195.134-9618+[2001-1458-303-22--100-82]-9618&alias=b9p17p8202.cern.ch&noUDP&sock=startd_9171_1f25>
	SlotName: slot1_23@b9p17p8202.cern.ch
	CondorScratchDir = "/pool/condor/dir_88564"
	Cpus = 1
	Disk = 3873
	GPUs = 0
	Memory = 3000
...
006 (13690190.000.000) 03/10 16:46:59 Image size of job updated: 916
	1  -  MemoryUsage of job (MB)
	868  -  ResidentSetSize of job (KB)
...
006 (13690190.000.000) 03/10 16:52:00 Image size of job updated: 757788
	741  -  MemoryUsage of job (MB)
	757788  -  ResidentSetSize of job (KB)
...
006 (13690190.000.000) 03/10 16:57:00 Image size of job updated: 844420
	825  -  MemoryUsage of job (MB)
	844420  -  ResidentSetSize of job (KB)
...
006 (13690190.000.000) 03/10 17:02:00 Image size of job updated: 907236
	886  -  MemoryUsage of job (MB)
	907236  -  ResidentSetSize of job (KB)
...
006 (13690190.000.000) 03/10 17:07:01 Image size of job updated: 965080
	943  -  MemoryUsage of job (MB)
	965080  -  ResidentSetSize of job (KB)
...
006 (13690190.000.000) 03/10 17:12:01 Image size of job updated: 1025208
	1002  -  MemoryUsage of job (MB)
	1025208  -  ResidentSetSize of job (KB)
...
006 (13690190.000.000) 03/10 17:17:02 Image size of job updated: 1086652
	1062  -  MemoryUsage of job (MB)
	1086652  -  ResidentSetSize of job (KB)
...
006 (13690190.000.000) 03/10 17:22:03 Image size of job updated: 1149208
	1123  -  MemoryUsage of job (MB)
	1149208  -  ResidentSetSize of job (KB)
...
006 (13690190.000.000) 03/10 17:27:03 Image size of job updated: 1210460
	1183  -  MemoryUsage of job (MB)
	1210460  -  ResidentSetSize of job (KB)
...
006 (13690190.000.000) 03/10 17:32:04 Image size of job updated: 1272580
	1243  -  MemoryUsage of job (MB)
	1272580  -  ResidentSetSize of job (KB)
...
006 (13690190.000.000) 03/10 17:37:04 Image size of job updated: 1335748
	1305  -  MemoryUsage of job (MB)
	1335748  -  ResidentSetSize of job (KB)
...
006 (13690190.000.000) 03/10 17:42:04 Image size of job updated: 1406240
	1374  -  MemoryUsage of job (MB)
	1406240  -  ResidentSetSize of job (KB)
...
006 (13690190.000.000) 03/10 17:47:05 Image size of job updated: 1473944
	1440  -  MemoryUsage of job (MB)
	1473944  -  ResidentSetSize of job (KB)
...
006 (13690190.000.000) 03/10 17:52:05 Image size of job updated: 1536308
	1501  -  MemoryUsage of job (MB)
	1536308  -  ResidentSetSize of job (KB)
...
006 (13690190.000.000) 03/10 17:57:05 Image size of job updated: 1603904
	1567  -  MemoryUsage of job (MB)
	1603904  -  ResidentSetSize of job (KB)
...
006 (13690190.000.000) 03/10 18:02:06 Image size of job updated: 1673384
	1635  -  MemoryUsage of job (MB)
	1673384  -  ResidentSetSize of job (KB)
...
006 (13690190.000.000) 03/10 18:07:06 Image size of job updated: 1741168
	1701  -  MemoryUsage of job (MB)
	1741168  -  ResidentSetSize of job (KB)
...
006 (13690190.000.000) 03/10 18:12:07 Image size of job updated: 1803464
	1762  -  MemoryUsage of job (MB)
	1803464  -  ResidentSetSize of job (KB)
...
006 (13690190.000.000) 03/10 18:17:08 Image size of job updated: 1862928
	1820  -  MemoryUsage of job (MB)
	1862928  -  ResidentSetSize of job (KB)
...
006 (13690190.000.000) 03/10 18:22:08 Image size of job updated: 1923608
	1879  -  MemoryUsage of job (MB)
	1923608  -  ResidentSetSize of job (KB)
...
006 (13690190.000.000) 03/10 18:27:09 Image size of job updated: 1988064
	1942  -  MemoryUsage of job (MB)
	1988064  -  ResidentSetSize of job (KB)
...
006 (13690190.000.000) 03/10 18:32:10 Image size of job updated: 2053788
	2006  -  MemoryUsage of job (MB)
	2053788  -  ResidentSetSize of job (KB)
...
006 (13690190.000.000) 03/10 18:37:10 Image size of job updated: 2114340
	2065  -  MemoryUsage of job (MB)
	2114340  -  ResidentSetSize of job (KB)
...
006 (13690190.000.000) 03/10 18:42:11 Image size of job updated: 2180576
	2130  -  MemoryUsage of job (MB)
	2180576  -  ResidentSetSize of job (KB)
...
006 (13690190.000.000) 03/10 18:47:12 Image size of job updated: 2241360
	2189  -  MemoryUsage of job (MB)
	2241360  -  ResidentSetSize of job (KB)
...
006 (13690190.000.000) 03/10 18:52:12 Image size of job updated: 2303348
	2250  -  MemoryUsage of job (MB)
	2303348  -  ResidentSetSize of job (KB)
...
006 (13690190.000.000) 03/10 18:57:13 Image size of job updated: 2367312
	2312  -  MemoryUsage of job (MB)
	2367312  -  ResidentSetSize of job (KB)
...
006 (13690190.000.000) 03/10 19:02:13 Image size of job updated: 2429304
	2373  -  MemoryUsage of job (MB)
	2429304  -  ResidentSetSize of job (KB)
...
006 (13690190.000.000) 03/10 19:07:13 Image size of job updated: 2499068
	2441  -  MemoryUsage of job (MB)
	2499068  -  ResidentSetSize of job (KB)
...
006 (13690190.000.000) 03/10 19:12:14 Image size of job updated: 2564836
	2505  -  MemoryUsage of job (MB)
	2564836  -  ResidentSetSize of job (KB)
...
006 (13690190.000.000) 03/10 19:17:14 Image size of job updated: 2628676
	2568  -  MemoryUsage of job (MB)
	2628676  -  ResidentSetSize of job (KB)
...
006 (13690190.000.000) 03/10 19:22:15 Image size of job updated: 2697972
	2635  -  MemoryUsage of job (MB)
	2697972  -  ResidentSetSize of job (KB)
...
006 (13690190.000.000) 03/10 19:27:16 Image size of job updated: 2769248
	2705  -  MemoryUsage of job (MB)
	2769248  -  ResidentSetSize of job (KB)
...
006 (13690190.000.000) 03/10 19:32:16 Image size of job updated: 2841368
	2775  -  MemoryUsage of job (MB)
	2841368  -  ResidentSetSize of job (KB)
...
006 (13690190.000.000) 03/10 19:37:17 Image size of job updated: 2994360
	2925  -  MemoryUsage of job (MB)
	2994360  -  ResidentSetSize of job (KB)
...
006 (13690190.000.000) 03/10 19:42:18 Image size of job updated: 2994412
	2925  -  MemoryUsage of job (MB)
	2994412  -  ResidentSetSize of job (KB)
...
006 (13690190.000.000) 03/10 19:47:18 Image size of job updated: 2994432
	2925  -  MemoryUsage of job (MB)
	2994432  -  ResidentSetSize of job (KB)
...
006 (13690190.000.000) 03/10 19:51:09 Image size of job updated: 3202888
	2925  -  MemoryUsage of job (MB)
	2994432  -  ResidentSetSize of job (KB)
...
040 (13690190.000.000) 03/10 19:51:09 Started transferring output files
...
040 (13690190.000.000) 03/10 19:51:09 Finished transferring output files
...
005 (13690190.000.000) 03/10 19:51:09 Job terminated.
	(1) Normal termination (return value 0)
		Usr 0 02:54:39, Sys 0 00:02:50  -  Run Remote Usage
		Usr 0 00:00:00, Sys 0 00:00:00  -  Run Local Usage
		Usr 0 02:54:39, Sys 0 00:02:50  -  Total Remote Usage
		Usr 0 00:00:00, Sys 0 00:00:00  -  Total Local Usage
	10889  -  Run Bytes Sent By Job
	11030  -  Run Bytes Received By Job
	10889  -  Total Bytes Sent By Job
	11030  -  Total Bytes Received By Job
	Partitionable Resources :      Usage  Request Allocated 
	   Cpus                 :       0.97        1         1 
	   Disk (KB)            : 1830134          12      3873 
	   GPUs                 :                             0 
	   Memory (MB)          :    2925        3000      3000 

	Job terminated of its own accord at 2025-03-10T18:51:09Z with exit-code 0.
...
