000 (13690166.000.000) 03/10 16:09:36 Job submitted from host: <137.138.120.116:9618?addrs=137.138.120.116-9618+[2001-1458-d00-16--17b]-9618&alias=bigbird12.cern.ch&noUDP&sock=schedd_5055_e355>
...
040 (13690166.000.000) 03/10 16:46:42 Started transferring input files
	Transferring to host: <188.185.205.64:9618?addrs=188.185.205.64-9618+[2001-1458-303-9--100-b4]-9618&alias=b9p03p2405.cern.ch&noUDP&sock=slot1_17_3726_0dd1_24500>
...
040 (13690166.000.000) 03/10 16:46:42 Finished transferring input files
...
001 (13690166.000.000) 03/10 16:46:44 Job executing on host: <188.185.205.64:9618?addrs=188.185.205.64-9618+[2001-1458-303-9--100-b4]-9618&alias=b9p03p2405.cern.ch&noUDP&sock=startd_3393_e4ee>
	SlotName: slot1_17@b9p03p2405.cern.ch
	CondorScratchDir = "/pool/condor/dir_593804"
	Cpus = 1
	Disk = 3664
	GPUs = 0
	Memory = 3000
...
006 (13690166.000.000) 03/10 16:46:57 Image size of job updated: 840
	1  -  MemoryUsage of job (MB)
	820  -  ResidentSetSize of job (KB)
...
006 (13690166.000.000) 03/10 16:51:57 Image size of job updated: 772032
	754  -  MemoryUsage of job (MB)
	772032  -  ResidentSetSize of job (KB)
...
006 (13690166.000.000) 03/10 16:56:58 Image size of job updated: 863744
	844  -  MemoryUsage of job (MB)
	863744  -  ResidentSetSize of job (KB)
...
006 (13690166.000.000) 03/10 17:01:58 Image size of job updated: 944276
	923  -  MemoryUsage of job (MB)
	944276  -  ResidentSetSize of job (KB)
...
006 (13690166.000.000) 03/10 17:06:59 Image size of job updated: 1030112
	1006  -  MemoryUsage of job (MB)
	1030112  -  ResidentSetSize of job (KB)
...
006 (13690166.000.000) 03/10 17:11:59 Image size of job updated: 1096952
	1072  -  MemoryUsage of job (MB)
	1096952  -  ResidentSetSize of job (KB)
...
006 (13690166.000.000) 03/10 17:17:00 Image size of job updated: 1196532
	1169  -  MemoryUsage of job (MB)
	1196532  -  ResidentSetSize of job (KB)
...
006 (13690166.000.000) 03/10 17:22:01 Image size of job updated: 1271192
	1242  -  MemoryUsage of job (MB)
	1271192  -  ResidentSetSize of job (KB)
...
006 (13690166.000.000) 03/10 17:27:01 Image size of job updated: 1361352
	1330  -  MemoryUsage of job (MB)
	1361352  -  ResidentSetSize of job (KB)
...
006 (13690166.000.000) 03/10 17:32:02 Image size of job updated: 1428932
	1396  -  MemoryUsage of job (MB)
	1428932  -  ResidentSetSize of job (KB)
...
006 (13690166.000.000) 03/10 17:37:02 Image size of job updated: 1522796
	1488  -  MemoryUsage of job (MB)
	1522796  -  ResidentSetSize of job (KB)
...
006 (13690166.000.000) 03/10 17:42:03 Image size of job updated: 1596328
	1559  -  MemoryUsage of job (MB)
	1596328  -  ResidentSetSize of job (KB)
...
006 (13690166.000.000) 03/10 17:47:03 Image size of job updated: 1690036
	1651  -  MemoryUsage of job (MB)
	1690036  -  ResidentSetSize of job (KB)
...
006 (13690166.000.000) 03/10 17:52:04 Image size of job updated: 1764232
	1723  -  MemoryUsage of job (MB)
	1764232  -  ResidentSetSize of job (KB)
...
006 (13690166.000.000) 03/10 17:57:04 Image size of job updated: 1865176
	1822  -  MemoryUsage of job (MB)
	1865176  -  ResidentSetSize of job (KB)
...
006 (13690166.000.000) 03/10 18:01:11 Image size of job updated: 2194792
	1822  -  MemoryUsage of job (MB)
	1865176  -  ResidentSetSize of job (KB)
...
040 (13690166.000.000) 03/10 18:01:11 Started transferring output files
...
040 (13690166.000.000) 03/10 18:01:11 Finished transferring output files
...
005 (13690166.000.000) 03/10 18:01:11 Job terminated.
	(1) Normal termination (return value 0)
		Usr 0 00:50:24, Sys 0 00:00:43  -  Run Remote Usage
		Usr 0 00:00:00, Sys 0 00:00:00  -  Run Local Usage
		Usr 0 00:50:24, Sys 0 00:00:43  -  Total Remote Usage
		Usr 0 00:00:00, Sys 0 00:00:00  -  Total Local Usage
	3604  -  Run Bytes Sent By Job
	11024  -  Run Bytes Received By Job
	3604  -  Total Bytes Sent By Job
	11024  -  Total Bytes Received By Job
	Partitionable Resources :     Usage  Request Allocated 
	   Cpus                 :      0.99        1         1 
	   Disk (KB)            : 956862          12      3664 
	   GPUs                 :                            0 
	   Memory (MB)          :   1822        3000      3000 

	Job terminated of its own accord at 2025-03-10T17:01:11Z with exit-code 0.
...
