000 (13690179.000.000) 03/10 16:09:44 Job submitted from host: <137.138.120.116:9618?addrs=137.138.120.116-9618+[2001-1458-d00-16--17b]-9618&alias=bigbird12.cern.ch&noUDP&sock=schedd_5055_e355>
...
040 (13690179.000.000) 03/10 16:46:47 Started transferring input files
	Transferring to host: <188.185.212.66:9618?addrs=188.185.212.66-9618+[2001-1458-303-18--100-3e]-9618&alias=b9p25p9560.cern.ch&noUDP&sock=slot1_13_4609_3515_34922>
...
040 (13690179.000.000) 03/10 16:46:47 Finished transferring input files
...
001 (13690179.000.000) 03/10 16:46:48 Job executing on host: <188.185.212.66:9618?addrs=188.185.212.66-9618+[2001-1458-303-18--100-3e]-9618&alias=b9p25p9560.cern.ch&noUDP&sock=startd_3822_270f>
	SlotName: slot1_13@b9p25p9560.cern.ch
	CondorScratchDir = "/pool/condor/dir_2890109"
	Cpus = 1
	Disk = 3760
	GPUs = 0
	Memory = 3000
...
006 (13690179.000.000) 03/10 16:47:02 Image size of job updated: 50128
	49  -  MemoryUsage of job (MB)
	50128  -  ResidentSetSize of job (KB)
...
006 (13690179.000.000) 03/10 16:52:03 Image size of job updated: 834284
	815  -  MemoryUsage of job (MB)
	834284  -  ResidentSetSize of job (KB)
...
006 (13690179.000.000) 03/10 16:57:04 Image size of job updated: 951688
	930  -  MemoryUsage of job (MB)
	951688  -  ResidentSetSize of job (KB)
...
006 (13690179.000.000) 03/10 16:58:19 Image size of job updated: 1271488
	930  -  MemoryUsage of job (MB)
	951688  -  ResidentSetSize of job (KB)
...
040 (13690179.000.000) 03/10 16:58:19 Started transferring output files
...
040 (13690179.000.000) 03/10 16:58:19 Finished transferring output files
...
005 (13690179.000.000) 03/10 16:58:19 Job terminated.
	(1) Normal termination (return value 0)
		Usr 0 00:10:34, Sys 0 00:00:19  -  Run Remote Usage
		Usr 0 00:00:00, Sys 0 00:00:00  -  Run Local Usage
		Usr 0 00:10:34, Sys 0 00:00:19  -  Total Remote Usage
		Usr 0 00:00:00, Sys 0 00:00:00  -  Total Local Usage
	9395  -  Run Bytes Sent By Job
	11030  -  Run Bytes Received By Job
	9395  -  Total Bytes Sent By Job
	11030  -  Total Bytes Received By Job
	Partitionable Resources :     Usage  Request Allocated 
	   Cpus                 :      0.99        1         1 
	   Disk (KB)            : 190214          12      3760 
	   GPUs                 :                            0 
	   Memory (MB)          :    930        3000      3000 

	Job terminated of its own accord at 2025-03-10T15:58:19Z with exit-code 0.
...
