000 (13690169.000.000) 03/10 16:09:38 Job submitted from host: <137.138.120.116:9618?addrs=137.138.120.116-9618+[2001-1458-d00-16--17b]-9618&alias=bigbird12.cern.ch&noUDP&sock=schedd_5055_e355>
...
040 (13690169.000.000) 03/10 16:46:42 Started transferring input files
	Transferring to host: <188.185.213.189:9618?addrs=188.185.213.189-9618+[2001-1458-303-1b--100-39]-9618&alias=b9p28p3991.cern.ch&noUDP&sock=slot1_13_538267_8b9a_29476>
...
040 (13690169.000.000) 03/10 16:46:42 Finished transferring input files
...
001 (13690169.000.000) 03/10 16:46:43 Job executing on host: <188.185.213.189:9618?addrs=188.185.213.189-9618+[2001-1458-303-1b--100-39]-9618&alias=b9p28p3991.cern.ch&noUDP&sock=startd_3119_f3fb>
	SlotName: slot1_13@b9p28p3991.cern.ch
	CondorScratchDir = "/pool/condor/dir_3234954"
	Cpus = 1
	Disk = 3718
	GPUs = 0
	Memory = 3000
...
006 (13690169.000.000) 03/10 16:46:52 Image size of job updated: 45764
	45  -  MemoryUsage of job (MB)
	45764  -  ResidentSetSize of job (KB)
...
006 (13690169.000.000) 03/10 16:51:53 Image size of job updated: 811476
	793  -  MemoryUsage of job (MB)
	811476  -  ResidentSetSize of job (KB)
...
006 (13690169.000.000) 03/10 16:56:53 Image size of job updated: 905364
	885  -  MemoryUsage of job (MB)
	905364  -  ResidentSetSize of job (KB)
...
006 (13690169.000.000) 03/10 17:01:53 Image size of job updated: 1003788
	981  -  MemoryUsage of job (MB)
	1003788  -  ResidentSetSize of job (KB)
...
040 (13690169.000.000) 03/10 17:05:09 Started transferring output files
...
040 (13690169.000.000) 03/10 17:05:09 Finished transferring output files
...
005 (13690169.000.000) 03/10 17:05:09 Job terminated.
	(1) Normal termination (return value 0)
		Usr 0 00:11:28, Sys 0 00:00:16  -  Run Remote Usage
		Usr 0 00:00:00, Sys 0 00:00:00  -  Run Local Usage
		Usr 0 00:11:28, Sys 0 00:00:16  -  Total Remote Usage
		Usr 0 00:00:00, Sys 0 00:00:00  -  Total Local Usage
	2960  -  Run Bytes Sent By Job
	11024  -  Run Bytes Received By Job
	2960  -  Total Bytes Sent By Job
	11024  -  Total Bytes Received By Job
	Partitionable Resources :     Usage  Request Allocated 
	   Cpus                 :      0.99        1         1 
	   Disk (KB)            : 230378          12      3718 
	   GPUs                 :                            0 
	   Memory (MB)          :    981        3000      3000 

	Job terminated of its own accord at 2025-03-10T16:05:09Z with exit-code 0.
...
