000 (13690170.000.000) 03/10 16:09:39 Job submitted from host: <137.138.120.116:9618?addrs=137.138.120.116-9618+[2001-1458-d00-16--17b]-9618&alias=bigbird12.cern.ch&noUDP&sock=schedd_5055_e355>
...
040 (13690170.000.000) 03/10 16:46:42 Started transferring input files
	Transferring to host: <188.185.215.92:9618?addrs=188.185.215.92-9618+[2001-1458-303-1e--100-58]-9618&alias=b9p31p7012.cern.ch&noUDP&sock=slot1_25_8531_9c74_96925>
...
040 (13690170.000.000) 03/10 16:46:42 Finished transferring input files
...
001 (13690170.000.000) 03/10 16:46:43 Job executing on host: <188.185.215.92:9618?addrs=188.185.215.92-9618+[2001-1458-303-1e--100-58]-9618&alias=b9p31p7012.cern.ch&noUDP&sock=startd_7310_a165>
	SlotName: slot1_25@b9p31p7012.cern.ch
	CondorScratchDir = "/pool/condor/dir_1138401"
	Cpus = 1
	Disk = 3871
	GPUs = 0
	Memory = 3000
...
006 (13690170.000.000) 03/10 16:46:52 Image size of job updated: 4548
	5  -  MemoryUsage of job (MB)
	4548  -  ResidentSetSize of job (KB)
...
006 (13690170.000.000) 03/10 16:51:52 Image size of job updated: 861364
	842  -  MemoryUsage of job (MB)
	861364  -  ResidentSetSize of job (KB)
...
006 (13690170.000.000) 03/10 16:56:52 Image size of job updated: 1068136
	1044  -  MemoryUsage of job (MB)
	1068136  -  ResidentSetSize of job (KB)
...
040 (13690170.000.000) 03/10 16:57:19 Started transferring output files
...
040 (13690170.000.000) 03/10 16:57:19 Finished transferring output files
...
005 (13690170.000.000) 03/10 16:57:19 Job terminated.
	(1) Normal termination (return value 0)
		Usr 0 00:09:48, Sys 0 00:00:14  -  Run Remote Usage
		Usr 0 00:00:00, Sys 0 00:00:00  -  Run Local Usage
		Usr 0 00:09:48, Sys 0 00:00:14  -  Total Remote Usage
		Usr 0 00:00:00, Sys 0 00:00:00  -  Total Local Usage
	8951  -  Run Bytes Sent By Job
	11024  -  Run Bytes Received By Job
	8951  -  Total Bytes Sent By Job
	11024  -  Total Bytes Received By Job
	Partitionable Resources :     Usage  Request Allocated 
	   Cpus                 :      0.97        1         1 
	   Disk (KB)            : 178560          12      3871 
	   GPUs                 :                            0 
	   Memory (MB)          :   1044        3000      3000 

	Job terminated of its own accord at 2025-03-10T15:57:19Z with exit-code 0.
...
