Standalone environment set.
/tmp/lfavilla/TprimeToTZ_1800_2022/file13
hadd Target file: tree.root
hadd compression setting for all output: 1
hadd Source file 1: ./98f4cbe4-ca3b-4628-bff6-0eff6570a9ba_Skim.root
hadd Sources and Target have different compression levels
hadd merging will be slower
hadd Target path: tree.root:/
Will write selected trees to .
Pre-select 1436 entries out of 1436 (100.00%)
Processed 1436 preselected entries from root://cms-xrd-global.cern.ch//store/mc/Run3Summer22NanoAODv12/TprimeBtoTZ_M-1800_LH_TuneCP5_13p6TeV_madgraph-pythia8/NANOAODSIM/130X_mcRun3_2022_realistic_v5-v4/2560000/98f4cbe4-ca3b-4628-bff6-0eff6570a9ba.root (1436 entries). Finally selected 1280 entries
Done ./98f4cbe4-ca3b-4628-bff6-0eff6570a9ba_Skim.root
Total time 235.7 sec. to process 1436 events. Rate = 6.1 Hz.
DONE
/tmp/lfavilla/TprimeToTZ_1800_2022/file13
hadd Target file: tree_hadd_13.root
hadd compression setting for all output: 1
hadd Source file 1: tree.root
hadd Source file 2: hist.root
hadd Target path: tree_hadd_13.root:/
hadd Target path: tree_hadd_13.root:/plots
/tmp/lfavilla/TprimeToTZ_1800_2022/file13
