Standalone environment set.
/tmp/lfavilla/TprimeToTZ_1800_2022/file11
hadd Target file: tree.root
hadd compression setting for all output: 1
hadd Source file 1: ./a4bd1c35-52f3-4701-b610-fe15df0f3a4a_Skim.root
hadd Sources and Target have different compression levels
hadd merging will be slower
hadd Target path: tree.root:/
Will write selected trees to .
Pre-select 4308 entries out of 4308 (100.00%)
Processed 4308 preselected entries from root://cms-xrd-global.cern.ch//store/mc/Run3Summer22NanoAODv12/TprimeBtoTZ_M-1800_LH_TuneCP5_13p6TeV_madgraph-pythia8/NANOAODSIM/130X_mcRun3_2022_realistic_v5-v4/2560000/a4bd1c35-52f3-4701-b610-fe15df0f3a4a.root (4308 entries). Finally selected 3900 entries
Done ./a4bd1c35-52f3-4701-b610-fe15df0f3a4a_Skim.root
Total time 420.5 sec. to process 4308 events. Rate = 10.2 Hz.
DONE
/tmp/lfavilla/TprimeToTZ_1800_2022/file11
hadd Target file: tree_hadd_11.root
hadd compression setting for all output: 1
hadd Source file 1: tree.root
hadd Source file 2: hist.root
hadd Target path: tree_hadd_11.root:/
hadd Target path: tree_hadd_11.root:/plots
/tmp/lfavilla/TprimeToTZ_1800_2022/file11
