Standalone environment set.
/tmp/lfavilla/TprimeToTZ_1800_2022/file0
hadd Target file: tree.root
hadd compression setting for all output: 1
hadd Source file 1: ./77bd9a97-a189-4f17-afaf-2aa2b9f9e6da_Skim.root
hadd Sources and Target have different compression levels
hadd merging will be slower
hadd Target path: tree.root:/
Will write selected trees to .
Pre-select 3994 entries out of 3994 (100.00%)
Processed 3994 preselected entries from root://cms-xrd-global.cern.ch//store/mc/Run3Summer22NanoAODv12/TprimeBtoTZ_M-1800_LH_TuneCP5_13p6TeV_madgraph-pythia8/NANOAODSIM/130X_mcRun3_2022_realistic_v5-v4/2560000/77bd9a97-a189-4f17-afaf-2aa2b9f9e6da.root (3994 entries). Finally selected 3581 entries
Done ./77bd9a97-a189-4f17-afaf-2aa2b9f9e6da_Skim.root
Total time 412.7 sec. to process 3994 events. Rate = 9.7 Hz.
DONE
/tmp/lfavilla/TprimeToTZ_1800_2022/file0
hadd Target file: tree_hadd_0.root
hadd compression setting for all output: 1
hadd Source file 1: tree.root
hadd Source file 2: hist.root
hadd Target path: tree_hadd_0.root:/
hadd Target path: tree_hadd_0.root:/plots
/tmp/lfavilla/TprimeToTZ_1800_2022/file0
