Standalone environment set.
/tmp/lfavilla/TprimeToTZ_1800_2022/file5
hadd Target file: tree.root
hadd compression setting for all output: 1
hadd Source file 1: ./28f55e07-4b69-4628-8f69-187f2d4d5ce8_Skim.root
hadd Sources and Target have different compression levels
hadd merging will be slower
hadd Target path: tree.root:/
Will write selected trees to .
Pre-select 718 entries out of 718 (100.00%)
Processed 718 preselected entries from root://cms-xrd-global.cern.ch//store/mc/Run3Summer22NanoAODv12/TprimeBtoTZ_M-1800_LH_TuneCP5_13p6TeV_madgraph-pythia8/NANOAODSIM/130X_mcRun3_2022_realistic_v5-v4/2560000/28f55e07-4b69-4628-8f69-187f2d4d5ce8.root (718 entries). Finally selected 646 entries
Done ./28f55e07-4b69-4628-8f69-187f2d4d5ce8_Skim.root
Total time 123.6 sec. to process 718 events. Rate = 5.8 Hz.
DONE
/tmp/lfavilla/TprimeToTZ_1800_2022/file5
hadd Target file: tree_hadd_5.root
hadd compression setting for all output: 1
hadd Source file 1: tree.root
hadd Source file 2: hist.root
hadd Target path: tree_hadd_5.root:/
hadd Target path: tree_hadd_5.root:/plots
/tmp/lfavilla/TprimeToTZ_1800_2022/file5
