Standalone environment set.
/tmp/lfavilla/TprimeToTZ_1800_2022/file3
hadd Target file: tree.root
hadd compression setting for all output: 1
hadd Source file 1: ./03678030-0e9b-4cf0-b690-afd3361d2f58_Skim.root
hadd Sources and Target have different compression levels
hadd merging will be slower
hadd Target path: tree.root:/
Will write selected trees to .
Pre-select 7180 entries out of 7180 (100.00%)
Processed 7180 preselected entries from root://cms-xrd-global.cern.ch//store/mc/Run3Summer22NanoAODv12/TprimeBtoTZ_M-1800_LH_TuneCP5_13p6TeV_madgraph-pythia8/NANOAODSIM/130X_mcRun3_2022_realistic_v5-v4/2560000/03678030-0e9b-4cf0-b690-afd3361d2f58.root (7180 entries). Finally selected 6464 entries
Done ./03678030-0e9b-4cf0-b690-afd3361d2f58_Skim.root
Total time 772.7 sec. to process 7180 events. Rate = 9.3 Hz.
DONE
/tmp/lfavilla/TprimeToTZ_1800_2022/file3
hadd Target file: tree_hadd_3.root
hadd compression setting for all output: 1
hadd Source file 1: tree.root
hadd Source file 2: hist.root
hadd Target path: tree_hadd_3.root:/
hadd Target path: tree_hadd_3.root:/plots
/tmp/lfavilla/TprimeToTZ_1800_2022/file3
