Standalone environment set.
/tmp/lfavilla/TprimeToTZ_1800_2022/file16
hadd Target file: tree.root
hadd compression setting for all output: 1
hadd Source file 1: ./e9aee06c-5de6-428f-9946-447ba960162a_Skim.root
hadd Sources and Target have different compression levels
hadd merging will be slower
hadd Target path: tree.root:/
Will write selected trees to .
Pre-select 1436 entries out of 1436 (100.00%)
Processed 1436 preselected entries from root://cms-xrd-global.cern.ch//store/mc/Run3Summer22NanoAODv12/TprimeBtoTZ_M-1800_LH_TuneCP5_13p6TeV_madgraph-pythia8/NANOAODSIM/130X_mcRun3_2022_realistic_v5-v4/2560000/e9aee06c-5de6-428f-9946-447ba960162a.root (1436 entries). Finally selected 1280 entries
Done ./e9aee06c-5de6-428f-9946-447ba960162a_Skim.root
Total time 197.0 sec. to process 1436 events. Rate = 7.3 Hz.
DONE
/tmp/lfavilla/TprimeToTZ_1800_2022/file16
hadd Target file: tree_hadd_16.root
hadd compression setting for all output: 1
hadd Source file 1: tree.root
hadd Source file 2: hist.root
hadd Target path: tree_hadd_16.root:/
hadd Target path: tree_hadd_16.root:/plots
/tmp/lfavilla/TprimeToTZ_1800_2022/file16
