Standalone environment set.
/tmp/lfavilla/TprimeToTZ_1800_2022/file10
hadd Target file: tree.root
hadd compression setting for all output: 1
hadd Source file 1: ./27061674-30df-49e7-89c3-cd2ca81530bb_Skim.root
hadd Sources and Target have different compression levels
hadd merging will be slower
hadd Target path: tree.root:/
Will write selected trees to .
Pre-select 10052 entries out of 10052 (100.00%)
Processed    10000/   10052 entries, 99.48% (elapsed time   715.0s, curr speed    0.014 kHz, avg speed    0.014 kHz), accepted     9017/   10001 events (90.16%)
Processed 10052 preselected entries from root://cms-xrd-global.cern.ch//store/mc/Run3Summer22NanoAODv12/TprimeBtoTZ_M-1800_LH_TuneCP5_13p6TeV_madgraph-pythia8/NANOAODSIM/130X_mcRun3_2022_realistic_v5-v4/2560000/27061674-30df-49e7-89c3-cd2ca81530bb.root (10052 entries). Finally selected 9060 entries
Done ./27061674-30df-49e7-89c3-cd2ca81530bb_Skim.root
Total time 758.6 sec. to process 10052 events. Rate = 13.3 Hz.
DONE
/tmp/lfavilla/TprimeToTZ_1800_2022/file10
hadd Target file: tree_hadd_10.root
hadd compression setting for all output: 1
hadd Source file 1: tree.root
hadd Source file 2: hist.root
hadd Target path: tree_hadd_10.root:/
hadd Target path: tree_hadd_10.root:/plots
/tmp/lfavilla/TprimeToTZ_1800_2022/file10
