Standalone environment set.
/tmp/lfavilla/TprimeToTZ_1800_2022/file12
hadd Target file: tree.root
hadd compression setting for all output: 1
hadd Source file 1: ./f8ecb07e-1d48-4b6b-a67e-4132efbf1c83_Skim.root
hadd Sources and Target have different compression levels
hadd merging will be slower
hadd Target path: tree.root:/
Will write selected trees to .
Pre-select 5026 entries out of 5026 (100.00%)
Processed 5026 preselected entries from root://cms-xrd-global.cern.ch//store/mc/Run3Summer22NanoAODv12/TprimeBtoTZ_M-1800_LH_TuneCP5_13p6TeV_madgraph-pythia8/NANOAODSIM/130X_mcRun3_2022_realistic_v5-v4/2560000/f8ecb07e-1d48-4b6b-a67e-4132efbf1c83.root (5026 entries). Finally selected 4522 entries
Done ./f8ecb07e-1d48-4b6b-a67e-4132efbf1c83_Skim.root
Total time 621.9 sec. to process 5026 events. Rate = 8.1 Hz.
DONE
/tmp/lfavilla/TprimeToTZ_1800_2022/file12
hadd Target file: tree_hadd_12.root
hadd compression setting for all output: 1
hadd Source file 1: tree.root
hadd Source file 2: hist.root
hadd Target path: tree_hadd_12.root:/
hadd Target path: tree_hadd_12.root:/plots
/tmp/lfavilla/TprimeToTZ_1800_2022/file12
