Standalone environment set.
/tmp/lfavilla/TprimeToTZ_1800_2022/file8
hadd Target file: tree.root
hadd compression setting for all output: 1
hadd Source file 1: ./225cd81f-7be5-4aa3-80f4-80c0ca02f4e1_Skim.root
hadd Sources and Target have different compression levels
hadd merging will be slower
hadd Target path: tree.root:/
Will write selected trees to .
Pre-select 718 entries out of 718 (100.00%)
Processed 718 preselected entries from root://cms-xrd-global.cern.ch//store/mc/Run3Summer22NanoAODv12/TprimeBtoTZ_M-1800_LH_TuneCP5_13p6TeV_madgraph-pythia8/NANOAODSIM/130X_mcRun3_2022_realistic_v5-v4/2560000/225cd81f-7be5-4aa3-80f4-80c0ca02f4e1.root (718 entries). Finally selected 645 entries
Done ./225cd81f-7be5-4aa3-80f4-80c0ca02f4e1_Skim.root
Total time 125.1 sec. to process 718 events. Rate = 5.7 Hz.
DONE
/tmp/lfavilla/TprimeToTZ_1800_2022/file8
hadd Target file: tree_hadd_8.root
hadd compression setting for all output: 1
hadd Source file 1: tree.root
hadd Source file 2: hist.root
hadd Target path: tree_hadd_8.root:/
hadd Target path: tree_hadd_8.root:/plots
/tmp/lfavilla/TprimeToTZ_1800_2022/file8
