Standalone environment set.
/tmp/lfavilla/ZJetsToNuNu_HT400to800_2022/file2
hadd Target file: tree.root
hadd compression setting for all output: 1
hadd Source file 1: ./609d8bc2-21aa-4747-abc7-b48ca8a0f72b_Skim.root
hadd Sources and Target have different compression levels
hadd merging will be slower
hadd Target path: tree.root:/
Will write selected trees to .
Pre-select 47832 entries out of 47832 (100.00%)
Processed    10000/   47832 entries, 20.91% (elapsed time   441.6s, curr speed    0.023 kHz, avg speed    0.023 kHz), accepted     9455/   10001 events (94.54%)
Processed    20000/   47832 entries, 41.81% (elapsed time   834.5s, curr speed    0.025 kHz, avg speed    0.024 kHz), accepted    18882/   20001 events (94.41%)
Processed    30000/   47832 entries, 62.72% (elapsed time  1249.2s, curr speed    0.024 kHz, avg speed    0.024 kHz), accepted    28302/   30001 events (94.34%)
Processed    40000/   47832 entries, 83.63% (elapsed time  1655.0s, curr speed    0.025 kHz, avg speed    0.024 kHz), accepted    37716/   40001 events (94.29%)
Processed 47832 preselected entries from root://cms-xrd-global.cern.ch//store/mc/Run3Summer22NanoAODv12/Zto2Nu-4Jets_HT-400to800_TuneCP5_13p6TeV_madgraphMLM-pythia8/NANOAODSIM/130X_mcRun3_2022_realistic_v5-v2/2540000/609d8bc2-21aa-4747-abc7-b48ca8a0f72b.root (47832 entries). Finally selected 45126 entries
Done ./609d8bc2-21aa-4747-abc7-b48ca8a0f72b_Skim.root
Total time 2111.5 sec. to process 47832 events. Rate = 22.7 Hz.
DONE
/tmp/lfavilla/ZJetsToNuNu_HT400to800_2022/file2
hadd Target file: tree_hadd_2.root
hadd compression setting for all output: 1
hadd Source file 1: tree.root
hadd Source file 2: hist.root
hadd Target path: tree_hadd_2.root:/
hadd Target path: tree_hadd_2.root:/plots
/tmp/lfavilla/ZJetsToNuNu_HT400to800_2022/file2
