Standalone environment set.
/tmp/lfavilla/ZJetsToNuNu_HT400to800_2022/file19
hadd Target file: tree.root
hadd compression setting for all output: 1
hadd Source file 1: ./5d089bd0-53cf-4611-89f7-610919477949_Skim.root
hadd Sources and Target have different compression levels
hadd merging will be slower
hadd Target path: tree.root:/
Will write selected trees to .
Pre-select 21207 entries out of 21207 (100.00%)
Processed    10000/   21207 entries, 47.15% (elapsed time   430.7s, curr speed    0.023 kHz, avg speed    0.023 kHz), accepted     9453/   10001 events (94.52%)
Processed    20000/   21207 entries, 94.31% (elapsed time   824.9s, curr speed    0.025 kHz, avg speed    0.024 kHz), accepted    18893/   20001 events (94.46%)
Processed 21207 preselected entries from root://cms-xrd-global.cern.ch//store/mc/Run3Summer22NanoAODv12/Zto2Nu-4Jets_HT-400to800_TuneCP5_13p6TeV_madgraphMLM-pythia8/NANOAODSIM/130X_mcRun3_2022_realistic_v5-v2/2540000/5d089bd0-53cf-4611-89f7-610919477949.root (21207 entries). Finally selected 20024 entries
Done ./5d089bd0-53cf-4611-89f7-610919477949_Skim.root
Total time 946.4 sec. to process 21207 events. Rate = 22.4 Hz.
DONE
/tmp/lfavilla/ZJetsToNuNu_HT400to800_2022/file19
hadd Target file: tree_hadd_19.root
hadd compression setting for all output: 1
hadd Source file 1: tree.root
hadd Source file 2: hist.root
hadd Target path: tree_hadd_19.root:/
hadd Target path: tree_hadd_19.root:/plots
/tmp/lfavilla/ZJetsToNuNu_HT400to800_2022/file19
