Standalone environment set.
/tmp/lfavilla/ZJetsToNuNu_HT400to800_2022/file9
hadd Target file: tree.root
hadd compression setting for all output: 1
hadd Source file 1: ./c6770848-7095-406f-971e-7a45f77235f4_Skim.root
hadd Sources and Target have different compression levels
hadd merging will be slower
hadd Target path: tree.root:/
Will write selected trees to .
Pre-select 82997 entries out of 82997 (100.00%)
Processed    10000/   82997 entries, 12.05% (elapsed time   633.7s, curr speed    0.016 kHz, avg speed    0.016 kHz), accepted     9457/   10001 events (94.56%)
Processed    20000/   82997 entries, 24.10% (elapsed time  1240.6s, curr speed    0.016 kHz, avg speed    0.016 kHz), accepted    18917/   20001 events (94.58%)
Processed    30000/   82997 entries, 36.15% (elapsed time  1899.6s, curr speed    0.015 kHz, avg speed    0.016 kHz), accepted    28390/   30001 events (94.63%)
Processed    40000/   82997 entries, 48.19% (elapsed time  2522.5s, curr speed    0.016 kHz, avg speed    0.016 kHz), accepted    37847/   40001 events (94.62%)
Processed    50000/   82997 entries, 60.24% (elapsed time  3158.2s, curr speed    0.016 kHz, avg speed    0.016 kHz), accepted    47272/   50001 events (94.54%)
Processed    60000/   82997 entries, 72.29% (elapsed time  3765.0s, curr speed    0.016 kHz, avg speed    0.016 kHz), accepted    56757/   60001 events (94.59%)
Processed    70000/   82997 entries, 84.34% (elapsed time  4376.0s, curr speed    0.016 kHz, avg speed    0.016 kHz), accepted    66195/   70001 events (94.56%)
Processed    80000/   82997 entries, 96.39% (elapsed time  4987.4s, curr speed    0.016 kHz, avg speed    0.016 kHz), accepted    75685/   80001 events (94.61%)
Processed 82997 preselected entries from root://cms-xrd-global.cern.ch//store/mc/Run3Summer22NanoAODv12/Zto2Nu-4Jets_HT-400to800_TuneCP5_13p6TeV_madgraphMLM-pythia8/NANOAODSIM/130X_mcRun3_2022_realistic_v5-v2/2540000/c6770848-7095-406f-971e-7a45f77235f4.root (82997 entries). Finally selected 78537 entries
Done ./c6770848-7095-406f-971e-7a45f77235f4_Skim.root
Total time 5448.0 sec. to process 82997 events. Rate = 15.2 Hz.
DONE
/tmp/lfavilla/ZJetsToNuNu_HT400to800_2022/file9
hadd Target file: tree_hadd_9.root
hadd compression setting for all output: 1
hadd Source file 1: tree.root
hadd Source file 2: hist.root
hadd Target path: tree_hadd_9.root:/
hadd Target path: tree_hadd_9.root:/plots
/tmp/lfavilla/ZJetsToNuNu_HT400to800_2022/file9
