Standalone environment set.
/tmp/lfavilla/ZJetsToNuNu_HT400to800_2022/file34
hadd Target file: tree.root
hadd compression setting for all output: 1
hadd Source file 1: ./b26fe62d-14f2-4048-8b2d-aa8b9c0bda10_Skim.root
hadd Sources and Target have different compression levels
hadd merging will be slower
hadd Target path: tree.root:/
Will write selected trees to .
Pre-select 4133 entries out of 4133 (100.00%)
Processed 4133 preselected entries from root://cms-xrd-global.cern.ch//store/mc/Run3Summer22NanoAODv12/Zto2Nu-4Jets_HT-400to800_TuneCP5_13p6TeV_madgraphMLM-pythia8/NANOAODSIM/130X_mcRun3_2022_realistic_v5-v2/30000/b26fe62d-14f2-4048-8b2d-aa8b9c0bda10.root (4133 entries). Finally selected 3902 entries
Done ./b26fe62d-14f2-4048-8b2d-aa8b9c0bda10_Skim.root
Total time 434.4 sec. to process 4133 events. Rate = 9.5 Hz.
DONE
/tmp/lfavilla/ZJetsToNuNu_HT400to800_2022/file34
hadd Target file: tree_hadd_34.root
hadd compression setting for all output: 1
hadd Source file 1: tree.root
hadd Source file 2: hist.root
hadd Target path: tree_hadd_34.root:/
hadd Target path: tree_hadd_34.root:/plots
/tmp/lfavilla/ZJetsToNuNu_HT400to800_2022/file34
