Standalone environment set.
/tmp/lfavilla/ZJetsToNuNu_HT400to800_2022/file56
hadd Target file: tree.root
hadd compression setting for all output: 1
hadd Source file 1: ./b5ab7bff-329a-4f8e-9a3b-4b7dd7058ce7_Skim.root
hadd Sources and Target have different compression levels
hadd merging will be slower
hadd Target path: tree.root:/
Will write selected trees to .
Pre-select 36607 entries out of 36607 (100.00%)
Processed    10000/   36607 entries, 27.32% (elapsed time   702.3s, curr speed    0.014 kHz, avg speed    0.014 kHz), accepted     9442/   10001 events (94.41%)
Processed    20000/   36607 entries, 54.63% (elapsed time  1379.2s, curr speed    0.015 kHz, avg speed    0.015 kHz), accepted    18890/   20001 events (94.45%)
Processed    30000/   36607 entries, 81.95% (elapsed time  2080.2s, curr speed    0.014 kHz, avg speed    0.014 kHz), accepted    28354/   30001 events (94.51%)
Processed 36607 preselected entries from root://cms-xrd-global.cern.ch//store/mc/Run3Summer22NanoAODv12/Zto2Nu-4Jets_HT-400to800_TuneCP5_13p6TeV_madgraphMLM-pythia8/NANOAODSIM/130X_mcRun3_2022_realistic_v5-v2/2530000/b5ab7bff-329a-4f8e-9a3b-4b7dd7058ce7.root (36607 entries). Finally selected 34611 entries
Done ./b5ab7bff-329a-4f8e-9a3b-4b7dd7058ce7_Skim.root
Total time 2721.7 sec. to process 36607 events. Rate = 13.5 Hz.
DONE
/tmp/lfavilla/ZJetsToNuNu_HT400to800_2022/file56
hadd Target file: tree_hadd_56.root
hadd compression setting for all output: 1
hadd Source file 1: tree.root
hadd Source file 2: hist.root
hadd Target path: tree_hadd_56.root:/
hadd Target path: tree_hadd_56.root:/plots
/tmp/lfavilla/ZJetsToNuNu_HT400to800_2022/file56
