Standalone environment set.
/tmp/lfavilla/ZJetsToNuNu_HT400to800_2022/file77
hadd Target file: tree.root
hadd compression setting for all output: 1
hadd Source file 1: ./15a10de4-2b22-4582-9f60-af16fe71e306_Skim.root
hadd Sources and Target have different compression levels
hadd merging will be slower
hadd Target path: tree.root:/
Will write selected trees to .
Pre-select 1738 entries out of 1738 (100.00%)
Processed 1738 preselected entries from root://cms-xrd-global.cern.ch//store/mc/Run3Summer22NanoAODv12/Zto2Nu-4Jets_HT-400to800_TuneCP5_13p6TeV_madgraphMLM-pythia8/NANOAODSIM/130X_mcRun3_2022_realistic_v5-v2/2530000/15a10de4-2b22-4582-9f60-af16fe71e306.root (1738 entries). Finally selected 1647 entries
Done ./15a10de4-2b22-4582-9f60-af16fe71e306_Skim.root
Total time 139.9 sec. to process 1738 events. Rate = 12.4 Hz.
DONE
/tmp/lfavilla/ZJetsToNuNu_HT400to800_2022/file77
hadd Target file: tree_hadd_77.root
hadd compression setting for all output: 1
hadd Source file 1: tree.root
hadd Source file 2: hist.root
hadd Target path: tree_hadd_77.root:/
hadd Target path: tree_hadd_77.root:/plots
/tmp/lfavilla/ZJetsToNuNu_HT400to800_2022/file77
