Standalone environment set.
/tmp/lfavilla/ZJetsToNuNu_HT400to800_2022/file79
hadd Target file: tree.root
hadd compression setting for all output: 1
hadd Source file 1: ./1a008ec4-4a3f-44f8-a678-7592bb1e58e6_Skim.root
hadd Sources and Target have different compression levels
hadd merging will be slower
hadd Target path: tree.root:/
Will write selected trees to .
Pre-select 4029 entries out of 4029 (100.00%)
Processed 4029 preselected entries from root://cms-xrd-global.cern.ch//store/mc/Run3Summer22NanoAODv12/Zto2Nu-4Jets_HT-400to800_TuneCP5_13p6TeV_madgraphMLM-pythia8/NANOAODSIM/130X_mcRun3_2022_realistic_v5-v2/2530000/1a008ec4-4a3f-44f8-a678-7592bb1e58e6.root (4029 entries). Finally selected 3818 entries
Done ./1a008ec4-4a3f-44f8-a678-7592bb1e58e6_Skim.root
Total time 244.3 sec. to process 4029 events. Rate = 16.5 Hz.
DONE
/tmp/lfavilla/ZJetsToNuNu_HT400to800_2022/file79
hadd Target file: tree_hadd_79.root
hadd compression setting for all output: 1
hadd Source file 1: tree.root
hadd Source file 2: hist.root
hadd Target path: tree_hadd_79.root:/
hadd Target path: tree_hadd_79.root:/plots
/tmp/lfavilla/ZJetsToNuNu_HT400to800_2022/file79
