Standalone environment set.
/tmp/lfavilla/ZJetsToNuNu_HT400to800_2022/file21
hadd Target file: tree.root
hadd compression setting for all output: 1
hadd Source file 1: ./7fff0292-f21d-4e00-8696-7af491ee1057_Skim.root
hadd Sources and Target have different compression levels
hadd merging will be slower
hadd Target path: tree.root:/
Will write selected trees to .
Pre-select 1764 entries out of 1764 (100.00%)
Processed 1764 preselected entries from root://cms-xrd-global.cern.ch//store/mc/Run3Summer22NanoAODv12/Zto2Nu-4Jets_HT-400to800_TuneCP5_13p6TeV_madgraphMLM-pythia8/NANOAODSIM/130X_mcRun3_2022_realistic_v5-v2/2540000/7fff0292-f21d-4e00-8696-7af491ee1057.root (1764 entries). Finally selected 1677 entries
Done ./7fff0292-f21d-4e00-8696-7af491ee1057_Skim.root
Total time 149.7 sec. to process 1764 events. Rate = 11.8 Hz.
DONE
/tmp/lfavilla/ZJetsToNuNu_HT400to800_2022/file21
hadd Target file: tree_hadd_21.root
hadd compression setting for all output: 1
hadd Source file 1: tree.root
hadd Source file 2: hist.root
hadd Target path: tree_hadd_21.root:/
hadd Target path: tree_hadd_21.root:/plots
/tmp/lfavilla/ZJetsToNuNu_HT400to800_2022/file21
