Standalone environment set.
/tmp/lfavilla/ZJetsToNuNu_HT400to800_2022/file12
hadd Target file: tree.root
hadd compression setting for all output: 1
hadd Source file 1: ./cde14c10-c55e-4c9a-a384-0be209c1436e_Skim.root
hadd Sources and Target have different compression levels
hadd merging will be slower
hadd Target path: tree.root:/
Will write selected trees to .
Pre-select 26162 entries out of 26162 (100.00%)
Processed    10000/   26162 entries, 38.22% (elapsed time   477.4s, curr speed    0.021 kHz, avg speed    0.021 kHz), accepted     9437/   10001 events (94.36%)
Processed    20000/   26162 entries, 76.45% (elapsed time   921.4s, curr speed    0.023 kHz, avg speed    0.022 kHz), accepted    18901/   20001 events (94.50%)
Processed 26162 preselected entries from root://cms-xrd-global.cern.ch//store/mc/Run3Summer22NanoAODv12/Zto2Nu-4Jets_HT-400to800_TuneCP5_13p6TeV_madgraphMLM-pythia8/NANOAODSIM/130X_mcRun3_2022_realistic_v5-v2/2540000/cde14c10-c55e-4c9a-a384-0be209c1436e.root (26162 entries). Finally selected 24731 entries
Done ./cde14c10-c55e-4c9a-a384-0be209c1436e_Skim.root
Total time 1292.5 sec. to process 26162 events. Rate = 20.2 Hz.
DONE
/tmp/lfavilla/ZJetsToNuNu_HT400to800_2022/file12
hadd Target file: tree_hadd_12.root
hadd compression setting for all output: 1
hadd Source file 1: tree.root
hadd Source file 2: hist.root
hadd Target path: tree_hadd_12.root:/
hadd Target path: tree_hadd_12.root:/plots
/tmp/lfavilla/ZJetsToNuNu_HT400to800_2022/file12
