Standalone environment set.
/tmp/lfavilla/ZJetsToNuNu_HT400to800_2022/file43
hadd Target file: tree.root
hadd compression setting for all output: 1
hadd Source file 1: ./43f2fb82-0888-4503-8f1e-395c38f90812_Skim.root
hadd Sources and Target have different compression levels
hadd merging will be slower
hadd Target path: tree.root:/
Will write selected trees to .
Pre-select 16124 entries out of 16124 (100.00%)
Processed    10000/   16124 entries, 62.02% (elapsed time  1154.8s, curr speed    0.009 kHz, avg speed    0.009 kHz), accepted     9452/   10001 events (94.51%)
Processed 16124 preselected entries from root://cms-xrd-global.cern.ch//store/mc/Run3Summer22NanoAODv12/Zto2Nu-4Jets_HT-400to800_TuneCP5_13p6TeV_madgraphMLM-pythia8/NANOAODSIM/130X_mcRun3_2022_realistic_v5-v2/30000/43f2fb82-0888-4503-8f1e-395c38f90812.root (16124 entries). Finally selected 15254 entries
Done ./43f2fb82-0888-4503-8f1e-395c38f90812_Skim.root
Total time 1814.6 sec. to process 16124 events. Rate = 8.9 Hz.
DONE
/tmp/lfavilla/ZJetsToNuNu_HT400to800_2022/file43
hadd Target file: tree_hadd_43.root
hadd compression setting for all output: 1
hadd Source file 1: tree.root
hadd Source file 2: hist.root
hadd Target path: tree_hadd_43.root:/
hadd Target path: tree_hadd_43.root:/plots
/tmp/lfavilla/ZJetsToNuNu_HT400to800_2022/file43
