Standalone environment set.
/tmp/lfavilla/ZJetsToNuNu_HT400to800_2022/file26
hadd Target file: tree.root
hadd compression setting for all output: 1
hadd Source file 1: ./ba31f441-3497-4386-8aa5-82f468b29fb9_Skim.root
hadd Sources and Target have different compression levels
hadd merging will be slower
hadd Target path: tree.root:/
Will write selected trees to .
Pre-select 9806 entries out of 9806 (100.00%)
Processed 9806 preselected entries from root://cms-xrd-global.cern.ch//store/mc/Run3Summer22NanoAODv12/Zto2Nu-4Jets_HT-400to800_TuneCP5_13p6TeV_madgraphMLM-pythia8/NANOAODSIM/130X_mcRun3_2022_realistic_v5-v2/30000/ba31f441-3497-4386-8aa5-82f468b29fb9.root (9806 entries). Finally selected 9273 entries
Done ./ba31f441-3497-4386-8aa5-82f468b29fb9_Skim.root
Total time 714.3 sec. to process 9806 events. Rate = 13.7 Hz.
DONE
/tmp/lfavilla/ZJetsToNuNu_HT400to800_2022/file26
hadd Target file: tree_hadd_26.root
hadd compression setting for all output: 1
hadd Source file 1: tree.root
hadd Source file 2: hist.root
hadd Target path: tree_hadd_26.root:/
hadd Target path: tree_hadd_26.root:/plots
/tmp/lfavilla/ZJetsToNuNu_HT400to800_2022/file26
