Standalone environment set.
/tmp/lfavilla/ZJetsToNuNu_HT400to800_2022/file40
hadd Target file: tree.root
hadd compression setting for all output: 1
hadd Source file 1: ./4cd6d3df-8110-4050-83cd-ee2a1747950e_Skim.root
hadd Sources and Target have different compression levels
hadd merging will be slower
hadd Target path: tree.root:/
Will write selected trees to .
Pre-select 14897 entries out of 14897 (100.00%)
Processed    10000/   14897 entries, 67.13% (elapsed time   364.9s, curr speed    0.027 kHz, avg speed    0.027 kHz), accepted     9450/   10001 events (94.49%)
Processed 14897 preselected entries from root://cms-xrd-global.cern.ch//store/mc/Run3Summer22NanoAODv12/Zto2Nu-4Jets_HT-400to800_TuneCP5_13p6TeV_madgraphMLM-pythia8/NANOAODSIM/130X_mcRun3_2022_realistic_v5-v2/30000/4cd6d3df-8110-4050-83cd-ee2a1747950e.root (14897 entries). Finally selected 14067 entries
Done ./4cd6d3df-8110-4050-83cd-ee2a1747950e_Skim.root
Total time 564.6 sec. to process 14897 events. Rate = 26.4 Hz.
DONE
/tmp/lfavilla/ZJetsToNuNu_HT400to800_2022/file40
hadd Target file: tree_hadd_40.root
hadd compression setting for all output: 1
hadd Source file 1: tree.root
hadd Source file 2: hist.root
hadd Target path: tree_hadd_40.root:/
hadd Target path: tree_hadd_40.root:/plots
/tmp/lfavilla/ZJetsToNuNu_HT400to800_2022/file40
