Standalone environment set.
/tmp/lfavilla/ZJetsToNuNu_HT400to800_2022/file13
hadd Target file: tree.root
hadd compression setting for all output: 1
hadd Source file 1: ./26ccfbae-da47-4455-aef0-6e59f912d0f7_Skim.root
hadd Sources and Target have different compression levels
hadd merging will be slower
hadd Target path: tree.root:/
Will write selected trees to .
Pre-select 5167 entries out of 5167 (100.00%)
Processed 5167 preselected entries from root://cms-xrd-global.cern.ch//store/mc/Run3Summer22NanoAODv12/Zto2Nu-4Jets_HT-400to800_TuneCP5_13p6TeV_madgraphMLM-pythia8/NANOAODSIM/130X_mcRun3_2022_realistic_v5-v2/2540000/26ccfbae-da47-4455-aef0-6e59f912d0f7.root (5167 entries). Finally selected 4886 entries
Done ./26ccfbae-da47-4455-aef0-6e59f912d0f7_Skim.root
Total time 281.3 sec. to process 5167 events. Rate = 18.4 Hz.
DONE
/tmp/lfavilla/ZJetsToNuNu_HT400to800_2022/file13
hadd Target file: tree_hadd_13.root
hadd compression setting for all output: 1
hadd Source file 1: tree.root
hadd Source file 2: hist.root
hadd Target path: tree_hadd_13.root:/
hadd Target path: tree_hadd_13.root:/plots
/tmp/lfavilla/ZJetsToNuNu_HT400to800_2022/file13
