Standalone environment set.
/tmp/lfavilla/ZJetsToNuNu_HT400to800_2022/file29
hadd Target file: tree.root
hadd compression setting for all output: 1
hadd Source file 1: ./02c501b8-e33d-4d0b-9ae6-909de40c5642_Skim.root
hadd Sources and Target have different compression levels
hadd merging will be slower
hadd Target path: tree.root:/
Will write selected trees to .
Pre-select 40173 entries out of 40173 (100.00%)
Processed    10000/   40173 entries, 24.89% (elapsed time   638.9s, curr speed    0.016 kHz, avg speed    0.016 kHz), accepted     9424/   10001 events (94.23%)
Processed    20000/   40173 entries, 49.78% (elapsed time  1250.3s, curr speed    0.016 kHz, avg speed    0.016 kHz), accepted    18903/   20001 events (94.51%)
Processed    30000/   40173 entries, 74.68% (elapsed time  1863.0s, curr speed    0.016 kHz, avg speed    0.016 kHz), accepted    28401/   30001 events (94.67%)
Processed    40000/   40173 entries, 99.57% (elapsed time  2426.5s, curr speed    0.018 kHz, avg speed    0.016 kHz), accepted    37863/   40001 events (94.66%)
Processed 40173 preselected entries from root://cms-xrd-global.cern.ch//store/mc/Run3Summer22NanoAODv12/Zto2Nu-4Jets_HT-400to800_TuneCP5_13p6TeV_madgraphMLM-pythia8/NANOAODSIM/130X_mcRun3_2022_realistic_v5-v2/30000/02c501b8-e33d-4d0b-9ae6-909de40c5642.root (40173 entries). Finally selected 38023 entries
Done ./02c501b8-e33d-4d0b-9ae6-909de40c5642_Skim.root
Total time 2581.5 sec. to process 40173 events. Rate = 15.6 Hz.
DONE
/tmp/lfavilla/ZJetsToNuNu_HT400to800_2022/file29
hadd Target file: tree_hadd_29.root
hadd compression setting for all output: 1
hadd Source file 1: tree.root
hadd Source file 2: hist.root
hadd Target path: tree_hadd_29.root:/
hadd Target path: tree_hadd_29.root:/plots
/tmp/lfavilla/ZJetsToNuNu_HT400to800_2022/file29
