Standalone environment set.
/tmp/lfavilla/ZJetsToNuNu_HT400to800_2022/file6
hadd Target file: tree.root
hadd compression setting for all output: 1
hadd Source file 1: ./883f5121-06d4-4928-b625-e15098050150_Skim.root
hadd Sources and Target have different compression levels
hadd merging will be slower
hadd Target path: tree.root:/
Will write selected trees to .
Pre-select 16505 entries out of 16505 (100.00%)
Processed    10000/   16505 entries, 60.59% (elapsed time   714.6s, curr speed    0.014 kHz, avg speed    0.014 kHz), accepted     9488/   10001 events (94.87%)
Processed 16505 preselected entries from root://cms-xrd-global.cern.ch//store/mc/Run3Summer22NanoAODv12/Zto2Nu-4Jets_HT-400to800_TuneCP5_13p6TeV_madgraphMLM-pythia8/NANOAODSIM/130X_mcRun3_2022_realistic_v5-v2/2540000/883f5121-06d4-4928-b625-e15098050150.root (16505 entries). Finally selected 15652 entries
Done ./883f5121-06d4-4928-b625-e15098050150_Skim.root
Total time 1271.9 sec. to process 16505 events. Rate = 13.0 Hz.
DONE
/tmp/lfavilla/ZJetsToNuNu_HT400to800_2022/file6
hadd Target file: tree_hadd_6.root
hadd compression setting for all output: 1
hadd Source file 1: tree.root
hadd Source file 2: hist.root
hadd Target path: tree_hadd_6.root:/
hadd Target path: tree_hadd_6.root:/plots
/tmp/lfavilla/ZJetsToNuNu_HT400to800_2022/file6
