Standalone environment set.
/tmp/lfavilla/ZJetsToNuNu_HT400to800_2022/file17
hadd Target file: tree.root
hadd compression setting for all output: 1
hadd Source file 1: ./c14a6058-db88-441b-9633-07d71a0cea97_Skim.root
hadd Sources and Target have different compression levels
hadd merging will be slower
hadd Target path: tree.root:/
Will write selected trees to .
Pre-select 2236 entries out of 2236 (100.00%)
Processed 2236 preselected entries from root://cms-xrd-global.cern.ch//store/mc/Run3Summer22NanoAODv12/Zto2Nu-4Jets_HT-400to800_TuneCP5_13p6TeV_madgraphMLM-pythia8/NANOAODSIM/130X_mcRun3_2022_realistic_v5-v2/2540000/c14a6058-db88-441b-9633-07d71a0cea97.root (2236 entries). Finally selected 2123 entries
Done ./c14a6058-db88-441b-9633-07d71a0cea97_Skim.root
Total time 127.9 sec. to process 2236 events. Rate = 17.5 Hz.
DONE
/tmp/lfavilla/ZJetsToNuNu_HT400to800_2022/file17
hadd Target file: tree_hadd_17.root
hadd compression setting for all output: 1
hadd Source file 1: tree.root
hadd Source file 2: hist.root
hadd Target path: tree_hadd_17.root:/
hadd Target path: tree_hadd_17.root:/plots
/tmp/lfavilla/ZJetsToNuNu_HT400to800_2022/file17
