Standalone environment set.
/tmp/lfavilla/ZJetsToNuNu_HT400to800_2022/file71
hadd Target file: tree.root
hadd compression setting for all output: 1
hadd Source file 1: ./de831e92-1412-49a4-817b-59b11c8b0230_Skim.root
hadd Sources and Target have different compression levels
hadd merging will be slower
hadd Target path: tree.root:/
Will write selected trees to .
Pre-select 16021 entries out of 16021 (100.00%)
Processed    10000/   16021 entries, 62.42% (elapsed time   728.2s, curr speed    0.014 kHz, avg speed    0.014 kHz), accepted     9455/   10001 events (94.54%)
Processed 16021 preselected entries from root://cms-xrd-global.cern.ch//store/mc/Run3Summer22NanoAODv12/Zto2Nu-4Jets_HT-400to800_TuneCP5_13p6TeV_madgraphMLM-pythia8/NANOAODSIM/130X_mcRun3_2022_realistic_v5-v2/2530000/de831e92-1412-49a4-817b-59b11c8b0230.root (16021 entries). Finally selected 15137 entries
Done ./de831e92-1412-49a4-817b-59b11c8b0230_Skim.root
Total time 1150.9 sec. to process 16021 events. Rate = 13.9 Hz.
DONE
/tmp/lfavilla/ZJetsToNuNu_HT400to800_2022/file71
hadd Target file: tree_hadd_71.root
hadd compression setting for all output: 1
hadd Source file 1: tree.root
hadd Source file 2: hist.root
hadd Target path: tree_hadd_71.root:/
hadd Target path: tree_hadd_71.root:/plots
/tmp/lfavilla/ZJetsToNuNu_HT400to800_2022/file71
