Standalone environment set.
/tmp/lfavilla/ZJetsToNuNu_HT400to800_2022/file44
hadd Target file: tree.root
hadd compression setting for all output: 1
hadd Source file 1: ./d7488d55-9e56-40a6-b9b9-ade9a5385da6_Skim.root
hadd Sources and Target have different compression levels
hadd merging will be slower
hadd Target path: tree.root:/
Will write selected trees to .
Pre-select 39447 entries out of 39447 (100.00%)
Processed    10000/   39447 entries, 25.35% (elapsed time   679.0s, curr speed    0.015 kHz, avg speed    0.015 kHz), accepted     9459/   10001 events (94.58%)
Processed    20000/   39447 entries, 50.70% (elapsed time  1336.3s, curr speed    0.015 kHz, avg speed    0.015 kHz), accepted    18916/   20001 events (94.58%)
Processed    30000/   39447 entries, 76.05% (elapsed time  2009.0s, curr speed    0.015 kHz, avg speed    0.015 kHz), accepted    28417/   30001 events (94.72%)
Processed 39447 preselected entries from root://cms-xrd-global.cern.ch//store/mc/Run3Summer22NanoAODv12/Zto2Nu-4Jets_HT-400to800_TuneCP5_13p6TeV_madgraphMLM-pythia8/NANOAODSIM/130X_mcRun3_2022_realistic_v5-v2/2530000/d7488d55-9e56-40a6-b9b9-ade9a5385da6.root (39447 entries). Finally selected 37352 entries
Done ./d7488d55-9e56-40a6-b9b9-ade9a5385da6_Skim.root
Total time 2752.4 sec. to process 39447 events. Rate = 14.3 Hz.
DONE
/tmp/lfavilla/ZJetsToNuNu_HT400to800_2022/file44
hadd Target file: tree_hadd_44.root
hadd compression setting for all output: 1
hadd Source file 1: tree.root
hadd Source file 2: hist.root
hadd Target path: tree_hadd_44.root:/
hadd Target path: tree_hadd_44.root:/plots
/tmp/lfavilla/ZJetsToNuNu_HT400to800_2022/file44
