Standalone environment set.
/tmp/lfavilla/ZJetsToNuNu_HT400to800_2022/file27
hadd Target file: tree.root
hadd compression setting for all output: 1
hadd Source file 1: ./3223ec31-5ce9-4a03-8eb1-45e84b9ceb42_Skim.root
hadd Sources and Target have different compression levels
hadd merging will be slower
hadd Target path: tree.root:/
Will write selected trees to .
Pre-select 1757 entries out of 1757 (100.00%)
Processed 1757 preselected entries from root://cms-xrd-global.cern.ch//store/mc/Run3Summer22NanoAODv12/Zto2Nu-4Jets_HT-400to800_TuneCP5_13p6TeV_madgraphMLM-pythia8/NANOAODSIM/130X_mcRun3_2022_realistic_v5-v2/30000/3223ec31-5ce9-4a03-8eb1-45e84b9ceb42.root (1757 entries). Finally selected 1671 entries
Done ./3223ec31-5ce9-4a03-8eb1-45e84b9ceb42_Skim.root
Total time 132.6 sec. to process 1757 events. Rate = 13.2 Hz.
DONE
/tmp/lfavilla/ZJetsToNuNu_HT400to800_2022/file27
hadd Target file: tree_hadd_27.root
hadd compression setting for all output: 1
hadd Source file 1: tree.root
hadd Source file 2: hist.root
hadd Target path: tree_hadd_27.root:/
hadd Target path: tree_hadd_27.root:/plots
/tmp/lfavilla/ZJetsToNuNu_HT400to800_2022/file27
