Standalone environment set.
/tmp/lfavilla/ZJetsToNuNu_HT400to800_2022/file76
hadd Target file: tree.root
hadd compression setting for all output: 1
hadd Source file 1: ./a315752e-8aaf-4f4b-9c66-12cd25dcdeb2_Skim.root
hadd Sources and Target have different compression levels
hadd merging will be slower
hadd Target path: tree.root:/
Will write selected trees to .
Pre-select 54198 entries out of 54198 (100.00%)
Processed    10000/   54198 entries, 18.45% (elapsed time   448.3s, curr speed    0.022 kHz, avg speed    0.022 kHz), accepted     9494/   10001 events (94.93%)
Processed    20000/   54198 entries, 36.90% (elapsed time   875.0s, curr speed    0.023 kHz, avg speed    0.023 kHz), accepted    18951/   20001 events (94.75%)
Processed    30000/   54198 entries, 55.35% (elapsed time  1320.2s, curr speed    0.022 kHz, avg speed    0.023 kHz), accepted    28451/   30001 events (94.83%)
Processed    40000/   54198 entries, 73.80% (elapsed time  1745.6s, curr speed    0.024 kHz, avg speed    0.023 kHz), accepted    37907/   40001 events (94.77%)
Processed    50000/   54198 entries, 92.25% (elapsed time  2190.9s, curr speed    0.022 kHz, avg speed    0.023 kHz), accepted    47365/   50001 events (94.73%)
Processed 54198 preselected entries from root://cms-xrd-global.cern.ch//store/mc/Run3Summer22NanoAODv12/Zto2Nu-4Jets_HT-400to800_TuneCP5_13p6TeV_madgraphMLM-pythia8/NANOAODSIM/130X_mcRun3_2022_realistic_v5-v2/2530000/a315752e-8aaf-4f4b-9c66-12cd25dcdeb2.root (54198 entries). Finally selected 51340 entries
Done ./a315752e-8aaf-4f4b-9c66-12cd25dcdeb2_Skim.root
Total time 2530.9 sec. to process 54198 events. Rate = 21.4 Hz.
DONE
/tmp/lfavilla/ZJetsToNuNu_HT400to800_2022/file76
hadd Target file: tree_hadd_76.root
hadd compression setting for all output: 1
hadd Source file 1: tree.root
hadd Source file 2: hist.root
hadd Target path: tree_hadd_76.root:/
hadd Target path: tree_hadd_76.root:/plots
/tmp/lfavilla/ZJetsToNuNu_HT400to800_2022/file76
