Standalone environment set.
/tmp/lfavilla/ZJetsToNuNu_HT400to800_2022/file18
hadd Target file: tree.root
hadd compression setting for all output: 1
hadd Source file 1: ./60db6081-5088-405c-8df3-86b6e99ccfa4_Skim.root
hadd Sources and Target have different compression levels
hadd merging will be slower
hadd Target path: tree.root:/
Will write selected trees to .
Pre-select 10963 entries out of 10963 (100.00%)
Processed    10000/   10963 entries, 91.22% (elapsed time  1108.5s, curr speed    0.009 kHz, avg speed    0.009 kHz), accepted     9435/   10001 events (94.34%)
Processed 10963 preselected entries from root://cms-xrd-global.cern.ch//store/mc/Run3Summer22NanoAODv12/Zto2Nu-4Jets_HT-400to800_TuneCP5_13p6TeV_madgraphMLM-pythia8/NANOAODSIM/130X_mcRun3_2022_realistic_v5-v2/2540000/60db6081-5088-405c-8df3-86b6e99ccfa4.root (10963 entries). Finally selected 10342 entries
Done ./60db6081-5088-405c-8df3-86b6e99ccfa4_Skim.root
Total time 1235.6 sec. to process 10963 events. Rate = 8.9 Hz.
DONE
/tmp/lfavilla/ZJetsToNuNu_HT400to800_2022/file18
hadd Target file: tree_hadd_18.root
hadd compression setting for all output: 1
hadd Source file 1: tree.root
hadd Source file 2: hist.root
hadd Target path: tree_hadd_18.root:/
hadd Target path: tree_hadd_18.root:/plots
/tmp/lfavilla/ZJetsToNuNu_HT400to800_2022/file18
