Standalone environment set.
/tmp/lfavilla/ZJetsToNuNu_HT400to800_2022/file45
hadd Target file: tree.root
hadd compression setting for all output: 1
hadd Source file 1: ./44c55471-5982-4be0-af50-8afadc40fc79_Skim.root
hadd Sources and Target have different compression levels
hadd merging will be slower
hadd Target path: tree.root:/
Will write selected trees to .
Pre-select 1701 entries out of 1701 (100.00%)
Processed 1701 preselected entries from root://cms-xrd-global.cern.ch//store/mc/Run3Summer22NanoAODv12/Zto2Nu-4Jets_HT-400to800_TuneCP5_13p6TeV_madgraphMLM-pythia8/NANOAODSIM/130X_mcRun3_2022_realistic_v5-v2/2530000/44c55471-5982-4be0-af50-8afadc40fc79.root (1701 entries). Finally selected 1631 entries
Done ./44c55471-5982-4be0-af50-8afadc40fc79_Skim.root
Total time 163.6 sec. to process 1701 events. Rate = 10.4 Hz.
DONE
/tmp/lfavilla/ZJetsToNuNu_HT400to800_2022/file45
hadd Target file: tree_hadd_45.root
hadd compression setting for all output: 1
hadd Source file 1: tree.root
hadd Source file 2: hist.root
hadd Target path: tree_hadd_45.root:/
hadd Target path: tree_hadd_45.root:/plots
/tmp/lfavilla/ZJetsToNuNu_HT400to800_2022/file45
