Standalone environment set.
/tmp/lfavilla/ZJetsToNuNu_HT400to800_2022/file23
hadd Target file: tree.root
hadd compression setting for all output: 1
hadd Source file 1: ./68c60e1f-ca68-4f6f-9987-42d1722be85f_Skim.root
hadd Sources and Target have different compression levels
hadd merging will be slower
hadd Target path: tree.root:/
Will write selected trees to .
Pre-select 2289 entries out of 2289 (100.00%)
Processed 2289 preselected entries from root://cms-xrd-global.cern.ch//store/mc/Run3Summer22NanoAODv12/Zto2Nu-4Jets_HT-400to800_TuneCP5_13p6TeV_madgraphMLM-pythia8/NANOAODSIM/130X_mcRun3_2022_realistic_v5-v2/2540000/68c60e1f-ca68-4f6f-9987-42d1722be85f.root (2289 entries). Finally selected 2166 entries
Done ./68c60e1f-ca68-4f6f-9987-42d1722be85f_Skim.root
Total time 226.7 sec. to process 2289 events. Rate = 10.1 Hz.
DONE
/tmp/lfavilla/ZJetsToNuNu_HT400to800_2022/file23
hadd Target file: tree_hadd_23.root
hadd compression setting for all output: 1
hadd Source file 1: tree.root
hadd Source file 2: hist.root
hadd Target path: tree_hadd_23.root:/
hadd Target path: tree_hadd_23.root:/plots
/tmp/lfavilla/ZJetsToNuNu_HT400to800_2022/file23
