Standalone environment set.
/tmp/lfavilla/ZJetsToNuNu_HT400to800_2022/file75
hadd Target file: tree.root
hadd compression setting for all output: 1
hadd Source file 1: ./27a5b424-93dd-4e88-8157-f0677aa64d1f_Skim.root
hadd Sources and Target have different compression levels
hadd merging will be slower
hadd Target path: tree.root:/
Will write selected trees to .
Pre-select 82150 entries out of 82150 (100.00%)
Processed    10000/   82150 entries, 12.17% (elapsed time   598.0s, curr speed    0.017 kHz, avg speed    0.017 kHz), accepted     9474/   10001 events (94.73%)
Processed    20000/   82150 entries, 24.35% (elapsed time  1092.2s, curr speed    0.020 kHz, avg speed    0.018 kHz), accepted    18953/   20001 events (94.76%)
Processed    30000/   82150 entries, 36.52% (elapsed time  1598.7s, curr speed    0.020 kHz, avg speed    0.019 kHz), accepted    28409/   30001 events (94.69%)
Processed    40000/   82150 entries, 48.69% (elapsed time  2102.9s, curr speed    0.020 kHz, avg speed    0.019 kHz), accepted    37870/   40001 events (94.67%)
Processed    50000/   82150 entries, 60.86% (elapsed time  2639.1s, curr speed    0.019 kHz, avg speed    0.019 kHz), accepted    47320/   50001 events (94.64%)
Processed    60000/   82150 entries, 73.04% (elapsed time  3148.1s, curr speed    0.020 kHz, avg speed    0.019 kHz), accepted    56787/   60001 events (94.64%)
Processed    70000/   82150 entries, 85.21% (elapsed time  3687.8s, curr speed    0.019 kHz, avg speed    0.019 kHz), accepted    66228/   70001 events (94.61%)
Processed    80000/   82150 entries, 97.38% (elapsed time  4183.2s, curr speed    0.020 kHz, avg speed    0.019 kHz), accepted    75697/   80001 events (94.62%)
Processed 82150 preselected entries from root://cms-xrd-global.cern.ch//store/mc/Run3Summer22NanoAODv12/Zto2Nu-4Jets_HT-400to800_TuneCP5_13p6TeV_madgraphMLM-pythia8/NANOAODSIM/130X_mcRun3_2022_realistic_v5-v2/2530000/27a5b424-93dd-4e88-8157-f0677aa64d1f.root (82150 entries). Finally selected 77718 entries
Done ./27a5b424-93dd-4e88-8157-f0677aa64d1f_Skim.root
Total time 4566.8 sec. to process 82150 events. Rate = 18.0 Hz.
DONE
/tmp/lfavilla/ZJetsToNuNu_HT400to800_2022/file75
hadd Target file: tree_hadd_75.root
hadd compression setting for all output: 1
hadd Source file 1: tree.root
hadd Source file 2: hist.root
hadd Target path: tree_hadd_75.root:/
hadd Target path: tree_hadd_75.root:/plots
/tmp/lfavilla/ZJetsToNuNu_HT400to800_2022/file75
