Standalone environment set.
/tmp/lfavilla/ZJetsToNuNu_HT400to800_2022/file14
hadd Target file: tree.root
hadd compression setting for all output: 1
hadd Source file 1: ./ede38629-6f15-4a28-899e-ba6678a4f9d7_Skim.root
hadd Sources and Target have different compression levels
hadd merging will be slower
hadd Target path: tree.root:/
Will write selected trees to .
Pre-select 6356 entries out of 6356 (100.00%)
Processed 6356 preselected entries from root://cms-xrd-global.cern.ch//store/mc/Run3Summer22NanoAODv12/Zto2Nu-4Jets_HT-400to800_TuneCP5_13p6TeV_madgraphMLM-pythia8/NANOAODSIM/130X_mcRun3_2022_realistic_v5-v2/2540000/ede38629-6f15-4a28-899e-ba6678a4f9d7.root (6356 entries). Finally selected 5988 entries
Done ./ede38629-6f15-4a28-899e-ba6678a4f9d7_Skim.root
Total time 277.9 sec. to process 6356 events. Rate = 22.9 Hz.
DONE
/tmp/lfavilla/ZJetsToNuNu_HT400to800_2022/file14
hadd Target file: tree_hadd_14.root
hadd compression setting for all output: 1
hadd Source file 1: tree.root
hadd Source file 2: hist.root
hadd Target path: tree_hadd_14.root:/
hadd Target path: tree_hadd_14.root:/plots
/tmp/lfavilla/ZJetsToNuNu_HT400to800_2022/file14
