Standalone environment set.
/tmp/lfavilla/ZJetsToNuNu_HT400to800_2022/file47
hadd Target file: tree.root
hadd compression setting for all output: 1
hadd Source file 1: ./e4983e98-627c-4881-9a8c-073941ba76c7_Skim.root
hadd Sources and Target have different compression levels
hadd merging will be slower
hadd Target path: tree.root:/
Will write selected trees to .
Pre-select 27663 entries out of 27663 (100.00%)
Processed    10000/   27663 entries, 36.15% (elapsed time   794.1s, curr speed    0.013 kHz, avg speed    0.013 kHz), accepted     9435/   10001 events (94.34%)
Processed    20000/   27663 entries, 72.30% (elapsed time  1536.4s, curr speed    0.013 kHz, avg speed    0.013 kHz), accepted    18874/   20001 events (94.37%)
Processed 27663 preselected entries from root://cms-xrd-global.cern.ch//store/mc/Run3Summer22NanoAODv12/Zto2Nu-4Jets_HT-400to800_TuneCP5_13p6TeV_madgraphMLM-pythia8/NANOAODSIM/130X_mcRun3_2022_realistic_v5-v2/2530000/e4983e98-627c-4881-9a8c-073941ba76c7.root (27663 entries). Finally selected 26096 entries
Done ./e4983e98-627c-4881-9a8c-073941ba76c7_Skim.root
Total time 2237.9 sec. to process 27663 events. Rate = 12.4 Hz.
DONE
/tmp/lfavilla/ZJetsToNuNu_HT400to800_2022/file47
hadd Target file: tree_hadd_47.root
hadd compression setting for all output: 1
hadd Source file 1: tree.root
hadd Source file 2: hist.root
hadd Target path: tree_hadd_47.root:/
hadd Target path: tree_hadd_47.root:/plots
/tmp/lfavilla/ZJetsToNuNu_HT400to800_2022/file47
