Standalone environment set.
/tmp/lfavilla/ZJetsToNuNu_HT400to800_2022/file68
hadd Target file: tree.root
hadd compression setting for all output: 1
hadd Source file 1: ./682b8c0d-aa89-45c5-a2d2-9b218e9c84aa_Skim.root
hadd Sources and Target have different compression levels
hadd merging will be slower
hadd Target path: tree.root:/
Will write selected trees to .
Pre-select 1783 entries out of 1783 (100.00%)
Processed 1783 preselected entries from root://cms-xrd-global.cern.ch//store/mc/Run3Summer22NanoAODv12/Zto2Nu-4Jets_HT-400to800_TuneCP5_13p6TeV_madgraphMLM-pythia8/NANOAODSIM/130X_mcRun3_2022_realistic_v5-v2/2530000/682b8c0d-aa89-45c5-a2d2-9b218e9c84aa.root (1783 entries). Finally selected 1687 entries
Done ./682b8c0d-aa89-45c5-a2d2-9b218e9c84aa_Skim.root
Total time 175.8 sec. to process 1783 events. Rate = 10.1 Hz.
DONE
/tmp/lfavilla/ZJetsToNuNu_HT400to800_2022/file68
hadd Target file: tree_hadd_68.root
hadd compression setting for all output: 1
hadd Source file 1: tree.root
hadd Source file 2: hist.root
hadd Target path: tree_hadd_68.root:/
hadd Target path: tree_hadd_68.root:/plots
/tmp/lfavilla/ZJetsToNuNu_HT400to800_2022/file68
