Standalone environment set.
/tmp/lfavilla/ZJetsToNuNu_HT400to800_2022/file46
hadd Target file: tree.root
hadd compression setting for all output: 1
hadd Source file 1: ./4e423973-80f7-4777-b9c0-a005063e2cbd_Skim.root
hadd Sources and Target have different compression levels
hadd merging will be slower
hadd Target path: tree.root:/
Will write selected trees to .
Pre-select 16218 entries out of 16218 (100.00%)
Processed    10000/   16218 entries, 61.66% (elapsed time   677.6s, curr speed    0.015 kHz, avg speed    0.015 kHz), accepted     9455/   10001 events (94.54%)
Processed 16218 preselected entries from root://cms-xrd-global.cern.ch//store/mc/Run3Summer22NanoAODv12/Zto2Nu-4Jets_HT-400to800_TuneCP5_13p6TeV_madgraphMLM-pythia8/NANOAODSIM/130X_mcRun3_2022_realistic_v5-v2/2530000/4e423973-80f7-4777-b9c0-a005063e2cbd.root (16218 entries). Finally selected 15329 entries
Done ./4e423973-80f7-4777-b9c0-a005063e2cbd_Skim.root
Total time 1151.8 sec. to process 16218 events. Rate = 14.1 Hz.
DONE
/tmp/lfavilla/ZJetsToNuNu_HT400to800_2022/file46
hadd Target file: tree_hadd_46.root
hadd compression setting for all output: 1
hadd Source file 1: tree.root
hadd Source file 2: hist.root
hadd Target path: tree_hadd_46.root:/
hadd Target path: tree_hadd_46.root:/plots
/tmp/lfavilla/ZJetsToNuNu_HT400to800_2022/file46
