Standalone environment set.
/tmp/lfavilla/ZJetsToNuNu_HT400to800_2022/file28
hadd Target file: tree.root
hadd compression setting for all output: 1
hadd Source file 1: ./d68f6928-4aa4-4ad0-9b78-d05ef7077495_Skim.root
hadd Sources and Target have different compression levels
hadd merging will be slower
hadd Target path: tree.root:/
Will write selected trees to .
Pre-select 2890 entries out of 2890 (100.00%)
Processed 2890 preselected entries from root://cms-xrd-global.cern.ch//store/mc/Run3Summer22NanoAODv12/Zto2Nu-4Jets_HT-400to800_TuneCP5_13p6TeV_madgraphMLM-pythia8/NANOAODSIM/130X_mcRun3_2022_realistic_v5-v2/30000/d68f6928-4aa4-4ad0-9b78-d05ef7077495.root (2890 entries). Finally selected 2725 entries
Done ./d68f6928-4aa4-4ad0-9b78-d05ef7077495_Skim.root
Total time 224.0 sec. to process 2890 events. Rate = 12.9 Hz.
DONE
/tmp/lfavilla/ZJetsToNuNu_HT400to800_2022/file28
hadd Target file: tree_hadd_28.root
hadd compression setting for all output: 1
hadd Source file 1: tree.root
hadd Source file 2: hist.root
hadd Target path: tree_hadd_28.root:/
hadd Target path: tree_hadd_28.root:/plots
/tmp/lfavilla/ZJetsToNuNu_HT400to800_2022/file28
