Standalone environment set.
/tmp/lfavilla/ZJetsToNuNu_HT400to800_2022/file33
hadd Target file: tree.root
hadd compression setting for all output: 1
hadd Source file 1: ./ec075583-02e3-4285-b335-c2cd3cc8e1fb_Skim.root
hadd Sources and Target have different compression levels
hadd merging will be slower
hadd Target path: tree.root:/
Will write selected trees to .
Pre-select 8187 entries out of 8187 (100.00%)
Processed 8187 preselected entries from root://cms-xrd-global.cern.ch//store/mc/Run3Summer22NanoAODv12/Zto2Nu-4Jets_HT-400to800_TuneCP5_13p6TeV_madgraphMLM-pythia8/NANOAODSIM/130X_mcRun3_2022_realistic_v5-v2/30000/ec075583-02e3-4285-b335-c2cd3cc8e1fb.root (8187 entries). Finally selected 7744 entries
Done ./ec075583-02e3-4285-b335-c2cd3cc8e1fb_Skim.root
Total time 773.9 sec. to process 8187 events. Rate = 10.6 Hz.
DONE
/tmp/lfavilla/ZJetsToNuNu_HT400to800_2022/file33
hadd Target file: tree_hadd_33.root
hadd compression setting for all output: 1
hadd Source file 1: tree.root
hadd Source file 2: hist.root
hadd Target path: tree_hadd_33.root:/
hadd Target path: tree_hadd_33.root:/plots
/tmp/lfavilla/ZJetsToNuNu_HT400to800_2022/file33
