Standalone environment set.
/tmp/lfavilla/ZJetsToNuNu_HT400to800_2022/file62
hadd Target file: tree.root
hadd compression setting for all output: 1
hadd Source file 1: ./213cd003-3dc5-4e50-960b-5856f6c5c43d_Skim.root
hadd Sources and Target have different compression levels
hadd merging will be slower
hadd Target path: tree.root:/
Will write selected trees to .
Pre-select 39484 entries out of 39484 (100.00%)
Processed    10000/   39484 entries, 25.33% (elapsed time   710.7s, curr speed    0.014 kHz, avg speed    0.014 kHz), accepted     9437/   10001 events (94.36%)
Processed    20000/   39484 entries, 50.65% (elapsed time  1354.3s, curr speed    0.016 kHz, avg speed    0.015 kHz), accepted    18879/   20001 events (94.39%)
Processed    30000/   39484 entries, 75.98% (elapsed time  2047.3s, curr speed    0.014 kHz, avg speed    0.015 kHz), accepted    28317/   30001 events (94.39%)
Processed 39484 preselected entries from root://cms-xrd-global.cern.ch//store/mc/Run3Summer22NanoAODv12/Zto2Nu-4Jets_HT-400to800_TuneCP5_13p6TeV_madgraphMLM-pythia8/NANOAODSIM/130X_mcRun3_2022_realistic_v5-v2/2530000/213cd003-3dc5-4e50-960b-5856f6c5c43d.root (39484 entries). Finally selected 37276 entries
Done ./213cd003-3dc5-4e50-960b-5856f6c5c43d_Skim.root
Total time 2918.3 sec. to process 39484 events. Rate = 13.5 Hz.
DONE
/tmp/lfavilla/ZJetsToNuNu_HT400to800_2022/file62
hadd Target file: tree_hadd_62.root
hadd compression setting for all output: 1
hadd Source file 1: tree.root
hadd Source file 2: hist.root
hadd Target path: tree_hadd_62.root:/
hadd Target path: tree_hadd_62.root:/plots
/tmp/lfavilla/ZJetsToNuNu_HT400to800_2022/file62
