Standalone environment set.
/tmp/lfavilla/ZJetsToNuNu_HT400to800_2022/file50
hadd Target file: tree.root
hadd compression setting for all output: 1
hadd Source file 1: ./75019449-6509-4164-be28-754361174959_Skim.root
hadd Sources and Target have different compression levels
hadd merging will be slower
hadd Target path: tree.root:/
Will write selected trees to .
Pre-select 8479 entries out of 8479 (100.00%)
Processed 8479 preselected entries from root://cms-xrd-global.cern.ch//store/mc/Run3Summer22NanoAODv12/Zto2Nu-4Jets_HT-400to800_TuneCP5_13p6TeV_madgraphMLM-pythia8/NANOAODSIM/130X_mcRun3_2022_realistic_v5-v2/30000/75019449-6509-4164-be28-754361174959.root (8479 entries). Finally selected 8021 entries
Done ./75019449-6509-4164-be28-754361174959_Skim.root
Total time 702.2 sec. to process 8479 events. Rate = 12.1 Hz.
DONE
/tmp/lfavilla/ZJetsToNuNu_HT400to800_2022/file50
hadd Target file: tree_hadd_50.root
hadd compression setting for all output: 1
hadd Source file 1: tree.root
hadd Source file 2: hist.root
hadd Target path: tree_hadd_50.root:/
hadd Target path: tree_hadd_50.root:/plots
/tmp/lfavilla/ZJetsToNuNu_HT400to800_2022/file50
