Standalone environment set.
/tmp/lfavilla/ZJetsToNuNu_HT400to800_2022/file11
hadd Target file: tree.root
hadd compression setting for all output: 1
hadd Source file 1: ./cf7b1976-94e5-4c08-9d19-681f277e85ab_Skim.root
hadd Sources and Target have different compression levels
hadd merging will be slower
hadd Target path: tree.root:/
Will write selected trees to .
Pre-select 36658 entries out of 36658 (100.00%)
Processed    10000/   36658 entries, 27.28% (elapsed time   489.9s, curr speed    0.020 kHz, avg speed    0.020 kHz), accepted     9455/   10001 events (94.54%)
Processed    20000/   36658 entries, 54.56% (elapsed time   945.4s, curr speed    0.022 kHz, avg speed    0.021 kHz), accepted    18895/   20001 events (94.47%)
Processed    30000/   36658 entries, 81.84% (elapsed time  1399.2s, curr speed    0.022 kHz, avg speed    0.021 kHz), accepted    28354/   30001 events (94.51%)
Processed 36658 preselected entries from root://cms-xrd-global.cern.ch//store/mc/Run3Summer22NanoAODv12/Zto2Nu-4Jets_HT-400to800_TuneCP5_13p6TeV_madgraphMLM-pythia8/NANOAODSIM/130X_mcRun3_2022_realistic_v5-v2/2540000/cf7b1976-94e5-4c08-9d19-681f277e85ab.root (36658 entries). Finally selected 34632 entries
Done ./cf7b1976-94e5-4c08-9d19-681f277e85ab_Skim.root
Total time 1815.4 sec. to process 36658 events. Rate = 20.2 Hz.
DONE
/tmp/lfavilla/ZJetsToNuNu_HT400to800_2022/file11
hadd Target file: tree_hadd_11.root
hadd compression setting for all output: 1
hadd Source file 1: tree.root
hadd Source file 2: hist.root
hadd Target path: tree_hadd_11.root:/
hadd Target path: tree_hadd_11.root:/plots
/tmp/lfavilla/ZJetsToNuNu_HT400to800_2022/file11
