Standalone environment set.
/tmp/lfavilla/ZJetsToNuNu_HT400to800_2022/file7
hadd Target file: tree.root
hadd compression setting for all output: 1
hadd Source file 1: ./a70ed64a-7d9e-4872-b18d-8164dbe27f72_Skim.root
hadd Sources and Target have different compression levels
hadd merging will be slower
hadd Target path: tree.root:/
Will write selected trees to .
Pre-select 5127 entries out of 5127 (100.00%)
Processed 5127 preselected entries from root://cms-xrd-global.cern.ch//store/mc/Run3Summer22NanoAODv12/Zto2Nu-4Jets_HT-400to800_TuneCP5_13p6TeV_madgraphMLM-pythia8/NANOAODSIM/130X_mcRun3_2022_realistic_v5-v2/2540000/a70ed64a-7d9e-4872-b18d-8164dbe27f72.root (5127 entries). Finally selected 4847 entries
Done ./a70ed64a-7d9e-4872-b18d-8164dbe27f72_Skim.root
Total time 417.5 sec. to process 5127 events. Rate = 12.3 Hz.
DONE
/tmp/lfavilla/ZJetsToNuNu_HT400to800_2022/file7
hadd Target file: tree_hadd_7.root
hadd compression setting for all output: 1
hadd Source file 1: tree.root
hadd Source file 2: hist.root
hadd Target path: tree_hadd_7.root:/
hadd Target path: tree_hadd_7.root:/plots
/tmp/lfavilla/ZJetsToNuNu_HT400to800_2022/file7
