Standalone environment set.
/tmp/lfavilla/ZJetsToNuNu_HT400to800_2022/file20
hadd Target file: tree.root
hadd compression setting for all output: 1
hadd Source file 1: ./b6ea902d-2c60-4c4d-8c6f-0b425d6c3062_Skim.root
hadd Sources and Target have different compression levels
hadd merging will be slower
hadd Target path: tree.root:/
Will write selected trees to .
Pre-select 51175 entries out of 51175 (100.00%)
Processed    10000/   51175 entries, 19.54% (elapsed time   605.1s, curr speed    0.017 kHz, avg speed    0.017 kHz), accepted     9420/   10001 events (94.19%)
Processed    20000/   51175 entries, 39.08% (elapsed time  1211.9s, curr speed    0.016 kHz, avg speed    0.017 kHz), accepted    18871/   20001 events (94.35%)
Processed    30000/   51175 entries, 58.62% (elapsed time  1902.5s, curr speed    0.014 kHz, avg speed    0.016 kHz), accepted    28339/   30001 events (94.46%)
Processed    40000/   51175 entries, 78.16% (elapsed time  2542.7s, curr speed    0.016 kHz, avg speed    0.016 kHz), accepted    37791/   40001 events (94.48%)
Processed    50000/   51175 entries, 97.70% (elapsed time  3237.0s, curr speed    0.014 kHz, avg speed    0.015 kHz), accepted    47244/   50001 events (94.49%)
Processed 51175 preselected entries from root://cms-xrd-global.cern.ch//store/mc/Run3Summer22NanoAODv12/Zto2Nu-4Jets_HT-400to800_TuneCP5_13p6TeV_madgraphMLM-pythia8/NANOAODSIM/130X_mcRun3_2022_realistic_v5-v2/2540000/b6ea902d-2c60-4c4d-8c6f-0b425d6c3062.root (51175 entries). Finally selected 48356 entries
Done ./b6ea902d-2c60-4c4d-8c6f-0b425d6c3062_Skim.root
Total time 3507.6 sec. to process 51175 events. Rate = 14.6 Hz.
DONE
/tmp/lfavilla/ZJetsToNuNu_HT400to800_2022/file20
hadd Target file: tree_hadd_20.root
hadd compression setting for all output: 1
hadd Source file 1: tree.root
hadd Source file 2: hist.root
hadd Target path: tree_hadd_20.root:/
hadd Target path: tree_hadd_20.root:/plots
/tmp/lfavilla/ZJetsToNuNu_HT400to800_2022/file20
