Standalone environment set.
/tmp/lfavilla/ZJetsToNuNu_HT400to800_2022/file15
hadd Target file: tree.root
hadd compression setting for all output: 1
hadd Source file 1: ./e7af4cf3-c496-4ed2-b70f-75c01f684f3a_Skim.root
hadd Sources and Target have different compression levels
hadd merging will be slower
hadd Target path: tree.root:/
Will write selected trees to .
Pre-select 4590 entries out of 4590 (100.00%)
Processed 4590 preselected entries from root://cms-xrd-global.cern.ch//store/mc/Run3Summer22NanoAODv12/Zto2Nu-4Jets_HT-400to800_TuneCP5_13p6TeV_madgraphMLM-pythia8/NANOAODSIM/130X_mcRun3_2022_realistic_v5-v2/2540000/e7af4cf3-c496-4ed2-b70f-75c01f684f3a.root (4590 entries). Finally selected 4333 entries
Done ./e7af4cf3-c496-4ed2-b70f-75c01f684f3a_Skim.root
Total time 337.5 sec. to process 4590 events. Rate = 13.6 Hz.
DONE
/tmp/lfavilla/ZJetsToNuNu_HT400to800_2022/file15
hadd Target file: tree_hadd_15.root
hadd compression setting for all output: 1
hadd Source file 1: tree.root
hadd Source file 2: hist.root
hadd Target path: tree_hadd_15.root:/
hadd Target path: tree_hadd_15.root:/plots
/tmp/lfavilla/ZJetsToNuNu_HT400to800_2022/file15
