Standalone environment set.
/tmp/lfavilla/ZJetsToNuNu_HT400to800_2022/file69
hadd Target file: tree.root
hadd compression setting for all output: 1
hadd Source file 1: ./24950b7d-a343-45a1-8882-440bb773c62e_Skim.root
hadd Sources and Target have different compression levels
hadd merging will be slower
hadd Target path: tree.root:/
Will write selected trees to .
Pre-select 64730 entries out of 64730 (100.00%)
Processed    10000/   64730 entries, 15.45% (elapsed time   739.0s, curr speed    0.014 kHz, avg speed    0.014 kHz), accepted     9416/   10001 events (94.15%)
Processed    20000/   64730 entries, 30.90% (elapsed time  1436.3s, curr speed    0.014 kHz, avg speed    0.014 kHz), accepted    18891/   20001 events (94.45%)
Processed    30000/   64730 entries, 46.35% (elapsed time  2147.3s, curr speed    0.014 kHz, avg speed    0.014 kHz), accepted    28336/   30001 events (94.45%)
Processed    40000/   64730 entries, 61.80% (elapsed time  2853.5s, curr speed    0.014 kHz, avg speed    0.014 kHz), accepted    37770/   40001 events (94.42%)
Processed    50000/   64730 entries, 77.24% (elapsed time  3584.5s, curr speed    0.014 kHz, avg speed    0.014 kHz), accepted    47209/   50001 events (94.42%)
Processed    60000/   64730 entries, 92.69% (elapsed time  4284.1s, curr speed    0.014 kHz, avg speed    0.014 kHz), accepted    56637/   60001 events (94.39%)
Processed 64730 preselected entries from root://cms-xrd-global.cern.ch//store/mc/Run3Summer22NanoAODv12/Zto2Nu-4Jets_HT-400to800_TuneCP5_13p6TeV_madgraphMLM-pythia8/NANOAODSIM/130X_mcRun3_2022_realistic_v5-v2/2530000/24950b7d-a343-45a1-8882-440bb773c62e.root (64730 entries). Finally selected 61113 entries
Done ./24950b7d-a343-45a1-8882-440bb773c62e_Skim.root
Total time 4904.1 sec. to process 64730 events. Rate = 13.2 Hz.
DONE
/tmp/lfavilla/ZJetsToNuNu_HT400to800_2022/file69
hadd Target file: tree_hadd_69.root
hadd compression setting for all output: 1
hadd Source file 1: tree.root
hadd Source file 2: hist.root
hadd Target path: tree_hadd_69.root:/
hadd Target path: tree_hadd_69.root:/plots
/tmp/lfavilla/ZJetsToNuNu_HT400to800_2022/file69
