Standalone environment set.
/tmp/lfavilla/ZJetsToNuNu_HT400to800_2022/file10
hadd Target file: tree.root
hadd compression setting for all output: 1
hadd Source file 1: ./b8378ccd-036f-44e0-bf0e-cad375dd7601_Skim.root
hadd Sources and Target have different compression levels
hadd merging will be slower
hadd Target path: tree.root:/
Will write selected trees to .
Pre-select 56599 entries out of 56599 (100.00%)
Processed    10000/   56599 entries, 17.67% (elapsed time   666.8s, curr speed    0.015 kHz, avg speed    0.015 kHz), accepted     9470/   10001 events (94.69%)
Processed    20000/   56599 entries, 35.34% (elapsed time  1252.9s, curr speed    0.017 kHz, avg speed    0.016 kHz), accepted    18912/   20001 events (94.56%)
Processed    30000/   56599 entries, 53.00% (elapsed time  1945.7s, curr speed    0.014 kHz, avg speed    0.015 kHz), accepted    28392/   30001 events (94.64%)
Processed    40000/   56599 entries, 70.67% (elapsed time  2605.0s, curr speed    0.015 kHz, avg speed    0.015 kHz), accepted    37815/   40001 events (94.54%)
Processed    50000/   56599 entries, 88.34% (elapsed time  3259.5s, curr speed    0.015 kHz, avg speed    0.015 kHz), accepted    47258/   50001 events (94.51%)
Processed 56599 preselected entries from root://cms-xrd-global.cern.ch//store/mc/Run3Summer22NanoAODv12/Zto2Nu-4Jets_HT-400to800_TuneCP5_13p6TeV_madgraphMLM-pythia8/NANOAODSIM/130X_mcRun3_2022_realistic_v5-v2/2540000/b8378ccd-036f-44e0-bf0e-cad375dd7601.root (56599 entries). Finally selected 53468 entries
Done ./b8378ccd-036f-44e0-bf0e-cad375dd7601_Skim.root
Total time 3882.7 sec. to process 56599 events. Rate = 14.6 Hz.
DONE
/tmp/lfavilla/ZJetsToNuNu_HT400to800_2022/file10
hadd Target file: tree_hadd_10.root
hadd compression setting for all output: 1
hadd Source file 1: tree.root
hadd Source file 2: hist.root
hadd Target path: tree_hadd_10.root:/
hadd Target path: tree_hadd_10.root:/plots
/tmp/lfavilla/ZJetsToNuNu_HT400to800_2022/file10
