Standalone environment set.
/tmp/lfavilla/ZJetsToNuNu_HT400to800_2022/file57
hadd Target file: tree.root
hadd compression setting for all output: 1
hadd Source file 1: ./c627c106-f2cf-48fc-996e-dc431e2e6d8b_Skim.root
hadd Sources and Target have different compression levels
hadd merging will be slower
hadd Target path: tree.root:/
Will write selected trees to .
Pre-select 1190 entries out of 1190 (100.00%)
Processed 1190 preselected entries from root://cms-xrd-global.cern.ch//store/mc/Run3Summer22NanoAODv12/Zto2Nu-4Jets_HT-400to800_TuneCP5_13p6TeV_madgraphMLM-pythia8/NANOAODSIM/130X_mcRun3_2022_realistic_v5-v2/2530000/c627c106-f2cf-48fc-996e-dc431e2e6d8b.root (1190 entries). Finally selected 1116 entries
Done ./c627c106-f2cf-48fc-996e-dc431e2e6d8b_Skim.root
Total time 131.1 sec. to process 1190 events. Rate = 9.1 Hz.
DONE
/tmp/lfavilla/ZJetsToNuNu_HT400to800_2022/file57
hadd Target file: tree_hadd_57.root
hadd compression setting for all output: 1
hadd Source file 1: tree.root
hadd Source file 2: hist.root
hadd Target path: tree_hadd_57.root:/
hadd Target path: tree_hadd_57.root:/plots
/tmp/lfavilla/ZJetsToNuNu_HT400to800_2022/file57
