Standalone environment set.
/tmp/lfavilla/ZJetsToNuNu_HT400to800_2022/file49
hadd Target file: tree.root
hadd compression setting for all output: 1
hadd Source file 1: ./fd2d5b39-2cc4-49b3-9dbd-70c3c7b76135_Skim.root
hadd Sources and Target have different compression levels
hadd merging will be slower
hadd Target path: tree.root:/
Will write selected trees to .
Pre-select 10409 entries out of 10409 (100.00%)
Processed    10000/   10409 entries, 96.07% (elapsed time   738.1s, curr speed    0.014 kHz, avg speed    0.014 kHz), accepted     9449/   10001 events (94.48%)
Processed 10409 preselected entries from root://cms-xrd-global.cern.ch//store/mc/Run3Summer22NanoAODv12/Zto2Nu-4Jets_HT-400to800_TuneCP5_13p6TeV_madgraphMLM-pythia8/NANOAODSIM/130X_mcRun3_2022_realistic_v5-v2/30000/fd2d5b39-2cc4-49b3-9dbd-70c3c7b76135.root (10409 entries). Finally selected 9842 entries
Done ./fd2d5b39-2cc4-49b3-9dbd-70c3c7b76135_Skim.root
Total time 822.3 sec. to process 10409 events. Rate = 12.7 Hz.
DONE
/tmp/lfavilla/ZJetsToNuNu_HT400to800_2022/file49
hadd Target file: tree_hadd_49.root
hadd compression setting for all output: 1
hadd Source file 1: tree.root
hadd Source file 2: hist.root
hadd Target path: tree_hadd_49.root:/
hadd Target path: tree_hadd_49.root:/plots
/tmp/lfavilla/ZJetsToNuNu_HT400to800_2022/file49
