Standalone environment set.
/tmp/lfavilla/ZJetsToNuNu_HT400to800_2022/file8
hadd Target file: tree.root
hadd compression setting for all output: 1
hadd Source file 1: ./42c34f9f-4663-417f-81cf-022e7c5a90b2_Skim.root
hadd Sources and Target have different compression levels
hadd merging will be slower
hadd Target path: tree.root:/
Will write selected trees to .
Pre-select 7978 entries out of 7978 (100.00%)
Processed 7978 preselected entries from root://cms-xrd-global.cern.ch//store/mc/Run3Summer22NanoAODv12/Zto2Nu-4Jets_HT-400to800_TuneCP5_13p6TeV_madgraphMLM-pythia8/NANOAODSIM/130X_mcRun3_2022_realistic_v5-v2/2540000/42c34f9f-4663-417f-81cf-022e7c5a90b2.root (7978 entries). Finally selected 7538 entries
Done ./42c34f9f-4663-417f-81cf-022e7c5a90b2_Skim.root
Total time 632.1 sec. to process 7978 events. Rate = 12.6 Hz.
DONE
/tmp/lfavilla/ZJetsToNuNu_HT400to800_2022/file8
hadd Target file: tree_hadd_8.root
hadd compression setting for all output: 1
hadd Source file 1: tree.root
hadd Source file 2: hist.root
hadd Target path: tree_hadd_8.root:/
hadd Target path: tree_hadd_8.root:/plots
/tmp/lfavilla/ZJetsToNuNu_HT400to800_2022/file8
