Standalone environment set.
/tmp/lfavilla/ZJetsToNuNu_HT400to800_2022/file24
hadd Target file: tree.root
hadd compression setting for all output: 1
hadd Source file 1: ./c709d098-adbf-4bd2-9dc9-7f980aaad8b6_Skim.root
hadd Sources and Target have different compression levels
hadd merging will be slower
hadd Target path: tree.root:/
Will write selected trees to .
Pre-select 9278 entries out of 9278 (100.00%)
Processed 9278 preselected entries from root://cms-xrd-global.cern.ch//store/mc/Run3Summer22NanoAODv12/Zto2Nu-4Jets_HT-400to800_TuneCP5_13p6TeV_madgraphMLM-pythia8/NANOAODSIM/130X_mcRun3_2022_realistic_v5-v2/30000/c709d098-adbf-4bd2-9dc9-7f980aaad8b6.root (9278 entries). Finally selected 8742 entries
Done ./c709d098-adbf-4bd2-9dc9-7f980aaad8b6_Skim.root
Total time 676.3 sec. to process 9278 events. Rate = 13.7 Hz.
DONE
/tmp/lfavilla/ZJetsToNuNu_HT400to800_2022/file24
hadd Target file: tree_hadd_24.root
hadd compression setting for all output: 1
hadd Source file 1: tree.root
hadd Source file 2: hist.root
hadd Target path: tree_hadd_24.root:/
hadd Target path: tree_hadd_24.root:/plots
/tmp/lfavilla/ZJetsToNuNu_HT400to800_2022/file24
