Standalone environment set.
/tmp/lfavilla/ZJetsToNuNu_HT400to800_2022/file66
hadd Target file: tree.root
hadd compression setting for all output: 1
hadd Source file 1: ./b52ad491-fc43-476e-9352-3696ac062e37_Skim.root
hadd Sources and Target have different compression levels
hadd merging will be slower
hadd Target path: tree.root:/
Will write selected trees to .
Pre-select 3373 entries out of 3373 (100.00%)
Processed 3373 preselected entries from root://cms-xrd-global.cern.ch//store/mc/Run3Summer22NanoAODv12/Zto2Nu-4Jets_HT-400to800_TuneCP5_13p6TeV_madgraphMLM-pythia8/NANOAODSIM/130X_mcRun3_2022_realistic_v5-v2/2530000/b52ad491-fc43-476e-9352-3696ac062e37.root (3373 entries). Finally selected 3195 entries
Done ./b52ad491-fc43-476e-9352-3696ac062e37_Skim.root
Total time 155.8 sec. to process 3373 events. Rate = 21.6 Hz.
DONE
/tmp/lfavilla/ZJetsToNuNu_HT400to800_2022/file66
hadd Target file: tree_hadd_66.root
hadd compression setting for all output: 1
hadd Source file 1: tree.root
hadd Source file 2: hist.root
hadd Target path: tree_hadd_66.root:/
hadd Target path: tree_hadd_66.root:/plots
/tmp/lfavilla/ZJetsToNuNu_HT400to800_2022/file66
