Standalone environment set.
/tmp/lfavilla/ZJetsToNuNu_HT400to800_2022/file61
hadd Target file: tree.root
hadd compression setting for all output: 1
hadd Source file 1: ./a7062d91-1e30-4544-a661-72c166f1a4a6_Skim.root
hadd Sources and Target have different compression levels
hadd merging will be slower
hadd Target path: tree.root:/
Will write selected trees to .
Pre-select 70093 entries out of 70093 (100.00%)
Processed    10000/   70093 entries, 14.27% (elapsed time   700.7s, curr speed    0.014 kHz, avg speed    0.014 kHz), accepted     9456/   10001 events (94.55%)
Processed    20000/   70093 entries, 28.53% (elapsed time  1400.2s, curr speed    0.014 kHz, avg speed    0.014 kHz), accepted    18907/   20001 events (94.53%)
Processed    30000/   70093 entries, 42.80% (elapsed time  2067.0s, curr speed    0.015 kHz, avg speed    0.015 kHz), accepted    28338/   30001 events (94.46%)
Processed    40000/   70093 entries, 57.07% (elapsed time  2719.8s, curr speed    0.015 kHz, avg speed    0.015 kHz), accepted    37788/   40001 events (94.47%)
Processed    50000/   70093 entries, 71.33% (elapsed time  3420.4s, curr speed    0.014 kHz, avg speed    0.015 kHz), accepted    47260/   50001 events (94.52%)
Processed    60000/   70093 entries, 85.60% (elapsed time  4078.2s, curr speed    0.015 kHz, avg speed    0.015 kHz), accepted    56751/   60001 events (94.58%)
Processed    70000/   70093 entries, 99.87% (elapsed time  4836.8s, curr speed    0.013 kHz, avg speed    0.014 kHz), accepted    66208/   70001 events (94.58%)
Processed 70093 preselected entries from root://cms-xrd-global.cern.ch//store/mc/Run3Summer22NanoAODv12/Zto2Nu-4Jets_HT-400to800_TuneCP5_13p6TeV_madgraphMLM-pythia8/NANOAODSIM/130X_mcRun3_2022_realistic_v5-v2/2530000/a7062d91-1e30-4544-a661-72c166f1a4a6.root (70093 entries). Finally selected 66292 entries
Done ./a7062d91-1e30-4544-a661-72c166f1a4a6_Skim.root
Total time 5090.4 sec. to process 70093 events. Rate = 13.8 Hz.
DONE
/tmp/lfavilla/ZJetsToNuNu_HT400to800_2022/file61
hadd Target file: tree_hadd_61.root
hadd compression setting for all output: 1
hadd Source file 1: tree.root
hadd Source file 2: hist.root
hadd Target path: tree_hadd_61.root:/
hadd Target path: tree_hadd_61.root:/plots
/tmp/lfavilla/ZJetsToNuNu_HT400to800_2022/file61
