Standalone environment set.
/tmp/lfavilla/ZJetsToNuNu_HT400to800_2022/file5
hadd Target file: tree.root
hadd compression setting for all output: 1
hadd Source file 1: ./01416cff-00dd-4916-adb4-ce121ea8c6cd_Skim.root
hadd Sources and Target have different compression levels
hadd merging will be slower
hadd Target path: tree.root:/
Will write selected trees to .
Pre-select 30049 entries out of 30049 (100.00%)
Processed    10000/   30049 entries, 33.28% (elapsed time   633.9s, curr speed    0.016 kHz, avg speed    0.016 kHz), accepted     9437/   10001 events (94.36%)
Processed    20000/   30049 entries, 66.56% (elapsed time  1164.5s, curr speed    0.019 kHz, avg speed    0.017 kHz), accepted    18908/   20001 events (94.54%)
Processed    30000/   30049 entries, 99.84% (elapsed time  1807.1s, curr speed    0.016 kHz, avg speed    0.017 kHz), accepted    28332/   30001 events (94.44%)
Processed 30049 preselected entries from root://cms-xrd-global.cern.ch//store/mc/Run3Summer22NanoAODv12/Zto2Nu-4Jets_HT-400to800_TuneCP5_13p6TeV_madgraphMLM-pythia8/NANOAODSIM/130X_mcRun3_2022_realistic_v5-v2/2540000/01416cff-00dd-4916-adb4-ce121ea8c6cd.root (30049 entries). Finally selected 28379 entries
Done ./01416cff-00dd-4916-adb4-ce121ea8c6cd_Skim.root
Total time 1932.4 sec. to process 30049 events. Rate = 15.5 Hz.
DONE
/tmp/lfavilla/ZJetsToNuNu_HT400to800_2022/file5
hadd Target file: tree_hadd_5.root
hadd compression setting for all output: 1
hadd Source file 1: tree.root
hadd Source file 2: hist.root
hadd Target path: tree_hadd_5.root:/
hadd Target path: tree_hadd_5.root:/plots
/tmp/lfavilla/ZJetsToNuNu_HT400to800_2022/file5
