Standalone environment set.
/tmp/lfavilla/ZJetsToNuNu_HT400to800_2022/file42
hadd Target file: tree.root
hadd compression setting for all output: 1
hadd Source file 1: ./f89a867d-7b77-4f5b-97a3-d580d4e16c5d_Skim.root
hadd Sources and Target have different compression levels
hadd merging will be slower
hadd Target path: tree.root:/
Will write selected trees to .
Pre-select 152482 entries out of 152482 (100.00%)
Processed    10000/  152482 entries,  6.56% (elapsed time   730.5s, curr speed    0.014 kHz, avg speed    0.014 kHz), accepted     9450/   10001 events (94.49%)
Processed    20000/  152482 entries, 13.12% (elapsed time  1435.8s, curr speed    0.014 kHz, avg speed    0.014 kHz), accepted    18934/   20001 events (94.67%)
Processed    30000/  152482 entries, 19.67% (elapsed time  2159.7s, curr speed    0.014 kHz, avg speed    0.014 kHz), accepted    28366/   30001 events (94.55%)
Processed    40000/  152482 entries, 26.23% (elapsed time  2860.0s, curr speed    0.014 kHz, avg speed    0.014 kHz), accepted    37824/   40001 events (94.56%)
Processed    50000/  152482 entries, 32.79% (elapsed time  3575.3s, curr speed    0.014 kHz, avg speed    0.014 kHz), accepted    47294/   50001 events (94.59%)
Processed    60000/  152482 entries, 39.35% (elapsed time  4272.0s, curr speed    0.014 kHz, avg speed    0.014 kHz), accepted    56739/   60001 events (94.56%)
Processed    70000/  152482 entries, 45.91% (elapsed time  4995.9s, curr speed    0.014 kHz, avg speed    0.014 kHz), accepted    66153/   70001 events (94.50%)
Processed    80000/  152482 entries, 52.47% (elapsed time  5700.4s, curr speed    0.014 kHz, avg speed    0.014 kHz), accepted    75604/   80001 events (94.50%)
Processed    90000/  152482 entries, 59.02% (elapsed time  6456.1s, curr speed    0.013 kHz, avg speed    0.014 kHz), accepted    85079/   90001 events (94.53%)
Processed   100000/  152482 entries, 65.58% (elapsed time  7131.1s, curr speed    0.015 kHz, avg speed    0.014 kHz), accepted    94557/  100001 events (94.56%)
Processed   110000/  152482 entries, 72.14% (elapsed time  7820.5s, curr speed    0.015 kHz, avg speed    0.014 kHz), accepted   104052/  110001 events (94.59%)
Processed   120000/  152482 entries, 78.70% (elapsed time  8476.7s, curr speed    0.015 kHz, avg speed    0.014 kHz), accepted   113526/  120001 events (94.60%)
Processed   130000/  152482 entries, 85.26% (elapsed time  9154.9s, curr speed    0.015 kHz, avg speed    0.014 kHz), accepted   123011/  130001 events (94.62%)
Processed   140000/  152482 entries, 91.81% (elapsed time  9795.2s, curr speed    0.016 kHz, avg speed    0.014 kHz), accepted   132458/  140001 events (94.61%)
Processed   150000/  152482 entries, 98.37% (elapsed time 10442.6s, curr speed    0.015 kHz, avg speed    0.014 kHz), accepted   141919/  150001 events (94.61%)
Processed 152482 preselected entries from root://cms-xrd-global.cern.ch//store/mc/Run3Summer22NanoAODv12/Zto2Nu-4Jets_HT-400to800_TuneCP5_13p6TeV_madgraphMLM-pythia8/NANOAODSIM/130X_mcRun3_2022_realistic_v5-v2/30000/f89a867d-7b77-4f5b-97a3-d580d4e16c5d.root (152482 entries). Finally selected 144258 entries
Done ./f89a867d-7b77-4f5b-97a3-d580d4e16c5d_Skim.root
Total time 11208.6 sec. to process 152482 events. Rate = 13.6 Hz.
DONE
/tmp/lfavilla/ZJetsToNuNu_HT400to800_2022/file42
hadd Target file: tree_hadd_42.root
hadd compression setting for all output: 1
hadd Source file 1: tree.root
hadd Source file 2: hist.root
hadd Target path: tree_hadd_42.root:/
hadd Target path: tree_hadd_42.root:/plots
/tmp/lfavilla/ZJetsToNuNu_HT400to800_2022/file42
