Standalone environment set.
/tmp/lfavilla/ZJetsToNuNu_HT400to800_2022/file70
hadd Target file: tree.root
hadd compression setting for all output: 1
hadd Source file 1: ./cbcf5757-07bb-44bd-81a4-7877aec130e7_Skim.root
hadd Sources and Target have different compression levels
hadd merging will be slower
hadd Target path: tree.root:/
Will write selected trees to .
Pre-select 5075 entries out of 5075 (100.00%)
Processed 5075 preselected entries from root://cms-xrd-global.cern.ch//store/mc/Run3Summer22NanoAODv12/Zto2Nu-4Jets_HT-400to800_TuneCP5_13p6TeV_madgraphMLM-pythia8/NANOAODSIM/130X_mcRun3_2022_realistic_v5-v2/2530000/cbcf5757-07bb-44bd-81a4-7877aec130e7.root (5075 entries). Finally selected 4803 entries
Done ./cbcf5757-07bb-44bd-81a4-7877aec130e7_Skim.root
Total time 693.9 sec. to process 5075 events. Rate = 7.3 Hz.
DONE
/tmp/lfavilla/ZJetsToNuNu_HT400to800_2022/file70
hadd Target file: tree_hadd_70.root
hadd compression setting for all output: 1
hadd Source file 1: tree.root
hadd Source file 2: hist.root
hadd Target path: tree_hadd_70.root:/
hadd Target path: tree_hadd_70.root:/plots
/tmp/lfavilla/ZJetsToNuNu_HT400to800_2022/file70
