Standalone environment set.
/tmp/lfavilla/ZJetsToNuNu_HT400to800_2022/file48
hadd Target file: tree.root
hadd compression setting for all output: 1
hadd Source file 1: ./b047b182-49ed-487c-a30f-5b700631e57b_Skim.root
hadd Sources and Target have different compression levels
hadd merging will be slower
hadd Target path: tree.root:/
Will write selected trees to .
Pre-select 22534 entries out of 22534 (100.00%)
Processed    10000/   22534 entries, 44.38% (elapsed time   714.6s, curr speed    0.014 kHz, avg speed    0.014 kHz), accepted     9435/   10001 events (94.34%)
Processed    20000/   22534 entries, 88.75% (elapsed time  1391.2s, curr speed    0.015 kHz, avg speed    0.014 kHz), accepted    18863/   20001 events (94.31%)
Processed 22534 preselected entries from root://cms-xrd-global.cern.ch//store/mc/Run3Summer22NanoAODv12/Zto2Nu-4Jets_HT-400to800_TuneCP5_13p6TeV_madgraphMLM-pythia8/NANOAODSIM/130X_mcRun3_2022_realistic_v5-v2/30000/b047b182-49ed-487c-a30f-5b700631e57b.root (22534 entries). Finally selected 21260 entries
Done ./b047b182-49ed-487c-a30f-5b700631e57b_Skim.root
Total time 1673.2 sec. to process 22534 events. Rate = 13.5 Hz.
DONE
/tmp/lfavilla/ZJetsToNuNu_HT400to800_2022/file48
hadd Target file: tree_hadd_48.root
hadd compression setting for all output: 1
hadd Source file 1: tree.root
hadd Source file 2: hist.root
hadd Target path: tree_hadd_48.root:/
hadd Target path: tree_hadd_48.root:/plots
/tmp/lfavilla/ZJetsToNuNu_HT400to800_2022/file48
