Standalone environment set.
/tmp/lfavilla/ZJetsToNuNu_HT400to800_2022/file55
hadd Target file: tree.root
hadd compression setting for all output: 1
hadd Source file 1: ./f1098a8a-bee9-4239-b57f-9cfa003d28e2_Skim.root
hadd Sources and Target have different compression levels
hadd merging will be slower
hadd Target path: tree.root:/
Will write selected trees to .
Pre-select 567 entries out of 567 (100.00%)
Processed 567 preselected entries from root://cms-xrd-global.cern.ch//store/mc/Run3Summer22NanoAODv12/Zto2Nu-4Jets_HT-400to800_TuneCP5_13p6TeV_madgraphMLM-pythia8/NANOAODSIM/130X_mcRun3_2022_realistic_v5-v2/2530000/f1098a8a-bee9-4239-b57f-9cfa003d28e2.root (567 entries). Finally selected 531 entries
Done ./f1098a8a-bee9-4239-b57f-9cfa003d28e2_Skim.root
Total time 165.3 sec. to process 567 events. Rate = 3.4 Hz.
DONE
/tmp/lfavilla/ZJetsToNuNu_HT400to800_2022/file55
hadd Target file: tree_hadd_55.root
hadd compression setting for all output: 1
hadd Source file 1: tree.root
hadd Source file 2: hist.root
hadd Target path: tree_hadd_55.root:/
hadd Target path: tree_hadd_55.root:/plots
/tmp/lfavilla/ZJetsToNuNu_HT400to800_2022/file55
