Standalone environment set.
/tmp/lfavilla/ZJetsToNuNu_HT400to800_2022/file30
hadd Target file: tree.root
hadd compression setting for all output: 1
hadd Source file 1: ./34f3e6d4-adf1-447d-a304-f163fdf5e0e3_Skim.root
hadd Sources and Target have different compression levels
hadd merging will be slower
hadd Target path: tree.root:/
Will write selected trees to .
Pre-select 19594 entries out of 19594 (100.00%)
Processed    10000/   19594 entries, 51.04% (elapsed time   698.2s, curr speed    0.014 kHz, avg speed    0.014 kHz), accepted     9442/   10001 events (94.41%)
Processed 19594 preselected entries from root://cms-xrd-global.cern.ch//store/mc/Run3Summer22NanoAODv12/Zto2Nu-4Jets_HT-400to800_TuneCP5_13p6TeV_madgraphMLM-pythia8/NANOAODSIM/130X_mcRun3_2022_realistic_v5-v2/30000/34f3e6d4-adf1-447d-a304-f163fdf5e0e3.root (19594 entries). Finally selected 18482 entries
Done ./34f3e6d4-adf1-447d-a304-f163fdf5e0e3_Skim.root
Total time 1400.3 sec. to process 19594 events. Rate = 14.0 Hz.
DONE
/tmp/lfavilla/ZJetsToNuNu_HT400to800_2022/file30
hadd Target file: tree_hadd_30.root
hadd compression setting for all output: 1
hadd Source file 1: tree.root
hadd Source file 2: hist.root
hadd Target path: tree_hadd_30.root:/
hadd Target path: tree_hadd_30.root:/plots
/tmp/lfavilla/ZJetsToNuNu_HT400to800_2022/file30
