Standalone environment set.
/tmp/lfavilla/ZJetsToNuNu_HT2500_2022/file27
hadd Target file: tree.root
hadd compression setting for all output: 1
hadd Source file 1: ./ebc9bbf6-0461-4b61-9473-b000a905649d_Skim.root
hadd Sources and Target have different compression levels
hadd merging will be slower
hadd Target path: tree.root:/
Will write selected trees to .
Pre-select 113836 entries out of 113836 (100.00%)
Processed    10000/  113836 entries,  8.78% (elapsed time   910.5s, curr speed    0.011 kHz, avg speed    0.011 kHz), accepted     9605/   10001 events (96.04%)
Processed    20000/  113836 entries, 17.57% (elapsed time  1833.4s, curr speed    0.011 kHz, avg speed    0.011 kHz), accepted    19174/   20001 events (95.87%)
Processed    30000/  113836 entries, 26.35% (elapsed time  2735.9s, curr speed    0.011 kHz, avg speed    0.011 kHz), accepted    28737/   30001 events (95.79%)
Processed    40000/  113836 entries, 35.14% (elapsed time  3558.2s, curr speed    0.012 kHz, avg speed    0.011 kHz), accepted    38360/   40001 events (95.90%)
Processed    50000/  113836 entries, 43.92% (elapsed time  4405.6s, curr speed    0.012 kHz, avg speed    0.011 kHz), accepted    47958/   50001 events (95.91%)
Processed    60000/  113836 entries, 52.71% (elapsed time  5290.2s, curr speed    0.011 kHz, avg speed    0.011 kHz), accepted    57553/   60001 events (95.92%)
Processed    70000/  113836 entries, 61.49% (elapsed time  6167.9s, curr speed    0.011 kHz, avg speed    0.011 kHz), accepted    67130/   70001 events (95.90%)
Processed    80000/  113836 entries, 70.28% (elapsed time  7060.4s, curr speed    0.011 kHz, avg speed    0.011 kHz), accepted    76734/   80001 events (95.92%)
Processed    90000/  113836 entries, 79.06% (elapsed time  7959.9s, curr speed    0.011 kHz, avg speed    0.011 kHz), accepted    86350/   90001 events (95.94%)
Processed   100000/  113836 entries, 87.85% (elapsed time  8813.2s, curr speed    0.012 kHz, avg speed    0.011 kHz), accepted    95965/  100001 events (95.96%)
Processed   110000/  113836 entries, 96.63% (elapsed time  9616.2s, curr speed    0.012 kHz, avg speed    0.011 kHz), accepted   105541/  110001 events (95.95%)
Processed 113836 preselected entries from root://cms-xrd-global.cern.ch//store/mc/Run3Summer22NanoAODv12/Zto2Nu-4Jets_HT-2500_TuneCP5_13p6TeV_madgraphMLM-pythia8/NANOAODSIM/130X_mcRun3_2022_realistic_v5-v2/40000/ebc9bbf6-0461-4b61-9473-b000a905649d.root (113836 entries). Finally selected 109232 entries
Done ./ebc9bbf6-0461-4b61-9473-b000a905649d_Skim.root
Total time 10735.3 sec. to process 113836 events. Rate = 10.6 Hz.
DONE
/tmp/lfavilla/ZJetsToNuNu_HT2500_2022/file27
hadd Target file: tree_hadd_27.root
hadd compression setting for all output: 1
hadd Source file 1: tree.root
hadd Source file 2: hist.root
hadd Target path: tree_hadd_27.root:/
hadd Target path: tree_hadd_27.root:/plots
/tmp/lfavilla/ZJetsToNuNu_HT2500_2022/file27
