Standalone environment set.
/tmp/lfavilla/ZJetsToNuNu_HT2500_2022/file23
hadd Target file: tree.root
hadd compression setting for all output: 1
hadd Source file 1: ./106f7bb2-e6de-419c-b856-ca9920eaea63_Skim.root
hadd Sources and Target have different compression levels
hadd merging will be slower
hadd Target path: tree.root:/
Will write selected trees to .
Pre-select 862 entries out of 862 (100.00%)
Processed 862 preselected entries from root://cms-xrd-global.cern.ch//store/mc/Run3Summer22NanoAODv12/Zto2Nu-4Jets_HT-2500_TuneCP5_13p6TeV_madgraphMLM-pythia8/NANOAODSIM/130X_mcRun3_2022_realistic_v5-v2/2520000/106f7bb2-e6de-419c-b856-ca9920eaea63.root (862 entries). Finally selected 821 entries
Done ./106f7bb2-e6de-419c-b856-ca9920eaea63_Skim.root
Total time 63.0 sec. to process 862 events. Rate = 13.7 Hz.
DONE
/tmp/lfavilla/ZJetsToNuNu_HT2500_2022/file23
hadd Target file: tree_hadd_23.root
hadd compression setting for all output: 1
hadd Source file 1: tree.root
hadd Source file 2: hist.root
hadd Target path: tree_hadd_23.root:/
hadd Target path: tree_hadd_23.root:/plots
/tmp/lfavilla/ZJetsToNuNu_HT2500_2022/file23
