Standalone environment set.
/tmp/lfavilla/ZJetsToNuNu_HT2500_2022/file11
hadd Target file: tree.root
hadd compression setting for all output: 1
hadd Source file 1: ./f258f692-c580-4432-bbb3-b7e99525dd8e_Skim.root
hadd Sources and Target have different compression levels
hadd merging will be slower
hadd Target path: tree.root:/
Will write selected trees to .
Pre-select 2130 entries out of 2130 (100.00%)
Processed 2130 preselected entries from root://cms-xrd-global.cern.ch//store/mc/Run3Summer22NanoAODv12/Zto2Nu-4Jets_HT-2500_TuneCP5_13p6TeV_madgraphMLM-pythia8/NANOAODSIM/130X_mcRun3_2022_realistic_v5-v2/2520000/f258f692-c580-4432-bbb3-b7e99525dd8e.root (2130 entries). Finally selected 2033 entries
Done ./f258f692-c580-4432-bbb3-b7e99525dd8e_Skim.root
Total time 126.8 sec. to process 2130 events. Rate = 16.8 Hz.
DONE
/tmp/lfavilla/ZJetsToNuNu_HT2500_2022/file11
hadd Target file: tree_hadd_11.root
hadd compression setting for all output: 1
hadd Source file 1: tree.root
hadd Source file 2: hist.root
hadd Target path: tree_hadd_11.root:/
hadd Target path: tree_hadd_11.root:/plots
/tmp/lfavilla/ZJetsToNuNu_HT2500_2022/file11
