Standalone environment set.
/tmp/lfavilla/ZJetsToNuNu_HT2500_2022/file22
hadd Target file: tree.root
hadd compression setting for all output: 1
hadd Source file 1: ./fb26404a-98bf-45e4-ba50-2c1fec117aa6_Skim.root
hadd Sources and Target have different compression levels
hadd merging will be slower
hadd Target path: tree.root:/
Will write selected trees to .
Pre-select 1335 entries out of 1335 (100.00%)
Processed 1335 preselected entries from root://cms-xrd-global.cern.ch//store/mc/Run3Summer22NanoAODv12/Zto2Nu-4Jets_HT-2500_TuneCP5_13p6TeV_madgraphMLM-pythia8/NANOAODSIM/130X_mcRun3_2022_realistic_v5-v2/2520000/fb26404a-98bf-45e4-ba50-2c1fec117aa6.root (1335 entries). Finally selected 1273 entries
Done ./fb26404a-98bf-45e4-ba50-2c1fec117aa6_Skim.root
Total time 241.2 sec. to process 1335 events. Rate = 5.5 Hz.
DONE
/tmp/lfavilla/ZJetsToNuNu_HT2500_2022/file22
hadd Target file: tree_hadd_22.root
hadd compression setting for all output: 1
hadd Source file 1: tree.root
hadd Source file 2: hist.root
hadd Target path: tree_hadd_22.root:/
hadd Target path: tree_hadd_22.root:/plots
/tmp/lfavilla/ZJetsToNuNu_HT2500_2022/file22
