Standalone environment set.
/tmp/lfavilla/ZJetsToNuNu_HT2500_2022/file28
hadd Target file: tree.root
hadd compression setting for all output: 1
hadd Source file 1: ./ada65225-6510-4590-946d-dd9b687667f3_Skim.root
hadd Sources and Target have different compression levels
hadd merging will be slower
hadd Target path: tree.root:/
Will write selected trees to .
Pre-select 20768 entries out of 20768 (100.00%)
Processed    10000/   20768 entries, 48.15% (elapsed time   534.6s, curr speed    0.019 kHz, avg speed    0.019 kHz), accepted     9597/   10001 events (95.96%)
Processed    20000/   20768 entries, 96.30% (elapsed time  1070.2s, curr speed    0.019 kHz, avg speed    0.019 kHz), accepted    19167/   20001 events (95.83%)
Processed 20768 preselected entries from root://cms-xrd-global.cern.ch//store/mc/Run3Summer22NanoAODv12/Zto2Nu-4Jets_HT-2500_TuneCP5_13p6TeV_madgraphMLM-pythia8/NANOAODSIM/130X_mcRun3_2022_realistic_v5-v2/40000/ada65225-6510-4590-946d-dd9b687667f3.root (20768 entries). Finally selected 19899 entries
Done ./ada65225-6510-4590-946d-dd9b687667f3_Skim.root
Total time 1198.8 sec. to process 20768 events. Rate = 17.3 Hz.
DONE
/tmp/lfavilla/ZJetsToNuNu_HT2500_2022/file28
hadd Target file: tree_hadd_28.root
hadd compression setting for all output: 1
hadd Source file 1: tree.root
hadd Source file 2: hist.root
hadd Target path: tree_hadd_28.root:/
hadd Target path: tree_hadd_28.root:/plots
/tmp/lfavilla/ZJetsToNuNu_HT2500_2022/file28
