Standalone environment set.
/tmp/lfavilla/ZJetsToNuNu_HT2500_2022/file29
hadd Target file: tree.root
hadd compression setting for all output: 1
hadd Source file 1: ./24c28cc9-e3d4-478d-be7a-5d6701e9c355_Skim.root
hadd Sources and Target have different compression levels
hadd merging will be slower
hadd Target path: tree.root:/
Will write selected trees to .
Pre-select 17238 entries out of 17238 (100.00%)
Processed    10000/   17238 entries, 58.01% (elapsed time   478.6s, curr speed    0.021 kHz, avg speed    0.021 kHz), accepted     9576/   10001 events (95.75%)
Processed 17238 preselected entries from root://cms-xrd-global.cern.ch//store/mc/Run3Summer22NanoAODv12/Zto2Nu-4Jets_HT-2500_TuneCP5_13p6TeV_madgraphMLM-pythia8/NANOAODSIM/130X_mcRun3_2022_realistic_v5-v2/40000/24c28cc9-e3d4-478d-be7a-5d6701e9c355.root (17238 entries). Finally selected 16532 entries
Done ./24c28cc9-e3d4-478d-be7a-5d6701e9c355_Skim.root
Total time 900.2 sec. to process 17238 events. Rate = 19.1 Hz.
DONE
/tmp/lfavilla/ZJetsToNuNu_HT2500_2022/file29
hadd Target file: tree_hadd_29.root
hadd compression setting for all output: 1
hadd Source file 1: tree.root
hadd Source file 2: hist.root
hadd Target path: tree_hadd_29.root:/
hadd Target path: tree_hadd_29.root:/plots
/tmp/lfavilla/ZJetsToNuNu_HT2500_2022/file29
