Standalone environment set.
/tmp/lfavilla/ZJetsToNuNu_HT2500_2022/file13
hadd Target file: tree.root
hadd compression setting for all output: 1
hadd Source file 1: ./925c74a7-a216-4289-be6a-ad7d26c8ef12_Skim.root
hadd Sources and Target have different compression levels
hadd merging will be slower
hadd Target path: tree.root:/
Will write selected trees to .
Pre-select 464 entries out of 464 (100.00%)
Processed 464 preselected entries from root://cms-xrd-global.cern.ch//store/mc/Run3Summer22NanoAODv12/Zto2Nu-4Jets_HT-2500_TuneCP5_13p6TeV_madgraphMLM-pythia8/NANOAODSIM/130X_mcRun3_2022_realistic_v5-v2/2520000/925c74a7-a216-4289-be6a-ad7d26c8ef12.root (464 entries). Finally selected 447 entries
Done ./925c74a7-a216-4289-be6a-ad7d26c8ef12_Skim.root
Total time 117.1 sec. to process 464 events. Rate = 4.0 Hz.
DONE
/tmp/lfavilla/ZJetsToNuNu_HT2500_2022/file13
hadd Target file: tree_hadd_13.root
hadd compression setting for all output: 1
hadd Source file 1: tree.root
hadd Source file 2: hist.root
hadd Target path: tree_hadd_13.root:/
hadd Target path: tree_hadd_13.root:/plots
/tmp/lfavilla/ZJetsToNuNu_HT2500_2022/file13
