Standalone environment set.
/tmp/lfavilla/ZJetsToNuNu_HT2500_2022/file19
hadd Target file: tree.root
hadd compression setting for all output: 1
hadd Source file 1: ./08c9add2-b78f-4d31-b58a-316ff8803f17_Skim.root
hadd Sources and Target have different compression levels
hadd merging will be slower
hadd Target path: tree.root:/
Will write selected trees to .
Pre-select 3415 entries out of 3415 (100.00%)
Processed 3415 preselected entries from root://cms-xrd-global.cern.ch//store/mc/Run3Summer22NanoAODv12/Zto2Nu-4Jets_HT-2500_TuneCP5_13p6TeV_madgraphMLM-pythia8/NANOAODSIM/130X_mcRun3_2022_realistic_v5-v2/40000/08c9add2-b78f-4d31-b58a-316ff8803f17.root (3415 entries). Finally selected 3296 entries
Done ./08c9add2-b78f-4d31-b58a-316ff8803f17_Skim.root
Total time 264.5 sec. to process 3415 events. Rate = 12.9 Hz.
DONE
/tmp/lfavilla/ZJetsToNuNu_HT2500_2022/file19
hadd Target file: tree_hadd_19.root
hadd compression setting for all output: 1
hadd Source file 1: tree.root
hadd Source file 2: hist.root
hadd Target path: tree_hadd_19.root:/
hadd Target path: tree_hadd_19.root:/plots
/tmp/lfavilla/ZJetsToNuNu_HT2500_2022/file19
