Standalone environment set.
/tmp/lfavilla/ZJetsToNuNu_HT2500_2022/file16
hadd Target file: tree.root
hadd compression setting for all output: 1
hadd Source file 1: ./72211897-d8dc-4288-b4aa-69c55b7ceb83_Skim.root
hadd Sources and Target have different compression levels
hadd merging will be slower
hadd Target path: tree.root:/
Will write selected trees to .
Pre-select 11528 entries out of 11528 (100.00%)
Processed    10000/   11528 entries, 86.75% (elapsed time   513.7s, curr speed    0.019 kHz, avg speed    0.019 kHz), accepted     9589/   10001 events (95.88%)
Processed 11528 preselected entries from root://cms-xrd-global.cern.ch//store/mc/Run3Summer22NanoAODv12/Zto2Nu-4Jets_HT-2500_TuneCP5_13p6TeV_madgraphMLM-pythia8/NANOAODSIM/130X_mcRun3_2022_realistic_v5-v2/40000/72211897-d8dc-4288-b4aa-69c55b7ceb83.root (11528 entries). Finally selected 11055 entries
Done ./72211897-d8dc-4288-b4aa-69c55b7ceb83_Skim.root
Total time 635.0 sec. to process 11528 events. Rate = 18.2 Hz.
DONE
/tmp/lfavilla/ZJetsToNuNu_HT2500_2022/file16
hadd Target file: tree_hadd_16.root
hadd compression setting for all output: 1
hadd Source file 1: tree.root
hadd Source file 2: hist.root
hadd Target path: tree_hadd_16.root:/
hadd Target path: tree_hadd_16.root:/plots
/tmp/lfavilla/ZJetsToNuNu_HT2500_2022/file16
