Standalone environment set.
/tmp/lfavilla/ZJetsToNuNu_HT2500_2022/file12
hadd Target file: tree.root
hadd compression setting for all output: 1
hadd Source file 1: ./fd7ae60c-aa40-44a5-97e2-3c752a437006_Skim.root
hadd Sources and Target have different compression levels
hadd merging will be slower
hadd Target path: tree.root:/
Will write selected trees to .
Pre-select 1318 entries out of 1318 (100.00%)
Processed 1318 preselected entries from root://cms-xrd-global.cern.ch//store/mc/Run3Summer22NanoAODv12/Zto2Nu-4Jets_HT-2500_TuneCP5_13p6TeV_madgraphMLM-pythia8/NANOAODSIM/130X_mcRun3_2022_realistic_v5-v2/2520000/fd7ae60c-aa40-44a5-97e2-3c752a437006.root (1318 entries). Finally selected 1246 entries
Done ./fd7ae60c-aa40-44a5-97e2-3c752a437006_Skim.root
Total time 69.0 sec. to process 1318 events. Rate = 19.1 Hz.
DONE
/tmp/lfavilla/ZJetsToNuNu_HT2500_2022/file12
hadd Target file: tree_hadd_12.root
hadd compression setting for all output: 1
hadd Source file 1: tree.root
hadd Source file 2: hist.root
hadd Target path: tree_hadd_12.root:/
hadd Target path: tree_hadd_12.root:/plots
/tmp/lfavilla/ZJetsToNuNu_HT2500_2022/file12
