Standalone environment set.
/tmp/lfavilla/ZJetsToNuNu_HT2500_2022/file15
hadd Target file: tree.root
hadd compression setting for all output: 1
hadd Source file 1: ./23f8e884-616f-448c-bb69-a956759544b9_Skim.root
hadd Sources and Target have different compression levels
hadd merging will be slower
hadd Target path: tree.root:/
Will write selected trees to .
Pre-select 6241 entries out of 6241 (100.00%)
Processed 6241 preselected entries from root://cms-xrd-global.cern.ch//store/mc/Run3Summer22NanoAODv12/Zto2Nu-4Jets_HT-2500_TuneCP5_13p6TeV_madgraphMLM-pythia8/NANOAODSIM/130X_mcRun3_2022_realistic_v5-v2/2520000/23f8e884-616f-448c-bb69-a956759544b9.root (6241 entries). Finally selected 5968 entries
Done ./23f8e884-616f-448c-bb69-a956759544b9_Skim.root
Total time 582.3 sec. to process 6241 events. Rate = 10.7 Hz.
DONE
/tmp/lfavilla/ZJetsToNuNu_HT2500_2022/file15
hadd Target file: tree_hadd_15.root
hadd compression setting for all output: 1
hadd Source file 1: tree.root
hadd Source file 2: hist.root
hadd Target path: tree_hadd_15.root:/
hadd Target path: tree_hadd_15.root:/plots
/tmp/lfavilla/ZJetsToNuNu_HT2500_2022/file15
