Standalone environment set.
/tmp/lfavilla/ZJetsToNuNu_HT2500_2022/file21
hadd Target file: tree.root
hadd compression setting for all output: 1
hadd Source file 1: ./d2a2c99c-1b51-4446-8fb3-e76131ef703a_Skim.root
hadd Sources and Target have different compression levels
hadd merging will be slower
hadd Target path: tree.root:/
Will write selected trees to .
Pre-select 872 entries out of 872 (100.00%)
Processed 872 preselected entries from root://cms-xrd-global.cern.ch//store/mc/Run3Summer22NanoAODv12/Zto2Nu-4Jets_HT-2500_TuneCP5_13p6TeV_madgraphMLM-pythia8/NANOAODSIM/130X_mcRun3_2022_realistic_v5-v2/2520000/d2a2c99c-1b51-4446-8fb3-e76131ef703a.root (872 entries). Finally selected 843 entries
Done ./d2a2c99c-1b51-4446-8fb3-e76131ef703a_Skim.root
Total time 47.7 sec. to process 872 events. Rate = 18.3 Hz.
DONE
/tmp/lfavilla/ZJetsToNuNu_HT2500_2022/file21
hadd Target file: tree_hadd_21.root
hadd compression setting for all output: 1
hadd Source file 1: tree.root
hadd Source file 2: hist.root
hadd Target path: tree_hadd_21.root:/
hadd Target path: tree_hadd_21.root:/plots
/tmp/lfavilla/ZJetsToNuNu_HT2500_2022/file21
