Standalone environment set.
/tmp/lfavilla/ZJetsToNuNu_HT2500_2022/file25
hadd Target file: tree.root
hadd compression setting for all output: 1
hadd Source file 1: ./6c2d0089-1e98-46fd-96b5-906f3784c20b_Skim.root
hadd Sources and Target have different compression levels
hadd merging will be slower
hadd Target path: tree.root:/
Will write selected trees to .
Pre-select 41596 entries out of 41596 (100.00%)
Processed    10000/   41596 entries, 24.04% (elapsed time   446.4s, curr speed    0.022 kHz, avg speed    0.022 kHz), accepted     9606/   10001 events (96.05%)
Processed    20000/   41596 entries, 48.08% (elapsed time   901.3s, curr speed    0.022 kHz, avg speed    0.022 kHz), accepted    19218/   20001 events (96.09%)
Processed    30000/   41596 entries, 72.12% (elapsed time  1341.8s, curr speed    0.023 kHz, avg speed    0.022 kHz), accepted    28804/   30001 events (96.01%)
Processed    40000/   41596 entries, 96.16% (elapsed time  1790.1s, curr speed    0.022 kHz, avg speed    0.022 kHz), accepted    38390/   40001 events (95.97%)
Processed 41596 preselected entries from root://cms-xrd-global.cern.ch//store/mc/Run3Summer22NanoAODv12/Zto2Nu-4Jets_HT-2500_TuneCP5_13p6TeV_madgraphMLM-pythia8/NANOAODSIM/130X_mcRun3_2022_realistic_v5-v2/2520000/6c2d0089-1e98-46fd-96b5-906f3784c20b.root (41596 entries). Finally selected 39920 entries
Done ./6c2d0089-1e98-46fd-96b5-906f3784c20b_Skim.root
Total time 1999.9 sec. to process 41596 events. Rate = 20.8 Hz.
DONE
/tmp/lfavilla/ZJetsToNuNu_HT2500_2022/file25
hadd Target file: tree_hadd_25.root
hadd compression setting for all output: 1
hadd Source file 1: tree.root
hadd Source file 2: hist.root
hadd Target path: tree_hadd_25.root:/
hadd Target path: tree_hadd_25.root:/plots
/tmp/lfavilla/ZJetsToNuNu_HT2500_2022/file25
