Standalone environment set.
/tmp/lfavilla/ZJetsToNuNu_HT2500_2022/file17
hadd Target file: tree.root
hadd compression setting for all output: 1
hadd Source file 1: ./bf79f07d-7eeb-4e86-ac14-b5e8493cb6d4_Skim.root
hadd Sources and Target have different compression levels
hadd merging will be slower
hadd Target path: tree.root:/
Will write selected trees to .
Pre-select 35085 entries out of 35085 (100.00%)
Processed    10000/   35085 entries, 28.50% (elapsed time   473.3s, curr speed    0.021 kHz, avg speed    0.021 kHz), accepted     9551/   10001 events (95.50%)
Processed    20000/   35085 entries, 57.00% (elapsed time   930.6s, curr speed    0.022 kHz, avg speed    0.021 kHz), accepted    19093/   20001 events (95.46%)
Processed    30000/   35085 entries, 85.51% (elapsed time  1419.9s, curr speed    0.020 kHz, avg speed    0.021 kHz), accepted    28670/   30001 events (95.56%)
Processed 35085 preselected entries from root://cms-xrd-global.cern.ch//store/mc/Run3Summer22NanoAODv12/Zto2Nu-4Jets_HT-2500_TuneCP5_13p6TeV_madgraphMLM-pythia8/NANOAODSIM/130X_mcRun3_2022_realistic_v5-v2/40000/bf79f07d-7eeb-4e86-ac14-b5e8493cb6d4.root (35085 entries). Finally selected 33535 entries
Done ./bf79f07d-7eeb-4e86-ac14-b5e8493cb6d4_Skim.root
Total time 1796.0 sec. to process 35085 events. Rate = 19.5 Hz.
DONE
/tmp/lfavilla/ZJetsToNuNu_HT2500_2022/file17
hadd Target file: tree_hadd_17.root
hadd compression setting for all output: 1
hadd Source file 1: tree.root
hadd Source file 2: hist.root
hadd Target path: tree_hadd_17.root:/
hadd Target path: tree_hadd_17.root:/plots
/tmp/lfavilla/ZJetsToNuNu_HT2500_2022/file17
