Standalone environment set.
/tmp/lfavilla/ZJetsToNuNu_HT2500_2022/file4
hadd Target file: tree.root
hadd compression setting for all output: 1
hadd Source file 1: ./51ee81de-e528-46ca-817b-7712609c77b5_Skim.root
hadd Sources and Target have different compression levels
hadd merging will be slower
hadd Target path: tree.root:/
Will write selected trees to .
Pre-select 895 entries out of 895 (100.00%)
Processed 895 preselected entries from root://cms-xrd-global.cern.ch//store/mc/Run3Summer22NanoAODv12/Zto2Nu-4Jets_HT-2500_TuneCP5_13p6TeV_madgraphMLM-pythia8/NANOAODSIM/130X_mcRun3_2022_realistic_v5-v2/40000/51ee81de-e528-46ca-817b-7712609c77b5.root (895 entries). Finally selected 860 entries
Done ./51ee81de-e528-46ca-817b-7712609c77b5_Skim.root
Total time 42.6 sec. to process 895 events. Rate = 21.0 Hz.
DONE
/tmp/lfavilla/ZJetsToNuNu_HT2500_2022/file4
hadd Target file: tree_hadd_4.root
hadd compression setting for all output: 1
hadd Source file 1: tree.root
hadd Source file 2: hist.root
hadd Target path: tree_hadd_4.root:/
hadd Target path: tree_hadd_4.root:/plots
/tmp/lfavilla/ZJetsToNuNu_HT2500_2022/file4
