Standalone environment set.
/tmp/lfavilla/ZJetsToNuNu_HT2500_2022/file26
hadd Target file: tree.root
hadd compression setting for all output: 1
hadd Source file 1: ./369e35a0-2398-4bbe-8246-958e39fa1ec8_Skim.root
hadd Sources and Target have different compression levels
hadd merging will be slower
hadd Target path: tree.root:/
Will write selected trees to .
Pre-select 128131 entries out of 128131 (100.00%)
Processed    10000/  128131 entries,  7.80% (elapsed time   784.5s, curr speed    0.013 kHz, avg speed    0.013 kHz), accepted     9585/   10001 events (95.84%)
Processed    20000/  128131 entries, 15.61% (elapsed time  1570.2s, curr speed    0.013 kHz, avg speed    0.013 kHz), accepted    19184/   20001 events (95.92%)
Processed    30000/  128131 entries, 23.41% (elapsed time  2374.8s, curr speed    0.012 kHz, avg speed    0.013 kHz), accepted    28772/   30001 events (95.90%)
Processed    40000/  128131 entries, 31.22% (elapsed time  3125.7s, curr speed    0.013 kHz, avg speed    0.013 kHz), accepted    38359/   40001 events (95.90%)
Processed    50000/  128131 entries, 39.02% (elapsed time  3834.1s, curr speed    0.014 kHz, avg speed    0.013 kHz), accepted    47970/   50001 events (95.94%)
Processed    60000/  128131 entries, 46.83% (elapsed time  4601.3s, curr speed    0.013 kHz, avg speed    0.013 kHz), accepted    57555/   60001 events (95.92%)
Processed    70000/  128131 entries, 54.63% (elapsed time  5338.1s, curr speed    0.014 kHz, avg speed    0.013 kHz), accepted    67146/   70001 events (95.92%)
Processed    80000/  128131 entries, 62.44% (elapsed time  6095.1s, curr speed    0.013 kHz, avg speed    0.013 kHz), accepted    76731/   80001 events (95.91%)
Processed    90000/  128131 entries, 70.24% (elapsed time  6822.1s, curr speed    0.014 kHz, avg speed    0.013 kHz), accepted    86306/   90001 events (95.89%)
Processed   100000/  128131 entries, 78.05% (elapsed time  7522.9s, curr speed    0.014 kHz, avg speed    0.013 kHz), accepted    95891/  100001 events (95.89%)
Processed   110000/  128131 entries, 85.85% (elapsed time  8221.1s, curr speed    0.014 kHz, avg speed    0.013 kHz), accepted   105505/  110001 events (95.91%)
Processed   120000/  128131 entries, 93.65% (elapsed time  8920.2s, curr speed    0.014 kHz, avg speed    0.013 kHz), accepted   115093/  120001 events (95.91%)
Processed 128131 preselected entries from root://cms-xrd-global.cern.ch//store/mc/Run3Summer22NanoAODv12/Zto2Nu-4Jets_HT-2500_TuneCP5_13p6TeV_madgraphMLM-pythia8/NANOAODSIM/130X_mcRun3_2022_realistic_v5-v2/40000/369e35a0-2398-4bbe-8246-958e39fa1ec8.root (128131 entries). Finally selected 122895 entries
Done ./369e35a0-2398-4bbe-8246-958e39fa1ec8_Skim.root
Total time 10159.4 sec. to process 128131 events. Rate = 12.6 Hz.
DONE
/tmp/lfavilla/ZJetsToNuNu_HT2500_2022/file26
hadd Target file: tree_hadd_26.root
hadd compression setting for all output: 1
hadd Source file 1: tree.root
hadd Source file 2: hist.root
hadd Target path: tree_hadd_26.root:/
hadd Target path: tree_hadd_26.root:/plots
/tmp/lfavilla/ZJetsToNuNu_HT2500_2022/file26
