Standalone environment set.
/tmp/lfavilla/ZJetsToNuNu_HT2500_2022/file1
hadd Target file: tree.root
hadd compression setting for all output: 1
hadd Source file 1: ./a5c54c2b-0f43-411c-8bef-31f7a82b9d6e_Skim.root
hadd Sources and Target have different compression levels
hadd merging will be slower
hadd Target path: tree.root:/
Will write selected trees to .
Pre-select 4723 entries out of 4723 (100.00%)
Processed 4723 preselected entries from root://cms-xrd-global.cern.ch//store/mc/Run3Summer22NanoAODv12/Zto2Nu-4Jets_HT-2500_TuneCP5_13p6TeV_madgraphMLM-pythia8/NANOAODSIM/130X_mcRun3_2022_realistic_v5-v2/2520000/a5c54c2b-0f43-411c-8bef-31f7a82b9d6e.root (4723 entries). Finally selected 4516 entries
Done ./a5c54c2b-0f43-411c-8bef-31f7a82b9d6e_Skim.root
Total time 324.2 sec. to process 4723 events. Rate = 14.6 Hz.
DONE
/tmp/lfavilla/ZJetsToNuNu_HT2500_2022/file1
hadd Target file: tree_hadd_1.root
hadd compression setting for all output: 1
hadd Source file 1: tree.root
hadd Source file 2: hist.root
hadd Target path: tree_hadd_1.root:/
hadd Target path: tree_hadd_1.root:/plots
/tmp/lfavilla/ZJetsToNuNu_HT2500_2022/file1
