Standalone environment set.
/tmp/lfavilla/ZJetsToNuNu_HT2500_2022/file18
hadd Target file: tree.root
hadd compression setting for all output: 1
hadd Source file 1: ./3df19c44-0adb-4458-a86f-6bb6eb396f3e_Skim.root
hadd Sources and Target have different compression levels
hadd merging will be slower
hadd Target path: tree.root:/
Will write selected trees to .
Pre-select 7490 entries out of 7490 (100.00%)
Processed 7490 preselected entries from root://cms-xrd-global.cern.ch//store/mc/Run3Summer22NanoAODv12/Zto2Nu-4Jets_HT-2500_TuneCP5_13p6TeV_madgraphMLM-pythia8/NANOAODSIM/130X_mcRun3_2022_realistic_v5-v2/40000/3df19c44-0adb-4458-a86f-6bb6eb396f3e.root (7490 entries). Finally selected 7190 entries
Done ./3df19c44-0adb-4458-a86f-6bb6eb396f3e_Skim.root
Total time 746.1 sec. to process 7490 events. Rate = 10.0 Hz.
DONE
/tmp/lfavilla/ZJetsToNuNu_HT2500_2022/file18
hadd Target file: tree_hadd_18.root
hadd compression setting for all output: 1
hadd Source file 1: tree.root
hadd Source file 2: hist.root
hadd Target path: tree_hadd_18.root:/
hadd Target path: tree_hadd_18.root:/plots
/tmp/lfavilla/ZJetsToNuNu_HT2500_2022/file18
