Standalone environment set.
/tmp/lfavilla/ZJetsToNuNu_HT2500_2022/file20
hadd Target file: tree.root
hadd compression setting for all output: 1
hadd Source file 1: ./f9d9e41b-287e-4f82-948c-28e3ce9ca1d6_Skim.root
hadd Sources and Target have different compression levels
hadd merging will be slower
hadd Target path: tree.root:/
Will write selected trees to .
Pre-select 1201 entries out of 1201 (100.00%)
Processed 1201 preselected entries from root://cms-xrd-global.cern.ch//store/mc/Run3Summer22NanoAODv12/Zto2Nu-4Jets_HT-2500_TuneCP5_13p6TeV_madgraphMLM-pythia8/NANOAODSIM/130X_mcRun3_2022_realistic_v5-v2/2520000/f9d9e41b-287e-4f82-948c-28e3ce9ca1d6.root (1201 entries). Finally selected 1151 entries
Done ./f9d9e41b-287e-4f82-948c-28e3ce9ca1d6_Skim.root
Total time 89.3 sec. to process 1201 events. Rate = 13.4 Hz.
DONE
/tmp/lfavilla/ZJetsToNuNu_HT2500_2022/file20
hadd Target file: tree_hadd_20.root
hadd compression setting for all output: 1
hadd Source file 1: tree.root
hadd Source file 2: hist.root
hadd Target path: tree_hadd_20.root:/
hadd Target path: tree_hadd_20.root:/plots
/tmp/lfavilla/ZJetsToNuNu_HT2500_2022/file20
