Standalone environment set.
/tmp/lfavilla/ZJetsToNuNu_HT2500_2022/file9
hadd Target file: tree.root
hadd compression setting for all output: 1
hadd Source file 1: ./5a349ca5-1a4b-4af8-9d4f-602232e06ee2_Skim.root
hadd Sources and Target have different compression levels
hadd merging will be slower
hadd Target path: tree.root:/
Will write selected trees to .
Pre-select 2273 entries out of 2273 (100.00%)
Processed 2273 preselected entries from root://cms-xrd-global.cern.ch//store/mc/Run3Summer22NanoAODv12/Zto2Nu-4Jets_HT-2500_TuneCP5_13p6TeV_madgraphMLM-pythia8/NANOAODSIM/130X_mcRun3_2022_realistic_v5-v2/2520000/5a349ca5-1a4b-4af8-9d4f-602232e06ee2.root (2273 entries). Finally selected 2179 entries
Done ./5a349ca5-1a4b-4af8-9d4f-602232e06ee2_Skim.root
Total time 158.3 sec. to process 2273 events. Rate = 14.4 Hz.
DONE
/tmp/lfavilla/ZJetsToNuNu_HT2500_2022/file9
hadd Target file: tree_hadd_9.root
hadd compression setting for all output: 1
hadd Source file 1: tree.root
hadd Source file 2: hist.root
hadd Target path: tree_hadd_9.root:/
hadd Target path: tree_hadd_9.root:/plots
/tmp/lfavilla/ZJetsToNuNu_HT2500_2022/file9
