Standalone environment set.
/tmp/lfavilla/ZJetsToNuNu_HT2500_2022/file7
hadd Target file: tree.root
hadd compression setting for all output: 1
hadd Source file 1: ./e4de412c-2d46-4f6f-83f4-ed89925fd1e6_Skim.root
hadd Sources and Target have different compression levels
hadd merging will be slower
hadd Target path: tree.root:/
Will write selected trees to .
Pre-select 10888 entries out of 10888 (100.00%)
Processed    10000/   10888 entries, 91.84% (elapsed time   501.7s, curr speed    0.020 kHz, avg speed    0.020 kHz), accepted     9613/   10001 events (96.12%)
Processed 10888 preselected entries from root://cms-xrd-global.cern.ch//store/mc/Run3Summer22NanoAODv12/Zto2Nu-4Jets_HT-2500_TuneCP5_13p6TeV_madgraphMLM-pythia8/NANOAODSIM/130X_mcRun3_2022_realistic_v5-v2/40000/e4de412c-2d46-4f6f-83f4-ed89925fd1e6.root (10888 entries). Finally selected 10460 entries
Done ./e4de412c-2d46-4f6f-83f4-ed89925fd1e6_Skim.root
Total time 586.3 sec. to process 10888 events. Rate = 18.6 Hz.
DONE
/tmp/lfavilla/ZJetsToNuNu_HT2500_2022/file7
hadd Target file: tree_hadd_7.root
hadd compression setting for all output: 1
hadd Source file 1: tree.root
hadd Source file 2: hist.root
hadd Target path: tree_hadd_7.root:/
hadd Target path: tree_hadd_7.root:/plots
/tmp/lfavilla/ZJetsToNuNu_HT2500_2022/file7
