Standalone environment set.
/tmp/lfavilla/ZJetsToNuNu_HT2500_2022/file3
hadd Target file: tree.root
hadd compression setting for all output: 1
hadd Source file 1: ./96a16312-f366-4c9b-b29c-6642e1836af6_Skim.root
hadd Sources and Target have different compression levels
hadd merging will be slower
hadd Target path: tree.root:/
Will write selected trees to .
Pre-select 59480 entries out of 59480 (100.00%)
Processed    10000/   59480 entries, 16.81% (elapsed time   832.9s, curr speed    0.012 kHz, avg speed    0.012 kHz), accepted     9570/   10001 events (95.69%)
Processed    20000/   59480 entries, 33.62% (elapsed time  1511.9s, curr speed    0.015 kHz, avg speed    0.013 kHz), accepted    19169/   20001 events (95.84%)
Processed    30000/   59480 entries, 50.44% (elapsed time  2154.3s, curr speed    0.016 kHz, avg speed    0.014 kHz), accepted    28757/   30001 events (95.85%)
Processed    40000/   59480 entries, 67.25% (elapsed time  2884.3s, curr speed    0.014 kHz, avg speed    0.014 kHz), accepted    38321/   40001 events (95.80%)
Processed    50000/   59480 entries, 84.06% (elapsed time  3537.6s, curr speed    0.015 kHz, avg speed    0.014 kHz), accepted    47905/   50001 events (95.81%)
Processed 59480 preselected entries from root://cms-xrd-global.cern.ch//store/mc/Run3Summer22NanoAODv12/Zto2Nu-4Jets_HT-2500_TuneCP5_13p6TeV_madgraphMLM-pythia8/NANOAODSIM/130X_mcRun3_2022_realistic_v5-v2/40000/96a16312-f366-4c9b-b29c-6642e1836af6.root (59480 entries). Finally selected 56959 entries
Done ./96a16312-f366-4c9b-b29c-6642e1836af6_Skim.root
Total time 4349.8 sec. to process 59480 events. Rate = 13.7 Hz.
DONE
/tmp/lfavilla/ZJetsToNuNu_HT2500_2022/file3
hadd Target file: tree_hadd_3.root
hadd compression setting for all output: 1
hadd Source file 1: tree.root
hadd Source file 2: hist.root
hadd Target path: tree_hadd_3.root:/
hadd Target path: tree_hadd_3.root:/plots
/tmp/lfavilla/ZJetsToNuNu_HT2500_2022/file3
