Standalone environment set.
/tmp/lfavilla/ZJetsToNuNu_HT800to1500_2022/file35
hadd Target file: tree.root
hadd compression setting for all output: 1
hadd Source file 1: ./1ccbbd31-5b0e-463d-a7bb-2b0b6c53db50_Skim.root
hadd Sources and Target have different compression levels
hadd merging will be slower
hadd Target path: tree.root:/
Will write selected trees to .
Pre-select 45117 entries out of 45117 (100.00%)
Processed    10000/   45117 entries, 22.16% (elapsed time   430.2s, curr speed    0.023 kHz, avg speed    0.023 kHz), accepted     9621/   10001 events (96.20%)
Processed    20000/   45117 entries, 44.33% (elapsed time   868.1s, curr speed    0.023 kHz, avg speed    0.023 kHz), accepted    19276/   20001 events (96.38%)
Processed    30000/   45117 entries, 66.49% (elapsed time  1256.0s, curr speed    0.026 kHz, avg speed    0.024 kHz), accepted    28882/   30001 events (96.27%)
Processed    40000/   45117 entries, 88.66% (elapsed time  1655.0s, curr speed    0.025 kHz, avg speed    0.024 kHz), accepted    38449/   40001 events (96.12%)
Processed 45117 preselected entries from root://cms-xrd-global.cern.ch//store/mc/Run3Summer22NanoAODv12/Zto2Nu-4Jets_HT-800to1500_TuneCP5_13p6TeV_madgraphMLM-pythia8/NANOAODSIM/130X_mcRun3_2022_realistic_v5-v2/2520000/1ccbbd31-5b0e-463d-a7bb-2b0b6c53db50.root (45117 entries). Finally selected 43388 entries
Done ./1ccbbd31-5b0e-463d-a7bb-2b0b6c53db50_Skim.root
Total time 1991.9 sec. to process 45117 events. Rate = 22.6 Hz.
DONE
/tmp/lfavilla/ZJetsToNuNu_HT800to1500_2022/file35
hadd Target file: tree_hadd_35.root
hadd compression setting for all output: 1
hadd Source file 1: tree.root
hadd Source file 2: hist.root
hadd Target path: tree_hadd_35.root:/
hadd Target path: tree_hadd_35.root:/plots
/tmp/lfavilla/ZJetsToNuNu_HT800to1500_2022/file35
