Standalone environment set.
/tmp/lfavilla/ZJetsToNuNu_HT800to1500_2022/file26
hadd Target file: tree.root
hadd compression setting for all output: 1
hadd Source file 1: ./e66f9f1b-d53d-49c3-bfcb-64cf9951dea4_Skim.root
hadd Sources and Target have different compression levels
hadd merging will be slower
hadd Target path: tree.root:/
Will write selected trees to .
Pre-select 1209 entries out of 1209 (100.00%)
Processed 1209 preselected entries from root://cms-xrd-global.cern.ch//store/mc/Run3Summer22NanoAODv12/Zto2Nu-4Jets_HT-800to1500_TuneCP5_13p6TeV_madgraphMLM-pythia8/NANOAODSIM/130X_mcRun3_2022_realistic_v5-v2/2520000/e66f9f1b-d53d-49c3-bfcb-64cf9951dea4.root (1209 entries). Finally selected 1165 entries
Done ./e66f9f1b-d53d-49c3-bfcb-64cf9951dea4_Skim.root
Total time 298.6 sec. to process 1209 events. Rate = 4.0 Hz.
DONE
/tmp/lfavilla/ZJetsToNuNu_HT800to1500_2022/file26
hadd Target file: tree_hadd_26.root
hadd compression setting for all output: 1
hadd Source file 1: tree.root
hadd Source file 2: hist.root
hadd Target path: tree_hadd_26.root:/
hadd Target path: tree_hadd_26.root:/plots
/tmp/lfavilla/ZJetsToNuNu_HT800to1500_2022/file26
