Standalone environment set.
/tmp/lfavilla/ZJetsToNuNu_HT800to1500_2022/file15
hadd Target file: tree.root
hadd compression setting for all output: 1
hadd Source file 1: ./ea2df6ff-ec4a-44a5-8c8c-f1a535a1a949_Skim.root
hadd Sources and Target have different compression levels
hadd merging will be slower
hadd Target path: tree.root:/
Will write selected trees to .
Pre-select 575 entries out of 575 (100.00%)
Processed 575 preselected entries from root://cms-xrd-global.cern.ch//store/mc/Run3Summer22NanoAODv12/Zto2Nu-4Jets_HT-800to1500_TuneCP5_13p6TeV_madgraphMLM-pythia8/NANOAODSIM/130X_mcRun3_2022_realistic_v5-v2/2520000/ea2df6ff-ec4a-44a5-8c8c-f1a535a1a949.root (575 entries). Finally selected 553 entries
Done ./ea2df6ff-ec4a-44a5-8c8c-f1a535a1a949_Skim.root
Total time 36.5 sec. to process 575 events. Rate = 15.8 Hz.
DONE
/tmp/lfavilla/ZJetsToNuNu_HT800to1500_2022/file15
hadd Target file: tree_hadd_15.root
hadd compression setting for all output: 1
hadd Source file 1: tree.root
hadd Source file 2: hist.root
hadd Target path: tree_hadd_15.root:/
hadd Target path: tree_hadd_15.root:/plots
/tmp/lfavilla/ZJetsToNuNu_HT800to1500_2022/file15
