Standalone environment set.
/tmp/lfavilla/ZJetsToNuNu_HT800to1500_2022/file24
hadd Target file: tree.root
hadd compression setting for all output: 1
hadd Source file 1: ./690d2610-9c36-4569-a15d-87c000d9c62e_Skim.root
hadd Sources and Target have different compression levels
hadd merging will be slower
hadd Target path: tree.root:/
Will write selected trees to .
Pre-select 9272 entries out of 9272 (100.00%)
Processed 9272 preselected entries from root://cms-xrd-global.cern.ch//store/mc/Run3Summer22NanoAODv12/Zto2Nu-4Jets_HT-800to1500_TuneCP5_13p6TeV_madgraphMLM-pythia8/NANOAODSIM/130X_mcRun3_2022_realistic_v5-v2/2520000/690d2610-9c36-4569-a15d-87c000d9c62e.root (9272 entries). Finally selected 8904 entries
Done ./690d2610-9c36-4569-a15d-87c000d9c62e_Skim.root
Total time 597.2 sec. to process 9272 events. Rate = 15.5 Hz.
DONE
/tmp/lfavilla/ZJetsToNuNu_HT800to1500_2022/file24
hadd Target file: tree_hadd_24.root
hadd compression setting for all output: 1
hadd Source file 1: tree.root
hadd Source file 2: hist.root
hadd Target path: tree_hadd_24.root:/
hadd Target path: tree_hadd_24.root:/plots
/tmp/lfavilla/ZJetsToNuNu_HT800to1500_2022/file24
