Standalone environment set.
/tmp/lfavilla/ZJetsToNuNu_HT800to1500_2022/file14
hadd Target file: tree.root
hadd compression setting for all output: 1
hadd Source file 1: ./eb0f76da-2fa0-4c02-abee-8acd1b87696c_Skim.root
hadd Sources and Target have different compression levels
hadd merging will be slower
hadd Target path: tree.root:/
Will write selected trees to .
Pre-select 623 entries out of 623 (100.00%)
Processed 623 preselected entries from root://cms-xrd-global.cern.ch//store/mc/Run3Summer22NanoAODv12/Zto2Nu-4Jets_HT-800to1500_TuneCP5_13p6TeV_madgraphMLM-pythia8/NANOAODSIM/130X_mcRun3_2022_realistic_v5-v2/2520000/eb0f76da-2fa0-4c02-abee-8acd1b87696c.root (623 entries). Finally selected 595 entries
Done ./eb0f76da-2fa0-4c02-abee-8acd1b87696c_Skim.root
Total time 185.7 sec. to process 623 events. Rate = 3.4 Hz.
DONE
/tmp/lfavilla/ZJetsToNuNu_HT800to1500_2022/file14
hadd Target file: tree_hadd_14.root
hadd compression setting for all output: 1
hadd Source file 1: tree.root
hadd Source file 2: hist.root
hadd Target path: tree_hadd_14.root:/
hadd Target path: tree_hadd_14.root:/plots
/tmp/lfavilla/ZJetsToNuNu_HT800to1500_2022/file14
