Standalone environment set.
/tmp/lfavilla/ZJetsToNuNu_HT800to1500_2022/file13
hadd Target file: tree.root
hadd compression setting for all output: 1
hadd Source file 1: ./73d814db-cfc8-4918-8cd5-79472613b79f_Skim.root
hadd Sources and Target have different compression levels
hadd merging will be slower
hadd Target path: tree.root:/
Will write selected trees to .
Pre-select 1824 entries out of 1824 (100.00%)
Processed 1824 preselected entries from root://cms-xrd-global.cern.ch//store/mc/Run3Summer22NanoAODv12/Zto2Nu-4Jets_HT-800to1500_TuneCP5_13p6TeV_madgraphMLM-pythia8/NANOAODSIM/130X_mcRun3_2022_realistic_v5-v2/2520000/73d814db-cfc8-4918-8cd5-79472613b79f.root (1824 entries). Finally selected 1747 entries
Done ./73d814db-cfc8-4918-8cd5-79472613b79f_Skim.root
Total time 156.7 sec. to process 1824 events. Rate = 11.6 Hz.
DONE
/tmp/lfavilla/ZJetsToNuNu_HT800to1500_2022/file13
hadd Target file: tree_hadd_13.root
hadd compression setting for all output: 1
hadd Source file 1: tree.root
hadd Source file 2: hist.root
hadd Target path: tree_hadd_13.root:/
hadd Target path: tree_hadd_13.root:/plots
/tmp/lfavilla/ZJetsToNuNu_HT800to1500_2022/file13
