Standalone environment set.
/tmp/lfavilla/ZJetsToNuNu_HT800to1500_2022/file31
hadd Target file: tree.root
hadd compression setting for all output: 1
hadd Source file 1: ./131f5be3-05c9-4096-bf5d-6dde1cd38545_Skim.root
hadd Sources and Target have different compression levels
hadd merging will be slower
hadd Target path: tree.root:/
Will write selected trees to .
Pre-select 4111 entries out of 4111 (100.00%)
Processed 4111 preselected entries from root://cms-xrd-global.cern.ch//store/mc/Run3Summer22NanoAODv12/Zto2Nu-4Jets_HT-800to1500_TuneCP5_13p6TeV_madgraphMLM-pythia8/NANOAODSIM/130X_mcRun3_2022_realistic_v5-v2/2520000/131f5be3-05c9-4096-bf5d-6dde1cd38545.root (4111 entries). Finally selected 3947 entries
Done ./131f5be3-05c9-4096-bf5d-6dde1cd38545_Skim.root
Total time 540.5 sec. to process 4111 events. Rate = 7.6 Hz.
DONE
/tmp/lfavilla/ZJetsToNuNu_HT800to1500_2022/file31
hadd Target file: tree_hadd_31.root
hadd compression setting for all output: 1
hadd Source file 1: tree.root
hadd Source file 2: hist.root
hadd Target path: tree_hadd_31.root:/
hadd Target path: tree_hadd_31.root:/plots
/tmp/lfavilla/ZJetsToNuNu_HT800to1500_2022/file31
