Standalone environment set.
/tmp/lfavilla/ZJetsToNuNu_HT800to1500_2022/file6
hadd Target file: tree.root
hadd compression setting for all output: 1
hadd Source file 1: ./1a40c00d-3809-4a81-9268-008901165649_Skim.root
hadd Sources and Target have different compression levels
hadd merging will be slower
hadd Target path: tree.root:/
Will write selected trees to .
Pre-select 2391 entries out of 2391 (100.00%)
Processed 2391 preselected entries from root://cms-xrd-global.cern.ch//store/mc/Run3Summer22NanoAODv12/Zto2Nu-4Jets_HT-800to1500_TuneCP5_13p6TeV_madgraphMLM-pythia8/NANOAODSIM/130X_mcRun3_2022_realistic_v5-v2/2520000/1a40c00d-3809-4a81-9268-008901165649.root (2391 entries). Finally selected 2293 entries
Done ./1a40c00d-3809-4a81-9268-008901165649_Skim.root
Total time 387.7 sec. to process 2391 events. Rate = 6.2 Hz.
DONE
/tmp/lfavilla/ZJetsToNuNu_HT800to1500_2022/file6
hadd Target file: tree_hadd_6.root
hadd compression setting for all output: 1
hadd Source file 1: tree.root
hadd Source file 2: hist.root
hadd Target path: tree_hadd_6.root:/
hadd Target path: tree_hadd_6.root:/plots
/tmp/lfavilla/ZJetsToNuNu_HT800to1500_2022/file6
