Standalone environment set.
/tmp/lfavilla/ZJetsToNuNu_HT800to1500_2022/file22
hadd Target file: tree.root
hadd compression setting for all output: 1
hadd Source file 1: ./95648290-342b-4814-b802-68d304c4a8f8_Skim.root
hadd Sources and Target have different compression levels
hadd merging will be slower
hadd Target path: tree.root:/
Will write selected trees to .
Pre-select 5896 entries out of 5896 (100.00%)
Processed 5896 preselected entries from root://cms-xrd-global.cern.ch//store/mc/Run3Summer22NanoAODv12/Zto2Nu-4Jets_HT-800to1500_TuneCP5_13p6TeV_madgraphMLM-pythia8/NANOAODSIM/130X_mcRun3_2022_realistic_v5-v2/2520000/95648290-342b-4814-b802-68d304c4a8f8.root (5896 entries). Finally selected 5658 entries
Done ./95648290-342b-4814-b802-68d304c4a8f8_Skim.root
Total time 384.5 sec. to process 5896 events. Rate = 15.3 Hz.
DONE
/tmp/lfavilla/ZJetsToNuNu_HT800to1500_2022/file22
hadd Target file: tree_hadd_22.root
hadd compression setting for all output: 1
hadd Source file 1: tree.root
hadd Source file 2: hist.root
hadd Target path: tree_hadd_22.root:/
hadd Target path: tree_hadd_22.root:/plots
/tmp/lfavilla/ZJetsToNuNu_HT800to1500_2022/file22
