Standalone environment set.
/tmp/lfavilla/ZJetsToNuNu_HT800to1500_2022/file21
hadd Target file: tree.root
hadd compression setting for all output: 1
hadd Source file 1: ./42979777-7dbd-4789-ba00-31f607b8e2ed_Skim.root
hadd Sources and Target have different compression levels
hadd merging will be slower
hadd Target path: tree.root:/
Will write selected trees to .
Pre-select 1811 entries out of 1811 (100.00%)
Processed 1811 preselected entries from root://cms-xrd-global.cern.ch//store/mc/Run3Summer22NanoAODv12/Zto2Nu-4Jets_HT-800to1500_TuneCP5_13p6TeV_madgraphMLM-pythia8/NANOAODSIM/130X_mcRun3_2022_realistic_v5-v2/2520000/42979777-7dbd-4789-ba00-31f607b8e2ed.root (1811 entries). Finally selected 1750 entries
Done ./42979777-7dbd-4789-ba00-31f607b8e2ed_Skim.root
Total time 99.0 sec. to process 1811 events. Rate = 18.3 Hz.
DONE
/tmp/lfavilla/ZJetsToNuNu_HT800to1500_2022/file21
hadd Target file: tree_hadd_21.root
hadd compression setting for all output: 1
hadd Source file 1: tree.root
hadd Source file 2: hist.root
hadd Target path: tree_hadd_21.root:/
hadd Target path: tree_hadd_21.root:/plots
/tmp/lfavilla/ZJetsToNuNu_HT800to1500_2022/file21
