Standalone environment set.
/tmp/lfavilla/ZJetsToNuNu_HT800to1500_2022/file2
hadd Target file: tree.root
hadd compression setting for all output: 1
hadd Source file 1: ./a86988b5-8918-4a38-9b85-25e3176c0866_Skim.root
hadd Sources and Target have different compression levels
hadd merging will be slower
hadd Target path: tree.root:/
Will write selected trees to .
Pre-select 2289 entries out of 2289 (100.00%)
Processed 2289 preselected entries from root://cms-xrd-global.cern.ch//store/mc/Run3Summer22NanoAODv12/Zto2Nu-4Jets_HT-800to1500_TuneCP5_13p6TeV_madgraphMLM-pythia8/NANOAODSIM/130X_mcRun3_2022_realistic_v5-v2/2520000/a86988b5-8918-4a38-9b85-25e3176c0866.root (2289 entries). Finally selected 2194 entries
Done ./a86988b5-8918-4a38-9b85-25e3176c0866_Skim.root
Total time 179.9 sec. to process 2289 events. Rate = 12.7 Hz.
DONE
/tmp/lfavilla/ZJetsToNuNu_HT800to1500_2022/file2
hadd Target file: tree_hadd_2.root
hadd compression setting for all output: 1
hadd Source file 1: tree.root
hadd Source file 2: hist.root
hadd Target path: tree_hadd_2.root:/
hadd Target path: tree_hadd_2.root:/plots
/tmp/lfavilla/ZJetsToNuNu_HT800to1500_2022/file2
