Standalone environment set.
/tmp/lfavilla/ZJetsToNuNu_HT800to1500_2022/file4
hadd Target file: tree.root
hadd compression setting for all output: 1
hadd Source file 1: ./12c7be0e-bd53-49ed-88e6-e7573f56ab81_Skim.root
hadd Sources and Target have different compression levels
hadd merging will be slower
hadd Target path: tree.root:/
Will write selected trees to .
Pre-select 563 entries out of 563 (100.00%)
Processed 563 preselected entries from root://cms-xrd-global.cern.ch//store/mc/Run3Summer22NanoAODv12/Zto2Nu-4Jets_HT-800to1500_TuneCP5_13p6TeV_madgraphMLM-pythia8/NANOAODSIM/130X_mcRun3_2022_realistic_v5-v2/2520000/12c7be0e-bd53-49ed-88e6-e7573f56ab81.root (563 entries). Finally selected 542 entries
Done ./12c7be0e-bd53-49ed-88e6-e7573f56ab81_Skim.root
Total time 32.5 sec. to process 563 events. Rate = 17.3 Hz.
DONE
/tmp/lfavilla/ZJetsToNuNu_HT800to1500_2022/file4
hadd Target file: tree_hadd_4.root
hadd compression setting for all output: 1
hadd Source file 1: tree.root
hadd Source file 2: hist.root
hadd Target path: tree_hadd_4.root:/
hadd Target path: tree_hadd_4.root:/plots
/tmp/lfavilla/ZJetsToNuNu_HT800to1500_2022/file4
