Standalone environment set.
/tmp/lfavilla/ZJetsToNuNu_HT800to1500_2022/file37
hadd Target file: tree.root
hadd compression setting for all output: 1
hadd Source file 1: ./6fe364fe-3651-4427-ae96-ddfe39cf1649_Skim.root
hadd Sources and Target have different compression levels
hadd merging will be slower
hadd Target path: tree.root:/
Will write selected trees to .
Pre-select 52271 entries out of 52271 (100.00%)
Processed    10000/   52271 entries, 19.13% (elapsed time   460.7s, curr speed    0.022 kHz, avg speed    0.022 kHz), accepted     9622/   10001 events (96.21%)
Processed    20000/   52271 entries, 38.26% (elapsed time   944.9s, curr speed    0.021 kHz, avg speed    0.021 kHz), accepted    19250/   20001 events (96.25%)
Processed    30000/   52271 entries, 57.39% (elapsed time  1428.3s, curr speed    0.021 kHz, avg speed    0.021 kHz), accepted    28823/   30001 events (96.07%)
Processed    40000/   52271 entries, 76.52% (elapsed time  1888.1s, curr speed    0.022 kHz, avg speed    0.021 kHz), accepted    38435/   40001 events (96.09%)
Processed    50000/   52271 entries, 95.66% (elapsed time  2402.7s, curr speed    0.019 kHz, avg speed    0.021 kHz), accepted    48049/   50001 events (96.10%)
Processed 52271 preselected entries from root://cms-xrd-global.cern.ch//store/mc/Run3Summer22NanoAODv12/Zto2Nu-4Jets_HT-800to1500_TuneCP5_13p6TeV_madgraphMLM-pythia8/NANOAODSIM/130X_mcRun3_2022_realistic_v5-v2/2520000/6fe364fe-3651-4427-ae96-ddfe39cf1649.root (52271 entries). Finally selected 50228 entries
Done ./6fe364fe-3651-4427-ae96-ddfe39cf1649_Skim.root
Total time 2697.0 sec. to process 52271 events. Rate = 19.4 Hz.
DONE
/tmp/lfavilla/ZJetsToNuNu_HT800to1500_2022/file37
hadd Target file: tree_hadd_37.root
hadd compression setting for all output: 1
hadd Source file 1: tree.root
hadd Source file 2: hist.root
hadd Target path: tree_hadd_37.root:/
hadd Target path: tree_hadd_37.root:/plots
/tmp/lfavilla/ZJetsToNuNu_HT800to1500_2022/file37
