Standalone environment set.
/tmp/lfavilla/ZJetsToNuNu_HT800to1500_2022/file32
hadd Target file: tree.root
hadd compression setting for all output: 1
hadd Source file 1: ./5b23561a-9176-4a07-aa2c-274dd2d27148_Skim.root
hadd Sources and Target have different compression levels
hadd merging will be slower
hadd Target path: tree.root:/
Will write selected trees to .
Pre-select 7201 entries out of 7201 (100.00%)
Processed 7201 preselected entries from root://cms-xrd-global.cern.ch//store/mc/Run3Summer22NanoAODv12/Zto2Nu-4Jets_HT-800to1500_TuneCP5_13p6TeV_madgraphMLM-pythia8/NANOAODSIM/130X_mcRun3_2022_realistic_v5-v2/2520000/5b23561a-9176-4a07-aa2c-274dd2d27148.root (7201 entries). Finally selected 6898 entries
Done ./5b23561a-9176-4a07-aa2c-274dd2d27148_Skim.root
Total time 850.0 sec. to process 7201 events. Rate = 8.5 Hz.
DONE
/tmp/lfavilla/ZJetsToNuNu_HT800to1500_2022/file32
hadd Target file: tree_hadd_32.root
hadd compression setting for all output: 1
hadd Source file 1: tree.root
hadd Source file 2: hist.root
hadd Target path: tree_hadd_32.root:/
hadd Target path: tree_hadd_32.root:/plots
/tmp/lfavilla/ZJetsToNuNu_HT800to1500_2022/file32
