Standalone environment set.
/tmp/lfavilla/ZJetsToNuNu_HT800to1500_2022/file5
hadd Target file: tree.root
hadd compression setting for all output: 1
hadd Source file 1: ./71aed15d-a625-4d58-916b-bc488f19606b_Skim.root
hadd Sources and Target have different compression levels
hadd merging will be slower
hadd Target path: tree.root:/
Will write selected trees to .
Pre-select 1218 entries out of 1218 (100.00%)
Processed 1218 preselected entries from root://cms-xrd-global.cern.ch//store/mc/Run3Summer22NanoAODv12/Zto2Nu-4Jets_HT-800to1500_TuneCP5_13p6TeV_madgraphMLM-pythia8/NANOAODSIM/130X_mcRun3_2022_realistic_v5-v2/2520000/71aed15d-a625-4d58-916b-bc488f19606b.root (1218 entries). Finally selected 1172 entries
Done ./71aed15d-a625-4d58-916b-bc488f19606b_Skim.root
Total time 65.6 sec. to process 1218 events. Rate = 18.6 Hz.
DONE
/tmp/lfavilla/ZJetsToNuNu_HT800to1500_2022/file5
hadd Target file: tree_hadd_5.root
hadd compression setting for all output: 1
hadd Source file 1: tree.root
hadd Source file 2: hist.root
hadd Target path: tree_hadd_5.root:/
hadd Target path: tree_hadd_5.root:/plots
/tmp/lfavilla/ZJetsToNuNu_HT800to1500_2022/file5
