Standalone environment set.
/tmp/lfavilla/ZJetsToNuNu_HT800to1500_2022/file29
hadd Target file: tree.root
hadd compression setting for all output: 1
hadd Source file 1: ./61d8288a-0a64-48d7-87f0-500447f45764_Skim.root
hadd Sources and Target have different compression levels
hadd merging will be slower
hadd Target path: tree.root:/
Will write selected trees to .
Pre-select 1838 entries out of 1838 (100.00%)
Processed 1838 preselected entries from root://cms-xrd-global.cern.ch//store/mc/Run3Summer22NanoAODv12/Zto2Nu-4Jets_HT-800to1500_TuneCP5_13p6TeV_madgraphMLM-pythia8/NANOAODSIM/130X_mcRun3_2022_realistic_v5-v2/2520000/61d8288a-0a64-48d7-87f0-500447f45764.root (1838 entries). Finally selected 1752 entries
Done ./61d8288a-0a64-48d7-87f0-500447f45764_Skim.root
Total time 345.9 sec. to process 1838 events. Rate = 5.3 Hz.
DONE
/tmp/lfavilla/ZJetsToNuNu_HT800to1500_2022/file29
hadd Target file: tree_hadd_29.root
hadd compression setting for all output: 1
hadd Source file 1: tree.root
hadd Source file 2: hist.root
hadd Target path: tree_hadd_29.root:/
hadd Target path: tree_hadd_29.root:/plots
/tmp/lfavilla/ZJetsToNuNu_HT800to1500_2022/file29
