Standalone environment set.
/tmp/lfavilla/ZJetsToNuNu_HT800to1500_2022/file23
hadd Target file: tree.root
hadd compression setting for all output: 1
hadd Source file 1: ./8e2a26fd-b767-43a0-96d5-4266b65a2e96_Skim.root
hadd Sources and Target have different compression levels
hadd merging will be slower
hadd Target path: tree.root:/
Will write selected trees to .
Pre-select 610 entries out of 610 (100.00%)
Processed 610 preselected entries from root://cms-xrd-global.cern.ch//store/mc/Run3Summer22NanoAODv12/Zto2Nu-4Jets_HT-800to1500_TuneCP5_13p6TeV_madgraphMLM-pythia8/NANOAODSIM/130X_mcRun3_2022_realistic_v5-v2/2520000/8e2a26fd-b767-43a0-96d5-4266b65a2e96.root (610 entries). Finally selected 588 entries
Done ./8e2a26fd-b767-43a0-96d5-4266b65a2e96_Skim.root
Total time 154.6 sec. to process 610 events. Rate = 3.9 Hz.
DONE
/tmp/lfavilla/ZJetsToNuNu_HT800to1500_2022/file23
hadd Target file: tree_hadd_23.root
hadd compression setting for all output: 1
hadd Source file 1: tree.root
hadd Source file 2: hist.root
hadd Target path: tree_hadd_23.root:/
hadd Target path: tree_hadd_23.root:/plots
/tmp/lfavilla/ZJetsToNuNu_HT800to1500_2022/file23
