Standalone environment set.
/tmp/lfavilla/ZJetsToNuNu_HT800to1500_2022/file16
hadd Target file: tree.root
hadd compression setting for all output: 1
hadd Source file 1: ./77d4f44a-d500-4e88-9aec-132c773855fb_Skim.root
hadd Sources and Target have different compression levels
hadd merging will be slower
hadd Target path: tree.root:/
Will write selected trees to .
Pre-select 46439 entries out of 46439 (100.00%)
Processed    10000/   46439 entries, 21.53% (elapsed time   349.8s, curr speed    0.029 kHz, avg speed    0.029 kHz), accepted     9564/   10001 events (95.63%)
Processed    20000/   46439 entries, 43.07% (elapsed time   707.0s, curr speed    0.028 kHz, avg speed    0.028 kHz), accepted    19173/   20001 events (95.86%)
Processed    30000/   46439 entries, 64.60% (elapsed time  1085.7s, curr speed    0.026 kHz, avg speed    0.028 kHz), accepted    28777/   30001 events (95.92%)
Processed    40000/   46439 entries, 86.13% (elapsed time  1476.6s, curr speed    0.026 kHz, avg speed    0.027 kHz), accepted    38393/   40001 events (95.98%)
Processed 46439 preselected entries from root://cms-xrd-global.cern.ch//store/mc/Run3Summer22NanoAODv12/Zto2Nu-4Jets_HT-800to1500_TuneCP5_13p6TeV_madgraphMLM-pythia8/NANOAODSIM/130X_mcRun3_2022_realistic_v5-v2/2520000/77d4f44a-d500-4e88-9aec-132c773855fb.root (46439 entries). Finally selected 44583 entries
Done ./77d4f44a-d500-4e88-9aec-132c773855fb_Skim.root
Total time 1846.1 sec. to process 46439 events. Rate = 25.2 Hz.
DONE
/tmp/lfavilla/ZJetsToNuNu_HT800to1500_2022/file16
hadd Target file: tree_hadd_16.root
hadd compression setting for all output: 1
hadd Source file 1: tree.root
hadd Source file 2: hist.root
hadd Target path: tree_hadd_16.root:/
hadd Target path: tree_hadd_16.root:/plots
/tmp/lfavilla/ZJetsToNuNu_HT800to1500_2022/file16
