Standalone environment set.
/tmp/lfavilla/ZJetsToNuNu_HT800to1500_2022/file10
hadd Target file: tree.root
hadd compression setting for all output: 1
hadd Source file 1: ./bc4898ed-0b40-4e60-8f1f-9897aea1bd51_Skim.root
hadd Sources and Target have different compression levels
hadd merging will be slower
hadd Target path: tree.root:/
Will write selected trees to .
Pre-select 654 entries out of 654 (100.00%)
Processed 654 preselected entries from root://cms-xrd-global.cern.ch//store/mc/Run3Summer22NanoAODv12/Zto2Nu-4Jets_HT-800to1500_TuneCP5_13p6TeV_madgraphMLM-pythia8/NANOAODSIM/130X_mcRun3_2022_realistic_v5-v2/2520000/bc4898ed-0b40-4e60-8f1f-9897aea1bd51.root (654 entries). Finally selected 628 entries
Done ./bc4898ed-0b40-4e60-8f1f-9897aea1bd51_Skim.root
Total time 40.2 sec. to process 654 events. Rate = 16.3 Hz.
DONE
/tmp/lfavilla/ZJetsToNuNu_HT800to1500_2022/file10
hadd Target file: tree_hadd_10.root
hadd compression setting for all output: 1
hadd Source file 1: tree.root
hadd Source file 2: hist.root
hadd Target path: tree_hadd_10.root:/
hadd Target path: tree_hadd_10.root:/plots
/tmp/lfavilla/ZJetsToNuNu_HT800to1500_2022/file10
