Standalone environment set.
/tmp/lfavilla/ZJetsToNuNu_HT800to1500_2022/file28
hadd Target file: tree.root
hadd compression setting for all output: 1
hadd Source file 1: ./e39a0827-1df1-4288-8e2c-95e5cba6b669_Skim.root
hadd Sources and Target have different compression levels
hadd merging will be slower
hadd Target path: tree.root:/
Will write selected trees to .
Pre-select 40205 entries out of 40205 (100.00%)
Processed    10000/   40205 entries, 24.87% (elapsed time   897.6s, curr speed    0.011 kHz, avg speed    0.011 kHz), accepted     9598/   10001 events (95.97%)
Processed    20000/   40205 entries, 49.75% (elapsed time  1695.6s, curr speed    0.013 kHz, avg speed    0.012 kHz), accepted    19180/   20001 events (95.90%)
Processed    30000/   40205 entries, 74.62% (elapsed time  2542.6s, curr speed    0.012 kHz, avg speed    0.012 kHz), accepted    28753/   30001 events (95.84%)
Processed    40000/   40205 entries, 99.49% (elapsed time  3331.3s, curr speed    0.013 kHz, avg speed    0.012 kHz), accepted    38354/   40001 events (95.88%)
Processed 40205 preselected entries from root://cms-xrd-global.cern.ch//store/mc/Run3Summer22NanoAODv12/Zto2Nu-4Jets_HT-800to1500_TuneCP5_13p6TeV_madgraphMLM-pythia8/NANOAODSIM/130X_mcRun3_2022_realistic_v5-v2/2520000/e39a0827-1df1-4288-8e2c-95e5cba6b669.root (40205 entries). Finally selected 38542 entries
Done ./e39a0827-1df1-4288-8e2c-95e5cba6b669_Skim.root
Total time 3458.8 sec. to process 40205 events. Rate = 11.6 Hz.
DONE
/tmp/lfavilla/ZJetsToNuNu_HT800to1500_2022/file28
hadd Target file: tree_hadd_28.root
hadd compression setting for all output: 1
hadd Source file 1: tree.root
hadd Source file 2: hist.root
hadd Target path: tree_hadd_28.root:/
hadd Target path: tree_hadd_28.root:/plots
/tmp/lfavilla/ZJetsToNuNu_HT800to1500_2022/file28
