Standalone environment set.
/tmp/lfavilla/ZJetsToNuNu_HT800to1500_2022/file25
hadd Target file: tree.root
hadd compression setting for all output: 1
hadd Source file 1: ./7e7e9019-4e6b-42b2-b550-b06264502b46_Skim.root
hadd Sources and Target have different compression levels
hadd merging will be slower
hadd Target path: tree.root:/
Will write selected trees to .
Pre-select 57488 entries out of 57488 (100.00%)
Processed    10000/   57488 entries, 17.39% (elapsed time  1322.4s, curr speed    0.008 kHz, avg speed    0.008 kHz), accepted     9632/   10001 events (96.31%)
Processed    20000/   57488 entries, 34.79% (elapsed time  2505.4s, curr speed    0.008 kHz, avg speed    0.008 kHz), accepted    19228/   20001 events (96.14%)
Processed    30000/   57488 entries, 52.18% (elapsed time  3694.5s, curr speed    0.008 kHz, avg speed    0.008 kHz), accepted    28821/   30001 events (96.07%)
Processed    40000/   57488 entries, 69.58% (elapsed time  4935.0s, curr speed    0.008 kHz, avg speed    0.008 kHz), accepted    38396/   40001 events (95.99%)
Processed    50000/   57488 entries, 86.97% (elapsed time  6164.7s, curr speed    0.008 kHz, avg speed    0.008 kHz), accepted    48007/   50001 events (96.01%)
Processed 57488 preselected entries from root://cms-xrd-global.cern.ch//store/mc/Run3Summer22NanoAODv12/Zto2Nu-4Jets_HT-800to1500_TuneCP5_13p6TeV_madgraphMLM-pythia8/NANOAODSIM/130X_mcRun3_2022_realistic_v5-v2/2520000/7e7e9019-4e6b-42b2-b550-b06264502b46.root (57488 entries). Finally selected 55200 entries
Done ./7e7e9019-4e6b-42b2-b550-b06264502b46_Skim.root
Total time 7465.5 sec. to process 57488 events. Rate = 7.7 Hz.
DONE
/tmp/lfavilla/ZJetsToNuNu_HT800to1500_2022/file25
hadd Target file: tree_hadd_25.root
hadd compression setting for all output: 1
hadd Source file 1: tree.root
hadd Source file 2: hist.root
hadd Target path: tree_hadd_25.root:/
hadd Target path: tree_hadd_25.root:/plots
/tmp/lfavilla/ZJetsToNuNu_HT800to1500_2022/file25
