Standalone environment set.
/tmp/lfavilla/ZJetsToNuNu_HT800to1500_2022/file11
hadd Target file: tree.root
hadd compression setting for all output: 1
hadd Source file 1: ./a84ecd5f-c04b-421b-8425-a22d7d210b6f_Skim.root
hadd Sources and Target have different compression levels
hadd merging will be slower
hadd Target path: tree.root:/
Will write selected trees to .
Pre-select 7085 entries out of 7085 (100.00%)
Processed 7085 preselected entries from root://cms-xrd-global.cern.ch//store/mc/Run3Summer22NanoAODv12/Zto2Nu-4Jets_HT-800to1500_TuneCP5_13p6TeV_madgraphMLM-pythia8/NANOAODSIM/130X_mcRun3_2022_realistic_v5-v2/2520000/a84ecd5f-c04b-421b-8425-a22d7d210b6f.root (7085 entries). Finally selected 6828 entries
Done ./a84ecd5f-c04b-421b-8425-a22d7d210b6f_Skim.root
Total time 868.4 sec. to process 7085 events. Rate = 8.2 Hz.
DONE
/tmp/lfavilla/ZJetsToNuNu_HT800to1500_2022/file11
hadd Target file: tree_hadd_11.root
hadd compression setting for all output: 1
hadd Source file 1: tree.root
hadd Source file 2: hist.root
hadd Target path: tree_hadd_11.root:/
hadd Target path: tree_hadd_11.root:/plots
/tmp/lfavilla/ZJetsToNuNu_HT800to1500_2022/file11
