000 (6855350.000.000) 07/01 18:10:40 Job submitted from host: <137.138.55.115:9618?addrs=137.138.55.115-9618+[2001-1458-d00-17--12a]-9618&alias=bigbird23.cern.ch&noUDP&sock=schedd_23881_f548>
...
040 (6855350.000.000) 07/01 18:12:43 Started transferring input files
	Transferring to host: <128.142.61.101:9618?addrs=128.142.61.101-9618+[2001-1458-301-23--100-64]-9618&alias=b9s06p0968.cern.ch&noUDP&sock=slot1_30_541609_4961_180143>
...
040 (6855350.000.000) 07/01 18:12:43 Finished transferring input files
...
001 (6855350.000.000) 07/01 18:12:44 Job executing on host: <128.142.61.101:9618?addrs=128.142.61.101-9618+[2001-1458-301-23--100-64]-9618&alias=b9s06p0968.cern.ch&noUDP&sock=startd_541570_8d78>
	SlotName: slot1_30@b9s06p0968.cern.ch
	CondorScratchDir = "/pool/condor/dir_795592"
	Cpus = 1
	Disk = 2894264
	Memory = 2000
...
006 (6855350.000.000) 07/01 18:12:52 Image size of job updated: 484952
	474  -  MemoryUsage of job (MB)
	484728  -  ResidentSetSize of job (KB)
...
006 (6855350.000.000) 07/01 18:17:52 Image size of job updated: 1666864
	1627  -  MemoryUsage of job (MB)
	1665812  -  ResidentSetSize of job (KB)
...
006 (6855350.000.000) 07/01 18:22:53 Image size of job updated: 1753980
	1712  -  MemoryUsage of job (MB)
	1752984  -  ResidentSetSize of job (KB)
...
006 (6855350.000.000) 07/01 18:27:53 Image size of job updated: 1852800
	1809  -  MemoryUsage of job (MB)
	1851712  -  ResidentSetSize of job (KB)
...
006 (6855350.000.000) 07/01 18:30:50 Image size of job updated: 2333948
	1809  -  MemoryUsage of job (MB)
	1851712  -  ResidentSetSize of job (KB)
...
040 (6855350.000.000) 07/01 18:30:50 Started transferring output files
...
040 (6855350.000.000) 07/01 18:30:50 Finished transferring output files
...
005 (6855350.000.000) 07/01 18:30:50 Job terminated.
	(1) Normal termination (return value 0)
		Usr 0 00:07:59, Sys 0 00:00:16  -  Run Remote Usage
		Usr 0 00:00:00, Sys 0 00:00:00  -  Run Local Usage
		Usr 0 00:07:59, Sys 0 00:00:16  -  Total Remote Usage
		Usr 0 00:00:00, Sys 0 00:00:00  -  Total Local Usage
	3244  -  Run Bytes Sent By Job
	11123  -  Run Bytes Received By Job
	3244  -  Total Bytes Sent By Job
	11123  -  Total Bytes Received By Job
	Partitionable Resources :     Usage  Request Allocated 
	   Cpus                 :      0.01        1         1 
	   Disk (KB)            : 215548          12   2894264 
	   Memory (MB)          :   1809        2000      2000 

	Job terminated of its own accord at 2024-07-01T16:30:50Z with exit-code 0.
...
